

================================================================
== Vitis HLS Report for 'apply_hardware_pooling'
================================================================
* Date:           Sat May 23 04:06:57 2026

* Version:        2025.2 (Build 6295257 on Nov 14 2025)
* Project:        Pooling_HLS
* Solution:       hls (Vivado IP Flow Target)
* Product family: zynq
* Target device:  xc7z020-clg400-1


================================================================
== Performance Estimates
================================================================
+ Timing: 
    * Summary: 
    +--------+----------+----------+------------+
    |  Clock |  Target  | Estimated| Uncertainty|
    +--------+----------+----------+------------+
    |ap_clk  |  10.00 ns|  7.300 ns|     2.70 ns|
    +--------+----------+----------+------------+

+ Latency: 
    * Summary: 
    +---------+---------+-----------+----------+-----+-----+---------+
    |  Latency (cycles) |  Latency (absolute)  |  Interval | Pipeline|
    |   min   |   max   |    min    |    max   | min | max |   Type  |
    +---------+---------+-----------+----------+-----+-----+---------+
    |        1|        ?|  10.000 ns|         ?|    2|    ?|       no|
    +---------+---------+-----------+----------+-----+-----+---------+

    + Detail: 
        * Instance: 
        N/A

        * Loop: 
        +----------+---------+---------+----------+-----------+-----------+-------+----------+
        |          |  Latency (cycles) | Iteration|  Initiation Interval  |  Trip |          |
        | Loop Name|   min   |   max   |  Latency |  achieved |   target  | Count | Pipelined|
        +----------+---------+---------+----------+-----------+-----------+-------+----------+
        |- Loop_Y  |        4|        ?|     4 ~ ?|          -|          -|  1 ~ ?|        no|
        +----------+---------+---------+----------+-----------+-----------+-------+----------+

============================================================
+ Verbose Summary: Synthesis Manager
============================================================
InlineROM: 1
ExposeGlobal: 0
============================================================
+ Verbose Summary: CDFG Model
============================================================
IsTopModel: 1
ResetActiveHigh: 1
IsCombinational: 0
IsDatapathOnly: 0
HasWiredReturn: 1
HasMFsm: 0
HasVarLatency: 1
IsPipeline: 0
IsRtlPipelined: 0
IsInstanceOverlapped: 0
IsDontTouch: 0
HasImplIP: 0
IsGatedGlobalClock: 0


============================================================
+ Verbose Summary: Schedule
============================================================
* Number of FSM states : 31
* Pipeline : 0
* Dataflow Pipeline: 0

* FSM state transitions: 
1 --> 2 
2 --> 3 
3 --> 4 
4 --> 5 31 
5 --> 6 
6 --> 7 
7 --> 8 
8 --> 9 
9 --> 10 
10 --> 11 
11 --> 12 
12 --> 13 
13 --> 14 
14 --> 15 
15 --> 16 
16 --> 17 
17 --> 18 
18 --> 19 
19 --> 20 
20 --> 21 
21 --> 22 
22 --> 23 
23 --> 24 
24 --> 25 
25 --> 26 
26 --> 27 
27 --> 28 
28 --> 29 
29 --> 30 
30 --> 31 
31 --> 2 

* FSM state operations: 

State 1 <SV = 0> <Delay = 6.80>
ST_1 : Operation 32 [1/1] (1.00ns)   --->   "%mode_read = read i32 @_ssdm_op_Read.s_axilite.i32, i32 %mode" [pooling.cpp:3]   --->   Operation 32 'read' 'mode_read' <Predicate = true> <Delay = 1.00> <CoreInst = "s_axilite">   --->   Core 112 's_axilite' <Latency = 0> <II = 1> <Delay = 1.00> <Adapter> <Opcode : 'read' 'write'>
ST_1 : Operation 33 [1/1] (1.00ns)   --->   "%hoogte_read = read i32 @_ssdm_op_Read.s_axilite.i32, i32 %hoogte" [pooling.cpp:3]   --->   Operation 33 'read' 'hoogte_read' <Predicate = true> <Delay = 1.00> <CoreInst = "s_axilite">   --->   Core 112 's_axilite' <Latency = 0> <II = 1> <Delay = 1.00> <Adapter> <Opcode : 'read' 'write'>
ST_1 : Operation 34 [1/1] (1.00ns)   --->   "%breedte_read = read i32 @_ssdm_op_Read.s_axilite.i32, i32 %breedte" [pooling.cpp:3]   --->   Operation 34 'read' 'breedte_read' <Predicate = true> <Delay = 1.00> <CoreInst = "s_axilite">   --->   Core 112 's_axilite' <Latency = 0> <II = 1> <Delay = 1.00> <Adapter> <Opcode : 'read' 'write'>
ST_1 : Operation 35 [1/1] (1.00ns)   --->   "%uitvoer_pixels_read = read i64 @_ssdm_op_Read.s_axilite.i64, i64 %uitvoer_pixels" [pooling.cpp:3]   --->   Operation 35 'read' 'uitvoer_pixels_read' <Predicate = true> <Delay = 1.00> <CoreInst = "s_axilite">   --->   Core 112 's_axilite' <Latency = 0> <II = 1> <Delay = 1.00> <Adapter> <Opcode : 'read' 'write'>
ST_1 : Operation 36 [1/1] (1.00ns)   --->   "%invoer_pixels_read = read i64 @_ssdm_op_Read.s_axilite.i64, i64 %invoer_pixels" [pooling.cpp:3]   --->   Operation 36 'read' 'invoer_pixels_read' <Predicate = true> <Delay = 1.00> <CoreInst = "s_axilite">   --->   Core 112 's_axilite' <Latency = 0> <II = 1> <Delay = 1.00> <Adapter> <Opcode : 'read' 'write'>
ST_1 : Operation 37 [1/1] (0.00ns)   --->   "%trunc_ln3 = trunc i32 %breedte_read" [pooling.cpp:3]   --->   Operation 37 'trunc' 'trunc_ln3' <Predicate = true> <Delay = 0.00>
ST_1 : Operation 38 [1/1] (0.00ns)   --->   "%trunc_ln3_1 = trunc i32 %hoogte_read" [pooling.cpp:3]   --->   Operation 38 'trunc' 'trunc_ln3_1' <Predicate = true> <Delay = 0.00>
ST_1 : Operation 39 [1/1] (0.00ns)   --->   "%spectopmodule_ln3 = spectopmodule void @_ssdm_op_SpecTopModule, void @empty_13" [pooling.cpp:3]   --->   Operation 39 'spectopmodule' 'spectopmodule_ln3' <Predicate = true> <Delay = 0.00>
ST_1 : Operation 40 [1/1] (0.00ns)   --->   "%specinterface_ln0 = specinterface void @_ssdm_op_SpecInterface, i32 %gmem_in, void @empty, i32 0, i32 0, void @empty_0, i32 0, i32 0, void @empty_1, void @empty_2, void @empty_0, i32 16, i32 16, i32 16, i32 16, void @empty_0, void @empty_0, i32 4294967295, i32 0, i32 0, i32 4"   --->   Operation 40 'specinterface' 'specinterface_ln0' <Predicate = true> <Delay = 0.00>
ST_1 : Operation 41 [1/1] (0.00ns)   --->   "%specbitsmap_ln0 = specbitsmap void @_ssdm_op_SpecBitsMap, i32 %gmem_in"   --->   Operation 41 'specbitsmap' 'specbitsmap_ln0' <Predicate = true> <Delay = 0.00>
ST_1 : Operation 42 [1/1] (0.00ns)   --->   "%specinterface_ln0 = specinterface void @_ssdm_op_SpecInterface, i32 %gmem_out, void @empty, i32 0, i32 0, void @empty_0, i32 0, i32 0, void @empty_3, void @empty_2, void @empty_0, i32 16, i32 16, i32 16, i32 16, void @empty_0, void @empty_0, i32 4294967295, i32 0, i32 0, i32 4"   --->   Operation 42 'specinterface' 'specinterface_ln0' <Predicate = true> <Delay = 0.00>
ST_1 : Operation 43 [1/1] (0.00ns)   --->   "%specbitsmap_ln0 = specbitsmap void @_ssdm_op_SpecBitsMap, i32 %gmem_out"   --->   Operation 43 'specbitsmap' 'specbitsmap_ln0' <Predicate = true> <Delay = 0.00>
ST_1 : Operation 44 [1/1] (0.00ns)   --->   "%specinterface_ln0 = specinterface void @_ssdm_op_SpecInterface, i64 %invoer_pixels, void @empty_4, i32 0, i32 0, void @empty_0, i32 0, i32 0, void @empty_5, void @empty_6, void @empty_0, i32 0, i32 0, i32 0, i32 0, void @empty_0, void @empty_7, i32 4294967295, i32 0, i32 0, i32 0"   --->   Operation 44 'specinterface' 'specinterface_ln0' <Predicate = true> <Delay = 0.00>
ST_1 : Operation 45 [1/1] (0.00ns)   --->   "%specinterface_ln0 = specinterface void @_ssdm_op_SpecInterface, i64 %invoer_pixels, void @empty_8, i32 0, i32 0, void @empty_0, i32 0, i32 0, void @empty_0, void @empty_0, void @empty_0, i32 0, i32 0, i32 0, i32 0, void @empty_0, void @empty_7, i32 4294967295, i32 0, i32 0, i32 0"   --->   Operation 45 'specinterface' 'specinterface_ln0' <Predicate = true> <Delay = 0.00>
ST_1 : Operation 46 [1/1] (0.00ns)   --->   "%specinterface_ln0 = specinterface void @_ssdm_op_SpecInterface, i64 %uitvoer_pixels, void @empty_4, i32 0, i32 0, void @empty_0, i32 0, i32 0, void @empty_5, void @empty_9, void @empty_0, i32 0, i32 0, i32 0, i32 0, void @empty_0, void @empty_7, i32 4294967295, i32 0, i32 0, i32 0"   --->   Operation 46 'specinterface' 'specinterface_ln0' <Predicate = true> <Delay = 0.00>
ST_1 : Operation 47 [1/1] (0.00ns)   --->   "%specinterface_ln0 = specinterface void @_ssdm_op_SpecInterface, i64 %uitvoer_pixels, void @empty_8, i32 0, i32 0, void @empty_0, i32 0, i32 0, void @empty_0, void @empty_0, void @empty_0, i32 0, i32 0, i32 0, i32 0, void @empty_0, void @empty_7, i32 4294967295, i32 0, i32 0, i32 0"   --->   Operation 47 'specinterface' 'specinterface_ln0' <Predicate = true> <Delay = 0.00>
ST_1 : Operation 48 [1/1] (0.00ns)   --->   "%specbitsmap_ln0 = specbitsmap void @_ssdm_op_SpecBitsMap, i32 %breedte"   --->   Operation 48 'specbitsmap' 'specbitsmap_ln0' <Predicate = true> <Delay = 0.00>
ST_1 : Operation 49 [1/1] (0.00ns)   --->   "%specinterface_ln0 = specinterface void @_ssdm_op_SpecInterface, i32 %breedte, void @empty_4, i32 4294967295, i32 4294967295, void @empty_0, i32 0, i32 0, void @empty_10, void @empty_6, void @empty_0, i32 0, i32 0, i32 0, i32 0, void @empty_0, void @empty_0, i32 4294967295, i32 0, i32 0, i32 0"   --->   Operation 49 'specinterface' 'specinterface_ln0' <Predicate = true> <Delay = 0.00>
ST_1 : Operation 50 [1/1] (0.00ns)   --->   "%specinterface_ln0 = specinterface void @_ssdm_op_SpecInterface, i32 %breedte, void @empty_8, i32 0, i32 0, void @empty_0, i32 0, i32 0, void @empty_0, void @empty_0, void @empty_0, i32 0, i32 0, i32 0, i32 0, void @empty_0, void @empty_0, i32 4294967295, i32 0, i32 0, i32 0"   --->   Operation 50 'specinterface' 'specinterface_ln0' <Predicate = true> <Delay = 0.00>
ST_1 : Operation 51 [1/1] (0.00ns)   --->   "%specbitsmap_ln0 = specbitsmap void @_ssdm_op_SpecBitsMap, i32 %hoogte"   --->   Operation 51 'specbitsmap' 'specbitsmap_ln0' <Predicate = true> <Delay = 0.00>
ST_1 : Operation 52 [1/1] (0.00ns)   --->   "%specinterface_ln0 = specinterface void @_ssdm_op_SpecInterface, i32 %hoogte, void @empty_4, i32 4294967295, i32 4294967295, void @empty_0, i32 0, i32 0, void @empty_10, void @empty_11, void @empty_0, i32 0, i32 0, i32 0, i32 0, void @empty_0, void @empty_0, i32 4294967295, i32 0, i32 0, i32 0"   --->   Operation 52 'specinterface' 'specinterface_ln0' <Predicate = true> <Delay = 0.00>
ST_1 : Operation 53 [1/1] (0.00ns)   --->   "%specinterface_ln0 = specinterface void @_ssdm_op_SpecInterface, i32 %hoogte, void @empty_8, i32 0, i32 0, void @empty_0, i32 0, i32 0, void @empty_0, void @empty_0, void @empty_0, i32 0, i32 0, i32 0, i32 0, void @empty_0, void @empty_0, i32 4294967295, i32 0, i32 0, i32 0"   --->   Operation 53 'specinterface' 'specinterface_ln0' <Predicate = true> <Delay = 0.00>
ST_1 : Operation 54 [1/1] (0.00ns)   --->   "%specbitsmap_ln0 = specbitsmap void @_ssdm_op_SpecBitsMap, i32 %mode"   --->   Operation 54 'specbitsmap' 'specbitsmap_ln0' <Predicate = true> <Delay = 0.00>
ST_1 : Operation 55 [1/1] (0.00ns)   --->   "%specinterface_ln0 = specinterface void @_ssdm_op_SpecInterface, i32 %mode, void @empty_4, i32 4294967295, i32 4294967295, void @empty_0, i32 0, i32 0, void @empty_10, void @empty_12, void @empty_0, i32 0, i32 0, i32 0, i32 0, void @empty_0, void @empty_0, i32 4294967295, i32 0, i32 0, i32 0"   --->   Operation 55 'specinterface' 'specinterface_ln0' <Predicate = true> <Delay = 0.00>
ST_1 : Operation 56 [1/1] (0.00ns)   --->   "%specinterface_ln0 = specinterface void @_ssdm_op_SpecInterface, i32 %mode, void @empty_8, i32 0, i32 0, void @empty_0, i32 0, i32 0, void @empty_0, void @empty_0, void @empty_0, i32 0, i32 0, i32 0, i32 0, void @empty_0, void @empty_0, i32 4294967295, i32 0, i32 0, i32 0"   --->   Operation 56 'specinterface' 'specinterface_ln0' <Predicate = true> <Delay = 0.00>
ST_1 : Operation 57 [1/1] (0.00ns)   --->   "%specinterface_ln0 = specinterface void @_ssdm_op_SpecInterface, i32 0, void @empty_4, i32 0, i32 0, void @empty_0, i32 0, i32 0, void @empty_10, void @empty_0, void @empty_0, i32 0, i32 0, i32 0, i32 0, void @empty_0, void @empty_0, i32 0, i32 0, i32 0, i32 0"   --->   Operation 57 'specinterface' 'specinterface_ln0' <Predicate = true> <Delay = 0.00>
ST_1 : Operation 58 [1/1] (0.00ns)   --->   "%rij_buffer_0 = alloca i64 1" [pooling.cpp:19]   --->   Operation 58 'alloca' 'rij_buffer_0' <Predicate = true> <Delay = 0.00>
ST_1 : Operation 59 [1/1] (0.00ns)   --->   "%rij_buffer_1 = alloca i64 1" [pooling.cpp:20]   --->   Operation 59 'alloca' 'rij_buffer_1' <Predicate = true> <Delay = 0.00>
ST_1 : Operation 60 [1/1] (0.00ns)   --->   "%tmp = bitselect i1 @_ssdm_op_BitSelect.i1.i32.i32, i32 %breedte_read, i32 31" [pooling.cpp:85]   --->   Operation 60 'bitselect' 'tmp' <Predicate = true> <Delay = 0.00>
ST_1 : Operation 61 [1/1] (2.55ns)   --->   "%sub_ln85 = sub i32 0, i32 %breedte_read" [pooling.cpp:85]   --->   Operation 61 'sub' 'sub_ln85' <Predicate = true> <Delay = 2.55> <CoreInst = "Adder">   --->   Core 1 'Adder' <Latency = 0> <II = 1> <Delay = 2.55> <FuncUnit> <Opcode : 'add' 'sub'> <InPorts = 2> <OutPorts = 1>
ST_1 : Operation 62 [1/1] (0.00ns)   --->   "%lshr_ln85_1 = partselect i31 @_ssdm_op_PartSelect.i31.i32.i32.i32, i32 %sub_ln85, i32 1, i32 31" [pooling.cpp:85]   --->   Operation 62 'partselect' 'lshr_ln85_1' <Predicate = true> <Delay = 0.00>
ST_1 : Operation 63 [1/1] (2.52ns)   --->   "%sub_ln85_1 = sub i31 0, i31 %lshr_ln85_1" [pooling.cpp:85]   --->   Operation 63 'sub' 'sub_ln85_1' <Predicate = true> <Delay = 2.52> <CoreInst = "Adder">   --->   Core 1 'Adder' <Latency = 0> <II = 1> <Delay = 2.52> <FuncUnit> <Opcode : 'add' 'sub'> <InPorts = 2> <OutPorts = 1>
ST_1 : Operation 64 [1/1] (0.00ns)   --->   "%lshr_ln85_2 = partselect i31 @_ssdm_op_PartSelect.i31.i32.i32.i32, i32 %breedte_read, i32 1, i32 31" [pooling.cpp:85]   --->   Operation 64 'partselect' 'lshr_ln85_2' <Predicate = true> <Delay = 0.00>
ST_1 : Operation 65 [1/1] (0.73ns)   --->   "%select_ln85 = select i1 %tmp, i31 %sub_ln85_1, i31 %lshr_ln85_2" [pooling.cpp:85]   --->   Operation 65 'select' 'select_ln85' <Predicate = true> <Delay = 0.73> <CoreInst = "Sel">   --->   Core 73 'Sel' <Latency = 0> <II = 1> <Delay = 0.73> <FuncUnit> <Opcode : 'select'> <InPorts = 3> <OutPorts = 1>
ST_1 : Operation 66 [1/1] (2.55ns)   --->   "%icmp_ln25 = icmp_sgt  i32 %hoogte_read, i32 0" [pooling.cpp:25]   --->   Operation 66 'icmp' 'icmp_ln25' <Predicate = true> <Delay = 2.55> <CoreInst = "Cmp">   --->   Core 9 'Cmp' <Latency = 0> <II = 1> <Delay = 2.55> <FuncUnit> <Opcode : 'seteq' 'setne' 'setle' 'setge' 'setlt' 'setgt'> <InPorts = 2> <OutPorts = 1>
ST_1 : Operation 67 [1/1] (0.00ns)   --->   "%br_ln25 = br i1 %icmp_ln25, void %for.end125, void %Read_Rij0.lr.ph" [pooling.cpp:25]   --->   Operation 67 'br' 'br_ln25' <Predicate = true> <Delay = 0.00>
ST_1 : Operation 68 [1/1] (0.00ns)   --->   "%output_y = alloca i32 1" [pooling.cpp:22]   --->   Operation 68 'alloca' 'output_y' <Predicate = (icmp_ln25)> <Delay = 0.00>
ST_1 : Operation 69 [1/1] (2.55ns)   --->   "%icmp_ln28 = icmp_sgt  i32 %breedte_read, i32 0" [pooling.cpp:28]   --->   Operation 69 'icmp' 'icmp_ln28' <Predicate = (icmp_ln25)> <Delay = 2.55> <CoreInst = "Cmp">   --->   Core 9 'Cmp' <Latency = 0> <II = 1> <Delay = 2.55> <FuncUnit> <Opcode : 'seteq' 'setne' 'setle' 'setge' 'setlt' 'setgt'> <InPorts = 2> <OutPorts = 1>
ST_1 : Operation 70 [1/1] (2.55ns)   --->   "%add_ln25 = add i32 %breedte_read, i32 4294967295" [pooling.cpp:25]   --->   Operation 70 'add' 'add_ln25' <Predicate = (icmp_ln25)> <Delay = 2.55> <CoreInst = "Adder">   --->   Core 1 'Adder' <Latency = 0> <II = 1> <Delay = 2.55> <FuncUnit> <Opcode : 'add' 'sub'> <InPorts = 2> <OutPorts = 1>
ST_1 : Operation 71 [1/1] (0.00ns)   --->   "%lshr_ln = partselect i31 @_ssdm_op_PartSelect.i31.i32.i32.i32, i32 %add_ln25, i32 1, i32 31" [pooling.cpp:25]   --->   Operation 71 'partselect' 'lshr_ln' <Predicate = (icmp_ln25)> <Delay = 0.00>
ST_1 : Operation 72 [1/1] (0.00ns)   --->   "%zext_ln25 = zext i31 %lshr_ln" [pooling.cpp:25]   --->   Operation 72 'zext' 'zext_ln25' <Predicate = (icmp_ln25)> <Delay = 0.00>
ST_1 : Operation 73 [1/1] (2.52ns)   --->   "%add_ln25_1 = add i32 %zext_ln25, i32 1" [pooling.cpp:25]   --->   Operation 73 'add' 'add_ln25_1' <Predicate = (icmp_ln25)> <Delay = 2.52> <CoreInst = "Adder">   --->   Core 1 'Adder' <Latency = 0> <II = 1> <Delay = 2.52> <FuncUnit> <Opcode : 'add' 'sub'> <InPorts = 2> <OutPorts = 1>
ST_1 : Operation 74 [1/1] (2.52ns)   --->   "%add_ln25_2 = add i31 %trunc_ln3_1, i31 2147483647" [pooling.cpp:25]   --->   Operation 74 'add' 'add_ln25_2' <Predicate = (icmp_ln25)> <Delay = 2.52> <CoreInst = "Adder">   --->   Core 1 'Adder' <Latency = 0> <II = 1> <Delay = 2.52> <FuncUnit> <Opcode : 'add' 'sub'> <InPorts = 2> <OutPorts = 1>
ST_1 : Operation 75 [1/1] (0.00ns)   --->   "%lshr_ln25_1 = partselect i30 @_ssdm_op_PartSelect.i30.i31.i32.i32, i31 %add_ln25_2, i32 1, i32 30" [pooling.cpp:25]   --->   Operation 75 'partselect' 'lshr_ln25_1' <Predicate = (icmp_ln25)> <Delay = 0.00>
ST_1 : Operation 76 [1/1] (0.00ns)   --->   "%zext_ln25_1 = zext i30 %lshr_ln25_1" [pooling.cpp:25]   --->   Operation 76 'zext' 'zext_ln25_1' <Predicate = (icmp_ln25)> <Delay = 0.00>
ST_1 : Operation 77 [1/1] (2.49ns)   --->   "%add_ln25_3 = add i31 %zext_ln25_1, i31 1" [pooling.cpp:25]   --->   Operation 77 'add' 'add_ln25_3' <Predicate = (icmp_ln25)> <Delay = 2.49> <CoreInst = "Adder">   --->   Core 1 'Adder' <Latency = 0> <II = 1> <Delay = 2.49> <FuncUnit> <Opcode : 'add' 'sub'> <InPorts = 2> <OutPorts = 1>
ST_1 : Operation 78 [1/1] (0.00ns)   --->   "%zext_ln28 = zext i32 %breedte_read" [pooling.cpp:28]   --->   Operation 78 'zext' 'zext_ln28' <Predicate = (icmp_ln25)> <Delay = 0.00>
ST_1 : Operation 79 [1/1] (0.00ns)   --->   "%zext_ln40 = zext i32 %add_ln25_1" [pooling.cpp:40]   --->   Operation 79 'zext' 'zext_ln40' <Predicate = (icmp_ln25)> <Delay = 0.00>
ST_1 : Operation 80 [1/1] (0.00ns)   --->   "%sext_ln30 = sext i31 %select_ln85" [pooling.cpp:30]   --->   Operation 80 'sext' 'sext_ln30' <Predicate = (icmp_ln25)> <Delay = 0.00>
ST_1 : Operation 81 [1/1] (0.00ns)   --->   "%zext_ln30 = zext i32 %sext_ln30" [pooling.cpp:30]   --->   Operation 81 'zext' 'zext_ln30' <Predicate = (icmp_ln25)> <Delay = 0.00>
ST_1 : Operation 82 [1/1] (0.00ns)   --->   "%zext_ln30_1 = zext i32 %breedte_read" [pooling.cpp:30]   --->   Operation 82 'zext' 'zext_ln30_1' <Predicate = (icmp_ln25)> <Delay = 0.00>
ST_1 : Operation 83 [1/1] (0.00ns)   --->   "%zext_ln30_2 = zext i32 %breedte_read" [pooling.cpp:30]   --->   Operation 83 'zext' 'zext_ln30_2' <Predicate = (icmp_ln25)> <Delay = 0.00>
ST_1 : Operation 84 [1/1] (1.58ns)   --->   "%store_ln22 = store i31 0, i31 %output_y" [pooling.cpp:22]   --->   Operation 84 'store' 'store_ln22' <Predicate = (icmp_ln25)> <Delay = 1.58>
ST_1 : Operation 85 [1/1] (0.00ns)   --->   "%br_ln25 = br void %Read_Rij0" [pooling.cpp:25]   --->   Operation 85 'br' 'br_ln25' <Predicate = (icmp_ln25)> <Delay = 0.00>

State 2 <SV = 1> <Delay = 6.91>
ST_2 : Operation 86 [1/1] (0.00ns)   --->   "%output_y_1 = load i31 %output_y" [pooling.cpp:89]   --->   Operation 86 'load' 'output_y_1' <Predicate = (icmp_ln25)> <Delay = 0.00>
ST_2 : Operation 87 [1/1] (2.52ns)   --->   "%icmp_ln25_1 = icmp_eq  i31 %output_y_1, i31 %add_ln25_3" [pooling.cpp:25]   --->   Operation 87 'icmp' 'icmp_ln25_1' <Predicate = (icmp_ln25)> <Delay = 2.52> <CoreInst = "Cmp">   --->   Core 9 'Cmp' <Latency = 0> <II = 1> <Delay = 2.52> <FuncUnit> <Opcode : 'seteq' 'setne' 'setle' 'setge' 'setlt' 'setgt'> <InPorts = 2> <OutPorts = 1>
ST_2 : Operation 88 [1/1] (0.00ns)   --->   "%empty = speclooptripcount i32 @_ssdm_op_SpecLoopTripCount, i64 1, i64 18446744073709551615, i64 0"   --->   Operation 88 'speclooptripcount' 'empty' <Predicate = (icmp_ln25)> <Delay = 0.00>
ST_2 : Operation 89 [1/1] (2.52ns)   --->   "%add_ln89 = add i31 %output_y_1, i31 1" [pooling.cpp:89]   --->   Operation 89 'add' 'add_ln89' <Predicate = (icmp_ln25)> <Delay = 2.52> <CoreInst = "Adder">   --->   Core 1 'Adder' <Latency = 0> <II = 1> <Delay = 2.52> <FuncUnit> <Opcode : 'add' 'sub'> <InPorts = 2> <OutPorts = 1>
ST_2 : Operation 90 [1/1] (0.00ns)   --->   "%br_ln25 = br i1 %icmp_ln25_1, void %Read_Rij0.split, void %for.end125.loopexit" [pooling.cpp:25]   --->   Operation 90 'br' 'br_ln25' <Predicate = (icmp_ln25)> <Delay = 0.00>
ST_2 : Operation 91 [1/1] (0.00ns)   --->   "%trunc_ln30 = trunc i31 %output_y_1" [pooling.cpp:30]   --->   Operation 91 'trunc' 'trunc_ln30' <Predicate = (icmp_ln25 & !icmp_ln25_1)> <Delay = 0.00>
ST_2 : Operation 92 [1/1] (0.00ns)   --->   "%zext_ln30_3 = zext i30 %trunc_ln30" [pooling.cpp:30]   --->   Operation 92 'zext' 'zext_ln30_3' <Predicate = (icmp_ln25 & !icmp_ln25_1)> <Delay = 0.00>
ST_2 : Operation 93 [2/2] (6.91ns)   --->   "%mul_ln30 = mul i62 %zext_ln30_3, i62 %zext_ln30" [pooling.cpp:30]   --->   Operation 93 'mul' 'mul_ln30' <Predicate = (icmp_ln25 & !icmp_ln25_1)> <Delay = 6.91> <CoreInst = "Multiplier">   --->   Core 3 'Multiplier' <Latency = 1> <II = 1> <Delay = 6.91> <FuncUnit> <Opcode : 'mul'> <InPorts = 2> <OutPorts = 1>
ST_2 : Operation 94 [1/1] (0.00ns)   --->   "%zext_ln30_4 = zext i30 %trunc_ln30" [pooling.cpp:30]   --->   Operation 94 'zext' 'zext_ln30_4' <Predicate = (icmp_ln25 & !icmp_ln25_1)> <Delay = 0.00>
ST_2 : Operation 95 [2/2] (6.91ns)   --->   "%mul_ln30_1 = mul i61 %zext_ln30_4, i61 %zext_ln30_1" [pooling.cpp:30]   --->   Operation 95 'mul' 'mul_ln30_1' <Predicate = (icmp_ln25 & !icmp_ln25_1)> <Delay = 6.91> <CoreInst = "Multiplier">   --->   Core 3 'Multiplier' <Latency = 1> <II = 1> <Delay = 6.91> <FuncUnit> <Opcode : 'mul'> <InPorts = 2> <OutPorts = 1>
ST_2 : Operation 96 [1/1] (0.00ns)   --->   "%br_ln0 = br void %for.end125"   --->   Operation 96 'br' 'br_ln0' <Predicate = (icmp_ln25 & icmp_ln25_1)> <Delay = 0.00>
ST_2 : Operation 97 [1/1] (0.00ns)   --->   "%ret_ln91 = ret" [pooling.cpp:91]   --->   Operation 97 'ret' 'ret_ln91' <Predicate = (icmp_ln25_1) | (!icmp_ln25)> <Delay = 0.00>

State 3 <SV = 2> <Delay = 6.91>
ST_3 : Operation 98 [1/2] (6.91ns)   --->   "%mul_ln30 = mul i62 %zext_ln30_3, i62 %zext_ln30" [pooling.cpp:30]   --->   Operation 98 'mul' 'mul_ln30' <Predicate = true> <Delay = 6.91> <CoreInst = "Multiplier">   --->   Core 3 'Multiplier' <Latency = 1> <II = 1> <Delay = 6.91> <FuncUnit> <Opcode : 'mul'> <InPorts = 2> <OutPorts = 1>
ST_3 : Operation 99 [1/2] (6.91ns)   --->   "%mul_ln30_1 = mul i61 %zext_ln30_4, i61 %zext_ln30_1" [pooling.cpp:30]   --->   Operation 99 'mul' 'mul_ln30_1' <Predicate = true> <Delay = 6.91> <CoreInst = "Multiplier">   --->   Core 3 'Multiplier' <Latency = 1> <II = 1> <Delay = 6.91> <FuncUnit> <Opcode : 'mul'> <InPorts = 2> <OutPorts = 1>

State 4 <SV = 3> <Delay = 6.98>
ST_4 : Operation 100 [1/1] (0.00ns)   --->   "%specloopname_ln25 = specloopname void @_ssdm_op_SpecLoopName, void @empty_17" [pooling.cpp:25]   --->   Operation 100 'specloopname' 'specloopname_ln25' <Predicate = true> <Delay = 0.00>
ST_4 : Operation 101 [1/1] (0.00ns)   --->   "%shl_ln = bitconcatenate i64 @_ssdm_op_BitConcatenate.i64.i62.i2, i62 %mul_ln30, i2 0" [pooling.cpp:30]   --->   Operation 101 'bitconcatenate' 'shl_ln' <Predicate = true> <Delay = 0.00>
ST_4 : Operation 102 [1/1] (3.52ns)   --->   "%add_ln30 = add i64 %shl_ln, i64 %uitvoer_pixels_read" [pooling.cpp:30]   --->   Operation 102 'add' 'add_ln30' <Predicate = true> <Delay = 3.52> <CoreInst = "Adder">   --->   Core 1 'Adder' <Latency = 0> <II = 1> <Delay = 3.52> <FuncUnit> <Opcode : 'add' 'sub'> <InPorts = 2> <OutPorts = 1>
ST_4 : Operation 103 [1/1] (0.00ns)   --->   "%shl_ln30_1 = bitconcatenate i62 @_ssdm_op_BitConcatenate.i62.i61.i1, i61 %mul_ln30_1, i1 0" [pooling.cpp:30]   --->   Operation 103 'bitconcatenate' 'shl_ln30_1' <Predicate = true> <Delay = 0.00>
ST_4 : Operation 104 [1/1] (3.46ns)   --->   "%add_ln30_1 = add i62 %shl_ln30_1, i62 %zext_ln30_2" [pooling.cpp:30]   --->   Operation 104 'add' 'add_ln30_1' <Predicate = true> <Delay = 3.46> <CoreInst = "Adder">   --->   Core 1 'Adder' <Latency = 0> <II = 1> <Delay = 3.46> <FuncUnit> <Opcode : 'add' 'sub'> <InPorts = 2> <OutPorts = 1>
ST_4 : Operation 105 [1/1] (0.00ns)   --->   "%shl_ln30_2 = bitconcatenate i64 @_ssdm_op_BitConcatenate.i64.i62.i2, i62 %add_ln30_1, i2 0" [pooling.cpp:30]   --->   Operation 105 'bitconcatenate' 'shl_ln30_2' <Predicate = true> <Delay = 0.00>
ST_4 : Operation 106 [1/1] (3.52ns)   --->   "%add_ln30_2 = add i64 %shl_ln30_2, i64 %invoer_pixels_read" [pooling.cpp:30]   --->   Operation 106 'add' 'add_ln30_2' <Predicate = true> <Delay = 3.52> <CoreInst = "Adder">   --->   Core 1 'Adder' <Latency = 0> <II = 1> <Delay = 3.52> <FuncUnit> <Opcode : 'add' 'sub'> <InPorts = 2> <OutPorts = 1>
ST_4 : Operation 107 [1/1] (0.00ns)   --->   "%shl_ln30_3 = bitconcatenate i64 @_ssdm_op_BitConcatenate.i64.i61.i3, i61 %mul_ln30_1, i3 0" [pooling.cpp:30]   --->   Operation 107 'bitconcatenate' 'shl_ln30_3' <Predicate = true> <Delay = 0.00>
ST_4 : Operation 108 [1/1] (3.52ns)   --->   "%add_ln30_3 = add i64 %shl_ln30_3, i64 %invoer_pixels_read" [pooling.cpp:30]   --->   Operation 108 'add' 'add_ln30_3' <Predicate = true> <Delay = 3.52> <CoreInst = "Adder">   --->   Core 1 'Adder' <Latency = 0> <II = 1> <Delay = 3.52> <FuncUnit> <Opcode : 'add' 'sub'> <InPorts = 2> <OutPorts = 1>
ST_4 : Operation 109 [1/1] (0.00ns)   --->   "%br_ln28 = br i1 %icmp_ln28, void %for.inc123, void %for.inc.lr.ph" [pooling.cpp:28]   --->   Operation 109 'br' 'br_ln28' <Predicate = true> <Delay = 0.00>
ST_4 : Operation 110 [1/1] (0.00ns)   --->   "%trunc_ln2 = partselect i62 @_ssdm_op_PartSelect.i62.i64.i32.i32, i64 %add_ln30_3, i32 2, i32 63" [pooling.cpp:28]   --->   Operation 110 'partselect' 'trunc_ln2' <Predicate = (icmp_ln28)> <Delay = 0.00>
ST_4 : Operation 111 [1/1] (0.00ns)   --->   "%trunc_ln4 = partselect i62 @_ssdm_op_PartSelect.i62.i64.i32.i32, i64 %add_ln30_2, i32 2, i32 63" [pooling.cpp:32]   --->   Operation 111 'partselect' 'trunc_ln4' <Predicate = (icmp_ln28)> <Delay = 0.00>
ST_4 : Operation 112 [1/1] (0.00ns)   --->   "%trunc_ln5 = partselect i62 @_ssdm_op_PartSelect.i62.i64.i32.i32, i64 %add_ln30, i32 2, i32 63" [pooling.cpp:40]   --->   Operation 112 'partselect' 'trunc_ln5' <Predicate = (icmp_ln28)> <Delay = 0.00>

State 5 <SV = 4> <Delay = 7.30>
ST_5 : Operation 113 [1/1] (0.00ns)   --->   "%sext_ln28 = sext i62 %trunc_ln2" [pooling.cpp:28]   --->   Operation 113 'sext' 'sext_ln28' <Predicate = true> <Delay = 0.00>
ST_5 : Operation 114 [1/1] (0.00ns)   --->   "%gmem_in_addr = getelementptr i32 %gmem_in, i64 %sext_ln28" [pooling.cpp:28]   --->   Operation 114 'getelementptr' 'gmem_in_addr' <Predicate = true> <Delay = 0.00>
ST_5 : Operation 115 [8/8] (7.30ns)   --->   "%empty_33 = readreq i1 @_ssdm_op_ReadReq.m_axi.p1i32, i32 %gmem_in_addr, i64 %zext_ln28" [pooling.cpp:28]   --->   Operation 115 'readreq' 'empty_33' <Predicate = true> <Delay = 7.30> <CoreInst = "m_axi">   --->   Core 111 'm_axi' <Latency = 6> <II = 1> <Delay = 1.00> <Adapter> <Opcode : 'readrequnaligned' 'writerequnaligned' 'read' 'write' 'readreq' 'writereq' 'writeresp'>
ST_5 : Operation 116 [1/1] (0.00ns)   --->   "%sext_ln40 = sext i62 %trunc_ln5" [pooling.cpp:40]   --->   Operation 116 'sext' 'sext_ln40' <Predicate = true> <Delay = 0.00>
ST_5 : Operation 117 [1/1] (0.00ns)   --->   "%gmem_out_addr = getelementptr i32 %gmem_out, i64 %sext_ln40" [pooling.cpp:40]   --->   Operation 117 'getelementptr' 'gmem_out_addr' <Predicate = true> <Delay = 0.00>
ST_5 : Operation 118 [1/1] ( I:7.30ns O:7.30ns )   --->   "%empty_35 = writereq i1 @_ssdm_op_WriteReq.m_axi.p1i32, i32 %gmem_out_addr, i64 %zext_ln40" [pooling.cpp:40]   --->   Operation 118 'writereq' 'empty_35' <Predicate = true> <Delay = 7.30> <CoreInst = "m_axi">   --->   Core 111 'm_axi' <Latency = 9> <II = 1> <Delay = 1.00> <Adapter> <Opcode : 'readrequnaligned' 'writerequnaligned' 'read' 'write' 'readreq' 'writereq' 'writeresp'>

State 6 <SV = 5> <Delay = 0.00>
ST_6 : Operation 119 [7/8] (7.30ns)   --->   "%empty_33 = readreq i1 @_ssdm_op_ReadReq.m_axi.p1i32, i32 %gmem_in_addr, i64 %zext_ln28" [pooling.cpp:28]   --->   Operation 119 'readreq' 'empty_33' <Predicate = true> <Delay = 7.30> <CoreInst = "m_axi">   --->   Core 111 'm_axi' <Latency = 6> <II = 1> <Delay = 1.00> <Adapter> <Opcode : 'readrequnaligned' 'writerequnaligned' 'read' 'write' 'readreq' 'writereq' 'writeresp'>

State 7 <SV = 6> <Delay = 0.00>
ST_7 : Operation 120 [6/8] (7.30ns)   --->   "%empty_33 = readreq i1 @_ssdm_op_ReadReq.m_axi.p1i32, i32 %gmem_in_addr, i64 %zext_ln28" [pooling.cpp:28]   --->   Operation 120 'readreq' 'empty_33' <Predicate = true> <Delay = 7.30> <CoreInst = "m_axi">   --->   Core 111 'm_axi' <Latency = 6> <II = 1> <Delay = 1.00> <Adapter> <Opcode : 'readrequnaligned' 'writerequnaligned' 'read' 'write' 'readreq' 'writereq' 'writeresp'>

State 8 <SV = 7> <Delay = 0.00>
ST_8 : Operation 121 [5/8] (7.30ns)   --->   "%empty_33 = readreq i1 @_ssdm_op_ReadReq.m_axi.p1i32, i32 %gmem_in_addr, i64 %zext_ln28" [pooling.cpp:28]   --->   Operation 121 'readreq' 'empty_33' <Predicate = true> <Delay = 7.30> <CoreInst = "m_axi">   --->   Core 111 'm_axi' <Latency = 6> <II = 1> <Delay = 1.00> <Adapter> <Opcode : 'readrequnaligned' 'writerequnaligned' 'read' 'write' 'readreq' 'writereq' 'writeresp'>

State 9 <SV = 8> <Delay = 0.00>
ST_9 : Operation 122 [4/8] (7.30ns)   --->   "%empty_33 = readreq i1 @_ssdm_op_ReadReq.m_axi.p1i32, i32 %gmem_in_addr, i64 %zext_ln28" [pooling.cpp:28]   --->   Operation 122 'readreq' 'empty_33' <Predicate = true> <Delay = 7.30> <CoreInst = "m_axi">   --->   Core 111 'm_axi' <Latency = 6> <II = 1> <Delay = 1.00> <Adapter> <Opcode : 'readrequnaligned' 'writerequnaligned' 'read' 'write' 'readreq' 'writereq' 'writeresp'>

State 10 <SV = 9> <Delay = 0.00>
ST_10 : Operation 123 [3/8] (7.30ns)   --->   "%empty_33 = readreq i1 @_ssdm_op_ReadReq.m_axi.p1i32, i32 %gmem_in_addr, i64 %zext_ln28" [pooling.cpp:28]   --->   Operation 123 'readreq' 'empty_33' <Predicate = true> <Delay = 7.30> <CoreInst = "m_axi">   --->   Core 111 'm_axi' <Latency = 6> <II = 1> <Delay = 1.00> <Adapter> <Opcode : 'readrequnaligned' 'writerequnaligned' 'read' 'write' 'readreq' 'writereq' 'writeresp'>

State 11 <SV = 10> <Delay = 0.00>
ST_11 : Operation 124 [2/8] (7.30ns)   --->   "%empty_33 = readreq i1 @_ssdm_op_ReadReq.m_axi.p1i32, i32 %gmem_in_addr, i64 %zext_ln28" [pooling.cpp:28]   --->   Operation 124 'readreq' 'empty_33' <Predicate = true> <Delay = 7.30> <CoreInst = "m_axi">   --->   Core 111 'm_axi' <Latency = 6> <II = 1> <Delay = 1.00> <Adapter> <Opcode : 'readrequnaligned' 'writerequnaligned' 'read' 'write' 'readreq' 'writereq' 'writeresp'>

State 12 <SV = 11> <Delay = 7.30>
ST_12 : Operation 125 [1/8] ( I:7.30ns O:7.30ns )   --->   "%empty_33 = readreq i1 @_ssdm_op_ReadReq.m_axi.p1i32, i32 %gmem_in_addr, i64 %zext_ln28" [pooling.cpp:28]   --->   Operation 125 'readreq' 'empty_33' <Predicate = true> <Delay = 7.30> <CoreInst = "m_axi">   --->   Core 111 'm_axi' <Latency = 6> <II = 1> <Delay = 1.00> <Adapter> <Opcode : 'readrequnaligned' 'writerequnaligned' 'read' 'write' 'readreq' 'writereq' 'writeresp'>

State 13 <SV = 12> <Delay = 4.11>
ST_13 : Operation 126 [2/2] (4.11ns)   --->   "%call_ln3 = call void @apply_hardware_pooling_Pipeline_Read_Rij0, i32 %gmem_in, i31 %trunc_ln3, i62 %trunc_ln2, i24 %rij_buffer_0" [pooling.cpp:3]   --->   Operation 126 'call' 'call_ln3' <Predicate = true> <Delay = 4.11> <CoreType = "Generic">   --->   Generic Core

State 14 <SV = 13> <Delay = 0.00>
ST_14 : Operation 127 [1/2] (0.00ns)   --->   "%call_ln3 = call void @apply_hardware_pooling_Pipeline_Read_Rij0, i32 %gmem_in, i31 %trunc_ln3, i62 %trunc_ln2, i24 %rij_buffer_0" [pooling.cpp:3]   --->   Operation 127 'call' 'call_ln3' <Predicate = true> <Delay = 0.00> <CoreType = "Generic">   --->   Generic Core

State 15 <SV = 14> <Delay = 7.30>
ST_15 : Operation 128 [1/1] (0.00ns)   --->   "%sext_ln32 = sext i62 %trunc_ln4" [pooling.cpp:32]   --->   Operation 128 'sext' 'sext_ln32' <Predicate = true> <Delay = 0.00>
ST_15 : Operation 129 [1/1] (0.00ns)   --->   "%gmem_in_addr_1 = getelementptr i32 %gmem_in, i64 %sext_ln32" [pooling.cpp:32]   --->   Operation 129 'getelementptr' 'gmem_in_addr_1' <Predicate = true> <Delay = 0.00>
ST_15 : Operation 130 [8/8] (7.30ns)   --->   "%empty_34 = readreq i1 @_ssdm_op_ReadReq.m_axi.p1i32, i32 %gmem_in_addr_1, i64 %zext_ln28" [pooling.cpp:32]   --->   Operation 130 'readreq' 'empty_34' <Predicate = true> <Delay = 7.30> <CoreInst = "m_axi">   --->   Core 111 'm_axi' <Latency = 6> <II = 1> <Delay = 1.00> <Adapter> <Opcode : 'readrequnaligned' 'writerequnaligned' 'read' 'write' 'readreq' 'writereq' 'writeresp'>

State 16 <SV = 15> <Delay = 0.00>
ST_16 : Operation 131 [7/8] (7.30ns)   --->   "%empty_34 = readreq i1 @_ssdm_op_ReadReq.m_axi.p1i32, i32 %gmem_in_addr_1, i64 %zext_ln28" [pooling.cpp:32]   --->   Operation 131 'readreq' 'empty_34' <Predicate = true> <Delay = 7.30> <CoreInst = "m_axi">   --->   Core 111 'm_axi' <Latency = 6> <II = 1> <Delay = 1.00> <Adapter> <Opcode : 'readrequnaligned' 'writerequnaligned' 'read' 'write' 'readreq' 'writereq' 'writeresp'>

State 17 <SV = 16> <Delay = 0.00>
ST_17 : Operation 132 [6/8] (7.30ns)   --->   "%empty_34 = readreq i1 @_ssdm_op_ReadReq.m_axi.p1i32, i32 %gmem_in_addr_1, i64 %zext_ln28" [pooling.cpp:32]   --->   Operation 132 'readreq' 'empty_34' <Predicate = true> <Delay = 7.30> <CoreInst = "m_axi">   --->   Core 111 'm_axi' <Latency = 6> <II = 1> <Delay = 1.00> <Adapter> <Opcode : 'readrequnaligned' 'writerequnaligned' 'read' 'write' 'readreq' 'writereq' 'writeresp'>

State 18 <SV = 17> <Delay = 0.00>
ST_18 : Operation 133 [5/8] (7.30ns)   --->   "%empty_34 = readreq i1 @_ssdm_op_ReadReq.m_axi.p1i32, i32 %gmem_in_addr_1, i64 %zext_ln28" [pooling.cpp:32]   --->   Operation 133 'readreq' 'empty_34' <Predicate = true> <Delay = 7.30> <CoreInst = "m_axi">   --->   Core 111 'm_axi' <Latency = 6> <II = 1> <Delay = 1.00> <Adapter> <Opcode : 'readrequnaligned' 'writerequnaligned' 'read' 'write' 'readreq' 'writereq' 'writeresp'>

State 19 <SV = 18> <Delay = 0.00>
ST_19 : Operation 134 [4/8] (7.30ns)   --->   "%empty_34 = readreq i1 @_ssdm_op_ReadReq.m_axi.p1i32, i32 %gmem_in_addr_1, i64 %zext_ln28" [pooling.cpp:32]   --->   Operation 134 'readreq' 'empty_34' <Predicate = true> <Delay = 7.30> <CoreInst = "m_axi">   --->   Core 111 'm_axi' <Latency = 6> <II = 1> <Delay = 1.00> <Adapter> <Opcode : 'readrequnaligned' 'writerequnaligned' 'read' 'write' 'readreq' 'writereq' 'writeresp'>

State 20 <SV = 19> <Delay = 0.00>
ST_20 : Operation 135 [3/8] (7.30ns)   --->   "%empty_34 = readreq i1 @_ssdm_op_ReadReq.m_axi.p1i32, i32 %gmem_in_addr_1, i64 %zext_ln28" [pooling.cpp:32]   --->   Operation 135 'readreq' 'empty_34' <Predicate = true> <Delay = 7.30> <CoreInst = "m_axi">   --->   Core 111 'm_axi' <Latency = 6> <II = 1> <Delay = 1.00> <Adapter> <Opcode : 'readrequnaligned' 'writerequnaligned' 'read' 'write' 'readreq' 'writereq' 'writeresp'>

State 21 <SV = 20> <Delay = 0.00>
ST_21 : Operation 136 [2/8] (7.30ns)   --->   "%empty_34 = readreq i1 @_ssdm_op_ReadReq.m_axi.p1i32, i32 %gmem_in_addr_1, i64 %zext_ln28" [pooling.cpp:32]   --->   Operation 136 'readreq' 'empty_34' <Predicate = true> <Delay = 7.30> <CoreInst = "m_axi">   --->   Core 111 'm_axi' <Latency = 6> <II = 1> <Delay = 1.00> <Adapter> <Opcode : 'readrequnaligned' 'writerequnaligned' 'read' 'write' 'readreq' 'writereq' 'writeresp'>

State 22 <SV = 21> <Delay = 7.30>
ST_22 : Operation 137 [1/8] ( I:7.30ns O:7.30ns )   --->   "%empty_34 = readreq i1 @_ssdm_op_ReadReq.m_axi.p1i32, i32 %gmem_in_addr_1, i64 %zext_ln28" [pooling.cpp:32]   --->   Operation 137 'readreq' 'empty_34' <Predicate = true> <Delay = 7.30> <CoreInst = "m_axi">   --->   Core 111 'm_axi' <Latency = 6> <II = 1> <Delay = 1.00> <Adapter> <Opcode : 'readrequnaligned' 'writerequnaligned' 'read' 'write' 'readreq' 'writereq' 'writeresp'>

State 23 <SV = 22> <Delay = 4.11>
ST_23 : Operation 138 [2/2] (4.11ns)   --->   "%call_ln3 = call void @apply_hardware_pooling_Pipeline_Read_Rij1, i32 %gmem_in, i31 %trunc_ln3, i62 %trunc_ln4, i24 %rij_buffer_1" [pooling.cpp:3]   --->   Operation 138 'call' 'call_ln3' <Predicate = true> <Delay = 4.11> <CoreType = "Generic">   --->   Generic Core

State 24 <SV = 23> <Delay = 0.00>
ST_24 : Operation 139 [1/2] (0.00ns)   --->   "%call_ln3 = call void @apply_hardware_pooling_Pipeline_Read_Rij1, i32 %gmem_in, i31 %trunc_ln3, i62 %trunc_ln4, i24 %rij_buffer_1" [pooling.cpp:3]   --->   Operation 139 'call' 'call_ln3' <Predicate = true> <Delay = 0.00> <CoreType = "Generic">   --->   Generic Core

State 25 <SV = 24> <Delay = 0.00>
ST_25 : Operation 140 [2/2] (0.00ns)   --->   "%call_ln25 = call void @apply_hardware_pooling_Pipeline_Pool_X, i32 %gmem_out, i32 %add_ln25_1, i62 %trunc_ln5, i24 %rij_buffer_0, i24 %rij_buffer_1, i32 %mode_read" [pooling.cpp:25]   --->   Operation 140 'call' 'call_ln25' <Predicate = true> <Delay = 0.00> <CoreType = "Generic">   --->   Generic Core

State 26 <SV = 25> <Delay = 0.00>
ST_26 : Operation 141 [1/2] (0.00ns)   --->   "%call_ln25 = call void @apply_hardware_pooling_Pipeline_Pool_X, i32 %gmem_out, i32 %add_ln25_1, i62 %trunc_ln5, i24 %rij_buffer_0, i24 %rij_buffer_1, i32 %mode_read" [pooling.cpp:25]   --->   Operation 141 'call' 'call_ln25' <Predicate = true> <Delay = 0.00> <CoreType = "Generic">   --->   Generic Core

State 27 <SV = 26> <Delay = 0.00>
ST_27 : Operation 142 [5/5] (7.30ns)   --->   "%empty_36 = writeresp i1 @_ssdm_op_WriteResp.m_axi.p1i32, i32 %gmem_out_addr" [pooling.cpp:89]   --->   Operation 142 'writeresp' 'empty_36' <Predicate = true> <Delay = 7.30> <CoreInst = "m_axi">   --->   Core 111 'm_axi' <Latency = 3> <II = 1> <Delay = 1.00> <Adapter> <Opcode : 'readrequnaligned' 'writerequnaligned' 'read' 'write' 'readreq' 'writereq' 'writeresp'>

State 28 <SV = 27> <Delay = 0.00>
ST_28 : Operation 143 [4/5] (7.30ns)   --->   "%empty_36 = writeresp i1 @_ssdm_op_WriteResp.m_axi.p1i32, i32 %gmem_out_addr" [pooling.cpp:89]   --->   Operation 143 'writeresp' 'empty_36' <Predicate = true> <Delay = 7.30> <CoreInst = "m_axi">   --->   Core 111 'm_axi' <Latency = 3> <II = 1> <Delay = 1.00> <Adapter> <Opcode : 'readrequnaligned' 'writerequnaligned' 'read' 'write' 'readreq' 'writereq' 'writeresp'>

State 29 <SV = 28> <Delay = 0.00>
ST_29 : Operation 144 [3/5] (7.30ns)   --->   "%empty_36 = writeresp i1 @_ssdm_op_WriteResp.m_axi.p1i32, i32 %gmem_out_addr" [pooling.cpp:89]   --->   Operation 144 'writeresp' 'empty_36' <Predicate = true> <Delay = 7.30> <CoreInst = "m_axi">   --->   Core 111 'm_axi' <Latency = 3> <II = 1> <Delay = 1.00> <Adapter> <Opcode : 'readrequnaligned' 'writerequnaligned' 'read' 'write' 'readreq' 'writereq' 'writeresp'>

State 30 <SV = 29> <Delay = 0.00>
ST_30 : Operation 145 [2/5] (7.30ns)   --->   "%empty_36 = writeresp i1 @_ssdm_op_WriteResp.m_axi.p1i32, i32 %gmem_out_addr" [pooling.cpp:89]   --->   Operation 145 'writeresp' 'empty_36' <Predicate = true> <Delay = 7.30> <CoreInst = "m_axi">   --->   Core 111 'm_axi' <Latency = 3> <II = 1> <Delay = 1.00> <Adapter> <Opcode : 'readrequnaligned' 'writerequnaligned' 'read' 'write' 'readreq' 'writereq' 'writeresp'>

State 31 <SV = 30> <Delay = 7.30>
ST_31 : Operation 146 [1/5] ( I:7.30ns O:7.30ns )   --->   "%empty_36 = writeresp i1 @_ssdm_op_WriteResp.m_axi.p1i32, i32 %gmem_out_addr" [pooling.cpp:89]   --->   Operation 146 'writeresp' 'empty_36' <Predicate = (icmp_ln28)> <Delay = 7.30> <CoreInst = "m_axi">   --->   Core 111 'm_axi' <Latency = 3> <II = 1> <Delay = 1.00> <Adapter> <Opcode : 'readrequnaligned' 'writerequnaligned' 'read' 'write' 'readreq' 'writereq' 'writeresp'>
ST_31 : Operation 147 [1/1] (0.00ns)   --->   "%br_ln89 = br void %for.inc123" [pooling.cpp:89]   --->   Operation 147 'br' 'br_ln89' <Predicate = (icmp_ln28)> <Delay = 0.00>
ST_31 : Operation 148 [1/1] (1.58ns)   --->   "%store_ln22 = store i31 %add_ln89, i31 %output_y" [pooling.cpp:22]   --->   Operation 148 'store' 'store_ln22' <Predicate = true> <Delay = 1.58>
ST_31 : Operation 149 [1/1] (0.00ns)   --->   "%br_ln25 = br void %Read_Rij0" [pooling.cpp:25]   --->   Operation 149 'br' 'br_ln25' <Predicate = true> <Delay = 0.00>


============================================================
+ Verbose Summary: Timing violations
============================================================
Target clock period: 10.000ns, clock uncertainty: 2.700ns.

 <State 1>: 6.808ns
The critical path consists of the following:
	s_axi read operation ('breedte_read', pooling.cpp:3) on port 'breedte' (pooling.cpp:3) [10]  (1.000 ns)
	'sub' operation 32 bit ('sub_ln85', pooling.cpp:85) [37]  (2.552 ns)
	'sub' operation 31 bit ('sub_ln85_1', pooling.cpp:85) [39]  (2.522 ns)
	'select' operation 31 bit ('select_ln85', pooling.cpp:85) [41]  (0.733 ns)

 <State 2>: 6.912ns
The critical path consists of the following:
	'load' operation 31 bit ('output_y', pooling.cpp:89) on local variable 'output_y', pooling.cpp:22 [64]  (0.000 ns)
	'mul' operation 62 bit ('mul_ln30', pooling.cpp:30) [73]  (6.912 ns)

 <State 3>: 6.912ns
The critical path consists of the following:
	'mul' operation 62 bit ('mul_ln30', pooling.cpp:30) [73]  (6.912 ns)

 <State 4>: 6.989ns
The critical path consists of the following:
	'add' operation 62 bit ('add_ln30_1', pooling.cpp:30) [79]  (3.469 ns)
	'add' operation 64 bit ('add_ln30_2', pooling.cpp:30) [81]  (3.520 ns)

 <State 5>: 7.300ns
The critical path consists of the following:
	'getelementptr' operation 32 bit ('gmem_in_addr', pooling.cpp:28) [88]  (0.000 ns)
	bus request operation ('empty_33', pooling.cpp:28) on port 'gmem_in' (pooling.cpp:28) [89]  (0.000 ns)
	blocking operation 7.3 ns on control path)

 <State 6>: 0.000ns
The critical path consists of the following:

 <State 7>: 0.000ns
The critical path consists of the following:

 <State 8>: 0.000ns
The critical path consists of the following:

 <State 9>: 0.000ns
The critical path consists of the following:

 <State 10>: 0.000ns
The critical path consists of the following:

 <State 11>: 0.000ns
The critical path consists of the following:

 <State 12>: 7.300ns
The critical path consists of the following:
	bus request operation ('empty_33', pooling.cpp:28) on port 'gmem_in' (pooling.cpp:28) [89]  (7.300 ns)

 <State 13>: 4.110ns
The critical path consists of the following:
	'call' operation ('call_ln3', pooling.cpp:3) to 'apply_hardware_pooling_Pipeline_Read_Rij0' [90]  (4.110 ns)

 <State 14>: 0.000ns
The critical path consists of the following:

 <State 15>: 7.300ns
The critical path consists of the following:
	'getelementptr' operation 32 bit ('gmem_in_addr_1', pooling.cpp:32) [93]  (0.000 ns)
	bus request operation ('empty_34', pooling.cpp:32) on port 'gmem_in' (pooling.cpp:32) [94]  (0.000 ns)
	blocking operation 7.3 ns on control path)

 <State 16>: 0.000ns
The critical path consists of the following:

 <State 17>: 0.000ns
The critical path consists of the following:

 <State 18>: 0.000ns
The critical path consists of the following:

 <State 19>: 0.000ns
The critical path consists of the following:

 <State 20>: 0.000ns
The critical path consists of the following:

 <State 21>: 0.000ns
The critical path consists of the following:

 <State 22>: 7.300ns
The critical path consists of the following:
	bus request operation ('empty_34', pooling.cpp:32) on port 'gmem_in' (pooling.cpp:32) [94]  (7.300 ns)

 <State 23>: 4.110ns
The critical path consists of the following:
	'call' operation ('call_ln3', pooling.cpp:3) to 'apply_hardware_pooling_Pipeline_Read_Rij1' [95]  (4.110 ns)

 <State 24>: 0.000ns
The critical path consists of the following:

 <State 25>: 0.000ns
The critical path consists of the following:

 <State 26>: 0.000ns
The critical path consists of the following:

 <State 27>: 0.000ns
The critical path consists of the following:

 <State 28>: 0.000ns
The critical path consists of the following:

 <State 29>: 0.000ns
The critical path consists of the following:

 <State 30>: 0.000ns
The critical path consists of the following:

 <State 31>: 7.300ns
The critical path consists of the following:
	bus response operation ('empty_36', pooling.cpp:89) on port 'gmem_out' (pooling.cpp:89) [101]  (7.300 ns)


============================================================
+ Verbose Summary: Binding
============================================================
N/A
* FSMD analyzer results:
  - Output states:
 - Input state : 
  - Chain level:
	State 1
	State 2
	State 3
	State 4
	State 5
	State 6
	State 7
	State 8
	State 9
	State 10
	State 11
	State 12
	State 13
	State 14
	State 15
	State 16
	State 17
	State 18
	State 19
	State 20
	State 21
	State 22
	State 23
	State 24
	State 25
	State 26
	State 27
	State 28
	State 29
	State 30
	State 31


============================================================
+ Verbose Summary: Datapath Resource usage 
============================================================
N/A
