

================================================================
== Vitis HLS Report for 'apply_hardware_pooling_Pipeline_Read_Rij1'
================================================================
* Date:           Sat May 23 04:06:57 2026

* Version:        2025.2 (Build 6295257 on Nov 14 2025)
* Project:        Pooling_HLS
* Solution:       hls (Vivado IP Flow Target)
* Product family: zynq
* Target device:  xc7z020-clg400-1


================================================================
== Performance Estimates
================================================================
+ Timing: 
    * Summary: 
    +--------+----------+----------+------------+
    |  Clock |  Target  | Estimated| Uncertainty|
    +--------+----------+----------+------------+
    |ap_clk  |  10.00 ns|  7.300 ns|     2.70 ns|
    +--------+----------+----------+------------+

+ Latency: 
    * Summary: 
    +---------+---------+-----------+----------+-----+-----+-------------------+
    |  Latency (cycles) |  Latency (absolute)  |  Interval |      Pipeline     |
    |   min   |   max   |    min    |    max   | min | max |        Type       |
    +---------+---------+-----------+----------+-----+-----+-------------------+
    |        4|      514|  40.000 ns|  5.140 us|    0|    0|  loop pipeline stp|
    +---------+---------+-----------+----------+-----+-----+-------------------+

    + Detail: 
        * Instance: 
        N/A

        * Loop: 
        +-------------+---------+---------+----------+-----------+-----------+---------+----------+
        |             |  Latency (cycles) | Iteration|  Initiation Interval  |   Trip  |          |
        |  Loop Name  |   min   |   max   |  Latency |  achieved |   target  |  Count  | Pipelined|
        +-------------+---------+---------+----------+-----------+-----------+---------+----------+
        |- Read_Rij1  |        2|      512|         3|          1|          1|  1 ~ 511|       yes|
        +-------------+---------+---------+----------+-----------+-----------+---------+----------+

============================================================
+ Verbose Summary: Synthesis Manager
============================================================
InlineROM: 1
ExposeGlobal: 0
============================================================
+ Verbose Summary: CDFG Model
============================================================
IsTopModel: 0
ResetActiveHigh: 1
IsCombinational: 0
IsDatapathOnly: 0
HasWiredReturn: 1
HasMFsm: 2
HasVarLatency: 1
IsPipeline: 0
IsRtlPipelined: 0
IsInstanceOverlapped: 0
IsDontTouch: 0
HasImplIP: 0
IsGatedGlobalClock: 0

+ Individual pipeline summary: 
  * Pipeline-0: initiation interval (II) = 1, depth = 3


============================================================
+ Verbose Summary: Schedule
============================================================
* Number of FSM states : 3
* Pipeline : 1
  Pipeline-0 : II = 1, D = 3, States = { 1 2 3 }
* Dataflow Pipeline: 0

* FSM state transitions: 
1 --> 2 
2 --> 3 
3 --> 

* FSM state operations: 

State 1 <SV = 0> <Delay = 5.69>
ST_1 : Operation 6 [1/1] (0.00ns)   --->   "%x = alloca i32 1" [pooling.cpp:32]   --->   Operation 6 'alloca' 'x' <Predicate = true> <Delay = 0.00>
ST_1 : Operation 7 [1/1] (0.00ns)   --->   "%sext_ln32_read = read i62 @_ssdm_op_Read.ap_auto.i62, i62 %sext_ln32"   --->   Operation 7 'read' 'sext_ln32_read' <Predicate = true> <Delay = 0.00>
ST_1 : Operation 8 [1/1] (0.00ns)   --->   "%breedte_read = read i31 @_ssdm_op_Read.ap_auto.i31, i31 %breedte"   --->   Operation 8 'read' 'breedte_read' <Predicate = true> <Delay = 0.00>
ST_1 : Operation 9 [1/1] (0.00ns)   --->   "%sext_ln32_cast = sext i62 %sext_ln32_read"   --->   Operation 9 'sext' 'sext_ln32_cast' <Predicate = true> <Delay = 0.00>
ST_1 : Operation 10 [1/1] (0.00ns)   --->   "%specinterface_ln0 = specinterface void @_ssdm_op_SpecInterface, i32 %gmem_in, void @empty, i32 0, i32 0, void @empty_0, i32 0, i32 0, void @empty_1, void @empty_2, void @empty_0, i32 16, i32 16, i32 16, i32 16, void @empty_0, void @empty_0, i32 4294967295, i32 0, i32 0, i32 4"   --->   Operation 10 'specinterface' 'specinterface_ln0' <Predicate = true> <Delay = 0.00>
ST_1 : Operation 11 [1/1] (1.58ns)   --->   "%store_ln32 = store i9 0, i9 %x" [pooling.cpp:32]   --->   Operation 11 'store' 'store_ln32' <Predicate = true> <Delay = 1.58>
ST_1 : Operation 12 [1/1] (0.00ns)   --->   "%br_ln0 = br void %for.inc19"   --->   Operation 12 'br' 'br_ln0' <Predicate = true> <Delay = 0.00>
ST_1 : Operation 13 [1/1] (0.00ns)   --->   "%x_1 = load i9 %x" [pooling.cpp:32]   --->   Operation 13 'load' 'x_1' <Predicate = true> <Delay = 0.00>
ST_1 : Operation 14 [1/1] (0.00ns)   --->   "%specbitsmap_ln0 = specbitsmap void @_ssdm_op_SpecBitsMap, i32 %gmem_in"   --->   Operation 14 'specbitsmap' 'specbitsmap_ln0' <Predicate = true> <Delay = 0.00>
ST_1 : Operation 15 [1/1] (0.00ns)   --->   "%zext_ln32_1 = zext i9 %x_1" [pooling.cpp:32]   --->   Operation 15 'zext' 'zext_ln32_1' <Predicate = true> <Delay = 0.00>
ST_1 : Operation 16 [1/1] (2.52ns)   --->   "%icmp_ln32 = icmp_eq  i31 %zext_ln32_1, i31 %breedte_read" [pooling.cpp:32]   --->   Operation 16 'icmp' 'icmp_ln32' <Predicate = true> <Delay = 2.52> <CoreInst = "Cmp">   --->   Core 9 'Cmp' <Latency = 0> <II = 1> <Delay = 2.52> <FuncUnit> <Opcode : 'seteq' 'setne' 'setle' 'setge' 'setlt' 'setgt'> <InPorts = 2> <OutPorts = 1>
ST_1 : Operation 17 [1/1] (0.00ns)   --->   "%empty = speclooptripcount i32 @_ssdm_op_SpecLoopTripCount, i64 1, i64 511, i64 0"   --->   Operation 17 'speclooptripcount' 'empty' <Predicate = true> <Delay = 0.00>
ST_1 : Operation 18 [1/1] (1.82ns)   --->   "%add_ln32 = add i9 %x_1, i9 1" [pooling.cpp:32]   --->   Operation 18 'add' 'add_ln32' <Predicate = true> <Delay = 1.82> <CoreInst = "Adder">   --->   Core 1 'Adder' <Latency = 0> <II = 1> <Delay = 1.82> <FuncUnit> <Opcode : 'add' 'sub'> <InPorts = 2> <OutPorts = 1>
ST_1 : Operation 19 [1/1] (0.00ns)   --->   "%br_ln32 = br i1 %icmp_ln32, void %for.inc19.split, void %Pool_X.loopexit.exitStub" [pooling.cpp:32]   --->   Operation 19 'br' 'br_ln32' <Predicate = true> <Delay = 0.00>
ST_1 : Operation 20 [1/1] (1.58ns)   --->   "%store_ln32 = store i9 %add_ln32, i9 %x" [pooling.cpp:32]   --->   Operation 20 'store' 'store_ln32' <Predicate = (!icmp_ln32)> <Delay = 1.58>

State 2 <SV = 1> <Delay = 7.30>
ST_2 : Operation 21 [1/1] (0.00ns)   --->   "%gmem_in_addr = getelementptr i32 %gmem_in, i64 %sext_ln32_cast" [pooling.cpp:32]   --->   Operation 21 'getelementptr' 'gmem_in_addr' <Predicate = true> <Delay = 0.00>
ST_2 : Operation 22 [1/1] ( I:7.30ns O:7.30ns )   --->   "%gmem_in_addr_read = read i32 @_ssdm_op_Read.m_axi.i32.p1i32, i32 %gmem_in_addr" [pooling.cpp:34]   --->   Operation 22 'read' 'gmem_in_addr_read' <Predicate = true> <Delay = 7.30> <CoreInst = "m_axi">   --->   Core 111 'm_axi' <Latency = 3> <II = 1> <Delay = 1.00> <Adapter> <Opcode : 'readrequnaligned' 'writerequnaligned' 'read' 'write' 'readreq' 'writereq' 'writeresp'>
ST_2 : Operation 23 [1/1] (0.00ns)   --->   "%trunc_ln34 = trunc i32 %gmem_in_addr_read" [pooling.cpp:34]   --->   Operation 23 'trunc' 'trunc_ln34' <Predicate = true> <Delay = 0.00>
ST_2 : Operation 30 [1/1] (1.58ns)   --->   "%ret_ln0 = ret"   --->   Operation 30 'ret' 'ret_ln0' <Predicate = (icmp_ln32)> <Delay = 1.58>

State 3 <SV = 2> <Delay = 3.25>
ST_3 : Operation 24 [1/1] (0.00ns)   --->   "%zext_ln32 = zext i9 %x_1" [pooling.cpp:32]   --->   Operation 24 'zext' 'zext_ln32' <Predicate = true> <Delay = 0.00>
ST_3 : Operation 25 [1/1] (0.00ns)   --->   "%specpipeline_ln33 = specpipeline void @_ssdm_op_SpecPipeline, i32 1, i32 0, i32 0, i32 0, i32 4294967295, void @empty_0" [pooling.cpp:33]   --->   Operation 25 'specpipeline' 'specpipeline_ln33' <Predicate = true> <Delay = 0.00>
ST_3 : Operation 26 [1/1] (0.00ns)   --->   "%specloopname_ln32 = specloopname void @_ssdm_op_SpecLoopName, void @empty_15" [pooling.cpp:32]   --->   Operation 26 'specloopname' 'specloopname_ln32' <Predicate = true> <Delay = 0.00>
ST_3 : Operation 27 [1/1] (0.00ns)   --->   "%rij_buffer_1_addr = getelementptr i24 %rij_buffer_1, i64 0, i64 %zext_ln32" [pooling.cpp:34]   --->   Operation 27 'getelementptr' 'rij_buffer_1_addr' <Predicate = true> <Delay = 0.00>
ST_3 : Operation 28 [1/1] ( I:3.25ns O:3.25ns )   --->   "%store_ln34 = store i24 %trunc_ln34, i8 %rij_buffer_1_addr" [pooling.cpp:34]   --->   Operation 28 'store' 'store_ln34' <Predicate = true> <Delay = 3.25> <CoreInst = "RAM">   --->   Core 81 'RAM' <Latency = 1> <II = 1> <Delay = 3.25> <Storage> <Opcode : 'load' 'store'> <Ports = 2> <Width = 24> <Depth = 256> <RAM>
ST_3 : Operation 29 [1/1] (0.00ns)   --->   "%br_ln32 = br void %for.inc19" [pooling.cpp:32]   --->   Operation 29 'br' 'br_ln32' <Predicate = true> <Delay = 0.00>


============================================================
+ Verbose Summary: Timing violations
============================================================
Target clock period: 10.000ns, clock uncertainty: 2.700ns.

 <State 1>: 5.698ns
The critical path consists of the following:
	'store' operation ('store_ln32', pooling.cpp:32) of constant 0 9 bit on local variable 'x', pooling.cpp:32 [10]  (1.588 ns)
	'load' operation 9 bit ('x', pooling.cpp:32) on local variable 'x', pooling.cpp:32 [13]  (0.000 ns)
	'icmp' operation 1 bit ('icmp_ln32', pooling.cpp:32) [16]  (2.522 ns)
	'store' operation ('store_ln32', pooling.cpp:32) of variable 'add_ln32', pooling.cpp:32 9 bit on local variable 'x', pooling.cpp:32 [29]  (1.588 ns)

 <State 2>: 7.300ns
The critical path consists of the following:
	'getelementptr' operation 32 bit ('gmem_in_addr', pooling.cpp:32) [21]  (0.000 ns)
	bus read operation ('gmem_in_addr_read', pooling.cpp:34) on port 'gmem_in' (pooling.cpp:34) [26]  (7.300 ns)

 <State 3>: 3.254ns
The critical path consists of the following:
	'getelementptr' operation 8 bit ('rij_buffer_1_addr', pooling.cpp:34) [25]  (0.000 ns)
	'store' operation ('store_ln34', pooling.cpp:34) of variable 'trunc_ln34', pooling.cpp:34 24 bit on array 'rij_buffer_1' [28]  (3.254 ns)


============================================================
+ Verbose Summary: Binding
============================================================
N/A
* FSMD analyzer results:
  - Output states:
 - Input state : 
  - Chain level:
	State 1
	State 2
	State 3


============================================================
+ Verbose Summary: Datapath Resource usage 
============================================================
N/A
