C:\2EAI-HAC-2526-TaskHLS-bj-mk-tm\Pooling_HLS\Pooling_HLS\hls\.autopilot\db\pooling.pp.0.cpp:2258:5: remark: Added loop label VITIS_LOOP_676_1:   [xilinx-label-all-loops]
    for (unsigned i = low; i != high+1; ++i) {
    ^
    VITIS_LOOP_676_1: 
C:\2EAI-HAC-2526-TaskHLS-bj-mk-tm\Pooling_HLS\Pooling_HLS\hls\.autopilot\db\pooling.pp.0.cpp:2258:5: note: FIX-IT applied suggested code changes
C:\2EAI-HAC-2526-TaskHLS-bj-mk-tm\Pooling_HLS\Pooling_HLS\hls\.autopilot\db\pooling.pp.0.cpp:2272:5: remark: Added loop label VITIS_LOOP_690_1:   [xilinx-label-all-loops]
    for (unsigned i = low; i != high+1; ++i) {
    ^
    VITIS_LOOP_690_1: 
C:\2EAI-HAC-2526-TaskHLS-bj-mk-tm\Pooling_HLS\Pooling_HLS\hls\.autopilot\db\pooling.pp.0.cpp:2272:5: note: FIX-IT applied suggested code changes
C:\2EAI-HAC-2526-TaskHLS-bj-mk-tm\Pooling_HLS\Pooling_HLS\hls\.autopilot\db\pooling.pp.0.cpp:2286:5: remark: Added loop label VITIS_LOOP_704_1:   [xilinx-label-all-loops]
    for (unsigned i = low; i != high+1; ++i) {
    ^
    VITIS_LOOP_704_1: 
C:\2EAI-HAC-2526-TaskHLS-bj-mk-tm\Pooling_HLS\Pooling_HLS\hls\.autopilot\db\pooling.pp.0.cpp:2286:5: note: FIX-IT applied suggested code changes
C:\2EAI-HAC-2526-TaskHLS-bj-mk-tm\Pooling_HLS\Pooling_HLS\hls\.autopilot\db\pooling.pp.0.cpp:5806:7: remark: Added loop label VITIS_LOOP_1251_1:   [xilinx-label-all-loops]
      for (i = 0; i < __N - 1; ++i) {
      ^
      VITIS_LOOP_1251_1: 
C:\2EAI-HAC-2526-TaskHLS-bj-mk-tm\Pooling_HLS\Pooling_HLS\hls\.autopilot\db\pooling.pp.0.cpp:5806:7: note: FIX-IT applied suggested code changes
C:\2EAI-HAC-2526-TaskHLS-bj-mk-tm\Pooling_HLS\Pooling_HLS\hls\.autopilot\db\pooling.pp.0.cpp:49534:13: remark: Added loop label VITIS_LOOP_52_1:   [xilinx-label-all-loops]
            for (int c = 0; c < 3; c++) {
            ^
            VITIS_LOOP_52_1: 
C:\2EAI-HAC-2526-TaskHLS-bj-mk-tm\Pooling_HLS\Pooling_HLS\hls\.autopilot\db\pooling.pp.0.cpp:49534:13: note: FIX-IT applied suggested code changes
