

================================================================
== Synthesis Summary Report of 'filter_afbeelding'
================================================================
+ General Information: 
    * Date:           Sat May 23 03:40:17 2026
    * Version:        2025.2 (Build 6295257 on Nov 14 2025)
    * Project:        2D_Convolutie_HLS
    * Solution:       hls (Vivado IP Flow Target)
    * Product family: zynq
    * Target device:  xc7z020-clg400-1
    

* Performance & Resource Estimates: 
+---------------------------------------------------+------+---------------+----------+---------+------+----------+---------+-----+------+---------+---------+-----------+-----------+-----+
|                      Modules                      | Issue|               | Iteration|         | Trip |          |    Latency    |      |         |         |           |           |     |
|                      & Loops                      | Type | Violation Type|  Latency | Interval| Count| Pipelined| (cycles)| (ns)| Slack|  BRAM   |   DSP   |     FF    |    LUT    | URAM|
+---------------------------------------------------+------+---------------+----------+---------+------+----------+---------+-----+------+---------+---------+-----------+-----------+-----+
|+ filter_afbeelding                                |     -|              -|         -|        -|     -|        no|        -|    -|  0.00|   6 (2%)|  12 (5%)|  4053 (3%)|  3886 (7%)|    -|
| + filter_afbeelding_Pipeline_Loop_Rows_Loop_Cols  |     -|              -|         -|        -|     -|       yes|        -|    -|  0.00|  2 (~0%)|   4 (1%)|  1498 (1%)|  1415 (2%)|    -|
|  o Loop_Rows_Loop_Cols                            |     -|              -|        12|        1|     -|       yes|        -|    -|  7.30|        -|        -|          -|          -|    -|
+---------------------------------------------------+------+---------------+----------+---------+------+----------+---------+-----+------+---------+---------+-----------+-----------+-----+
    Name Prefix: '+' for module, 'o' for loop, '*' for dataflow


================================================================
== HW Interfaces
================================================================
* M_AXI
+--------------------+------------+------------+---------------+---------+--------+----------+-----------+--------------+--------------+-------------+-------------+-------------------+
| Interface          | Read/Write | Data Width | Address Width | Latency | Offset | Register | Max Widen | Max Read     | Max Write    | Num Read    | Num Write   | Resource Estimate |
|                    |            | (SW->HW)   |               |         |        |          | Bitwidth  | Burst Length | Burst Length | Outstanding | Outstanding |                   |
+--------------------+------------+------------+---------------+---------+--------+----------+-----------+--------------+--------------+-------------+-------------+-------------------+
| m_axi_gmem_invoer  | READ_ONLY  | 32 -> 32   | 64            | 0       | slave  | 0        | 0         | 64           | 16           | 16          | 16          | BRAM=2            |
| m_axi_gmem_uitvoer | WRITE_ONLY | 32 -> 32   | 64            | 0       | slave  | 0        | 0         | 16           | 64           | 16          | 16          | BRAM=2            |
+--------------------+------------+------------+---------------+---------+--------+----------+-----------+--------------+--------------+-------------+-------------+-------------------+

* S_AXILITE Interfaces
+---------------------+------------+---------------+--------+----------+
| Interface           | Data Width | Address Width | Offset | Register |
+---------------------+------------+---------------+--------+----------+
| s_axi_vitis_control | 32         | 6             | 16     | 0        |
+---------------------+------------+---------------+--------+----------+

* S_AXILITE Registers
+---------------------+------------------+--------+-------+--------+----------------------------------+----------------------------------------------------------------------+
| Interface           | Register         | Offset | Width | Access | Description                      | Bit Fields                                                           |
+---------------------+------------------+--------+-------+--------+----------------------------------+----------------------------------------------------------------------+
| s_axi_vitis_control | CTRL             | 0x00   | 32    | RW     | Control signals                  | 0=AP_START 1=AP_DONE 2=AP_IDLE 3=AP_READY 7=AUTO_RESTART 9=INTERRUPT |
| s_axi_vitis_control | GIER             | 0x04   | 32    | RW     | Global Interrupt Enable Register | 0=Enable                                                             |
| s_axi_vitis_control | IP_IER           | 0x08   | 32    | RW     | IP Interrupt Enable Register     | 0=CHAN0_INT_EN 1=CHAN1_INT_EN                                        |
| s_axi_vitis_control | IP_ISR           | 0x0c   | 32    | RW     | IP Interrupt Status Register     | 0=CHAN0_INT_ST 1=CHAN1_INT_ST                                        |
| s_axi_vitis_control | invoer_pixels_1  | 0x10   | 32    | W      | Data signal of invoer_pixels     |                                                                      |
| s_axi_vitis_control | invoer_pixels_2  | 0x14   | 32    | W      | Data signal of invoer_pixels     |                                                                      |
| s_axi_vitis_control | uitvoer_pixels_1 | 0x1c   | 32    | W      | Data signal of uitvoer_pixels    |                                                                      |
| s_axi_vitis_control | uitvoer_pixels_2 | 0x20   | 32    | W      | Data signal of uitvoer_pixels    |                                                                      |
| s_axi_vitis_control | breedte          | 0x28   | 32    | W      | Data signal of breedte           |                                                                      |
| s_axi_vitis_control | hoogte           | 0x30   | 32    | W      | Data signal of hoogte            |                                                                      |
| s_axi_vitis_control | kanalen          | 0x38   | 32    | W      | Data signal of kanalen           |                                                                      |
+---------------------+------------------+--------+-------+--------+----------------------------------+----------------------------------------------------------------------+

* TOP LEVEL CONTROL
+-----------+------------+-----------+
| Interface | Type       | Ports     |
+-----------+------------+-----------+
| ap_clk    | clock      | ap_clk    |
| ap_rst_n  | reset      | ap_rst_n  |
| interrupt | interrupt  | interrupt |
| ap_ctrl   | ap_ctrl_hs |           |
+-----------+------------+-----------+


================================================================
== SW I/O Information
================================================================
* Top Function Arguments
+----------------+-----------+--------------+
| Argument       | Direction | Datatype     |
+----------------+-----------+--------------+
| invoer_pixels  | in        | ap_uint<32>* |
| uitvoer_pixels | out       | ap_uint<32>* |
| breedte        | in        | int          |
| hoogte         | in        | int          |
| kanalen        | in        | int          |
+----------------+-----------+--------------+

* SW-to-HW Mapping
+----------------+---------------------+-----------+----------+--------------------------------------------+
| Argument       | HW Interface        | HW Type   | HW Usage | HW Info                                    |
+----------------+---------------------+-----------+----------+--------------------------------------------+
| invoer_pixels  | m_axi_gmem_invoer   | interface |          | channel=0                                  |
| invoer_pixels  | s_axi_vitis_control | register  | offset   | name=invoer_pixels_1 offset=0x10 range=32  |
| invoer_pixels  | s_axi_vitis_control | register  | offset   | name=invoer_pixels_2 offset=0x14 range=32  |
| uitvoer_pixels | m_axi_gmem_uitvoer  | interface |          | channel=0                                  |
| uitvoer_pixels | s_axi_vitis_control | register  | offset   | name=uitvoer_pixels_1 offset=0x1c range=32 |
| uitvoer_pixels | s_axi_vitis_control | register  | offset   | name=uitvoer_pixels_2 offset=0x20 range=32 |
| breedte        | s_axi_vitis_control | register  |          | name=breedte offset=0x28 range=32          |
| hoogte         | s_axi_vitis_control | register  |          | name=hoogte offset=0x30 range=32           |
| kanalen        | s_axi_vitis_control | register  |          | name=kanalen offset=0x38 range=32          |
+----------------+---------------------+-----------+----------+--------------------------------------------+


================================================================
== M_AXI Burst Information
================================================================
 Note: All burst requests might be further partitioned into multiple requests during RTL generation based on max_read_burst_length or max_write_burst_length settings.

* Inferred Burst Summary
+--------------------+-----------+----------+-------+
| HW Interface       | Direction | Length   | Width |
+--------------------+-----------+----------+-------+
| m_axi_gmem_invoer  | read      | variable | 32    |
| m_axi_gmem_uitvoer | write     | variable | 32    |
+--------------------+-----------+----------+-------+

* All M_AXI Variable Accesses
+--------------------+----------------+-------------------------+-----------+--------------+----------+-----------+-------------------------+------------+-------------------------------------------------------------------------------------------------------+
| HW Interface       | Variable       | Access Location         | Direction | Burst Status | Length   | Loop      | Loop Location           | Resolution | Problem                                                                                               |
+--------------------+----------------+-------------------------+-----------+--------------+----------+-----------+-------------------------+------------+-------------------------------------------------------------------------------------------------------+
| m_axi_gmem_invoer  | invoer_pixels  | convolutie_2d.cpp:47:31 | read      | Widen Fail   |          | Loop_Cols | convolutie_2d.cpp:38:20 | 214-353    | Could not widen since type i32 size is greater than or equal to the max_widen_bitwidth threshold of 0 |
| m_axi_gmem_invoer  | invoer_pixels  | convolutie_2d.cpp:47:31 | read      | Inferred     | variable | Loop_Rows | convolutie_2d.cpp:37:16 |            |                                                                                                       |
| m_axi_gmem_uitvoer | uitvoer_pixels | convolutie_2d.cpp:86:61 | write     | Fail         |          | Loop_Rows | convolutie_2d.cpp:37:16 | 214-230    | Stride is incompatible                                                                                |
| m_axi_gmem_uitvoer | uitvoer_pixels | convolutie_2d.cpp:86:61 | write     | Inferred     | variable | Loop_Cols | convolutie_2d.cpp:38:20 |            |                                                                                                       |
+--------------------+----------------+-------------------------+-----------+--------------+----------+-----------+-------------------------+------------+-------------------------------------------------------------------------------------------------------+

    * Resolution URL: docs.amd.com/access/sources/dita/topic?Doc_Version=2025.2%20English&url=ug1448-hls-guidance&resourceid=XXX-YYY.html (replace XXX-YYY with column value)

================================================================
== Bind Op Report
================================================================
+---------------------------------------------------+-----+--------+---------------+--------+----------+---------+
| Name                                              | DSP | Pragma | Variable      | Op     | Impl     | Latency |
+---------------------------------------------------+-----+--------+---------------+--------+----------+---------+
| + filter_afbeelding                               | 12  |        |               |        |          |         |
|   icmp_ln37_fu_147_p2                             |     |        | icmp_ln37     | setgt  | auto     | 0       |
|   icmp_ln38_fu_153_p2                             |     |        | icmp_ln38     | setgt  | auto     | 0       |
|   mul_32ns_32ns_63_2_1_U15                        | 4   |        | mul_ln37      | mul    | auto     | 1       |
|   select_ln37_fu_177_p3                           |     |        | select_ln37   | select | auto_sel | 0       |
|   empty_fu_183_p3                                 |     |        | empty         | select | auto_sel | 0       |
|   add_ln37_fu_227_p2                              |     |        | add_ln37      | add    | fabric   | 0       |
|   icmp_ln37_1_fu_237_p2                           |     |        | icmp_ln37_1   | setgt  | auto     | 0       |
|   select_ln37_1_fu_243_p3                         |     |        | select_ln37_1 | select | auto_sel | 0       |
|   sub_ln37_fu_251_p2                              |     |        | sub_ln37      | sub    | fabric   | 0       |
|   smax_fu_190_p3                                  |     |        | smax          | select | auto_sel | 0       |
|   smax12_fu_196_p3                                |     |        | smax12        | select | auto_sel | 0       |
|   mul_31ns_31ns_62_2_1_U14                        | 4   |        | mul_ln3       | mul    | auto     | 1       |
|  + filter_afbeelding_Pipeline_Loop_Rows_Loop_Cols | 4   |        |               |        |          |         |
|    icmp_ln38_fu_357_p2                            |     |        | icmp_ln38     | setgt  | auto     | 0       |
|    icmp_ln37_fu_401_p2                            |     |        | icmp_ln37     | seteq  | auto     | 0       |
|    icmp_ln38_1_fu_433_p2                          |     |        | icmp_ln38_1   | setlt  | auto     | 0       |
|    add_ln37_fu_406_p2                             |     |        | add_ln37      | add    | fabric   | 0       |
|    select_ln37_fu_438_p3                          |     |        | select_ln37   | select | auto_sel | 0       |
|    add_ln37_1_fu_446_p2                           |     |        | add_ln37_1    | add    | fabric   | 0       |
|    select_ln37_2_fu_452_p3                        |     |        | select_ln37_2 | select | auto_sel | 0       |
|    mul_31ns_32ns_62_2_1_U1                        | 4   |        | mul_ln37      | mul    | auto     | 1       |
|    add_ln37_2_fu_925_p2                           |     |        | add_ln37_2    | add    | fabric   | 0       |
|    add_ln37_3_fu_937_p2                           |     |        | add_ln37_3    | add    | fabric   | 0       |
|    first_iter_0_fu_460_p2                         |     |        | first_iter_0  | seteq  | auto     | 0       |
|    icmp_ln63_fu_476_p2                            |     |        | icmp_ln63     | setne  | auto     | 0       |
|    select_ln38_fu_952_p3                          |     |        | select_ln38   | select | auto_sel | 0       |
|    empty_48_fu_958_p3                             |     |        | empty_48      | select | auto_sel | 0       |
|    addr_cmp50_fu_491_p2                           |     |        | addr_cmp50    | seteq  | auto     | 0       |
|    buf_val_fu_664_p3                              |     |        | buf_val       | select | auto_sel | 0       |
|    addr_cmp_fu_504_p2                             |     |        | addr_cmp      | seteq  | auto     | 0       |
|    buf_val_1_fu_588_p3                            |     |        | buf_val_1     | select | auto_sel | 0       |
|    icmp_ln63_1_fu_550_p2                          |     |        | icmp_ln63_1   | setne  | auto     | 0       |
|    and_ln63_fu_556_p2                             |     |        | and_ln63      | and    | auto     | 0       |
|    tmp1_fu_769_p2                                 |     |        | tmp1          | add    | fabric   | 0       |
|    sum1_fu_779_p2                                 |     |        | sum1          | add    | fabric   | 0       |
|    add_ln69_fu_785_p2                             |     |        | add_ln69      | add    | fabric   | 0       |
|    tmp3_fu_794_p2                                 |     |        | tmp3          | add    | fabric   | 0       |
|    sum3_fu_804_p2                                 |     |        | sum3          | add    | fabric   | 0       |
|    add_ln70_fu_810_p2                             |     |        | add_ln70      | add    | fabric   | 0       |
|    tmp5_fu_819_p2                                 |     |        | tmp5          | add    | fabric   | 0       |
|    sum5_fu_829_p2                                 |     |        | sum5          | add    | fabric   | 0       |
|    add_ln71_fu_835_p2                             |     |        | add_ln71      | add    | fabric   | 0       |
|    icmp_ln75_fu_1038_p2                           |     |        | icmp_ln75     | setgt  | auto     | 0       |
|    icmp_ln76_fu_1062_p2                           |     |        | icmp_ln76     | setgt  | auto     | 0       |
|    icmp_ln77_fu_1086_p2                           |     |        | icmp_ln77     | setgt  | auto     | 0       |
|    select_ln80_1_fu_1104_p3                       |     |        | select_ln80_1 | select | auto_sel | 0       |
|    or_ln80_fu_1112_p2                             |     |        | or_ln80       | or     | auto     | 0       |
|    select_ln80_fu_1118_p3                         |     |        | select_ln80   | select | auto_sel | 0       |
|    select_ln81_1_fu_1130_p3                       |     |        | select_ln81_1 | select | auto_sel | 0       |
|    or_ln81_fu_1138_p2                             |     |        | or_ln81       | or     | auto     | 0       |
|    select_ln81_fu_1144_p3                         |     |        | select_ln81   | select | auto_sel | 0       |
|    select_ln82_1_fu_1156_p3                       |     |        | select_ln82_1 | select | auto_sel | 0       |
|    or_ln82_fu_1164_p2                             |     |        | or_ln82       | or     | auto     | 0       |
|    select_ln82_fu_1170_p3                         |     |        | select_ln82   | select | auto_sel | 0       |
|    add_ln38_fu_562_p2                             |     |        | add_ln38      | add    | fabric   | 0       |
|    icmp_ln38_2_fu_632_p2                          |     |        | icmp_ln38_2   | setlt  | auto     | 0       |
+---------------------------------------------------+-----+--------+---------------+--------+----------+---------+


================================================================
== Storage Report
================================================================
+---------------------------------------------------+---------------+-----------+------+------+--------+---------------+------+---------+------------------+
| Name                                              | Usage         | Type      | BRAM | URAM | Pragma | Variable      | Impl | Latency | Bitwidth, Depth, |
|                                                   |               |           |      |      |        |               |      |         | Banks            |
+---------------------------------------------------+---------------+-----------+------+------+--------+---------------+------+---------+------------------+
| + filter_afbeelding                               |               |           | 6    | 0    |        |               |      |         |                  |
|   vitis_control_s_axi_U                           | interface     | s_axilite |      |      |        |               |      |         |                  |
|   gmem_invoer_m_axi_U                             | interface     | m_axi     | 2    |      |        |               |      |         |                  |
|   gmem_uitvoer_m_axi_U                            | interface     | m_axi     | 2    |      |        |               |      |         |                  |
|  + filter_afbeelding_Pipeline_Loop_Rows_Loop_Cols |               |           | 2    | 0    |        |               |      |         |                  |
|    line_buffer_1_U                                | ram_s2p array |           | 1    |      |        | line_buffer_1 | auto | 1       | 24, 512, 1       |
|    line_buffer_U                                  | ram_1p array  |           | 1    |      |        | line_buffer   | auto | 1       | 24, 512, 1       |
+---------------------------------------------------+---------------+-----------+------+------+--------+---------------+------+---------+------------------+


================================================================
== Pragma Report
================================================================
* Inferred Pragmas
+--------------+---------+--------------------------------------------------------------------------------------+-------------------------------+
| Type         | Options | Location                                                                             | Inferred From                 |
+--------------+---------+--------------------------------------------------------------------------------------+-------------------------------+
| LOOP_FLATTEN |         | loop Loop_Rows (convolutie_2d.cpp:37:16) in filter_afbeelding (convolutie_2d.cpp:37) | pipeline convolutie_2d.cpp:39 |
+--------------+---------+--------------------------------------------------------------------------------------+-------------------------------+

* Valid Pragma Syntax
+-----------------+--------------------------------------------------------------------------------------------------+---------------------------------------------+
| Type            | Options                                                                                          | Location                                    |
+-----------------+--------------------------------------------------------------------------------------------------+---------------------------------------------+
| INTERFACE       | s_axilite port=return bundle=vitis_control                                                       | in filter_afbeelding (convolutie_2d.cpp:10) |
| INTERFACE       | s_axilite port=breedte bundle=vitis_control                                                      | in filter_afbeelding (convolutie_2d.cpp:11) |
| INTERFACE       | s_axilite port=hoogte bundle=vitis_control                                                       | in filter_afbeelding (convolutie_2d.cpp:12) |
| INTERFACE       | s_axilite port=kanalen bundle=vitis_control                                                      | in filter_afbeelding (convolutie_2d.cpp:13) |
| INTERFACE       | m_axi port=invoer_pixels offset=slave bundle=gmem_invoer depth=65536 max_read_burst_length=64    | in filter_afbeelding (convolutie_2d.cpp:15) |
| INTERFACE       | m_axi port=uitvoer_pixels offset=slave bundle=gmem_uitvoer depth=65536 max_write_burst_length=64 | in filter_afbeelding (convolutie_2d.cpp:16) |
| INTERFACE       | s_axilite port=invoer_pixels bundle=vitis_control                                                | in filter_afbeelding (convolutie_2d.cpp:17) |
| INTERFACE       | s_axilite port=uitvoer_pixels bundle=vitis_control                                               | in filter_afbeelding (convolutie_2d.cpp:18) |
| ARRAY_PARTITION | variable=line_buffer complete dim=1                                                              | in filter_afbeelding (convolutie_2d.cpp:22) |
| ARRAY_PARTITION | variable=win_R complete dim=0                                                                    | in filter_afbeelding (convolutie_2d.cpp:26) |
| ARRAY_PARTITION | variable=win_G complete dim=0                                                                    | in filter_afbeelding (convolutie_2d.cpp:27) |
| ARRAY_PARTITION | variable=win_B complete dim=0                                                                    | in filter_afbeelding (convolutie_2d.cpp:28) |
| PIPELINE        | ii=1                                                                                             | in filter_afbeelding (convolutie_2d.cpp:39) |
+-----------------+--------------------------------------------------------------------------------------------------+---------------------------------------------+


