

================================================================
== Vitis HLS Report for 'filter_afbeelding_Pipeline_Loop_Rows_Loop_Cols'
================================================================
* Date:           Sat May 23 03:40:15 2026

* Version:        2025.2 (Build 6295257 on Nov 14 2025)
* Project:        2D_Convolutie_HLS
* Solution:       hls (Vivado IP Flow Target)
* Product family: zynq
* Target device:  xc7z020-clg400-1


================================================================
== Performance Estimates
================================================================
+ Timing: 
    * Summary: 
    +--------+----------+----------+------------+
    |  Clock |  Target  | Estimated| Uncertainty|
    +--------+----------+----------+------------+
    |ap_clk  |  10.00 ns|  7.300 ns|     2.70 ns|
    +--------+----------+----------+------------+

+ Latency: 
    * Summary: 
    +---------+---------+----------+----------+-----+-----+-------------------+
    |  Latency (cycles) |  Latency (absolute) |  Interval |      Pipeline     |
    |   min   |   max   |    min   |    max   | min | max |        Type       |
    +---------+---------+----------+----------+-----+-----+-------------------+
    |        ?|        ?|         ?|         ?|    0|    0|  loop pipeline stp|
    +---------+---------+----------+----------+-----+-----+-------------------+

    + Detail: 
        * Instance: 
        N/A

        * Loop: 
        +-----------------------+---------+---------+----------+-----------+-----------+------+----------+
        |                       |  Latency (cycles) | Iteration|  Initiation Interval  | Trip |          |
        |       Loop Name       |   min   |   max   |  Latency |  achieved |   target  | Count| Pipelined|
        +-----------------------+---------+---------+----------+-----------+-----------+------+----------+
        |- Loop_Rows_Loop_Cols  |        ?|        ?|        12|          1|          1|     ?|       yes|
        +-----------------------+---------+---------+----------+-----------+-----------+------+----------+



================================================================
== Utilization Estimates
================================================================
* Summary: 
+-----------------+---------+-----+--------+-------+-----+
|       Name      | BRAM_18K| DSP |   FF   |  LUT  | URAM|
+-----------------+---------+-----+--------+-------+-----+
|DSP              |        -|    -|       -|      -|    -|
|Expression       |        -|    -|       0|   1077|    -|
|FIFO             |        -|    -|       -|      -|    -|
|Instance         |        -|    4|     165|     50|    -|
|Memory           |        2|    -|       0|      0|    0|
|Multiplexer      |        -|    -|       0|    126|    -|
|Register         |        -|    -|    1333|    160|    -|
+-----------------+---------+-----+--------+-------+-----+
|Total            |        2|    4|    1498|   1413|    0|
+-----------------+---------+-----+--------+-------+-----+
|Available        |      280|  220|  106400|  53200|    0|
+-----------------+---------+-----+--------+-------+-----+
|Utilization (%)  |       ~0|    1|       1|      2|    0|
+-----------------+---------+-----+--------+-------+-----+

+ Detail: 
    * Instance: 
    +-------------------------+----------------------+---------+----+-----+----+-----+
    |         Instance        |        Module        | BRAM_18K| DSP|  FF | LUT| URAM|
    +-------------------------+----------------------+---------+----+-----+----+-----+
    |mul_31ns_32ns_62_2_1_U1  |mul_31ns_32ns_62_2_1  |        0|   4|  165|  50|    0|
    +-------------------------+----------------------+---------+----+-----+----+-----+
    |Total                    |                      |        0|   4|  165|  50|    0|
    +-------------------------+----------------------+---------+----+-----+----+-----+

    * DSP: 
    N/A

    * Memory: 
    +-----------------+----------------------------------------------------------------------------+---------+---+----+-----+------+-----+------+-------------+
    |      Memory     |                                   Module                                   | BRAM_18K| FF| LUT| URAM| Words| Bits| Banks| W*Bits*Banks|
    +-----------------+----------------------------------------------------------------------------+---------+---+----+-----+------+-----+------+-------------+
    |line_buffer_1_U  |filter_afbeelding_Pipeline_Loop_Rows_Loop_Cols_line_buffer_1_RAM_AUTO_1R1W  |        1|  0|   0|    0|   512|   24|     1|        12288|
    |line_buffer_U    |filter_afbeelding_Pipeline_Loop_Rows_Loop_Cols_line_buffer_RAM_AUTO_1R1W    |        1|  0|   0|    0|   512|   24|     1|        12288|
    +-----------------+----------------------------------------------------------------------------+---------+---+----+-----+------+-----+------+-------------+
    |Total            |                                                                            |        2|  0|   0|    0|  1024|   48|     2|        24576|
    +-----------------+----------------------------------------------------------------------------+---------+---+----+-----+------+-----+------+-------------+

    * FIFO: 
    N/A

    * Expression: 
    +-----------------------------------------+----------+----+---+----+------------+------------+
    |              Variable Name              | Operation| DSP| FF| LUT| Bitwidth P0| Bitwidth P1|
    +-----------------------------------------+----------+----+---+----+------------+------------+
    |add_ln37_1_fu_446_p2                     |         +|   0|  0|  38|          31|           1|
    |add_ln37_2_fu_925_p2                     |         +|   0|  0|  69|          62|          62|
    |add_ln37_3_fu_937_p2                     |         +|   0|  0|  71|          64|          64|
    |add_ln37_fu_406_p2                       |         +|   0|  0|  69|          62|           1|
    |add_ln38_fu_562_p2                       |         +|   0|  0|  13|          10|           1|
    |add_ln69_fu_785_p2                       |         +|   0|  0|  14|           9|           9|
    |add_ln70_fu_810_p2                       |         +|   0|  0|  14|           9|           9|
    |add_ln71_fu_835_p2                       |         +|   0|  0|  14|           9|           9|
    |som_B_fu_1022_p2                         |         +|   0|  0|  11|          11|          11|
    |som_G_fu_1004_p2                         |         +|   0|  0|  11|          11|          11|
    |som_R_fu_986_p2                          |         +|   0|  0|  11|          11|          11|
    |sum1_fu_779_p2                           |         +|   0|  0|  13|          10|          10|
    |sum3_fu_804_p2                           |         +|   0|  0|  13|          10|          10|
    |sum5_fu_829_p2                           |         +|   0|  0|  13|          10|          10|
    |tmp1_fu_769_p2                           |         +|   0|  0|  14|           9|           9|
    |tmp3_fu_794_p2                           |         +|   0|  0|  14|           9|           9|
    |tmp5_fu_819_p2                           |         +|   0|  0|  14|           9|           9|
    |sub_ln69_fu_977_p2                       |         -|   0|  0|  11|          11|          11|
    |sub_ln70_fu_995_p2                       |         -|   0|  0|  11|          11|          11|
    |sub_ln71_fu_1013_p2                      |         -|   0|  0|  11|          11|          11|
    |and_ln63_fu_556_p2                       |       and|   0|  0|   2|           1|           1|
    |ap_block_state13_pp0_stage0_iter12_grp1  |       and|   0|  0|   2|           1|           1|
    |ap_block_state3_pp0_stage0_iter2_grp1    |       and|   0|  0|   2|           1|           1|
    |ap_block_state7_io_grp1                  |       and|   0|  0|   2|           1|           1|
    |ap_block_state8_io_grp1                  |       and|   0|  0|   2|           1|           1|
    |addr_cmp50_fu_491_p2                     |      icmp|   0|  0|  71|          64|          64|
    |addr_cmp_fu_504_p2                       |      icmp|   0|  0|  71|          64|          64|
    |first_iter_0_fu_460_p2                   |      icmp|   0|  0|  13|          10|           1|
    |icmp_ln37_fu_401_p2                      |      icmp|   0|  0|  69|          62|          62|
    |icmp_ln38_1_fu_433_p2                    |      icmp|   0|  0|  39|          32|          32|
    |icmp_ln38_2_fu_632_p2                    |      icmp|   0|  0|  39|          32|          32|
    |icmp_ln38_fu_357_p2                      |      icmp|   0|  0|  39|          32|           1|
    |icmp_ln63_1_fu_550_p2                    |      icmp|   0|  0|  14|           9|           1|
    |icmp_ln63_fu_476_p2                      |      icmp|   0|  0|  37|          30|           1|
    |icmp_ln75_fu_1038_p2                     |      icmp|   0|  0|  11|           3|           1|
    |icmp_ln76_fu_1062_p2                     |      icmp|   0|  0|  11|           3|           1|
    |icmp_ln77_fu_1086_p2                     |      icmp|   0|  0|  11|           3|           1|
    |ap_block_pp0_stage0_01001_grp1           |        or|   0|  0|   2|           1|           1|
    |ap_block_pp0_stage0_11001                |        or|   0|  0|   2|           1|           1|
    |or_ln80_fu_1112_p2                       |        or|   0|  0|   2|           1|           1|
    |or_ln81_fu_1138_p2                       |        or|   0|  0|   2|           1|           1|
    |or_ln82_fu_1164_p2                       |        or|   0|  0|   2|           1|           1|
    |buf_val_1_fu_588_p3                      |    select|   0|  0|  24|           1|          24|
    |buf_val_fu_664_p3                        |    select|   0|  0|  24|           1|          24|
    |empty_48_fu_958_p3                       |    select|   0|  0|  31|           1|          31|
    |select_ln37_2_fu_452_p3                  |    select|   0|  0|  31|           1|          31|
    |select_ln37_fu_438_p3                    |    select|   0|  0|  10|           1|          10|
    |select_ln38_fu_952_p3                    |    select|   0|  0|  31|           1|          31|
    |select_ln80_1_fu_1104_p3                 |    select|   0|  0|   2|           1|           2|
    |select_ln80_fu_1118_p3                   |    select|   0|  0|   8|           1|           8|
    |select_ln81_1_fu_1130_p3                 |    select|   0|  0|   2|           1|           2|
    |select_ln81_fu_1144_p3                   |    select|   0|  0|   8|           1|           8|
    |select_ln82_1_fu_1156_p3                 |    select|   0|  0|   2|           1|           2|
    |select_ln82_fu_1170_p3                   |    select|   0|  0|   8|           1|           8|
    |ap_enable_pp0                            |       xor|   0|  0|   2|           1|           2|
    +-----------------------------------------+----------+----+---+----+------------+------------+
    |Total                                    |          |   0|  0|1077|         746|         733|
    +-----------------------------------------+----------+----+---+----+------------+------------+

    * Multiplexer: 
    +-------------------------+----+-----------+-----+-----------+
    |           Name          | LUT| Input Size| Bits| Total Bits|
    +-------------------------+----+-----------+-----+-----------+
    |ap_done_int              |   9|          2|    1|          2|
    |ap_enable_reg_pp0_iter1  |   9|          2|    1|          2|
    |ap_enable_reg_pp0_iter5  |   9|          2|    1|          2|
    |gmem_invoer_blk_n_R      |   9|          2|    1|          2|
    |gmem_uitvoer_blk_n_AW    |   9|          2|    1|          2|
    |gmem_uitvoer_blk_n_B     |   9|          2|    1|          2|
    |gmem_uitvoer_blk_n_W     |   9|          2|    1|          2|
    |indvar_flatten_fu_200    |   9|          2|   62|        124|
    |reuse_addr_reg47_fu_140  |   9|          2|   64|        128|
    |reuse_addr_reg_fu_148    |   9|          2|   64|        128|
    |reuse_reg46_fu_144       |   9|          2|   24|         48|
    |reuse_reg_fu_152         |   9|          2|   24|         48|
    |x_fu_192                 |   9|          2|   10|         20|
    |y_fu_196                 |   9|          2|   31|         62|
    +-------------------------+----+-----------+-----+-----------+
    |Total                    | 126|         28|  286|        572|
    +-------------------------+----+-----------+-----+-----------+

    * Register: 
    +-------------------------------------+----+----+-----+-----------+
    |                 Name                | FF | LUT| Bits| Const Bits|
    +-------------------------------------+----+----+-----+-----------+
    |add_ln38_reg_1482                    |  10|   0|   10|          0|
    |add_ln69_reg_1544                    |   9|   0|    9|          0|
    |add_ln70_reg_1554                    |   9|   0|    9|          0|
    |add_ln71_reg_1564                    |   9|   0|    9|          0|
    |addr_cmp50_reg_1438                  |   1|   0|    1|          0|
    |addr_cmp50_reg_1438_pp0_iter3_reg    |   1|   0|    1|          0|
    |addr_cmp_reg_1455                    |   1|   0|    1|          0|
    |and_ln63_reg_1478                    |   1|   0|    1|          0|
    |ap_CS_fsm                            |   1|   0|    1|          0|
    |ap_done_reg                          |   1|   0|    1|          0|
    |ap_enable_reg_pp0_iter1              |   1|   0|    1|          0|
    |ap_enable_reg_pp0_iter10             |   1|   0|    1|          0|
    |ap_enable_reg_pp0_iter11             |   1|   0|    1|          0|
    |ap_enable_reg_pp0_iter12             |   1|   0|    1|          0|
    |ap_enable_reg_pp0_iter2              |   1|   0|    1|          0|
    |ap_enable_reg_pp0_iter3              |   1|   0|    1|          0|
    |ap_enable_reg_pp0_iter4              |   1|   0|    1|          0|
    |ap_enable_reg_pp0_iter5              |   1|   0|    1|          0|
    |ap_enable_reg_pp0_iter6              |   1|   0|    1|          0|
    |ap_enable_reg_pp0_iter7              |   1|   0|    1|          0|
    |ap_enable_reg_pp0_iter8              |   1|   0|    1|          0|
    |ap_enable_reg_pp0_iter9              |   1|   0|    1|          0|
    |ap_loop_exit_ready_pp0_iter10_reg    |   1|   0|    1|          0|
    |ap_loop_exit_ready_pp0_iter11_reg    |   1|   0|    1|          0|
    |ap_loop_exit_ready_pp0_iter2_reg     |   1|   0|    1|          0|
    |ap_loop_exit_ready_pp0_iter3_reg     |   1|   0|    1|          0|
    |ap_loop_exit_ready_pp0_iter4_reg     |   1|   0|    1|          0|
    |ap_loop_exit_ready_pp0_iter5_reg     |   1|   0|    1|          0|
    |ap_loop_exit_ready_pp0_iter6_reg     |   1|   0|    1|          0|
    |ap_loop_exit_ready_pp0_iter7_reg     |   1|   0|    1|          0|
    |ap_loop_exit_ready_pp0_iter8_reg     |   1|   0|    1|          0|
    |ap_loop_exit_ready_pp0_iter9_reg     |   1|   0|    1|          0|
    |empty_29_fu_160                      |   8|   0|    8|          0|
    |empty_30_fu_164                      |   8|   0|    8|          0|
    |empty_31_fu_168                      |   8|   0|    8|          0|
    |empty_32_fu_172                      |   8|   0|    8|          0|
    |empty_33_fu_176                      |   8|   0|    8|          0|
    |empty_34_fu_180                      |   8|   0|    8|          0|
    |empty_35_fu_184                      |   8|   0|    8|          0|
    |empty_36_fu_188                      |   8|   0|    8|          0|
    |empty_37_fu_204                      |   8|   0|    8|          0|
    |empty_38_fu_208                      |   8|   0|    8|          0|
    |empty_39_fu_212                      |   8|   0|    8|          0|
    |empty_40_fu_216                      |   8|   0|    8|          0|
    |empty_41_fu_220                      |   8|   0|    8|          0|
    |empty_42_fu_224                      |   8|   0|    8|          0|
    |empty_43_fu_228                      |   8|   0|    8|          0|
    |empty_44_fu_232                      |   8|   0|    8|          0|
    |empty_45_fu_236                      |   8|   0|    8|          0|
    |empty_48_reg_1574                    |  31|   0|   31|          0|
    |empty_fu_156                         |   8|   0|    8|          0|
    |first_iter_0_reg_1424                |   1|   0|    1|          0|
    |icmp_ln37_reg_1415                   |   1|   0|    1|          0|
    |icmp_ln38_2_reg_1515                 |   1|   0|    1|          0|
    |icmp_ln38_reg_1410                   |   1|   0|    1|          0|
    |icmp_ln63_reg_1428                   |   1|   0|    1|          0|
    |indvar_flatten_fu_200                |  62|   0|   62|          0|
    |line_buffer_1_addr_reg_1443          |   9|   0|    9|          0|
    |line_buffer_addr_reg_1433            |   9|   0|    9|          0|
    |mul_ln37_reg_1519                    |  62|   0|   62|          0|
    |reuse_addr_reg47_fu_140              |  64|   0|   64|          0|
    |reuse_addr_reg_fu_148                |  64|   0|   64|          0|
    |reuse_reg46_fu_144                   |  24|   0|   24|          0|
    |reuse_reg46_load_reg_1492            |  24|   0|   24|          0|
    |reuse_reg_fu_152                     |  24|   0|   24|          0|
    |select_ln37_2_reg_1419               |  31|   0|   31|          0|
    |select_ln80_reg_1579                 |   8|   0|    8|          0|
    |select_ln80_reg_1579_pp0_iter6_reg   |   8|   0|    8|          0|
    |select_ln81_reg_1584                 |   8|   0|    8|          0|
    |select_ln81_reg_1584_pp0_iter6_reg   |   8|   0|    8|          0|
    |select_ln82_reg_1589                 |   8|   0|    8|          0|
    |select_ln82_reg_1589_pp0_iter6_reg   |   8|   0|    8|          0|
    |sext_ln37_1_cast_reg_1395            |  62|   0|   62|          0|
    |sext_ln38_mid2_v_reg_1569            |  62|   0|   62|          0|
    |sum1_reg_1539                        |  10|   0|   10|          0|
    |sum3_reg_1549                        |  10|   0|   10|          0|
    |sum5_reg_1559                        |  10|   0|   10|          0|
    |tmp_1_reg_1529                       |   8|   0|    8|          0|
    |tmp_2_reg_1534                       |   8|   0|    8|          0|
    |tmp_4_reg_1503                       |   8|   0|    8|          0|
    |tmp_5_reg_1509                       |   8|   0|    8|          0|
    |tmp_7_reg_1466                       |   8|   0|    8|          0|
    |tmp_7_reg_1466_pp0_iter3_reg         |   8|   0|    8|          0|
    |tmp_8_reg_1472                       |   8|   0|    8|          0|
    |tmp_8_reg_1472_pp0_iter3_reg         |   8|   0|    8|          0|
    |trunc_ln43_reg_1449                  |  24|   0|   24|          0|
    |trunc_ln57_1_reg_1497                |   8|   0|    8|          0|
    |trunc_ln57_2_reg_1460                |   8|   0|    8|          0|
    |trunc_ln57_2_reg_1460_pp0_iter3_reg  |   8|   0|    8|          0|
    |trunc_ln57_reg_1524                  |   8|   0|    8|          0|
    |x_fu_192                             |  10|   0|   10|          0|
    |y_fu_196                             |  31|   0|   31|          0|
    |zext_ln37_cast_reg_1400              |  32|   0|   62|         30|
    |and_ln63_reg_1478                    |  64|  32|    1|          0|
    |first_iter_0_reg_1424                |  64|  32|    1|          0|
    |icmp_ln37_reg_1415                   |  64|  32|    1|          0|
    |icmp_ln38_2_reg_1515                 |  64|  32|    1|          0|
    |icmp_ln63_reg_1428                   |  64|  32|    1|          0|
    +-------------------------------------+----+----+-----+-----------+
    |Total                                |1333| 160| 1048|         30|
    +-------------------------------------+----+----+-----+-----------+



================================================================
== Interface
================================================================
* Summary: 
+-------------------------------+-----+-----+------------+------------------------------------------------+--------------+
|           RTL Ports           | Dir | Bits|  Protocol  |                  Source Object                 |    C Type    |
+-------------------------------+-----+-----+------------+------------------------------------------------+--------------+
|ap_clk                         |   in|    1|  ap_ctrl_hs|  filter_afbeelding_Pipeline_Loop_Rows_Loop_Cols|  return value|
|ap_rst                         |   in|    1|  ap_ctrl_hs|  filter_afbeelding_Pipeline_Loop_Rows_Loop_Cols|  return value|
|ap_start                       |   in|    1|  ap_ctrl_hs|  filter_afbeelding_Pipeline_Loop_Rows_Loop_Cols|  return value|
|ap_done                        |  out|    1|  ap_ctrl_hs|  filter_afbeelding_Pipeline_Loop_Rows_Loop_Cols|  return value|
|ap_idle                        |  out|    1|  ap_ctrl_hs|  filter_afbeelding_Pipeline_Loop_Rows_Loop_Cols|  return value|
|ap_ready                       |  out|    1|  ap_ctrl_hs|  filter_afbeelding_Pipeline_Loop_Rows_Loop_Cols|  return value|
|m_axi_gmem_invoer_0_AWVALID    |  out|    1|       m_axi|                                     gmem_invoer|       pointer|
|m_axi_gmem_invoer_0_AWREADY    |   in|    1|       m_axi|                                     gmem_invoer|       pointer|
|m_axi_gmem_invoer_0_AWADDR     |  out|   64|       m_axi|                                     gmem_invoer|       pointer|
|m_axi_gmem_invoer_0_AWID       |  out|    1|       m_axi|                                     gmem_invoer|       pointer|
|m_axi_gmem_invoer_0_AWLEN      |  out|   32|       m_axi|                                     gmem_invoer|       pointer|
|m_axi_gmem_invoer_0_AWSIZE     |  out|    3|       m_axi|                                     gmem_invoer|       pointer|
|m_axi_gmem_invoer_0_AWBURST    |  out|    2|       m_axi|                                     gmem_invoer|       pointer|
|m_axi_gmem_invoer_0_AWLOCK     |  out|    2|       m_axi|                                     gmem_invoer|       pointer|
|m_axi_gmem_invoer_0_AWCACHE    |  out|    4|       m_axi|                                     gmem_invoer|       pointer|
|m_axi_gmem_invoer_0_AWPROT     |  out|    3|       m_axi|                                     gmem_invoer|       pointer|
|m_axi_gmem_invoer_0_AWQOS      |  out|    4|       m_axi|                                     gmem_invoer|       pointer|
|m_axi_gmem_invoer_0_AWREGION   |  out|    4|       m_axi|                                     gmem_invoer|       pointer|
|m_axi_gmem_invoer_0_AWUSER     |  out|    1|       m_axi|                                     gmem_invoer|       pointer|
|m_axi_gmem_invoer_0_WVALID     |  out|    1|       m_axi|                                     gmem_invoer|       pointer|
|m_axi_gmem_invoer_0_WREADY     |   in|    1|       m_axi|                                     gmem_invoer|       pointer|
|m_axi_gmem_invoer_0_WDATA      |  out|   32|       m_axi|                                     gmem_invoer|       pointer|
|m_axi_gmem_invoer_0_WSTRB      |  out|    4|       m_axi|                                     gmem_invoer|       pointer|
|m_axi_gmem_invoer_0_WLAST      |  out|    1|       m_axi|                                     gmem_invoer|       pointer|
|m_axi_gmem_invoer_0_WID        |  out|    1|       m_axi|                                     gmem_invoer|       pointer|
|m_axi_gmem_invoer_0_WUSER      |  out|    1|       m_axi|                                     gmem_invoer|       pointer|
|m_axi_gmem_invoer_0_ARVALID    |  out|    1|       m_axi|                                     gmem_invoer|       pointer|
|m_axi_gmem_invoer_0_ARREADY    |   in|    1|       m_axi|                                     gmem_invoer|       pointer|
|m_axi_gmem_invoer_0_ARADDR     |  out|   64|       m_axi|                                     gmem_invoer|       pointer|
|m_axi_gmem_invoer_0_ARID       |  out|    1|       m_axi|                                     gmem_invoer|       pointer|
|m_axi_gmem_invoer_0_ARLEN      |  out|   32|       m_axi|                                     gmem_invoer|       pointer|
|m_axi_gmem_invoer_0_ARSIZE     |  out|    3|       m_axi|                                     gmem_invoer|       pointer|
|m_axi_gmem_invoer_0_ARBURST    |  out|    2|       m_axi|                                     gmem_invoer|       pointer|
|m_axi_gmem_invoer_0_ARLOCK     |  out|    2|       m_axi|                                     gmem_invoer|       pointer|
|m_axi_gmem_invoer_0_ARCACHE    |  out|    4|       m_axi|                                     gmem_invoer|       pointer|
|m_axi_gmem_invoer_0_ARPROT     |  out|    3|       m_axi|                                     gmem_invoer|       pointer|
|m_axi_gmem_invoer_0_ARQOS      |  out|    4|       m_axi|                                     gmem_invoer|       pointer|
|m_axi_gmem_invoer_0_ARREGION   |  out|    4|       m_axi|                                     gmem_invoer|       pointer|
|m_axi_gmem_invoer_0_ARUSER     |  out|    1|       m_axi|                                     gmem_invoer|       pointer|
|m_axi_gmem_invoer_0_RVALID     |   in|    1|       m_axi|                                     gmem_invoer|       pointer|
|m_axi_gmem_invoer_0_RREADY     |  out|    1|       m_axi|                                     gmem_invoer|       pointer|
|m_axi_gmem_invoer_0_RDATA      |   in|   32|       m_axi|                                     gmem_invoer|       pointer|
|m_axi_gmem_invoer_0_RLAST      |   in|    1|       m_axi|                                     gmem_invoer|       pointer|
|m_axi_gmem_invoer_0_RID        |   in|    1|       m_axi|                                     gmem_invoer|       pointer|
|m_axi_gmem_invoer_0_RFIFONUM   |   in|   11|       m_axi|                                     gmem_invoer|       pointer|
|m_axi_gmem_invoer_0_RUSER      |   in|    1|       m_axi|                                     gmem_invoer|       pointer|
|m_axi_gmem_invoer_0_RRESP      |   in|    2|       m_axi|                                     gmem_invoer|       pointer|
|m_axi_gmem_invoer_0_BVALID     |   in|    1|       m_axi|                                     gmem_invoer|       pointer|
|m_axi_gmem_invoer_0_BREADY     |  out|    1|       m_axi|                                     gmem_invoer|       pointer|
|m_axi_gmem_invoer_0_BRESP      |   in|    2|       m_axi|                                     gmem_invoer|       pointer|
|m_axi_gmem_invoer_0_BID        |   in|    1|       m_axi|                                     gmem_invoer|       pointer|
|m_axi_gmem_invoer_0_BUSER      |   in|    1|       m_axi|                                     gmem_invoer|       pointer|
|m_axi_gmem_uitvoer_0_AWVALID   |  out|    1|       m_axi|                                    gmem_uitvoer|       pointer|
|m_axi_gmem_uitvoer_0_AWREADY   |   in|    1|       m_axi|                                    gmem_uitvoer|       pointer|
|m_axi_gmem_uitvoer_0_AWADDR    |  out|   64|       m_axi|                                    gmem_uitvoer|       pointer|
|m_axi_gmem_uitvoer_0_AWID      |  out|    1|       m_axi|                                    gmem_uitvoer|       pointer|
|m_axi_gmem_uitvoer_0_AWLEN     |  out|   32|       m_axi|                                    gmem_uitvoer|       pointer|
|m_axi_gmem_uitvoer_0_AWSIZE    |  out|    3|       m_axi|                                    gmem_uitvoer|       pointer|
|m_axi_gmem_uitvoer_0_AWBURST   |  out|    2|       m_axi|                                    gmem_uitvoer|       pointer|
|m_axi_gmem_uitvoer_0_AWLOCK    |  out|    2|       m_axi|                                    gmem_uitvoer|       pointer|
|m_axi_gmem_uitvoer_0_AWCACHE   |  out|    4|       m_axi|                                    gmem_uitvoer|       pointer|
|m_axi_gmem_uitvoer_0_AWPROT    |  out|    3|       m_axi|                                    gmem_uitvoer|       pointer|
|m_axi_gmem_uitvoer_0_AWQOS     |  out|    4|       m_axi|                                    gmem_uitvoer|       pointer|
|m_axi_gmem_uitvoer_0_AWREGION  |  out|    4|       m_axi|                                    gmem_uitvoer|       pointer|
|m_axi_gmem_uitvoer_0_AWUSER    |  out|    1|       m_axi|                                    gmem_uitvoer|       pointer|
|m_axi_gmem_uitvoer_0_WVALID    |  out|    1|       m_axi|                                    gmem_uitvoer|       pointer|
|m_axi_gmem_uitvoer_0_WREADY    |   in|    1|       m_axi|                                    gmem_uitvoer|       pointer|
|m_axi_gmem_uitvoer_0_WDATA     |  out|   32|       m_axi|                                    gmem_uitvoer|       pointer|
|m_axi_gmem_uitvoer_0_WSTRB     |  out|    4|       m_axi|                                    gmem_uitvoer|       pointer|
|m_axi_gmem_uitvoer_0_WLAST     |  out|    1|       m_axi|                                    gmem_uitvoer|       pointer|
|m_axi_gmem_uitvoer_0_WID       |  out|    1|       m_axi|                                    gmem_uitvoer|       pointer|
|m_axi_gmem_uitvoer_0_WUSER     |  out|    1|       m_axi|                                    gmem_uitvoer|       pointer|
|m_axi_gmem_uitvoer_0_ARVALID   |  out|    1|       m_axi|                                    gmem_uitvoer|       pointer|
|m_axi_gmem_uitvoer_0_ARREADY   |   in|    1|       m_axi|                                    gmem_uitvoer|       pointer|
|m_axi_gmem_uitvoer_0_ARADDR    |  out|   64|       m_axi|                                    gmem_uitvoer|       pointer|
|m_axi_gmem_uitvoer_0_ARID      |  out|    1|       m_axi|                                    gmem_uitvoer|       pointer|
|m_axi_gmem_uitvoer_0_ARLEN     |  out|   32|       m_axi|                                    gmem_uitvoer|       pointer|
|m_axi_gmem_uitvoer_0_ARSIZE    |  out|    3|       m_axi|                                    gmem_uitvoer|       pointer|
|m_axi_gmem_uitvoer_0_ARBURST   |  out|    2|       m_axi|                                    gmem_uitvoer|       pointer|
|m_axi_gmem_uitvoer_0_ARLOCK    |  out|    2|       m_axi|                                    gmem_uitvoer|       pointer|
|m_axi_gmem_uitvoer_0_ARCACHE   |  out|    4|       m_axi|                                    gmem_uitvoer|       pointer|
|m_axi_gmem_uitvoer_0_ARPROT    |  out|    3|       m_axi|                                    gmem_uitvoer|       pointer|
|m_axi_gmem_uitvoer_0_ARQOS     |  out|    4|       m_axi|                                    gmem_uitvoer|       pointer|
|m_axi_gmem_uitvoer_0_ARREGION  |  out|    4|       m_axi|                                    gmem_uitvoer|       pointer|
|m_axi_gmem_uitvoer_0_ARUSER    |  out|    1|       m_axi|                                    gmem_uitvoer|       pointer|
|m_axi_gmem_uitvoer_0_RVALID    |   in|    1|       m_axi|                                    gmem_uitvoer|       pointer|
|m_axi_gmem_uitvoer_0_RREADY    |  out|    1|       m_axi|                                    gmem_uitvoer|       pointer|
|m_axi_gmem_uitvoer_0_RDATA     |   in|   32|       m_axi|                                    gmem_uitvoer|       pointer|
|m_axi_gmem_uitvoer_0_RLAST     |   in|    1|       m_axi|                                    gmem_uitvoer|       pointer|
|m_axi_gmem_uitvoer_0_RID       |   in|    1|       m_axi|                                    gmem_uitvoer|       pointer|
|m_axi_gmem_uitvoer_0_RFIFONUM  |   in|    9|       m_axi|                                    gmem_uitvoer|       pointer|
|m_axi_gmem_uitvoer_0_RUSER     |   in|    1|       m_axi|                                    gmem_uitvoer|       pointer|
|m_axi_gmem_uitvoer_0_RRESP     |   in|    2|       m_axi|                                    gmem_uitvoer|       pointer|
|m_axi_gmem_uitvoer_0_BVALID    |   in|    1|       m_axi|                                    gmem_uitvoer|       pointer|
|m_axi_gmem_uitvoer_0_BREADY    |  out|    1|       m_axi|                                    gmem_uitvoer|       pointer|
|m_axi_gmem_uitvoer_0_BRESP     |   in|    2|       m_axi|                                    gmem_uitvoer|       pointer|
|m_axi_gmem_uitvoer_0_BID       |   in|    1|       m_axi|                                    gmem_uitvoer|       pointer|
|m_axi_gmem_uitvoer_0_BUSER     |   in|    1|       m_axi|                                    gmem_uitvoer|       pointer|
|breedte                        |   in|   32|     ap_none|                                         breedte|        scalar|
|mul_ln3                        |   in|   62|     ap_none|                                         mul_ln3|        scalar|
|sext_ln37                      |   in|   62|     ap_none|                                       sext_ln37|        scalar|
|zext_ln37                      |   in|   32|     ap_none|                                       zext_ln37|        scalar|
|sext_ln37_1                    |   in|   33|     ap_none|                                     sext_ln37_1|        scalar|
|uitvoer_pixels                 |   in|   64|     ap_none|                                  uitvoer_pixels|        scalar|
|select_ln37_1                  |   in|   31|     ap_none|                                   select_ln37_1|        scalar|
+-------------------------------+-----+-----+------------+------------------------------------------------+--------------+

