
*** Running vivado
    with args -log design_1_wrapper.vds -m64 -product Vivado -mode batch -messageDb vivado.pb -notrace -source design_1_wrapper.tcl



****** Vivado v2025.2 (64-bit)
  **** SW Build 6299465 on Fri Nov 14 19:35:11 GMT 2025
  **** IP Build 6300035 on Fri Nov 14 10:48:45 MST 2025
  **** SharedData Build 6298862 on Thu Nov 13 04:50:51 MST 2025
  **** Start of session at: Fri May 22 03:09:03 2026
    ** Copyright 1986-2022 Xilinx, Inc. All Rights Reserved.
    ** Copyright 2022-2025 Advanced Micro Devices, Inc. All Rights Reserved.

source design_1_wrapper.tcl -notrace
create_project: Time (s): cpu = 00:00:10 ; elapsed = 00:00:07 . Memory (MB): peak = 524.285 ; gain = 219.438
INFO: [IP_Flow 19-234] Refreshing IP repositories
INFO: [IP_Flow 19-1700] Loaded user IP repository 'c:/2eai-soc-2526-weerstation-bj-mk-tm/CodesPart3V3/ip_repo'.
INFO: [IP_Flow 19-1700] Loaded user IP repository 'c:/2EAI-HAC-2526-TaskHLS-bj-mk-tm/Edges/Edges/hls/impl/ip'.
INFO: [IP_Flow 19-2313] Loaded Vivado IP repository 'C:/AMDDesignTools/2025.2/Vivado/data/ip'.
Command: synth_design -top design_1_wrapper -part xc7z020clg400-1
Starting synth_design
Attempting to get a license for feature 'Synthesis' and/or device 'xc7z020'
INFO: [Common 17-349] Got license for feature 'Synthesis' and/or device 'xc7z020'
INFO: [Device 21-403] Loading part xc7z020clg400-1
INFO: [Synth 8-7079] Multithreading enabled for synth_design using a maximum of 2 processes.
INFO: [Synth 8-7078] Launching helper process for spawning children vivado processes
INFO: [Synth 8-7075] Helper process launched with PID 26988
---------------------------------------------------------------------------------
Starting RTL Elaboration : Time (s): cpu = 00:00:05 ; elapsed = 00:00:06 . Memory (MB): peak = 1348.754 ; gain = 541.516
---------------------------------------------------------------------------------
INFO: [Synth 8-6157] synthesizing module 'design_1_wrapper' [c:/2EAI-HAC-2526-TaskHLS-bj-mk-tm/vivado_edges/vivado_edges.gen/sources_1/bd/design_1/hdl/design_1_wrapper.v:13]
INFO: [Synth 8-6157] synthesizing module 'design_1' [c:/2EAI-HAC-2526-TaskHLS-bj-mk-tm/vivado_edges/vivado_edges.gen/sources_1/bd/design_1/synth/design_1.v:13]
INFO: [Synth 8-6157] synthesizing module 'design_1_axi_mem_intercon_0' [c:/2EAI-HAC-2526-TaskHLS-bj-mk-tm/vivado_edges/vivado_edges.gen/sources_1/bd/design_1/synth/design_1.v:569]
INFO: [Synth 8-6157] synthesizing module 's00_couplers_imp_7HNO1D' [c:/2EAI-HAC-2526-TaskHLS-bj-mk-tm/vivado_edges/vivado_edges.gen/sources_1/bd/design_1/synth/design_1.v:883]
INFO: [Synth 8-6157] synthesizing module 'design_1_axi_mem_intercon_imp_auto_pc_0' [C:/2EAI-HAC-2526-TaskHLS-bj-mk-tm/vivado_edges/vivado_edges.runs/synth_1/.Xil/Vivado-5532-ELITE/realtime/design_1_axi_mem_intercon_imp_auto_pc_0_stub.v:6]
INFO: [Synth 8-6155] done synthesizing module 'design_1_axi_mem_intercon_imp_auto_pc_0' (0#1) [C:/2EAI-HAC-2526-TaskHLS-bj-mk-tm/vivado_edges/vivado_edges.runs/synth_1/.Xil/Vivado-5532-ELITE/realtime/design_1_axi_mem_intercon_imp_auto_pc_0_stub.v:6]
WARNING: [Synth 8-7071] port 'm_axi_wid' of module 'design_1_axi_mem_intercon_imp_auto_pc_0' is unconnected for instance 'auto_pc' [c:/2EAI-HAC-2526-TaskHLS-bj-mk-tm/vivado_edges/vivado_edges.gen/sources_1/bd/design_1/synth/design_1.v:1149]
WARNING: [Synth 8-7023] instance 'auto_pc' of module 'design_1_axi_mem_intercon_imp_auto_pc_0' has 79 connections declared, but only 78 given [c:/2EAI-HAC-2526-TaskHLS-bj-mk-tm/vivado_edges/vivado_edges.gen/sources_1/bd/design_1/synth/design_1.v:1149]
INFO: [Synth 8-6157] synthesizing module 'design_1_axi_mem_intercon_imp_auto_us_0' [C:/2EAI-HAC-2526-TaskHLS-bj-mk-tm/vivado_edges/vivado_edges.runs/synth_1/.Xil/Vivado-5532-ELITE/realtime/design_1_axi_mem_intercon_imp_auto_us_0_stub.v:6]
INFO: [Synth 8-6155] done synthesizing module 'design_1_axi_mem_intercon_imp_auto_us_0' (0#1) [C:/2EAI-HAC-2526-TaskHLS-bj-mk-tm/vivado_edges/vivado_edges.runs/synth_1/.Xil/Vivado-5532-ELITE/realtime/design_1_axi_mem_intercon_imp_auto_us_0_stub.v:6]
INFO: [Synth 8-6155] done synthesizing module 's00_couplers_imp_7HNO1D' (0#1) [c:/2EAI-HAC-2526-TaskHLS-bj-mk-tm/vivado_edges/vivado_edges.gen/sources_1/bd/design_1/synth/design_1.v:883]
INFO: [Synth 8-6155] done synthesizing module 'design_1_axi_mem_intercon_0' (0#1) [c:/2EAI-HAC-2526-TaskHLS-bj-mk-tm/vivado_edges/vivado_edges.gen/sources_1/bd/design_1/synth/design_1.v:569]
INFO: [Synth 8-6157] synthesizing module 'design_1_axi_smc_0' [C:/2EAI-HAC-2526-TaskHLS-bj-mk-tm/vivado_edges/vivado_edges.runs/synth_1/.Xil/Vivado-5532-ELITE/realtime/design_1_axi_smc_0_stub.v:6]
INFO: [Synth 8-6155] done synthesizing module 'design_1_axi_smc_0' (0#1) [C:/2EAI-HAC-2526-TaskHLS-bj-mk-tm/vivado_edges/vivado_edges.runs/synth_1/.Xil/Vivado-5532-ELITE/realtime/design_1_axi_smc_0_stub.v:6]
WARNING: [Synth 8-7071] port 'M00_AXI_awprot' of module 'design_1_axi_smc_0' is unconnected for instance 'axi_smc' [c:/2EAI-HAC-2526-TaskHLS-bj-mk-tm/vivado_edges/vivado_edges.gen/sources_1/bd/design_1/synth/design_1.v:306]
WARNING: [Synth 8-7071] port 'M00_AXI_arprot' of module 'design_1_axi_smc_0' is unconnected for instance 'axi_smc' [c:/2EAI-HAC-2526-TaskHLS-bj-mk-tm/vivado_edges/vivado_edges.gen/sources_1/bd/design_1/synth/design_1.v:306]
WARNING: [Synth 8-7071] port 'M01_AXI_awprot' of module 'design_1_axi_smc_0' is unconnected for instance 'axi_smc' [c:/2EAI-HAC-2526-TaskHLS-bj-mk-tm/vivado_edges/vivado_edges.gen/sources_1/bd/design_1/synth/design_1.v:306]
WARNING: [Synth 8-7071] port 'M01_AXI_arprot' of module 'design_1_axi_smc_0' is unconnected for instance 'axi_smc' [c:/2EAI-HAC-2526-TaskHLS-bj-mk-tm/vivado_edges/vivado_edges.gen/sources_1/bd/design_1/synth/design_1.v:306]
WARNING: [Synth 8-7023] instance 'axi_smc' of module 'design_1_axi_smc_0' has 78 connections declared, but only 74 given [c:/2EAI-HAC-2526-TaskHLS-bj-mk-tm/vivado_edges/vivado_edges.gen/sources_1/bd/design_1/synth/design_1.v:306]
INFO: [Synth 8-6157] synthesizing module 'design_1_processing_system7_0_0' [C:/2EAI-HAC-2526-TaskHLS-bj-mk-tm/vivado_edges/vivado_edges.runs/synth_1/.Xil/Vivado-5532-ELITE/realtime/design_1_processing_system7_0_0_stub.v:6]
INFO: [Synth 8-6155] done synthesizing module 'design_1_processing_system7_0_0' (0#1) [C:/2EAI-HAC-2526-TaskHLS-bj-mk-tm/vivado_edges/vivado_edges.runs/synth_1/.Xil/Vivado-5532-ELITE/realtime/design_1_processing_system7_0_0_stub.v:6]
WARNING: [Synth 8-7071] port 'USB0_PORT_INDCTL' of module 'design_1_processing_system7_0_0' is unconnected for instance 'processing_system7_0' [c:/2EAI-HAC-2526-TaskHLS-bj-mk-tm/vivado_edges/vivado_edges.gen/sources_1/bd/design_1/synth/design_1.v:381]
WARNING: [Synth 8-7071] port 'USB0_VBUS_PWRSELECT' of module 'design_1_processing_system7_0_0' is unconnected for instance 'processing_system7_0' [c:/2EAI-HAC-2526-TaskHLS-bj-mk-tm/vivado_edges/vivado_edges.gen/sources_1/bd/design_1/synth/design_1.v:381]
WARNING: [Synth 8-7071] port 'S_AXI_HP0_BID' of module 'design_1_processing_system7_0_0' is unconnected for instance 'processing_system7_0' [c:/2EAI-HAC-2526-TaskHLS-bj-mk-tm/vivado_edges/vivado_edges.gen/sources_1/bd/design_1/synth/design_1.v:381]
WARNING: [Synth 8-7071] port 'S_AXI_HP0_RID' of module 'design_1_processing_system7_0_0' is unconnected for instance 'processing_system7_0' [c:/2EAI-HAC-2526-TaskHLS-bj-mk-tm/vivado_edges/vivado_edges.gen/sources_1/bd/design_1/synth/design_1.v:381]
WARNING: [Synth 8-7071] port 'S_AXI_HP0_RCOUNT' of module 'design_1_processing_system7_0_0' is unconnected for instance 'processing_system7_0' [c:/2EAI-HAC-2526-TaskHLS-bj-mk-tm/vivado_edges/vivado_edges.gen/sources_1/bd/design_1/synth/design_1.v:381]
WARNING: [Synth 8-7071] port 'S_AXI_HP0_WCOUNT' of module 'design_1_processing_system7_0_0' is unconnected for instance 'processing_system7_0' [c:/2EAI-HAC-2526-TaskHLS-bj-mk-tm/vivado_edges/vivado_edges.gen/sources_1/bd/design_1/synth/design_1.v:381]
WARNING: [Synth 8-7071] port 'S_AXI_HP0_RACOUNT' of module 'design_1_processing_system7_0_0' is unconnected for instance 'processing_system7_0' [c:/2EAI-HAC-2526-TaskHLS-bj-mk-tm/vivado_edges/vivado_edges.gen/sources_1/bd/design_1/synth/design_1.v:381]
WARNING: [Synth 8-7071] port 'S_AXI_HP0_WACOUNT' of module 'design_1_processing_system7_0_0' is unconnected for instance 'processing_system7_0' [c:/2EAI-HAC-2526-TaskHLS-bj-mk-tm/vivado_edges/vivado_edges.gen/sources_1/bd/design_1/synth/design_1.v:381]
WARNING: [Synth 8-7023] instance 'processing_system7_0' of module 'design_1_processing_system7_0_0' has 110 connections declared, but only 102 given [c:/2EAI-HAC-2526-TaskHLS-bj-mk-tm/vivado_edges/vivado_edges.gen/sources_1/bd/design_1/synth/design_1.v:381]
INFO: [Synth 8-6157] synthesizing module 'design_1_rst_ps7_0_100M_0' [C:/2EAI-HAC-2526-TaskHLS-bj-mk-tm/vivado_edges/vivado_edges.runs/synth_1/.Xil/Vivado-5532-ELITE/realtime/design_1_rst_ps7_0_100M_0_stub.v:6]
INFO: [Synth 8-6155] done synthesizing module 'design_1_rst_ps7_0_100M_0' (0#1) [C:/2EAI-HAC-2526-TaskHLS-bj-mk-tm/vivado_edges/vivado_edges.runs/synth_1/.Xil/Vivado-5532-ELITE/realtime/design_1_rst_ps7_0_100M_0_stub.v:6]
WARNING: [Synth 8-7071] port 'mb_reset' of module 'design_1_rst_ps7_0_100M_0' is unconnected for instance 'rst_ps7_0_100M' [c:/2EAI-HAC-2526-TaskHLS-bj-mk-tm/vivado_edges/vivado_edges.gen/sources_1/bd/design_1/synth/design_1.v:484]
WARNING: [Synth 8-7071] port 'bus_struct_reset' of module 'design_1_rst_ps7_0_100M_0' is unconnected for instance 'rst_ps7_0_100M' [c:/2EAI-HAC-2526-TaskHLS-bj-mk-tm/vivado_edges/vivado_edges.gen/sources_1/bd/design_1/synth/design_1.v:484]
WARNING: [Synth 8-7071] port 'peripheral_reset' of module 'design_1_rst_ps7_0_100M_0' is unconnected for instance 'rst_ps7_0_100M' [c:/2EAI-HAC-2526-TaskHLS-bj-mk-tm/vivado_edges/vivado_edges.gen/sources_1/bd/design_1/synth/design_1.v:484]
WARNING: [Synth 8-7071] port 'interconnect_aresetn' of module 'design_1_rst_ps7_0_100M_0' is unconnected for instance 'rst_ps7_0_100M' [c:/2EAI-HAC-2526-TaskHLS-bj-mk-tm/vivado_edges/vivado_edges.gen/sources_1/bd/design_1/synth/design_1.v:484]
WARNING: [Synth 8-7023] instance 'rst_ps7_0_100M' of module 'design_1_rst_ps7_0_100M_0' has 10 connections declared, but only 6 given [c:/2EAI-HAC-2526-TaskHLS-bj-mk-tm/vivado_edges/vivado_edges.gen/sources_1/bd/design_1/synth/design_1.v:484]
INFO: [Synth 8-6157] synthesizing module 'design_1_vitis_convolution_0_0' [C:/2EAI-HAC-2526-TaskHLS-bj-mk-tm/vivado_edges/vivado_edges.runs/synth_1/.Xil/Vivado-5532-ELITE/realtime/design_1_vitis_convolution_0_0_stub.v:6]
INFO: [Synth 8-6155] done synthesizing module 'design_1_vitis_convolution_0_0' (0#1) [C:/2EAI-HAC-2526-TaskHLS-bj-mk-tm/vivado_edges/vivado_edges.runs/synth_1/.Xil/Vivado-5532-ELITE/realtime/design_1_vitis_convolution_0_0_stub.v:6]
WARNING: [Synth 8-7071] port 'interrupt' of module 'design_1_vitis_convolution_0_0' is unconnected for instance 'vitis_convolution_0' [c:/2EAI-HAC-2526-TaskHLS-bj-mk-tm/vivado_edges/vivado_edges.gen/sources_1/bd/design_1/synth/design_1.v:491]
WARNING: [Synth 8-7071] port 'm_axi_gmem_WID' of module 'design_1_vitis_convolution_0_0' is unconnected for instance 'vitis_convolution_0' [c:/2EAI-HAC-2526-TaskHLS-bj-mk-tm/vivado_edges/vivado_edges.gen/sources_1/bd/design_1/synth/design_1.v:491]
WARNING: [Synth 8-7023] instance 'vitis_convolution_0' of module 'design_1_vitis_convolution_0_0' has 77 connections declared, but only 75 given [c:/2EAI-HAC-2526-TaskHLS-bj-mk-tm/vivado_edges/vivado_edges.gen/sources_1/bd/design_1/synth/design_1.v:491]
INFO: [Synth 8-6155] done synthesizing module 'design_1' (0#1) [c:/2EAI-HAC-2526-TaskHLS-bj-mk-tm/vivado_edges/vivado_edges.gen/sources_1/bd/design_1/synth/design_1.v:13]
INFO: [Synth 8-6155] done synthesizing module 'design_1_wrapper' (0#1) [c:/2EAI-HAC-2526-TaskHLS-bj-mk-tm/vivado_edges/vivado_edges.gen/sources_1/bd/design_1/hdl/design_1_wrapper.v:13]
WARNING: [Synth 8-7129] Port M_ACLK in module s00_couplers_imp_7HNO1D is either unconnected or has no load
WARNING: [Synth 8-7129] Port M_ARESETN in module s00_couplers_imp_7HNO1D is either unconnected or has no load
WARNING: [Synth 8-7129] Port S_AXI_arlock[1] in module s00_couplers_imp_7HNO1D is either unconnected or has no load
WARNING: [Synth 8-7129] Port S_AXI_awlock[1] in module s00_couplers_imp_7HNO1D is either unconnected or has no load
WARNING: [Synth 8-7129] Port ACLK in module design_1_axi_mem_intercon_0 is either unconnected or has no load
WARNING: [Synth 8-7129] Port ARESETN in module design_1_axi_mem_intercon_0 is either unconnected or has no load
---------------------------------------------------------------------------------
Finished RTL Elaboration : Time (s): cpu = 00:00:07 ; elapsed = 00:00:08 . Memory (MB): peak = 1476.434 ; gain = 669.195
---------------------------------------------------------------------------------
---------------------------------------------------------------------------------
Start Handling Custom Attributes
---------------------------------------------------------------------------------
---------------------------------------------------------------------------------
Finished Handling Custom Attributes : Time (s): cpu = 00:00:07 ; elapsed = 00:00:08 . Memory (MB): peak = 1476.434 ; gain = 669.195
---------------------------------------------------------------------------------
---------------------------------------------------------------------------------
Finished RTL Optimization Phase 1 : Time (s): cpu = 00:00:07 ; elapsed = 00:00:08 . Memory (MB): peak = 1476.434 ; gain = 669.195
---------------------------------------------------------------------------------
Netlist sorting complete. Time (s): cpu = 00:00:00 ; elapsed = 00:00:00.016 . Memory (MB): peak = 1476.434 ; gain = 0.000
INFO: [Project 1-570] Preparing netlist for logic optimization

Processing XDC Constraints
Initializing timing engine
Parsing XDC File [c:/2EAI-HAC-2526-TaskHLS-bj-mk-tm/vivado_edges/vivado_edges.gen/sources_1/bd/design_1/ip/design_1_processing_system7_0_0/design_1_processing_system7_0_0/design_1_processing_system7_0_0_in_context.xdc] for cell 'design_1_i/processing_system7_0'
Finished Parsing XDC File [c:/2EAI-HAC-2526-TaskHLS-bj-mk-tm/vivado_edges/vivado_edges.gen/sources_1/bd/design_1/ip/design_1_processing_system7_0_0/design_1_processing_system7_0_0/design_1_processing_system7_0_0_in_context.xdc] for cell 'design_1_i/processing_system7_0'
Parsing XDC File [c:/2EAI-HAC-2526-TaskHLS-bj-mk-tm/vivado_edges/vivado_edges.gen/sources_1/bd/design_1/ip/design_1_vitis_convolution_0_0/design_1_vitis_convolution_0_0/design_1_vitis_convolution_0_0_in_context.xdc] for cell 'design_1_i/vitis_convolution_0'
Finished Parsing XDC File [c:/2EAI-HAC-2526-TaskHLS-bj-mk-tm/vivado_edges/vivado_edges.gen/sources_1/bd/design_1/ip/design_1_vitis_convolution_0_0/design_1_vitis_convolution_0_0/design_1_vitis_convolution_0_0_in_context.xdc] for cell 'design_1_i/vitis_convolution_0'
Parsing XDC File [c:/2EAI-HAC-2526-TaskHLS-bj-mk-tm/vivado_edges/vivado_edges.gen/sources_1/bd/design_1/ip/design_1_axi_mem_intercon_imp_auto_pc_0/design_1_axi_mem_intercon_imp_auto_pc_0/design_1_axi_mem_intercon_imp_auto_pc_0_in_context.xdc] for cell 'design_1_i/axi_mem_intercon/s00_couplers/auto_pc'
Finished Parsing XDC File [c:/2EAI-HAC-2526-TaskHLS-bj-mk-tm/vivado_edges/vivado_edges.gen/sources_1/bd/design_1/ip/design_1_axi_mem_intercon_imp_auto_pc_0/design_1_axi_mem_intercon_imp_auto_pc_0/design_1_axi_mem_intercon_imp_auto_pc_0_in_context.xdc] for cell 'design_1_i/axi_mem_intercon/s00_couplers/auto_pc'
Parsing XDC File [c:/2EAI-HAC-2526-TaskHLS-bj-mk-tm/vivado_edges/vivado_edges.gen/sources_1/bd/design_1/ip/design_1_axi_mem_intercon_imp_auto_us_0/design_1_axi_mem_intercon_imp_auto_us_0/design_1_axi_mem_intercon_imp_auto_us_0_in_context.xdc] for cell 'design_1_i/axi_mem_intercon/s00_couplers/auto_us'
Finished Parsing XDC File [c:/2EAI-HAC-2526-TaskHLS-bj-mk-tm/vivado_edges/vivado_edges.gen/sources_1/bd/design_1/ip/design_1_axi_mem_intercon_imp_auto_us_0/design_1_axi_mem_intercon_imp_auto_us_0/design_1_axi_mem_intercon_imp_auto_us_0_in_context.xdc] for cell 'design_1_i/axi_mem_intercon/s00_couplers/auto_us'
Parsing XDC File [c:/2EAI-HAC-2526-TaskHLS-bj-mk-tm/vivado_edges/vivado_edges.gen/sources_1/bd/design_1/ip/design_1_rst_ps7_0_100M_0/design_1_rst_ps7_0_100M_0/design_1_rst_ps7_0_100M_0_in_context.xdc] for cell 'design_1_i/rst_ps7_0_100M'
Finished Parsing XDC File [c:/2EAI-HAC-2526-TaskHLS-bj-mk-tm/vivado_edges/vivado_edges.gen/sources_1/bd/design_1/ip/design_1_rst_ps7_0_100M_0/design_1_rst_ps7_0_100M_0/design_1_rst_ps7_0_100M_0_in_context.xdc] for cell 'design_1_i/rst_ps7_0_100M'
Parsing XDC File [c:/2EAI-HAC-2526-TaskHLS-bj-mk-tm/vivado_edges/vivado_edges.gen/sources_1/bd/design_1/ip/design_1_axi_smc_0/design_1_axi_smc_0/design_1_axi_smc_0_in_context.xdc] for cell 'design_1_i/axi_smc'
Finished Parsing XDC File [c:/2EAI-HAC-2526-TaskHLS-bj-mk-tm/vivado_edges/vivado_edges.gen/sources_1/bd/design_1/ip/design_1_axi_smc_0/design_1_axi_smc_0/design_1_axi_smc_0_in_context.xdc] for cell 'design_1_i/axi_smc'
Parsing XDC File [C:/2EAI-HAC-2526-TaskHLS-bj-mk-tm/vivado_edges/vivado_edges.runs/synth_1/dont_touch.xdc]
Finished Parsing XDC File [C:/2EAI-HAC-2526-TaskHLS-bj-mk-tm/vivado_edges/vivado_edges.runs/synth_1/dont_touch.xdc]
Completed Processing XDC Constraints

Netlist sorting complete. Time (s): cpu = 00:00:00 ; elapsed = 00:00:00 . Memory (MB): peak = 1476.434 ; gain = 0.000
INFO: [Project 1-111] Unisim Transformation Summary:
No Unisim elements were transformed.

Constraint Validation Runtime : Time (s): cpu = 00:00:00 ; elapsed = 00:00:00.018 . Memory (MB): peak = 1476.434 ; gain = 0.000
---------------------------------------------------------------------------------
Finished Constraint Validation : Time (s): cpu = 00:00:16 ; elapsed = 00:00:18 . Memory (MB): peak = 1476.434 ; gain = 669.195
---------------------------------------------------------------------------------
---------------------------------------------------------------------------------
Start Loading Part and Timing Information
---------------------------------------------------------------------------------
Loading part: xc7z020clg400-1
---------------------------------------------------------------------------------
Finished Loading Part and Timing Information : Time (s): cpu = 00:00:16 ; elapsed = 00:00:18 . Memory (MB): peak = 1476.434 ; gain = 669.195
---------------------------------------------------------------------------------
---------------------------------------------------------------------------------
Start Applying 'set_property' XDC Constraints
---------------------------------------------------------------------------------
---------------------------------------------------------------------------------
Finished applying 'set_property' XDC Constraints : Time (s): cpu = 00:00:17 ; elapsed = 00:00:18 . Memory (MB): peak = 1476.434 ; gain = 669.195
---------------------------------------------------------------------------------
---------------------------------------------------------------------------------
Finished RTL Optimization Phase 2 : Time (s): cpu = 00:00:17 ; elapsed = 00:00:18 . Memory (MB): peak = 1476.434 ; gain = 669.195
---------------------------------------------------------------------------------
---------------------------------------------------------------------------------
Start RTL Component Statistics 
---------------------------------------------------------------------------------
Detailed RTL Component Info : 
---------------------------------------------------------------------------------
Finished RTL Component Statistics 
---------------------------------------------------------------------------------
---------------------------------------------------------------------------------
Start Part Resource Summary
---------------------------------------------------------------------------------
Part Resources:
DSPs: 220 (col length:60)
BRAMs: 280 (col length: RAMB18 60 RAMB36 30)
---------------------------------------------------------------------------------
Finished Part Resource Summary
---------------------------------------------------------------------------------
---------------------------------------------------------------------------------
Start Cross Boundary and Area Optimization
---------------------------------------------------------------------------------
WARNING: [Synth 8-7129] Port ACLK in module design_1_axi_mem_intercon_0 is either unconnected or has no load
WARNING: [Synth 8-7129] Port ARESETN in module design_1_axi_mem_intercon_0 is either unconnected or has no load
WARNING: [Synth 8-7129] Port M00_ACLK in module design_1_axi_mem_intercon_0 is either unconnected or has no load
WARNING: [Synth 8-7129] Port M00_ARESETN in module design_1_axi_mem_intercon_0 is either unconnected or has no load
WARNING: [Synth 8-7129] Port S00_AXI_arlock[1] in module design_1_axi_mem_intercon_0 is either unconnected or has no load
WARNING: [Synth 8-7129] Port S00_AXI_awlock[1] in module design_1_axi_mem_intercon_0 is either unconnected or has no load
---------------------------------------------------------------------------------
Finished Cross Boundary and Area Optimization : Time (s): cpu = 00:00:19 ; elapsed = 00:00:20 . Memory (MB): peak = 1488.492 ; gain = 681.254
---------------------------------------------------------------------------------
---------------------------------------------------------------------------------
Start Applying XDC Timing Constraints
---------------------------------------------------------------------------------
---------------------------------------------------------------------------------
Finished Applying XDC Timing Constraints : Time (s): cpu = 00:00:24 ; elapsed = 00:00:26 . Memory (MB): peak = 1660.062 ; gain = 852.824
---------------------------------------------------------------------------------
---------------------------------------------------------------------------------
Start Timing Optimization
---------------------------------------------------------------------------------
---------------------------------------------------------------------------------
Finished Timing Optimization : Time (s): cpu = 00:00:24 ; elapsed = 00:00:26 . Memory (MB): peak = 1660.770 ; gain = 853.531
---------------------------------------------------------------------------------
---------------------------------------------------------------------------------
Start Technology Mapping
---------------------------------------------------------------------------------
---------------------------------------------------------------------------------
Finished Technology Mapping : Time (s): cpu = 00:00:24 ; elapsed = 00:00:26 . Memory (MB): peak = 1670.863 ; gain = 863.625
---------------------------------------------------------------------------------
---------------------------------------------------------------------------------
Start IO Insertion
---------------------------------------------------------------------------------
---------------------------------------------------------------------------------
Start Flattening Before IO Insertion
---------------------------------------------------------------------------------
---------------------------------------------------------------------------------
Finished Flattening Before IO Insertion
---------------------------------------------------------------------------------
---------------------------------------------------------------------------------
Start Final Netlist Cleanup
---------------------------------------------------------------------------------
---------------------------------------------------------------------------------
Finished Final Netlist Cleanup
---------------------------------------------------------------------------------
---------------------------------------------------------------------------------
Finished IO Insertion : Time (s): cpu = 00:00:28 ; elapsed = 00:00:30 . Memory (MB): peak = 1919.523 ; gain = 1112.285
---------------------------------------------------------------------------------
---------------------------------------------------------------------------------
Start Renaming Generated Instances
---------------------------------------------------------------------------------
---------------------------------------------------------------------------------
Finished Renaming Generated Instances : Time (s): cpu = 00:00:28 ; elapsed = 00:00:30 . Memory (MB): peak = 1919.523 ; gain = 1112.285
---------------------------------------------------------------------------------
---------------------------------------------------------------------------------
Start Rebuilding User Hierarchy
---------------------------------------------------------------------------------
---------------------------------------------------------------------------------
Finished Rebuilding User Hierarchy : Time (s): cpu = 00:00:28 ; elapsed = 00:00:30 . Memory (MB): peak = 1919.523 ; gain = 1112.285
---------------------------------------------------------------------------------
---------------------------------------------------------------------------------
Start Renaming Generated Ports
---------------------------------------------------------------------------------
---------------------------------------------------------------------------------
Finished Renaming Generated Ports : Time (s): cpu = 00:00:28 ; elapsed = 00:00:30 . Memory (MB): peak = 1919.523 ; gain = 1112.285
---------------------------------------------------------------------------------
---------------------------------------------------------------------------------
Start Handling Custom Attributes
---------------------------------------------------------------------------------
---------------------------------------------------------------------------------
Finished Handling Custom Attributes : Time (s): cpu = 00:00:28 ; elapsed = 00:00:30 . Memory (MB): peak = 1919.523 ; gain = 1112.285
---------------------------------------------------------------------------------
---------------------------------------------------------------------------------
Start Renaming Generated Nets
---------------------------------------------------------------------------------
---------------------------------------------------------------------------------
Finished Renaming Generated Nets : Time (s): cpu = 00:00:28 ; elapsed = 00:00:30 . Memory (MB): peak = 1919.523 ; gain = 1112.285
---------------------------------------------------------------------------------
---------------------------------------------------------------------------------
Start Writing Synthesis Report
---------------------------------------------------------------------------------

Report BlackBoxes: 
+------+----------------------------------------+----------+
|      |BlackBox name                           |Instances |
+------+----------------------------------------+----------+
|1     |design_1_axi_mem_intercon_imp_auto_pc_0 |         1|
|2     |design_1_axi_mem_intercon_imp_auto_us_0 |         1|
|3     |design_1_axi_smc_0                      |         1|
|4     |design_1_processing_system7_0_0         |         1|
|5     |design_1_rst_ps7_0_100M_0               |         1|
|6     |design_1_vitis_convolution_0_0          |         1|
+------+----------------------------------------+----------+

Report Cell Usage: 
+------+--------------------------------------+------+
|      |Cell                                  |Count |
+------+--------------------------------------+------+
|1     |design_1_axi_mem_intercon_imp_auto_pc |     1|
|2     |design_1_axi_mem_intercon_imp_auto_us |     1|
|3     |design_1_axi_smc                      |     1|
|4     |design_1_processing_system7_0         |     1|
|5     |design_1_rst_ps7_0_100M               |     1|
|6     |design_1_vitis_convolution_0          |     1|
+------+--------------------------------------+------+
---------------------------------------------------------------------------------
Finished Writing Synthesis Report : Time (s): cpu = 00:00:28 ; elapsed = 00:00:30 . Memory (MB): peak = 1919.523 ; gain = 1112.285
---------------------------------------------------------------------------------
Synthesis finished with 0 errors, 0 critical warnings and 6 warnings.
Synthesis Optimization Runtime : Time (s): cpu = 00:00:18 ; elapsed = 00:00:27 . Memory (MB): peak = 1919.523 ; gain = 1112.285
Synthesis Optimization Complete : Time (s): cpu = 00:00:28 ; elapsed = 00:00:30 . Memory (MB): peak = 1919.523 ; gain = 1112.285
INFO: [Project 1-571] Translating synthesized netlist
Netlist sorting complete. Time (s): cpu = 00:00:00 ; elapsed = 00:00:00.016 . Memory (MB): peak = 1919.523 ; gain = 0.000
INFO: [Project 1-570] Preparing netlist for logic optimization
INFO: [Opt 31-138] Pushed 0 inverter(s) to 0 load pin(s).
Netlist sorting complete. Time (s): cpu = 00:00:00 ; elapsed = 00:00:00 . Memory (MB): peak = 1932.301 ; gain = 0.000
INFO: [Project 1-111] Unisim Transformation Summary:
No Unisim elements were transformed.

Synth Design complete | Checksum: ea659520
INFO: [Common 17-83] Releasing license: Synthesis
36 Infos, 36 Warnings, 0 Critical Warnings and 0 Errors encountered.
synth_design completed successfully
synth_design: Time (s): cpu = 00:00:32 ; elapsed = 00:00:37 . Memory (MB): peak = 1936.293 ; gain = 1386.273
INFO: [Common 17-1381] The checkpoint 'C:/2EAI-HAC-2526-TaskHLS-bj-mk-tm/vivado_edges/vivado_edges.runs/synth_1/design_1_wrapper.dcp' has been generated.
INFO: [Vivado 12-24828] Executing command : report_utilization -file design_1_wrapper_utilization_synth.rpt -pb design_1_wrapper_utilization_synth.pb
INFO: [Common 17-206] Exiting Vivado at Fri May 22 03:09:57 2026...
