  **** HLS Build v2025.2 6295257
INFO: [HLS 200-2005] Using work_dir C:/2EAI-HAC-2526-TaskHLS-bj-mk-tm/Edges/Edges 
INFO: [HLS 200-2176] Writing Vitis IDE component file C:/2EAI-HAC-2526-TaskHLS-bj-mk-tm/Edges/Edges/vitis-comp.json
INFO: [HLS 200-10] Creating and opening component 'C:/2EAI-HAC-2526-TaskHLS-bj-mk-tm/Edges/Edges'.
INFO: [HLS 200-1611] Setting target device to 'xc7z020-clg400-1'
INFO: [HLS 200-1505] Using default flow_target 'vivado'
Resolution: For help on HLS 200-1505 see docs.amd.com/access/sources/dita/topic?Doc_Version=2025.2%20English&url=ug1448-hls-guidance&resourceid=200-1505.html
INFO: [HLS 200-2174] Applying component config ini file hls_config.cfg
INFO: [HLS 200-1465] Applying config ini 'syn.file=vitis_convolution.h' from hls_config.cfg(8)
INFO: [HLS 200-10] Adding design file 'C:/2EAI-HAC-2526-TaskHLS-bj-mk-tm/Edges/vitis_convolution.h' to the project
INFO: [HLS 200-1465] Applying config ini 'syn.file=vitis_convolution.cpp' from hls_config.cfg(9)
INFO: [HLS 200-10] Adding design file 'C:/2EAI-HAC-2526-TaskHLS-bj-mk-tm/Edges/vitis_convolution.cpp' to the project
INFO: [HLS 200-1465] Applying config ini 'tb.file=vitis_convolution_tb.cpp' from hls_config.cfg(10)
INFO: [HLS 200-10] Adding test bench file 'C:/2EAI-HAC-2526-TaskHLS-bj-mk-tm/Edges/vitis_convolution_tb.cpp' to the project
INFO: [HLS 200-1465] Applying config ini 'syn.top=vitis_convolution' from hls_config.cfg(11)
INFO: [HLS 200-1465] Applying config ini 'flow_target=vivado' from hls_config.cfg(4)
INFO: [HLS 200-1505] Using flow_target 'vivado'
Resolution: For help on HLS 200-1505 see docs.amd.com/access/sources/dita/topic?Doc_Version=2025.2%20English&url=ug1448-hls-guidance&resourceid=200-1505.html
INFO: [HLS 200-1465] Applying config ini 'part=xc7z020clg400-1' from hls_config.cfg(1)
INFO: [HLS 200-1465] Applying config ini 'clock=10ns' from hls_config.cfg(7)
INFO: [SYN 201-201] Setting up clock 'default' with a period of 10ns.
INFO: [HLS 200-1465] Applying config ini 'package.output.format=ip_catalog' from hls_config.cfg(5)
INFO: [HLS 200-1465] Applying config ini 'syn.interface.m_axi_addr64=false' from hls_config.cfg(12)
INFO: [HLS 200-2176] Writing Vitis IDE component file C:/2EAI-HAC-2526-TaskHLS-bj-mk-tm/Edges/Edges/vitis-comp.json
INFO: [COSIM 212-47] Using XSIM for RTL simulation.
INFO: [COSIM 212-14] Instrumenting C test bench ...
   Build using "C:/AMDDesignTools/2025.2/Vitis/win64/tools/clang-16/bin/clang++"
   Compiling apatb_vitis_convolution.cpp
   Compiling vitis_convolution.cpp_pre.cpp.tb.cpp
   Compiling vitis_convolution_tb.cpp_pre.cpp.tb.cpp
   Compiling apatb_vitis_convolution_ir.ll
   Generating cosim.tv.exe
INFO: [COSIM 212-302] Starting C TB testing ... 
>> Start C-Simulatie van de HLS IP-Core...
>> C-SIMULATIE SUCCESVOL! Geen fouten gevonden.
INFO: [COSIM 212-333] Generating C post check test bench ...
INFO: [COSIM 212-12] Generating RTL test bench ...
INFO: [COSIM 212-1] *** C/RTL co-simulation file generation completed. ***
INFO: [COSIM 212-323] Starting verilog simulation. 
INFO: [COSIM 212-15] Starting XSIM ...

C:\2EAI-HAC-2526-TaskHLS-bj-mk-tm\Edges\Edges\hls\sim\verilog>set PATH= 

C:\2EAI-HAC-2526-TaskHLS-bj-mk-tm\Edges\Edges\hls\sim\verilog>call C:/AMDDesignTools/2025.2/Vivado/bin/xelab xil_defaultlib.apatb_vitis_convolution_top xil_defaultlib.glbl -Oenable_linking_all_libraries -prj vitis_convolution.prj -L smartconnect_v1_0 -L axi_protocol_checker_v1_1_12 -L axi_protocol_checker_v1_1_13 -L axis_protocol_checker_v1_1_11 -L axis_protocol_checker_v1_1_12 -L xil_defaultlib -L unisims_ver -L xpm  -L floating_point_v7_1_21 -L floating_point_v7_0_26 --lib "ieee_proposed=./ieee_proposed" -L uvm -relax -i ./svr -i ./axivip -i ./svtb -i ./file_agent -i ./vitis_convolution_subsystem  -s vitis_convolution  
Vivado Simulator v2025.2
Copyright 1986-2022 Xilinx, Inc. All Rights Reserved.
Copyright 2022-2025 Advanced Micro Devices, Inc. All Rights Reserved.
Running: C:/AMDDesignTools/2025.2/Vivado/bin/unwrapped/win64.o/xelab.exe xil_defaultlib.apatb_vitis_convolution_top xil_defaultlib.glbl -Oenable_linking_all_libraries -prj vitis_convolution.prj -L smartconnect_v1_0 -L axi_protocol_checker_v1_1_12 -L axi_protocol_checker_v1_1_13 -L axis_protocol_checker_v1_1_11 -L axis_protocol_checker_v1_1_12 -L xil_defaultlib -L unisims_ver -L xpm -L floating_point_v7_1_21 -L floating_point_v7_0_26 --lib ieee_proposed=./ieee_proposed -L uvm -relax -i ./svr -i ./axivip -i ./svtb -i ./file_agent -i ./vitis_convolution_subsystem -s vitis_convolution 
Multi-threading is on. Using 12 slave threads.
INFO: [VRFC 10-2263] Analyzing SystemVerilog file "C:/2EAI-HAC-2526-TaskHLS-bj-mk-tm/Edges/Edges/hls/sim/verilog/glbl.v" into library xil_defaultlib
INFO: [VRFC 10-311] analyzing module glbl
INFO: [VRFC 10-2263] Analyzing SystemVerilog file "C:/2EAI-HAC-2526-TaskHLS-bj-mk-tm/Edges/Edges/hls/sim/verilog/vitis_convolution.autotb.v" into library xil_defaultlib
INFO: [VRFC 10-311] analyzing module apatb_vitis_convolution_top
INFO: [VRFC 10-2263] Analyzing SystemVerilog file "C:/2EAI-HAC-2526-TaskHLS-bj-mk-tm/Edges/Edges/hls/sim/verilog/vitis_convolution.v" into library xil_defaultlib
INFO: [VRFC 10-311] analyzing module vitis_convolution
INFO: [VRFC 10-2263] Analyzing SystemVerilog file "C:/2EAI-HAC-2526-TaskHLS-bj-mk-tm/Edges/Edges/hls/sim/verilog/vitis_convolution_control_r_s_axi.v" into library xil_defaultlib
INFO: [VRFC 10-311] analyzing module vitis_convolution_control_r_s_axi
INFO: [VRFC 10-2263] Analyzing SystemVerilog file "C:/2EAI-HAC-2526-TaskHLS-bj-mk-tm/Edges/Edges/hls/sim/verilog/vitis_convolution_control_s_axi.v" into library xil_defaultlib
INFO: [VRFC 10-311] analyzing module vitis_convolution_control_s_axi
INFO: [VRFC 10-2263] Analyzing SystemVerilog file "C:/2EAI-HAC-2526-TaskHLS-bj-mk-tm/Edges/Edges/hls/sim/verilog/vitis_convolution_flow_control_loop_pipe_sequential_init.v" into library xil_defaultlib
INFO: [VRFC 10-311] analyzing module vitis_convolution_flow_control_loop_pipe_sequential_init
INFO: [VRFC 10-2263] Analyzing SystemVerilog file "C:/2EAI-HAC-2526-TaskHLS-bj-mk-tm/Edges/Edges/hls/sim/verilog/vitis_convolution_gmem_m_axi.v" into library xil_defaultlib
INFO: [VRFC 10-311] analyzing module vitis_convolution_gmem_m_axi
INFO: [VRFC 10-311] analyzing module vitis_convolution_gmem_m_axi_load
INFO: [VRFC 10-311] analyzing module vitis_convolution_gmem_m_axi_store
INFO: [VRFC 10-311] analyzing module vitis_convolution_gmem_m_axi_read
INFO: [VRFC 10-311] analyzing module vitis_convolution_gmem_m_axi_write
INFO: [VRFC 10-311] analyzing module vitis_convolution_gmem_m_axi_burst_converter
INFO: [VRFC 10-311] analyzing module vitis_convolution_gmem_m_axi_burst_interleave
INFO: [VRFC 10-311] analyzing module vitis_convolution_gmem_m_axi_burst_sequential
INFO: [VRFC 10-311] analyzing module vitis_convolution_gmem_m_axi_throttle
INFO: [VRFC 10-311] analyzing module vitis_convolution_gmem_m_axi_reg_slice
INFO: [VRFC 10-311] analyzing module vitis_convolution_gmem_m_axi_fifo
INFO: [VRFC 10-311] analyzing module vitis_convolution_gmem_m_axi_srl
INFO: [VRFC 10-311] analyzing module vitis_convolution_gmem_m_axi_mem
INFO: [VRFC 10-2263] Analyzing SystemVerilog file "C:/2EAI-HAC-2526-TaskHLS-bj-mk-tm/Edges/Edges/hls/sim/verilog/vitis_convolution_vitis_convolution_Pipeline_Read_Rows_Read_Cols.v" into library xil_defaultlib
INFO: [VRFC 10-311] analyzing module vitis_convolution_vitis_convolution_Pipeline_Read_Rows_Read_Cols
INFO: [VRFC 10-2263] Analyzing SystemVerilog file "C:/2EAI-HAC-2526-TaskHLS-bj-mk-tm/Edges/Edges/hls/sim/verilog/vitis_convolution_vitis_convolution_Pipeline_Write_Rows_Write_Cols.v" into library xil_defaultlib
INFO: [VRFC 10-311] analyzing module vitis_convolution_vitis_convolution_Pipeline_Write_Rows_Write_Cols
INFO: [VRFC 10-2263] Analyzing SystemVerilog file "C:/2EAI-HAC-2526-TaskHLS-bj-mk-tm/Edges/Edges/hls/sim/verilog/dataflow_monitor.sv" into library xil_defaultlib
INFO: [VRFC 10-311] analyzing module dataflow_monitor
INFO: [VRFC 10-2263] Analyzing SystemVerilog file "C:/2EAI-HAC-2526-TaskHLS-bj-mk-tm/Edges/Edges/hls/sim/verilog/file_agent/file_agent_pkg.sv" into library xil_defaultlib
INFO: [VRFC 10-2263] Analyzing SystemVerilog file "C:/2EAI-HAC-2526-TaskHLS-bj-mk-tm/Edges/Edges/hls/sim/verilog/axivip/axi_pkg.sv" into library xil_defaultlib
INFO: [VRFC 10-2263] Analyzing SystemVerilog file "C:/2EAI-HAC-2526-TaskHLS-bj-mk-tm/Edges/Edges/hls/sim/verilog/axivip/axi_if.sv" into library xil_defaultlib
INFO: [VRFC 10-2263] Analyzing SystemVerilog file "C:/2EAI-HAC-2526-TaskHLS-bj-mk-tm/Edges/Edges/hls/sim/verilog/vitis_convolution_subsystem/vitis_convolution_subsystem_pkg.sv" into library xil_defaultlib
INFO: [VRFC 10-2263] Analyzing SystemVerilog file "C:/2EAI-HAC-2526-TaskHLS-bj-mk-tm/Edges/Edges/hls/sim/verilog/svtb/misc_interface.sv" into library xil_defaultlib
INFO: [VRFC 10-2263] Analyzing SystemVerilog file "C:/2EAI-HAC-2526-TaskHLS-bj-mk-tm/Edges/Edges/hls/sim/verilog/svtb/sv_module_top.sv" into library xil_defaultlib
INFO: [VRFC 10-311] analyzing module sv_module_top
Starting static elaboration
Pass Through NonSizing Optimizer
Completed static elaboration
Starting simulation data flow analysis
WARNING: [XSIM 43-4099] "/proj/primebuilds/9999.0_PRIME_0428_0031/installs/data/system_verilog/uvm_1.2/xlnx_uvm_package.sv" Line 4356. Module uvm_pkg doesn't have a timescale but at least one module in design has a timescale.
Completed simulation data flow analysis
Time Resolution for simulation is 1ps
Compiling package xil_defaultlib.$unit_sv_module_top_sv
Compiling package uvm.uvm_pkg
Compiling package std.std
Compiling package xil_defaultlib.axi_pkg
Compiling package xil_defaultlib.vitis_convolution_subsystem_pkg
Compiling package xil_defaultlib.file_agent_pkg
Compiling package xil_defaultlib.$unit_dataflow_monitor_sv
Compiling module xil_defaultlib.vitis_convolution_flow_control_l...
Compiling module xil_defaultlib.vitis_convolution_vitis_convolut...
Compiling module xil_defaultlib.vitis_convolution_vitis_convolut...
Compiling module xil_defaultlib.vitis_convolution_control_s_axi
Compiling module xil_defaultlib.vitis_convolution_control_r_s_ax...
Compiling module xil_defaultlib.vitis_convolution_gmem_m_axi_srl...
Compiling module xil_defaultlib.vitis_convolution_gmem_m_axi_fif...
Compiling module xil_defaultlib.vitis_convolution_gmem_m_axi_srl...
Compiling module xil_defaultlib.vitis_convolution_gmem_m_axi_fif...
Compiling module xil_defaultlib.vitis_convolution_gmem_m_axi_srl...
Compiling module xil_defaultlib.vitis_convolution_gmem_m_axi_fif...
Compiling module xil_defaultlib.vitis_convolution_gmem_m_axi_srl...
Compiling module xil_defaultlib.vitis_convolution_gmem_m_axi_fif...
Compiling module xil_defaultlib.vitis_convolution_gmem_m_axi_srl...
Compiling module xil_defaultlib.vitis_convolution_gmem_m_axi_fif...
Compiling module xil_defaultlib.vitis_convolution_gmem_m_axi_srl...
Compiling module xil_defaultlib.vitis_convolution_gmem_m_axi_fif...
Compiling module xil_defaultlib.vitis_convolution_gmem_m_axi_srl...
Compiling module xil_defaultlib.vitis_convolution_gmem_m_axi_fif...
Compiling module xil_defaultlib.vitis_convolution_gmem_m_axi_sto...
Compiling module xil_defaultlib.vitis_convolution_gmem_m_axi_mem...
Compiling module xil_defaultlib.vitis_convolution_gmem_m_axi_fif...
Compiling module xil_defaultlib.vitis_convolution_gmem_m_axi_srl...
Compiling module xil_defaultlib.vitis_convolution_gmem_m_axi_fif...
Compiling module xil_defaultlib.vitis_convolution_gmem_m_axi_reg...
Compiling module xil_defaultlib.vitis_convolution_gmem_m_axi_loa...
Compiling module xil_defaultlib.vitis_convolution_gmem_m_axi_reg...
Compiling module xil_defaultlib.vitis_convolution_gmem_m_axi_bur...
Compiling module xil_defaultlib.vitis_convolution_gmem_m_axi_reg...
Compiling module xil_defaultlib.vitis_convolution_gmem_m_axi_srl...
Compiling module xil_defaultlib.vitis_convolution_gmem_m_axi_fif...
Compiling module xil_defaultlib.vitis_convolution_gmem_m_axi_reg...
Compiling module xil_defaultlib.vitis_convolution_gmem_m_axi_thr...
Compiling module xil_defaultlib.vitis_convolution_gmem_m_axi_reg...
Compiling module xil_defaultlib.vitis_convolution_gmem_m_axi_wri...
Compiling module xil_defaultlib.vitis_convolution_gmem_m_axi_reg...
Compiling module xil_defaultlib.vitis_convolution_gmem_m_axi_rea...
Compiling module xil_defaultlib.vitis_convolution_gmem_m_axi(C_U...
Compiling module xil_defaultlib.vitis_convolution
Compiling module xil_defaultlib.misc_interface_default
Compiling module xil_defaultlib.axi_if(STRB_WIDTH=4,LEN_WIDTH=8)
Compiling module xil_defaultlib.axi_if(ADDR_WIDTH=5,STRB_WIDTH=4...
Compiling module xil_defaultlib.axi_if(ADDR_WIDTH=4,STRB_WIDTH=4...
Compiling module xil_defaultlib.sv_module_top
Compiling module xil_defaultlib.nodf_module_intf_default
Compiling module xil_defaultlib.upc_loop_intf(FSM_WIDTH=1)
Compiling module xil_defaultlib.dataflow_monitor_1
Compiling module xil_defaultlib.apatb_vitis_convolution_top
Compiling module xil_defaultlib.glbl
Built simulation snapshot vitis_convolution

****** xsim v2025.2 (64-bit)
  **** SW Build 6299465 on Fri Nov 14 19:35:11 GMT 2025
  **** IP Build 6300035 on Fri Nov 14 10:48:45 MST 2025
  **** SharedData Build 6298862 on Thu Nov 13 04:50:51 MST 2025
  **** Start of session at: Fri May 22 02:28:13 2026
    ** Copyright 1986-2022 Xilinx, Inc. All Rights Reserved.
    ** Copyright 2022-2025 Advanced Micro Devices, Inc. All Rights Reserved.

source xsim.dir/vitis_convolution/xsim_script.tcl
# xsim {vitis_convolution} -testplusarg UVM_VERBOSITY=UVM_NONE -testplusarg UVM_TESTNAME=vitis_convolution_test_lib -testplusarg UVM_TIMEOUT=20000000000000 -autoloadwcfg -tclbatch {vitis_convolution.tcl}
Time resolution is 1 ps
source vitis_convolution.tcl
## run all
UVM_INFO C:/AMDDesignTools/2025.2/Vivado/data/system_verilog/uvm_1.2/xlnx_uvm_package.sv(18601) @ 0: reporter [UVM/RELNOTES] 
----------------------------------------------------------------
UVM-1.2
(C) 2007-2014 Mentor Graphics Corporation
(C) 2007-2014 Cadence Design Systems, Inc.
(C) 2006-2014 Synopsys, Inc.
(C) 2011-2013 Cypress Semiconductor Corp.
(C) 2013-2014 NVIDIA Corporation
----------------------------------------------------------------

  ***********       IMPORTANT RELEASE NOTES         ************

  You are using a version of the UVM library that has been compiled
  with `UVM_NO_DEPRECATED undefined.

  You are using a version of the UVM library that has been compiled
  with `UVM_OBJECT_DO_NOT_NEED_CONSTRUCTOR undefined.

      (Specify +UVM_NO_RELNOTES to turn off this notice)

UVM_INFO C:/AMDDesignTools/2025.2/Vivado/data/system_verilog/uvm_1.2/xlnx_uvm_package.sv(18648) @ 0: reporter [NO_DPI_TSTNAME] UVM_NO_DPI defined--getting UVM_TESTNAME directly, without DPI
UVM_INFO C:/AMDDesignTools/2025.2/Vivado/data/system_verilog/uvm_1.2/xlnx_uvm_package.sv(18752) @ 0: reporter [UVMTOP] UVM testbench topology:
-----------------------------------------------------------------------------------------------
Name                               Type                                 Size  Value            
-----------------------------------------------------------------------------------------------
uvm_test_top                       vitis_convolution_test_lib           -     @372             
  top_env                          vitis_convolution_env                -     @383             
    axi_lite_control               uvm_env                              -     @468             
      item_rtr_port                uvm_analysis_port                    -     @487             
      item_wtr_port                uvm_analysis_port                    -     @477             
      master                       uvm_agent                            -     @900             
        ardrv                      uvm_driver #(REQ,RSP)                -     @1575            
          item_read_imp            uvm_analysis_port                    -     @1604            
          rsp_port                 uvm_analysis_port                    -     @1594            
          seq_item_port            uvm_seq_item_pull_port               -     @1584            
          m_num_sent               integral                             32    'h0              
        arsqr                      axi_sequencer                        -     @1614            
          rsp_export               uvm_analysis_export                  -     @1623            
          seq_item_export          uvm_seq_item_pull_imp                -     @1741            
          arbitration_queue        array                                0     -                
          lock_queue               array                                0     -                
          num_last_reqs            integral                             32    'd1              
          num_last_rsps            integral                             32    'd1              
        awdrv                      uvm_driver #(REQ,RSP)                -     @1047            
          item_read_imp            uvm_analysis_port                    -     @1076            
          rsp_port                 uvm_analysis_port                    -     @1066            
          seq_item_port            uvm_seq_item_pull_port               -     @1056            
          m_num_sent               integral                             32    'h0              
        awsqr                      axi_sequencer                        -     @1086            
          rsp_export               uvm_analysis_export                  -     @1095            
          seq_item_export          uvm_seq_item_pull_imp                -     @1213            
          arbitration_queue        array                                0     -                
          lock_queue               array                                0     -                
          num_last_reqs            integral                             32    'd1              
          num_last_rsps            integral                             32    'd1              
        bdrv                       uvm_driver #(REQ,RSP)                -     @1399            
          item_read_imp            uvm_analysis_port                    -     @1428            
          rsp_port                 uvm_analysis_port                    -     @1418            
          seq_item_port            uvm_seq_item_pull_port               -     @1408            
          m_num_sent               integral                             32    'h0              
        bsqr                       axi_sequencer                        -     @1438            
          rsp_export               uvm_analysis_export                  -     @1447            
          seq_item_export          uvm_seq_item_pull_imp                -     @1565            
          arbitration_queue        array                                0     -                
          lock_queue               array                                0     -                
          num_last_reqs            integral                             32    'd1              
          num_last_rsps            integral                             32    'd1              
        rdrv                       uvm_driver #(REQ,RSP)                -     @1751            
          item_read_imp            uvm_analysis_port                    -     @1780            
          rsp_port                 uvm_analysis_port                    -     @1770            
          seq_item_port            uvm_seq_item_pull_port               -     @1760            
          m_num_sent               integral                             32    'h0              
        rsqr                       axi_sequencer                        -     @1790            
          rsp_export               uvm_analysis_export                  -     @1799            
          seq_item_export          uvm_seq_item_pull_imp                -     @1917            
          arbitration_queue        array                                0     -                
          lock_queue               array                                0     -                
          num_last_reqs            integral                             32    'd1              
          num_last_rsps            integral                             32    'd1              
        wdrv                       uvm_driver #(REQ,RSP)                -     @1223            
          item_read_imp            uvm_analysis_port                    -     @1252            
          rsp_port                 uvm_analysis_port                    -     @1242            
          seq_item_port            uvm_seq_item_pull_port               -     @1232            
          m_num_sent               integral                             32    'h0              
        wsqr                       axi_sequencer                        -     @1262            
          rsp_export               uvm_analysis_export                  -     @1271            
          seq_item_export          uvm_seq_item_pull_imp                -     @1389            
          arbitration_queue        array                                0     -                
          lock_queue               array                                0     -                
          num_last_reqs            integral                             32    'd1              
          num_last_rsps            integral                             32    'd1              
      monitor                      uvm_monitor                          -     @722             
        item_ar2r_port             uvm_analysis_port                    -     @791             
        item_ar_port               uvm_analysis_port                    -     @761             
        item_aw2b_port             uvm_analysis_port                    -     @781             
        item_aw_port               uvm_analysis_port                    -     @731             
        item_b_port                uvm_analysis_port                    -     @751             
        item_r_port                uvm_analysis_port                    -     @771             
        item_w_port                uvm_analysis_port                    -     @741             
        checks_enable              integral                             1     'h1              
        coverage_enable            integral                             1     'h1              
      state                        axi_state                            -     @801             
        ar2r_imp                   uvm_analysis_imp_ar2r                -     @870             
        ar_imp                     uvm_analysis_imp_ar                  -     @840             
        aw2b_imp                   uvm_analysis_imp_aw2b                -     @860             
        aw_imp                     uvm_analysis_imp_aw                  -     @810             
        b_imp                      uvm_analysis_imp_b                   -     @830             
        item_rtr_port              uvm_analysis_port                    -     @890             
        item_wtr_port              uvm_analysis_port                    -     @880             
        r_imp                      uvm_analysis_imp_r                   -     @850             
        w_imp                      uvm_analysis_imp_w                   -     @820             
        avg_rate                   integral                             32    'h0              
        exp_rate                   integral                             32    'h0              
        win_size                   integral                             32    'h0              
        bqnum_for_slaseq           integral                             32    'h0              
        rq_from_model_num          integral                             32    'h0              
      vsqr                         axi_virtual_sequencer                -     @909             
        rsp_export                 uvm_analysis_export                  -     @918             
        seq_item_export            uvm_seq_item_pull_imp                -     @1036            
        arbitration_queue          array                                0     -                
        lock_queue                 array                                0     -                
        num_last_reqs              integral                             32    'd1              
        num_last_rsps              integral                             32    'd1              
      cfg                          axi_cfg                              -     @400             
        has_checker                integral                             1     'h1              
        has_coverage               integral                             1     'h1              
        id_num                     integral                             32    'h1              
        reset_level                reset_level_enum                     32    RESET_LEVEL_LOW  
        drv_type                   drv_type_enum                        32    MASTER           
        write_latency_mode         latency_mode_enum                    32    CHANNEL_FIRST    
        read_latency_mode          latency_mode_enum                    32    CHANNEL_FIRST    
        clatency                   axi_latency                          -     @466             
          wr_latency               integral                             32    'h0              
          rd_latency               integral                             32    'h0              
    axi_lite_control_r             uvm_env                              -     @437             
      item_rtr_port                uvm_analysis_port                    -     @456             
      item_wtr_port                uvm_analysis_port                    -     @446             
      master                       uvm_agent                            -     @2178            
        ardrv                      uvm_driver #(REQ,RSP)                -     @2853            
          item_read_imp            uvm_analysis_port                    -     @2882            
          rsp_port                 uvm_analysis_port                    -     @2872            
          seq_item_port            uvm_seq_item_pull_port               -     @2862            
          m_num_sent               integral                             32    'h0              
        arsqr                      axi_sequencer                        -     @2892            
          rsp_export               uvm_analysis_export                  -     @2901            
          seq_item_export          uvm_seq_item_pull_imp                -     @3019            
          arbitration_queue        array                                0     -                
          lock_queue               array                                0     -                
          num_last_reqs            integral                             32    'd1              
          num_last_rsps            integral                             32    'd1              
        awdrv                      uvm_driver #(REQ,RSP)                -     @2325            
          item_read_imp            uvm_analysis_port                    -     @2354            
          rsp_port                 uvm_analysis_port                    -     @2344            
          seq_item_port            uvm_seq_item_pull_port               -     @2334            
          m_num_sent               integral                             32    'h0              
        awsqr                      axi_sequencer                        -     @2364            
          rsp_export               uvm_analysis_export                  -     @2373            
          seq_item_export          uvm_seq_item_pull_imp                -     @2491            
          arbitration_queue        array                                0     -                
          lock_queue               array                                0     -                
          num_last_reqs            integral                             32    'd1              
          num_last_rsps            integral                             32    'd1              
        bdrv                       uvm_driver #(REQ,RSP)                -     @2677            
          item_read_imp            uvm_analysis_port                    -     @2706            
          rsp_port                 uvm_analysis_port                    -     @2696            
          seq_item_port            uvm_seq_item_pull_port               -     @2686            
          m_num_sent               integral                             32    'h0              
        bsqr                       axi_sequencer                        -     @2716            
          rsp_export               uvm_analysis_export                  -     @2725            
          seq_item_export          uvm_seq_item_pull_imp                -     @2843            
          arbitration_queue        array                                0     -                
          lock_queue               array                                0     -                
          num_last_reqs            integral                             32    'd1              
          num_last_rsps            integral                             32    'd1              
        rdrv                       uvm_driver #(REQ,RSP)                -     @3029            
          item_read_imp            uvm_analysis_port                    -     @3058            
          rsp_port                 uvm_analysis_port                    -     @3048            
          seq_item_port            uvm_seq_item_pull_port               -     @3038            
          m_num_sent               integral                             32    'h0              
        rsqr                       axi_sequencer                        -     @3068            
          rsp_export               uvm_analysis_export                  -     @3077            
          seq_item_export          uvm_seq_item_pull_imp                -     @3195            
          arbitration_queue        array                                0     -                
          lock_queue               array                                0     -                
          num_last_reqs            integral                             32    'd1              
          num_last_rsps            integral                             32    'd1              
        wdrv                       uvm_driver #(REQ,RSP)                -     @2501            
          item_read_imp            uvm_analysis_port                    -     @2530            
          rsp_port                 uvm_analysis_port                    -     @2520            
          seq_item_port            uvm_seq_item_pull_port               -     @2510            
          m_num_sent               integral                             32    'h0              
        wsqr                       axi_sequencer                        -     @2540            
          rsp_export               uvm_analysis_export                  -     @2549            
          seq_item_export          uvm_seq_item_pull_imp                -     @2667            
          arbitration_queue        array                                0     -                
          lock_queue               array                                0     -                
          num_last_reqs            integral                             32    'd1              
          num_last_rsps            integral                             32    'd1              
      monitor                      uvm_monitor                          -     @2000            
        item_ar2r_port             uvm_analysis_port                    -     @2069            
        item_ar_port               uvm_analysis_port                    -     @2039            
        item_aw2b_port             uvm_analysis_port                    -     @2059            
        item_aw_port               uvm_analysis_port                    -     @2009            
        item_b_port                uvm_analysis_port                    -     @2029            
        item_r_port                uvm_analysis_port                    -     @2049            
        item_w_port                uvm_analysis_port                    -     @2019            
        checks_enable              integral                             1     'h1              
        coverage_enable            integral                             1     'h1              
      state                        axi_state                            -     @2079            
        ar2r_imp                   uvm_analysis_imp_ar2r                -     @2148            
        ar_imp                     uvm_analysis_imp_ar                  -     @2118            
        aw2b_imp                   uvm_analysis_imp_aw2b                -     @2138            
        aw_imp                     uvm_analysis_imp_aw                  -     @2088            
        b_imp                      uvm_analysis_imp_b                   -     @2108            
        item_rtr_port              uvm_analysis_port                    -     @2168            
        item_wtr_port              uvm_analysis_port                    -     @2158            
        r_imp                      uvm_analysis_imp_r                   -     @2128            
        w_imp                      uvm_analysis_imp_w                   -     @2098            
        avg_rate                   integral                             32    'h0              
        exp_rate                   integral                             32    'h0              
        win_size                   integral                             32    'h0              
        bqnum_for_slaseq           integral                             32    'h0              
        rq_from_model_num          integral                             32    'h0              
      vsqr                         axi_virtual_sequencer                -     @2187            
        rsp_export                 uvm_analysis_export                  -     @2196            
        seq_item_export            uvm_seq_item_pull_imp                -     @2314            
        arbitration_queue          array                                0     -                
        lock_queue                 array                                0     -                
        num_last_reqs              integral                             32    'd1              
        num_last_rsps              integral                             32    'd1              
      cfg                          axi_cfg                              -     @400             
        has_checker                integral                             1     'h1              
        has_coverage               integral                             1     'h1              
        id_num                     integral                             32    'h1              
        reset_level                reset_level_enum                     32    RESET_LEVEL_LOW  
        drv_type                   drv_type_enum                        32    MASTER           
        write_latency_mode         latency_mode_enum                    32    CHANNEL_FIRST    
        read_latency_mode          latency_mode_enum                    32    CHANNEL_FIRST    
        clatency                   axi_latency                          -     @466             
          wr_latency               integral                             32    'h0              
          rd_latency               integral                             32    'h0              
    axi_master_gmem                uvm_env                              -     @406             
      item_rtr_port                uvm_analysis_port                    -     @425             
      item_wtr_port                uvm_analysis_port                    -     @415             
      monitor                      uvm_monitor                          -     @3278            
        item_ar2r_port             uvm_analysis_port                    -     @3347            
        item_ar_port               uvm_analysis_port                    -     @3317            
        item_aw2b_port             uvm_analysis_port                    -     @3337            
        item_aw_port               uvm_analysis_port                    -     @3287            
        item_b_port                uvm_analysis_port                    -     @3307            
        item_r_port                uvm_analysis_port                    -     @3327            
        item_w_port                uvm_analysis_port                    -     @3297            
        checks_enable              integral                             1     'h1              
        coverage_enable            integral                             1     'h1              
      slave                        uvm_agent                            -     @3456            
        ardrv                      uvm_driver #(REQ,RSP)                -     @4133            
          item_read_imp            uvm_analysis_port                    -     @4162            
          rsp_port                 uvm_analysis_port                    -     @4152            
          seq_item_port            uvm_seq_item_pull_port               -     @4142            
          m_num_sent               integral                             32    'h0              
        arsqr                      axi_sequencer                        -     @4172            
          rsp_export               uvm_analysis_export                  -     @4181            
          seq_item_export          uvm_seq_item_pull_imp                -     @4299            
          arbitration_queue        array                                0     -                
          lock_queue               array                                0     -                
          num_last_reqs            integral                             32    'd1              
          num_last_rsps            integral                             32    'd1              
        awdrv                      uvm_driver #(REQ,RSP)                -     @3605            
          item_read_imp            uvm_analysis_port                    -     @3634            
          rsp_port                 uvm_analysis_port                    -     @3624            
          seq_item_port            uvm_seq_item_pull_port               -     @3614            
          m_num_sent               integral                             32    'h0              
        awsqr                      axi_sequencer                        -     @3644            
          rsp_export               uvm_analysis_export                  -     @3653            
          seq_item_export          uvm_seq_item_pull_imp                -     @3771            
          arbitration_queue        array                                0     -                
          lock_queue               array                                0     -                
          num_last_reqs            integral                             32    'd1              
          num_last_rsps            integral                             32    'd1              
        bdrv                       uvm_driver #(REQ,RSP)                -     @3957            
          item_read_imp            uvm_analysis_port                    -     @3986            
          rsp_port                 uvm_analysis_port                    -     @3976            
          seq_item_port            uvm_seq_item_pull_port               -     @3966            
          m_num_sent               integral                             32    'h0              
        bsqr                       axi_sequencer                        -     @3996            
          rsp_export               uvm_analysis_export                  -     @4005            
          seq_item_export          uvm_seq_item_pull_imp                -     @4123            
          arbitration_queue        array                                0     -                
          lock_queue               array                                0     -                
          num_last_reqs            integral                             32    'd1              
          num_last_rsps            integral                             32    'd1              
        rdrv                       uvm_driver #(REQ,RSP)                -     @4309            
          item_read_imp            uvm_analysis_port                    -     @4338            
          rsp_port                 uvm_analysis_port                    -     @4328            
          seq_item_port            uvm_seq_item_pull_port               -     @4318            
          m_num_sent               integral                             32    'h0              
        rsqr                       axi_sequencer                        -     @4348            
          rsp_export               uvm_analysis_export                  -     @4357            
          seq_item_export          uvm_seq_item_pull_imp                -     @4475            
          arbitration_queue        array                                0     -                
          lock_queue               array                                0     -                
          num_last_reqs            integral                             32    'd1              
          num_last_rsps            integral                             32    'd1              
        wdrv                       uvm_driver #(REQ,RSP)                -     @3781            
          item_read_imp            uvm_analysis_port                    -     @3810            
          rsp_port                 uvm_analysis_port                    -     @3800            
          seq_item_port            uvm_seq_item_pull_port               -     @3790            
          m_num_sent               integral                             32    'h0              
        wsqr                       axi_sequencer                        -     @3820            
          rsp_export               uvm_analysis_export                  -     @3829            
          seq_item_export          uvm_seq_item_pull_imp                -     @3947            
          arbitration_queue        array                                0     -                
          lock_queue               array                                0     -                
          num_last_reqs            integral                             32    'd1              
          num_last_rsps            integral                             32    'd1              
      state                        axi_state                            -     @3357            
        ar2r_imp                   uvm_analysis_imp_ar2r                -     @3426            
        ar_imp                     uvm_analysis_imp_ar                  -     @3396            
        aw2b_imp                   uvm_analysis_imp_aw2b                -     @3416            
        aw_imp                     uvm_analysis_imp_aw                  -     @3366            
        b_imp                      uvm_analysis_imp_b                   -     @3386            
        item_rtr_port              uvm_analysis_port                    -     @3446            
        item_wtr_port              uvm_analysis_port                    -     @3436            
        r_imp                      uvm_analysis_imp_r                   -     @3406            
        w_imp                      uvm_analysis_imp_w                   -     @3376            
        avg_rate                   integral                             32    'h0              
        exp_rate                   integral                             32    'h0              
        win_size                   integral                             32    'h0              
        bqnum_for_slaseq           integral                             32    'h0              
        rq_from_model_num          integral                             32    'h0              
      vsqr                         axi_virtual_sequencer                -     @3465            
        rsp_export                 uvm_analysis_export                  -     @3474            
        seq_item_export            uvm_seq_item_pull_imp                -     @3592            
        arbitration_queue          array                                0     -                
        lock_queue                 array                                0     -                
        num_last_reqs              integral                             32    'd1              
        num_last_rsps              integral                             32    'd1              
      cfg                          axi_cfg                              -     @398             
        has_checker                integral                             1     'h1              
        has_coverage               integral                             1     'h1              
        id_num                     integral                             32    'h1              
        reset_level                reset_level_enum                     32    RESET_LEVEL_LOW  
        drv_type                   drv_type_enum                        32    SLAVE            
        write_latency_mode         latency_mode_enum                    32    TRANSACTION_FIRST
        read_latency_mode          latency_mode_enum                    32    TRANSACTION_FIRST
        clatency                   axi_latency                          -     @401             
          wr_latency               integral                             32    'h0              
          rd_latency               integral                             32    'h0              
    refm                           vitis_convolution_reference_model    -     @497             
      trans_num_idx                integral                             32    'h0              
    subsys_mon                     vitis_convolution_subsystem_monitor  -     @510             
      control_r_rtr_imp            uvm_analysis_imp_axi_rtr_control_r   -     @549             
      control_r_wtr_imp            uvm_analysis_imp_axi_wtr_control_r   -     @539             
      control_rtr_imp              uvm_analysis_imp_axi_rtr_control     -     @569             
      control_wtr_imp              uvm_analysis_imp_axi_wtr_control     -     @559             
      gmem_rtr_imp                 uvm_analysis_imp_axi_rtr_gmem        -     @529             
      gmem_wtr_imp                 uvm_analysis_imp_axi_wtr_gmem        -     @519             
      scbd                         vitis_convolution_scoreboard         -     @4556            
        refm                       vitis_convolution_reference_model    -     @497             
          trans_num_idx            integral                             32    'h0              
    vitis_convolution_virtual_sqr  vitis_convolution_virtual_sequencer  -     @579             
      rsp_export                   uvm_analysis_export                  -     @588             
      seq_item_export              uvm_seq_item_pull_imp                -     @706             
      arbitration_queue            array                                0     -                
      lock_queue                   array                                0     -                
      num_last_reqs                integral                             32    'd1              
      num_last_rsps                integral                             32    'd1              
    refm                           vitis_convolution_reference_model    -     @497             
    vitis_convolution_virtual_sqr  vitis_convolution_virtual_sequencer  -     @579             
    vitis_convolution_cfg          vitis_convolution_config             -     @397             
      gmem_cfg                     axi_cfg                              -     @398             
        has_checker                integral                             1     'h1              
        has_coverage               integral                             1     'h1              
        id_num                     integral                             32    'h1              
        reset_level                reset_level_enum                     32    RESET_LEVEL_LOW  
        drv_type                   drv_type_enum                        32    SLAVE            
        write_latency_mode         latency_mode_enum                    32    TRANSACTION_FIRST
        read_latency_mode          latency_mode_enum                    32    TRANSACTION_FIRST
        clatency                   axi_latency                          -     @401             
          wr_latency               integral                             32    'h0              
          rd_latency               integral                             32    'h0              
      control_r_cfg                axi_cfg                              -     @399             
        has_checker                integral                             1     'h1              
        has_coverage               integral                             1     'h1              
        id_num                     integral                             32    'h1              
        reset_level                reset_level_enum                     32    RESET_LEVEL_LOW  
        drv_type                   drv_type_enum                        32    MASTER           
        write_latency_mode         latency_mode_enum                    32    CHANNEL_FIRST    
        read_latency_mode          latency_mode_enum                    32    CHANNEL_FIRST    
        clatency                   axi_latency                          -     @435             
          wr_latency               integral                             32    'h0              
          rd_latency               integral                             32    'h0              
      control_cfg                  axi_cfg                              -     @400             
        has_checker                integral                             1     'h1              
        has_coverage               integral                             1     'h1              
        id_num                     integral                             32    'h1              
        reset_level                reset_level_enum                     32    RESET_LEVEL_LOW  
        drv_type                   drv_type_enum                        32    MASTER           
        write_latency_mode         latency_mode_enum                    32    CHANNEL_FIRST    
        read_latency_mode          latency_mode_enum                    32    CHANNEL_FIRST    
        clatency                   axi_latency                          -     @466             
          wr_latency               integral                             32    'h0              
          rd_latency               integral                             32    'h0              
      check_ena                    integral                             32    'h0              
      cover_ena                    integral                             32    'h0              
-----------------------------------------------------------------------------------------------

UVM_INFO C:/AMDDesignTools/2025.2/Vivado/data/system_verilog/uvm_1.2/xlnx_uvm_package.sv(20867) @ 0: reporter [UVM/COMP/NAMECHECK] This implementation of the component name checks requires DPI to be enabled
////////////////////////////////////////////////////////////////////////////////////
// Inter-Transaction Progress: Completed Transaction / Total Transaction
// Intra-Transaction Progress: Measured Latency / Latency Estimation * 100%
//
// RTL Simulation : "Inter-Transaction Progress" ["Intra-Transaction Progress"] @ "Simulation Time"
////////////////////////////////////////////////////////////////////////////////////
// RTL Simulation : 0 / 1 [0.00%] @ "125000"
// RTL Simulation : 1 / 1 [100.00%] @ "703655000"
////////////////////////////////////////////////////////////////////////////////////
$finish called at time : 703725 ns : File "C:/AMDDesignTools/2025.2/Vivado/data/system_verilog/uvm_1.2/xlnx_uvm_package.sv" Line 18699
run: Time (s): cpu = 00:00:00 ; elapsed = 00:00:20 . Memory (MB): peak = 222.535 ; gain = 0.000
## quit
INFO: xsimkernel Simulation Memory Usage: 945516 KB (Peak: 945516 KB), Simulation CPU Usage: 18874 ms
INFO: [Common 17-206] Exiting xsim at Fri May 22 02:28:36 2026...
INFO: [COSIM 212-316] Starting C post checking ...
>> Start C-Simulatie van de HLS IP-Core...
>> C-SIMULATIE SUCCESVOL! Geen fouten gevonden.
INFO: [COSIM 212-1000] *** C/RTL co-simulation finished: PASS ***
INFO: [COSIM 212-211] II is measurable only when transaction number is greater than 1 in RTL simulation. Otherwise, they will be marked as all NA. If user wants to calculate them, please make sure there are at least 2 transactions in RTL simulation.
INFO: [HLS 200-112] Total CPU user time: 2 seconds. Total CPU system time: 2 seconds. Total elapsed time: 122.625 seconds; peak allocated memory: 201.156 MB.
INFO: [vitis-run 60-791] Total elapsed time: 0h 2m 7s
