  **** HLS Build v2025.2 6295257
INFO: [HLS 200-2005] Using work_dir C:/2EAI-HAC-2526-TaskHLS-bj-mk-tm/Edges/Edges 
INFO: [HLS 200-2176] Writing Vitis IDE component file C:/2EAI-HAC-2526-TaskHLS-bj-mk-tm/Edges/Edges/vitis-comp.json
INFO: [HLS 200-10] Creating and opening component 'C:/2EAI-HAC-2526-TaskHLS-bj-mk-tm/Edges/Edges'.
INFO: [HLS 200-1505] Using default flow_target 'vivado'
Resolution: For help on HLS 200-1505 see docs.amd.com/access/sources/dita/topic?Doc_Version=2025.2%20English&url=ug1448-hls-guidance&resourceid=200-1505.html
INFO: [HLS 200-2174] Applying component config ini file hls_config.cfg
INFO: [HLS 200-1465] Applying config ini 'syn.file=vitis_convolution.h' from hls_config.cfg(8)
INFO: [HLS 200-10] Adding design file 'C:/2EAI-HAC-2526-TaskHLS-bj-mk-tm/Edges/vitis_convolution.h' to the project
INFO: [HLS 200-1465] Applying config ini 'syn.file=vitis_convolution.cpp' from hls_config.cfg(9)
INFO: [HLS 200-10] Adding design file 'C:/2EAI-HAC-2526-TaskHLS-bj-mk-tm/Edges/vitis_convolution.cpp' to the project
INFO: [HLS 200-1465] Applying config ini 'tb.file=vitis_convolution_tb.cpp' from hls_config.cfg(10)
INFO: [HLS 200-10] Adding test bench file 'C:/2EAI-HAC-2526-TaskHLS-bj-mk-tm/Edges/vitis_convolution_tb.cpp' to the project
INFO: [HLS 200-1465] Applying config ini 'syn.top=vitis_convolution' from hls_config.cfg(11)
INFO: [HLS 200-1465] Applying config ini 'flow_target=vivado' from hls_config.cfg(4)
INFO: [HLS 200-1505] Using flow_target 'vivado'
Resolution: For help on HLS 200-1505 see docs.amd.com/access/sources/dita/topic?Doc_Version=2025.2%20English&url=ug1448-hls-guidance&resourceid=200-1505.html
INFO: [HLS 200-1465] Applying config ini 'part=xc7z020clg400-1' from hls_config.cfg(1)
INFO: [HLS 200-1611] Setting target device to 'xc7z020-clg400-1'
INFO: [HLS 200-1465] Applying config ini 'clock=10ns' from hls_config.cfg(7)
INFO: [SYN 201-201] Setting up clock 'default' with a period of 10ns.
INFO: [HLS 200-1465] Applying config ini 'package.output.format=ip_catalog' from hls_config.cfg(5)
INFO: [HLS 200-1465] Applying config ini 'syn.interface.m_axi_addr64=false' from hls_config.cfg(12)
INFO: [HLS 200-2176] Writing Vitis IDE component file C:/2EAI-HAC-2526-TaskHLS-bj-mk-tm/Edges/Edges/vitis-comp.json
INFO: [HLS 200-111] Finished File checks and directory preparation: CPU user time: 2 seconds. CPU system time: 3 seconds. Elapsed time: 6.032 seconds; current allocated memory: 135.383 MB.
INFO: [HLS 200-2191] C-Synthesis will use clang-16 as the compiler
INFO: [HLS 200-10] Analyzing design file 'vitis_convolution.cpp' ... 
INFO: [HLS 200-111] Finished Source Code Analysis and Preprocessing: CPU user time: 0 seconds. CPU system time: 0 seconds. Elapsed time: 2.846 seconds; current allocated memory: 137.207 MB.
INFO: [HLS 200-777] Using interface defaults for 'Vivado' flow target.
INFO: [HLS 200-1995] There were 123 instructions in the design after the 'Compile/Link' phase of compilation. See the Design Size Report for more details (C:/2EAI-HAC-2526-TaskHLS-bj-mk-tm/Edges/Edges/hls/syn/report/csynth_design_size.rpt:2)
INFO: [HLS 200-1995] There were 51 instructions in the design after the 'Unroll/Inline (step 1)' phase of compilation. See the Design Size Report for more details (C:/2EAI-HAC-2526-TaskHLS-bj-mk-tm/Edges/Edges/hls/syn/report/csynth_design_size.rpt:2)
INFO: [HLS 200-1995] There were 43 instructions in the design after the 'Unroll/Inline (step 2)' phase of compilation. See the Design Size Report for more details (C:/2EAI-HAC-2526-TaskHLS-bj-mk-tm/Edges/Edges/hls/syn/report/csynth_design_size.rpt:2)
INFO: [HLS 200-1995] There were 39 instructions in the design after the 'Unroll/Inline (step 3)' phase of compilation. See the Design Size Report for more details (C:/2EAI-HAC-2526-TaskHLS-bj-mk-tm/Edges/Edges/hls/syn/report/csynth_design_size.rpt:2)
INFO: [HLS 200-1995] There were 39 instructions in the design after the 'Unroll/Inline (step 4)' phase of compilation. See the Design Size Report for more details (C:/2EAI-HAC-2526-TaskHLS-bj-mk-tm/Edges/Edges/hls/syn/report/csynth_design_size.rpt:2)
INFO: [HLS 200-1995] There were 39 instructions in the design after the 'Array/Struct (step 1)' phase of compilation. See the Design Size Report for more details (C:/2EAI-HAC-2526-TaskHLS-bj-mk-tm/Edges/Edges/hls/syn/report/csynth_design_size.rpt:2)
INFO: [HLS 200-1995] There were 39 instructions in the design after the 'Array/Struct (step 2)' phase of compilation. See the Design Size Report for more details (C:/2EAI-HAC-2526-TaskHLS-bj-mk-tm/Edges/Edges/hls/syn/report/csynth_design_size.rpt:2)
INFO: [HLS 200-1995] There were 39 instructions in the design after the 'Array/Struct (step 3)' phase of compilation. See the Design Size Report for more details (C:/2EAI-HAC-2526-TaskHLS-bj-mk-tm/Edges/Edges/hls/syn/report/csynth_design_size.rpt:2)
INFO: [HLS 200-1995] There were 39 instructions in the design after the 'Array/Struct (step 4)' phase of compilation. See the Design Size Report for more details (C:/2EAI-HAC-2526-TaskHLS-bj-mk-tm/Edges/Edges/hls/syn/report/csynth_design_size.rpt:2)
INFO: [HLS 200-1995] There were 39 instructions in the design after the 'Array/Struct (step 5)' phase of compilation. See the Design Size Report for more details (C:/2EAI-HAC-2526-TaskHLS-bj-mk-tm/Edges/Edges/hls/syn/report/csynth_design_size.rpt:2)
INFO: [HLS 200-1995] There were 39 instructions in the design after the 'Performance (step 1)' phase of compilation. See the Design Size Report for more details (C:/2EAI-HAC-2526-TaskHLS-bj-mk-tm/Edges/Edges/hls/syn/report/csynth_design_size.rpt:2)
INFO: [HLS 200-1995] There were 39 instructions in the design after the 'Performance (step 2)' phase of compilation. See the Design Size Report for more details (C:/2EAI-HAC-2526-TaskHLS-bj-mk-tm/Edges/Edges/hls/syn/report/csynth_design_size.rpt:2)
INFO: [HLS 200-1995] There were 47 instructions in the design after the 'Performance (step 3)' phase of compilation. See the Design Size Report for more details (C:/2EAI-HAC-2526-TaskHLS-bj-mk-tm/Edges/Edges/hls/syn/report/csynth_design_size.rpt:2)
INFO: [HLS 200-1995] There were 47 instructions in the design after the 'Performance (step 4)' phase of compilation. See the Design Size Report for more details (C:/2EAI-HAC-2526-TaskHLS-bj-mk-tm/Edges/Edges/hls/syn/report/csynth_design_size.rpt:2)
INFO: [HLS 200-1995] There were 42 instructions in the design after the 'HW Transforms (step 1)' phase of compilation. See the Design Size Report for more details (C:/2EAI-HAC-2526-TaskHLS-bj-mk-tm/Edges/Edges/hls/syn/report/csynth_design_size.rpt:2)
INFO: [HLS 200-1995] There were 57 instructions in the design after the 'HW Transforms (step 2)' phase of compilation. See the Design Size Report for more details (C:/2EAI-HAC-2526-TaskHLS-bj-mk-tm/Edges/Edges/hls/syn/report/csynth_design_size.rpt:2)
INFO: [HLS 214-449] Partitioning array 'kernel' dimension 1 due to constant index. (vitis_convolution.cpp:4:0)
INFO: [HLS 214-449] Partitioning array 'kernel' dimension 2 due to constant index. (vitis_convolution.cpp:4:0)
INFO: [HLS 214-248] Applying array_partition to 'kernel': Complete partitioning on dimension 1. Complete partitioning on dimension 2. (vitis_convolution.cpp:4:0)
WARNING: [HLS 214-385] Cannot apply INTERFACE pragma on a global variable. In function 'vitis_convolution(unsigned char volatile*, char volatile*)' (vitis_convolution.cpp:13:1)
INFO: [HLS 200-111] Finished Compiling Optimization and Transform: CPU user time: 1 seconds. CPU system time: 0 seconds. Elapsed time: 9.985 seconds; current allocated memory: 139.691 MB.
INFO: [HLS 200-111] Finished Checking Pragmas: CPU user time: 0 seconds. CPU system time: 0 seconds. Elapsed time: 0.005 seconds; current allocated memory: 139.691 MB.
INFO: [HLS 200-10] Starting code transformations ...
INFO: [HLS 200-111] Finished Standard Transforms: CPU user time: 0 seconds. CPU system time: 0 seconds. Elapsed time: 0.029 seconds; current allocated memory: 143.953 MB.
INFO: [HLS 200-10] Checking synthesizability ...
INFO: [HLS 200-111] Finished Checking Synthesizability: CPU user time: 0 seconds. CPU system time: 0 seconds. Elapsed time: 0.026 seconds; current allocated memory: 145.254 MB.
INFO: [HLS 200-111] Finished Loop, function and other optimizations: CPU user time: 0 seconds. CPU system time: 0 seconds. Elapsed time: 0.066 seconds; current allocated memory: 165.617 MB.
INFO: [HLS 200-2061] Successfully converted nested loops 'Read_Rows'(vitis_convolution.cpp:20:16) and 'Read_Cols'(vitis_convolution.cpp:21:20) in function 'vitis_convolution' into perfectly nested loops.
INFO: [HLS 200-2061] Successfully converted nested loops 'Write_Rows'(vitis_convolution.cpp:44:17) and 'Write_Cols'(vitis_convolution.cpp:45:21) in function 'vitis_convolution' into perfectly nested loops.
INFO: [XFORM 203-541] Flattening a loop nest 'Read_Rows' (vitis_convolution.cpp:20:16) in function 'vitis_convolution'.
INFO: [XFORM 203-541] Flattening a loop nest 'Write_Rows' (vitis_convolution.cpp:44:17) in function 'vitis_convolution'.
INFO: [HLS 200-111] Finished Architecture Synthesis: CPU user time: 0 seconds. CPU system time: 0 seconds. Elapsed time: 0.092 seconds; current allocated memory: 177.715 MB.
INFO: [HLS 200-10] Starting hardware synthesis ...
INFO: [HLS 200-10] Synthesizing 'vitis_convolution' ...
INFO: [HLS 200-10] ----------------------------------------------------------------
INFO: [HLS 200-42] -- Implementing module 'vitis_convolution_Pipeline_Read_Rows_Read_Cols' 
INFO: [HLS 200-10] ----------------------------------------------------------------
INFO: [SCHED 204-11] Starting scheduling ...
INFO: [SCHED 204-61] Pipelining loop 'Read_Rows_Read_Cols'.
INFO: [HLS 200-1470] Pipelining result : Target II = 1, Final II = 1, Depth = 12, loop 'Read_Rows_Read_Cols'
INFO: [SCHED 204-11] Finished scheduling.
INFO: [HLS 200-111] Finished Scheduling: CPU user time: 0 seconds. CPU system time: 0 seconds. Elapsed time: 0.173 seconds; current allocated memory: 181.691 MB.
INFO: [BIND 205-100] Starting micro-architecture generation ...
INFO: [BIND 205-101] Performing variable lifetime analysis.
INFO: [BIND 205-101] Exploring resource sharing.
INFO: [BIND 205-101] Binding ...
INFO: [BIND 205-100] Finished micro-architecture generation.
INFO: [HLS 200-111] Finished Binding: CPU user time: 0 seconds. CPU system time: 0 seconds. Elapsed time: 0.036 seconds; current allocated memory: 182.695 MB.
INFO: [HLS 200-10] ----------------------------------------------------------------
INFO: [HLS 200-42] -- Implementing module 'vitis_convolution_Pipeline_Write_Rows_Write_Cols' 
INFO: [HLS 200-10] ----------------------------------------------------------------
INFO: [SCHED 204-11] Starting scheduling ...
INFO: [SCHED 204-61] Pipelining loop 'Write_Rows_Write_Cols'.
INFO: [HLS 200-1470] Pipelining result : Target II = 1, Final II = 1, Depth = 10, loop 'Write_Rows_Write_Cols'
INFO: [SCHED 204-11] Finished scheduling.
INFO: [HLS 200-111] Finished Scheduling: CPU user time: 0 seconds. CPU system time: 0 seconds. Elapsed time: 0.059 seconds; current allocated memory: 182.770 MB.
INFO: [BIND 205-100] Starting micro-architecture generation ...
INFO: [BIND 205-101] Performing variable lifetime analysis.
INFO: [BIND 205-101] Exploring resource sharing.
INFO: [BIND 205-101] Binding ...
INFO: [BIND 205-100] Finished micro-architecture generation.
INFO: [HLS 200-111] Finished Binding: CPU user time: 0 seconds. CPU system time: 0 seconds. Elapsed time: 0.04 seconds; current allocated memory: 182.770 MB.
INFO: [HLS 200-10] ----------------------------------------------------------------
INFO: [HLS 200-42] -- Implementing module 'vitis_convolution' 
INFO: [HLS 200-10] ----------------------------------------------------------------
INFO: [SCHED 204-11] Starting scheduling ...
INFO: [SCHED 204-11] Finished scheduling.
INFO: [HLS 200-111] Finished Scheduling: CPU user time: 0 seconds. CPU system time: 0 seconds. Elapsed time: 0.037 seconds; current allocated memory: 182.797 MB.
INFO: [BIND 205-100] Starting micro-architecture generation ...
INFO: [BIND 205-101] Performing variable lifetime analysis.
INFO: [BIND 205-101] Exploring resource sharing.
INFO: [BIND 205-101] Binding ...
INFO: [BIND 205-100] Finished micro-architecture generation.
INFO: [HLS 200-111] Finished Binding: CPU user time: 0 seconds. CPU system time: 0 seconds. Elapsed time: 0.03 seconds; current allocated memory: 182.832 MB.
INFO: [HLS 200-10] ----------------------------------------------------------------
INFO: [HLS 200-10] -- Generating RTL for module 'vitis_convolution_Pipeline_Read_Rows_Read_Cols' 
INFO: [HLS 200-10] ----------------------------------------------------------------
INFO: [HLS 200-1030] Apply Unified Pipeline Control on module 'vitis_convolution_Pipeline_Read_Rows_Read_Cols' pipeline 'Read_Rows_Read_Cols' pipeline type 'loop pipeline'
INFO: [RTGEN 206-100] Finished creating RTL model for 'vitis_convolution_Pipeline_Read_Rows_Read_Cols'.
INFO: [HLS 200-111] Finished Creating RTL model: CPU user time: 0 seconds. CPU system time: 0 seconds. Elapsed time: 0.061 seconds; current allocated memory: 184.418 MB.
INFO: [HLS 200-10] ----------------------------------------------------------------
INFO: [HLS 200-10] -- Generating RTL for module 'vitis_convolution_Pipeline_Write_Rows_Write_Cols' 
INFO: [HLS 200-10] ----------------------------------------------------------------
INFO: [HLS 200-1030] Apply Unified Pipeline Control on module 'vitis_convolution_Pipeline_Write_Rows_Write_Cols' pipeline 'Write_Rows_Write_Cols' pipeline type 'loop pipeline'
INFO: [RTGEN 206-100] Finished creating RTL model for 'vitis_convolution_Pipeline_Write_Rows_Write_Cols'.
INFO: [HLS 200-111] Finished Creating RTL model: CPU user time: 0 seconds. CPU system time: 0 seconds. Elapsed time: 0.17 seconds; current allocated memory: 185.848 MB.
INFO: [HLS 200-10] ----------------------------------------------------------------
INFO: [HLS 200-10] -- Generating RTL for module 'vitis_convolution' 
INFO: [HLS 200-10] ----------------------------------------------------------------
WARNING: [RTGEN 206-101] Design contains AXI ports. Reset is fixed to synchronous and active low.
INFO: [RTGEN 206-500] Setting interface mode on port 'vitis_convolution/gmem' to 'm_axi'.
INFO: [RTGEN 206-500] Setting interface mode on port 'vitis_convolution/input_img' to 's_axilite & ap_none'.
INFO: [RTGEN 206-500] Setting interface mode on port 'vitis_convolution/output_img' to 's_axilite & ap_none'.
INFO: [RTGEN 206-500] Setting interface mode on function 'vitis_convolution' to 's_axilite & ap_ctrl_hs'.
INFO: [RTGEN 206-100] Bundling port 'return' to AXI-Lite port control.
INFO: [RTGEN 206-100] Bundling port 'input_img' and 'output_img' to AXI-Lite port control_r.
INFO: [RTGEN 206-100] Finished creating RTL model for 'vitis_convolution'.
INFO: [HLS 200-111] Finished Creating RTL model: CPU user time: 0 seconds. CPU system time: 0 seconds. Elapsed time: 0.199 seconds; current allocated memory: 189.160 MB.
INFO: [HLS 200-111] Finished Generating all RTL models: CPU user time: 1 seconds. CPU system time: 0 seconds. Elapsed time: 0.799 seconds; current allocated memory: 192.504 MB.
INFO: [HLS 200-2225] Wrote inferred directives to file C:/2EAI-HAC-2526-TaskHLS-bj-mk-tm/Edges/Edges/hls/syn/inferred_directives.ini
INFO: [HLS 200-111] Finished Updating report files: CPU user time: 1 seconds. CPU system time: 1 seconds. Elapsed time: 1.848 seconds; current allocated memory: 197.598 MB.
INFO: [VHDL 208-304] Generating VHDL RTL for vitis_convolution.
INFO: [VLOG 209-307] Generating Verilog RTL for vitis_convolution.
INFO: [HLS 200-790] **** Loop Constraint Status: All loop constraints were satisfied.
INFO: [HLS 200-789] **** Estimated Fmax: 136.99 MHz
INFO: [HLS 200-112] Total CPU user time: 5 seconds. Total CPU system time: 4 seconds. Total elapsed time: 24.029 seconds; peak allocated memory: 197.660 MB.
INFO: [v++ 60-791] Total elapsed time: 0h 0m 29s
