05/20/26 16:40:03: Running xcd server. This server was built by gradle.
05/20/26 16:40:03: Server was asked to start on port: '49673'
05/20/26 16:40:03: Server is using token UUID: 'c7b76fa6-7d51-4c8d-b907-d06996db00e2'
05/20/26 16:40:03: SESSION_MGR: creating session with session uuid: '6d04a3e9-ade5-4ab9-8d63-1f78fcd2ec76' and name 'default'
05/20/26 16:40:03: Attempting to start server on port '49673'
05/20/26 16:40:03: Running Dispatch Server
05/20/26 16:40:03: Version 2.2.0
05/20/26 16:40:05: Dispatch Server: Accepted socket connection from client
05/20/26 16:40:05: Starting Socket connection
05/20/26 16:40:05: EXCHANGE_TOKEN received, server token: c7b76fa6-7d51-4c8d-b907-d06996db00e2, passed token: c7b76fa6-7d51-4c8d-b907-d06996db00e2
05/20/26 16:40:05: DISPATCH_HANDLER: Adding handler from function makeHandler in library xv_system_diagram
05/20/26 16:40:05: SESSION_MGR: creating session with session uuid: 'bf758368-31df-4480-8d53-4fc2a3ad1681' and name 'vitis-run_compile_Edges'
05/20/26 16:40:05: KERNEL_SVC: creating session with uuid: 'bf758368-31df-4480-8d53-4fc2a3ad1681' and name 'vitis-run_compile_Edges'
05/20/26 16:40:05: GUIDANCE_SMGR: creating guidance session with uuid: 'bf758368-31df-4480-8d53-4fc2a3ad1681' and name 'vitis-run_compile_Edges'
05/20/26 16:40:05: SYSTEM_DIAGRAM: creating session with uuid: 'bf758368-31df-4480-8d53-4fc2a3ad1681' and name 'vitis-run_compile_Edges'
05/20/26 16:40:15: Dispatch Server: Accepted socket connection from client
05/20/26 16:40:15: Starting Socket connection
05/20/26 16:40:18: SESSION_MGR: closing session for UUID 'bf758368-31df-4480-8d53-4fc2a3ad1681' with name 'vitis-run_compile_Edges'
05/20/26 16:40:18: KERNEL_SVC: closing session for UUID 'bf758368-31df-4480-8d53-4fc2a3ad1681' with name 'vitis-run_compile_Edges'
05/20/26 16:40:18: GUIDANCE_SMGR: closing session for UUID 'bf758368-31df-4480-8d53-4fc2a3ad1681' with name 'vitis-run_compile_Edges'
05/20/26 16:40:18: SYSTEM_DIAGRAM: closing session for UUID 'bf758368-31df-4480-8d53-4fc2a3ad1681' with name 'vitis-run_compile_Edges'
05/20/26 16:40:18: STOP_SERVER received, server token: c7b76fa6-7d51-4c8d-b907-d06996db00e2, passed token: c7b76fa6-7d51-4c8d-b907-d06996db00e2
05/20/26 16:40:18: Socket received request to stop server.
05/20/26 16:40:18: Dispatch Server: do_await_stop
05/20/26 16:40:18: SERVER: destructor for server bound to port 49673
05/20/26 16:42:16: Running xcd server. This server was built by gradle.
05/20/26 16:42:16: Server was asked to start on port: '64398'
05/20/26 16:42:16: Server is using token UUID: '67770091-83ee-4db0-b9d8-c02a0b280992'
05/20/26 16:42:16: SESSION_MGR: creating session with session uuid: '6d04a3e9-ade5-4ab9-8d63-1f78fcd2ec76' and name 'default'
05/20/26 16:42:16: Attempting to start server on port '64398'
05/20/26 16:42:16: Running Dispatch Server
05/20/26 16:42:16: Version 2.2.0
05/20/26 16:42:19: Dispatch Server: Accepted socket connection from client
05/20/26 16:42:19: Starting Socket connection
05/20/26 16:42:19: EXCHANGE_TOKEN received, server token: 67770091-83ee-4db0-b9d8-c02a0b280992, passed token: 67770091-83ee-4db0-b9d8-c02a0b280992
05/20/26 16:42:19: DISPATCH_HANDLER: Adding handler from function makeHandler in library xv_system_diagram
05/20/26 16:42:19: SESSION_MGR: creating session with session uuid: 'cc935a3b-da2b-4378-a843-c2d064add029' and name 'v++_compile_Edges'
05/20/26 16:42:19: KERNEL_SVC: creating session with uuid: 'cc935a3b-da2b-4378-a843-c2d064add029' and name 'v++_compile_Edges'
05/20/26 16:42:19: GUIDANCE_SMGR: creating guidance session with uuid: 'cc935a3b-da2b-4378-a843-c2d064add029' and name 'v++_compile_Edges'
05/20/26 16:42:19: SYSTEM_DIAGRAM: creating session with uuid: 'cc935a3b-da2b-4378-a843-c2d064add029' and name 'v++_compile_Edges'
05/20/26 16:42:24: Dispatch Server: Accepted socket connection from client
05/20/26 16:42:24: Starting Socket connection
05/20/26 16:42:46: SESSION_MGR: closing session for UUID 'cc935a3b-da2b-4378-a843-c2d064add029' with name 'v++_compile_Edges'
05/20/26 16:42:46: KERNEL_SVC: closing session for UUID 'cc935a3b-da2b-4378-a843-c2d064add029' with name 'v++_compile_Edges'
05/20/26 16:42:46: GUIDANCE_SMGR: closing session for UUID 'cc935a3b-da2b-4378-a843-c2d064add029' with name 'v++_compile_Edges'
05/20/26 16:42:46: SYSTEM_DIAGRAM: closing session for UUID 'cc935a3b-da2b-4378-a843-c2d064add029' with name 'v++_compile_Edges'
05/20/26 16:42:46: STOP_SERVER received, server token: 67770091-83ee-4db0-b9d8-c02a0b280992, passed token: 67770091-83ee-4db0-b9d8-c02a0b280992
05/20/26 16:42:46: Socket received request to stop server.
05/20/26 16:42:46: Dispatch Server: do_await_stop
05/20/26 16:42:46: SERVER: destructor for server bound to port 64398
05/20/26 16:43:52: Running xcd server. This server was built by gradle.
05/20/26 16:43:52: Server was asked to start on port: '56279'
05/20/26 16:43:52: Server is using token UUID: '765b84a1-c3b0-4d68-8a5a-666fd55dbb05'
05/20/26 16:43:52: SESSION_MGR: creating session with session uuid: '6d04a3e9-ade5-4ab9-8d63-1f78fcd2ec76' and name 'default'
05/20/26 16:43:52: Attempting to start server on port '56279'
05/20/26 16:43:52: Running Dispatch Server
05/20/26 16:43:52: Version 2.2.0
05/20/26 16:43:54: Dispatch Server: Accepted socket connection from client
05/20/26 16:43:54: Starting Socket connection
05/20/26 16:43:54: EXCHANGE_TOKEN received, server token: 765b84a1-c3b0-4d68-8a5a-666fd55dbb05, passed token: 765b84a1-c3b0-4d68-8a5a-666fd55dbb05
05/20/26 16:43:54: DISPATCH_HANDLER: Adding handler from function makeHandler in library xv_system_diagram
05/20/26 16:43:54: SESSION_MGR: creating session with session uuid: '83c2b899-e5aa-4009-9b45-3261173f5341' and name 'vitis-run_compile_Edges'
05/20/26 16:43:54: KERNEL_SVC: creating session with uuid: '83c2b899-e5aa-4009-9b45-3261173f5341' and name 'vitis-run_compile_Edges'
05/20/26 16:43:54: GUIDANCE_SMGR: creating guidance session with uuid: '83c2b899-e5aa-4009-9b45-3261173f5341' and name 'vitis-run_compile_Edges'
05/20/26 16:43:54: SYSTEM_DIAGRAM: creating session with uuid: '83c2b899-e5aa-4009-9b45-3261173f5341' and name 'vitis-run_compile_Edges'
05/20/26 16:43:59: Dispatch Server: Accepted socket connection from client
05/20/26 16:43:59: Starting Socket connection
05/20/26 16:45:41: SESSION_MGR: closing session for UUID '83c2b899-e5aa-4009-9b45-3261173f5341' with name 'vitis-run_compile_Edges'
05/20/26 16:45:41: KERNEL_SVC: closing session for UUID '83c2b899-e5aa-4009-9b45-3261173f5341' with name 'vitis-run_compile_Edges'
05/20/26 16:45:41: GUIDANCE_SMGR: closing session for UUID '83c2b899-e5aa-4009-9b45-3261173f5341' with name 'vitis-run_compile_Edges'
05/20/26 16:45:41: SYSTEM_DIAGRAM: closing session for UUID '83c2b899-e5aa-4009-9b45-3261173f5341' with name 'vitis-run_compile_Edges'
05/20/26 16:45:41: STOP_SERVER received, server token: 765b84a1-c3b0-4d68-8a5a-666fd55dbb05, passed token: 765b84a1-c3b0-4d68-8a5a-666fd55dbb05
05/20/26 16:45:41: Socket received request to stop server.
05/20/26 16:45:41: Dispatch Server: do_await_stop
05/20/26 16:45:41: SERVER: destructor for server bound to port 56279
05/20/26 16:49:23: Running xcd server. This server was built by gradle.
05/20/26 16:49:23: Server was asked to start on port: '51481'
05/20/26 16:49:23: Server is using token UUID: '0461eae4-4fcd-425f-a7d7-471dc3ebb2b3'
05/20/26 16:49:23: SESSION_MGR: creating session with session uuid: '6d04a3e9-ade5-4ab9-8d63-1f78fcd2ec76' and name 'default'
05/20/26 16:49:23: Attempting to start server on port '51481'
05/20/26 16:49:23: Running Dispatch Server
05/20/26 16:49:23: Version 2.2.0
05/20/26 16:49:25: Dispatch Server: Accepted socket connection from client
05/20/26 16:49:25: Starting Socket connection
05/20/26 16:49:25: EXCHANGE_TOKEN received, server token: 0461eae4-4fcd-425f-a7d7-471dc3ebb2b3, passed token: 0461eae4-4fcd-425f-a7d7-471dc3ebb2b3
05/20/26 16:49:25: DISPATCH_HANDLER: Adding handler from function makeHandler in library xv_system_diagram
05/20/26 16:49:25: SESSION_MGR: creating session with session uuid: '63f1ab5f-7ea2-44e0-a78d-7736389bd7ac' and name 'vitis-run_compile_Edges'
05/20/26 16:49:25: KERNEL_SVC: creating session with uuid: '63f1ab5f-7ea2-44e0-a78d-7736389bd7ac' and name 'vitis-run_compile_Edges'
05/20/26 16:49:25: GUIDANCE_SMGR: creating guidance session with uuid: '63f1ab5f-7ea2-44e0-a78d-7736389bd7ac' and name 'vitis-run_compile_Edges'
05/20/26 16:49:25: SYSTEM_DIAGRAM: creating session with uuid: '63f1ab5f-7ea2-44e0-a78d-7736389bd7ac' and name 'vitis-run_compile_Edges'
05/20/26 16:49:30: Dispatch Server: Accepted socket connection from client
05/20/26 16:49:30: Starting Socket connection
05/20/26 16:49:53: SESSION_MGR: closing session for UUID '63f1ab5f-7ea2-44e0-a78d-7736389bd7ac' with name 'vitis-run_compile_Edges'
05/20/26 16:49:53: KERNEL_SVC: closing session for UUID '63f1ab5f-7ea2-44e0-a78d-7736389bd7ac' with name 'vitis-run_compile_Edges'
05/20/26 16:49:53: GUIDANCE_SMGR: closing session for UUID '63f1ab5f-7ea2-44e0-a78d-7736389bd7ac' with name 'vitis-run_compile_Edges'
05/20/26 16:49:53: SYSTEM_DIAGRAM: closing session for UUID '63f1ab5f-7ea2-44e0-a78d-7736389bd7ac' with name 'vitis-run_compile_Edges'
05/20/26 16:49:53: STOP_SERVER received, server token: 0461eae4-4fcd-425f-a7d7-471dc3ebb2b3, passed token: 0461eae4-4fcd-425f-a7d7-471dc3ebb2b3
05/20/26 16:49:53: Socket received request to stop server.
05/20/26 16:49:53: Dispatch Server: do_await_stop
05/20/26 16:49:53: SERVER: destructor for server bound to port 51481
