  **** HLS Build v2025.2 6295257
INFO: [HLS 200-2005] Using work_dir C:/2EAI-HAC-2526-TaskHLS-bj-mk-tm/2D_Convolutie/2D_Convolutie 
INFO: [HLS 200-2176] Writing Vitis IDE component file C:/2EAI-HAC-2526-TaskHLS-bj-mk-tm/2D_Convolutie/2D_Convolutie/vitis-comp.json
INFO: [HLS 200-10] Creating and opening component 'C:/2EAI-HAC-2526-TaskHLS-bj-mk-tm/2D_Convolutie/2D_Convolutie'.
INFO: [HLS 200-1505] Using default flow_target 'vivado'
Resolution: For help on HLS 200-1505 see docs.amd.com/access/sources/dita/topic?Doc_Version=2025.2%20English&url=ug1448-hls-guidance&resourceid=200-1505.html
INFO: [HLS 200-2174] Applying component config ini file hls_config.cfg
INFO: [HLS 200-1465] Applying config ini 'syn.file=vitis_convolution.h' from hls_config.cfg(8)
INFO: [HLS 200-10] Adding design file 'C:/2EAI-HAC-2526-TaskHLS-bj-mk-tm/2D_Convolutie/vitis_convolution.h' to the project
INFO: [HLS 200-1465] Applying config ini 'syn.file=vitis_convolution.cpp' from hls_config.cfg(9)
INFO: [HLS 200-10] Adding design file 'C:/2EAI-HAC-2526-TaskHLS-bj-mk-tm/2D_Convolutie/vitis_convolution.cpp' to the project
INFO: [HLS 200-1465] Applying config ini 'tb.file=vitis_convolution_tb.cpp' from hls_config.cfg(10)
INFO: [HLS 200-10] Adding test bench file 'C:/2EAI-HAC-2526-TaskHLS-bj-mk-tm/2D_Convolutie/vitis_convolution_tb.cpp' to the project
INFO: [HLS 200-1465] Applying config ini 'syn.top=vitis_convolution' from hls_config.cfg(11)
INFO: [HLS 200-1465] Applying config ini 'flow_target=vivado' from hls_config.cfg(4)
INFO: [HLS 200-1505] Using flow_target 'vivado'
Resolution: For help on HLS 200-1505 see docs.amd.com/access/sources/dita/topic?Doc_Version=2025.2%20English&url=ug1448-hls-guidance&resourceid=200-1505.html
INFO: [HLS 200-1465] Applying config ini 'part=xc7z020clg400-1' from hls_config.cfg(1)
INFO: [HLS 200-1611] Setting target device to 'xc7z020-clg400-1'
INFO: [HLS 200-1465] Applying config ini 'clock=10ns' from hls_config.cfg(7)
INFO: [SYN 201-201] Setting up clock 'default' with a period of 10ns.
INFO: [HLS 200-1465] Applying config ini 'package.output.format=ip_catalog' from hls_config.cfg(5)
INFO: [HLS 200-2176] Writing Vitis IDE component file C:/2EAI-HAC-2526-TaskHLS-bj-mk-tm/2D_Convolutie/2D_Convolutie/vitis-comp.json
INFO: [SIM 211-2] *************** CSIM start ***************
INFO: [HLS 200-2191] C-Simulation will use clang-16 as the compiler
INFO: [HLS 200-2036] Building debug C Simulation binaries
mingw32-make: 'csim.exe' is up to date.
--- Start C-Simulatie voor 2D Convolutie ---
C-Simulatie succesvol afgerond!
INFO: [SIM 211-1] CSim done with 0 errors.
INFO: [SIM 211-3] *************** CSIM finish ***************
INFO: [HLS 200-112] Total CPU user time: 2 seconds. Total CPU system time: 1 seconds. Total elapsed time: 5.64 seconds; peak allocated memory: 134.816 MB.
INFO: [vitis-run 60-791] Total elapsed time: 0h 0m 11s
