05/20/26 02:50:25: Running xcd server. This server was built by gradle.
05/20/26 02:50:25: Server was asked to start on port: '52750'
05/20/26 02:50:25: Server is using token UUID: '5dafa12d-6cd1-43db-a2c4-6ed57c911eda'
05/20/26 02:50:25: SESSION_MGR: creating session with session uuid: '6d04a3e9-ade5-4ab9-8d63-1f78fcd2ec76' and name 'default'
05/20/26 02:50:25: Attempting to start server on port '52750'
05/20/26 02:50:25: Running Dispatch Server
05/20/26 02:50:25: Version 2.2.0
05/20/26 02:50:28: Dispatch Server: Accepted socket connection from client
05/20/26 02:50:28: Starting Socket connection
05/20/26 02:50:28: EXCHANGE_TOKEN received, server token: 5dafa12d-6cd1-43db-a2c4-6ed57c911eda, passed token: 5dafa12d-6cd1-43db-a2c4-6ed57c911eda
05/20/26 02:50:28: DISPATCH_HANDLER: Adding handler from function makeHandler in library xv_system_diagram
05/20/26 02:50:28: SESSION_MGR: creating session with session uuid: '323f2064-5e9e-42f1-9dcf-a3b6f312d258' and name 'vitis-run_compile_2D_Convolutie'
05/20/26 02:50:28: KERNEL_SVC: creating session with uuid: '323f2064-5e9e-42f1-9dcf-a3b6f312d258' and name 'vitis-run_compile_2D_Convolutie'
05/20/26 02:50:28: GUIDANCE_SMGR: creating guidance session with uuid: '323f2064-5e9e-42f1-9dcf-a3b6f312d258' and name 'vitis-run_compile_2D_Convolutie'
05/20/26 02:50:28: SYSTEM_DIAGRAM: creating session with uuid: '323f2064-5e9e-42f1-9dcf-a3b6f312d258' and name 'vitis-run_compile_2D_Convolutie'
05/20/26 02:50:36: Dispatch Server: Accepted socket connection from client
05/20/26 02:50:36: Starting Socket connection
05/20/26 02:50:43: SESSION_MGR: closing session for UUID '323f2064-5e9e-42f1-9dcf-a3b6f312d258' with name 'vitis-run_compile_2D_Convolutie'
05/20/26 02:50:43: KERNEL_SVC: closing session for UUID '323f2064-5e9e-42f1-9dcf-a3b6f312d258' with name 'vitis-run_compile_2D_Convolutie'
05/20/26 02:50:43: GUIDANCE_SMGR: closing session for UUID '323f2064-5e9e-42f1-9dcf-a3b6f312d258' with name 'vitis-run_compile_2D_Convolutie'
05/20/26 02:50:43: SYSTEM_DIAGRAM: closing session for UUID '323f2064-5e9e-42f1-9dcf-a3b6f312d258' with name 'vitis-run_compile_2D_Convolutie'
05/20/26 02:50:43: STOP_SERVER received, server token: 5dafa12d-6cd1-43db-a2c4-6ed57c911eda, passed token: 5dafa12d-6cd1-43db-a2c4-6ed57c911eda
05/20/26 02:50:43: Socket received request to stop server.
05/20/26 02:50:43: Dispatch Server: do_await_stop
05/20/26 02:50:43: SERVER: destructor for server bound to port 52750
05/20/26 02:51:14: Running xcd server. This server was built by gradle.
05/20/26 02:51:14: Server was asked to start on port: '62297'
05/20/26 02:51:14: Server is using token UUID: 'e323d30f-ca60-427e-9727-1df9d72aaab8'
05/20/26 02:51:14: SESSION_MGR: creating session with session uuid: '6d04a3e9-ade5-4ab9-8d63-1f78fcd2ec76' and name 'default'
05/20/26 02:51:14: Attempting to start server on port '62297'
05/20/26 02:51:14: Running Dispatch Server
05/20/26 02:51:14: Version 2.2.0
05/20/26 02:51:17: Dispatch Server: Accepted socket connection from client
05/20/26 02:51:17: Starting Socket connection
05/20/26 02:51:17: EXCHANGE_TOKEN received, server token: e323d30f-ca60-427e-9727-1df9d72aaab8, passed token: e323d30f-ca60-427e-9727-1df9d72aaab8
05/20/26 02:51:17: DISPATCH_HANDLER: Adding handler from function makeHandler in library xv_system_diagram
05/20/26 02:51:17: SESSION_MGR: creating session with session uuid: 'c4ffa2c5-f25c-4ab0-a4c6-73496056777a' and name 'v++_compile_2D_Convolutie'
05/20/26 02:51:17: KERNEL_SVC: creating session with uuid: 'c4ffa2c5-f25c-4ab0-a4c6-73496056777a' and name 'v++_compile_2D_Convolutie'
05/20/26 02:51:17: GUIDANCE_SMGR: creating guidance session with uuid: 'c4ffa2c5-f25c-4ab0-a4c6-73496056777a' and name 'v++_compile_2D_Convolutie'
05/20/26 02:51:17: SYSTEM_DIAGRAM: creating session with uuid: 'c4ffa2c5-f25c-4ab0-a4c6-73496056777a' and name 'v++_compile_2D_Convolutie'
05/20/26 02:51:20: Dispatch Server: Accepted socket connection from client
05/20/26 02:51:20: Starting Socket connection
05/20/26 02:51:49: SESSION_MGR: closing session for UUID 'c4ffa2c5-f25c-4ab0-a4c6-73496056777a' with name 'v++_compile_2D_Convolutie'
05/20/26 02:51:49: KERNEL_SVC: closing session for UUID 'c4ffa2c5-f25c-4ab0-a4c6-73496056777a' with name 'v++_compile_2D_Convolutie'
05/20/26 02:51:49: GUIDANCE_SMGR: closing session for UUID 'c4ffa2c5-f25c-4ab0-a4c6-73496056777a' with name 'v++_compile_2D_Convolutie'
05/20/26 02:51:49: SYSTEM_DIAGRAM: closing session for UUID 'c4ffa2c5-f25c-4ab0-a4c6-73496056777a' with name 'v++_compile_2D_Convolutie'
05/20/26 02:51:49: STOP_SERVER received, server token: e323d30f-ca60-427e-9727-1df9d72aaab8, passed token: e323d30f-ca60-427e-9727-1df9d72aaab8
05/20/26 02:51:49: Socket received request to stop server.
05/20/26 02:51:49: Dispatch Server: do_await_stop
05/20/26 02:51:49: SERVER: destructor for server bound to port 62297
05/20/26 02:56:41: Running xcd server. This server was built by gradle.
05/20/26 02:56:41: Server was asked to start on port: '57128'
05/20/26 02:56:41: Server is using token UUID: '0074ca69-7922-4da4-99af-f50fc5334b73'
05/20/26 02:56:41: SESSION_MGR: creating session with session uuid: '6d04a3e9-ade5-4ab9-8d63-1f78fcd2ec76' and name 'default'
05/20/26 02:56:41: Attempting to start server on port '57128'
05/20/26 02:56:41: Running Dispatch Server
05/20/26 02:56:41: Version 2.2.0
05/20/26 02:56:43: Dispatch Server: Accepted socket connection from client
05/20/26 02:56:43: Starting Socket connection
05/20/26 02:56:43: EXCHANGE_TOKEN received, server token: 0074ca69-7922-4da4-99af-f50fc5334b73, passed token: 0074ca69-7922-4da4-99af-f50fc5334b73
05/20/26 02:56:43: DISPATCH_HANDLER: Adding handler from function makeHandler in library xv_system_diagram
05/20/26 02:56:43: SESSION_MGR: creating session with session uuid: '418986d3-3252-4977-8cbc-cce46947803e' and name 'vitis-run_compile_2D_Convolutie'
05/20/26 02:56:43: KERNEL_SVC: creating session with uuid: '418986d3-3252-4977-8cbc-cce46947803e' and name 'vitis-run_compile_2D_Convolutie'
05/20/26 02:56:43: GUIDANCE_SMGR: creating guidance session with uuid: '418986d3-3252-4977-8cbc-cce46947803e' and name 'vitis-run_compile_2D_Convolutie'
05/20/26 02:56:43: SYSTEM_DIAGRAM: creating session with uuid: '418986d3-3252-4977-8cbc-cce46947803e' and name 'vitis-run_compile_2D_Convolutie'
05/20/26 02:56:47: Dispatch Server: Accepted socket connection from client
05/20/26 02:56:47: Starting Socket connection
05/20/26 02:57:13: SESSION_MGR: closing session for UUID '418986d3-3252-4977-8cbc-cce46947803e' with name 'vitis-run_compile_2D_Convolutie'
05/20/26 02:57:13: KERNEL_SVC: closing session for UUID '418986d3-3252-4977-8cbc-cce46947803e' with name 'vitis-run_compile_2D_Convolutie'
05/20/26 02:57:13: GUIDANCE_SMGR: closing session for UUID '418986d3-3252-4977-8cbc-cce46947803e' with name 'vitis-run_compile_2D_Convolutie'
05/20/26 02:57:13: SYSTEM_DIAGRAM: closing session for UUID '418986d3-3252-4977-8cbc-cce46947803e' with name 'vitis-run_compile_2D_Convolutie'
05/20/26 02:57:13: STOP_SERVER received, server token: 0074ca69-7922-4da4-99af-f50fc5334b73, passed token: 0074ca69-7922-4da4-99af-f50fc5334b73
05/20/26 02:57:13: Socket received request to stop server.
05/20/26 02:57:13: Dispatch Server: do_await_stop
05/20/26 02:57:13: SERVER: destructor for server bound to port 57128
05/20/26 13:47:28: Running xcd server. This server was built by gradle.
05/20/26 13:47:28: Server was asked to start on port: '51453'
05/20/26 13:47:28: Server is using token UUID: 'bcd2dd46-f938-45de-a9cf-76edc335280a'
05/20/26 13:47:28: SESSION_MGR: creating session with session uuid: '6d04a3e9-ade5-4ab9-8d63-1f78fcd2ec76' and name 'default'
05/20/26 13:47:28: Attempting to start server on port '51453'
05/20/26 13:47:28: Running Dispatch Server
05/20/26 13:47:28: Version 2.2.0
05/20/26 13:47:31: Dispatch Server: Accepted socket connection from client
05/20/26 13:47:31: Starting Socket connection
05/20/26 13:47:31: EXCHANGE_TOKEN received, server token: bcd2dd46-f938-45de-a9cf-76edc335280a, passed token: bcd2dd46-f938-45de-a9cf-76edc335280a
05/20/26 13:47:31: DISPATCH_HANDLER: Adding handler from function makeHandler in library xv_system_diagram
05/20/26 13:47:31: SESSION_MGR: creating session with session uuid: 'ccb5c61a-0120-488b-ad8e-eb962f50af18' and name 'vitis-run_compile_2D_Convolutie'
05/20/26 13:47:31: KERNEL_SVC: creating session with uuid: 'ccb5c61a-0120-488b-ad8e-eb962f50af18' and name 'vitis-run_compile_2D_Convolutie'
05/20/26 13:47:31: GUIDANCE_SMGR: creating guidance session with uuid: 'ccb5c61a-0120-488b-ad8e-eb962f50af18' and name 'vitis-run_compile_2D_Convolutie'
05/20/26 13:47:31: SYSTEM_DIAGRAM: creating session with uuid: 'ccb5c61a-0120-488b-ad8e-eb962f50af18' and name 'vitis-run_compile_2D_Convolutie'
05/20/26 13:47:39: Dispatch Server: Accepted socket connection from client
05/20/26 13:47:39: Starting Socket connection
05/20/26 13:47:40: SESSION_MGR: closing session for UUID 'ccb5c61a-0120-488b-ad8e-eb962f50af18' with name 'vitis-run_compile_2D_Convolutie'
05/20/26 13:47:40: KERNEL_SVC: closing session for UUID 'ccb5c61a-0120-488b-ad8e-eb962f50af18' with name 'vitis-run_compile_2D_Convolutie'
05/20/26 13:47:40: GUIDANCE_SMGR: closing session for UUID 'ccb5c61a-0120-488b-ad8e-eb962f50af18' with name 'vitis-run_compile_2D_Convolutie'
05/20/26 13:47:40: SYSTEM_DIAGRAM: closing session for UUID 'ccb5c61a-0120-488b-ad8e-eb962f50af18' with name 'vitis-run_compile_2D_Convolutie'
05/20/26 13:47:40: STOP_SERVER received, server token: bcd2dd46-f938-45de-a9cf-76edc335280a, passed token: bcd2dd46-f938-45de-a9cf-76edc335280a
05/20/26 13:47:40: Socket received request to stop server.
05/20/26 13:47:40: Dispatch Server: do_await_stop
05/20/26 13:47:40: SERVER: destructor for server bound to port 51453
05/20/26 13:47:52: Running xcd server. This server was built by gradle.
05/20/26 13:47:52: Server was asked to start on port: '51459'
05/20/26 13:47:52: Server is using token UUID: 'f6a4580d-0d3f-4543-a0fb-f9c0177f38cb'
05/20/26 13:47:52: SESSION_MGR: creating session with session uuid: '6d04a3e9-ade5-4ab9-8d63-1f78fcd2ec76' and name 'default'
05/20/26 13:47:52: Attempting to start server on port '51459'
05/20/26 13:47:52: Running Dispatch Server
05/20/26 13:47:52: Version 2.2.0
05/20/26 13:47:54: Dispatch Server: Accepted socket connection from client
05/20/26 13:47:54: Starting Socket connection
05/20/26 13:47:54: EXCHANGE_TOKEN received, server token: f6a4580d-0d3f-4543-a0fb-f9c0177f38cb, passed token: f6a4580d-0d3f-4543-a0fb-f9c0177f38cb
05/20/26 13:47:54: DISPATCH_HANDLER: Adding handler from function makeHandler in library xv_system_diagram
05/20/26 13:47:54: SESSION_MGR: creating session with session uuid: 'ea22876b-5f5d-4ec1-a4a6-db268724c2c5' and name 'vitis-run_compile_2D_Convolutie'
05/20/26 13:47:54: KERNEL_SVC: creating session with uuid: 'ea22876b-5f5d-4ec1-a4a6-db268724c2c5' and name 'vitis-run_compile_2D_Convolutie'
05/20/26 13:47:54: GUIDANCE_SMGR: creating guidance session with uuid: 'ea22876b-5f5d-4ec1-a4a6-db268724c2c5' and name 'vitis-run_compile_2D_Convolutie'
05/20/26 13:47:54: SYSTEM_DIAGRAM: creating session with uuid: 'ea22876b-5f5d-4ec1-a4a6-db268724c2c5' and name 'vitis-run_compile_2D_Convolutie'
05/20/26 13:47:58: Dispatch Server: Accepted socket connection from client
05/20/26 13:47:58: Starting Socket connection
05/20/26 13:48:12: SESSION_MGR: closing session for UUID 'ea22876b-5f5d-4ec1-a4a6-db268724c2c5' with name 'vitis-run_compile_2D_Convolutie'
05/20/26 13:48:12: KERNEL_SVC: closing session for UUID 'ea22876b-5f5d-4ec1-a4a6-db268724c2c5' with name 'vitis-run_compile_2D_Convolutie'
05/20/26 13:48:12: GUIDANCE_SMGR: closing session for UUID 'ea22876b-5f5d-4ec1-a4a6-db268724c2c5' with name 'vitis-run_compile_2D_Convolutie'
05/20/26 13:48:12: SYSTEM_DIAGRAM: closing session for UUID 'ea22876b-5f5d-4ec1-a4a6-db268724c2c5' with name 'vitis-run_compile_2D_Convolutie'
05/20/26 13:48:12: STOP_SERVER received, server token: f6a4580d-0d3f-4543-a0fb-f9c0177f38cb, passed token: f6a4580d-0d3f-4543-a0fb-f9c0177f38cb
05/20/26 13:48:12: Socket received request to stop server.
05/20/26 13:48:12: Dispatch Server: do_await_stop
05/20/26 13:48:12: SERVER: destructor for server bound to port 51459
05/20/26 13:51:03: Running xcd server. This server was built by gradle.
05/20/26 13:51:03: Server was asked to start on port: '59743'
05/20/26 13:51:03: Server is using token UUID: '5b3a9972-8c05-4ee9-871d-778ba9fb5bbd'
05/20/26 13:51:03: SESSION_MGR: creating session with session uuid: '6d04a3e9-ade5-4ab9-8d63-1f78fcd2ec76' and name 'default'
05/20/26 13:51:03: Attempting to start server on port '59743'
05/20/26 13:51:03: Running Dispatch Server
05/20/26 13:51:03: Version 2.2.0
05/20/26 13:51:06: Dispatch Server: Accepted socket connection from client
05/20/26 13:51:06: Starting Socket connection
05/20/26 13:51:06: EXCHANGE_TOKEN received, server token: 5b3a9972-8c05-4ee9-871d-778ba9fb5bbd, passed token: 5b3a9972-8c05-4ee9-871d-778ba9fb5bbd
05/20/26 13:51:06: DISPATCH_HANDLER: Adding handler from function makeHandler in library xv_system_diagram
05/20/26 13:51:06: SESSION_MGR: creating session with session uuid: 'f57a2ae9-f9aa-40e9-9047-9f2b452396ea' and name 'v++_compile_2D_Convolutie'
05/20/26 13:51:06: KERNEL_SVC: creating session with uuid: 'f57a2ae9-f9aa-40e9-9047-9f2b452396ea' and name 'v++_compile_2D_Convolutie'
05/20/26 13:51:06: GUIDANCE_SMGR: creating guidance session with uuid: 'f57a2ae9-f9aa-40e9-9047-9f2b452396ea' and name 'v++_compile_2D_Convolutie'
05/20/26 13:51:06: SYSTEM_DIAGRAM: creating session with uuid: 'f57a2ae9-f9aa-40e9-9047-9f2b452396ea' and name 'v++_compile_2D_Convolutie'
05/20/26 13:51:11: Dispatch Server: Accepted socket connection from client
05/20/26 13:51:11: Starting Socket connection
05/20/26 13:51:41: SESSION_MGR: closing session for UUID 'f57a2ae9-f9aa-40e9-9047-9f2b452396ea' with name 'v++_compile_2D_Convolutie'
05/20/26 13:51:41: KERNEL_SVC: closing session for UUID 'f57a2ae9-f9aa-40e9-9047-9f2b452396ea' with name 'v++_compile_2D_Convolutie'
05/20/26 13:51:41: GUIDANCE_SMGR: closing session for UUID 'f57a2ae9-f9aa-40e9-9047-9f2b452396ea' with name 'v++_compile_2D_Convolutie'
05/20/26 13:51:41: SYSTEM_DIAGRAM: closing session for UUID 'f57a2ae9-f9aa-40e9-9047-9f2b452396ea' with name 'v++_compile_2D_Convolutie'
05/20/26 13:51:41: STOP_SERVER received, server token: 5b3a9972-8c05-4ee9-871d-778ba9fb5bbd, passed token: 5b3a9972-8c05-4ee9-871d-778ba9fb5bbd
05/20/26 13:51:41: Socket received request to stop server.
05/20/26 13:51:41: Dispatch Server: do_await_stop
05/20/26 13:51:41: SERVER: destructor for server bound to port 59743
05/20/26 13:53:32: Running xcd server. This server was built by gradle.
05/20/26 13:53:32: Server was asked to start on port: '65329'
05/20/26 13:53:32: Server is using token UUID: 'df28ee78-b7a3-41f4-a308-b09e45ff5308'
05/20/26 13:53:32: SESSION_MGR: creating session with session uuid: '6d04a3e9-ade5-4ab9-8d63-1f78fcd2ec76' and name 'default'
05/20/26 13:53:32: Attempting to start server on port '65329'
05/20/26 13:53:32: Running Dispatch Server
05/20/26 13:53:32: Version 2.2.0
05/20/26 13:53:35: Dispatch Server: Accepted socket connection from client
05/20/26 13:53:35: Starting Socket connection
05/20/26 13:53:35: EXCHANGE_TOKEN received, server token: df28ee78-b7a3-41f4-a308-b09e45ff5308, passed token: df28ee78-b7a3-41f4-a308-b09e45ff5308
05/20/26 13:53:35: DISPATCH_HANDLER: Adding handler from function makeHandler in library xv_system_diagram
05/20/26 13:53:35: SESSION_MGR: creating session with session uuid: 'a9d6db5f-3c9b-40be-b572-5628c37966bd' and name 'vitis-run_compile_2D_Convolutie'
05/20/26 13:53:35: KERNEL_SVC: creating session with uuid: 'a9d6db5f-3c9b-40be-b572-5628c37966bd' and name 'vitis-run_compile_2D_Convolutie'
05/20/26 13:53:35: GUIDANCE_SMGR: creating guidance session with uuid: 'a9d6db5f-3c9b-40be-b572-5628c37966bd' and name 'vitis-run_compile_2D_Convolutie'
05/20/26 13:53:35: SYSTEM_DIAGRAM: creating session with uuid: 'a9d6db5f-3c9b-40be-b572-5628c37966bd' and name 'vitis-run_compile_2D_Convolutie'
05/20/26 13:53:39: Dispatch Server: Accepted socket connection from client
05/20/26 13:53:39: Starting Socket connection
05/20/26 13:55:14: SESSION_MGR: closing session for UUID 'a9d6db5f-3c9b-40be-b572-5628c37966bd' with name 'vitis-run_compile_2D_Convolutie'
05/20/26 13:55:14: KERNEL_SVC: closing session for UUID 'a9d6db5f-3c9b-40be-b572-5628c37966bd' with name 'vitis-run_compile_2D_Convolutie'
05/20/26 13:55:14: GUIDANCE_SMGR: closing session for UUID 'a9d6db5f-3c9b-40be-b572-5628c37966bd' with name 'vitis-run_compile_2D_Convolutie'
05/20/26 13:55:14: SYSTEM_DIAGRAM: closing session for UUID 'a9d6db5f-3c9b-40be-b572-5628c37966bd' with name 'vitis-run_compile_2D_Convolutie'
05/20/26 13:55:14: STOP_SERVER received, server token: df28ee78-b7a3-41f4-a308-b09e45ff5308, passed token: df28ee78-b7a3-41f4-a308-b09e45ff5308
05/20/26 13:55:14: Socket received request to stop server.
05/20/26 13:55:14: Dispatch Server: do_await_stop
05/20/26 13:55:14: SERVER: destructor for server bound to port 65329
05/20/26 13:58:27: Running xcd server. This server was built by gradle.
05/20/26 13:58:27: Server was asked to start on port: '65480'
05/20/26 13:58:27: Server is using token UUID: 'ad7f42b5-e3a7-40e7-b279-65aa2233e591'
05/20/26 13:58:27: SESSION_MGR: creating session with session uuid: '6d04a3e9-ade5-4ab9-8d63-1f78fcd2ec76' and name 'default'
05/20/26 13:58:27: Attempting to start server on port '65480'
05/20/26 13:58:27: Running Dispatch Server
05/20/26 13:58:27: Version 2.2.0
05/20/26 13:58:30: Dispatch Server: Accepted socket connection from client
05/20/26 13:58:30: Starting Socket connection
05/20/26 13:58:30: EXCHANGE_TOKEN received, server token: ad7f42b5-e3a7-40e7-b279-65aa2233e591, passed token: ad7f42b5-e3a7-40e7-b279-65aa2233e591
05/20/26 13:58:30: DISPATCH_HANDLER: Adding handler from function makeHandler in library xv_system_diagram
05/20/26 13:58:30: SESSION_MGR: creating session with session uuid: '7853276f-e449-4e22-a967-e6fe163c7e0f' and name 'vitis-run_compile_2D_Convolutie'
05/20/26 13:58:30: KERNEL_SVC: creating session with uuid: '7853276f-e449-4e22-a967-e6fe163c7e0f' and name 'vitis-run_compile_2D_Convolutie'
05/20/26 13:58:30: GUIDANCE_SMGR: creating guidance session with uuid: '7853276f-e449-4e22-a967-e6fe163c7e0f' and name 'vitis-run_compile_2D_Convolutie'
05/20/26 13:58:30: SYSTEM_DIAGRAM: creating session with uuid: '7853276f-e449-4e22-a967-e6fe163c7e0f' and name 'vitis-run_compile_2D_Convolutie'
05/20/26 13:58:34: Dispatch Server: Accepted socket connection from client
05/20/26 13:58:34: Starting Socket connection
05/20/26 13:58:50: SESSION_MGR: closing session for UUID '7853276f-e449-4e22-a967-e6fe163c7e0f' with name 'vitis-run_compile_2D_Convolutie'
05/20/26 13:58:50: KERNEL_SVC: closing session for UUID '7853276f-e449-4e22-a967-e6fe163c7e0f' with name 'vitis-run_compile_2D_Convolutie'
05/20/26 13:58:50: GUIDANCE_SMGR: closing session for UUID '7853276f-e449-4e22-a967-e6fe163c7e0f' with name 'vitis-run_compile_2D_Convolutie'
05/20/26 13:58:50: SYSTEM_DIAGRAM: closing session for UUID '7853276f-e449-4e22-a967-e6fe163c7e0f' with name 'vitis-run_compile_2D_Convolutie'
05/20/26 13:58:50: STOP_SERVER received, server token: ad7f42b5-e3a7-40e7-b279-65aa2233e591, passed token: ad7f42b5-e3a7-40e7-b279-65aa2233e591
05/20/26 13:58:50: Socket received request to stop server.
05/20/26 13:58:50: Dispatch Server: do_await_stop
05/20/26 13:58:50: SERVER: destructor for server bound to port 65480
05/20/26 13:59:14: Running xcd server. This server was built by gradle.
05/20/26 13:59:14: Server was asked to start on port: '65491'
05/20/26 13:59:14: Server is using token UUID: '0a758fa5-1616-4b16-977d-3cdffeb6cb93'
05/20/26 13:59:14: SESSION_MGR: creating session with session uuid: '6d04a3e9-ade5-4ab9-8d63-1f78fcd2ec76' and name 'default'
05/20/26 13:59:14: Attempting to start server on port '65491'
05/20/26 13:59:14: Running Dispatch Server
05/20/26 13:59:14: Version 2.2.0
05/20/26 13:59:16: Dispatch Server: Accepted socket connection from client
05/20/26 13:59:16: Starting Socket connection
05/20/26 13:59:16: EXCHANGE_TOKEN received, server token: 0a758fa5-1616-4b16-977d-3cdffeb6cb93, passed token: 0a758fa5-1616-4b16-977d-3cdffeb6cb93
05/20/26 13:59:16: DISPATCH_HANDLER: Adding handler from function makeHandler in library xv_system_diagram
05/20/26 13:59:16: SESSION_MGR: creating session with session uuid: '9a134ca2-6c1f-45c1-a681-5412ff9f12d2' and name 'vitis-run_compile_2D_Convolutie'
05/20/26 13:59:16: KERNEL_SVC: creating session with uuid: '9a134ca2-6c1f-45c1-a681-5412ff9f12d2' and name 'vitis-run_compile_2D_Convolutie'
05/20/26 13:59:16: GUIDANCE_SMGR: creating guidance session with uuid: '9a134ca2-6c1f-45c1-a681-5412ff9f12d2' and name 'vitis-run_compile_2D_Convolutie'
05/20/26 13:59:16: SYSTEM_DIAGRAM: creating session with uuid: '9a134ca2-6c1f-45c1-a681-5412ff9f12d2' and name 'vitis-run_compile_2D_Convolutie'
05/20/26 13:59:21: Dispatch Server: Accepted socket connection from client
05/20/26 13:59:21: Starting Socket connection
05/20/26 13:59:24: SESSION_MGR: closing session for UUID '9a134ca2-6c1f-45c1-a681-5412ff9f12d2' with name 'vitis-run_compile_2D_Convolutie'
05/20/26 13:59:24: KERNEL_SVC: closing session for UUID '9a134ca2-6c1f-45c1-a681-5412ff9f12d2' with name 'vitis-run_compile_2D_Convolutie'
05/20/26 13:59:24: GUIDANCE_SMGR: closing session for UUID '9a134ca2-6c1f-45c1-a681-5412ff9f12d2' with name 'vitis-run_compile_2D_Convolutie'
05/20/26 13:59:24: SYSTEM_DIAGRAM: closing session for UUID '9a134ca2-6c1f-45c1-a681-5412ff9f12d2' with name 'vitis-run_compile_2D_Convolutie'
05/20/26 13:59:24: STOP_SERVER received, server token: 0a758fa5-1616-4b16-977d-3cdffeb6cb93, passed token: 0a758fa5-1616-4b16-977d-3cdffeb6cb93
05/20/26 13:59:24: Socket received request to stop server.
05/20/26 13:59:24: Dispatch Server: do_await_stop
05/20/26 13:59:24: SERVER: destructor for server bound to port 65491
