

================================================================
== Synthesis Summary Report of 'vitis_convolution'
================================================================
+ General Information: 
    * Date:           Fri May 22 02:53:20 2026
    * Version:        2025.2 (Build 6295257 on Nov 14 2025)
    * Project:        Edges
    * Solution:       hls (Vivado IP Flow Target)
    * Product family: zynq
    * Target device:  xc7z020-clg400-1
    

* Performance & Resource Estimates: 
+-----------------------------------------------------+------+---------------+----------+---------+-------+----------+---------+-----------+------+---------+----+-----------+-----------+-----+
|                       Modules                       | Issue|               | Iteration|         |  Trip |          |       Latency       |      |         |    |           |           |     |
|                       & Loops                       | Type | Violation Type|  Latency | Interval| Count | Pipelined| (cycles)|    (ns)   | Slack|  BRAM   | DSP|     FF    |    LUT    | URAM|
+-----------------------------------------------------+------+---------------+----------+---------+-------+----------+---------+-----------+------+---------+----+-----------+-----------+-----+
|+ vitis_convolution                                  |     -|              -|         -|    32794|      -|        no|    32793|  3.279e+05|  0.00|  2 (~0%)|   -|  1214 (1%)|  1624 (3%)|    -|
| + vitis_convolution_Pipeline_Read_Rows_Read_Cols    |     -|              -|         -|        -|      -|       yes|    16396|  1.640e+05|  0.00|        -|   -|  100 (~0%)|  245 (~0%)|    -|
|  o Read_Rows_Read_Cols                              |     -|              -|        12|        1|  16384|       yes|    16394|  1.639e+05|  7.30|        -|   -|          -|          -|    -|
| + vitis_convolution_Pipeline_Write_Rows_Write_Cols  |     -|              -|         -|        -|      -|       yes|    16394|  1.639e+05|  0.00|        -|   -|   96 (~0%)|  256 (~0%)|    -|
|  o Write_Rows_Write_Cols                            |     -|              -|        10|        1|  16384|       yes|    16392|  1.639e+05|  7.30|        -|   -|          -|          -|    -|
+-----------------------------------------------------+------+---------------+----------+---------+-------+----------+---------+-----------+------+---------+----+-----------+-----------+-----+
    Name Prefix: '+' for module, 'o' for loop, '*' for dataflow


================================================================
== HW Interfaces
================================================================
* M_AXI
+------------+------------+------------+---------------+---------+--------+----------+-----------+--------------+--------------+-------------+-------------+-------------------+
| Interface  | Read/Write | Data Width | Address Width | Latency | Offset | Register | Max Widen | Max Read     | Max Write    | Num Read    | Num Write   | Resource Estimate |
|            |            | (SW->HW)   |               |         |        |          | Bitwidth  | Burst Length | Burst Length | Outstanding | Outstanding |                   |
+------------+------------+------------+---------------+---------+--------+----------+-----------+--------------+--------------+-------------+-------------+-------------------+
| m_axi_gmem | READ_WRITE | 8 -> 8     | 32            | 0       | slave  | 0        | 0         | 16           | 16           | 16          | 16          | BRAM=2            |
+------------+------------+------------+---------------+---------+--------+----------+-----------+--------------+--------------+-------------+-------------+-------------------+

* S_AXILITE Interfaces
+-----------------+------------+---------------+--------+----------+
| Interface       | Data Width | Address Width | Offset | Register |
+-----------------+------------+---------------+--------+----------+
| s_axi_control   | 32         | 4             |        |          |
| s_axi_control_r | 32         | 5             | 16     | 0        |
+-----------------+------------+---------------+--------+----------+

* S_AXILITE Registers
+-----------------+------------+--------+-------+--------+----------------------------------+----------------------------------------------------------------------+
| Interface       | Register   | Offset | Width | Access | Description                      | Bit Fields                                                           |
+-----------------+------------+--------+-------+--------+----------------------------------+----------------------------------------------------------------------+
| s_axi_control   | CTRL       | 0x00   | 32    | RW     | Control signals                  | 0=AP_START 1=AP_DONE 2=AP_IDLE 3=AP_READY 7=AUTO_RESTART 9=INTERRUPT |
| s_axi_control   | GIER       | 0x04   | 32    | RW     | Global Interrupt Enable Register | 0=Enable                                                             |
| s_axi_control   | IP_IER     | 0x08   | 32    | RW     | IP Interrupt Enable Register     | 0=CHAN0_INT_EN 1=CHAN1_INT_EN                                        |
| s_axi_control   | IP_ISR     | 0x0c   | 32    | RW     | IP Interrupt Status Register     | 0=CHAN0_INT_ST 1=CHAN1_INT_ST                                        |
| s_axi_control_r | input_img  | 0x10   | 32    | W      | Data signal of input_img         |                                                                      |
| s_axi_control_r | output_img | 0x18   | 32    | W      | Data signal of output_img        |                                                                      |
+-----------------+------------+--------+-------+--------+----------------------------------+----------------------------------------------------------------------+

* TOP LEVEL CONTROL
+-----------+------------+-----------+
| Interface | Type       | Ports     |
+-----------+------------+-----------+
| ap_clk    | clock      | ap_clk    |
| ap_rst_n  | reset      | ap_rst_n  |
| interrupt | interrupt  | interrupt |
| ap_ctrl   | ap_ctrl_hs |           |
+-----------+------------+-----------+


================================================================
== SW I/O Information
================================================================
* Top Function Arguments
+------------+-----------+----------+
| Argument   | Direction | Datatype |
+------------+-----------+----------+
| input_img  | inout     | pointer  |
| output_img | inout     | pointer  |
+------------+-----------+----------+

* SW-to-HW Mapping
+------------+-----------------+-----------+----------+--------------------------------------+
| Argument   | HW Interface    | HW Type   | HW Usage | HW Info                              |
+------------+-----------------+-----------+----------+--------------------------------------+
| input_img  | m_axi_gmem      | interface |          | channel=0                            |
| input_img  | s_axi_control_r | register  | offset   | name=input_img offset=0x10 range=32  |
| output_img | m_axi_gmem      | interface |          | channel=0                            |
| output_img | s_axi_control_r | register  | offset   | name=output_img offset=0x18 range=32 |
+------------+-----------------+-----------+----------+--------------------------------------+


================================================================
== M_AXI Burst Information
================================================================
 Note: All burst requests might be further partitioned into multiple requests during RTL generation based on max_read_burst_length or max_write_burst_length settings.

* All M_AXI Variable Accesses
+--------------+------------+-----------------------------+-----------+--------------+------------+-------------------------------------------------+
| HW Interface | Variable   | Access Location             | Direction | Burst Status | Resolution | Problem                                         |
+--------------+------------+-----------------------------+-----------+--------------+------------+-------------------------------------------------+
| m_axi_gmem   | input_img  | vitis_convolution.cpp:23:33 | read      | Fail         | 214-227    | Volatile or Atomic access cannot be transformed |
| m_axi_gmem   | output_img | vitis_convolution.cpp:47:37 | write     | Fail         | 214-227    | Volatile or Atomic access cannot be transformed |
+--------------+------------+-----------------------------+-----------+--------------+------------+-------------------------------------------------+

    * Resolution URL: docs.amd.com/access/sources/dita/topic?Doc_Version=2025.2%20English&url=ug1448-hls-guidance&resourceid=XXX-YYY.html (replace XXX-YYY with column value)

================================================================
== Bind Op Report
================================================================
+-----------------------------------------------------+-----+--------+---------------+--------+----------+---------+
| Name                                                | DSP | Pragma | Variable      | Op     | Impl     | Latency |
+-----------------------------------------------------+-----+--------+---------------+--------+----------+---------+
| + vitis_convolution                                 | 0   |        |               |        |          |         |
|  + vitis_convolution_Pipeline_Read_Rows_Read_Cols   | 0   |        |               |        |          |         |
|    icmp_ln20_fu_106_p2                              |     |        | icmp_ln20     | seteq  | auto     | 0       |
|    add_ln20_fu_112_p2                               |     |        | add_ln20      | add    | fabric   | 0       |
|    icmp_ln21_fu_129_p2                              |     |        | icmp_ln21     | seteq  | auto     | 0       |
|    select_ln20_fu_135_p3                            |     |        | select_ln20   | select | auto_sel | 0       |
|    add_ln20_1_fu_143_p2                             |     |        | add_ln20_1    | add    | fabric   | 0       |
|    select_ln20_1_fu_149_p3                          |     |        | select_ln20_1 | select | auto_sel | 0       |
|    add_ln21_fu_165_p2                               |     |        | add_ln21      | add    | fabric   | 0       |
|  + vitis_convolution_Pipeline_Write_Rows_Write_Cols | 0   |        |               |        |          |         |
|    icmp_ln44_fu_119_p2                              |     |        | icmp_ln44     | seteq  | auto     | 0       |
|    add_ln44_fu_125_p2                               |     |        | add_ln44      | add    | fabric   | 0       |
|    icmp_ln45_fu_142_p2                              |     |        | icmp_ln45     | seteq  | auto     | 0       |
|    select_ln44_fu_148_p3                            |     |        | select_ln44   | select | auto_sel | 0       |
|    add_ln44_1_fu_156_p2                             |     |        | add_ln44_1    | add    | fabric   | 0       |
|    select_ln44_1_fu_162_p3                          |     |        | select_ln44_1 | select | auto_sel | 0       |
|    add_ln45_fu_178_p2                               |     |        | add_ln45      | add    | fabric   | 0       |
+-----------------------------------------------------+-----+--------+---------------+--------+----------+---------+


================================================================
== Storage Report
================================================================
+---------------------+-----------+-----------+------+------+--------+----------+------+---------+------------------+
| Name                | Usage     | Type      | BRAM | URAM | Pragma | Variable | Impl | Latency | Bitwidth, Depth, |
|                     |           |           |      |      |        |          |      |         | Banks            |
+---------------------+-----------+-----------+------+------+--------+----------+------+---------+------------------+
| + vitis_convolution |           |           | 2    | 0    |        |          |      |         |                  |
|   control_s_axi_U   | interface | s_axilite |      |      |        |          |      |         |                  |
|   control_r_s_axi_U | interface | s_axilite |      |      |        |          |      |         |                  |
|   gmem_m_axi_U      | interface | m_axi     | 2    |      |        |          |      |         |                  |
+---------------------+-----------+-----------+------+------+--------+----------+------+---------+------------------+


================================================================
== Pragma Report
================================================================
* Pragmas with Warnings
+-----------+--------------------------------------+-------------------------------------------------+------------------------------------------------------------------------------------------------------------------------------+
| Type      | Options                              | Location                                        | Messages                                                                                                                     |
+-----------+--------------------------------------+-------------------------------------------------+------------------------------------------------------------------------------------------------------------------------------+
| INTERFACE | s_axilite port=kernel bundle=control | in vitis_convolution (vitis_convolution.cpp:13) | Cannot apply INTERFACE pragma on a global variable. In function 'vitis_convolution(unsigned char volatile*, char volatile*)' |
+-----------+--------------------------------------+-------------------------------------------------+------------------------------------------------------------------------------------------------------------------------------+

* Inferred Pragmas
+--------------+---------+-----------------------------------------------------------------------------------------------+-----------------------------------+
| Type         | Options | Location                                                                                      | Inferred From                     |
+--------------+---------+-----------------------------------------------------------------------------------------------+-----------------------------------+
| LOOP_FLATTEN |         | loop Read_Rows (vitis_convolution.cpp:20:16) in vitis_convolution (vitis_convolution.cpp:20)  | pipeline vitis_convolution.cpp:22 |
| LOOP_FLATTEN |         | loop Write_Rows (vitis_convolution.cpp:44:17) in vitis_convolution (vitis_convolution.cpp:44) | pipeline vitis_convolution.cpp:46 |
+--------------+---------+-----------------------------------------------------------------------------------------------+-----------------------------------+

* Valid Pragma Syntax
+-----------+------------------------------------------------------------+-------------------------------------------------+
| Type      | Options                                                    | Location                                        |
+-----------+------------------------------------------------------------+-------------------------------------------------+
| INTERFACE | m_axi port=input_img offset=slave bundle=gmem depth=16384  | in vitis_convolution (vitis_convolution.cpp:11) |
| INTERFACE | m_axi port=output_img offset=slave bundle=gmem depth=16384 | in vitis_convolution (vitis_convolution.cpp:12) |
| INTERFACE | s_axilite port=return bundle=control                       | in vitis_convolution (vitis_convolution.cpp:14) |
| PIPELINE  | ii=1                                                       | in vitis_convolution (vitis_convolution.cpp:22) |
| PIPELINE  | ii=1                                                       | in vitis_convolution (vitis_convolution.cpp:30) |
| PIPELINE  | ii=1                                                       | in vitis_convolution (vitis_convolution.cpp:46) |
+-----------+------------------------------------------------------------+-------------------------------------------------+


