  **** HLS Build v2025.2 6295257
INFO: [HLS 200-2005] Using work_dir C:/2EAI-HAC-2526-TaskHLS-bj-mk-tm/Pooling_HLS/Pooling_HLS 
INFO: [HLS 200-2176] Writing Vitis IDE component file C:/2EAI-HAC-2526-TaskHLS-bj-mk-tm/Pooling_HLS/Pooling_HLS/vitis-comp.json
INFO: [HLS 200-10] Creating and opening component 'C:/2EAI-HAC-2526-TaskHLS-bj-mk-tm/Pooling_HLS/Pooling_HLS'.
INFO: [HLS 200-1505] Using default flow_target 'vivado'
Resolution: For help on HLS 200-1505 see docs.amd.com/access/sources/dita/topic?Doc_Version=2025.2%20English&url=ug1448-hls-guidance&resourceid=200-1505.html
INFO: [HLS 200-2174] Applying component config ini file hls_config.cfg
INFO: [HLS 200-1465] Applying config ini 'syn.file=pooling.h' from hls_config.cfg(8)
INFO: [HLS 200-10] Adding design file 'C:/2EAI-HAC-2526-TaskHLS-bj-mk-tm/Pooling_HLS/pooling.h' to the project
INFO: [HLS 200-1465] Applying config ini 'syn.file=pooling.cpp' from hls_config.cfg(9)
INFO: [HLS 200-10] Adding design file 'C:/2EAI-HAC-2526-TaskHLS-bj-mk-tm/Pooling_HLS/pooling.cpp' to the project
INFO: [HLS 200-1465] Applying config ini 'tb.file=pooling_tb.cpp' from hls_config.cfg(10)
INFO: [HLS 200-10] Adding test bench file 'C:/2EAI-HAC-2526-TaskHLS-bj-mk-tm/Pooling_HLS/pooling_tb.cpp' to the project
INFO: [HLS 200-1465] Applying config ini 'syn.top=apply_hardware_pooling' from hls_config.cfg(11)
INFO: [HLS 200-1465] Applying config ini 'flow_target=vivado' from hls_config.cfg(4)
INFO: [HLS 200-1505] Using flow_target 'vivado'
Resolution: For help on HLS 200-1505 see docs.amd.com/access/sources/dita/topic?Doc_Version=2025.2%20English&url=ug1448-hls-guidance&resourceid=200-1505.html
INFO: [HLS 200-1465] Applying config ini 'part=xc7z020clg400-1' from hls_config.cfg(1)
INFO: [HLS 200-1611] Setting target device to 'xc7z020-clg400-1'
INFO: [HLS 200-1465] Applying config ini 'clock=10ns' from hls_config.cfg(7)
INFO: [SYN 201-201] Setting up clock 'default' with a period of 10ns.
INFO: [HLS 200-1465] Applying config ini 'package.output.format=ip_catalog' from hls_config.cfg(5)
INFO: [HLS 200-2176] Writing Vitis IDE component file C:/2EAI-HAC-2526-TaskHLS-bj-mk-tm/Pooling_HLS/Pooling_HLS/vitis-comp.json
INFO: [HLS 200-111] Finished File checks and directory preparation: CPU user time: 1 seconds. CPU system time: 2 seconds. Elapsed time: 3.253 seconds; current allocated memory: 134.312 MB.
INFO: [HLS 200-2191] C-Synthesis will use clang-16 as the compiler
INFO: [HLS 200-10] Analyzing design file 'pooling.cpp' ... 
INFO: [HLS 200-111] Finished Source Code Analysis and Preprocessing: CPU user time: 0 seconds. CPU system time: 0 seconds. Elapsed time: 6.458 seconds; current allocated memory: 136.586 MB.
INFO: [HLS 200-777] Using interface defaults for 'Vivado' flow target.
INFO: [HLS 200-1995] There were 943 instructions in the design after the 'Compile/Link' phase of compilation. See the Design Size Report for more details (C:/2EAI-HAC-2526-TaskHLS-bj-mk-tm/Pooling_HLS/Pooling_HLS/hls/syn/report/csynth_design_size.rpt:2)
INFO: [HLS 200-1995] There were 264 instructions in the design after the 'Unroll/Inline (step 1)' phase of compilation. See the Design Size Report for more details (C:/2EAI-HAC-2526-TaskHLS-bj-mk-tm/Pooling_HLS/Pooling_HLS/hls/syn/report/csynth_design_size.rpt:2)
INFO: [HLS 200-1995] There were 184 instructions in the design after the 'Unroll/Inline (step 2)' phase of compilation. See the Design Size Report for more details (C:/2EAI-HAC-2526-TaskHLS-bj-mk-tm/Pooling_HLS/Pooling_HLS/hls/syn/report/csynth_design_size.rpt:2)
INFO: [HLS 200-1995] There were 195 instructions in the design after the 'Unroll/Inline (step 3)' phase of compilation. See the Design Size Report for more details (C:/2EAI-HAC-2526-TaskHLS-bj-mk-tm/Pooling_HLS/Pooling_HLS/hls/syn/report/csynth_design_size.rpt:2)
INFO: [HLS 200-1995] There were 194 instructions in the design after the 'Unroll/Inline (step 4)' phase of compilation. See the Design Size Report for more details (C:/2EAI-HAC-2526-TaskHLS-bj-mk-tm/Pooling_HLS/Pooling_HLS/hls/syn/report/csynth_design_size.rpt:2)
INFO: [HLS 200-1995] There were 177 instructions in the design after the 'Array/Struct (step 1)' phase of compilation. See the Design Size Report for more details (C:/2EAI-HAC-2526-TaskHLS-bj-mk-tm/Pooling_HLS/Pooling_HLS/hls/syn/report/csynth_design_size.rpt:2)
INFO: [HLS 200-1995] There were 177 instructions in the design after the 'Array/Struct (step 2)' phase of compilation. See the Design Size Report for more details (C:/2EAI-HAC-2526-TaskHLS-bj-mk-tm/Pooling_HLS/Pooling_HLS/hls/syn/report/csynth_design_size.rpt:2)
INFO: [HLS 200-1995] There were 177 instructions in the design after the 'Array/Struct (step 3)' phase of compilation. See the Design Size Report for more details (C:/2EAI-HAC-2526-TaskHLS-bj-mk-tm/Pooling_HLS/Pooling_HLS/hls/syn/report/csynth_design_size.rpt:2)
INFO: [HLS 200-1995] There were 177 instructions in the design after the 'Array/Struct (step 4)' phase of compilation. See the Design Size Report for more details (C:/2EAI-HAC-2526-TaskHLS-bj-mk-tm/Pooling_HLS/Pooling_HLS/hls/syn/report/csynth_design_size.rpt:2)
INFO: [HLS 200-1995] There were 181 instructions in the design after the 'Array/Struct (step 5)' phase of compilation. See the Design Size Report for more details (C:/2EAI-HAC-2526-TaskHLS-bj-mk-tm/Pooling_HLS/Pooling_HLS/hls/syn/report/csynth_design_size.rpt:2)
INFO: [HLS 200-1995] There were 179 instructions in the design after the 'Performance (step 1)' phase of compilation. See the Design Size Report for more details (C:/2EAI-HAC-2526-TaskHLS-bj-mk-tm/Pooling_HLS/Pooling_HLS/hls/syn/report/csynth_design_size.rpt:2)
INFO: [HLS 200-1995] There were 177 instructions in the design after the 'Performance (step 2)' phase of compilation. See the Design Size Report for more details (C:/2EAI-HAC-2526-TaskHLS-bj-mk-tm/Pooling_HLS/Pooling_HLS/hls/syn/report/csynth_design_size.rpt:2)
INFO: [HLS 200-1995] There were 176 instructions in the design after the 'Performance (step 3)' phase of compilation. See the Design Size Report for more details (C:/2EAI-HAC-2526-TaskHLS-bj-mk-tm/Pooling_HLS/Pooling_HLS/hls/syn/report/csynth_design_size.rpt:2)
INFO: [HLS 200-1995] There were 176 instructions in the design after the 'Performance (step 4)' phase of compilation. See the Design Size Report for more details (C:/2EAI-HAC-2526-TaskHLS-bj-mk-tm/Pooling_HLS/Pooling_HLS/hls/syn/report/csynth_design_size.rpt:2)
INFO: [HLS 200-1995] There were 195 instructions in the design after the 'HW Transforms (step 1)' phase of compilation. See the Design Size Report for more details (C:/2EAI-HAC-2526-TaskHLS-bj-mk-tm/Pooling_HLS/Pooling_HLS/hls/syn/report/csynth_design_size.rpt:2)
INFO: [HLS 200-1995] There were 206 instructions in the design after the 'HW Transforms (step 2)' phase of compilation. See the Design Size Report for more details (C:/2EAI-HAC-2526-TaskHLS-bj-mk-tm/Pooling_HLS/Pooling_HLS/hls/syn/report/csynth_design_size.rpt:2)
INFO: [HLS 214-291] Loop 'VITIS_LOOP_52_1' is marked as complete unroll implied by the pipeline pragma (pooling.cpp:52:30)
INFO: [HLS 214-186] Unrolling loop 'VITIS_LOOP_52_1' (pooling.cpp:52:30) in function 'apply_hardware_pooling' completely with a factor of 3 (pooling.cpp:9:0)
INFO: [HLS 214-115] Multiple burst reads of variable length and bit width 32 in loop 'Read_Rij0'(pooling.cpp:28:20) has been inferred on bundle 'gmem_in'. These burst requests might be further partitioned into multiple requests during RTL generation, based on max_read_burst_length or max_write_burst_length settings. (pooling.cpp:28:20)
INFO: [HLS 214-115] Multiple burst reads of variable length and bit width 32 in loop 'Read_Rij1'(pooling.cpp:32:20) has been inferred on bundle 'gmem_in'. These burst requests might be further partitioned into multiple requests during RTL generation, based on max_read_burst_length or max_write_burst_length settings. (pooling.cpp:32:20)
INFO: [HLS 214-115] Multiple burst writes of variable length and bit width 32 in loop 'Pool_X'(pooling.cpp:40:17) has been inferred on bundle 'gmem_out'. These burst requests might be further partitioned into multiple requests during RTL generation, based on max_read_burst_length or max_write_burst_length settings. (pooling.cpp:40:17)
INFO: [HLS 200-111] Finished Compiling Optimization and Transform: CPU user time: 1 seconds. CPU system time: 0 seconds. Elapsed time: 10.067 seconds; current allocated memory: 138.773 MB.
INFO: [HLS 200-111] Finished Checking Pragmas: CPU user time: 0 seconds. CPU system time: 0 seconds. Elapsed time: 0.004 seconds; current allocated memory: 138.773 MB.
INFO: [HLS 200-10] Starting code transformations ...
INFO: [HLS 200-111] Finished Standard Transforms: CPU user time: 0 seconds. CPU system time: 0 seconds. Elapsed time: 0.106 seconds; current allocated memory: 143.562 MB.
INFO: [HLS 200-10] Checking synthesizability ...
INFO: [HLS 200-111] Finished Checking Synthesizability: CPU user time: 0 seconds. CPU system time: 0 seconds. Elapsed time: 0.056 seconds; current allocated memory: 145.383 MB.
INFO: [XFORM 203-11] Balancing expressions in function 'apply_hardware_pooling' (pooling.cpp:3:17)...9 expression(s) balanced.
INFO: [HLS 200-111] Finished Loop, function and other optimizations: CPU user time: 0 seconds. CPU system time: 0 seconds. Elapsed time: 0.155 seconds; current allocated memory: 167.555 MB.
WARNING: [XFORM 203-561] Updating loop upper bound from -1 to 511 for loop 'Read_Rij1' in function 'apply_hardware_pooling'.
INFO: [HLS 200-111] Finished Architecture Synthesis: CPU user time: 0 seconds. CPU system time: 0 seconds. Elapsed time: 0.177 seconds; current allocated memory: 188.254 MB.
INFO: [HLS 200-10] Starting hardware synthesis ...
INFO: [HLS 200-10] Synthesizing 'apply_hardware_pooling' ...
INFO: [HLS 200-10] ----------------------------------------------------------------
INFO: [HLS 200-42] -- Implementing module 'apply_hardware_pooling_Pipeline_Read_Rij0' 
INFO: [HLS 200-10] ----------------------------------------------------------------
INFO: [SCHED 204-11] Starting scheduling ...
INFO: [SCHED 204-61] Pipelining loop 'Read_Rij0'.
INFO: [HLS 200-1470] Pipelining result : Target II = 1, Final II = 1, Depth = 3, loop 'Read_Rij0'
INFO: [SCHED 204-11] Finished scheduling.
INFO: [HLS 200-111] Finished Scheduling: CPU user time: 0 seconds. CPU system time: 0 seconds. Elapsed time: 0.229 seconds; current allocated memory: 192.145 MB.
INFO: [BIND 205-100] Starting micro-architecture generation ...
INFO: [BIND 205-101] Performing variable lifetime analysis.
INFO: [BIND 205-101] Exploring resource sharing.
INFO: [BIND 205-101] Binding ...
INFO: [BIND 205-100] Finished micro-architecture generation.
INFO: [HLS 200-111] Finished Binding: CPU user time: 0 seconds. CPU system time: 0 seconds. Elapsed time: 0.039 seconds; current allocated memory: 193.180 MB.
INFO: [HLS 200-10] ----------------------------------------------------------------
INFO: [HLS 200-42] -- Implementing module 'apply_hardware_pooling_Pipeline_Read_Rij1' 
INFO: [HLS 200-10] ----------------------------------------------------------------
INFO: [SCHED 204-11] Starting scheduling ...
INFO: [SCHED 204-61] Pipelining loop 'Read_Rij1'.
INFO: [HLS 200-1470] Pipelining result : Target II = 1, Final II = 1, Depth = 3, loop 'Read_Rij1'
INFO: [SCHED 204-11] Finished scheduling.
INFO: [HLS 200-111] Finished Scheduling: CPU user time: 0 seconds. CPU system time: 0 seconds. Elapsed time: 0.994 seconds; current allocated memory: 193.250 MB.
INFO: [BIND 205-100] Starting micro-architecture generation ...
INFO: [BIND 205-101] Performing variable lifetime analysis.
INFO: [BIND 205-101] Exploring resource sharing.
INFO: [BIND 205-101] Binding ...
INFO: [BIND 205-100] Finished micro-architecture generation.
INFO: [HLS 200-111] Finished Binding: CPU user time: 0 seconds. CPU system time: 0 seconds. Elapsed time: 0.028 seconds; current allocated memory: 193.250 MB.
INFO: [HLS 200-10] ----------------------------------------------------------------
INFO: [HLS 200-42] -- Implementing module 'apply_hardware_pooling_Pipeline_Pool_X' 
INFO: [HLS 200-10] ----------------------------------------------------------------
INFO: [SCHED 204-11] Starting scheduling ...
INFO: [SCHED 204-61] Pipelining loop 'Pool_X'.
INFO: [HLS 200-1470] Pipelining result : Target II = 1, Final II = 1, Depth = 5, loop 'Pool_X'
INFO: [SCHED 204-11] Finished scheduling.
INFO: [HLS 200-111] Finished Scheduling: CPU user time: 0 seconds. CPU system time: 0 seconds. Elapsed time: 0.095 seconds; current allocated memory: 193.777 MB.
INFO: [BIND 205-100] Starting micro-architecture generation ...
INFO: [BIND 205-101] Performing variable lifetime analysis.
INFO: [BIND 205-101] Exploring resource sharing.
INFO: [BIND 205-101] Binding ...
INFO: [BIND 205-100] Finished micro-architecture generation.
INFO: [HLS 200-111] Finished Binding: CPU user time: 0 seconds. CPU system time: 0 seconds. Elapsed time: 0.056 seconds; current allocated memory: 193.789 MB.
INFO: [HLS 200-10] ----------------------------------------------------------------
INFO: [HLS 200-42] -- Implementing module 'apply_hardware_pooling' 
INFO: [HLS 200-10] ----------------------------------------------------------------
INFO: [SCHED 204-11] Starting scheduling ...
INFO: [SCHED 204-11] Finished scheduling.
INFO: [HLS 200-111] Finished Scheduling: CPU user time: 0 seconds. CPU system time: 0 seconds. Elapsed time: 0.098 seconds; current allocated memory: 193.918 MB.
INFO: [BIND 205-100] Starting micro-architecture generation ...
INFO: [BIND 205-101] Performing variable lifetime analysis.
INFO: [BIND 205-101] Exploring resource sharing.
INFO: [BIND 205-101] Binding ...
INFO: [BIND 205-100] Finished micro-architecture generation.
INFO: [HLS 200-111] Finished Binding: CPU user time: 0 seconds. CPU system time: 0 seconds. Elapsed time: 0.047 seconds; current allocated memory: 194.340 MB.
INFO: [HLS 200-10] ----------------------------------------------------------------
INFO: [HLS 200-10] -- Generating RTL for module 'apply_hardware_pooling_Pipeline_Read_Rij0' 
INFO: [HLS 200-10] ----------------------------------------------------------------
INFO: [HLS 200-1030] Apply Unified Pipeline Control on module 'apply_hardware_pooling_Pipeline_Read_Rij0' pipeline 'Read_Rij0' pipeline type 'loop pipeline'
WARNING: [RTGEN 206-101] Setting dangling out port 'apply_hardware_pooling_Pipeline_Read_Rij0/m_axi_gmem_in_0_ARVALID' to 0.
WARNING: [RTGEN 206-101] Setting dangling out port 'apply_hardware_pooling_Pipeline_Read_Rij0/m_axi_gmem_in_0_ARADDR' to 0.
WARNING: [RTGEN 206-101] Setting dangling out port 'apply_hardware_pooling_Pipeline_Read_Rij0/m_axi_gmem_in_0_ARID' to 0.
WARNING: [RTGEN 206-101] Setting dangling out port 'apply_hardware_pooling_Pipeline_Read_Rij0/m_axi_gmem_in_0_ARLEN' to 0.
WARNING: [RTGEN 206-101] Setting dangling out port 'apply_hardware_pooling_Pipeline_Read_Rij0/m_axi_gmem_in_0_ARSIZE' to 0.
WARNING: [RTGEN 206-101] Setting dangling out port 'apply_hardware_pooling_Pipeline_Read_Rij0/m_axi_gmem_in_0_ARBURST' to 0.
WARNING: [RTGEN 206-101] Setting dangling out port 'apply_hardware_pooling_Pipeline_Read_Rij0/m_axi_gmem_in_0_ARLOCK' to 0.
WARNING: [RTGEN 206-101] Setting dangling out port 'apply_hardware_pooling_Pipeline_Read_Rij0/m_axi_gmem_in_0_ARCACHE' to 0.
WARNING: [RTGEN 206-101] Setting dangling out port 'apply_hardware_pooling_Pipeline_Read_Rij0/m_axi_gmem_in_0_ARPROT' to 0.
WARNING: [RTGEN 206-101] Setting dangling out port 'apply_hardware_pooling_Pipeline_Read_Rij0/m_axi_gmem_in_0_ARQOS' to 0.
WARNING: [RTGEN 206-101] Setting dangling out port 'apply_hardware_pooling_Pipeline_Read_Rij0/m_axi_gmem_in_0_ARREGION' to 0.
WARNING: [RTGEN 206-101] Setting dangling out port 'apply_hardware_pooling_Pipeline_Read_Rij0/m_axi_gmem_in_0_ARUSER' to 0.
INFO: [RTGEN 206-100] Finished creating RTL model for 'apply_hardware_pooling_Pipeline_Read_Rij0'.
INFO: [HLS 200-111] Finished Creating RTL model: CPU user time: 0 seconds. CPU system time: 0 seconds. Elapsed time: 1.668 seconds; current allocated memory: 196.297 MB.
INFO: [HLS 200-10] ----------------------------------------------------------------
INFO: [HLS 200-10] -- Generating RTL for module 'apply_hardware_pooling_Pipeline_Read_Rij1' 
INFO: [HLS 200-10] ----------------------------------------------------------------
INFO: [HLS 200-1030] Apply Unified Pipeline Control on module 'apply_hardware_pooling_Pipeline_Read_Rij1' pipeline 'Read_Rij1' pipeline type 'loop pipeline'
WARNING: [RTGEN 206-101] Setting dangling out port 'apply_hardware_pooling_Pipeline_Read_Rij1/m_axi_gmem_in_0_ARVALID' to 0.
WARNING: [RTGEN 206-101] Setting dangling out port 'apply_hardware_pooling_Pipeline_Read_Rij1/m_axi_gmem_in_0_ARADDR' to 0.
WARNING: [RTGEN 206-101] Setting dangling out port 'apply_hardware_pooling_Pipeline_Read_Rij1/m_axi_gmem_in_0_ARID' to 0.
WARNING: [RTGEN 206-101] Setting dangling out port 'apply_hardware_pooling_Pipeline_Read_Rij1/m_axi_gmem_in_0_ARLEN' to 0.
WARNING: [RTGEN 206-101] Setting dangling out port 'apply_hardware_pooling_Pipeline_Read_Rij1/m_axi_gmem_in_0_ARSIZE' to 0.
WARNING: [RTGEN 206-101] Setting dangling out port 'apply_hardware_pooling_Pipeline_Read_Rij1/m_axi_gmem_in_0_ARBURST' to 0.
WARNING: [RTGEN 206-101] Setting dangling out port 'apply_hardware_pooling_Pipeline_Read_Rij1/m_axi_gmem_in_0_ARLOCK' to 0.
WARNING: [RTGEN 206-101] Setting dangling out port 'apply_hardware_pooling_Pipeline_Read_Rij1/m_axi_gmem_in_0_ARCACHE' to 0.
WARNING: [RTGEN 206-101] Setting dangling out port 'apply_hardware_pooling_Pipeline_Read_Rij1/m_axi_gmem_in_0_ARPROT' to 0.
WARNING: [RTGEN 206-101] Setting dangling out port 'apply_hardware_pooling_Pipeline_Read_Rij1/m_axi_gmem_in_0_ARQOS' to 0.
WARNING: [RTGEN 206-101] Setting dangling out port 'apply_hardware_pooling_Pipeline_Read_Rij1/m_axi_gmem_in_0_ARREGION' to 0.
WARNING: [RTGEN 206-101] Setting dangling out port 'apply_hardware_pooling_Pipeline_Read_Rij1/m_axi_gmem_in_0_ARUSER' to 0.
INFO: [RTGEN 206-100] Finished creating RTL model for 'apply_hardware_pooling_Pipeline_Read_Rij1'.
INFO: [HLS 200-111] Finished Creating RTL model: CPU user time: 1 seconds. CPU system time: 0 seconds. Elapsed time: 0.144 seconds; current allocated memory: 197.562 MB.
INFO: [HLS 200-10] ----------------------------------------------------------------
INFO: [HLS 200-10] -- Generating RTL for module 'apply_hardware_pooling_Pipeline_Pool_X' 
INFO: [HLS 200-10] ----------------------------------------------------------------
INFO: [HLS 200-1030] Apply Unified Pipeline Control on module 'apply_hardware_pooling_Pipeline_Pool_X' pipeline 'Pool_X' pipeline type 'loop pipeline'
WARNING: [RTGEN 206-101] Setting dangling out port 'apply_hardware_pooling_Pipeline_Pool_X/m_axi_gmem_out_0_AWVALID' to 0.
WARNING: [RTGEN 206-101] Setting dangling out port 'apply_hardware_pooling_Pipeline_Pool_X/m_axi_gmem_out_0_AWADDR' to 0.
WARNING: [RTGEN 206-101] Setting dangling out port 'apply_hardware_pooling_Pipeline_Pool_X/m_axi_gmem_out_0_AWID' to 0.
WARNING: [RTGEN 206-101] Setting dangling out port 'apply_hardware_pooling_Pipeline_Pool_X/m_axi_gmem_out_0_AWLEN' to 0.
WARNING: [RTGEN 206-101] Setting dangling out port 'apply_hardware_pooling_Pipeline_Pool_X/m_axi_gmem_out_0_AWSIZE' to 0.
WARNING: [RTGEN 206-101] Setting dangling out port 'apply_hardware_pooling_Pipeline_Pool_X/m_axi_gmem_out_0_AWBURST' to 0.
WARNING: [RTGEN 206-101] Setting dangling out port 'apply_hardware_pooling_Pipeline_Pool_X/m_axi_gmem_out_0_AWLOCK' to 0.
WARNING: [RTGEN 206-101] Setting dangling out port 'apply_hardware_pooling_Pipeline_Pool_X/m_axi_gmem_out_0_AWCACHE' to 0.
WARNING: [RTGEN 206-101] Setting dangling out port 'apply_hardware_pooling_Pipeline_Pool_X/m_axi_gmem_out_0_AWPROT' to 0.
WARNING: [RTGEN 206-101] Setting dangling out port 'apply_hardware_pooling_Pipeline_Pool_X/m_axi_gmem_out_0_AWQOS' to 0.
WARNING: [RTGEN 206-101] Setting dangling out port 'apply_hardware_pooling_Pipeline_Pool_X/m_axi_gmem_out_0_AWREGION' to 0.
WARNING: [RTGEN 206-101] Setting dangling out port 'apply_hardware_pooling_Pipeline_Pool_X/m_axi_gmem_out_0_AWUSER' to 0.
WARNING: [RTGEN 206-101] Setting dangling out port 'apply_hardware_pooling_Pipeline_Pool_X/m_axi_gmem_out_0_BREADY' to 0.
INFO: [RTGEN 206-100] Finished creating RTL model for 'apply_hardware_pooling_Pipeline_Pool_X'.
INFO: [HLS 200-111] Finished Creating RTL model: CPU user time: 0 seconds. CPU system time: 0 seconds. Elapsed time: 1.868 seconds; current allocated memory: 199.250 MB.
INFO: [HLS 200-10] ----------------------------------------------------------------
INFO: [HLS 200-10] -- Generating RTL for module 'apply_hardware_pooling' 
INFO: [HLS 200-10] ----------------------------------------------------------------
WARNING: [RTGEN 206-101] Design contains AXI ports. Reset is fixed to synchronous and active low.
INFO: [RTGEN 206-500] Setting interface mode on port 'apply_hardware_pooling/gmem_in' to 'm_axi'.
INFO: [RTGEN 206-500] Setting interface mode on port 'apply_hardware_pooling/gmem_out' to 'm_axi'.
INFO: [RTGEN 206-500] Setting interface mode on port 'apply_hardware_pooling/invoer_pixels' to 's_axilite & ap_none'.
INFO: [RTGEN 206-500] Setting interface mode on port 'apply_hardware_pooling/uitvoer_pixels' to 's_axilite & ap_none'.
INFO: [RTGEN 206-500] Setting interface mode on port 'apply_hardware_pooling/breedte' to 's_axilite & ap_none'.
INFO: [RTGEN 206-500] Setting interface mode on port 'apply_hardware_pooling/hoogte' to 's_axilite & ap_none'.
INFO: [RTGEN 206-500] Setting interface mode on port 'apply_hardware_pooling/mode' to 's_axilite & ap_none'.
INFO: [RTGEN 206-500] Setting interface mode on function 'apply_hardware_pooling' to 's_axilite & ap_ctrl_hs'.
INFO: [RTGEN 206-100] Bundling port 'breedte', 'hoogte', 'mode' to AXI-Lite port CONTROL_BUS.
INFO: [RTGEN 206-100] Bundling port 'invoer_pixels' and 'uitvoer_pixels' to AXI-Lite port control.
INFO: [RTGEN 206-100] Generating core module 'mul_30ns_32ns_61_2_1': 1 instance(s).
INFO: [RTGEN 206-100] Generating core module 'mul_30ns_32ns_62_2_1': 1 instance(s).
INFO: [RTGEN 206-100] Finished creating RTL model for 'apply_hardware_pooling'.
INFO: [RTMG 210-278] Implementing memory 'apply_hardware_pooling_rij_buffer_0_RAM_AUTO_1R1W' using auto RAMs.
INFO: [HLS 200-111] Finished Creating RTL model: CPU user time: 0 seconds. CPU system time: 0 seconds. Elapsed time: 0.396 seconds; current allocated memory: 205.285 MB.
INFO: [HLS 200-111] Finished Generating all RTL models: CPU user time: 0 seconds. CPU system time: 1 seconds. Elapsed time: 1.026 seconds; current allocated memory: 210.375 MB.
INFO: [HLS 200-1603] Design has inferred MAXI bursts and missed bursts, see Vitis HLS GUI synthesis summary report for detailed information.
INFO: [HLS 200-2225] Wrote inferred directives to file C:/2EAI-HAC-2526-TaskHLS-bj-mk-tm/Pooling_HLS/Pooling_HLS/hls/syn/inferred_directives.ini
INFO: [HLS 200-111] Finished Updating report files: CPU user time: 1 seconds. CPU system time: 0 seconds. Elapsed time: 1.774 seconds; current allocated memory: 217.160 MB.
INFO: [VHDL 208-304] Generating VHDL RTL for apply_hardware_pooling.
INFO: [VLOG 209-307] Generating Verilog RTL for apply_hardware_pooling.
INFO: [HLS 200-790] **** Loop Constraint Status: All loop constraints were satisfied.
INFO: [HLS 200-789] **** Estimated Fmax: 136.99 MHz
INFO: [HLS 200-112] Total CPU user time: 4 seconds. Total CPU system time: 3 seconds. Total elapsed time: 28.792 seconds; peak allocated memory: 217.207 MB.
INFO: [v++ 60-791] Total elapsed time: 0h 0m 33s
