05/23/26 04:04:23: Running xcd server. This server was built by gradle.
05/23/26 04:04:23: Server was asked to start on port: '51664'
05/23/26 04:04:23: Server is using token UUID: '9736095c-6bb6-42e3-8a6e-3f4050636fa0'
05/23/26 04:04:23: SESSION_MGR: creating session with session uuid: '6d04a3e9-ade5-4ab9-8d63-1f78fcd2ec76' and name 'default'
05/23/26 04:04:23: Attempting to start server on port '51664'
05/23/26 04:04:23: Running Dispatch Server
05/23/26 04:04:23: Version 2.2.0
05/23/26 04:04:25: Dispatch Server: Accepted socket connection from client
05/23/26 04:04:25: Starting Socket connection
05/23/26 04:04:25: EXCHANGE_TOKEN received, server token: 9736095c-6bb6-42e3-8a6e-3f4050636fa0, passed token: 9736095c-6bb6-42e3-8a6e-3f4050636fa0
05/23/26 04:04:25: DISPATCH_HANDLER: Adding handler from function makeHandler in library xv_system_diagram
05/23/26 04:04:25: SESSION_MGR: creating session with session uuid: 'f1fe7731-6c62-40af-a3a3-3453252c1b6c' and name 'vitis-run_compile_Pooling_HLS'
05/23/26 04:04:25: KERNEL_SVC: creating session with uuid: 'f1fe7731-6c62-40af-a3a3-3453252c1b6c' and name 'vitis-run_compile_Pooling_HLS'
05/23/26 04:04:25: GUIDANCE_SMGR: creating guidance session with uuid: 'f1fe7731-6c62-40af-a3a3-3453252c1b6c' and name 'vitis-run_compile_Pooling_HLS'
05/23/26 04:04:25: SYSTEM_DIAGRAM: creating session with uuid: 'f1fe7731-6c62-40af-a3a3-3453252c1b6c' and name 'vitis-run_compile_Pooling_HLS'
05/23/26 04:04:30: Dispatch Server: Accepted socket connection from client
05/23/26 04:04:30: Starting Socket connection
05/23/26 04:04:35: SESSION_MGR: closing session for UUID 'f1fe7731-6c62-40af-a3a3-3453252c1b6c' with name 'vitis-run_compile_Pooling_HLS'
05/23/26 04:04:35: KERNEL_SVC: closing session for UUID 'f1fe7731-6c62-40af-a3a3-3453252c1b6c' with name 'vitis-run_compile_Pooling_HLS'
05/23/26 04:04:35: GUIDANCE_SMGR: closing session for UUID 'f1fe7731-6c62-40af-a3a3-3453252c1b6c' with name 'vitis-run_compile_Pooling_HLS'
05/23/26 04:04:35: SYSTEM_DIAGRAM: closing session for UUID 'f1fe7731-6c62-40af-a3a3-3453252c1b6c' with name 'vitis-run_compile_Pooling_HLS'
05/23/26 04:04:35: STOP_SERVER received, server token: 9736095c-6bb6-42e3-8a6e-3f4050636fa0, passed token: 9736095c-6bb6-42e3-8a6e-3f4050636fa0
05/23/26 04:04:35: Socket received request to stop server.
05/23/26 04:04:35: Dispatch Server: do_await_stop
05/23/26 04:04:35: SERVER: destructor for server bound to port 51664
05/23/26 04:05:36: Running xcd server. This server was built by gradle.
05/23/26 04:05:36: Server was asked to start on port: '51524'
05/23/26 04:05:36: Server is using token UUID: '38581803-1290-4ad3-9b4a-75b549737bf0'
05/23/26 04:05:36: SESSION_MGR: creating session with session uuid: '6d04a3e9-ade5-4ab9-8d63-1f78fcd2ec76' and name 'default'
05/23/26 04:05:36: Attempting to start server on port '51524'
05/23/26 04:05:36: Running Dispatch Server
05/23/26 04:05:36: Version 2.2.0
05/23/26 04:05:38: Dispatch Server: Accepted socket connection from client
05/23/26 04:05:38: Starting Socket connection
05/23/26 04:05:38: EXCHANGE_TOKEN received, server token: 38581803-1290-4ad3-9b4a-75b549737bf0, passed token: 38581803-1290-4ad3-9b4a-75b549737bf0
05/23/26 04:05:38: DISPATCH_HANDLER: Adding handler from function makeHandler in library xv_system_diagram
05/23/26 04:05:38: SESSION_MGR: creating session with session uuid: 'b6dea714-49ad-4ad5-aa93-78d310fe5740' and name 'vitis-run_compile_Pooling_HLS'
05/23/26 04:05:38: KERNEL_SVC: creating session with uuid: 'b6dea714-49ad-4ad5-aa93-78d310fe5740' and name 'vitis-run_compile_Pooling_HLS'
05/23/26 04:05:38: GUIDANCE_SMGR: creating guidance session with uuid: 'b6dea714-49ad-4ad5-aa93-78d310fe5740' and name 'vitis-run_compile_Pooling_HLS'
05/23/26 04:05:38: SYSTEM_DIAGRAM: creating session with uuid: 'b6dea714-49ad-4ad5-aa93-78d310fe5740' and name 'vitis-run_compile_Pooling_HLS'
05/23/26 04:05:42: Dispatch Server: Accepted socket connection from client
05/23/26 04:05:42: Starting Socket connection
05/23/26 04:05:46: SESSION_MGR: closing session for UUID 'b6dea714-49ad-4ad5-aa93-78d310fe5740' with name 'vitis-run_compile_Pooling_HLS'
05/23/26 04:05:46: KERNEL_SVC: closing session for UUID 'b6dea714-49ad-4ad5-aa93-78d310fe5740' with name 'vitis-run_compile_Pooling_HLS'
05/23/26 04:05:46: GUIDANCE_SMGR: closing session for UUID 'b6dea714-49ad-4ad5-aa93-78d310fe5740' with name 'vitis-run_compile_Pooling_HLS'
05/23/26 04:05:46: SYSTEM_DIAGRAM: closing session for UUID 'b6dea714-49ad-4ad5-aa93-78d310fe5740' with name 'vitis-run_compile_Pooling_HLS'
05/23/26 04:05:46: STOP_SERVER received, server token: 38581803-1290-4ad3-9b4a-75b549737bf0, passed token: 38581803-1290-4ad3-9b4a-75b549737bf0
05/23/26 04:05:46: Socket received request to stop server.
05/23/26 04:05:46: Dispatch Server: do_await_stop
05/23/26 04:05:46: SERVER: destructor for server bound to port 51524
05/23/26 04:06:31: Running xcd server. This server was built by gradle.
05/23/26 04:06:31: Server was asked to start on port: '51532'
05/23/26 04:06:31: Server is using token UUID: '25ee470b-65b3-4d5c-8b01-2f477c2787f4'
05/23/26 04:06:31: SESSION_MGR: creating session with session uuid: '6d04a3e9-ade5-4ab9-8d63-1f78fcd2ec76' and name 'default'
05/23/26 04:06:31: Attempting to start server on port '51532'
05/23/26 04:06:31: Running Dispatch Server
05/23/26 04:06:31: Version 2.2.0
05/23/26 04:06:33: Dispatch Server: Accepted socket connection from client
05/23/26 04:06:33: Starting Socket connection
05/23/26 04:06:33: EXCHANGE_TOKEN received, server token: 25ee470b-65b3-4d5c-8b01-2f477c2787f4, passed token: 25ee470b-65b3-4d5c-8b01-2f477c2787f4
05/23/26 04:06:34: DISPATCH_HANDLER: Adding handler from function makeHandler in library xv_system_diagram
05/23/26 04:06:34: SESSION_MGR: creating session with session uuid: '19975fe6-5d1e-49a7-9b1a-c4bf12bec21a' and name 'v++_compile_Pooling_HLS'
05/23/26 04:06:34: KERNEL_SVC: creating session with uuid: '19975fe6-5d1e-49a7-9b1a-c4bf12bec21a' and name 'v++_compile_Pooling_HLS'
05/23/26 04:06:34: GUIDANCE_SMGR: creating guidance session with uuid: '19975fe6-5d1e-49a7-9b1a-c4bf12bec21a' and name 'v++_compile_Pooling_HLS'
05/23/26 04:06:34: SYSTEM_DIAGRAM: creating session with uuid: '19975fe6-5d1e-49a7-9b1a-c4bf12bec21a' and name 'v++_compile_Pooling_HLS'
05/23/26 04:06:37: Dispatch Server: Accepted socket connection from client
05/23/26 04:06:37: Starting Socket connection
05/23/26 04:07:04: SESSION_MGR: closing session for UUID '19975fe6-5d1e-49a7-9b1a-c4bf12bec21a' with name 'v++_compile_Pooling_HLS'
05/23/26 04:07:04: KERNEL_SVC: closing session for UUID '19975fe6-5d1e-49a7-9b1a-c4bf12bec21a' with name 'v++_compile_Pooling_HLS'
05/23/26 04:07:04: GUIDANCE_SMGR: closing session for UUID '19975fe6-5d1e-49a7-9b1a-c4bf12bec21a' with name 'v++_compile_Pooling_HLS'
05/23/26 04:07:04: SYSTEM_DIAGRAM: closing session for UUID '19975fe6-5d1e-49a7-9b1a-c4bf12bec21a' with name 'v++_compile_Pooling_HLS'
05/23/26 04:07:04: STOP_SERVER received, server token: 25ee470b-65b3-4d5c-8b01-2f477c2787f4, passed token: 25ee470b-65b3-4d5c-8b01-2f477c2787f4
05/23/26 04:07:04: Socket received request to stop server.
05/23/26 04:07:04: Dispatch Server: do_await_stop
05/23/26 04:07:04: SERVER: destructor for server bound to port 51532
05/23/26 04:07:27: Running xcd server. This server was built by gradle.
05/23/26 04:07:27: Server was asked to start on port: '51551'
05/23/26 04:07:27: Server is using token UUID: '818bc20c-0833-47bf-9c76-432d5674ae6c'
05/23/26 04:07:27: SESSION_MGR: creating session with session uuid: '6d04a3e9-ade5-4ab9-8d63-1f78fcd2ec76' and name 'default'
05/23/26 04:07:27: Attempting to start server on port '51551'
05/23/26 04:07:27: Running Dispatch Server
05/23/26 04:07:27: Version 2.2.0
05/23/26 04:07:30: Dispatch Server: Accepted socket connection from client
05/23/26 04:07:30: Starting Socket connection
05/23/26 04:07:30: EXCHANGE_TOKEN received, server token: 818bc20c-0833-47bf-9c76-432d5674ae6c, passed token: 818bc20c-0833-47bf-9c76-432d5674ae6c
05/23/26 04:07:30: DISPATCH_HANDLER: Adding handler from function makeHandler in library xv_system_diagram
05/23/26 04:07:30: SESSION_MGR: creating session with session uuid: 'c516f4eb-5bf4-4dd1-ab81-5dbc32f22f79' and name 'vitis-run_compile_Pooling_HLS'
05/23/26 04:07:30: KERNEL_SVC: creating session with uuid: 'c516f4eb-5bf4-4dd1-ab81-5dbc32f22f79' and name 'vitis-run_compile_Pooling_HLS'
05/23/26 04:07:30: GUIDANCE_SMGR: creating guidance session with uuid: 'c516f4eb-5bf4-4dd1-ab81-5dbc32f22f79' and name 'vitis-run_compile_Pooling_HLS'
05/23/26 04:07:30: SYSTEM_DIAGRAM: creating session with uuid: 'c516f4eb-5bf4-4dd1-ab81-5dbc32f22f79' and name 'vitis-run_compile_Pooling_HLS'
05/23/26 04:07:33: Dispatch Server: Accepted socket connection from client
05/23/26 04:07:33: Starting Socket connection
05/23/26 04:07:49: SESSION_MGR: closing session for UUID 'c516f4eb-5bf4-4dd1-ab81-5dbc32f22f79' with name 'vitis-run_compile_Pooling_HLS'
05/23/26 04:07:49: KERNEL_SVC: closing session for UUID 'c516f4eb-5bf4-4dd1-ab81-5dbc32f22f79' with name 'vitis-run_compile_Pooling_HLS'
05/23/26 04:07:49: GUIDANCE_SMGR: closing session for UUID 'c516f4eb-5bf4-4dd1-ab81-5dbc32f22f79' with name 'vitis-run_compile_Pooling_HLS'
05/23/26 04:07:49: SYSTEM_DIAGRAM: closing session for UUID 'c516f4eb-5bf4-4dd1-ab81-5dbc32f22f79' with name 'vitis-run_compile_Pooling_HLS'
05/23/26 04:07:49: STOP_SERVER received, server token: 818bc20c-0833-47bf-9c76-432d5674ae6c, passed token: 818bc20c-0833-47bf-9c76-432d5674ae6c
05/23/26 04:07:49: Socket received request to stop server.
05/23/26 04:07:49: Dispatch Server: do_await_stop
05/23/26 04:07:49: SERVER: destructor for server bound to port 51551
