  **** HLS Build v2025.2 6295257
INFO: [HLS 200-2005] Using work_dir C:/2EAI-HAC-2526-TaskHLS-bj-mk-tm/2D_Convolutie_HLS/2D_Convolutie_HLS 
INFO: [HLS 200-2176] Writing Vitis IDE component file C:/2EAI-HAC-2526-TaskHLS-bj-mk-tm/2D_Convolutie_HLS/2D_Convolutie_HLS/vitis-comp.json
INFO: [HLS 200-10] Creating and opening component 'C:/2EAI-HAC-2526-TaskHLS-bj-mk-tm/2D_Convolutie_HLS/2D_Convolutie_HLS'.
INFO: [HLS 200-1505] Using default flow_target 'vivado'
Resolution: For help on HLS 200-1505 see docs.amd.com/access/sources/dita/topic?Doc_Version=2025.2%20English&url=ug1448-hls-guidance&resourceid=200-1505.html
INFO: [HLS 200-2174] Applying component config ini file hls_config.cfg
INFO: [HLS 200-1465] Applying config ini 'syn.file=convolutie_2d.h' from hls_config.cfg(8)
INFO: [HLS 200-10] Adding design file 'C:/2EAI-HAC-2526-TaskHLS-bj-mk-tm/2D_Convolutie_HLS/convolutie_2d.h' to the project
INFO: [HLS 200-1465] Applying config ini 'syn.file=convolutie_2d.cpp' from hls_config.cfg(9)
INFO: [HLS 200-10] Adding design file 'C:/2EAI-HAC-2526-TaskHLS-bj-mk-tm/2D_Convolutie_HLS/convolutie_2d.cpp' to the project
INFO: [HLS 200-1465] Applying config ini 'tb.file=convolutie_tb.cpp' from hls_config.cfg(10)
INFO: [HLS 200-10] Adding test bench file 'C:/2EAI-HAC-2526-TaskHLS-bj-mk-tm/2D_Convolutie_HLS/convolutie_tb.cpp' to the project
INFO: [HLS 200-1465] Applying config ini 'syn.top=filter_afbeelding' from hls_config.cfg(11)
INFO: [HLS 200-1465] Applying config ini 'flow_target=vivado' from hls_config.cfg(4)
INFO: [HLS 200-1505] Using flow_target 'vivado'
Resolution: For help on HLS 200-1505 see docs.amd.com/access/sources/dita/topic?Doc_Version=2025.2%20English&url=ug1448-hls-guidance&resourceid=200-1505.html
INFO: [HLS 200-1465] Applying config ini 'part=xc7z020clg400-1' from hls_config.cfg(1)
INFO: [HLS 200-1611] Setting target device to 'xc7z020-clg400-1'
INFO: [HLS 200-1465] Applying config ini 'clock=10ns' from hls_config.cfg(7)
INFO: [SYN 201-201] Setting up clock 'default' with a period of 10ns.
INFO: [HLS 200-1465] Applying config ini 'package.output.format=ip_catalog' from hls_config.cfg(5)
INFO: [HLS 200-2176] Writing Vitis IDE component file C:/2EAI-HAC-2526-TaskHLS-bj-mk-tm/2D_Convolutie_HLS/2D_Convolutie_HLS/vitis-comp.json
INFO: [HLS 200-111] Finished File checks and directory preparation: CPU user time: 1 seconds. CPU system time: 1 seconds. Elapsed time: 4.626 seconds; current allocated memory: 134.070 MB.
INFO: [HLS 200-2191] C-Synthesis will use clang-16 as the compiler
INFO: [HLS 200-10] Analyzing design file 'convolutie_2d.cpp' ... 
INFO: [HLS 200-111] Finished Source Code Analysis and Preprocessing: CPU user time: 0 seconds. CPU system time: 0 seconds. Elapsed time: 7.115 seconds; current allocated memory: 136.605 MB.
INFO: [HLS 200-777] Using interface defaults for 'Vivado' flow target.
INFO: [HLS 200-1995] There were 2,267 instructions in the design after the 'Compile/Link' phase of compilation. See the Design Size Report for more details (C:/2EAI-HAC-2526-TaskHLS-bj-mk-tm/2D_Convolutie_HLS/2D_Convolutie_HLS/hls/syn/report/csynth_design_size.rpt:2)
INFO: [HLS 200-1995] There were 674 instructions in the design after the 'Unroll/Inline (step 1)' phase of compilation. See the Design Size Report for more details (C:/2EAI-HAC-2526-TaskHLS-bj-mk-tm/2D_Convolutie_HLS/2D_Convolutie_HLS/hls/syn/report/csynth_design_size.rpt:2)
INFO: [HLS 200-1995] There were 491 instructions in the design after the 'Unroll/Inline (step 2)' phase of compilation. See the Design Size Report for more details (C:/2EAI-HAC-2526-TaskHLS-bj-mk-tm/2D_Convolutie_HLS/2D_Convolutie_HLS/hls/syn/report/csynth_design_size.rpt:2)
INFO: [HLS 200-1995] There were 424 instructions in the design after the 'Unroll/Inline (step 3)' phase of compilation. See the Design Size Report for more details (C:/2EAI-HAC-2526-TaskHLS-bj-mk-tm/2D_Convolutie_HLS/2D_Convolutie_HLS/hls/syn/report/csynth_design_size.rpt:2)
INFO: [HLS 200-1995] There were 394 instructions in the design after the 'Unroll/Inline (step 4)' phase of compilation. See the Design Size Report for more details (C:/2EAI-HAC-2526-TaskHLS-bj-mk-tm/2D_Convolutie_HLS/2D_Convolutie_HLS/hls/syn/report/csynth_design_size.rpt:2)
INFO: [HLS 200-1995] There were 395 instructions in the design after the 'Array/Struct (step 1)' phase of compilation. See the Design Size Report for more details (C:/2EAI-HAC-2526-TaskHLS-bj-mk-tm/2D_Convolutie_HLS/2D_Convolutie_HLS/hls/syn/report/csynth_design_size.rpt:2)
INFO: [HLS 200-1995] There were 395 instructions in the design after the 'Array/Struct (step 2)' phase of compilation. See the Design Size Report for more details (C:/2EAI-HAC-2526-TaskHLS-bj-mk-tm/2D_Convolutie_HLS/2D_Convolutie_HLS/hls/syn/report/csynth_design_size.rpt:2)
INFO: [HLS 200-1995] There were 395 instructions in the design after the 'Array/Struct (step 3)' phase of compilation. See the Design Size Report for more details (C:/2EAI-HAC-2526-TaskHLS-bj-mk-tm/2D_Convolutie_HLS/2D_Convolutie_HLS/hls/syn/report/csynth_design_size.rpt:2)
INFO: [HLS 200-1995] There were 395 instructions in the design after the 'Array/Struct (step 4)' phase of compilation. See the Design Size Report for more details (C:/2EAI-HAC-2526-TaskHLS-bj-mk-tm/2D_Convolutie_HLS/2D_Convolutie_HLS/hls/syn/report/csynth_design_size.rpt:2)
INFO: [HLS 200-1995] There were 419 instructions in the design after the 'Array/Struct (step 5)' phase of compilation. See the Design Size Report for more details (C:/2EAI-HAC-2526-TaskHLS-bj-mk-tm/2D_Convolutie_HLS/2D_Convolutie_HLS/hls/syn/report/csynth_design_size.rpt:2)
INFO: [HLS 200-1995] There were 418 instructions in the design after the 'Performance (step 1)' phase of compilation. See the Design Size Report for more details (C:/2EAI-HAC-2526-TaskHLS-bj-mk-tm/2D_Convolutie_HLS/2D_Convolutie_HLS/hls/syn/report/csynth_design_size.rpt:2)
INFO: [HLS 200-1995] There were 418 instructions in the design after the 'Performance (step 2)' phase of compilation. See the Design Size Report for more details (C:/2EAI-HAC-2526-TaskHLS-bj-mk-tm/2D_Convolutie_HLS/2D_Convolutie_HLS/hls/syn/report/csynth_design_size.rpt:2)
INFO: [HLS 200-1995] There were 422 instructions in the design after the 'Performance (step 3)' phase of compilation. See the Design Size Report for more details (C:/2EAI-HAC-2526-TaskHLS-bj-mk-tm/2D_Convolutie_HLS/2D_Convolutie_HLS/hls/syn/report/csynth_design_size.rpt:2)
INFO: [HLS 200-1995] There were 381 instructions in the design after the 'Performance (step 4)' phase of compilation. See the Design Size Report for more details (C:/2EAI-HAC-2526-TaskHLS-bj-mk-tm/2D_Convolutie_HLS/2D_Convolutie_HLS/hls/syn/report/csynth_design_size.rpt:2)
INFO: [HLS 200-1995] There were 418 instructions in the design after the 'HW Transforms (step 1)' phase of compilation. See the Design Size Report for more details (C:/2EAI-HAC-2526-TaskHLS-bj-mk-tm/2D_Convolutie_HLS/2D_Convolutie_HLS/hls/syn/report/csynth_design_size.rpt:2)
INFO: [HLS 200-1995] There were 418 instructions in the design after the 'HW Transforms (step 2)' phase of compilation. See the Design Size Report for more details (C:/2EAI-HAC-2526-TaskHLS-bj-mk-tm/2D_Convolutie_HLS/2D_Convolutie_HLS/hls/syn/report/csynth_design_size.rpt:2)
INFO: [HLS 214-291] Loop 'anonymous' is marked as complete unroll implied by the pipeline pragma
INFO: [HLS 214-291] Loop 'Venster_Y' is marked as complete unroll implied by the pipeline pragma (convolutie_2d.cpp:37:24)
INFO: [HLS 214-291] Loop 'Venster_X' is marked as complete unroll implied by the pipeline pragma (convolutie_2d.cpp:38:28)
INFO: [HLS 214-291] Loop 'Kanalen_Berekening' is marked as complete unroll implied by the pipeline pragma (convolutie_2d.cpp:47:45)
INFO: [HLS 214-291] Loop 'Kanalen_Wegschrijven' is marked as complete unroll implied by the pipeline pragma (convolutie_2d.cpp:59:35)
INFO: [HLS 214-186] Unrolling loop 'anonymous' () in function 'filter_afbeelding' completely with a factor of 3 (convolutie_2d.cpp:9:0)
INFO: [HLS 214-186] Unrolling loop 'Venster_Y' (convolutie_2d.cpp:37:24) in function 'filter_afbeelding' completely with a factor of 3 (convolutie_2d.cpp:9:0)
INFO: [HLS 214-186] Unrolling loop 'Venster_X' (convolutie_2d.cpp:38:28) in function 'filter_afbeelding' completely with a factor of 3 (convolutie_2d.cpp:9:0)
INFO: [HLS 214-186] Unrolling loop 'Kanalen_Berekening' (convolutie_2d.cpp:47:45) in function 'filter_afbeelding' completely with a factor of 3 (convolutie_2d.cpp:9:0)
INFO: [HLS 214-178] Inlining function 'fp_struct<float>::fp_struct(float)' into 'int generic_cast_IEEE754<int, (ap_q_mode)6, float>(float, bool, hls::enable_if<std::numeric_limits<int>::is_signed, bool>::type)' (C:\scratch\2025.2\hls_product\666\2025.2\src\shared\hls\clib/hlsmath/include/FloatingPoint\hls_case_IEEE754.h:12:0)
INFO: [HLS 214-178] Inlining function 'fp_struct<float>::mantissa() const' into 'int generic_cast_IEEE754<int, (ap_q_mode)6, float>(float, bool, hls::enable_if<std::numeric_limits<int>::is_signed, bool>::type)' (C:\scratch\2025.2\hls_product\666\2025.2\src\shared\hls\clib/hlsmath/include/FloatingPoint\hls_case_IEEE754.h:12:0)
INFO: [HLS 214-178] Inlining function 'fp_struct<float>::expv() const' into 'int generic_cast_IEEE754<int, (ap_q_mode)6, float>(float, bool, hls::enable_if<std::numeric_limits<int>::is_signed, bool>::type)' (C:\scratch\2025.2\hls_product\666\2025.2\src\shared\hls\clib/hlsmath/include/FloatingPoint\hls_case_IEEE754.h:12:0)
INFO: [HLS 214-178] Inlining function 'fp_struct<float>::__signbit() const' into 'int generic_cast_IEEE754<int, (ap_q_mode)6, float>(float, bool, hls::enable_if<std::numeric_limits<int>::is_signed, bool>::type)' (C:\scratch\2025.2\hls_product\666\2025.2\src\shared\hls\clib/hlsmath/include/FloatingPoint\hls_case_IEEE754.h:12:0)
INFO: [HLS 214-178] Inlining function 'int generic_cast_IEEE754<int, (ap_q_mode)6, float>(float, bool, hls::enable_if<std::numeric_limits<int>::is_signed, bool>::type)' into 'int generic_cast_IEEE754<int, float>(float, bool)' (C:\scratch\2025.2\hls_product\666\2025.2\src\shared\hls\clib/hlsmath/include/FloatingPoint\hls_case_IEEE754.h:116:0)
INFO: [HLS 214-178] Inlining function 'int generic_cast_IEEE754<int, float>(float, bool)' into '__hls_fptosi_float_i32' (C:\scratch\2025.2\hls_product\666\2025.2\src\shared\hls\clib\hlsmath\src\lib_floatconversion.cpp:51:0)
INFO: [HLS 214-178] Inlining function '__hls_fptosi_float_i32' into 'filter_afbeelding(unsigned char*, unsigned char*, int, int, int)' (convolutie_2d.cpp:9:0)
INFO: [HLS 214-437] Disabling loop flattening for loop 'Lus_X'. (convolutie_2d.cpp:31:16)
INFO: [HLS 214-421] Partitioning small array 'kleur_som' due to array size. (convolutie_2d.cpp:34:19)
INFO: [HLS 214-248] Applying array_partition to 'kleur_som': Complete partitioning on dimension 1. (convolutie_2d.cpp:34:19)
INFO: [HLS 214-115] Multiple burst writes of variable length and bit width 8 in loop 'Lus_Y'(convolutie_2d.cpp:30:12) has been inferred on bundle 'gmem_uitvoer'. These burst requests might be further partitioned into multiple requests during RTL generation, based on max_read_burst_length or max_write_burst_length settings. (convolutie_2d.cpp:30:12)
INFO: [HLS 214-115] Multiple burst reads of variable length and bit width 8 in loop 'Kanalen_Wegschrijven'(convolutie_2d.cpp:59:35) has been inferred on bundle 'gmem_invoer'. These burst requests might be further partitioned into multiple requests during RTL generation, based on max_read_burst_length or max_write_burst_length settings. (convolutie_2d.cpp:59:35)
WARNING: [HLS 214-187] Cannot unroll loop 'Kanalen_Wegschrijven' (convolutie_2d.cpp:59:35) in function 'filter_afbeelding' as it has a variable trip count (convolutie_2d.cpp:59:35)
INFO: [HLS 200-111] Finished Compiling Optimization and Transform: CPU user time: 1 seconds. CPU system time: 0 seconds. Elapsed time: 11.608 seconds; current allocated memory: 139.789 MB.
INFO: [HLS 200-111] Finished Checking Pragmas: CPU user time: 0 seconds. CPU system time: 0 seconds. Elapsed time: 0.002 seconds; current allocated memory: 139.789 MB.
INFO: [HLS 200-10] Starting code transformations ...
INFO: [HLS 200-111] Finished Standard Transforms: CPU user time: 0 seconds. CPU system time: 0 seconds. Elapsed time: 0.098 seconds; current allocated memory: 146.555 MB.
INFO: [HLS 200-10] Checking synthesizability ...
INFO: [HLS 200-111] Finished Checking Synthesizability: CPU user time: 0 seconds. CPU system time: 0 seconds. Elapsed time: 0.069 seconds; current allocated memory: 148.992 MB.
INFO: [HLS 200-111] Finished Loop, function and other optimizations: CPU user time: 0 seconds. CPU system time: 0 seconds. Elapsed time: 0.241 seconds; current allocated memory: 172.797 MB.
INFO: [HLS 200-111] Finished Architecture Synthesis: CPU user time: 0 seconds. CPU system time: 0 seconds. Elapsed time: 0.231 seconds; current allocated memory: 172.805 MB.
INFO: [HLS 200-10] Starting hardware synthesis ...
INFO: [HLS 200-10] Synthesizing 'filter_afbeelding' ...
INFO: [HLS 200-10] ----------------------------------------------------------------
INFO: [HLS 200-42] -- Implementing module 'filter_afbeelding' 
INFO: [HLS 200-10] ----------------------------------------------------------------
INFO: [SCHED 204-11] Starting scheduling ...
WARNING: [SCHED 204-65] Unable to satisfy pipeline directive for loop 'Lus_X': contains subloop(s) that are not unrolled or flattened.
INFO: [SCHED 204-11] Finished scheduling.
INFO: [HLS 200-111] Finished Scheduling: CPU user time: 1 seconds. CPU system time: 0 seconds. Elapsed time: 0.834 seconds; current allocated memory: 183.137 MB.
INFO: [BIND 205-100] Starting micro-architecture generation ...
INFO: [BIND 205-101] Performing variable lifetime analysis.
INFO: [BIND 205-101] Exploring resource sharing.
INFO: [BIND 205-101] Binding ...
INFO: [BIND 205-100] Finished micro-architecture generation.
INFO: [HLS 200-111] Finished Binding: CPU user time: 0 seconds. CPU system time: 0 seconds. Elapsed time: 0.234 seconds; current allocated memory: 186.191 MB.
INFO: [HLS 200-10] ----------------------------------------------------------------
INFO: [HLS 200-10] -- Generating RTL for module 'filter_afbeelding' 
INFO: [HLS 200-10] ----------------------------------------------------------------
WARNING: [RTGEN 206-101] Design contains AXI ports. Reset is fixed to synchronous and active low.
INFO: [RTGEN 206-500] Setting interface mode on port 'filter_afbeelding/gmem_invoer' to 'm_axi'.
INFO: [RTGEN 206-500] Setting interface mode on port 'filter_afbeelding/gmem_uitvoer' to 'm_axi'.
INFO: [RTGEN 206-500] Setting interface mode on port 'filter_afbeelding/invoer_pixels' to 's_axilite & ap_none'.
INFO: [RTGEN 206-500] Setting interface mode on port 'filter_afbeelding/uitvoer_pixels' to 's_axilite & ap_none'.
INFO: [RTGEN 206-500] Setting interface mode on port 'filter_afbeelding/breedte' to 's_axilite & ap_none'.
INFO: [RTGEN 206-500] Setting interface mode on port 'filter_afbeelding/hoogte' to 's_axilite & ap_none'.
INFO: [RTGEN 206-500] Setting interface mode on port 'filter_afbeelding/kanalen' to 's_axilite & ap_none'.
INFO: [RTGEN 206-500] Setting interface mode on function 'filter_afbeelding' to 's_axilite & ap_ctrl_hs'.
INFO: [RTGEN 206-100] Bundling port 'invoer_pixels', 'uitvoer_pixels', 'breedte', 'hoogte', 'kanalen' and 'return' to AXI-Lite port vitis_control.
INFO: [RTGEN 206-100] Generating core module 'fadd_32ns_32ns_32_5_full_dsp_1': 1 instance(s).
INFO: [RTGEN 206-100] Generating core module 'fmul_32ns_32ns_32_4_max_dsp_1': 1 instance(s).
INFO: [RTGEN 206-100] Generating core module 'mul_32ns_32ns_64_2_1': 1 instance(s).
INFO: [RTGEN 206-100] Generating core module 'mul_63ns_32ns_64_5_1': 1 instance(s).
INFO: [RTGEN 206-100] Generating core module 'mul_63ns_32s_64_5_1': 1 instance(s).
INFO: [RTGEN 206-100] Generating core module 'mul_63s_32s_64_5_1': 1 instance(s).
INFO: [RTGEN 206-100] Generating core module 'mul_64s_32ns_64_5_1': 1 instance(s).
INFO: [RTGEN 206-100] Generating core module 'sparsemux_7_2_32_1_1': 1 instance(s).
INFO: [RTGEN 206-100] Generating core module 'uitofp_32ns_32_6_no_dsp_1': 1 instance(s).
INFO: [RTGEN 206-100] Finished creating RTL model for 'filter_afbeelding'.
INFO: [HLS 200-111] Finished Creating RTL model: CPU user time: 1 seconds. CPU system time: 0 seconds. Elapsed time: 1.218 seconds; current allocated memory: 197.969 MB.
INFO: [HLS 200-111] Finished Generating all RTL models: CPU user time: 1 seconds. CPU system time: 1 seconds. Elapsed time: 1.599 seconds; current allocated memory: 213.926 MB.
INFO: [HLS 200-1603] Design has inferred MAXI bursts and missed bursts, see Vitis HLS GUI synthesis summary report for detailed information.
INFO: [HLS 200-2225] Wrote inferred directives to file C:/2EAI-HAC-2526-TaskHLS-bj-mk-tm/2D_Convolutie_HLS/2D_Convolutie_HLS/hls/syn/inferred_directives.ini
INFO: [HLS 200-111] Finished Updating report files: CPU user time: 1 seconds. CPU system time: 0 seconds. Elapsed time: 1.334 seconds; current allocated memory: 218.984 MB.
INFO: [VHDL 208-304] Generating VHDL RTL for filter_afbeelding.
INFO: [VLOG 209-307] Generating Verilog RTL for filter_afbeelding.
INFO: [HLS 200-790] **** Loop Constraint Status: All loop constraints were satisfied.
INFO: [HLS 200-789] **** Estimated Fmax: 107.47 MHz
INFO: [HLS 200-112] Total CPU user time: 6 seconds. Total CPU system time: 2 seconds. Total elapsed time: 29.251 seconds; peak allocated memory: 219.023 MB.
INFO: [v++ 60-791] Total elapsed time: 0h 0m 33s
