05/23/26 02:28:02: Running xcd server. This server was built by gradle.
05/23/26 02:28:02: Server was asked to start on port: '54020'
05/23/26 02:28:02: Server is using token UUID: '621868d6-7908-464a-bc0d-9080911b9d99'
05/23/26 02:28:02: SESSION_MGR: creating session with session uuid: '6d04a3e9-ade5-4ab9-8d63-1f78fcd2ec76' and name 'default'
05/23/26 02:28:02: Attempting to start server on port '54020'
05/23/26 02:28:02: Running Dispatch Server
05/23/26 02:28:02: Version 2.2.0
05/23/26 02:28:04: Dispatch Server: Accepted socket connection from client
05/23/26 02:28:04: Starting Socket connection
05/23/26 02:28:04: EXCHANGE_TOKEN received, server token: 621868d6-7908-464a-bc0d-9080911b9d99, passed token: 621868d6-7908-464a-bc0d-9080911b9d99
05/23/26 02:28:04: DISPATCH_HANDLER: Adding handler from function makeHandler in library xv_system_diagram
05/23/26 02:28:04: SESSION_MGR: creating session with session uuid: 'd9b3481a-ea9e-4ade-9e64-0d9917c17b09' and name 'vitis-run_compile_2D_Convolutie_HLS'
05/23/26 02:28:04: KERNEL_SVC: creating session with uuid: 'd9b3481a-ea9e-4ade-9e64-0d9917c17b09' and name 'vitis-run_compile_2D_Convolutie_HLS'
05/23/26 02:28:04: GUIDANCE_SMGR: creating guidance session with uuid: 'd9b3481a-ea9e-4ade-9e64-0d9917c17b09' and name 'vitis-run_compile_2D_Convolutie_HLS'
05/23/26 02:28:04: SYSTEM_DIAGRAM: creating session with uuid: 'd9b3481a-ea9e-4ade-9e64-0d9917c17b09' and name 'vitis-run_compile_2D_Convolutie_HLS'
05/23/26 02:28:11: Dispatch Server: Accepted socket connection from client
05/23/26 02:28:11: Starting Socket connection
05/23/26 02:28:17: SESSION_MGR: closing session for UUID 'd9b3481a-ea9e-4ade-9e64-0d9917c17b09' with name 'vitis-run_compile_2D_Convolutie_HLS'
05/23/26 02:28:17: KERNEL_SVC: closing session for UUID 'd9b3481a-ea9e-4ade-9e64-0d9917c17b09' with name 'vitis-run_compile_2D_Convolutie_HLS'
05/23/26 02:28:17: GUIDANCE_SMGR: closing session for UUID 'd9b3481a-ea9e-4ade-9e64-0d9917c17b09' with name 'vitis-run_compile_2D_Convolutie_HLS'
05/23/26 02:28:17: SYSTEM_DIAGRAM: closing session for UUID 'd9b3481a-ea9e-4ade-9e64-0d9917c17b09' with name 'vitis-run_compile_2D_Convolutie_HLS'
05/23/26 02:28:17: STOP_SERVER received, server token: 621868d6-7908-464a-bc0d-9080911b9d99, passed token: 621868d6-7908-464a-bc0d-9080911b9d99
05/23/26 02:28:17: Socket received request to stop server.
05/23/26 02:28:17: Dispatch Server: do_await_stop
05/23/26 02:28:17: SERVER: destructor for server bound to port 54020
05/23/26 02:28:29: Running xcd server. This server was built by gradle.
05/23/26 02:28:29: Server was asked to start on port: '54027'
05/23/26 02:28:29: Server is using token UUID: '514b6ab5-39c6-4386-8496-6cf672ea2e00'
05/23/26 02:28:29: SESSION_MGR: creating session with session uuid: '6d04a3e9-ade5-4ab9-8d63-1f78fcd2ec76' and name 'default'
05/23/26 02:28:29: Attempting to start server on port '54027'
05/23/26 02:28:29: Running Dispatch Server
05/23/26 02:28:29: Version 2.2.0
05/23/26 02:28:31: Dispatch Server: Accepted socket connection from client
05/23/26 02:28:31: Starting Socket connection
05/23/26 02:28:31: EXCHANGE_TOKEN received, server token: 514b6ab5-39c6-4386-8496-6cf672ea2e00, passed token: 514b6ab5-39c6-4386-8496-6cf672ea2e00
05/23/26 02:28:31: DISPATCH_HANDLER: Adding handler from function makeHandler in library xv_system_diagram
05/23/26 02:28:31: SESSION_MGR: creating session with session uuid: '6bf09c2d-5f47-420d-8ea6-cc2107fc6c0c' and name 'v++_compile_2D_Convolutie_HLS'
05/23/26 02:28:31: KERNEL_SVC: creating session with uuid: '6bf09c2d-5f47-420d-8ea6-cc2107fc6c0c' and name 'v++_compile_2D_Convolutie_HLS'
05/23/26 02:28:31: GUIDANCE_SMGR: creating guidance session with uuid: '6bf09c2d-5f47-420d-8ea6-cc2107fc6c0c' and name 'v++_compile_2D_Convolutie_HLS'
05/23/26 02:28:31: SYSTEM_DIAGRAM: creating session with uuid: '6bf09c2d-5f47-420d-8ea6-cc2107fc6c0c' and name 'v++_compile_2D_Convolutie_HLS'
05/23/26 02:28:35: Dispatch Server: Accepted socket connection from client
05/23/26 02:28:35: Starting Socket connection
05/23/26 02:29:02: SESSION_MGR: closing session for UUID '6bf09c2d-5f47-420d-8ea6-cc2107fc6c0c' with name 'v++_compile_2D_Convolutie_HLS'
05/23/26 02:29:02: KERNEL_SVC: closing session for UUID '6bf09c2d-5f47-420d-8ea6-cc2107fc6c0c' with name 'v++_compile_2D_Convolutie_HLS'
05/23/26 02:29:02: GUIDANCE_SMGR: closing session for UUID '6bf09c2d-5f47-420d-8ea6-cc2107fc6c0c' with name 'v++_compile_2D_Convolutie_HLS'
05/23/26 02:29:02: SYSTEM_DIAGRAM: closing session for UUID '6bf09c2d-5f47-420d-8ea6-cc2107fc6c0c' with name 'v++_compile_2D_Convolutie_HLS'
05/23/26 02:29:02: STOP_SERVER received, server token: 514b6ab5-39c6-4386-8496-6cf672ea2e00, passed token: 514b6ab5-39c6-4386-8496-6cf672ea2e00
05/23/26 02:29:02: Socket received request to stop server.
05/23/26 02:29:02: Dispatch Server: do_await_stop
05/23/26 02:29:02: SERVER: destructor for server bound to port 54027
05/23/26 02:29:26: Running xcd server. This server was built by gradle.
05/23/26 02:29:26: Server was asked to start on port: '56432'
05/23/26 02:29:26: Server is using token UUID: '1489fcc0-5c42-4dbd-9277-28704861ee40'
05/23/26 02:29:26: SESSION_MGR: creating session with session uuid: '6d04a3e9-ade5-4ab9-8d63-1f78fcd2ec76' and name 'default'
05/23/26 02:29:26: Attempting to start server on port '56432'
05/23/26 02:29:26: Running Dispatch Server
05/23/26 02:29:26: Version 2.2.0
05/23/26 02:29:28: Dispatch Server: Accepted socket connection from client
05/23/26 02:29:28: Starting Socket connection
05/23/26 02:29:28: EXCHANGE_TOKEN received, server token: 1489fcc0-5c42-4dbd-9277-28704861ee40, passed token: 1489fcc0-5c42-4dbd-9277-28704861ee40
05/23/26 02:29:28: DISPATCH_HANDLER: Adding handler from function makeHandler in library xv_system_diagram
05/23/26 02:29:29: SESSION_MGR: creating session with session uuid: '413df103-744b-44b8-9fc0-0d721bd76a32' and name 'vitis-run_compile_2D_Convolutie_HLS'
05/23/26 02:29:29: KERNEL_SVC: creating session with uuid: '413df103-744b-44b8-9fc0-0d721bd76a32' and name 'vitis-run_compile_2D_Convolutie_HLS'
05/23/26 02:29:29: GUIDANCE_SMGR: creating guidance session with uuid: '413df103-744b-44b8-9fc0-0d721bd76a32' and name 'vitis-run_compile_2D_Convolutie_HLS'
05/23/26 02:29:29: SYSTEM_DIAGRAM: creating session with uuid: '413df103-744b-44b8-9fc0-0d721bd76a32' and name 'vitis-run_compile_2D_Convolutie_HLS'
05/23/26 02:29:32: Dispatch Server: Accepted socket connection from client
05/23/26 02:29:32: Starting Socket connection
05/23/26 02:29:57: SESSION_MGR: closing session for UUID '413df103-744b-44b8-9fc0-0d721bd76a32' with name 'vitis-run_compile_2D_Convolutie_HLS'
05/23/26 02:29:57: KERNEL_SVC: closing session for UUID '413df103-744b-44b8-9fc0-0d721bd76a32' with name 'vitis-run_compile_2D_Convolutie_HLS'
05/23/26 02:29:57: GUIDANCE_SMGR: closing session for UUID '413df103-744b-44b8-9fc0-0d721bd76a32' with name 'vitis-run_compile_2D_Convolutie_HLS'
05/23/26 02:29:57: SYSTEM_DIAGRAM: closing session for UUID '413df103-744b-44b8-9fc0-0d721bd76a32' with name 'vitis-run_compile_2D_Convolutie_HLS'
05/23/26 02:29:57: STOP_SERVER received, server token: 1489fcc0-5c42-4dbd-9277-28704861ee40, passed token: 1489fcc0-5c42-4dbd-9277-28704861ee40
05/23/26 02:29:57: Socket received request to stop server.
05/23/26 02:29:57: Dispatch Server: do_await_stop
05/23/26 02:29:57: SERVER: destructor for server bound to port 56432
05/23/26 03:19:27: Running xcd server. This server was built by gradle.
05/23/26 03:19:27: Server was asked to start on port: '49895'
05/23/26 03:19:27: Server is using token UUID: '2af54256-ad79-4868-badd-2b5aa59d699f'
05/23/26 03:19:27: SESSION_MGR: creating session with session uuid: '6d04a3e9-ade5-4ab9-8d63-1f78fcd2ec76' and name 'default'
05/23/26 03:19:27: Attempting to start server on port '49895'
05/23/26 03:19:27: Running Dispatch Server
05/23/26 03:19:27: Version 2.2.0
05/23/26 03:19:30: Dispatch Server: Accepted socket connection from client
05/23/26 03:19:30: Starting Socket connection
05/23/26 03:19:30: EXCHANGE_TOKEN received, server token: 2af54256-ad79-4868-badd-2b5aa59d699f, passed token: 2af54256-ad79-4868-badd-2b5aa59d699f
05/23/26 03:19:30: DISPATCH_HANDLER: Adding handler from function makeHandler in library xv_system_diagram
05/23/26 03:19:30: SESSION_MGR: creating session with session uuid: '7206bac2-9452-4d7b-9bc7-df377b4e3f08' and name 'vitis-run_compile_2D_Convolutie_HLS'
05/23/26 03:19:30: KERNEL_SVC: creating session with uuid: '7206bac2-9452-4d7b-9bc7-df377b4e3f08' and name 'vitis-run_compile_2D_Convolutie_HLS'
05/23/26 03:19:30: GUIDANCE_SMGR: creating guidance session with uuid: '7206bac2-9452-4d7b-9bc7-df377b4e3f08' and name 'vitis-run_compile_2D_Convolutie_HLS'
05/23/26 03:19:30: SYSTEM_DIAGRAM: creating session with uuid: '7206bac2-9452-4d7b-9bc7-df377b4e3f08' and name 'vitis-run_compile_2D_Convolutie_HLS'
05/23/26 03:19:36: Dispatch Server: Accepted socket connection from client
05/23/26 03:19:36: Starting Socket connection
05/23/26 03:19:41: SESSION_MGR: closing session for UUID '7206bac2-9452-4d7b-9bc7-df377b4e3f08' with name 'vitis-run_compile_2D_Convolutie_HLS'
05/23/26 03:19:41: KERNEL_SVC: closing session for UUID '7206bac2-9452-4d7b-9bc7-df377b4e3f08' with name 'vitis-run_compile_2D_Convolutie_HLS'
05/23/26 03:19:41: GUIDANCE_SMGR: closing session for UUID '7206bac2-9452-4d7b-9bc7-df377b4e3f08' with name 'vitis-run_compile_2D_Convolutie_HLS'
05/23/26 03:19:41: SYSTEM_DIAGRAM: closing session for UUID '7206bac2-9452-4d7b-9bc7-df377b4e3f08' with name 'vitis-run_compile_2D_Convolutie_HLS'
05/23/26 03:19:41: STOP_SERVER received, server token: 2af54256-ad79-4868-badd-2b5aa59d699f, passed token: 2af54256-ad79-4868-badd-2b5aa59d699f
05/23/26 03:19:41: Socket received request to stop server.
05/23/26 03:19:41: Dispatch Server: do_await_stop
05/23/26 03:19:41: SERVER: destructor for server bound to port 49895
05/23/26 03:20:00: Running xcd server. This server was built by gradle.
05/23/26 03:20:00: Server was asked to start on port: '49906'
05/23/26 03:20:00: Server is using token UUID: 'e4c9565f-f4d1-465b-a269-865978b218c6'
05/23/26 03:20:00: SESSION_MGR: creating session with session uuid: '6d04a3e9-ade5-4ab9-8d63-1f78fcd2ec76' and name 'default'
05/23/26 03:20:00: Attempting to start server on port '49906'
05/23/26 03:20:00: Running Dispatch Server
05/23/26 03:20:00: Version 2.2.0
05/23/26 03:20:03: Dispatch Server: Accepted socket connection from client
05/23/26 03:20:03: Starting Socket connection
05/23/26 03:20:03: EXCHANGE_TOKEN received, server token: e4c9565f-f4d1-465b-a269-865978b218c6, passed token: e4c9565f-f4d1-465b-a269-865978b218c6
05/23/26 03:20:03: DISPATCH_HANDLER: Adding handler from function makeHandler in library xv_system_diagram
05/23/26 03:20:03: SESSION_MGR: creating session with session uuid: '79af447c-6562-48ab-af42-d98d17ef97e3' and name 'v++_compile_2D_Convolutie_HLS'
05/23/26 03:20:03: KERNEL_SVC: creating session with uuid: '79af447c-6562-48ab-af42-d98d17ef97e3' and name 'v++_compile_2D_Convolutie_HLS'
05/23/26 03:20:03: GUIDANCE_SMGR: creating guidance session with uuid: '79af447c-6562-48ab-af42-d98d17ef97e3' and name 'v++_compile_2D_Convolutie_HLS'
05/23/26 03:20:03: SYSTEM_DIAGRAM: creating session with uuid: '79af447c-6562-48ab-af42-d98d17ef97e3' and name 'v++_compile_2D_Convolutie_HLS'
05/23/26 03:20:07: Dispatch Server: Accepted socket connection from client
05/23/26 03:20:07: Starting Socket connection
05/23/26 03:20:30: SESSION_MGR: closing session for UUID '79af447c-6562-48ab-af42-d98d17ef97e3' with name 'v++_compile_2D_Convolutie_HLS'
05/23/26 03:20:30: KERNEL_SVC: closing session for UUID '79af447c-6562-48ab-af42-d98d17ef97e3' with name 'v++_compile_2D_Convolutie_HLS'
05/23/26 03:20:30: GUIDANCE_SMGR: closing session for UUID '79af447c-6562-48ab-af42-d98d17ef97e3' with name 'v++_compile_2D_Convolutie_HLS'
05/23/26 03:20:30: SYSTEM_DIAGRAM: closing session for UUID '79af447c-6562-48ab-af42-d98d17ef97e3' with name 'v++_compile_2D_Convolutie_HLS'
05/23/26 03:20:30: STOP_SERVER received, server token: e4c9565f-f4d1-465b-a269-865978b218c6, passed token: e4c9565f-f4d1-465b-a269-865978b218c6
05/23/26 03:20:30: Socket received request to stop server.
05/23/26 03:20:30: Dispatch Server: do_await_stop
05/23/26 03:20:30: SERVER: destructor for server bound to port 49906
05/23/26 03:20:53: Running xcd server. This server was built by gradle.
05/23/26 03:20:53: Server was asked to start on port: '60877'
05/23/26 03:20:53: Server is using token UUID: '1b04e21f-3250-488d-9074-6fe66c779e21'
05/23/26 03:20:53: SESSION_MGR: creating session with session uuid: '6d04a3e9-ade5-4ab9-8d63-1f78fcd2ec76' and name 'default'
05/23/26 03:20:53: Attempting to start server on port '60877'
05/23/26 03:20:53: Running Dispatch Server
05/23/26 03:20:53: Version 2.2.0
05/23/26 03:20:55: Dispatch Server: Accepted socket connection from client
05/23/26 03:20:55: Starting Socket connection
05/23/26 03:20:55: EXCHANGE_TOKEN received, server token: 1b04e21f-3250-488d-9074-6fe66c779e21, passed token: 1b04e21f-3250-488d-9074-6fe66c779e21
05/23/26 03:20:55: DISPATCH_HANDLER: Adding handler from function makeHandler in library xv_system_diagram
05/23/26 03:20:55: SESSION_MGR: creating session with session uuid: 'bfeec97f-6f06-4ff7-b385-7cb23056c38a' and name 'vitis-run_compile_2D_Convolutie_HLS'
05/23/26 03:20:55: KERNEL_SVC: creating session with uuid: 'bfeec97f-6f06-4ff7-b385-7cb23056c38a' and name 'vitis-run_compile_2D_Convolutie_HLS'
05/23/26 03:20:55: GUIDANCE_SMGR: creating guidance session with uuid: 'bfeec97f-6f06-4ff7-b385-7cb23056c38a' and name 'vitis-run_compile_2D_Convolutie_HLS'
05/23/26 03:20:55: SYSTEM_DIAGRAM: creating session with uuid: 'bfeec97f-6f06-4ff7-b385-7cb23056c38a' and name 'vitis-run_compile_2D_Convolutie_HLS'
05/23/26 03:20:59: Dispatch Server: Accepted socket connection from client
05/23/26 03:20:59: Starting Socket connection
05/23/26 03:21:12: SESSION_MGR: closing session for UUID 'bfeec97f-6f06-4ff7-b385-7cb23056c38a' with name 'vitis-run_compile_2D_Convolutie_HLS'
05/23/26 03:21:12: KERNEL_SVC: closing session for UUID 'bfeec97f-6f06-4ff7-b385-7cb23056c38a' with name 'vitis-run_compile_2D_Convolutie_HLS'
05/23/26 03:21:12: GUIDANCE_SMGR: closing session for UUID 'bfeec97f-6f06-4ff7-b385-7cb23056c38a' with name 'vitis-run_compile_2D_Convolutie_HLS'
05/23/26 03:21:12: SYSTEM_DIAGRAM: closing session for UUID 'bfeec97f-6f06-4ff7-b385-7cb23056c38a' with name 'vitis-run_compile_2D_Convolutie_HLS'
05/23/26 03:21:12: STOP_SERVER received, server token: 1b04e21f-3250-488d-9074-6fe66c779e21, passed token: 1b04e21f-3250-488d-9074-6fe66c779e21
05/23/26 03:21:12: Socket received request to stop server.
05/23/26 03:21:12: Dispatch Server: do_await_stop
05/23/26 03:21:12: SERVER: destructor for server bound to port 60877
05/23/26 03:39:06: Running xcd server. This server was built by gradle.
05/23/26 03:39:06: Server was asked to start on port: '53639'
05/23/26 03:39:06: Server is using token UUID: '07b0fef8-ddcc-4d38-81fa-8f2a312eb3df'
05/23/26 03:39:06: SESSION_MGR: creating session with session uuid: '6d04a3e9-ade5-4ab9-8d63-1f78fcd2ec76' and name 'default'
05/23/26 03:39:06: Attempting to start server on port '53639'
05/23/26 03:39:06: Running Dispatch Server
05/23/26 03:39:06: Version 2.2.0
05/23/26 03:39:09: Dispatch Server: Accepted socket connection from client
05/23/26 03:39:09: Starting Socket connection
05/23/26 03:39:09: EXCHANGE_TOKEN received, server token: 07b0fef8-ddcc-4d38-81fa-8f2a312eb3df, passed token: 07b0fef8-ddcc-4d38-81fa-8f2a312eb3df
05/23/26 03:39:09: DISPATCH_HANDLER: Adding handler from function makeHandler in library xv_system_diagram
05/23/26 03:39:09: SESSION_MGR: creating session with session uuid: '1337d70b-39ea-4e5c-87f7-e48e3d2df3c0' and name 'vitis-run_compile_2D_Convolutie_HLS'
05/23/26 03:39:09: KERNEL_SVC: creating session with uuid: '1337d70b-39ea-4e5c-87f7-e48e3d2df3c0' and name 'vitis-run_compile_2D_Convolutie_HLS'
05/23/26 03:39:09: GUIDANCE_SMGR: creating guidance session with uuid: '1337d70b-39ea-4e5c-87f7-e48e3d2df3c0' and name 'vitis-run_compile_2D_Convolutie_HLS'
05/23/26 03:39:09: SYSTEM_DIAGRAM: creating session with uuid: '1337d70b-39ea-4e5c-87f7-e48e3d2df3c0' and name 'vitis-run_compile_2D_Convolutie_HLS'
05/23/26 03:39:14: Dispatch Server: Accepted socket connection from client
05/23/26 03:39:14: Starting Socket connection
05/23/26 03:39:16: SESSION_MGR: closing session for UUID '1337d70b-39ea-4e5c-87f7-e48e3d2df3c0' with name 'vitis-run_compile_2D_Convolutie_HLS'
05/23/26 03:39:16: KERNEL_SVC: closing session for UUID '1337d70b-39ea-4e5c-87f7-e48e3d2df3c0' with name 'vitis-run_compile_2D_Convolutie_HLS'
05/23/26 03:39:16: GUIDANCE_SMGR: closing session for UUID '1337d70b-39ea-4e5c-87f7-e48e3d2df3c0' with name 'vitis-run_compile_2D_Convolutie_HLS'
05/23/26 03:39:16: SYSTEM_DIAGRAM: closing session for UUID '1337d70b-39ea-4e5c-87f7-e48e3d2df3c0' with name 'vitis-run_compile_2D_Convolutie_HLS'
05/23/26 03:39:16: STOP_SERVER received, server token: 07b0fef8-ddcc-4d38-81fa-8f2a312eb3df, passed token: 07b0fef8-ddcc-4d38-81fa-8f2a312eb3df
05/23/26 03:39:16: Socket received request to stop server.
05/23/26 03:39:16: Dispatch Server: do_await_stop
05/23/26 03:39:16: SERVER: destructor for server bound to port 53639
05/23/26 03:39:49: Running xcd server. This server was built by gradle.
05/23/26 03:39:49: Server was asked to start on port: '49668'
05/23/26 03:39:49: Server is using token UUID: '761ac7cd-5d82-442d-a9c2-150d5ecca5e4'
05/23/26 03:39:49: SESSION_MGR: creating session with session uuid: '6d04a3e9-ade5-4ab9-8d63-1f78fcd2ec76' and name 'default'
05/23/26 03:39:49: Attempting to start server on port '49668'
05/23/26 03:39:49: Running Dispatch Server
05/23/26 03:39:49: Version 2.2.0
05/23/26 03:39:52: Dispatch Server: Accepted socket connection from client
05/23/26 03:39:52: Starting Socket connection
05/23/26 03:39:52: EXCHANGE_TOKEN received, server token: 761ac7cd-5d82-442d-a9c2-150d5ecca5e4, passed token: 761ac7cd-5d82-442d-a9c2-150d5ecca5e4
05/23/26 03:39:52: DISPATCH_HANDLER: Adding handler from function makeHandler in library xv_system_diagram
05/23/26 03:39:52: SESSION_MGR: creating session with session uuid: '8abb464d-5044-4162-a266-54e603f7580b' and name 'v++_compile_2D_Convolutie_HLS'
05/23/26 03:39:52: KERNEL_SVC: creating session with uuid: '8abb464d-5044-4162-a266-54e603f7580b' and name 'v++_compile_2D_Convolutie_HLS'
05/23/26 03:39:52: GUIDANCE_SMGR: creating guidance session with uuid: '8abb464d-5044-4162-a266-54e603f7580b' and name 'v++_compile_2D_Convolutie_HLS'
05/23/26 03:39:52: SYSTEM_DIAGRAM: creating session with uuid: '8abb464d-5044-4162-a266-54e603f7580b' and name 'v++_compile_2D_Convolutie_HLS'
05/23/26 03:39:56: Dispatch Server: Accepted socket connection from client
05/23/26 03:39:56: Starting Socket connection
05/23/26 03:40:19: SESSION_MGR: closing session for UUID '8abb464d-5044-4162-a266-54e603f7580b' with name 'v++_compile_2D_Convolutie_HLS'
05/23/26 03:40:19: KERNEL_SVC: closing session for UUID '8abb464d-5044-4162-a266-54e603f7580b' with name 'v++_compile_2D_Convolutie_HLS'
05/23/26 03:40:19: GUIDANCE_SMGR: closing session for UUID '8abb464d-5044-4162-a266-54e603f7580b' with name 'v++_compile_2D_Convolutie_HLS'
05/23/26 03:40:19: SYSTEM_DIAGRAM: closing session for UUID '8abb464d-5044-4162-a266-54e603f7580b' with name 'v++_compile_2D_Convolutie_HLS'
05/23/26 03:40:19: STOP_SERVER received, server token: 761ac7cd-5d82-442d-a9c2-150d5ecca5e4, passed token: 761ac7cd-5d82-442d-a9c2-150d5ecca5e4
05/23/26 03:40:19: Socket received request to stop server.
05/23/26 03:40:19: Dispatch Server: do_await_stop
05/23/26 03:40:19: SERVER: destructor for server bound to port 49668
05/23/26 03:40:44: Running xcd server. This server was built by gradle.
05/23/26 03:40:44: Server was asked to start on port: '55160'
05/23/26 03:40:44: Server is using token UUID: '2ccfb545-5082-4f59-8232-5f1d1936f0d2'
05/23/26 03:40:44: SESSION_MGR: creating session with session uuid: '6d04a3e9-ade5-4ab9-8d63-1f78fcd2ec76' and name 'default'
05/23/26 03:40:44: Attempting to start server on port '55160'
05/23/26 03:40:44: Running Dispatch Server
05/23/26 03:40:44: Version 2.2.0
05/23/26 03:40:46: Dispatch Server: Accepted socket connection from client
05/23/26 03:40:46: Starting Socket connection
05/23/26 03:40:46: EXCHANGE_TOKEN received, server token: 2ccfb545-5082-4f59-8232-5f1d1936f0d2, passed token: 2ccfb545-5082-4f59-8232-5f1d1936f0d2
05/23/26 03:40:46: DISPATCH_HANDLER: Adding handler from function makeHandler in library xv_system_diagram
05/23/26 03:40:46: SESSION_MGR: creating session with session uuid: '377a4403-14a1-41a9-923d-fe33ea02d601' and name 'vitis-run_compile_2D_Convolutie_HLS'
05/23/26 03:40:46: KERNEL_SVC: creating session with uuid: '377a4403-14a1-41a9-923d-fe33ea02d601' and name 'vitis-run_compile_2D_Convolutie_HLS'
05/23/26 03:40:46: GUIDANCE_SMGR: creating guidance session with uuid: '377a4403-14a1-41a9-923d-fe33ea02d601' and name 'vitis-run_compile_2D_Convolutie_HLS'
05/23/26 03:40:46: SYSTEM_DIAGRAM: creating session with uuid: '377a4403-14a1-41a9-923d-fe33ea02d601' and name 'vitis-run_compile_2D_Convolutie_HLS'
05/23/26 03:40:50: Dispatch Server: Accepted socket connection from client
05/23/26 03:40:50: Starting Socket connection
05/23/26 03:41:03: SESSION_MGR: closing session for UUID '377a4403-14a1-41a9-923d-fe33ea02d601' with name 'vitis-run_compile_2D_Convolutie_HLS'
05/23/26 03:41:03: KERNEL_SVC: closing session for UUID '377a4403-14a1-41a9-923d-fe33ea02d601' with name 'vitis-run_compile_2D_Convolutie_HLS'
05/23/26 03:41:03: GUIDANCE_SMGR: closing session for UUID '377a4403-14a1-41a9-923d-fe33ea02d601' with name 'vitis-run_compile_2D_Convolutie_HLS'
05/23/26 03:41:03: SYSTEM_DIAGRAM: closing session for UUID '377a4403-14a1-41a9-923d-fe33ea02d601' with name 'vitis-run_compile_2D_Convolutie_HLS'
05/23/26 03:41:03: STOP_SERVER received, server token: 2ccfb545-5082-4f59-8232-5f1d1936f0d2, passed token: 2ccfb545-5082-4f59-8232-5f1d1936f0d2
05/23/26 03:41:03: Socket received request to stop server.
05/23/26 03:41:03: Dispatch Server: do_await_stop
05/23/26 03:41:03: SERVER: destructor for server bound to port 55160
