Copyright 1986-2022 Xilinx, Inc. All Rights Reserved. Copyright 2022-2025 Advanced Micro Devices, Inc. All Rights Reserved.
---------------------------------------------------------------------------------------------------------------------------------------------
| Tool Version : Vivado v.2025.2 (win64) Build 6299465 Fri Nov 14 19:35:11 GMT 2025
| Date         : Sat May 23 03:41:39 2026
| Host         : ELITE running 64-bit major release  (build 9200)
| Command      : upgrade_ip
| Device       : xc7z020clg400-1
---------------------------------------------------------------------------------------------------------------------------------------------

Upgrade Log for IP 'design_1_filter_afbeelding_0_0'

1. Summary
----------

SUCCESS in the upgrade of design_1_filter_afbeelding_0_0 (xilinx.com:hls:filter_afbeelding:1.0) from (Rev. 2114620820) to (Rev. 2114620840)






Copyright 1986-2022 Xilinx, Inc. All Rights Reserved. Copyright 2022-2025 Advanced Micro Devices, Inc. All Rights Reserved.
---------------------------------------------------------------------------------------------------------------------------------------------
| Tool Version : Vivado v.2025.2 (win64) Build 6299465 Fri Nov 14 19:35:11 GMT 2025
| Date         : Sat May 23 03:22:42 2026
| Host         : ELITE running 64-bit major release  (build 9200)
| Command      : upgrade_ip
| Device       : xc7z020clg400-1
---------------------------------------------------------------------------------------------------------------------------------------------

Upgrade Log for IP 'design_1_filter_afbeelding_0_0'

1. Summary
----------

SUCCESS in the upgrade of design_1_filter_afbeelding_0_0 (xilinx.com:hls:filter_afbeelding:1.0) from (Rev. 2114620769) to (Rev. 2114620820)

