

================================================================
== Vitis HLS Report for 'filter_afbeelding_Pipeline_Loop_Rows_Loop_Cols'
================================================================
* Date:           Sat May 23 03:40:14 2026

* Version:        2025.2 (Build 6295257 on Nov 14 2025)
* Project:        2D_Convolutie_HLS
* Solution:       hls (Vivado IP Flow Target)
* Product family: zynq
* Target device:  xc7z020-clg400-1


================================================================
== Performance Estimates
================================================================
+ Timing: 
    * Summary: 
    +--------+----------+----------+------------+
    |  Clock |  Target  | Estimated| Uncertainty|
    +--------+----------+----------+------------+
    |ap_clk  |  10.00 ns|  7.300 ns|     2.70 ns|
    +--------+----------+----------+------------+

+ Latency: 
    * Summary: 
    +---------+---------+----------+----------+-----+-----+-------------------+
    |  Latency (cycles) |  Latency (absolute) |  Interval |      Pipeline     |
    |   min   |   max   |    min   |    max   | min | max |        Type       |
    +---------+---------+----------+----------+-----+-----+-------------------+
    |        ?|        ?|         ?|         ?|    0|    0|  loop pipeline stp|
    +---------+---------+----------+----------+-----+-----+-------------------+

    + Detail: 
        * Instance: 
        N/A

        * Loop: 
        +-----------------------+---------+---------+----------+-----------+-----------+------+----------+
        |                       |  Latency (cycles) | Iteration|  Initiation Interval  | Trip |          |
        |       Loop Name       |   min   |   max   |  Latency |  achieved |   target  | Count| Pipelined|
        +-----------------------+---------+---------+----------+-----------+-----------+------+----------+
        |- Loop_Rows_Loop_Cols  |        ?|        ?|        12|          1|          1|     ?|       yes|
        +-----------------------+---------+---------+----------+-----------+-----------+------+----------+

============================================================
+ Verbose Summary: Synthesis Manager
============================================================
InlineROM: 1
ExposeGlobal: 0
============================================================
+ Verbose Summary: CDFG Model
============================================================
IsTopModel: 0
ResetActiveHigh: 1
IsCombinational: 0
IsDatapathOnly: 0
HasWiredReturn: 1
HasMFsm: 2
HasVarLatency: 1
IsPipeline: 0
IsRtlPipelined: 0
IsInstanceOverlapped: 0
IsDontTouch: 0
HasImplIP: 0
IsGatedGlobalClock: 0

+ Individual pipeline summary: 
  * Pipeline-0: initiation interval (II) = 1, depth = 13


============================================================
+ Verbose Summary: Schedule
============================================================
* Number of FSM states : 13
* Pipeline : 1
  Pipeline-0 : II = 1, D = 13, States = { 1 2 3 4 5 6 7 8 9 10 11 12 13 }
* Dataflow Pipeline: 0

* FSM state transitions: 
1 --> 2 
2 --> 3 
3 --> 4 
4 --> 5 
5 --> 6 
6 --> 7 
7 --> 8 
8 --> 9 
9 --> 10 
10 --> 11 
11 --> 12 
12 --> 13 
13 --> 

* FSM state operations: 

State 1 <SV = 0> <Delay = 2.55>
ST_1 : Operation 15 [1/1] (0.00ns)   --->   "%reuse_addr_reg47 = alloca i32 1"   --->   Operation 15 'alloca' 'reuse_addr_reg47' <Predicate = true> <Delay = 0.00>
ST_1 : Operation 16 [1/1] (0.00ns)   --->   "%reuse_reg46 = alloca i32 1"   --->   Operation 16 'alloca' 'reuse_reg46' <Predicate = true> <Delay = 0.00>
ST_1 : Operation 17 [1/1] (0.00ns)   --->   "%reuse_addr_reg = alloca i32 1"   --->   Operation 17 'alloca' 'reuse_addr_reg' <Predicate = true> <Delay = 0.00>
ST_1 : Operation 18 [1/1] (0.00ns)   --->   "%reuse_reg = alloca i32 1"   --->   Operation 18 'alloca' 'reuse_reg' <Predicate = true> <Delay = 0.00>
ST_1 : Operation 19 [1/1] (0.00ns)   --->   "%empty = alloca i32 1"   --->   Operation 19 'alloca' 'empty' <Predicate = true> <Delay = 0.00>
ST_1 : Operation 20 [1/1] (0.00ns)   --->   "%empty_29 = alloca i32 1"   --->   Operation 20 'alloca' 'empty_29' <Predicate = true> <Delay = 0.00>
ST_1 : Operation 21 [1/1] (0.00ns)   --->   "%empty_30 = alloca i32 1"   --->   Operation 21 'alloca' 'empty_30' <Predicate = true> <Delay = 0.00>
ST_1 : Operation 22 [1/1] (0.00ns)   --->   "%empty_31 = alloca i32 1"   --->   Operation 22 'alloca' 'empty_31' <Predicate = true> <Delay = 0.00>
ST_1 : Operation 23 [1/1] (0.00ns)   --->   "%empty_32 = alloca i32 1"   --->   Operation 23 'alloca' 'empty_32' <Predicate = true> <Delay = 0.00>
ST_1 : Operation 24 [1/1] (0.00ns)   --->   "%empty_33 = alloca i32 1"   --->   Operation 24 'alloca' 'empty_33' <Predicate = true> <Delay = 0.00>
ST_1 : Operation 25 [1/1] (0.00ns)   --->   "%empty_34 = alloca i32 1"   --->   Operation 25 'alloca' 'empty_34' <Predicate = true> <Delay = 0.00>
ST_1 : Operation 26 [1/1] (0.00ns)   --->   "%empty_35 = alloca i32 1"   --->   Operation 26 'alloca' 'empty_35' <Predicate = true> <Delay = 0.00>
ST_1 : Operation 27 [1/1] (0.00ns)   --->   "%empty_36 = alloca i32 1"   --->   Operation 27 'alloca' 'empty_36' <Predicate = true> <Delay = 0.00>
ST_1 : Operation 28 [1/1] (0.00ns)   --->   "%x = alloca i32 1" [convolutie_2d.cpp:38]   --->   Operation 28 'alloca' 'x' <Predicate = true> <Delay = 0.00>
ST_1 : Operation 29 [1/1] (0.00ns)   --->   "%y = alloca i32 1" [convolutie_2d.cpp:37]   --->   Operation 29 'alloca' 'y' <Predicate = true> <Delay = 0.00>
ST_1 : Operation 30 [1/1] (0.00ns)   --->   "%indvar_flatten = alloca i32 1"   --->   Operation 30 'alloca' 'indvar_flatten' <Predicate = true> <Delay = 0.00>
ST_1 : Operation 31 [1/1] (0.00ns)   --->   "%empty_37 = alloca i32 1"   --->   Operation 31 'alloca' 'empty_37' <Predicate = true> <Delay = 0.00>
ST_1 : Operation 32 [1/1] (0.00ns)   --->   "%empty_38 = alloca i32 1"   --->   Operation 32 'alloca' 'empty_38' <Predicate = true> <Delay = 0.00>
ST_1 : Operation 33 [1/1] (0.00ns)   --->   "%empty_39 = alloca i32 1"   --->   Operation 33 'alloca' 'empty_39' <Predicate = true> <Delay = 0.00>
ST_1 : Operation 34 [1/1] (0.00ns)   --->   "%empty_40 = alloca i32 1"   --->   Operation 34 'alloca' 'empty_40' <Predicate = true> <Delay = 0.00>
ST_1 : Operation 35 [1/1] (0.00ns)   --->   "%empty_41 = alloca i32 1"   --->   Operation 35 'alloca' 'empty_41' <Predicate = true> <Delay = 0.00>
ST_1 : Operation 36 [1/1] (0.00ns)   --->   "%empty_42 = alloca i32 1"   --->   Operation 36 'alloca' 'empty_42' <Predicate = true> <Delay = 0.00>
ST_1 : Operation 37 [1/1] (0.00ns)   --->   "%empty_43 = alloca i32 1"   --->   Operation 37 'alloca' 'empty_43' <Predicate = true> <Delay = 0.00>
ST_1 : Operation 38 [1/1] (0.00ns)   --->   "%empty_44 = alloca i32 1"   --->   Operation 38 'alloca' 'empty_44' <Predicate = true> <Delay = 0.00>
ST_1 : Operation 39 [1/1] (0.00ns)   --->   "%empty_45 = alloca i32 1"   --->   Operation 39 'alloca' 'empty_45' <Predicate = true> <Delay = 0.00>
ST_1 : Operation 40 [1/1] (0.00ns)   --->   "%select_ln37_1_read = read i31 @_ssdm_op_Read.ap_auto.i31, i31 %select_ln37_1"   --->   Operation 40 'read' 'select_ln37_1_read' <Predicate = true> <Delay = 0.00>
ST_1 : Operation 41 [1/1] (0.00ns)   --->   "%uitvoer_pixels_read = read i64 @_ssdm_op_Read.ap_auto.i64, i64 %uitvoer_pixels"   --->   Operation 41 'read' 'uitvoer_pixels_read' <Predicate = true> <Delay = 0.00>
ST_1 : Operation 42 [1/1] (0.00ns)   --->   "%sext_ln37_1_read = read i33 @_ssdm_op_Read.ap_auto.i33, i33 %sext_ln37_1"   --->   Operation 42 'read' 'sext_ln37_1_read' <Predicate = true> <Delay = 0.00>
ST_1 : Operation 43 [1/1] (0.00ns)   --->   "%zext_ln37_read = read i32 @_ssdm_op_Read.ap_auto.i32, i32 %zext_ln37"   --->   Operation 43 'read' 'zext_ln37_read' <Predicate = true> <Delay = 0.00>
ST_1 : Operation 44 [1/1] (0.00ns)   --->   "%sext_ln37_read = read i62 @_ssdm_op_Read.ap_auto.i62, i62 %sext_ln37"   --->   Operation 44 'read' 'sext_ln37_read' <Predicate = true> <Delay = 0.00>
ST_1 : Operation 45 [1/1] (0.00ns)   --->   "%mul_ln3_read = read i62 @_ssdm_op_Read.ap_auto.i62, i62 %mul_ln3"   --->   Operation 45 'read' 'mul_ln3_read' <Predicate = true> <Delay = 0.00>
ST_1 : Operation 46 [1/1] (0.00ns)   --->   "%breedte_read = read i32 @_ssdm_op_Read.ap_auto.i32, i32 %breedte"   --->   Operation 46 'read' 'breedte_read' <Predicate = true> <Delay = 0.00>
ST_1 : Operation 47 [1/1] (0.00ns)   --->   "%sext_ln37_1_cast = sext i33 %sext_ln37_1_read"   --->   Operation 47 'sext' 'sext_ln37_1_cast' <Predicate = true> <Delay = 0.00>
ST_1 : Operation 48 [1/1] (0.00ns)   --->   "%zext_ln37_cast = zext i32 %zext_ln37_read"   --->   Operation 48 'zext' 'zext_ln37_cast' <Predicate = true> <Delay = 0.00>
ST_1 : Operation 49 [1/1] (0.00ns)   --->   "%sext_ln37_cast = sext i62 %sext_ln37_read"   --->   Operation 49 'sext' 'sext_ln37_cast' <Predicate = true> <Delay = 0.00>
ST_1 : Operation 50 [1/1] (0.00ns)   --->   "%specinterface_ln0 = specinterface void @_ssdm_op_SpecInterface, i32 %gmem_uitvoer, void @empty, i32 0, i32 0, void @empty_0, i32 0, i32 65536, void @empty_3, void @empty_2, void @empty_0, i32 16, i32 16, i32 16, i32 64, void @empty_0, void @empty_0, i32 4294967295, i32 0, i32 0, i32 4"   --->   Operation 50 'specinterface' 'specinterface_ln0' <Predicate = true> <Delay = 0.00>
ST_1 : Operation 51 [1/1] (0.00ns)   --->   "%specinterface_ln0 = specinterface void @_ssdm_op_SpecInterface, i32 %gmem_invoer, void @empty, i32 0, i32 0, void @empty_0, i32 0, i32 65536, void @empty_1, void @empty_2, void @empty_0, i32 16, i32 16, i32 64, i32 16, void @empty_0, void @empty_0, i32 4294967295, i32 0, i32 0, i32 4"   --->   Operation 51 'specinterface' 'specinterface_ln0' <Predicate = true> <Delay = 0.00>
ST_1 : Operation 52 [1/1] (0.00ns)   --->   "%line_buffer_1 = alloca i64 1" [convolutie_2d.cpp:21]   --->   Operation 52 'alloca' 'line_buffer_1' <Predicate = true> <Delay = 0.00> <CoreInst = "RAM">   --->   Core 81 'RAM' <Latency = 1> <II = 1> <Delay = 3.25> <Storage> <Opcode : 'load' 'store'> <Ports = 2> <Width = 24> <Depth = 512> <RAM>
ST_1 : Operation 53 [1/1] (0.00ns)   --->   "%line_buffer = alloca i64 1" [convolutie_2d.cpp:21]   --->   Operation 53 'alloca' 'line_buffer' <Predicate = true> <Delay = 0.00> <CoreInst = "RAM">   --->   Core 81 'RAM' <Latency = 1> <II = 1> <Delay = 3.25> <Storage> <Opcode : 'load' 'store'> <Ports = 2> <Width = 24> <Depth = 512> <RAM>
ST_1 : Operation 54 [1/1] (2.55ns)   --->   "%icmp_ln38 = icmp_sgt  i32 %breedte_read, i32 0" [convolutie_2d.cpp:38]   --->   Operation 54 'icmp' 'icmp_ln38' <Predicate = true> <Delay = 2.55> <CoreInst = "Cmp">   --->   Core 9 'Cmp' <Latency = 0> <II = 1> <Delay = 2.55> <FuncUnit> <Opcode : 'seteq' 'setne' 'setle' 'setge' 'setlt' 'setgt'> <InPorts = 2> <OutPorts = 1>
ST_1 : Operation 55 [1/1] (1.58ns)   --->   "%store_ln0 = store i62 0, i62 %indvar_flatten"   --->   Operation 55 'store' 'store_ln0' <Predicate = true> <Delay = 1.58>
ST_1 : Operation 56 [1/1] (1.58ns)   --->   "%store_ln37 = store i31 0, i31 %y" [convolutie_2d.cpp:37]   --->   Operation 56 'store' 'store_ln37' <Predicate = true> <Delay = 1.58>
ST_1 : Operation 57 [1/1] (1.58ns)   --->   "%store_ln38 = store i10 0, i10 %x" [convolutie_2d.cpp:38]   --->   Operation 57 'store' 'store_ln38' <Predicate = true> <Delay = 1.58>
ST_1 : Operation 58 [1/1] (1.58ns)   --->   "%store_ln0 = store i24 0, i24 %reuse_reg"   --->   Operation 58 'store' 'store_ln0' <Predicate = true> <Delay = 1.58>
ST_1 : Operation 59 [1/1] (1.58ns)   --->   "%store_ln0 = store i64 18446744073709551615, i64 %reuse_addr_reg"   --->   Operation 59 'store' 'store_ln0' <Predicate = true> <Delay = 1.58>
ST_1 : Operation 60 [1/1] (1.58ns)   --->   "%store_ln0 = store i24 0, i24 %reuse_reg46"   --->   Operation 60 'store' 'store_ln0' <Predicate = true> <Delay = 1.58>
ST_1 : Operation 61 [1/1] (1.58ns)   --->   "%store_ln0 = store i64 18446744073709551615, i64 %reuse_addr_reg47"   --->   Operation 61 'store' 'store_ln0' <Predicate = true> <Delay = 1.58>
ST_1 : Operation 62 [1/1] (0.00ns)   --->   "%br_ln37 = br void %VITIS_LOOP_50_1" [convolutie_2d.cpp:37]   --->   Operation 62 'br' 'br_ln37' <Predicate = true> <Delay = 0.00>

State 2 <SV = 1> <Delay = 5.05>
ST_2 : Operation 63 [1/1] (0.00ns)   --->   "%indvar_flatten_load = load i62 %indvar_flatten" [convolutie_2d.cpp:37]   --->   Operation 63 'load' 'indvar_flatten_load' <Predicate = true> <Delay = 0.00>
ST_2 : Operation 64 [1/1] (3.46ns)   --->   "%icmp_ln37 = icmp_eq  i62 %indvar_flatten_load, i62 %mul_ln3_read" [convolutie_2d.cpp:37]   --->   Operation 64 'icmp' 'icmp_ln37' <Predicate = true> <Delay = 3.46> <CoreInst = "Cmp">   --->   Core 9 'Cmp' <Latency = 0> <II = 1> <Delay = 3.46> <FuncUnit> <Opcode : 'seteq' 'setne' 'setle' 'setge' 'setlt' 'setgt'> <InPorts = 2> <OutPorts = 1>
ST_2 : Operation 65 [1/1] (0.00ns)   --->   "%br_ln37 = br i1 %icmp_ln37, void %for.inc159.loopexit, void %for.end161.loopexit.exitStub" [convolutie_2d.cpp:37]   --->   Operation 65 'br' 'br_ln37' <Predicate = true> <Delay = 0.00>
ST_2 : Operation 66 [1/1] (3.46ns)   --->   "%add_ln37 = add i62 %indvar_flatten_load, i62 1" [convolutie_2d.cpp:37]   --->   Operation 66 'add' 'add_ln37' <Predicate = (!icmp_ln37)> <Delay = 3.46> <CoreInst = "Adder">   --->   Core 1 'Adder' <Latency = 0> <II = 1> <Delay = 3.46> <FuncUnit> <Opcode : 'add' 'sub'> <InPorts = 2> <OutPorts = 1>
ST_2 : Operation 67 [1/1] (1.58ns)   --->   "%store_ln37 = store i62 %add_ln37, i62 %indvar_flatten" [convolutie_2d.cpp:37]   --->   Operation 67 'store' 'store_ln37' <Predicate = (!icmp_ln37)> <Delay = 1.58>

State 3 <SV = 2> <Delay = 7.30>
ST_3 : Operation 68 [1/1] (0.00ns)   --->   "%x_load = load i10 %x" [convolutie_2d.cpp:38]   --->   Operation 68 'load' 'x_load' <Predicate = (!icmp_ln37)> <Delay = 0.00>
ST_3 : Operation 69 [1/1] (0.00ns)   --->   "%y_load = load i31 %y" [convolutie_2d.cpp:37]   --->   Operation 69 'load' 'y_load' <Predicate = (!icmp_ln37)> <Delay = 0.00>
ST_3 : Operation 70 [1/1] (0.00ns)   --->   "%gmem_invoer_addr = getelementptr i32 %gmem_invoer, i64 %sext_ln37_cast" [convolutie_2d.cpp:37]   --->   Operation 70 'getelementptr' 'gmem_invoer_addr' <Predicate = (!icmp_ln37)> <Delay = 0.00>
ST_3 : Operation 71 [1/1] (0.00ns)   --->   "%zext_ln38_2 = zext i10 %x_load" [convolutie_2d.cpp:38]   --->   Operation 71 'zext' 'zext_ln38_2' <Predicate = (!icmp_ln37)> <Delay = 0.00>
ST_3 : Operation 72 [1/1] (2.55ns)   --->   "%icmp_ln38_1 = icmp_slt  i32 %zext_ln38_2, i32 %breedte_read" [convolutie_2d.cpp:38]   --->   Operation 72 'icmp' 'icmp_ln38_1' <Predicate = (!icmp_ln37)> <Delay = 2.55> <CoreInst = "Cmp">   --->   Core 9 'Cmp' <Latency = 0> <II = 1> <Delay = 2.55> <FuncUnit> <Opcode : 'seteq' 'setne' 'setle' 'setge' 'setlt' 'setgt'> <InPorts = 2> <OutPorts = 1>
ST_3 : Operation 73 [1/1] (0.68ns)   --->   "%select_ln37 = select i1 %icmp_ln38_1, i10 %x_load, i10 0" [convolutie_2d.cpp:37]   --->   Operation 73 'select' 'select_ln37' <Predicate = (!icmp_ln37)> <Delay = 0.68> <CoreInst = "Sel">   --->   Core 73 'Sel' <Latency = 0> <II = 1> <Delay = 0.68> <FuncUnit> <Opcode : 'select'> <InPorts = 3> <OutPorts = 1>
ST_3 : Operation 74 [1/1] (2.52ns)   --->   "%add_ln37_1 = add i31 %y_load, i31 1" [convolutie_2d.cpp:37]   --->   Operation 74 'add' 'add_ln37_1' <Predicate = (!icmp_ln37)> <Delay = 2.52> <CoreInst = "Adder">   --->   Core 1 'Adder' <Latency = 0> <II = 1> <Delay = 2.52> <FuncUnit> <Opcode : 'add' 'sub'> <InPorts = 2> <OutPorts = 1>
ST_3 : Operation 75 [1/1] (0.73ns)   --->   "%select_ln37_2 = select i1 %icmp_ln38_1, i31 %y_load, i31 %add_ln37_1" [convolutie_2d.cpp:37]   --->   Operation 75 'select' 'select_ln37_2' <Predicate = (!icmp_ln37)> <Delay = 0.73> <CoreInst = "Sel">   --->   Core 73 'Sel' <Latency = 0> <II = 1> <Delay = 0.73> <FuncUnit> <Opcode : 'select'> <InPorts = 3> <OutPorts = 1>
ST_3 : Operation 76 [1/1] (1.73ns)   --->   "%first_iter_0 = icmp_eq  i10 %select_ln37, i10 0" [convolutie_2d.cpp:37]   --->   Operation 76 'icmp' 'first_iter_0' <Predicate = (!icmp_ln37)> <Delay = 1.73> <CoreInst = "Cmp">   --->   Core 9 'Cmp' <Latency = 0> <II = 1> <Delay = 1.73> <FuncUnit> <Opcode : 'seteq' 'setne' 'setle' 'setge' 'setlt' 'setgt'> <InPorts = 2> <OutPorts = 1>
ST_3 : Operation 77 [1/1] (0.00ns)   --->   "%tmp = partselect i30 @_ssdm_op_PartSelect.i30.i31.i32.i32, i31 %select_ln37_2, i32 1, i32 30" [convolutie_2d.cpp:63]   --->   Operation 77 'partselect' 'tmp' <Predicate = (!icmp_ln37)> <Delay = 0.00>
ST_3 : Operation 78 [1/1] (2.49ns)   --->   "%icmp_ln63 = icmp_ne  i30 %tmp, i30 0" [convolutie_2d.cpp:63]   --->   Operation 78 'icmp' 'icmp_ln63' <Predicate = (!icmp_ln37)> <Delay = 2.49> <CoreInst = "Cmp">   --->   Core 9 'Cmp' <Latency = 0> <II = 1> <Delay = 2.49> <FuncUnit> <Opcode : 'seteq' 'setne' 'setle' 'setge' 'setlt' 'setgt'> <InPorts = 2> <OutPorts = 1>
ST_3 : Operation 79 [1/1] (0.00ns)   --->   "%br_ln38 = br i1 %first_iter_0, void %VITIS_LOOP_50_1.split, void %for.first.iter.VITIS_LOOP_50_1" [convolutie_2d.cpp:38]   --->   Operation 79 'br' 'br_ln38' <Predicate = (!icmp_ln37)> <Delay = 0.00>
ST_3 : Operation 80 [1/1] (0.00ns)   --->   "%zext_ln38_1 = zext i10 %select_ln37" [convolutie_2d.cpp:38]   --->   Operation 80 'zext' 'zext_ln38_1' <Predicate = (!icmp_ln37)> <Delay = 0.00>
ST_3 : Operation 81 [1/1] (0.00ns)   --->   "%line_buffer_addr = getelementptr i24 %line_buffer, i64 0, i64 %zext_ln38_1" [convolutie_2d.cpp:42]   --->   Operation 81 'getelementptr' 'line_buffer_addr' <Predicate = (!icmp_ln37)> <Delay = 0.00>
ST_3 : Operation 82 [1/1] (0.00ns)   --->   "%reuse_addr_reg47_load = load i64 %reuse_addr_reg47"   --->   Operation 82 'load' 'reuse_addr_reg47_load' <Predicate = (!icmp_ln37)> <Delay = 0.00>
ST_3 : Operation 83 [1/1] (3.52ns)   --->   "%addr_cmp50 = icmp_eq  i64 %reuse_addr_reg47_load, i64 %zext_ln38_1" [convolutie_2d.cpp:38]   --->   Operation 83 'icmp' 'addr_cmp50' <Predicate = (!icmp_ln37)> <Delay = 3.52> <CoreInst = "Cmp">   --->   Core 9 'Cmp' <Latency = 0> <II = 1> <Delay = 3.52> <FuncUnit> <Opcode : 'seteq' 'setne' 'setle' 'setge' 'setlt' 'setgt'> <InPorts = 2> <OutPorts = 1>
ST_3 : Operation 84 [1/1] (0.00ns)   --->   "%line_buffer_1_addr = getelementptr i24 %line_buffer_1, i64 0, i64 %zext_ln38_1" [convolutie_2d.cpp:43]   --->   Operation 84 'getelementptr' 'line_buffer_1_addr' <Predicate = (!icmp_ln37)> <Delay = 0.00>
ST_3 : Operation 85 [1/1] ( I:7.30ns O:7.30ns )   --->   "%buf_val_2 = read i32 @_ssdm_op_Read.m_axi.i32.p1i32, i32 %gmem_invoer_addr" [convolutie_2d.cpp:47]   --->   Operation 85 'read' 'buf_val_2' <Predicate = (!icmp_ln37)> <Delay = 7.30> <CoreInst = "m_axi">   --->   Core 111 'm_axi' <Latency = 3> <II = 1> <Delay = 1.00> <Adapter> <Opcode : 'readrequnaligned' 'writerequnaligned' 'read' 'write' 'readreq' 'writereq' 'writeresp'>
ST_3 : Operation 86 [1/1] (0.00ns)   --->   "%trunc_ln43 = trunc i32 %buf_val_2" [convolutie_2d.cpp:43]   --->   Operation 86 'trunc' 'trunc_ln43' <Predicate = (!icmp_ln37)> <Delay = 0.00>
ST_3 : Operation 87 [1/1] (0.00ns)   --->   "%reuse_addr_reg_load = load i64 %reuse_addr_reg"   --->   Operation 87 'load' 'reuse_addr_reg_load' <Predicate = (!icmp_ln37)> <Delay = 0.00>
ST_3 : Operation 88 [2/2] (3.25ns)   --->   "%line_buffer_1_load = load i9 %line_buffer_1_addr" [convolutie_2d.cpp:43]   --->   Operation 88 'load' 'line_buffer_1_load' <Predicate = (!icmp_ln37)> <Delay = 3.25> <CoreInst = "RAM">   --->   Core 81 'RAM' <Latency = 1> <II = 1> <Delay = 3.25> <Storage> <Opcode : 'load' 'store'> <Ports = 2> <Width = 24> <Depth = 512> <RAM>
ST_3 : Operation 89 [1/1] (3.52ns)   --->   "%addr_cmp = icmp_eq  i64 %reuse_addr_reg_load, i64 %zext_ln38_1" [convolutie_2d.cpp:38]   --->   Operation 89 'icmp' 'addr_cmp' <Predicate = (!icmp_ln37)> <Delay = 3.52> <CoreInst = "Cmp">   --->   Core 9 'Cmp' <Latency = 0> <II = 1> <Delay = 3.52> <FuncUnit> <Opcode : 'seteq' 'setne' 'setle' 'setge' 'setlt' 'setgt'> <InPorts = 2> <OutPorts = 1>
ST_3 : Operation 90 [1/1] (1.58ns)   --->   "%store_ln38 = store i64 %zext_ln38_1, i64 %reuse_addr_reg47" [convolutie_2d.cpp:38]   --->   Operation 90 'store' 'store_ln38' <Predicate = (!icmp_ln37)> <Delay = 1.58>
ST_3 : Operation 91 [1/1] (1.58ns)   --->   "%store_ln38 = store i64 %zext_ln38_1, i64 %reuse_addr_reg" [convolutie_2d.cpp:38]   --->   Operation 91 'store' 'store_ln38' <Predicate = (!icmp_ln37)> <Delay = 1.58>
ST_3 : Operation 92 [1/1] (0.00ns)   --->   "%trunc_ln57_2 = trunc i32 %buf_val_2" [convolutie_2d.cpp:57]   --->   Operation 92 'trunc' 'trunc_ln57_2' <Predicate = (!icmp_ln37)> <Delay = 0.00>
ST_3 : Operation 93 [1/1] (0.00ns)   --->   "%tmp_7 = partselect i8 @_ssdm_op_PartSelect.i8.i32.i32, i32 %buf_val_2, i32 8" [convolutie_2d.cpp:58]   --->   Operation 93 'partselect' 'tmp_7' <Predicate = (!icmp_ln37)> <Delay = 0.00>
ST_3 : Operation 94 [1/1] (0.00ns)   --->   "%tmp_8 = partselect i8 @_ssdm_op_PartSelect.i8.i32.i32, i32 %buf_val_2, i32 16" [convolutie_2d.cpp:59]   --->   Operation 94 'partselect' 'tmp_8' <Predicate = (!icmp_ln37)> <Delay = 0.00>
ST_3 : Operation 95 [1/1] (0.00ns)   --->   "%tmp_3 = partselect i9 @_ssdm_op_PartSelect.i9.i10.i32.i32, i10 %select_ln37, i32 1, i32 9" [convolutie_2d.cpp:63]   --->   Operation 95 'partselect' 'tmp_3' <Predicate = (!icmp_ln37)> <Delay = 0.00>
ST_3 : Operation 96 [1/1] (1.82ns)   --->   "%icmp_ln63_1 = icmp_ne  i9 %tmp_3, i9 0" [convolutie_2d.cpp:63]   --->   Operation 96 'icmp' 'icmp_ln63_1' <Predicate = (!icmp_ln37)> <Delay = 1.82> <CoreInst = "Cmp">   --->   Core 9 'Cmp' <Latency = 0> <II = 1> <Delay = 1.82> <FuncUnit> <Opcode : 'seteq' 'setne' 'setle' 'setge' 'setlt' 'setgt'> <InPorts = 2> <OutPorts = 1>
ST_3 : Operation 97 [1/1] (0.97ns)   --->   "%and_ln63 = and i1 %icmp_ln63, i1 %icmp_ln63_1" [convolutie_2d.cpp:63]   --->   Operation 97 'and' 'and_ln63' <Predicate = (!icmp_ln37)> <Delay = 0.97> <CoreInst = "LogicGate">   --->   Core 74 'LogicGate' <Latency = 0> <II = 1> <Delay = 0.97> <FuncUnit> <Opcode : 'and' 'or' 'xor'> <InPorts = 2> <OutPorts = 1>
ST_3 : Operation 98 [1/1] (0.00ns)   --->   "%br_ln63 = br i1 %and_ln63, void %for.inc156, void %for.inc114" [convolutie_2d.cpp:63]   --->   Operation 98 'br' 'br_ln63' <Predicate = (!icmp_ln37)> <Delay = 0.00>
ST_3 : Operation 99 [1/1] (1.73ns)   --->   "%add_ln38 = add i10 %select_ln37, i10 1" [convolutie_2d.cpp:38]   --->   Operation 99 'add' 'add_ln38' <Predicate = (!icmp_ln37)> <Delay = 1.73> <CoreInst = "Adder">   --->   Core 1 'Adder' <Latency = 0> <II = 1> <Delay = 1.73> <FuncUnit> <Opcode : 'add' 'sub'> <InPorts = 2> <OutPorts = 1>
ST_3 : Operation 100 [1/1] (1.58ns)   --->   "%store_ln37 = store i31 %select_ln37_2, i31 %y" [convolutie_2d.cpp:37]   --->   Operation 100 'store' 'store_ln37' <Predicate = (!icmp_ln37)> <Delay = 1.58>
ST_3 : Operation 101 [1/1] (1.58ns)   --->   "%store_ln38 = store i10 %add_ln38, i10 %x" [convolutie_2d.cpp:38]   --->   Operation 101 'store' 'store_ln38' <Predicate = (!icmp_ln37)> <Delay = 1.58>

State 4 <SV = 3> <Delay = 7.20>
ST_4 : Operation 102 [1/1] (0.00ns)   --->   "%zext_ln37_1 = zext i31 %select_ln37_2" [convolutie_2d.cpp:37]   --->   Operation 102 'zext' 'zext_ln37_1' <Predicate = (!icmp_ln37)> <Delay = 0.00>
ST_4 : Operation 103 [2/2] (6.91ns)   --->   "%mul_ln37 = mul i62 %zext_ln37_1, i62 %zext_ln37_cast" [convolutie_2d.cpp:37]   --->   Operation 103 'mul' 'mul_ln37' <Predicate = (!icmp_ln37)> <Delay = 6.91> <CoreInst = "Multiplier">   --->   Core 3 'Multiplier' <Latency = 1> <II = 1> <Delay = 6.91> <FuncUnit> <Opcode : 'mul'> <InPorts = 2> <OutPorts = 1>
ST_4 : Operation 104 [1/1] (0.00ns)   --->   "%reuse_reg46_load = load i24 %reuse_reg46"   --->   Operation 104 'load' 'reuse_reg46_load' <Predicate = (!icmp_ln37 & addr_cmp50)> <Delay = 0.00>
ST_4 : Operation 105 [2/2] (3.25ns)   --->   "%line_buffer_load = load i9 %line_buffer_addr" [convolutie_2d.cpp:42]   --->   Operation 105 'load' 'line_buffer_load' <Predicate = (!icmp_ln37 & !addr_cmp50)> <Delay = 3.25> <CoreInst = "RAM">   --->   Core 81 'RAM' <Latency = 1> <II = 1> <Delay = 3.25> <Storage> <Opcode : 'load' 'store'> <Ports = 2> <Width = 24> <Depth = 512> <RAM>
ST_4 : Operation 106 [1/1] (0.00ns)   --->   "%reuse_reg_load = load i24 %reuse_reg"   --->   Operation 106 'load' 'reuse_reg_load' <Predicate = (!icmp_ln37 & addr_cmp)> <Delay = 0.00>
ST_4 : Operation 107 [1/2] ( I:3.25ns O:3.25ns )   --->   "%line_buffer_1_load = load i9 %line_buffer_1_addr" [convolutie_2d.cpp:43]   --->   Operation 107 'load' 'line_buffer_1_load' <Predicate = (!icmp_ln37)> <Delay = 3.25> <CoreInst = "RAM">   --->   Core 81 'RAM' <Latency = 1> <II = 1> <Delay = 3.25> <Storage> <Opcode : 'load' 'store'> <Ports = 2> <Width = 24> <Depth = 512> <RAM>
ST_4 : Operation 108 [1/1] (0.69ns)   --->   "%buf_val_1 = select i1 %addr_cmp, i24 %reuse_reg_load, i24 %line_buffer_1_load" [convolutie_2d.cpp:38]   --->   Operation 108 'select' 'buf_val_1' <Predicate = (!icmp_ln37)> <Delay = 0.69> <CoreInst = "Sel">   --->   Core 73 'Sel' <Latency = 0> <II = 1> <Delay = 0.69> <FuncUnit> <Opcode : 'select'> <InPorts = 3> <OutPorts = 1>
ST_4 : Operation 109 [1/1] ( I:3.25ns O:3.25ns )   --->   "%store_ln43 = store i24 %buf_val_1, i9 %line_buffer_addr" [convolutie_2d.cpp:43]   --->   Operation 109 'store' 'store_ln43' <Predicate = (!icmp_ln37)> <Delay = 3.25> <CoreInst = "RAM">   --->   Core 81 'RAM' <Latency = 1> <II = 1> <Delay = 3.25> <Storage> <Opcode : 'load' 'store'> <Ports = 2> <Width = 24> <Depth = 512> <RAM>
ST_4 : Operation 110 [1/1] (1.58ns)   --->   "%store_ln38 = store i24 %buf_val_1, i24 %reuse_reg46" [convolutie_2d.cpp:38]   --->   Operation 110 'store' 'store_ln38' <Predicate = (!icmp_ln37)> <Delay = 1.58>
ST_4 : Operation 111 [1/1] ( I:3.25ns O:3.25ns )   --->   "%store_ln47 = store i24 %trunc_ln43, i9 %line_buffer_1_addr" [convolutie_2d.cpp:47]   --->   Operation 111 'store' 'store_ln47' <Predicate = (!icmp_ln37)> <Delay = 3.25> <CoreInst = "RAM">   --->   Core 81 'RAM' <Latency = 1> <II = 1> <Delay = 3.25> <Storage> <Opcode : 'load' 'store'> <Ports = 2> <Width = 24> <Depth = 512> <RAM>
ST_4 : Operation 112 [1/1] (1.58ns)   --->   "%store_ln43 = store i24 %trunc_ln43, i24 %reuse_reg" [convolutie_2d.cpp:43]   --->   Operation 112 'store' 'store_ln43' <Predicate = (!icmp_ln37)> <Delay = 1.58>
ST_4 : Operation 113 [1/1] (0.00ns)   --->   "%trunc_ln57_1 = trunc i24 %buf_val_1" [convolutie_2d.cpp:57]   --->   Operation 113 'trunc' 'trunc_ln57_1' <Predicate = (!icmp_ln37)> <Delay = 0.00>
ST_4 : Operation 114 [1/1] (0.00ns)   --->   "%tmp_4 = partselect i8 @_ssdm_op_PartSelect.i8.i24.i32.i32, i24 %buf_val_1, i32 8, i32 15" [convolutie_2d.cpp:58]   --->   Operation 114 'partselect' 'tmp_4' <Predicate = (!icmp_ln37)> <Delay = 0.00>
ST_4 : Operation 115 [1/1] (0.00ns)   --->   "%tmp_5 = partselect i8 @_ssdm_op_PartSelect.i8.i24.i32.i32, i24 %buf_val_1, i32 16, i32 23" [convolutie_2d.cpp:59]   --->   Operation 115 'partselect' 'tmp_5' <Predicate = (!icmp_ln37)> <Delay = 0.00>
ST_4 : Operation 116 [1/1] (0.00ns)   --->   "%zext_ln38_3 = zext i10 %add_ln38" [convolutie_2d.cpp:38]   --->   Operation 116 'zext' 'zext_ln38_3' <Predicate = (!icmp_ln37)> <Delay = 0.00>
ST_4 : Operation 117 [1/1] (2.55ns)   --->   "%icmp_ln38_2 = icmp_slt  i32 %zext_ln38_3, i32 %breedte_read" [convolutie_2d.cpp:38]   --->   Operation 117 'icmp' 'icmp_ln38_2' <Predicate = (!icmp_ln37)> <Delay = 2.55> <CoreInst = "Cmp">   --->   Core 9 'Cmp' <Latency = 0> <II = 1> <Delay = 2.55> <FuncUnit> <Opcode : 'seteq' 'setne' 'setle' 'setge' 'setlt' 'setgt'> <InPorts = 2> <OutPorts = 1>
ST_4 : Operation 118 [1/1] (0.00ns)   --->   "%br_ln38 = br i1 %icmp_ln38_2, void %last.iter.for.inc156, void %new.latch.for.inc156" [convolutie_2d.cpp:38]   --->   Operation 118 'br' 'br_ln38' <Predicate = (!icmp_ln37)> <Delay = 0.00>

State 5 <SV = 4> <Delay = 6.91>
ST_5 : Operation 119 [1/1] (0.00ns)   --->   "%p_load36 = load i8 %empty_37"   --->   Operation 119 'load' 'p_load36' <Predicate = true> <Delay = 0.00>
ST_5 : Operation 120 [1/1] (0.00ns)   --->   "%p_load35 = load i8 %empty_38"   --->   Operation 120 'load' 'p_load35' <Predicate = true> <Delay = 0.00>
ST_5 : Operation 121 [1/1] (0.00ns)   --->   "%p_load34 = load i8 %empty_39"   --->   Operation 121 'load' 'p_load34' <Predicate = true> <Delay = 0.00>
ST_5 : Operation 122 [1/1] (0.00ns)   --->   "%p_load33 = load i8 %empty_40"   --->   Operation 122 'load' 'p_load33' <Predicate = true> <Delay = 0.00>
ST_5 : Operation 123 [1/1] (0.00ns)   --->   "%p_load32 = load i8 %empty_41"   --->   Operation 123 'load' 'p_load32' <Predicate = true> <Delay = 0.00>
ST_5 : Operation 124 [1/1] (0.00ns)   --->   "%p_load31 = load i8 %empty_42"   --->   Operation 124 'load' 'p_load31' <Predicate = true> <Delay = 0.00>
ST_5 : Operation 125 [1/1] (0.00ns)   --->   "%p_load30 = load i8 %empty_43"   --->   Operation 125 'load' 'p_load30' <Predicate = true> <Delay = 0.00>
ST_5 : Operation 126 [1/1] (0.00ns)   --->   "%p_load29 = load i8 %empty_44"   --->   Operation 126 'load' 'p_load29' <Predicate = true> <Delay = 0.00>
ST_5 : Operation 127 [1/1] (0.00ns)   --->   "%p_load = load i8 %empty_45"   --->   Operation 127 'load' 'p_load' <Predicate = true> <Delay = 0.00>
ST_5 : Operation 128 [1/1] (0.00ns)   --->   "%specbitsmap_ln0 = specbitsmap void @_ssdm_op_SpecBitsMap, i32 %gmem_uitvoer"   --->   Operation 128 'specbitsmap' 'specbitsmap_ln0' <Predicate = true> <Delay = 0.00>
ST_5 : Operation 129 [1/1] (0.00ns)   --->   "%specbitsmap_ln0 = specbitsmap void @_ssdm_op_SpecBitsMap, i32 %gmem_invoer"   --->   Operation 129 'specbitsmap' 'specbitsmap_ln0' <Predicate = true> <Delay = 0.00>
ST_5 : Operation 130 [1/2] (6.91ns)   --->   "%mul_ln37 = mul i62 %zext_ln37_1, i62 %zext_ln37_cast" [convolutie_2d.cpp:37]   --->   Operation 130 'mul' 'mul_ln37' <Predicate = (!icmp_ln37)> <Delay = 6.91> <CoreInst = "Multiplier">   --->   Core 3 'Multiplier' <Latency = 1> <II = 1> <Delay = 6.91> <FuncUnit> <Opcode : 'mul'> <InPorts = 2> <OutPorts = 1>
ST_5 : Operation 131 [1/1] (0.00ns)   --->   "%specpipeline_ln39 = specpipeline void @_ssdm_op_SpecPipeline, i32 1, i32 0, i32 0, i32 0, i32 4294967295, void @empty_0" [convolutie_2d.cpp:39]   --->   Operation 131 'specpipeline' 'specpipeline_ln39' <Predicate = (!icmp_ln37)> <Delay = 0.00>
ST_5 : Operation 132 [1/2] ( I:3.25ns O:3.25ns )   --->   "%line_buffer_load = load i9 %line_buffer_addr" [convolutie_2d.cpp:42]   --->   Operation 132 'load' 'line_buffer_load' <Predicate = (!icmp_ln37 & !addr_cmp50)> <Delay = 3.25> <CoreInst = "RAM">   --->   Core 81 'RAM' <Latency = 1> <II = 1> <Delay = 3.25> <Storage> <Opcode : 'load' 'store'> <Ports = 2> <Width = 24> <Depth = 512> <RAM>
ST_5 : Operation 133 [1/1] (0.69ns)   --->   "%buf_val = select i1 %addr_cmp50, i24 %reuse_reg46_load, i24 %line_buffer_load" [convolutie_2d.cpp:38]   --->   Operation 133 'select' 'buf_val' <Predicate = (!icmp_ln37)> <Delay = 0.69> <CoreInst = "Sel">   --->   Core 73 'Sel' <Latency = 0> <II = 1> <Delay = 0.69> <FuncUnit> <Opcode : 'select'> <InPorts = 3> <OutPorts = 1>
ST_5 : Operation 134 [1/1] (0.00ns)   --->   "%trunc_ln57 = trunc i24 %buf_val" [convolutie_2d.cpp:57]   --->   Operation 134 'trunc' 'trunc_ln57' <Predicate = (!icmp_ln37)> <Delay = 0.00>
ST_5 : Operation 135 [1/1] (0.00ns)   --->   "%tmp_1 = partselect i8 @_ssdm_op_PartSelect.i8.i24.i32.i32, i24 %buf_val, i32 8, i32 15" [convolutie_2d.cpp:58]   --->   Operation 135 'partselect' 'tmp_1' <Predicate = (!icmp_ln37)> <Delay = 0.00>
ST_5 : Operation 136 [1/1] (0.00ns)   --->   "%tmp_2 = partselect i8 @_ssdm_op_PartSelect.i8.i24.i32.i32, i24 %buf_val, i32 16, i32 23" [convolutie_2d.cpp:59]   --->   Operation 136 'partselect' 'tmp_2' <Predicate = (!icmp_ln37)> <Delay = 0.00>
ST_5 : Operation 137 [1/1] (0.00ns)   --->   "%p_load45 = load i8 %empty" [convolutie_2d.cpp:70]   --->   Operation 137 'load' 'p_load45' <Predicate = (!icmp_ln37 & and_ln63)> <Delay = 0.00>
ST_5 : Operation 138 [1/1] (0.00ns)   --->   "%p_load44 = load i8 %empty_29" [convolutie_2d.cpp:71]   --->   Operation 138 'load' 'p_load44' <Predicate = (!icmp_ln37 & and_ln63)> <Delay = 0.00>
ST_5 : Operation 139 [1/1] (0.00ns)   --->   "%p_load43 = load i8 %empty_30" [convolutie_2d.cpp:69]   --->   Operation 139 'load' 'p_load43' <Predicate = (!icmp_ln37 & and_ln63)> <Delay = 0.00>
ST_5 : Operation 140 [1/1] (0.00ns)   --->   "%p_load42 = load i8 %empty_31" [convolutie_2d.cpp:70]   --->   Operation 140 'load' 'p_load42' <Predicate = (!icmp_ln37 & and_ln63)> <Delay = 0.00>
ST_5 : Operation 141 [1/1] (0.00ns)   --->   "%p_load41 = load i8 %empty_32" [convolutie_2d.cpp:71]   --->   Operation 141 'load' 'p_load41' <Predicate = (!icmp_ln37 & and_ln63)> <Delay = 0.00>
ST_5 : Operation 142 [1/1] (0.00ns)   --->   "%p_load40 = load i8 %empty_33" [convolutie_2d.cpp:69]   --->   Operation 142 'load' 'p_load40' <Predicate = (!icmp_ln37 & and_ln63)> <Delay = 0.00>
ST_5 : Operation 143 [1/1] (0.00ns)   --->   "%p_load39 = load i8 %empty_34" [convolutie_2d.cpp:70]   --->   Operation 143 'load' 'p_load39' <Predicate = (!icmp_ln37 & and_ln63)> <Delay = 0.00>
ST_5 : Operation 144 [1/1] (0.00ns)   --->   "%p_load38 = load i8 %empty_35" [convolutie_2d.cpp:71]   --->   Operation 144 'load' 'p_load38' <Predicate = (!icmp_ln37 & and_ln63)> <Delay = 0.00>
ST_5 : Operation 145 [1/1] (0.00ns)   --->   "%p_load37 = load i8 %empty_36" [convolutie_2d.cpp:69]   --->   Operation 145 'load' 'p_load37' <Predicate = (!icmp_ln37 & and_ln63)> <Delay = 0.00>
ST_5 : Operation 146 [1/1] (0.00ns)   --->   "%zext_ln70 = zext i8 %p_load45" [convolutie_2d.cpp:70]   --->   Operation 146 'zext' 'zext_ln70' <Predicate = (!icmp_ln37 & and_ln63)> <Delay = 0.00>
ST_5 : Operation 147 [1/1] (0.00ns)   --->   "%zext_ln71 = zext i8 %p_load44" [convolutie_2d.cpp:71]   --->   Operation 147 'zext' 'zext_ln71' <Predicate = (!icmp_ln37 & and_ln63)> <Delay = 0.00>
ST_5 : Operation 148 [1/1] (0.00ns)   --->   "%zext_ln69 = zext i8 %p_load43" [convolutie_2d.cpp:69]   --->   Operation 148 'zext' 'zext_ln69' <Predicate = (!icmp_ln37 & and_ln63)> <Delay = 0.00>
ST_5 : Operation 149 [1/1] (0.00ns)   --->   "%zext_ln70_2 = zext i8 %p_load42" [convolutie_2d.cpp:70]   --->   Operation 149 'zext' 'zext_ln70_2' <Predicate = (!icmp_ln37 & and_ln63)> <Delay = 0.00>
ST_5 : Operation 150 [1/1] (0.00ns)   --->   "%zext_ln71_2 = zext i8 %p_load41" [convolutie_2d.cpp:71]   --->   Operation 150 'zext' 'zext_ln71_2' <Predicate = (!icmp_ln37 & and_ln63)> <Delay = 0.00>
ST_5 : Operation 151 [1/1] (0.00ns)   --->   "%zext_ln69_2 = zext i8 %p_load40" [convolutie_2d.cpp:69]   --->   Operation 151 'zext' 'zext_ln69_2' <Predicate = (!icmp_ln37 & and_ln63)> <Delay = 0.00>
ST_5 : Operation 152 [1/1] (0.00ns)   --->   "%zext_ln70_3 = zext i8 %trunc_ln57_1" [convolutie_2d.cpp:70]   --->   Operation 152 'zext' 'zext_ln70_3' <Predicate = (!icmp_ln37 & and_ln63)> <Delay = 0.00>
ST_5 : Operation 153 [1/1] (0.00ns)   --->   "%zext_ln71_3 = zext i8 %tmp_4" [convolutie_2d.cpp:71]   --->   Operation 153 'zext' 'zext_ln71_3' <Predicate = (!icmp_ln37 & and_ln63)> <Delay = 0.00>
ST_5 : Operation 154 [1/1] (0.00ns)   --->   "%zext_ln69_3 = zext i8 %tmp_5" [convolutie_2d.cpp:69]   --->   Operation 154 'zext' 'zext_ln69_3' <Predicate = (!icmp_ln37 & and_ln63)> <Delay = 0.00>
ST_5 : Operation 155 [1/1] (0.00ns)   --->   "%zext_ln70_4 = zext i8 %p_load39" [convolutie_2d.cpp:70]   --->   Operation 155 'zext' 'zext_ln70_4' <Predicate = (!icmp_ln37 & and_ln63)> <Delay = 0.00>
ST_5 : Operation 156 [1/1] (0.00ns)   --->   "%zext_ln71_4 = zext i8 %p_load38" [convolutie_2d.cpp:71]   --->   Operation 156 'zext' 'zext_ln71_4' <Predicate = (!icmp_ln37 & and_ln63)> <Delay = 0.00>
ST_5 : Operation 157 [1/1] (0.00ns)   --->   "%zext_ln69_4 = zext i8 %p_load37" [convolutie_2d.cpp:69]   --->   Operation 157 'zext' 'zext_ln69_4' <Predicate = (!icmp_ln37 & and_ln63)> <Delay = 0.00>
ST_5 : Operation 158 [1/1] (0.00ns)   --->   "%tmp_6_cast = zext i8 %trunc_ln57_2" [convolutie_2d.cpp:57]   --->   Operation 158 'zext' 'tmp_6_cast' <Predicate = (!icmp_ln37 & and_ln63)> <Delay = 0.00>
ST_5 : Operation 159 [1/1] (1.91ns)   --->   "%tmp1 = add i9 %zext_ln70_4, i9 %zext_ln70" [convolutie_2d.cpp:70]   --->   Operation 159 'add' 'tmp1' <Predicate = (!icmp_ln37 & and_ln63)> <Delay = 1.91> <CoreInst = "Adder">   --->   Core 1 'Adder' <Latency = 0> <II = 1> <Delay = 1.91> <FuncUnit> <Opcode : 'add' 'sub'> <InPorts = 2> <OutPorts = 1>
ST_5 : Operation 160 [1/1] (0.00ns)   --->   "%tmp1_cast = zext i9 %tmp1" [convolutie_2d.cpp:70]   --->   Operation 160 'zext' 'tmp1_cast' <Predicate = (!icmp_ln37 & and_ln63)> <Delay = 0.00>
ST_5 : Operation 161 [1/1] (1.82ns)   --->   "%sum1 = add i10 %tmp1_cast, i10 %zext_ln70_2" [convolutie_2d.cpp:70]   --->   Operation 161 'add' 'sum1' <Predicate = (!icmp_ln37 & and_ln63)> <Delay = 1.82> <CoreInst = "Adder">   --->   Core 1 'Adder' <Latency = 0> <II = 1> <Delay = 1.82> <FuncUnit> <Opcode : 'add' 'sub'> <InPorts = 2> <OutPorts = 1>
ST_5 : Operation 162 [1/1] (1.91ns)   --->   "%add_ln69 = add i9 %zext_ln70_3, i9 %tmp_6_cast" [convolutie_2d.cpp:69]   --->   Operation 162 'add' 'add_ln69' <Predicate = (!icmp_ln37 & and_ln63)> <Delay = 1.91> <CoreInst = "Adder">   --->   Core 1 'Adder' <Latency = 0> <II = 1> <Delay = 1.91> <FuncUnit> <Opcode : 'add' 'sub'> <InPorts = 2> <OutPorts = 1>
ST_5 : Operation 163 [1/1] (0.00ns)   --->   "%tmp_7_cast = zext i8 %tmp_7" [convolutie_2d.cpp:58]   --->   Operation 163 'zext' 'tmp_7_cast' <Predicate = (!icmp_ln37 & and_ln63)> <Delay = 0.00>
ST_5 : Operation 164 [1/1] (1.91ns)   --->   "%tmp3 = add i9 %zext_ln71_4, i9 %zext_ln71" [convolutie_2d.cpp:71]   --->   Operation 164 'add' 'tmp3' <Predicate = (!icmp_ln37 & and_ln63)> <Delay = 1.91> <CoreInst = "Adder">   --->   Core 1 'Adder' <Latency = 0> <II = 1> <Delay = 1.91> <FuncUnit> <Opcode : 'add' 'sub'> <InPorts = 2> <OutPorts = 1>
ST_5 : Operation 165 [1/1] (0.00ns)   --->   "%tmp3_cast = zext i9 %tmp3" [convolutie_2d.cpp:71]   --->   Operation 165 'zext' 'tmp3_cast' <Predicate = (!icmp_ln37 & and_ln63)> <Delay = 0.00>
ST_5 : Operation 166 [1/1] (1.82ns)   --->   "%sum3 = add i10 %tmp3_cast, i10 %zext_ln71_2" [convolutie_2d.cpp:71]   --->   Operation 166 'add' 'sum3' <Predicate = (!icmp_ln37 & and_ln63)> <Delay = 1.82> <CoreInst = "Adder">   --->   Core 1 'Adder' <Latency = 0> <II = 1> <Delay = 1.82> <FuncUnit> <Opcode : 'add' 'sub'> <InPorts = 2> <OutPorts = 1>
ST_5 : Operation 167 [1/1] (1.91ns)   --->   "%add_ln70 = add i9 %zext_ln71_3, i9 %tmp_7_cast" [convolutie_2d.cpp:70]   --->   Operation 167 'add' 'add_ln70' <Predicate = (!icmp_ln37 & and_ln63)> <Delay = 1.91> <CoreInst = "Adder">   --->   Core 1 'Adder' <Latency = 0> <II = 1> <Delay = 1.91> <FuncUnit> <Opcode : 'add' 'sub'> <InPorts = 2> <OutPorts = 1>
ST_5 : Operation 168 [1/1] (0.00ns)   --->   "%tmp_8_cast = zext i8 %tmp_8" [convolutie_2d.cpp:59]   --->   Operation 168 'zext' 'tmp_8_cast' <Predicate = (!icmp_ln37 & and_ln63)> <Delay = 0.00>
ST_5 : Operation 169 [1/1] (1.91ns)   --->   "%tmp5 = add i9 %zext_ln69_4, i9 %zext_ln69" [convolutie_2d.cpp:69]   --->   Operation 169 'add' 'tmp5' <Predicate = (!icmp_ln37 & and_ln63)> <Delay = 1.91> <CoreInst = "Adder">   --->   Core 1 'Adder' <Latency = 0> <II = 1> <Delay = 1.91> <FuncUnit> <Opcode : 'add' 'sub'> <InPorts = 2> <OutPorts = 1>
ST_5 : Operation 170 [1/1] (0.00ns)   --->   "%tmp5_cast = zext i9 %tmp5" [convolutie_2d.cpp:69]   --->   Operation 170 'zext' 'tmp5_cast' <Predicate = (!icmp_ln37 & and_ln63)> <Delay = 0.00>
ST_5 : Operation 171 [1/1] (1.82ns)   --->   "%sum5 = add i10 %tmp5_cast, i10 %zext_ln69_2" [convolutie_2d.cpp:69]   --->   Operation 171 'add' 'sum5' <Predicate = (!icmp_ln37 & and_ln63)> <Delay = 1.82> <CoreInst = "Adder">   --->   Core 1 'Adder' <Latency = 0> <II = 1> <Delay = 1.82> <FuncUnit> <Opcode : 'add' 'sub'> <InPorts = 2> <OutPorts = 1>
ST_5 : Operation 172 [1/1] (1.91ns)   --->   "%add_ln71 = add i9 %zext_ln69_3, i9 %tmp_8_cast" [convolutie_2d.cpp:71]   --->   Operation 172 'add' 'add_ln71' <Predicate = (!icmp_ln37 & and_ln63)> <Delay = 1.91> <CoreInst = "Adder">   --->   Core 1 'Adder' <Latency = 0> <II = 1> <Delay = 1.91> <FuncUnit> <Opcode : 'add' 'sub'> <InPorts = 2> <OutPorts = 1>
ST_5 : Operation 173 [1/1] (0.00ns)   --->   "%store_ln59 = store i8 %tmp_8, i8 %empty_45" [convolutie_2d.cpp:59]   --->   Operation 173 'store' 'store_ln59' <Predicate = (!icmp_ln37)> <Delay = 0.00>
ST_5 : Operation 174 [1/1] (0.00ns)   --->   "%store_ln58 = store i8 %tmp_7, i8 %empty_44" [convolutie_2d.cpp:58]   --->   Operation 174 'store' 'store_ln58' <Predicate = (!icmp_ln37)> <Delay = 0.00>
ST_5 : Operation 175 [1/1] (0.00ns)   --->   "%store_ln57 = store i8 %trunc_ln57_2, i8 %empty_43" [convolutie_2d.cpp:57]   --->   Operation 175 'store' 'store_ln57' <Predicate = (!icmp_ln37)> <Delay = 0.00>
ST_5 : Operation 176 [1/1] (0.00ns)   --->   "%store_ln59 = store i8 %tmp_5, i8 %empty_42" [convolutie_2d.cpp:59]   --->   Operation 176 'store' 'store_ln59' <Predicate = (!icmp_ln37)> <Delay = 0.00>
ST_5 : Operation 177 [1/1] (0.00ns)   --->   "%store_ln58 = store i8 %tmp_4, i8 %empty_41" [convolutie_2d.cpp:58]   --->   Operation 177 'store' 'store_ln58' <Predicate = (!icmp_ln37)> <Delay = 0.00>
ST_5 : Operation 178 [1/1] (0.00ns)   --->   "%store_ln57 = store i8 %trunc_ln57_1, i8 %empty_40" [convolutie_2d.cpp:57]   --->   Operation 178 'store' 'store_ln57' <Predicate = (!icmp_ln37)> <Delay = 0.00>
ST_5 : Operation 179 [1/1] (0.00ns)   --->   "%store_ln59 = store i8 %tmp_2, i8 %empty_39" [convolutie_2d.cpp:59]   --->   Operation 179 'store' 'store_ln59' <Predicate = (!icmp_ln37)> <Delay = 0.00>
ST_5 : Operation 180 [1/1] (0.00ns)   --->   "%store_ln58 = store i8 %tmp_1, i8 %empty_38" [convolutie_2d.cpp:58]   --->   Operation 180 'store' 'store_ln58' <Predicate = (!icmp_ln37)> <Delay = 0.00>
ST_5 : Operation 181 [1/1] (0.00ns)   --->   "%store_ln57 = store i8 %trunc_ln57, i8 %empty_37" [convolutie_2d.cpp:57]   --->   Operation 181 'store' 'store_ln57' <Predicate = (!icmp_ln37)> <Delay = 0.00>
ST_5 : Operation 182 [1/1] (0.00ns)   --->   "%store_ln0 = store i8 %p_load, i8 %empty_36"   --->   Operation 182 'store' 'store_ln0' <Predicate = (!icmp_ln37)> <Delay = 0.00>
ST_5 : Operation 183 [1/1] (0.00ns)   --->   "%store_ln0 = store i8 %p_load29, i8 %empty_35"   --->   Operation 183 'store' 'store_ln0' <Predicate = (!icmp_ln37)> <Delay = 0.00>
ST_5 : Operation 184 [1/1] (0.00ns)   --->   "%store_ln0 = store i8 %p_load30, i8 %empty_34"   --->   Operation 184 'store' 'store_ln0' <Predicate = (!icmp_ln37)> <Delay = 0.00>
ST_5 : Operation 185 [1/1] (0.00ns)   --->   "%store_ln0 = store i8 %p_load31, i8 %empty_33"   --->   Operation 185 'store' 'store_ln0' <Predicate = (!icmp_ln37)> <Delay = 0.00>
ST_5 : Operation 186 [1/1] (0.00ns)   --->   "%store_ln0 = store i8 %p_load32, i8 %empty_32"   --->   Operation 186 'store' 'store_ln0' <Predicate = (!icmp_ln37)> <Delay = 0.00>
ST_5 : Operation 187 [1/1] (0.00ns)   --->   "%store_ln0 = store i8 %p_load33, i8 %empty_31"   --->   Operation 187 'store' 'store_ln0' <Predicate = (!icmp_ln37)> <Delay = 0.00>
ST_5 : Operation 188 [1/1] (0.00ns)   --->   "%store_ln0 = store i8 %p_load34, i8 %empty_30"   --->   Operation 188 'store' 'store_ln0' <Predicate = (!icmp_ln37)> <Delay = 0.00>
ST_5 : Operation 189 [1/1] (0.00ns)   --->   "%store_ln0 = store i8 %p_load35, i8 %empty_29"   --->   Operation 189 'store' 'store_ln0' <Predicate = (!icmp_ln37)> <Delay = 0.00>
ST_5 : Operation 190 [1/1] (0.00ns)   --->   "%store_ln0 = store i8 %p_load36, i8 %empty"   --->   Operation 190 'store' 'store_ln0' <Predicate = (!icmp_ln37)> <Delay = 0.00>
ST_5 : Operation 191 [1/1] (0.00ns)   --->   "%br_ln38 = br void %VITIS_LOOP_50_1" [convolutie_2d.cpp:38]   --->   Operation 191 'br' 'br_ln38' <Predicate = (!icmp_ln37)> <Delay = 0.00>

State 6 <SV = 5> <Delay = 6.98>
ST_6 : Operation 192 [1/1] (3.46ns)   --->   "%add_ln37_2 = add i62 %sext_ln37_1_cast, i62 %mul_ln37" [convolutie_2d.cpp:37]   --->   Operation 192 'add' 'add_ln37_2' <Predicate = true> <Delay = 3.46> <CoreInst = "Adder">   --->   Core 1 'Adder' <Latency = 0> <II = 1> <Delay = 3.46> <FuncUnit> <Opcode : 'add' 'sub'> <InPorts = 2> <OutPorts = 1>
ST_6 : Operation 193 [1/1] (0.00ns)   --->   "%sext_ln38_mid2_v_v_v_v = bitconcatenate i64 @_ssdm_op_BitConcatenate.i64.i62.i2, i62 %add_ln37_2, i2 0" [convolutie_2d.cpp:37]   --->   Operation 193 'bitconcatenate' 'sext_ln38_mid2_v_v_v_v' <Predicate = true> <Delay = 0.00>
ST_6 : Operation 194 [1/1] (3.52ns)   --->   "%add_ln37_3 = add i64 %sext_ln38_mid2_v_v_v_v, i64 %uitvoer_pixels_read" [convolutie_2d.cpp:37]   --->   Operation 194 'add' 'add_ln37_3' <Predicate = true> <Delay = 3.52> <CoreInst = "Adder">   --->   Core 1 'Adder' <Latency = 0> <II = 1> <Delay = 3.52> <FuncUnit> <Opcode : 'add' 'sub'> <InPorts = 2> <OutPorts = 1>
ST_6 : Operation 195 [1/1] (0.00ns)   --->   "%sext_ln38_mid2_v = partselect i62 @_ssdm_op_PartSelect.i62.i64.i32.i32, i64 %add_ln37_3, i32 2, i32 63" [convolutie_2d.cpp:37]   --->   Operation 195 'partselect' 'sext_ln38_mid2_v' <Predicate = true> <Delay = 0.00>
ST_6 : Operation 196 [1/1] (0.00ns) (grouped into LUT with out node empty_48)   --->   "%select_ln38 = select i1 %icmp_ln63, i31 %select_ln37_1_read, i31 0" [convolutie_2d.cpp:38]   --->   Operation 196 'select' 'select_ln38' <Predicate = (icmp_ln38)> <Delay = 0.00> <CoreInst = "Sel">   --->   Core 73 'Sel' <Latency = 0> <II = 1> <Delay = 0.73> <FuncUnit> <Opcode : 'select'> <InPorts = 3> <OutPorts = 1>
ST_6 : Operation 197 [1/1] (0.73ns) (out node of the LUT)   --->   "%empty_48 = select i1 %icmp_ln38, i31 %select_ln38, i31 0" [convolutie_2d.cpp:38]   --->   Operation 197 'select' 'empty_48' <Predicate = true> <Delay = 0.73> <CoreInst = "Sel">   --->   Core 73 'Sel' <Latency = 0> <II = 1> <Delay = 0.73> <FuncUnit> <Opcode : 'select'> <InPorts = 3> <OutPorts = 1>
ST_6 : Operation 198 [1/1] (0.00ns)   --->   "%zext_ln70_1 = zext i8 %trunc_ln57" [convolutie_2d.cpp:70]   --->   Operation 198 'zext' 'zext_ln70_1' <Predicate = (and_ln63)> <Delay = 0.00>
ST_6 : Operation 199 [1/1] (0.00ns)   --->   "%zext_ln71_1 = zext i8 %tmp_1" [convolutie_2d.cpp:71]   --->   Operation 199 'zext' 'zext_ln71_1' <Predicate = (and_ln63)> <Delay = 0.00>
ST_6 : Operation 200 [1/1] (0.00ns)   --->   "%zext_ln69_1 = zext i8 %tmp_2" [convolutie_2d.cpp:69]   --->   Operation 200 'zext' 'zext_ln69_1' <Predicate = (and_ln63)> <Delay = 0.00>
ST_6 : Operation 201 [1/1] (0.00ns)   --->   "%zext_ln69_5 = zext i10 %sum1" [convolutie_2d.cpp:69]   --->   Operation 201 'zext' 'zext_ln69_5' <Predicate = (and_ln63)> <Delay = 0.00>
ST_6 : Operation 202 [1/1] (0.00ns) (grouped into TernaryAdder)   --->   "%sub_ln69 = sub i11 %zext_ln70_1, i11 %zext_ln69_5" [convolutie_2d.cpp:69]   --->   Operation 202 'sub' 'sub_ln69' <Predicate = (and_ln63)> <Delay = 0.00> <CoreInst = "TAddSub">   --->   Core 10 'TAddSub' <Latency = 0> <II = 1> <Delay = 1.87> <IPBlock> <Opcode : 'add' 'sub'> <InPorts = 3> <OutPorts = 1> <Sync> <CReg>
ST_6 : Operation 203 [1/1] (0.00ns)   --->   "%zext_ln69_6 = zext i9 %add_ln69" [convolutie_2d.cpp:69]   --->   Operation 203 'zext' 'zext_ln69_6' <Predicate = (and_ln63)> <Delay = 0.00>
ST_6 : Operation 204 [1/1] (3.75ns) (root node of TernaryAdder)   --->   "%som_R = add i11 %zext_ln69_6, i11 %sub_ln69" [convolutie_2d.cpp:69]   --->   Operation 204 'add' 'som_R' <Predicate = (and_ln63)> <Delay = 3.75> <CoreInst = "TAddSub">   --->   Core 10 'TAddSub' <Latency = 0> <II = 1> <Delay = 1.87> <IPBlock> <Opcode : 'add' 'sub'> <InPorts = 3> <OutPorts = 1> <Sync> <CReg>
ST_6 : Operation 205 [1/1] (0.00ns)   --->   "%zext_ln70_5 = zext i10 %sum3" [convolutie_2d.cpp:70]   --->   Operation 205 'zext' 'zext_ln70_5' <Predicate = (and_ln63)> <Delay = 0.00>
ST_6 : Operation 206 [1/1] (0.00ns) (grouped into TernaryAdder)   --->   "%sub_ln70 = sub i11 %zext_ln71_1, i11 %zext_ln70_5" [convolutie_2d.cpp:70]   --->   Operation 206 'sub' 'sub_ln70' <Predicate = (and_ln63)> <Delay = 0.00> <CoreInst = "TAddSub">   --->   Core 10 'TAddSub' <Latency = 0> <II = 1> <Delay = 1.87> <IPBlock> <Opcode : 'add' 'sub'> <InPorts = 3> <OutPorts = 1> <Sync> <CReg>
ST_6 : Operation 207 [1/1] (0.00ns)   --->   "%zext_ln70_6 = zext i9 %add_ln70" [convolutie_2d.cpp:70]   --->   Operation 207 'zext' 'zext_ln70_6' <Predicate = (and_ln63)> <Delay = 0.00>
ST_6 : Operation 208 [1/1] (3.75ns) (root node of TernaryAdder)   --->   "%som_G = add i11 %zext_ln70_6, i11 %sub_ln70" [convolutie_2d.cpp:70]   --->   Operation 208 'add' 'som_G' <Predicate = (and_ln63)> <Delay = 3.75> <CoreInst = "TAddSub">   --->   Core 10 'TAddSub' <Latency = 0> <II = 1> <Delay = 1.87> <IPBlock> <Opcode : 'add' 'sub'> <InPorts = 3> <OutPorts = 1> <Sync> <CReg>
ST_6 : Operation 209 [1/1] (0.00ns)   --->   "%zext_ln71_5 = zext i10 %sum5" [convolutie_2d.cpp:71]   --->   Operation 209 'zext' 'zext_ln71_5' <Predicate = (and_ln63)> <Delay = 0.00>
ST_6 : Operation 210 [1/1] (0.00ns) (grouped into TernaryAdder)   --->   "%sub_ln71 = sub i11 %zext_ln69_1, i11 %zext_ln71_5" [convolutie_2d.cpp:71]   --->   Operation 210 'sub' 'sub_ln71' <Predicate = (and_ln63)> <Delay = 0.00> <CoreInst = "TAddSub">   --->   Core 10 'TAddSub' <Latency = 0> <II = 1> <Delay = 1.87> <IPBlock> <Opcode : 'add' 'sub'> <InPorts = 3> <OutPorts = 1> <Sync> <CReg>
ST_6 : Operation 211 [1/1] (0.00ns)   --->   "%zext_ln71_6 = zext i9 %add_ln71" [convolutie_2d.cpp:71]   --->   Operation 211 'zext' 'zext_ln71_6' <Predicate = (and_ln63)> <Delay = 0.00>
ST_6 : Operation 212 [1/1] (3.75ns) (root node of TernaryAdder)   --->   "%som_B = add i11 %zext_ln71_6, i11 %sub_ln71" [convolutie_2d.cpp:71]   --->   Operation 212 'add' 'som_B' <Predicate = (and_ln63)> <Delay = 3.75> <CoreInst = "TAddSub">   --->   Core 10 'TAddSub' <Latency = 0> <II = 1> <Delay = 1.87> <IPBlock> <Opcode : 'add' 'sub'> <InPorts = 3> <OutPorts = 1> <Sync> <CReg>
ST_6 : Operation 213 [1/1] (0.00ns)   --->   "%tmp_6 = partselect i3 @_ssdm_op_PartSelect.i3.i11.i32.i32, i11 %som_R, i32 8, i32 10" [convolutie_2d.cpp:75]   --->   Operation 213 'partselect' 'tmp_6' <Predicate = (and_ln63)> <Delay = 0.00>
ST_6 : Operation 214 [1/1] (1.65ns)   --->   "%icmp_ln75 = icmp_sgt  i3 %tmp_6, i3 0" [convolutie_2d.cpp:75]   --->   Operation 214 'icmp' 'icmp_ln75' <Predicate = (and_ln63)> <Delay = 1.65> <CoreInst = "Cmp">   --->   Core 9 'Cmp' <Latency = 0> <II = 1> <Delay = 1.65> <FuncUnit> <Opcode : 'seteq' 'setne' 'setle' 'setge' 'setlt' 'setgt'> <InPorts = 2> <OutPorts = 1>
ST_6 : Operation 215 [1/1] (0.00ns) (grouped into LUT with out node select_ln80)   --->   "%tmp_9 = bitselect i1 @_ssdm_op_BitSelect.i1.i11.i32, i11 %som_R, i32 10" [convolutie_2d.cpp:75]   --->   Operation 215 'bitselect' 'tmp_9' <Predicate = (and_ln63)> <Delay = 0.00>
ST_6 : Operation 216 [1/1] (0.00ns)   --->   "%tmp_10 = partselect i3 @_ssdm_op_PartSelect.i3.i11.i32.i32, i11 %som_G, i32 8, i32 10" [convolutie_2d.cpp:76]   --->   Operation 216 'partselect' 'tmp_10' <Predicate = (and_ln63)> <Delay = 0.00>
ST_6 : Operation 217 [1/1] (1.65ns)   --->   "%icmp_ln76 = icmp_sgt  i3 %tmp_10, i3 0" [convolutie_2d.cpp:76]   --->   Operation 217 'icmp' 'icmp_ln76' <Predicate = (and_ln63)> <Delay = 1.65> <CoreInst = "Cmp">   --->   Core 9 'Cmp' <Latency = 0> <II = 1> <Delay = 1.65> <FuncUnit> <Opcode : 'seteq' 'setne' 'setle' 'setge' 'setlt' 'setgt'> <InPorts = 2> <OutPorts = 1>
ST_6 : Operation 218 [1/1] (0.00ns) (grouped into LUT with out node select_ln81)   --->   "%tmp_11 = bitselect i1 @_ssdm_op_BitSelect.i1.i11.i32, i11 %som_G, i32 10" [convolutie_2d.cpp:76]   --->   Operation 218 'bitselect' 'tmp_11' <Predicate = (and_ln63)> <Delay = 0.00>
ST_6 : Operation 219 [1/1] (0.00ns)   --->   "%tmp_12 = partselect i3 @_ssdm_op_PartSelect.i3.i11.i32.i32, i11 %som_B, i32 8, i32 10" [convolutie_2d.cpp:77]   --->   Operation 219 'partselect' 'tmp_12' <Predicate = (and_ln63)> <Delay = 0.00>
ST_6 : Operation 220 [1/1] (1.65ns)   --->   "%icmp_ln77 = icmp_sgt  i3 %tmp_12, i3 0" [convolutie_2d.cpp:77]   --->   Operation 220 'icmp' 'icmp_ln77' <Predicate = (and_ln63)> <Delay = 1.65> <CoreInst = "Cmp">   --->   Core 9 'Cmp' <Latency = 0> <II = 1> <Delay = 1.65> <FuncUnit> <Opcode : 'seteq' 'setne' 'setle' 'setge' 'setlt' 'setgt'> <InPorts = 2> <OutPorts = 1>
ST_6 : Operation 221 [1/1] (0.00ns) (grouped into LUT with out node select_ln82)   --->   "%tmp_13 = bitselect i1 @_ssdm_op_BitSelect.i1.i11.i32, i11 %som_B, i32 10" [convolutie_2d.cpp:77]   --->   Operation 221 'bitselect' 'tmp_13' <Predicate = (and_ln63)> <Delay = 0.00>
ST_6 : Operation 222 [1/1] (0.00ns) (grouped into LUT with out node select_ln80)   --->   "%trunc_ln80 = trunc i11 %som_R" [convolutie_2d.cpp:80]   --->   Operation 222 'trunc' 'trunc_ln80' <Predicate = (and_ln63)> <Delay = 0.00>
ST_6 : Operation 223 [1/1] (0.00ns) (grouped into LUT with out node select_ln80)   --->   "%select_ln80_1 = select i1 %icmp_ln75, i8 255, i8 0" [convolutie_2d.cpp:80]   --->   Operation 223 'select' 'select_ln80_1' <Predicate = (and_ln63)> <Delay = 0.00> <CoreInst = "Sel">   --->   Core 73 'Sel' <Latency = 0> <II = 1> <Delay = 0.99> <FuncUnit> <Opcode : 'select'> <InPorts = 3> <OutPorts = 1>
ST_6 : Operation 224 [1/1] (0.00ns) (grouped into LUT with out node select_ln80)   --->   "%or_ln80 = or i1 %icmp_ln75, i1 %tmp_9" [convolutie_2d.cpp:80]   --->   Operation 224 'or' 'or_ln80' <Predicate = (and_ln63)> <Delay = 0.00> <CoreInst = "LogicGate">   --->   Core 74 'LogicGate' <Latency = 0> <II = 1> <Delay = 0.97> <FuncUnit> <Opcode : 'and' 'or' 'xor'> <InPorts = 2> <OutPorts = 1>
ST_6 : Operation 225 [1/1] (1.24ns) (out node of the LUT)   --->   "%select_ln80 = select i1 %or_ln80, i8 %select_ln80_1, i8 %trunc_ln80" [convolutie_2d.cpp:80]   --->   Operation 225 'select' 'select_ln80' <Predicate = (and_ln63)> <Delay = 1.24> <CoreInst = "Sel">   --->   Core 73 'Sel' <Latency = 0> <II = 1> <Delay = 1.24> <FuncUnit> <Opcode : 'select'> <InPorts = 3> <OutPorts = 1>
ST_6 : Operation 226 [1/1] (0.00ns) (grouped into LUT with out node select_ln81)   --->   "%trunc_ln81 = trunc i11 %som_G" [convolutie_2d.cpp:81]   --->   Operation 226 'trunc' 'trunc_ln81' <Predicate = (and_ln63)> <Delay = 0.00>
ST_6 : Operation 227 [1/1] (0.00ns) (grouped into LUT with out node select_ln81)   --->   "%select_ln81_1 = select i1 %icmp_ln76, i8 255, i8 0" [convolutie_2d.cpp:81]   --->   Operation 227 'select' 'select_ln81_1' <Predicate = (and_ln63)> <Delay = 0.00> <CoreInst = "Sel">   --->   Core 73 'Sel' <Latency = 0> <II = 1> <Delay = 0.99> <FuncUnit> <Opcode : 'select'> <InPorts = 3> <OutPorts = 1>
ST_6 : Operation 228 [1/1] (0.00ns) (grouped into LUT with out node select_ln81)   --->   "%or_ln81 = or i1 %icmp_ln76, i1 %tmp_11" [convolutie_2d.cpp:81]   --->   Operation 228 'or' 'or_ln81' <Predicate = (and_ln63)> <Delay = 0.00> <CoreInst = "LogicGate">   --->   Core 74 'LogicGate' <Latency = 0> <II = 1> <Delay = 0.97> <FuncUnit> <Opcode : 'and' 'or' 'xor'> <InPorts = 2> <OutPorts = 1>
ST_6 : Operation 229 [1/1] (1.24ns) (out node of the LUT)   --->   "%select_ln81 = select i1 %or_ln81, i8 %select_ln81_1, i8 %trunc_ln81" [convolutie_2d.cpp:81]   --->   Operation 229 'select' 'select_ln81' <Predicate = (and_ln63)> <Delay = 1.24> <CoreInst = "Sel">   --->   Core 73 'Sel' <Latency = 0> <II = 1> <Delay = 1.24> <FuncUnit> <Opcode : 'select'> <InPorts = 3> <OutPorts = 1>
ST_6 : Operation 230 [1/1] (0.00ns) (grouped into LUT with out node select_ln82)   --->   "%trunc_ln82 = trunc i11 %som_B" [convolutie_2d.cpp:82]   --->   Operation 230 'trunc' 'trunc_ln82' <Predicate = (and_ln63)> <Delay = 0.00>
ST_6 : Operation 231 [1/1] (0.00ns) (grouped into LUT with out node select_ln82)   --->   "%select_ln82_1 = select i1 %icmp_ln77, i8 255, i8 0" [convolutie_2d.cpp:82]   --->   Operation 231 'select' 'select_ln82_1' <Predicate = (and_ln63)> <Delay = 0.00> <CoreInst = "Sel">   --->   Core 73 'Sel' <Latency = 0> <II = 1> <Delay = 0.99> <FuncUnit> <Opcode : 'select'> <InPorts = 3> <OutPorts = 1>
ST_6 : Operation 232 [1/1] (0.00ns) (grouped into LUT with out node select_ln82)   --->   "%or_ln82 = or i1 %icmp_ln77, i1 %tmp_13" [convolutie_2d.cpp:82]   --->   Operation 232 'or' 'or_ln82' <Predicate = (and_ln63)> <Delay = 0.00> <CoreInst = "LogicGate">   --->   Core 74 'LogicGate' <Latency = 0> <II = 1> <Delay = 0.97> <FuncUnit> <Opcode : 'and' 'or' 'xor'> <InPorts = 2> <OutPorts = 1>
ST_6 : Operation 233 [1/1] (1.24ns) (out node of the LUT)   --->   "%select_ln82 = select i1 %or_ln82, i8 %select_ln82_1, i8 %trunc_ln82" [convolutie_2d.cpp:82]   --->   Operation 233 'select' 'select_ln82' <Predicate = (and_ln63)> <Delay = 1.24> <CoreInst = "Sel">   --->   Core 73 'Sel' <Latency = 0> <II = 1> <Delay = 1.24> <FuncUnit> <Opcode : 'select'> <InPorts = 3> <OutPorts = 1>

State 7 <SV = 6> <Delay = 7.30>
ST_7 : Operation 234 [1/1] (0.00ns)   --->   "%specloopname_ln0 = specloopname void @_ssdm_op_SpecLoopName, void @Loop_Rows_Loop_Cols_str"   --->   Operation 234 'specloopname' 'specloopname_ln0' <Predicate = true> <Delay = 0.00>
ST_7 : Operation 235 [1/1] (0.00ns)   --->   "%sext_ln37_2 = sext i62 %sext_ln38_mid2_v" [convolutie_2d.cpp:37]   --->   Operation 235 'sext' 'sext_ln37_2' <Predicate = true> <Delay = 0.00>
ST_7 : Operation 236 [1/1] (0.00ns)   --->   "%zext_ln38 = zext i31 %empty_48" [convolutie_2d.cpp:38]   --->   Operation 236 'zext' 'zext_ln38' <Predicate = true> <Delay = 0.00>
ST_7 : Operation 237 [1/1] (0.00ns)   --->   "%gmem_uitvoer_addr = getelementptr i32 %gmem_uitvoer, i64 %sext_ln37_2" [convolutie_2d.cpp:38]   --->   Operation 237 'getelementptr' 'gmem_uitvoer_addr' <Predicate = (first_iter_0)> <Delay = 0.00>
ST_7 : Operation 238 [1/1] ( I:7.30ns O:7.30ns )   --->   "%empty_47 = writereq i1 @_ssdm_op_WriteReq.m_axi.p1i32, i32 %gmem_uitvoer_addr, i64 %zext_ln38" [convolutie_2d.cpp:38]   --->   Operation 238 'writereq' 'empty_47' <Predicate = (first_iter_0)> <Delay = 7.30> <CoreInst = "m_axi">   --->   Core 111 'm_axi' <Latency = 9> <II = 1> <Delay = 1.00> <Adapter> <Opcode : 'readrequnaligned' 'writerequnaligned' 'read' 'write' 'readreq' 'writereq' 'writeresp'>
ST_7 : Operation 239 [1/1] (0.00ns)   --->   "%br_ln38 = br void %VITIS_LOOP_50_1.split" [convolutie_2d.cpp:38]   --->   Operation 239 'br' 'br_ln38' <Predicate = (first_iter_0)> <Delay = 0.00>

State 8 <SV = 7> <Delay = 7.30>
ST_8 : Operation 240 [1/1] (0.00ns)   --->   "%uit_pixel = bitconcatenate i25 @_ssdm_op_BitConcatenate.i25.i1.i8.i8.i8, i1 1, i8 %select_ln82, i8 %select_ln81, i8 %select_ln80" [convolutie_2d.cpp:83]   --->   Operation 240 'bitconcatenate' 'uit_pixel' <Predicate = (and_ln63)> <Delay = 0.00>
ST_8 : Operation 241 [1/1] (0.00ns)   --->   "%sext_ln79 = sext i25 %uit_pixel" [convolutie_2d.cpp:79]   --->   Operation 241 'sext' 'sext_ln79' <Predicate = (and_ln63)> <Delay = 0.00>
ST_8 : Operation 242 [1/1] (0.00ns)   --->   "%gmem_uitvoer_addr_1 = getelementptr i32 %gmem_uitvoer, i64 %sext_ln37_2" [convolutie_2d.cpp:38]   --->   Operation 242 'getelementptr' 'gmem_uitvoer_addr_1' <Predicate = (and_ln63)> <Delay = 0.00>
ST_8 : Operation 243 [1/1] ( I:7.30ns O:7.30ns )   --->   "%write_ln86 = write void @_ssdm_op_Write.m_axi.p1i32.i32, i32 %gmem_uitvoer_addr_1, i32 %sext_ln79, i4 15" [convolutie_2d.cpp:86]   --->   Operation 243 'write' 'write_ln86' <Predicate = (and_ln63)> <Delay = 7.30> <CoreInst = "m_axi">   --->   Core 111 'm_axi' <Latency = 5> <II = 1> <Delay = 1.00> <Adapter> <Opcode : 'readrequnaligned' 'writerequnaligned' 'read' 'write' 'readreq' 'writereq' 'writeresp'>
ST_8 : Operation 244 [1/1] (0.00ns)   --->   "%br_ln87 = br void %for.inc156" [convolutie_2d.cpp:87]   --->   Operation 244 'br' 'br_ln87' <Predicate = (and_ln63)> <Delay = 0.00>
ST_8 : Operation 245 [1/1] (0.00ns)   --->   "%gmem_uitvoer_addr_2 = getelementptr i32 %gmem_uitvoer, i64 %sext_ln37_2" [convolutie_2d.cpp:38]   --->   Operation 245 'getelementptr' 'gmem_uitvoer_addr_2' <Predicate = (!icmp_ln38_2)> <Delay = 0.00>

State 9 <SV = 8> <Delay = 0.00>
ST_9 : Operation 246 [5/5] (7.30ns)   --->   "%empty_46 = writeresp i1 @_ssdm_op_WriteResp.m_axi.p1i32, i32 %gmem_uitvoer_addr_2" [convolutie_2d.cpp:37]   --->   Operation 246 'writeresp' 'empty_46' <Predicate = (!icmp_ln38_2)> <Delay = 7.30> <CoreInst = "m_axi">   --->   Core 111 'm_axi' <Latency = 3> <II = 1> <Delay = 1.00> <Adapter> <Opcode : 'readrequnaligned' 'writerequnaligned' 'read' 'write' 'readreq' 'writereq' 'writeresp'>

State 10 <SV = 9> <Delay = 0.00>
ST_10 : Operation 247 [4/5] (7.30ns)   --->   "%empty_46 = writeresp i1 @_ssdm_op_WriteResp.m_axi.p1i32, i32 %gmem_uitvoer_addr_2" [convolutie_2d.cpp:37]   --->   Operation 247 'writeresp' 'empty_46' <Predicate = (!icmp_ln38_2)> <Delay = 7.30> <CoreInst = "m_axi">   --->   Core 111 'm_axi' <Latency = 3> <II = 1> <Delay = 1.00> <Adapter> <Opcode : 'readrequnaligned' 'writerequnaligned' 'read' 'write' 'readreq' 'writereq' 'writeresp'>

State 11 <SV = 10> <Delay = 0.00>
ST_11 : Operation 248 [3/5] (7.30ns)   --->   "%empty_46 = writeresp i1 @_ssdm_op_WriteResp.m_axi.p1i32, i32 %gmem_uitvoer_addr_2" [convolutie_2d.cpp:37]   --->   Operation 248 'writeresp' 'empty_46' <Predicate = (!icmp_ln38_2)> <Delay = 7.30> <CoreInst = "m_axi">   --->   Core 111 'm_axi' <Latency = 3> <II = 1> <Delay = 1.00> <Adapter> <Opcode : 'readrequnaligned' 'writerequnaligned' 'read' 'write' 'readreq' 'writereq' 'writeresp'>

State 12 <SV = 11> <Delay = 1.58>
ST_12 : Operation 249 [2/5] (7.30ns)   --->   "%empty_46 = writeresp i1 @_ssdm_op_WriteResp.m_axi.p1i32, i32 %gmem_uitvoer_addr_2" [convolutie_2d.cpp:37]   --->   Operation 249 'writeresp' 'empty_46' <Predicate = (!icmp_ln38_2)> <Delay = 7.30> <CoreInst = "m_axi">   --->   Core 111 'm_axi' <Latency = 3> <II = 1> <Delay = 1.00> <Adapter> <Opcode : 'readrequnaligned' 'writerequnaligned' 'read' 'write' 'readreq' 'writereq' 'writeresp'>
ST_12 : Operation 252 [1/1] (1.58ns)   --->   "%ret_ln0 = ret"   --->   Operation 252 'ret' 'ret_ln0' <Predicate = (icmp_ln37)> <Delay = 1.58>

State 13 <SV = 12> <Delay = 7.30>
ST_13 : Operation 250 [1/5] ( I:7.30ns O:7.30ns )   --->   "%empty_46 = writeresp i1 @_ssdm_op_WriteResp.m_axi.p1i32, i32 %gmem_uitvoer_addr_2" [convolutie_2d.cpp:37]   --->   Operation 250 'writeresp' 'empty_46' <Predicate = (!icmp_ln38_2)> <Delay = 7.30> <CoreInst = "m_axi">   --->   Core 111 'm_axi' <Latency = 3> <II = 1> <Delay = 1.00> <Adapter> <Opcode : 'readrequnaligned' 'writerequnaligned' 'read' 'write' 'readreq' 'writereq' 'writeresp'>
ST_13 : Operation 251 [1/1] (0.00ns)   --->   "%br_ln38 = br void %new.latch.for.inc156" [convolutie_2d.cpp:38]   --->   Operation 251 'br' 'br_ln38' <Predicate = (!icmp_ln38_2)> <Delay = 0.00>


============================================================
+ Verbose Summary: Timing violations
============================================================
Target clock period: 10.000ns, clock uncertainty: 2.700ns.

 <State 1>: 2.552ns
The critical path consists of the following:
	wire read operation ('breedte_read') on port 'breedte' [41]  (0.000 ns)
	'icmp' operation 1 bit ('icmp_ln38', convolutie_2d.cpp:38) [49]  (2.552 ns)

 <State 2>: 5.056ns
The critical path consists of the following:
	'load' operation 62 bit ('indvar_flatten_load', convolutie_2d.cpp:37) on local variable 'indvar_flatten' [59]  (0.000 ns)
	'add' operation 62 bit ('add_ln37', convolutie_2d.cpp:37) [79]  (3.469 ns)
	'store' operation ('store_ln37', convolutie_2d.cpp:37) of variable 'add_ln37', convolutie_2d.cpp:37 62 bit on local variable 'indvar_flatten' [235]  (1.588 ns)

 <State 3>: 7.300ns
The critical path consists of the following:
	'getelementptr' operation 32 bit ('gmem_invoer_addr', convolutie_2d.cpp:37) [76]  (0.000 ns)
	bus read operation ('buf_val', convolutie_2d.cpp:47) on port 'gmem_invoer' (convolutie_2d.cpp:47) [112]  (7.300 ns)

 <State 4>: 7.202ns
The critical path consists of the following:
	'load' operation 24 bit ('line_buffer_1_load', convolutie_2d.cpp:43) on array 'line_buffer', convolutie_2d.cpp:21 [116]  (3.254 ns)
	'select' operation 24 bit ('buf_val', convolutie_2d.cpp:38) [118]  (0.694 ns)
	'store' operation ('store_ln43', convolutie_2d.cpp:43) of variable 'buf_val', convolutie_2d.cpp:38 24 bit on array 'line_buffer', convolutie_2d.cpp:21 [119]  (3.254 ns)

 <State 5>: 6.912ns
The critical path consists of the following:
	'mul' operation 62 bit ('mul_ln37', convolutie_2d.cpp:37) [85]  (6.912 ns)

 <State 6>: 6.989ns
The critical path consists of the following:
	'add' operation 62 bit ('add_ln37_2', convolutie_2d.cpp:37) [86]  (3.469 ns)
	'add' operation 64 bit ('add_ln37_3', convolutie_2d.cpp:37) [88]  (3.520 ns)

 <State 7>: 7.300ns
The critical path consists of the following:
	'getelementptr' operation 32 bit ('gmem_uitvoer_addr', convolutie_2d.cpp:38) [99]  (0.000 ns)
	bus request operation ('empty_47', convolutie_2d.cpp:38) on port 'gmem_uitvoer' (convolutie_2d.cpp:38) [100]  (7.300 ns)

 <State 8>: 7.300ns
The critical path consists of the following:
	bus write operation ('write_ln86', convolutie_2d.cpp:86) on port 'gmem_uitvoer' (convolutie_2d.cpp:86) [214]  (7.300 ns)

 <State 9>: 0.000ns
The critical path consists of the following:

 <State 10>: 0.000ns
The critical path consists of the following:

 <State 11>: 0.000ns
The critical path consists of the following:

 <State 12>: 1.588ns
The critical path consists of the following:

 <State 13>: 7.300ns
The critical path consists of the following:
	bus response operation ('empty_46', convolutie_2d.cpp:37) on port 'gmem_uitvoer' (convolutie_2d.cpp:37) [223]  (7.300 ns)


============================================================
+ Verbose Summary: Binding
============================================================
N/A
* FSMD analyzer results:
  - Output states:
 - Input state : 
  - Chain level:
	State 1
	State 2
	State 3
	State 4
	State 5
	State 6
	State 7
	State 8
	State 9
	State 10
	State 11
	State 12
	State 13


============================================================
+ Verbose Summary: Datapath Resource usage 
============================================================
N/A
