

================================================================
== Vitis HLS Report for 'filter_afbeelding'
================================================================
* Date:           Sat May 23 03:40:15 2026

* Version:        2025.2 (Build 6295257 on Nov 14 2025)
* Project:        2D_Convolutie_HLS
* Solution:       hls (Vivado IP Flow Target)
* Product family: zynq
* Target device:  xc7z020-clg400-1


================================================================
== Performance Estimates
================================================================
+ Timing: 
    * Summary: 
    +--------+----------+----------+------------+
    |  Clock |  Target  | Estimated| Uncertainty|
    +--------+----------+----------+------------+
    |ap_clk  |  10.00 ns|  7.300 ns|     2.70 ns|
    +--------+----------+----------+------------+

+ Latency: 
    * Summary: 
    +---------+---------+----------+----------+-----+-----+---------+
    |  Latency (cycles) |  Latency (absolute) |  Interval | Pipeline|
    |   min   |   max   |    min   |    max   | min | max |   Type  |
    +---------+---------+----------+----------+-----+-----+---------+
    |        ?|        ?|         ?|         ?|    ?|    ?|       no|
    +---------+---------+----------+----------+-----+-----+---------+

    + Detail: 
        * Instance: 
        +-----------------------------------------------------------+------------------------------------------------+---------+---------+----------+----------+-----+-----+-------------------+
        |                                                           |                                                |  Latency (cycles) |  Latency (absolute) |  Interval |      Pipeline     |
        |                          Instance                         |                     Module                     |   min   |   max   |    min   |    max   | min | max |        Type       |
        +-----------------------------------------------------------+------------------------------------------------+---------+---------+----------+----------+-----+-----+-------------------+
        |grp_filter_afbeelding_Pipeline_Loop_Rows_Loop_Cols_fu_116  |filter_afbeelding_Pipeline_Loop_Rows_Loop_Cols  |        ?|        ?|         ?|         ?|    0|    0|  loop pipeline stp|
        +-----------------------------------------------------------+------------------------------------------------+---------+---------+----------+----------+-----+-----+-------------------+

        * Loop: 
        N/A

============================================================
+ Verbose Summary: Synthesis Manager
============================================================
InlineROM: 1
ExposeGlobal: 0
============================================================
+ Verbose Summary: CDFG Model
============================================================
IsTopModel: 1
ResetActiveHigh: 1
IsCombinational: 0
IsDatapathOnly: 0
HasWiredReturn: 1
HasMFsm: 0
HasVarLatency: 1
IsPipeline: 0
IsRtlPipelined: 0
IsInstanceOverlapped: 0
IsDontTouch: 0
HasImplIP: 0
IsGatedGlobalClock: 0


============================================================
+ Verbose Summary: Schedule
============================================================
* Number of FSM states : 14
* Pipeline : 0
* Dataflow Pipeline: 0

* FSM state transitions: 
1 --> 2 
2 --> 3 
3 --> 4 
4 --> 5 
5 --> 6 
6 --> 7 
7 --> 8 
8 --> 9 
9 --> 10 
10 --> 11 
11 --> 12 
12 --> 13 
13 --> 14 
14 --> 

* FSM state operations: 

State 1 <SV = 0> <Delay = 3.55>
ST_1 : Operation 15 [1/1] (1.00ns)   --->   "%hoogte_read = read i32 @_ssdm_op_Read.s_axilite.i32, i32 %hoogte" [convolutie_2d.cpp:3]   --->   Operation 15 'read' 'hoogte_read' <Predicate = true> <Delay = 1.00> <CoreInst = "s_axilite">   --->   Core 112 's_axilite' <Latency = 0> <II = 1> <Delay = 1.00> <Adapter> <Opcode : 'read' 'write'>
ST_1 : Operation 16 [1/1] (1.00ns)   --->   "%breedte_read = read i32 @_ssdm_op_Read.s_axilite.i32, i32 %breedte" [convolutie_2d.cpp:3]   --->   Operation 16 'read' 'breedte_read' <Predicate = true> <Delay = 1.00> <CoreInst = "s_axilite">   --->   Core 112 's_axilite' <Latency = 0> <II = 1> <Delay = 1.00> <Adapter> <Opcode : 'read' 'write'>
ST_1 : Operation 17 [1/1] (1.00ns)   --->   "%uitvoer_pixels_read = read i64 @_ssdm_op_Read.s_axilite.i64, i64 %uitvoer_pixels" [convolutie_2d.cpp:3]   --->   Operation 17 'read' 'uitvoer_pixels_read' <Predicate = true> <Delay = 1.00> <CoreInst = "s_axilite">   --->   Core 112 's_axilite' <Latency = 0> <II = 1> <Delay = 1.00> <Adapter> <Opcode : 'read' 'write'>
ST_1 : Operation 18 [1/1] (1.00ns)   --->   "%invoer_pixels_read = read i64 @_ssdm_op_Read.s_axilite.i64, i64 %invoer_pixels" [convolutie_2d.cpp:3]   --->   Operation 18 'read' 'invoer_pixels_read' <Predicate = true> <Delay = 1.00> <CoreInst = "s_axilite">   --->   Core 112 's_axilite' <Latency = 0> <II = 1> <Delay = 1.00> <Adapter> <Opcode : 'read' 'write'>
ST_1 : Operation 19 [1/1] (0.00ns)   --->   "%trunc_ln3 = trunc i32 %breedte_read" [convolutie_2d.cpp:3]   --->   Operation 19 'trunc' 'trunc_ln3' <Predicate = true> <Delay = 0.00>
ST_1 : Operation 20 [1/1] (0.00ns)   --->   "%trunc_ln3_1 = trunc i32 %hoogte_read" [convolutie_2d.cpp:3]   --->   Operation 20 'trunc' 'trunc_ln3_1' <Predicate = true> <Delay = 0.00>
ST_1 : Operation 21 [1/1] (2.55ns)   --->   "%icmp_ln37 = icmp_sgt  i32 %hoogte_read, i32 0" [convolutie_2d.cpp:37]   --->   Operation 21 'icmp' 'icmp_ln37' <Predicate = true> <Delay = 2.55> <CoreInst = "Cmp">   --->   Core 9 'Cmp' <Latency = 0> <II = 1> <Delay = 2.55> <FuncUnit> <Opcode : 'seteq' 'setne' 'setle' 'setge' 'setlt' 'setgt'> <InPorts = 2> <OutPorts = 1>
ST_1 : Operation 22 [1/1] (2.55ns)   --->   "%icmp_ln38 = icmp_sgt  i32 %breedte_read, i32 0" [convolutie_2d.cpp:38]   --->   Operation 22 'icmp' 'icmp_ln38' <Predicate = true> <Delay = 2.55> <CoreInst = "Cmp">   --->   Core 9 'Cmp' <Latency = 0> <II = 1> <Delay = 2.55> <FuncUnit> <Opcode : 'seteq' 'setne' 'setle' 'setge' 'setlt' 'setgt'> <InPorts = 2> <OutPorts = 1>
ST_1 : Operation 23 [1/1] (0.00ns)   --->   "%trunc_ln = partselect i62 @_ssdm_op_PartSelect.i62.i64.i32.i32, i64 %invoer_pixels_read, i32 2, i32 63" [convolutie_2d.cpp:37]   --->   Operation 23 'partselect' 'trunc_ln' <Predicate = true> <Delay = 0.00>

State 2 <SV = 1> <Delay = 6.91>
ST_2 : Operation 24 [1/1] (0.00ns)   --->   "%zext_ln37 = zext i32 %breedte_read" [convolutie_2d.cpp:37]   --->   Operation 24 'zext' 'zext_ln37' <Predicate = (icmp_ln38 & icmp_ln37)> <Delay = 0.00>
ST_2 : Operation 25 [1/1] (0.00ns)   --->   "%zext_ln37_2 = zext i32 %hoogte_read" [convolutie_2d.cpp:37]   --->   Operation 25 'zext' 'zext_ln37_2' <Predicate = (icmp_ln38 & icmp_ln37)> <Delay = 0.00>
ST_2 : Operation 26 [2/2] (6.91ns)   --->   "%mul_ln37 = mul i63 %zext_ln37_2, i63 %zext_ln37" [convolutie_2d.cpp:37]   --->   Operation 26 'mul' 'mul_ln37' <Predicate = (icmp_ln38 & icmp_ln37)> <Delay = 6.91> <CoreInst = "Multiplier">   --->   Core 3 'Multiplier' <Latency = 1> <II = 1> <Delay = 6.91> <FuncUnit> <Opcode : 'mul'> <InPorts = 2> <OutPorts = 1>

State 3 <SV = 2> <Delay = 6.91>
ST_3 : Operation 27 [1/2] (6.91ns)   --->   "%mul_ln37 = mul i63 %zext_ln37_2, i63 %zext_ln37" [convolutie_2d.cpp:37]   --->   Operation 27 'mul' 'mul_ln37' <Predicate = (icmp_ln38 & icmp_ln37)> <Delay = 6.91> <CoreInst = "Multiplier">   --->   Core 3 'Multiplier' <Latency = 1> <II = 1> <Delay = 6.91> <FuncUnit> <Opcode : 'mul'> <InPorts = 2> <OutPorts = 1>

State 4 <SV = 3> <Delay = 1.41>
ST_4 : Operation 28 [1/1] (0.00ns) (grouped into LUT with out node empty)   --->   "%select_ln37 = select i1 %icmp_ln38, i63 %mul_ln37, i63 0" [convolutie_2d.cpp:37]   --->   Operation 28 'select' 'select_ln37' <Predicate = (icmp_ln37)> <Delay = 0.00> <CoreInst = "Sel">   --->   Core 73 'Sel' <Latency = 0> <II = 1> <Delay = 1.41> <FuncUnit> <Opcode : 'select'> <InPorts = 3> <OutPorts = 1>
ST_4 : Operation 29 [1/1] (1.41ns) (out node of the LUT)   --->   "%empty = select i1 %icmp_ln37, i63 %select_ln37, i63 0" [convolutie_2d.cpp:37]   --->   Operation 29 'select' 'empty' <Predicate = true> <Delay = 1.41> <CoreInst = "Sel">   --->   Core 73 'Sel' <Latency = 0> <II = 1> <Delay = 1.41> <FuncUnit> <Opcode : 'select'> <InPorts = 3> <OutPorts = 1>
ST_4 : Operation 30 [1/1] (0.73ns)   --->   "%smax = select i1 %icmp_ln37, i31 %trunc_ln3_1, i31 0" [convolutie_2d.cpp:37]   --->   Operation 30 'select' 'smax' <Predicate = true> <Delay = 0.73> <CoreInst = "Sel">   --->   Core 73 'Sel' <Latency = 0> <II = 1> <Delay = 0.73> <FuncUnit> <Opcode : 'select'> <InPorts = 3> <OutPorts = 1>
ST_4 : Operation 31 [1/1] (0.73ns)   --->   "%smax12 = select i1 %icmp_ln38, i31 %trunc_ln3, i31 0" [convolutie_2d.cpp:38]   --->   Operation 31 'select' 'smax12' <Predicate = true> <Delay = 0.73> <CoreInst = "Sel">   --->   Core 73 'Sel' <Latency = 0> <II = 1> <Delay = 0.73> <FuncUnit> <Opcode : 'select'> <InPorts = 3> <OutPorts = 1>

State 5 <SV = 4> <Delay = 7.30>
ST_5 : Operation 32 [1/1] (0.00ns)   --->   "%sext_ln37 = sext i62 %trunc_ln" [convolutie_2d.cpp:37]   --->   Operation 32 'sext' 'sext_ln37' <Predicate = true> <Delay = 0.00>
ST_5 : Operation 33 [1/1] (0.00ns)   --->   "%gmem_invoer_addr = getelementptr i32 %gmem_invoer, i64 %sext_ln37" [convolutie_2d.cpp:37]   --->   Operation 33 'getelementptr' 'gmem_invoer_addr' <Predicate = true> <Delay = 0.00>
ST_5 : Operation 34 [1/1] (0.00ns)   --->   "%zext_ln37_3 = zext i63 %empty" [convolutie_2d.cpp:37]   --->   Operation 34 'zext' 'zext_ln37_3' <Predicate = true> <Delay = 0.00>
ST_5 : Operation 35 [8/8] (7.30ns)   --->   "%empty_49 = readreq i1 @_ssdm_op_ReadReq.m_axi.p1i32, i32 %gmem_invoer_addr, i64 %zext_ln37_3" [convolutie_2d.cpp:37]   --->   Operation 35 'readreq' 'empty_49' <Predicate = true> <Delay = 7.30> <CoreInst = "m_axi">   --->   Core 111 'm_axi' <Latency = 6> <II = 1> <Delay = 1.00> <Adapter> <Opcode : 'readrequnaligned' 'writerequnaligned' 'read' 'write' 'readreq' 'writereq' 'writeresp'>

State 6 <SV = 5> <Delay = 0.00>
ST_6 : Operation 36 [7/8] (7.30ns)   --->   "%empty_49 = readreq i1 @_ssdm_op_ReadReq.m_axi.p1i32, i32 %gmem_invoer_addr, i64 %zext_ln37_3" [convolutie_2d.cpp:37]   --->   Operation 36 'readreq' 'empty_49' <Predicate = true> <Delay = 7.30> <CoreInst = "m_axi">   --->   Core 111 'm_axi' <Latency = 6> <II = 1> <Delay = 1.00> <Adapter> <Opcode : 'readrequnaligned' 'writerequnaligned' 'read' 'write' 'readreq' 'writereq' 'writeresp'>

State 7 <SV = 6> <Delay = 0.00>
ST_7 : Operation 37 [6/8] (7.30ns)   --->   "%empty_49 = readreq i1 @_ssdm_op_ReadReq.m_axi.p1i32, i32 %gmem_invoer_addr, i64 %zext_ln37_3" [convolutie_2d.cpp:37]   --->   Operation 37 'readreq' 'empty_49' <Predicate = true> <Delay = 7.30> <CoreInst = "m_axi">   --->   Core 111 'm_axi' <Latency = 6> <II = 1> <Delay = 1.00> <Adapter> <Opcode : 'readrequnaligned' 'writerequnaligned' 'read' 'write' 'readreq' 'writereq' 'writeresp'>

State 8 <SV = 7> <Delay = 0.00>
ST_8 : Operation 38 [5/8] (7.30ns)   --->   "%empty_49 = readreq i1 @_ssdm_op_ReadReq.m_axi.p1i32, i32 %gmem_invoer_addr, i64 %zext_ln37_3" [convolutie_2d.cpp:37]   --->   Operation 38 'readreq' 'empty_49' <Predicate = true> <Delay = 7.30> <CoreInst = "m_axi">   --->   Core 111 'm_axi' <Latency = 6> <II = 1> <Delay = 1.00> <Adapter> <Opcode : 'readrequnaligned' 'writerequnaligned' 'read' 'write' 'readreq' 'writereq' 'writeresp'>

State 9 <SV = 8> <Delay = 0.00>
ST_9 : Operation 39 [4/8] (7.30ns)   --->   "%empty_49 = readreq i1 @_ssdm_op_ReadReq.m_axi.p1i32, i32 %gmem_invoer_addr, i64 %zext_ln37_3" [convolutie_2d.cpp:37]   --->   Operation 39 'readreq' 'empty_49' <Predicate = true> <Delay = 7.30> <CoreInst = "m_axi">   --->   Core 111 'm_axi' <Latency = 6> <II = 1> <Delay = 1.00> <Adapter> <Opcode : 'readrequnaligned' 'writerequnaligned' 'read' 'write' 'readreq' 'writereq' 'writeresp'>

State 10 <SV = 9> <Delay = 0.00>
ST_10 : Operation 40 [3/8] (7.30ns)   --->   "%empty_49 = readreq i1 @_ssdm_op_ReadReq.m_axi.p1i32, i32 %gmem_invoer_addr, i64 %zext_ln37_3" [convolutie_2d.cpp:37]   --->   Operation 40 'readreq' 'empty_49' <Predicate = true> <Delay = 7.30> <CoreInst = "m_axi">   --->   Core 111 'm_axi' <Latency = 6> <II = 1> <Delay = 1.00> <Adapter> <Opcode : 'readrequnaligned' 'writerequnaligned' 'read' 'write' 'readreq' 'writereq' 'writeresp'>

State 11 <SV = 10> <Delay = 6.91>
ST_11 : Operation 41 [2/8] (7.30ns)   --->   "%empty_49 = readreq i1 @_ssdm_op_ReadReq.m_axi.p1i32, i32 %gmem_invoer_addr, i64 %zext_ln37_3" [convolutie_2d.cpp:37]   --->   Operation 41 'readreq' 'empty_49' <Predicate = true> <Delay = 7.30> <CoreInst = "m_axi">   --->   Core 111 'm_axi' <Latency = 6> <II = 1> <Delay = 1.00> <Adapter> <Opcode : 'readrequnaligned' 'writerequnaligned' 'read' 'write' 'readreq' 'writereq' 'writeresp'>
ST_11 : Operation 42 [1/1] (0.00ns)   --->   "%zext_ln3 = zext i31 %smax" [convolutie_2d.cpp:3]   --->   Operation 42 'zext' 'zext_ln3' <Predicate = true> <Delay = 0.00>
ST_11 : Operation 43 [1/1] (0.00ns)   --->   "%zext_ln3_1 = zext i31 %smax12" [convolutie_2d.cpp:3]   --->   Operation 43 'zext' 'zext_ln3_1' <Predicate = true> <Delay = 0.00>
ST_11 : Operation 44 [2/2] (6.91ns)   --->   "%mul_ln3 = mul i62 %zext_ln3, i62 %zext_ln3_1" [convolutie_2d.cpp:3]   --->   Operation 44 'mul' 'mul_ln3' <Predicate = true> <Delay = 6.91> <CoreInst = "Multiplier">   --->   Core 3 'Multiplier' <Latency = 1> <II = 1> <Delay = 6.91> <FuncUnit> <Opcode : 'mul'> <InPorts = 2> <OutPorts = 1>

State 12 <SV = 11> <Delay = 7.30>
ST_12 : Operation 45 [1/1] (0.00ns)   --->   "%zext_ln37_1 = zext i32 %breedte_read" [convolutie_2d.cpp:37]   --->   Operation 45 'zext' 'zext_ln37_1' <Predicate = true> <Delay = 0.00>
ST_12 : Operation 46 [1/8] ( I:7.30ns O:7.30ns )   --->   "%empty_49 = readreq i1 @_ssdm_op_ReadReq.m_axi.p1i32, i32 %gmem_invoer_addr, i64 %zext_ln37_3" [convolutie_2d.cpp:37]   --->   Operation 46 'readreq' 'empty_49' <Predicate = true> <Delay = 7.30> <CoreInst = "m_axi">   --->   Core 111 'm_axi' <Latency = 6> <II = 1> <Delay = 1.00> <Adapter> <Opcode : 'readrequnaligned' 'writerequnaligned' 'read' 'write' 'readreq' 'writereq' 'writeresp'>
ST_12 : Operation 47 [1/1] (2.55ns)   --->   "%add_ln37 = add i33 %zext_ln37_1, i33 8589934590" [convolutie_2d.cpp:37]   --->   Operation 47 'add' 'add_ln37' <Predicate = true> <Delay = 2.55> <CoreInst = "Adder">   --->   Core 1 'Adder' <Latency = 0> <II = 1> <Delay = 2.55> <FuncUnit> <Opcode : 'add' 'sub'> <InPorts = 2> <OutPorts = 1>
ST_12 : Operation 48 [1/1] (0.00ns)   --->   "%trunc_ln37 = trunc i33 %add_ln37" [convolutie_2d.cpp:37]   --->   Operation 48 'trunc' 'trunc_ln37' <Predicate = true> <Delay = 0.00>
ST_12 : Operation 49 [1/1] (2.59ns)   --->   "%icmp_ln37_1 = icmp_sgt  i33 %add_ln37, i33 0" [convolutie_2d.cpp:37]   --->   Operation 49 'icmp' 'icmp_ln37_1' <Predicate = true> <Delay = 2.59> <CoreInst = "Cmp">   --->   Core 9 'Cmp' <Latency = 0> <II = 1> <Delay = 2.59> <FuncUnit> <Opcode : 'seteq' 'setne' 'setle' 'setge' 'setlt' 'setgt'> <InPorts = 2> <OutPorts = 1>
ST_12 : Operation 50 [1/1] (0.73ns)   --->   "%select_ln37_1 = select i1 %icmp_ln37_1, i31 %trunc_ln37, i31 0" [convolutie_2d.cpp:37]   --->   Operation 50 'select' 'select_ln37_1' <Predicate = true> <Delay = 0.73> <CoreInst = "Sel">   --->   Core 73 'Sel' <Latency = 0> <II = 1> <Delay = 0.73> <FuncUnit> <Opcode : 'select'> <InPorts = 3> <OutPorts = 1>
ST_12 : Operation 51 [1/2] (6.91ns)   --->   "%mul_ln3 = mul i62 %zext_ln3, i62 %zext_ln3_1" [convolutie_2d.cpp:3]   --->   Operation 51 'mul' 'mul_ln3' <Predicate = true> <Delay = 6.91> <CoreInst = "Multiplier">   --->   Core 3 'Multiplier' <Latency = 1> <II = 1> <Delay = 6.91> <FuncUnit> <Opcode : 'mul'> <InPorts = 2> <OutPorts = 1>

State 13 <SV = 12> <Delay = 5.10>
ST_13 : Operation 52 [1/1] (2.55ns)   --->   "%sub_ln37 = sub i33 1, i33 %zext_ln37_1" [convolutie_2d.cpp:37]   --->   Operation 52 'sub' 'sub_ln37' <Predicate = true> <Delay = 2.55> <CoreInst = "Adder">   --->   Core 1 'Adder' <Latency = 0> <II = 1> <Delay = 2.55> <FuncUnit> <Opcode : 'add' 'sub'> <InPorts = 2> <OutPorts = 1>
ST_13 : Operation 53 [2/2] (2.55ns)   --->   "%call_ln3 = call void @filter_afbeelding_Pipeline_Loop_Rows_Loop_Cols, i32 %gmem_uitvoer, i32 %breedte_read, i32 %gmem_invoer, i62 %mul_ln3, i62 %trunc_ln, i32 %breedte_read, i33 %sub_ln37, i64 %uitvoer_pixels_read, i31 %select_ln37_1" [convolutie_2d.cpp:3]   --->   Operation 53 'call' 'call_ln3' <Predicate = true> <Delay = 2.55> <CoreType = "Generic">   --->   Generic Core

State 14 <SV = 13> <Delay = 0.00>
ST_14 : Operation 54 [1/1] (0.00ns)   --->   "%spectopmodule_ln3 = spectopmodule void @_ssdm_op_SpecTopModule, void @empty_13" [convolutie_2d.cpp:3]   --->   Operation 54 'spectopmodule' 'spectopmodule_ln3' <Predicate = true> <Delay = 0.00>
ST_14 : Operation 55 [1/1] (0.00ns)   --->   "%specinterface_ln0 = specinterface void @_ssdm_op_SpecInterface, i32 %gmem_invoer, void @empty, i32 0, i32 0, void @empty_0, i32 0, i32 65536, void @empty_1, void @empty_2, void @empty_0, i32 16, i32 16, i32 64, i32 16, void @empty_0, void @empty_0, i32 4294967295, i32 0, i32 0, i32 4"   --->   Operation 55 'specinterface' 'specinterface_ln0' <Predicate = true> <Delay = 0.00>
ST_14 : Operation 56 [1/1] (0.00ns)   --->   "%specbitsmap_ln0 = specbitsmap void @_ssdm_op_SpecBitsMap, i32 %gmem_invoer"   --->   Operation 56 'specbitsmap' 'specbitsmap_ln0' <Predicate = true> <Delay = 0.00>
ST_14 : Operation 57 [1/1] (0.00ns)   --->   "%specinterface_ln0 = specinterface void @_ssdm_op_SpecInterface, i32 %gmem_uitvoer, void @empty, i32 0, i32 0, void @empty_0, i32 0, i32 65536, void @empty_3, void @empty_2, void @empty_0, i32 16, i32 16, i32 16, i32 64, void @empty_0, void @empty_0, i32 4294967295, i32 0, i32 0, i32 4"   --->   Operation 57 'specinterface' 'specinterface_ln0' <Predicate = true> <Delay = 0.00>
ST_14 : Operation 58 [1/1] (0.00ns)   --->   "%specbitsmap_ln0 = specbitsmap void @_ssdm_op_SpecBitsMap, i32 %gmem_uitvoer"   --->   Operation 58 'specbitsmap' 'specbitsmap_ln0' <Predicate = true> <Delay = 0.00>
ST_14 : Operation 59 [1/1] (0.00ns)   --->   "%specinterface_ln0 = specinterface void @_ssdm_op_SpecInterface, i64 %invoer_pixels, void @empty_4, i32 4294967295, i32 4294967295, void @empty_0, i32 0, i32 0, void @empty_5, void @empty_6, void @empty_0, i32 0, i32 0, i32 0, i32 0, void @empty_0, void @empty_7, i32 4294967295, i32 0, i32 0, i32 0"   --->   Operation 59 'specinterface' 'specinterface_ln0' <Predicate = true> <Delay = 0.00>
ST_14 : Operation 60 [1/1] (0.00ns)   --->   "%specinterface_ln0 = specinterface void @_ssdm_op_SpecInterface, i64 %invoer_pixels, void @empty_8, i32 0, i32 0, void @empty_0, i32 0, i32 0, void @empty_0, void @empty_0, void @empty_0, i32 0, i32 0, i32 0, i32 0, void @empty_0, void @empty_7, i32 4294967295, i32 0, i32 0, i32 0"   --->   Operation 60 'specinterface' 'specinterface_ln0' <Predicate = true> <Delay = 0.00>
ST_14 : Operation 61 [1/1] (0.00ns)   --->   "%specinterface_ln0 = specinterface void @_ssdm_op_SpecInterface, i64 %uitvoer_pixels, void @empty_4, i32 4294967295, i32 4294967295, void @empty_0, i32 0, i32 0, void @empty_5, void @empty_9, void @empty_0, i32 0, i32 0, i32 0, i32 0, void @empty_0, void @empty_7, i32 4294967295, i32 0, i32 0, i32 0"   --->   Operation 61 'specinterface' 'specinterface_ln0' <Predicate = true> <Delay = 0.00>
ST_14 : Operation 62 [1/1] (0.00ns)   --->   "%specinterface_ln0 = specinterface void @_ssdm_op_SpecInterface, i64 %uitvoer_pixels, void @empty_8, i32 0, i32 0, void @empty_0, i32 0, i32 0, void @empty_0, void @empty_0, void @empty_0, i32 0, i32 0, i32 0, i32 0, void @empty_0, void @empty_7, i32 4294967295, i32 0, i32 0, i32 0"   --->   Operation 62 'specinterface' 'specinterface_ln0' <Predicate = true> <Delay = 0.00>
ST_14 : Operation 63 [1/1] (0.00ns)   --->   "%specbitsmap_ln0 = specbitsmap void @_ssdm_op_SpecBitsMap, i32 %breedte"   --->   Operation 63 'specbitsmap' 'specbitsmap_ln0' <Predicate = true> <Delay = 0.00>
ST_14 : Operation 64 [1/1] (0.00ns)   --->   "%specinterface_ln0 = specinterface void @_ssdm_op_SpecInterface, i32 %breedte, void @empty_4, i32 4294967295, i32 4294967295, void @empty_0, i32 0, i32 0, void @empty_5, void @empty_10, void @empty_0, i32 0, i32 0, i32 0, i32 0, void @empty_0, void @empty_0, i32 4294967295, i32 0, i32 0, i32 0"   --->   Operation 64 'specinterface' 'specinterface_ln0' <Predicate = true> <Delay = 0.00>
ST_14 : Operation 65 [1/1] (0.00ns)   --->   "%specinterface_ln0 = specinterface void @_ssdm_op_SpecInterface, i32 %breedte, void @empty_8, i32 0, i32 0, void @empty_0, i32 0, i32 0, void @empty_0, void @empty_0, void @empty_0, i32 0, i32 0, i32 0, i32 0, void @empty_0, void @empty_0, i32 4294967295, i32 0, i32 0, i32 0"   --->   Operation 65 'specinterface' 'specinterface_ln0' <Predicate = true> <Delay = 0.00>
ST_14 : Operation 66 [1/1] (0.00ns)   --->   "%specbitsmap_ln0 = specbitsmap void @_ssdm_op_SpecBitsMap, i32 %hoogte"   --->   Operation 66 'specbitsmap' 'specbitsmap_ln0' <Predicate = true> <Delay = 0.00>
ST_14 : Operation 67 [1/1] (0.00ns)   --->   "%specinterface_ln0 = specinterface void @_ssdm_op_SpecInterface, i32 %hoogte, void @empty_4, i32 4294967295, i32 4294967295, void @empty_0, i32 0, i32 0, void @empty_5, void @empty_11, void @empty_0, i32 0, i32 0, i32 0, i32 0, void @empty_0, void @empty_0, i32 4294967295, i32 0, i32 0, i32 0"   --->   Operation 67 'specinterface' 'specinterface_ln0' <Predicate = true> <Delay = 0.00>
ST_14 : Operation 68 [1/1] (0.00ns)   --->   "%specinterface_ln0 = specinterface void @_ssdm_op_SpecInterface, i32 %hoogte, void @empty_8, i32 0, i32 0, void @empty_0, i32 0, i32 0, void @empty_0, void @empty_0, void @empty_0, i32 0, i32 0, i32 0, i32 0, void @empty_0, void @empty_0, i32 4294967295, i32 0, i32 0, i32 0"   --->   Operation 68 'specinterface' 'specinterface_ln0' <Predicate = true> <Delay = 0.00>
ST_14 : Operation 69 [1/1] (0.00ns)   --->   "%specbitsmap_ln0 = specbitsmap void @_ssdm_op_SpecBitsMap, i32 %kanalen"   --->   Operation 69 'specbitsmap' 'specbitsmap_ln0' <Predicate = true> <Delay = 0.00>
ST_14 : Operation 70 [1/1] (0.00ns)   --->   "%specinterface_ln0 = specinterface void @_ssdm_op_SpecInterface, i32 %kanalen, void @empty_4, i32 4294967295, i32 4294967295, void @empty_0, i32 0, i32 0, void @empty_5, void @empty_12, void @empty_0, i32 0, i32 0, i32 0, i32 0, void @empty_0, void @empty_0, i32 4294967295, i32 0, i32 0, i32 0"   --->   Operation 70 'specinterface' 'specinterface_ln0' <Predicate = true> <Delay = 0.00>
ST_14 : Operation 71 [1/1] (0.00ns)   --->   "%specinterface_ln0 = specinterface void @_ssdm_op_SpecInterface, i32 %kanalen, void @empty_8, i32 0, i32 0, void @empty_0, i32 0, i32 0, void @empty_0, void @empty_0, void @empty_0, i32 0, i32 0, i32 0, i32 0, void @empty_0, void @empty_0, i32 4294967295, i32 0, i32 0, i32 0"   --->   Operation 71 'specinterface' 'specinterface_ln0' <Predicate = true> <Delay = 0.00>
ST_14 : Operation 72 [1/1] (0.00ns)   --->   "%specinterface_ln0 = specinterface void @_ssdm_op_SpecInterface, i32 0, void @empty_4, i32 0, i32 0, void @empty_0, i32 0, i32 0, void @empty_5, void @empty_0, void @empty_0, i32 0, i32 0, i32 0, i32 0, void @empty_0, void @empty_0, i32 0, i32 0, i32 0, i32 0"   --->   Operation 72 'specinterface' 'specinterface_ln0' <Predicate = true> <Delay = 0.00>
ST_14 : Operation 73 [1/2] (0.00ns)   --->   "%call_ln3 = call void @filter_afbeelding_Pipeline_Loop_Rows_Loop_Cols, i32 %gmem_uitvoer, i32 %breedte_read, i32 %gmem_invoer, i62 %mul_ln3, i62 %trunc_ln, i32 %breedte_read, i33 %sub_ln37, i64 %uitvoer_pixels_read, i31 %select_ln37_1" [convolutie_2d.cpp:3]   --->   Operation 73 'call' 'call_ln3' <Predicate = true> <Delay = 0.00> <CoreType = "Generic">   --->   Generic Core
ST_14 : Operation 74 [1/1] (0.00ns)   --->   "%ret_ln90 = ret" [convolutie_2d.cpp:90]   --->   Operation 74 'ret' 'ret_ln90' <Predicate = true> <Delay = 0.00>


============================================================
+ Verbose Summary: Binding
============================================================
STG Binding: 
---------------- STG Properties BEGIN ----------------
- Is combinational: 0
- Is one-state seq: 0
- Is datapath-only: 0
- Is pipelined: 0
- Is top level: 1
Port [ Return ] is wired: 1; IO mode=ap_ctrl_hs:ce=0
Port [ gmem_invoer]:  wired=1; compound=1; hidden=0; nouse=0; global=0; static=0; extern=0; dir=0; type=4; pingpong=0; private_global=0; IO mode=m_axi:ce=0
Port [ gmem_uitvoer]:  wired=1; compound=1; hidden=0; nouse=0; global=0; static=0; extern=0; dir=1; type=4; pingpong=0; private_global=0; IO mode=m_axi:ce=0
Port [ invoer_pixels]:  wired=1; compound=0; hidden=0; nouse=0; global=0; static=0; extern=0; dir=0; type=0; pingpong=0; private_global=0; IO mode=ap_none:ce=0
Port [ uitvoer_pixels]:  wired=1; compound=0; hidden=0; nouse=0; global=0; static=0; extern=0; dir=0; type=0; pingpong=0; private_global=0; IO mode=ap_none:ce=0
Port [ breedte]:  wired=1; compound=0; hidden=0; nouse=0; global=0; static=0; extern=0; dir=0; type=0; pingpong=0; private_global=0; IO mode=ap_none:ce=0
Port [ hoogte]:  wired=1; compound=0; hidden=0; nouse=0; global=0; static=0; extern=0; dir=0; type=0; pingpong=0; private_global=0; IO mode=ap_none:ce=0
Port [ kanalen]:  wired=1; compound=0; hidden=0; nouse=1; global=0; static=0; extern=0; dir=0; type=0; pingpong=0; private_global=0; IO mode=ap_none:ce=0
---------------- STG Properties END ------------------

---------------- Datapath Model BEGIN ----------------

<LifeTime>
<method=bitvector/>
hoogte_read         (read         ) [ 001000000000000]
breedte_read        (read         ) [ 001111111111111]
uitvoer_pixels_read (read         ) [ 001111111111111]
invoer_pixels_read  (read         ) [ 000000000000000]
trunc_ln3           (trunc        ) [ 001110000000000]
trunc_ln3_1         (trunc        ) [ 001110000000000]
icmp_ln37           (icmp         ) [ 001110000000000]
icmp_ln38           (icmp         ) [ 001110000000000]
trunc_ln            (partselect   ) [ 001111111111111]
zext_ln37           (zext         ) [ 000100000000000]
zext_ln37_2         (zext         ) [ 000100000000000]
mul_ln37            (mul          ) [ 000010000000000]
select_ln37         (select       ) [ 000000000000000]
empty               (select       ) [ 000001000000000]
smax                (select       ) [ 000001111111000]
smax12              (select       ) [ 000001111111000]
sext_ln37           (sext         ) [ 000000000000000]
gmem_invoer_addr    (getelementptr) [ 000000111111100]
zext_ln37_3         (zext         ) [ 000000111111100]
zext_ln3            (zext         ) [ 000000000000100]
zext_ln3_1          (zext         ) [ 000000000000100]
zext_ln37_1         (zext         ) [ 000000000000010]
empty_49            (readreq      ) [ 000000000000000]
add_ln37            (add          ) [ 000000000000000]
trunc_ln37          (trunc        ) [ 000000000000000]
icmp_ln37_1         (icmp         ) [ 000000000000000]
select_ln37_1       (select       ) [ 000000000000011]
mul_ln3             (mul          ) [ 000000000000011]
sub_ln37            (sub          ) [ 000000000000001]
spectopmodule_ln3   (spectopmodule) [ 000000000000000]
specinterface_ln0   (specinterface) [ 000000000000000]
specbitsmap_ln0     (specbitsmap  ) [ 000000000000000]
specinterface_ln0   (specinterface) [ 000000000000000]
specbitsmap_ln0     (specbitsmap  ) [ 000000000000000]
specinterface_ln0   (specinterface) [ 000000000000000]
specinterface_ln0   (specinterface) [ 000000000000000]
specinterface_ln0   (specinterface) [ 000000000000000]
specinterface_ln0   (specinterface) [ 000000000000000]
specbitsmap_ln0     (specbitsmap  ) [ 000000000000000]
specinterface_ln0   (specinterface) [ 000000000000000]
specinterface_ln0   (specinterface) [ 000000000000000]
specbitsmap_ln0     (specbitsmap  ) [ 000000000000000]
specinterface_ln0   (specinterface) [ 000000000000000]
specinterface_ln0   (specinterface) [ 000000000000000]
specbitsmap_ln0     (specbitsmap  ) [ 000000000000000]
specinterface_ln0   (specinterface) [ 000000000000000]
specinterface_ln0   (specinterface) [ 000000000000000]
specinterface_ln0   (specinterface) [ 000000000000000]
call_ln3            (call         ) [ 000000000000000]
ret_ln90            (ret          ) [ 000000000000000]
</LifeTime>

<model>

<comp_list>
<comp id="0" class="1000" name="gmem_invoer">
<pin_list>
<pin id="1" dir="1" index="0" bw="1" slack="0"/>
</pin_list>
<bind>
<StgValue><ssdm name="gmem_invoer"/><MemPortTyVec>0 </MemPortTyVec>
</StgValue>
</bind>
</comp>

<comp id="2" class="1000" name="gmem_uitvoer">
<pin_list>
<pin id="3" dir="1" index="0" bw="1" slack="0"/>
</pin_list>
<bind>
<StgValue><ssdm name="gmem_uitvoer"/><MemPortTyVec>1 </MemPortTyVec>
</StgValue>
</bind>
</comp>

<comp id="4" class="1000" name="invoer_pixels">
<pin_list>
<pin id="5" dir="1" index="0" bw="1" slack="0"/>
</pin_list>
<bind>
<StgValue><ssdm name="invoer_pixels"/></StgValue>
</bind>
</comp>

<comp id="6" class="1000" name="uitvoer_pixels">
<pin_list>
<pin id="7" dir="1" index="0" bw="1" slack="0"/>
</pin_list>
<bind>
<StgValue><ssdm name="uitvoer_pixels"/></StgValue>
</bind>
</comp>

<comp id="8" class="1000" name="breedte">
<pin_list>
<pin id="9" dir="1" index="0" bw="1" slack="0"/>
</pin_list>
<bind>
<StgValue><ssdm name="breedte"/></StgValue>
</bind>
</comp>

<comp id="10" class="1000" name="hoogte">
<pin_list>
<pin id="11" dir="1" index="0" bw="1" slack="0"/>
</pin_list>
<bind>
<StgValue><ssdm name="hoogte"/></StgValue>
</bind>
</comp>

<comp id="12" class="1000" name="kanalen">
<pin_list>
<pin id="13" dir="1" index="0" bw="1" slack="2147483647"/>
</pin_list>
<bind>
<StgValue><ssdm name="kanalen"/></StgValue>
</bind>
</comp>

<comp id="14" class="1001" name="const_14">
<pin_list>
<pin id="15" dir="1" index="0" bw="1" slack="0"/>
</pin_list>
<bind>
<StgValue><ssdm name="_ssdm_op_Read.s_axilite.i32"/></StgValue>
</bind>
</comp>

<comp id="16" class="1001" name="const_16">
<pin_list>
<pin id="17" dir="1" index="0" bw="1" slack="0"/>
</pin_list>
<bind>
<StgValue><ssdm name="_ssdm_op_Read.s_axilite.i64"/></StgValue>
</bind>
</comp>

<comp id="18" class="1001" name="const_18">
<pin_list>
<pin id="19" dir="1" index="0" bw="1" slack="0"/>
</pin_list>
<bind>
<StgValue><ssdm name=""/></StgValue>
</bind>
</comp>

<comp id="20" class="1001" name="const_20">
<pin_list>
<pin id="21" dir="1" index="0" bw="1" slack="0"/>
</pin_list>
<bind>
<StgValue><ssdm name="_ssdm_op_PartSelect.i62.i64.i32.i32"/></StgValue>
</bind>
</comp>

<comp id="22" class="1001" name="const_22">
<pin_list>
<pin id="23" dir="1" index="0" bw="1" slack="0"/>
</pin_list>
<bind>
<StgValue><ssdm name=""/></StgValue>
</bind>
</comp>

<comp id="24" class="1001" name="const_24">
<pin_list>
<pin id="25" dir="1" index="0" bw="1" slack="0"/>
</pin_list>
<bind>
<StgValue><ssdm name=""/></StgValue>
</bind>
</comp>

<comp id="26" class="1001" name="const_26">
<pin_list>
<pin id="27" dir="1" index="0" bw="1" slack="0"/>
</pin_list>
<bind>
<StgValue><ssdm name=""/></StgValue>
</bind>
</comp>

<comp id="28" class="1001" name="const_28">
<pin_list>
<pin id="29" dir="1" index="0" bw="1" slack="0"/>
</pin_list>
<bind>
<StgValue><ssdm name=""/></StgValue>
</bind>
</comp>

<comp id="30" class="1001" name="const_30">
<pin_list>
<pin id="31" dir="1" index="0" bw="1" slack="0"/>
</pin_list>
<bind>
<StgValue><ssdm name="_ssdm_op_ReadReq.m_axi.p1i32"/></StgValue>
</bind>
</comp>

<comp id="32" class="1001" name="const_32">
<pin_list>
<pin id="33" dir="1" index="0" bw="1" slack="0"/>
</pin_list>
<bind>
<StgValue><ssdm name=""/></StgValue>
</bind>
</comp>

<comp id="34" class="1001" name="const_34">
<pin_list>
<pin id="35" dir="1" index="0" bw="1" slack="0"/>
</pin_list>
<bind>
<StgValue><ssdm name=""/></StgValue>
</bind>
</comp>

<comp id="36" class="1001" name="const_36">
<pin_list>
<pin id="37" dir="1" index="0" bw="1" slack="0"/>
</pin_list>
<bind>
<StgValue><ssdm name=""/></StgValue>
</bind>
</comp>

<comp id="38" class="1001" name="const_38">
<pin_list>
<pin id="39" dir="1" index="0" bw="1" slack="0"/>
</pin_list>
<bind>
<StgValue><ssdm name="filter_afbeelding_Pipeline_Loop_Rows_Loop_Cols"/></StgValue>
</bind>
</comp>

<comp id="40" class="1001" name="const_40">
<pin_list>
<pin id="41" dir="1" index="0" bw="1" slack="2147483647"/>
</pin_list>
<bind>
<StgValue><ssdm name="_ssdm_op_SpecTopModule"/></StgValue>
</bind>
</comp>

<comp id="42" class="1001" name="const_42">
<pin_list>
<pin id="43" dir="1" index="0" bw="1" slack="2147483647"/>
</pin_list>
<bind>
<StgValue><ssdm name="empty_13"/></StgValue>
</bind>
</comp>

<comp id="44" class="1001" name="const_44">
<pin_list>
<pin id="45" dir="1" index="0" bw="1" slack="2147483647"/>
</pin_list>
<bind>
<StgValue><ssdm name="_ssdm_op_SpecInterface"/></StgValue>
</bind>
</comp>

<comp id="46" class="1001" name="const_46">
<pin_list>
<pin id="47" dir="1" index="0" bw="1" slack="2147483647"/>
</pin_list>
<bind>
<StgValue><ssdm name="empty"/></StgValue>
</bind>
</comp>

<comp id="48" class="1001" name="const_48">
<pin_list>
<pin id="49" dir="1" index="0" bw="1" slack="2147483647"/>
</pin_list>
<bind>
<StgValue><ssdm name="empty_0"/></StgValue>
</bind>
</comp>

<comp id="50" class="1001" name="const_50">
<pin_list>
<pin id="51" dir="1" index="0" bw="1" slack="2147483647"/>
</pin_list>
<bind>
<StgValue><ssdm name=""/></StgValue>
</bind>
</comp>

<comp id="52" class="1001" name="const_52">
<pin_list>
<pin id="53" dir="1" index="0" bw="1" slack="2147483647"/>
</pin_list>
<bind>
<StgValue><ssdm name="empty_1"/></StgValue>
</bind>
</comp>

<comp id="54" class="1001" name="const_54">
<pin_list>
<pin id="55" dir="1" index="0" bw="1" slack="2147483647"/>
</pin_list>
<bind>
<StgValue><ssdm name="empty_2"/></StgValue>
</bind>
</comp>

<comp id="56" class="1001" name="const_56">
<pin_list>
<pin id="57" dir="1" index="0" bw="1" slack="2147483647"/>
</pin_list>
<bind>
<StgValue><ssdm name=""/></StgValue>
</bind>
</comp>

<comp id="58" class="1001" name="const_58">
<pin_list>
<pin id="59" dir="1" index="0" bw="1" slack="2147483647"/>
</pin_list>
<bind>
<StgValue><ssdm name=""/></StgValue>
</bind>
</comp>

<comp id="60" class="1001" name="const_60">
<pin_list>
<pin id="61" dir="1" index="0" bw="1" slack="2147483647"/>
</pin_list>
<bind>
<StgValue><ssdm name=""/></StgValue>
</bind>
</comp>

<comp id="62" class="1001" name="const_62">
<pin_list>
<pin id="63" dir="1" index="0" bw="1" slack="2147483647"/>
</pin_list>
<bind>
<StgValue><ssdm name=""/></StgValue>
</bind>
</comp>

<comp id="64" class="1001" name="const_64">
<pin_list>
<pin id="65" dir="1" index="0" bw="1" slack="2147483647"/>
</pin_list>
<bind>
<StgValue><ssdm name="_ssdm_op_SpecBitsMap"/></StgValue>
</bind>
</comp>

<comp id="66" class="1001" name="const_66">
<pin_list>
<pin id="67" dir="1" index="0" bw="1" slack="2147483647"/>
</pin_list>
<bind>
<StgValue><ssdm name="empty_3"/></StgValue>
</bind>
</comp>

<comp id="68" class="1001" name="const_68">
<pin_list>
<pin id="69" dir="1" index="0" bw="1" slack="2147483647"/>
</pin_list>
<bind>
<StgValue><ssdm name="empty_4"/></StgValue>
</bind>
</comp>

<comp id="70" class="1001" name="const_70">
<pin_list>
<pin id="71" dir="1" index="0" bw="1" slack="2147483647"/>
</pin_list>
<bind>
<StgValue><ssdm name="empty_5"/></StgValue>
</bind>
</comp>

<comp id="72" class="1001" name="const_72">
<pin_list>
<pin id="73" dir="1" index="0" bw="1" slack="2147483647"/>
</pin_list>
<bind>
<StgValue><ssdm name="empty_6"/></StgValue>
</bind>
</comp>

<comp id="74" class="1001" name="const_74">
<pin_list>
<pin id="75" dir="1" index="0" bw="1" slack="2147483647"/>
</pin_list>
<bind>
<StgValue><ssdm name="empty_7"/></StgValue>
</bind>
</comp>

<comp id="76" class="1001" name="const_76">
<pin_list>
<pin id="77" dir="1" index="0" bw="1" slack="2147483647"/>
</pin_list>
<bind>
<StgValue><ssdm name="empty_8"/></StgValue>
</bind>
</comp>

<comp id="78" class="1001" name="const_78">
<pin_list>
<pin id="79" dir="1" index="0" bw="1" slack="2147483647"/>
</pin_list>
<bind>
<StgValue><ssdm name="empty_9"/></StgValue>
</bind>
</comp>

<comp id="80" class="1001" name="const_80">
<pin_list>
<pin id="81" dir="1" index="0" bw="1" slack="2147483647"/>
</pin_list>
<bind>
<StgValue><ssdm name="empty_10"/></StgValue>
</bind>
</comp>

<comp id="82" class="1001" name="const_82">
<pin_list>
<pin id="83" dir="1" index="0" bw="1" slack="2147483647"/>
</pin_list>
<bind>
<StgValue><ssdm name="empty_11"/></StgValue>
</bind>
</comp>

<comp id="84" class="1001" name="const_84">
<pin_list>
<pin id="85" dir="1" index="0" bw="1" slack="2147483647"/>
</pin_list>
<bind>
<StgValue><ssdm name="empty_12"/></StgValue>
</bind>
</comp>

<comp id="86" class="1004" name="hoogte_read_read_fu_86">
<pin_list>
<pin id="87" dir="0" index="0" bw="32" slack="0"/>
<pin id="88" dir="0" index="1" bw="32" slack="0"/>
<pin id="89" dir="1" index="2" bw="32" slack="0"/>
</pin_list>
<bind>
<opcode="read(1150) " fcode="read"/>
<opset="hoogte_read/1 "/>
</bind>
</comp>

<comp id="92" class="1004" name="breedte_read_read_fu_92">
<pin_list>
<pin id="93" dir="0" index="0" bw="32" slack="0"/>
<pin id="94" dir="0" index="1" bw="32" slack="0"/>
<pin id="95" dir="1" index="2" bw="32" slack="0"/>
</pin_list>
<bind>
<opcode="read(1150) " fcode="read"/>
<opset="breedte_read/1 "/>
</bind>
</comp>

<comp id="98" class="1004" name="uitvoer_pixels_read_read_fu_98">
<pin_list>
<pin id="99" dir="0" index="0" bw="64" slack="0"/>
<pin id="100" dir="0" index="1" bw="64" slack="0"/>
<pin id="101" dir="1" index="2" bw="64" slack="12"/>
</pin_list>
<bind>
<opcode="read(1150) " fcode="read"/>
<opset="uitvoer_pixels_read/1 "/>
</bind>
</comp>

<comp id="104" class="1004" name="invoer_pixels_read_read_fu_104">
<pin_list>
<pin id="105" dir="0" index="0" bw="64" slack="0"/>
<pin id="106" dir="0" index="1" bw="64" slack="0"/>
<pin id="107" dir="1" index="2" bw="64" slack="0"/>
</pin_list>
<bind>
<opcode="read(1150) " fcode="read"/>
<opset="invoer_pixels_read/1 "/>
</bind>
</comp>

<comp id="110" class="1004" name="grp_readreq_fu_110">
<pin_list>
<pin id="111" dir="0" index="0" bw="1" slack="0"/>
<pin id="112" dir="0" index="1" bw="32" slack="0"/>
<pin id="113" dir="0" index="2" bw="63" slack="0"/>
<pin id="114" dir="1" index="3" bw="1" slack="2147483647"/>
</pin_list>
<bind>
<opcode="readreq(1154) " fcode="readreq"/>
<opset="empty_49/5 "/>
</bind>
</comp>

<comp id="116" class="1004" name="grp_filter_afbeelding_Pipeline_Loop_Rows_Loop_Cols_fu_116">
<pin_list>
<pin id="117" dir="0" index="0" bw="0" slack="0"/>
<pin id="118" dir="0" index="1" bw="32" slack="0"/>
<pin id="119" dir="0" index="2" bw="32" slack="12"/>
<pin id="120" dir="0" index="3" bw="32" slack="0"/>
<pin id="121" dir="0" index="4" bw="62" slack="1"/>
<pin id="122" dir="0" index="5" bw="62" slack="12"/>
<pin id="123" dir="0" index="6" bw="32" slack="12"/>
<pin id="124" dir="0" index="7" bw="33" slack="0"/>
<pin id="125" dir="0" index="8" bw="64" slack="12"/>
<pin id="126" dir="0" index="9" bw="31" slack="1"/>
<pin id="127" dir="1" index="10" bw="0" slack="2147483647"/>
</pin_list>
<bind>
<opcode="call(48) " fcode="call"/>
<opset="call_ln3/13 "/>
</bind>
</comp>

<comp id="131" class="1004" name="grp_fu_131">
<pin_list>
<pin id="132" dir="0" index="0" bw="31" slack="0"/>
<pin id="133" dir="0" index="1" bw="31" slack="0"/>
<pin id="134" dir="1" index="2" bw="62" slack="1"/>
</pin_list>
<bind>
<opcode="mul(12) " fcode="mul"/>
<opset="mul_ln3/11 "/>
</bind>
</comp>

<comp id="135" class="1004" name="grp_fu_135">
<pin_list>
<pin id="136" dir="0" index="0" bw="32" slack="0"/>
<pin id="137" dir="0" index="1" bw="32" slack="0"/>
<pin id="138" dir="1" index="2" bw="63" slack="1"/>
</pin_list>
<bind>
<opcode="mul(12) " fcode="mul"/>
<opset="mul_ln37/2 "/>
</bind>
</comp>

<comp id="139" class="1004" name="trunc_ln3_fu_139">
<pin_list>
<pin id="140" dir="0" index="0" bw="32" slack="0"/>
<pin id="141" dir="1" index="1" bw="31" slack="3"/>
</pin_list>
<bind>
<opcode="trunc(33) " fcode="trunc"/>
<opset="trunc_ln3/1 "/>
</bind>
</comp>

<comp id="143" class="1004" name="trunc_ln3_1_fu_143">
<pin_list>
<pin id="144" dir="0" index="0" bw="32" slack="0"/>
<pin id="145" dir="1" index="1" bw="31" slack="3"/>
</pin_list>
<bind>
<opcode="trunc(33) " fcode="trunc"/>
<opset="trunc_ln3_1/1 "/>
</bind>
</comp>

<comp id="147" class="1004" name="icmp_ln37_fu_147">
<pin_list>
<pin id="148" dir="0" index="0" bw="32" slack="0"/>
<pin id="149" dir="0" index="1" bw="1" slack="0"/>
<pin id="150" dir="1" index="2" bw="1" slack="1"/>
</pin_list>
<bind>
<opcode="icmp(45) " fcode="icmp"/>
<opset="icmp_ln37/1 "/>
</bind>
</comp>

<comp id="153" class="1004" name="icmp_ln38_fu_153">
<pin_list>
<pin id="154" dir="0" index="0" bw="32" slack="0"/>
<pin id="155" dir="0" index="1" bw="1" slack="0"/>
<pin id="156" dir="1" index="2" bw="1" slack="1"/>
</pin_list>
<bind>
<opcode="icmp(45) " fcode="icmp"/>
<opset="icmp_ln38/1 "/>
</bind>
</comp>

<comp id="159" class="1004" name="trunc_ln_fu_159">
<pin_list>
<pin id="160" dir="0" index="0" bw="62" slack="0"/>
<pin id="161" dir="0" index="1" bw="64" slack="0"/>
<pin id="162" dir="0" index="2" bw="3" slack="0"/>
<pin id="163" dir="0" index="3" bw="7" slack="0"/>
<pin id="164" dir="1" index="4" bw="62" slack="4"/>
</pin_list>
<bind>
<opcode="partselect(1002) " fcode="partselect"/>
<opset="trunc_ln/1 "/>
</bind>
</comp>

<comp id="169" class="1004" name="zext_ln37_fu_169">
<pin_list>
<pin id="170" dir="0" index="0" bw="32" slack="1"/>
<pin id="171" dir="1" index="1" bw="63" slack="0"/>
</pin_list>
<bind>
<opcode="zext(34) " fcode="zext"/>
<opset="zext_ln37/2 "/>
</bind>
</comp>

<comp id="173" class="1004" name="zext_ln37_2_fu_173">
<pin_list>
<pin id="174" dir="0" index="0" bw="32" slack="1"/>
<pin id="175" dir="1" index="1" bw="63" slack="0"/>
</pin_list>
<bind>
<opcode="zext(34) " fcode="zext"/>
<opset="zext_ln37_2/2 "/>
</bind>
</comp>

<comp id="177" class="1004" name="select_ln37_fu_177">
<pin_list>
<pin id="178" dir="0" index="0" bw="1" slack="3"/>
<pin id="179" dir="0" index="1" bw="63" slack="1"/>
<pin id="180" dir="0" index="2" bw="1" slack="0"/>
<pin id="181" dir="1" index="3" bw="63" slack="0"/>
</pin_list>
<bind>
<opcode="select(49) " fcode="select"/>
<opset="select_ln37/4 "/>
</bind>
</comp>

<comp id="183" class="1004" name="empty_fu_183">
<pin_list>
<pin id="184" dir="0" index="0" bw="1" slack="3"/>
<pin id="185" dir="0" index="1" bw="63" slack="0"/>
<pin id="186" dir="0" index="2" bw="1" slack="0"/>
<pin id="187" dir="1" index="3" bw="63" slack="1"/>
</pin_list>
<bind>
<opcode="select(49) " fcode="select"/>
<opset="empty/4 "/>
</bind>
</comp>

<comp id="190" class="1004" name="smax_fu_190">
<pin_list>
<pin id="191" dir="0" index="0" bw="1" slack="3"/>
<pin id="192" dir="0" index="1" bw="31" slack="3"/>
<pin id="193" dir="0" index="2" bw="1" slack="0"/>
<pin id="194" dir="1" index="3" bw="31" slack="7"/>
</pin_list>
<bind>
<opcode="select(49) " fcode="select"/>
<opset="smax/4 "/>
</bind>
</comp>

<comp id="196" class="1004" name="smax12_fu_196">
<pin_list>
<pin id="197" dir="0" index="0" bw="1" slack="3"/>
<pin id="198" dir="0" index="1" bw="31" slack="3"/>
<pin id="199" dir="0" index="2" bw="1" slack="0"/>
<pin id="200" dir="1" index="3" bw="31" slack="7"/>
</pin_list>
<bind>
<opcode="select(49) " fcode="select"/>
<opset="smax12/4 "/>
</bind>
</comp>

<comp id="202" class="1004" name="sext_ln37_fu_202">
<pin_list>
<pin id="203" dir="0" index="0" bw="62" slack="4"/>
<pin id="204" dir="1" index="1" bw="64" slack="0"/>
</pin_list>
<bind>
<opcode="sext(35) " fcode="sext"/>
<opset="sext_ln37/5 "/>
</bind>
</comp>

<comp id="205" class="1004" name="gmem_invoer_addr_fu_205">
<pin_list>
<pin id="206" dir="0" index="0" bw="32" slack="0"/>
<pin id="207" dir="0" index="1" bw="62" slack="0"/>
<pin id="208" dir="1" index="2" bw="32" slack="0"/>
</pin_list>
<bind>
<opcode="getelementptr(29) " fcode="getelementptr"/>
<opset="gmem_invoer_addr/5 "/>
</bind>
</comp>

<comp id="212" class="1004" name="zext_ln37_3_fu_212">
<pin_list>
<pin id="213" dir="0" index="0" bw="63" slack="1"/>
<pin id="214" dir="1" index="1" bw="64" slack="0"/>
</pin_list>
<bind>
<opcode="zext(34) " fcode="zext"/>
<opset="zext_ln37_3/5 "/>
</bind>
</comp>

<comp id="216" class="1004" name="zext_ln3_fu_216">
<pin_list>
<pin id="217" dir="0" index="0" bw="31" slack="7"/>
<pin id="218" dir="1" index="1" bw="62" slack="0"/>
</pin_list>
<bind>
<opcode="zext(34) " fcode="zext"/>
<opset="zext_ln3/11 "/>
</bind>
</comp>

<comp id="220" class="1004" name="zext_ln3_1_fu_220">
<pin_list>
<pin id="221" dir="0" index="0" bw="31" slack="7"/>
<pin id="222" dir="1" index="1" bw="62" slack="0"/>
</pin_list>
<bind>
<opcode="zext(34) " fcode="zext"/>
<opset="zext_ln3_1/11 "/>
</bind>
</comp>

<comp id="224" class="1004" name="zext_ln37_1_fu_224">
<pin_list>
<pin id="225" dir="0" index="0" bw="32" slack="11"/>
<pin id="226" dir="1" index="1" bw="33" slack="0"/>
</pin_list>
<bind>
<opcode="zext(34) " fcode="zext"/>
<opset="zext_ln37_1/12 "/>
</bind>
</comp>

<comp id="227" class="1004" name="add_ln37_fu_227">
<pin_list>
<pin id="228" dir="0" index="0" bw="32" slack="0"/>
<pin id="229" dir="0" index="1" bw="2" slack="0"/>
<pin id="230" dir="1" index="2" bw="33" slack="0"/>
</pin_list>
<bind>
<opcode="add(8) " fcode="add"/>
<opset="add_ln37/12 "/>
</bind>
</comp>

<comp id="233" class="1004" name="trunc_ln37_fu_233">
<pin_list>
<pin id="234" dir="0" index="0" bw="33" slack="0"/>
<pin id="235" dir="1" index="1" bw="31" slack="0"/>
</pin_list>
<bind>
<opcode="trunc(33) " fcode="trunc"/>
<opset="trunc_ln37/12 "/>
</bind>
</comp>

<comp id="237" class="1004" name="icmp_ln37_1_fu_237">
<pin_list>
<pin id="238" dir="0" index="0" bw="33" slack="0"/>
<pin id="239" dir="0" index="1" bw="1" slack="0"/>
<pin id="240" dir="1" index="2" bw="1" slack="0"/>
</pin_list>
<bind>
<opcode="icmp(45) " fcode="icmp"/>
<opset="icmp_ln37_1/12 "/>
</bind>
</comp>

<comp id="243" class="1004" name="select_ln37_1_fu_243">
<pin_list>
<pin id="244" dir="0" index="0" bw="1" slack="0"/>
<pin id="245" dir="0" index="1" bw="31" slack="0"/>
<pin id="246" dir="0" index="2" bw="1" slack="0"/>
<pin id="247" dir="1" index="3" bw="31" slack="1"/>
</pin_list>
<bind>
<opcode="select(49) " fcode="select"/>
<opset="select_ln37_1/12 "/>
</bind>
</comp>

<comp id="251" class="1004" name="sub_ln37_fu_251">
<pin_list>
<pin id="252" dir="0" index="0" bw="1" slack="0"/>
<pin id="253" dir="0" index="1" bw="32" slack="1"/>
<pin id="254" dir="1" index="2" bw="33" slack="0"/>
</pin_list>
<bind>
<opcode="sub(10) " fcode="sub"/>
<opset="sub_ln37/13 "/>
</bind>
</comp>

<comp id="257" class="1005" name="hoogte_read_reg_257">
<pin_list>
<pin id="258" dir="0" index="0" bw="32" slack="1"/>
<pin id="259" dir="1" index="1" bw="32" slack="1"/>
</pin_list>
<bind>
<opset="hoogte_read "/>
</bind>
</comp>

<comp id="262" class="1005" name="breedte_read_reg_262">
<pin_list>
<pin id="263" dir="0" index="0" bw="32" slack="1"/>
<pin id="264" dir="1" index="1" bw="32" slack="1"/>
</pin_list>
<bind>
<opset="breedte_read "/>
</bind>
</comp>

<comp id="270" class="1005" name="uitvoer_pixels_read_reg_270">
<pin_list>
<pin id="271" dir="0" index="0" bw="64" slack="12"/>
<pin id="272" dir="1" index="1" bw="64" slack="12"/>
</pin_list>
<bind>
<opset="uitvoer_pixels_read "/>
</bind>
</comp>

<comp id="275" class="1005" name="trunc_ln3_reg_275">
<pin_list>
<pin id="276" dir="0" index="0" bw="31" slack="3"/>
<pin id="277" dir="1" index="1" bw="31" slack="3"/>
</pin_list>
<bind>
<opset="trunc_ln3 "/>
</bind>
</comp>

<comp id="280" class="1005" name="trunc_ln3_1_reg_280">
<pin_list>
<pin id="281" dir="0" index="0" bw="31" slack="3"/>
<pin id="282" dir="1" index="1" bw="31" slack="3"/>
</pin_list>
<bind>
<opset="trunc_ln3_1 "/>
</bind>
</comp>

<comp id="285" class="1005" name="icmp_ln37_reg_285">
<pin_list>
<pin id="286" dir="0" index="0" bw="1" slack="1"/>
<pin id="287" dir="1" index="1" bw="1" slack="3"/>
</pin_list>
<bind>
<opset="icmp_ln37 "/>
</bind>
</comp>

<comp id="291" class="1005" name="icmp_ln38_reg_291">
<pin_list>
<pin id="292" dir="0" index="0" bw="1" slack="1"/>
<pin id="293" dir="1" index="1" bw="1" slack="3"/>
</pin_list>
<bind>
<opset="icmp_ln38 "/>
</bind>
</comp>

<comp id="297" class="1005" name="trunc_ln_reg_297">
<pin_list>
<pin id="298" dir="0" index="0" bw="62" slack="4"/>
<pin id="299" dir="1" index="1" bw="62" slack="4"/>
</pin_list>
<bind>
<opset="trunc_ln "/>
</bind>
</comp>

<comp id="303" class="1005" name="zext_ln37_reg_303">
<pin_list>
<pin id="304" dir="0" index="0" bw="63" slack="1"/>
<pin id="305" dir="1" index="1" bw="63" slack="1"/>
</pin_list>
<bind>
<opset="zext_ln37 "/>
</bind>
</comp>

<comp id="308" class="1005" name="zext_ln37_2_reg_308">
<pin_list>
<pin id="309" dir="0" index="0" bw="63" slack="1"/>
<pin id="310" dir="1" index="1" bw="63" slack="1"/>
</pin_list>
<bind>
<opset="zext_ln37_2 "/>
</bind>
</comp>

<comp id="313" class="1005" name="mul_ln37_reg_313">
<pin_list>
<pin id="314" dir="0" index="0" bw="63" slack="1"/>
<pin id="315" dir="1" index="1" bw="63" slack="1"/>
</pin_list>
<bind>
<opset="mul_ln37 "/>
</bind>
</comp>

<comp id="318" class="1005" name="empty_reg_318">
<pin_list>
<pin id="319" dir="0" index="0" bw="63" slack="1"/>
<pin id="320" dir="1" index="1" bw="63" slack="1"/>
</pin_list>
<bind>
<opset="empty "/>
</bind>
</comp>

<comp id="323" class="1005" name="smax_reg_323">
<pin_list>
<pin id="324" dir="0" index="0" bw="31" slack="7"/>
<pin id="325" dir="1" index="1" bw="31" slack="7"/>
</pin_list>
<bind>
<opset="smax "/>
</bind>
</comp>

<comp id="328" class="1005" name="smax12_reg_328">
<pin_list>
<pin id="329" dir="0" index="0" bw="31" slack="7"/>
<pin id="330" dir="1" index="1" bw="31" slack="7"/>
</pin_list>
<bind>
<opset="smax12 "/>
</bind>
</comp>

<comp id="333" class="1005" name="gmem_invoer_addr_reg_333">
<pin_list>
<pin id="334" dir="0" index="0" bw="32" slack="1"/>
<pin id="335" dir="1" index="1" bw="32" slack="1"/>
</pin_list>
<bind>
<opset="gmem_invoer_addr "/>
</bind>
</comp>

<comp id="338" class="1005" name="zext_ln37_3_reg_338">
<pin_list>
<pin id="339" dir="0" index="0" bw="64" slack="1"/>
<pin id="340" dir="1" index="1" bw="64" slack="1"/>
</pin_list>
<bind>
<opset="zext_ln37_3 "/>
</bind>
</comp>

<comp id="343" class="1005" name="zext_ln3_reg_343">
<pin_list>
<pin id="344" dir="0" index="0" bw="62" slack="1"/>
<pin id="345" dir="1" index="1" bw="62" slack="1"/>
</pin_list>
<bind>
<opset="zext_ln3 "/>
</bind>
</comp>

<comp id="348" class="1005" name="zext_ln3_1_reg_348">
<pin_list>
<pin id="349" dir="0" index="0" bw="62" slack="1"/>
<pin id="350" dir="1" index="1" bw="62" slack="1"/>
</pin_list>
<bind>
<opset="zext_ln3_1 "/>
</bind>
</comp>

<comp id="353" class="1005" name="zext_ln37_1_reg_353">
<pin_list>
<pin id="354" dir="0" index="0" bw="33" slack="1"/>
<pin id="355" dir="1" index="1" bw="33" slack="1"/>
</pin_list>
<bind>
<opset="zext_ln37_1 "/>
</bind>
</comp>

<comp id="358" class="1005" name="select_ln37_1_reg_358">
<pin_list>
<pin id="359" dir="0" index="0" bw="31" slack="1"/>
<pin id="360" dir="1" index="1" bw="31" slack="1"/>
</pin_list>
<bind>
<opset="select_ln37_1 "/>
</bind>
</comp>

<comp id="363" class="1005" name="mul_ln3_reg_363">
<pin_list>
<pin id="364" dir="0" index="0" bw="62" slack="1"/>
<pin id="365" dir="1" index="1" bw="62" slack="1"/>
</pin_list>
<bind>
<opset="mul_ln3 "/>
</bind>
</comp>

<comp id="368" class="1005" name="sub_ln37_reg_368">
<pin_list>
<pin id="369" dir="0" index="0" bw="33" slack="1"/>
<pin id="370" dir="1" index="1" bw="33" slack="1"/>
</pin_list>
<bind>
<opset="sub_ln37 "/>
</bind>
</comp>

</comp_list>

<net_list>
<net id="90"><net_src comp="14" pin="0"/><net_sink comp="86" pin=0"/></net>

<net id="91"><net_src comp="10" pin="0"/><net_sink comp="86" pin=1"/></net>

<net id="96"><net_src comp="14" pin="0"/><net_sink comp="92" pin=0"/></net>

<net id="97"><net_src comp="8" pin="0"/><net_sink comp="92" pin=1"/></net>

<net id="102"><net_src comp="16" pin="0"/><net_sink comp="98" pin=0"/></net>

<net id="103"><net_src comp="6" pin="0"/><net_sink comp="98" pin=1"/></net>

<net id="108"><net_src comp="16" pin="0"/><net_sink comp="104" pin=0"/></net>

<net id="109"><net_src comp="4" pin="0"/><net_sink comp="104" pin=1"/></net>

<net id="115"><net_src comp="30" pin="0"/><net_sink comp="110" pin=0"/></net>

<net id="128"><net_src comp="38" pin="0"/><net_sink comp="116" pin=0"/></net>

<net id="129"><net_src comp="2" pin="0"/><net_sink comp="116" pin=1"/></net>

<net id="130"><net_src comp="0" pin="0"/><net_sink comp="116" pin=3"/></net>

<net id="142"><net_src comp="92" pin="2"/><net_sink comp="139" pin=0"/></net>

<net id="146"><net_src comp="86" pin="2"/><net_sink comp="143" pin=0"/></net>

<net id="151"><net_src comp="86" pin="2"/><net_sink comp="147" pin=0"/></net>

<net id="152"><net_src comp="18" pin="0"/><net_sink comp="147" pin=1"/></net>

<net id="157"><net_src comp="92" pin="2"/><net_sink comp="153" pin=0"/></net>

<net id="158"><net_src comp="18" pin="0"/><net_sink comp="153" pin=1"/></net>

<net id="165"><net_src comp="20" pin="0"/><net_sink comp="159" pin=0"/></net>

<net id="166"><net_src comp="104" pin="2"/><net_sink comp="159" pin=1"/></net>

<net id="167"><net_src comp="22" pin="0"/><net_sink comp="159" pin=2"/></net>

<net id="168"><net_src comp="24" pin="0"/><net_sink comp="159" pin=3"/></net>

<net id="172"><net_src comp="169" pin="1"/><net_sink comp="135" pin=1"/></net>

<net id="176"><net_src comp="173" pin="1"/><net_sink comp="135" pin=0"/></net>

<net id="182"><net_src comp="26" pin="0"/><net_sink comp="177" pin=2"/></net>

<net id="188"><net_src comp="177" pin="3"/><net_sink comp="183" pin=1"/></net>

<net id="189"><net_src comp="26" pin="0"/><net_sink comp="183" pin=2"/></net>

<net id="195"><net_src comp="28" pin="0"/><net_sink comp="190" pin=2"/></net>

<net id="201"><net_src comp="28" pin="0"/><net_sink comp="196" pin=2"/></net>

<net id="209"><net_src comp="0" pin="0"/><net_sink comp="205" pin=0"/></net>

<net id="210"><net_src comp="202" pin="1"/><net_sink comp="205" pin=1"/></net>

<net id="211"><net_src comp="205" pin="2"/><net_sink comp="110" pin=1"/></net>

<net id="215"><net_src comp="212" pin="1"/><net_sink comp="110" pin=2"/></net>

<net id="219"><net_src comp="216" pin="1"/><net_sink comp="131" pin=0"/></net>

<net id="223"><net_src comp="220" pin="1"/><net_sink comp="131" pin=1"/></net>

<net id="231"><net_src comp="224" pin="1"/><net_sink comp="227" pin=0"/></net>

<net id="232"><net_src comp="32" pin="0"/><net_sink comp="227" pin=1"/></net>

<net id="236"><net_src comp="227" pin="2"/><net_sink comp="233" pin=0"/></net>

<net id="241"><net_src comp="227" pin="2"/><net_sink comp="237" pin=0"/></net>

<net id="242"><net_src comp="34" pin="0"/><net_sink comp="237" pin=1"/></net>

<net id="248"><net_src comp="237" pin="2"/><net_sink comp="243" pin=0"/></net>

<net id="249"><net_src comp="233" pin="1"/><net_sink comp="243" pin=1"/></net>

<net id="250"><net_src comp="28" pin="0"/><net_sink comp="243" pin=2"/></net>

<net id="255"><net_src comp="36" pin="0"/><net_sink comp="251" pin=0"/></net>

<net id="256"><net_src comp="251" pin="2"/><net_sink comp="116" pin=7"/></net>

<net id="260"><net_src comp="86" pin="2"/><net_sink comp="257" pin=0"/></net>

<net id="261"><net_src comp="257" pin="1"/><net_sink comp="173" pin=0"/></net>

<net id="265"><net_src comp="92" pin="2"/><net_sink comp="262" pin=0"/></net>

<net id="266"><net_src comp="262" pin="1"/><net_sink comp="169" pin=0"/></net>

<net id="267"><net_src comp="262" pin="1"/><net_sink comp="224" pin=0"/></net>

<net id="268"><net_src comp="262" pin="1"/><net_sink comp="116" pin=2"/></net>

<net id="269"><net_src comp="262" pin="1"/><net_sink comp="116" pin=6"/></net>

<net id="273"><net_src comp="98" pin="2"/><net_sink comp="270" pin=0"/></net>

<net id="274"><net_src comp="270" pin="1"/><net_sink comp="116" pin=8"/></net>

<net id="278"><net_src comp="139" pin="1"/><net_sink comp="275" pin=0"/></net>

<net id="279"><net_src comp="275" pin="1"/><net_sink comp="196" pin=1"/></net>

<net id="283"><net_src comp="143" pin="1"/><net_sink comp="280" pin=0"/></net>

<net id="284"><net_src comp="280" pin="1"/><net_sink comp="190" pin=1"/></net>

<net id="288"><net_src comp="147" pin="2"/><net_sink comp="285" pin=0"/></net>

<net id="289"><net_src comp="285" pin="1"/><net_sink comp="183" pin=0"/></net>

<net id="290"><net_src comp="285" pin="1"/><net_sink comp="190" pin=0"/></net>

<net id="294"><net_src comp="153" pin="2"/><net_sink comp="291" pin=0"/></net>

<net id="295"><net_src comp="291" pin="1"/><net_sink comp="177" pin=0"/></net>

<net id="296"><net_src comp="291" pin="1"/><net_sink comp="196" pin=0"/></net>

<net id="300"><net_src comp="159" pin="4"/><net_sink comp="297" pin=0"/></net>

<net id="301"><net_src comp="297" pin="1"/><net_sink comp="202" pin=0"/></net>

<net id="302"><net_src comp="297" pin="1"/><net_sink comp="116" pin=5"/></net>

<net id="306"><net_src comp="169" pin="1"/><net_sink comp="303" pin=0"/></net>

<net id="307"><net_src comp="303" pin="1"/><net_sink comp="135" pin=1"/></net>

<net id="311"><net_src comp="173" pin="1"/><net_sink comp="308" pin=0"/></net>

<net id="312"><net_src comp="308" pin="1"/><net_sink comp="135" pin=0"/></net>

<net id="316"><net_src comp="135" pin="2"/><net_sink comp="313" pin=0"/></net>

<net id="317"><net_src comp="313" pin="1"/><net_sink comp="177" pin=1"/></net>

<net id="321"><net_src comp="183" pin="3"/><net_sink comp="318" pin=0"/></net>

<net id="322"><net_src comp="318" pin="1"/><net_sink comp="212" pin=0"/></net>

<net id="326"><net_src comp="190" pin="3"/><net_sink comp="323" pin=0"/></net>

<net id="327"><net_src comp="323" pin="1"/><net_sink comp="216" pin=0"/></net>

<net id="331"><net_src comp="196" pin="3"/><net_sink comp="328" pin=0"/></net>

<net id="332"><net_src comp="328" pin="1"/><net_sink comp="220" pin=0"/></net>

<net id="336"><net_src comp="205" pin="2"/><net_sink comp="333" pin=0"/></net>

<net id="337"><net_src comp="333" pin="1"/><net_sink comp="110" pin=1"/></net>

<net id="341"><net_src comp="212" pin="1"/><net_sink comp="338" pin=0"/></net>

<net id="342"><net_src comp="338" pin="1"/><net_sink comp="110" pin=2"/></net>

<net id="346"><net_src comp="216" pin="1"/><net_sink comp="343" pin=0"/></net>

<net id="347"><net_src comp="343" pin="1"/><net_sink comp="131" pin=0"/></net>

<net id="351"><net_src comp="220" pin="1"/><net_sink comp="348" pin=0"/></net>

<net id="352"><net_src comp="348" pin="1"/><net_sink comp="131" pin=1"/></net>

<net id="356"><net_src comp="224" pin="1"/><net_sink comp="353" pin=0"/></net>

<net id="357"><net_src comp="353" pin="1"/><net_sink comp="251" pin=1"/></net>

<net id="361"><net_src comp="243" pin="3"/><net_sink comp="358" pin=0"/></net>

<net id="362"><net_src comp="358" pin="1"/><net_sink comp="116" pin=9"/></net>

<net id="366"><net_src comp="131" pin="2"/><net_sink comp="363" pin=0"/></net>

<net id="367"><net_src comp="363" pin="1"/><net_sink comp="116" pin=4"/></net>

<net id="371"><net_src comp="251" pin="2"/><net_sink comp="368" pin=0"/></net>

<net id="372"><net_src comp="368" pin="1"/><net_sink comp="116" pin=7"/></net>

</net_list>

</model> 
---------------- Datapath Model END ------------------

* FSMD analyzer results:
  - Output states:
	Port: gmem_uitvoer | {13 14 }
 - Input state : 
	Port: filter_afbeelding : gmem_invoer | {5 6 7 8 9 10 11 12 13 14 }
	Port: filter_afbeelding : invoer_pixels | {1 }
	Port: filter_afbeelding : uitvoer_pixels | {1 }
	Port: filter_afbeelding : breedte | {1 }
	Port: filter_afbeelding : hoogte | {1 }
  - Chain level:
	State 1
	State 2
		mul_ln37 : 1
	State 3
	State 4
		empty : 1
	State 5
		gmem_invoer_addr : 1
		empty_49 : 2
	State 6
	State 7
	State 8
	State 9
	State 10
	State 11
		mul_ln3 : 1
	State 12
		add_ln37 : 1
		trunc_ln37 : 2
		icmp_ln37_1 : 2
		select_ln37_1 : 3
	State 13
		call_ln3 : 1
	State 14


============================================================
+ Verbose Summary: Datapath Resource usage 
============================================================

* Functional unit list:
|----------|-----------------------------------------------------------|---------|---------|---------|---------|---------|---------|
| Operation|                      Functional Unit                      |   BRAM  |   DSP   |  Delay  |    FF   |   LUT   |   URAM  |
|----------|-----------------------------------------------------------|---------|---------|---------|---------|---------|---------|
|   call   | grp_filter_afbeelding_Pipeline_Loop_Rows_Loop_Cols_fu_116 |    2    |    4    |  3.176  |   1546  |   1137  |    0    |
|----------|-----------------------------------------------------------|---------|---------|---------|---------|---------|---------|
|    mul   |                         grp_fu_131                        |    0    |    4    |    0    |   141   |    48   |    0    |
|          |                         grp_fu_135                        |    0    |    4    |    0    |   165   |    50   |    0    |
|----------|-----------------------------------------------------------|---------|---------|---------|---------|---------|---------|
|          |                     select_ln37_fu_177                    |    0    |    0    |    0    |    0    |    63   |    0    |
|          |                        empty_fu_183                       |    0    |    0    |    0    |    0    |    63   |    0    |
|  select  |                        smax_fu_190                        |    0    |    0    |    0    |    0    |    31   |    0    |
|          |                       smax12_fu_196                       |    0    |    0    |    0    |    0    |    31   |    0    |
|          |                    select_ln37_1_fu_243                   |    0    |    0    |    0    |    0    |    31   |    0    |
|----------|-----------------------------------------------------------|---------|---------|---------|---------|---------|---------|
|          |                      icmp_ln37_fu_147                     |    0    |    0    |    0    |    0    |    39   |    0    |
|   icmp   |                      icmp_ln38_fu_153                     |    0    |    0    |    0    |    0    |    39   |    0    |
|          |                     icmp_ln37_1_fu_237                    |    0    |    0    |    0    |    0    |    40   |    0    |
|----------|-----------------------------------------------------------|---------|---------|---------|---------|---------|---------|
|    add   |                      add_ln37_fu_227                      |    0    |    0    |    0    |    0    |    39   |    0    |
|----------|-----------------------------------------------------------|---------|---------|---------|---------|---------|---------|
|    sub   |                      sub_ln37_fu_251                      |    0    |    0    |    0    |    0    |    39   |    0    |
|----------|-----------------------------------------------------------|---------|---------|---------|---------|---------|---------|
|          |                   hoogte_read_read_fu_86                  |    0    |    0    |    0    |    0    |    0    |    0    |
|   read   |                  breedte_read_read_fu_92                  |    0    |    0    |    0    |    0    |    0    |    0    |
|          |               uitvoer_pixels_read_read_fu_98              |    0    |    0    |    0    |    0    |    0    |    0    |
|          |               invoer_pixels_read_read_fu_104              |    0    |    0    |    0    |    0    |    0    |    0    |
|----------|-----------------------------------------------------------|---------|---------|---------|---------|---------|---------|
|  readreq |                     grp_readreq_fu_110                    |    0    |    0    |    0    |    0    |    0    |    0    |
|----------|-----------------------------------------------------------|---------|---------|---------|---------|---------|---------|
|          |                      trunc_ln3_fu_139                     |    0    |    0    |    0    |    0    |    0    |    0    |
|   trunc  |                     trunc_ln3_1_fu_143                    |    0    |    0    |    0    |    0    |    0    |    0    |
|          |                     trunc_ln37_fu_233                     |    0    |    0    |    0    |    0    |    0    |    0    |
|----------|-----------------------------------------------------------|---------|---------|---------|---------|---------|---------|
|partselect|                      trunc_ln_fu_159                      |    0    |    0    |    0    |    0    |    0    |    0    |
|----------|-----------------------------------------------------------|---------|---------|---------|---------|---------|---------|
|          |                      zext_ln37_fu_169                     |    0    |    0    |    0    |    0    |    0    |    0    |
|          |                     zext_ln37_2_fu_173                    |    0    |    0    |    0    |    0    |    0    |    0    |
|   zext   |                     zext_ln37_3_fu_212                    |    0    |    0    |    0    |    0    |    0    |    0    |
|          |                      zext_ln3_fu_216                      |    0    |    0    |    0    |    0    |    0    |    0    |
|          |                     zext_ln3_1_fu_220                     |    0    |    0    |    0    |    0    |    0    |    0    |
|          |                     zext_ln37_1_fu_224                    |    0    |    0    |    0    |    0    |    0    |    0    |
|----------|-----------------------------------------------------------|---------|---------|---------|---------|---------|---------|
|   sext   |                      sext_ln37_fu_202                     |    0    |    0    |    0    |    0    |    0    |    0    |
|----------|-----------------------------------------------------------|---------|---------|---------|---------|---------|---------|
|   Total  |                                                           |    2    |    12   |  3.176  |   1852  |   1650  |    0    |
|----------|-----------------------------------------------------------|---------|---------|---------|---------|---------|---------|

Memories:
N/A

* Register list:
+---------------------------+--------+
|                           |   FF   |
+---------------------------+--------+
|    breedte_read_reg_262   |   32   |
|       empty_reg_318       |   63   |
|  gmem_invoer_addr_reg_333 |   32   |
|    hoogte_read_reg_257    |   32   |
|     icmp_ln37_reg_285     |    1   |
|     icmp_ln38_reg_291     |    1   |
|      mul_ln37_reg_313     |   63   |
|      mul_ln3_reg_363      |   62   |
|   select_ln37_1_reg_358   |   31   |
|       smax12_reg_328      |   31   |
|        smax_reg_323       |   31   |
|      sub_ln37_reg_368     |   33   |
|    trunc_ln3_1_reg_280    |   31   |
|     trunc_ln3_reg_275     |   31   |
|      trunc_ln_reg_297     |   62   |
|uitvoer_pixels_read_reg_270|   64   |
|    zext_ln37_1_reg_353    |   33   |
|    zext_ln37_2_reg_308    |   63   |
|    zext_ln37_3_reg_338    |   64   |
|     zext_ln37_reg_303     |   63   |
|     zext_ln3_1_reg_348    |   62   |
|      zext_ln3_reg_343     |   62   |
+---------------------------+--------+
|           Total           |   947  |
+---------------------------+--------+

* Multiplexer (MUX) list: 
|-----------------------------------------------------------|------|------|------|--------||---------||---------||---------|
|                            Comp                           |  Pin | Size |  BW  | S x BW ||  Delay  ||    FF   ||   LUT   |
|-----------------------------------------------------------|------|------|------|--------||---------||---------||---------|
|                     grp_readreq_fu_110                    |  p1  |   2  |  32  |   64   ||    0    ||    9    |
|                     grp_readreq_fu_110                    |  p2  |   2  |  63  |   126  ||    0    ||    9    |
| grp_filter_afbeelding_Pipeline_Loop_Rows_Loop_Cols_fu_116 |  p7  |   2  |  33  |   66   ||    0    ||    9    |
|                         grp_fu_131                        |  p0  |   2  |  31  |   62   ||    0    ||    9    |
|                         grp_fu_131                        |  p1  |   2  |  31  |   62   ||    0    ||    9    |
|                         grp_fu_135                        |  p0  |   2  |  32  |   64   ||    0    ||    9    |
|                         grp_fu_135                        |  p1  |   2  |  32  |   64   ||    0    ||    9    |
|-----------------------------------------------------------|------|------|------|--------||---------||---------||---------|
|                           Total                           |      |      |      |   508  ||  11.116 ||    0    ||    63   |
|-----------------------------------------------------------|------|------|------|--------||---------||---------||---------|



* Summary:
+-----------+--------+--------+--------+--------+--------+--------+
|           |  BRAM  |   DSP  |  Delay |   FF   |   LUT  |  URAM  |
+-----------+--------+--------+--------+--------+--------+--------+
|  Function |    2   |   12   |    3   |  1852  |  1650  |    0   |
|   Memory  |    -   |    -   |    -   |    -   |    -   |    -   |
|Multiplexer|    -   |    -   |   11   |    0   |   63   |    -   |
|  Register |    -   |    -   |    -   |   947  |    -   |    -   |
+-----------+--------+--------+--------+--------+--------+--------+
|   Total   |    2   |   12   |   14   |  2799  |  1713  |    0   |
+-----------+--------+--------+--------+--------+--------+--------+
