#-----------------------------------------------------------
# Vivado v2025.2 (64-bit)
# SW Build 6299465 on Fri Nov 14 19:35:11 GMT 2025
# IP Build 6300035 on Fri Nov 14 10:48:45 MST 2025
# SharedData Build 6298862 on Thu Nov 13 04:50:51 MST 2025
# Start of session at: Wed May 20 13:58:37 2026
# Process ID         : 23104
# Current directory  : C:/2EAI-HAC-2526-TaskHLS-bj-mk-tm/2D_Convolutie/2D_Convolutie/hls/impl/ip
# Command line       : vivado.exe -notrace -mode batch -source run_ippack.tcl
# Log file           : C:/2EAI-HAC-2526-TaskHLS-bj-mk-tm/2D_Convolutie/2D_Convolutie/hls/impl/ip/vivado.log
# Journal file       : C:/2EAI-HAC-2526-TaskHLS-bj-mk-tm/2D_Convolutie/2D_Convolutie/hls/impl/ip\vivado.jou
# Running On         : ELITE
# Platform           : Windows Server 2016 or Windows 10
# Operating System   : 26200
# Processor Detail   : Intel(R) Core(TM) Ultra 5 125U
# CPU Frequency      : 2688 MHz
# CPU Physical cores : 12
# CPU Logical cores  : 14
# Host memory        : 16605 MB
# Swap memory        : 13958 MB
# Total Virtual      : 30564 MB
# Available Virtual  : 7578 MB
#-----------------------------------------------------------
source run_ippack.tcl -notrace
INFO: calling package_hls_ip ip_types=vitis sysgen json_file=C:/2EAI-HAC-2526-TaskHLS-bj-mk-tm/2D_Convolutie/2D_Convolutie/hls/hls_data.json outdir=C:/2EAI-HAC-2526-TaskHLS-bj-mk-tm/2D_Convolutie/2D_Convolutie/hls/impl/ip srcdir=C:/2EAI-HAC-2526-TaskHLS-bj-mk-tm/2D_Convolutie/2D_Convolutie/hls ippack_options_dict= ippack_options_dict=
INFO: Copied 1 ipmisc file(s) to C:/2EAI-HAC-2526-TaskHLS-bj-mk-tm/2D_Convolutie/2D_Convolutie/hls/impl/ip/misc
INFO: Copied 22 verilog file(s) to C:/2EAI-HAC-2526-TaskHLS-bj-mk-tm/2D_Convolutie/2D_Convolutie/hls/impl/ip/hdl/verilog
INFO: Copied 20 vhdl file(s) to C:/2EAI-HAC-2526-TaskHLS-bj-mk-tm/2D_Convolutie/2D_Convolutie/hls/impl/ip/hdl/vhdl
INFO: Copied 10 swdriver file(s) to C:/2EAI-HAC-2526-TaskHLS-bj-mk-tm/2D_Convolutie/2D_Convolutie/hls/impl/ip/drivers
ipx::create_core: Time (s): cpu = 00:00:09 ; elapsed = 00:00:07 . Memory (MB): peak = 531.234 ; gain = 214.738
INFO: Import ports from HDL: C:/2EAI-HAC-2526-TaskHLS-bj-mk-tm/2D_Convolutie/2D_Convolutie/hls/impl/ip/hdl/vhdl/vitis_convolution.vhd (vitis_convolution)
INFO: Add axi4lite interface s_axi_control
INFO: Add axi4lite interface s_axi_control_r
INFO: Add clock interface ap_clk
INFO: Add reset interface ap_rst_n
INFO: Add interrupt interface interrupt
INFO: [IP_Flow 19-234] Refreshing IP repositories
INFO: [IP_Flow 19-1704] No user IP repositories specified
INFO: [IP_Flow 19-2313] Loaded Vivado IP repository 'C:/AMDDesignTools/2025.2/Vivado/data/ip'.
INFO: Add axi4full interface m_axi_gmem_in
INFO: Add axi4full interface m_axi_gmem_out
INFO: Calling post_process_vitis to specialize IP
INFO: Calling post_process_sysgen to specialize IP
Generating sysgen info xml from json file
INFO: Created IP C:/2EAI-HAC-2526-TaskHLS-bj-mk-tm/2D_Convolutie/2D_Convolutie/hls/impl/ip/component.xml
INFO: Created IP archive C:/2EAI-HAC-2526-TaskHLS-bj-mk-tm/2D_Convolutie/2D_Convolutie/hls/impl/ip/xilinx_com_hls_vitis_convolution_1_0.zip
INFO: [Common 17-206] Exiting Vivado at Wed May 20 13:58:50 2026...
