

================================================================
== Synthesis Summary Report of 'apply_hardware_pooling'
================================================================
+ General Information: 
    * Date:           Sat May 23 04:07:01 2026
    * Version:        2025.2 (Build 6295257 on Nov 14 2025)
    * Project:        Pooling_HLS
    * Solution:       hls (Vivado IP Flow Target)
    * Product family: zynq
    * Target device:  xc7z020-clg400-1
    

* Performance & Resource Estimates: 
+-----------------------------------------------+------+---------------+----------+---------+------+----------+---------+-----------+------+--------+--------+-----------+-----------+-----+
|                    Modules                    | Issue|               | Iteration|         | Trip |          |       Latency       |      |        |        |           |           |     |
|                    & Loops                    | Type | Violation Type|  Latency | Interval| Count| Pipelined| (cycles)|    (ns)   | Slack|  BRAM  |   DSP  |     FF    |    LUT    | URAM|
+-----------------------------------------------+------+---------------+----------+---------+------+----------+---------+-----------+------+--------+--------+-----------+-----------+-----+
|+ apply_hardware_pooling                       |     -|              -|         -|        -|     -|        no|        -|          -|  0.00|  6 (2%)|  8 (3%)|  3148 (2%)|  4047 (7%)|    -|
| o Loop_Y                                      |     -|              -|         -|        -|     -|        no|        -|          -|  7.30|       -|       -|          -|          -|    -|
|  + apply_hardware_pooling_Pipeline_Read_Rij0  |     -|              -|         -|        -|     -|       yes|        -|          -|  0.00|       -|       -|   57 (~0%)|  101 (~0%)|    -|
|   o Read_Rij0                                 |     -|              -|         3|        1|     -|       yes|        -|          -|  7.30|       -|       -|          -|          -|    -|
|  + apply_hardware_pooling_Pipeline_Read_Rij1  |     -|              -|         -|        -|     -|       yes|      514|  5.140e+03|  0.00|       -|       -|   57 (~0%)|  101 (~0%)|    -|
|   o Read_Rij1                                 |     -|              -|         3|        1|   511|       yes|      512|  5.120e+03|  7.30|       -|       -|          -|          -|    -|
|  + apply_hardware_pooling_Pipeline_Pool_X     |     -|              -|         -|        -|     -|       yes|        -|          -|  0.00|       -|       -|  281 (~0%)|   779 (1%)|    -|
|   o Pool_X                                    |     -|              -|         4|        1|     -|       yes|        -|          -|  7.30|       -|       -|          -|          -|    -|
+-----------------------------------------------+------+---------------+----------+---------+------+----------+---------+-----------+------+--------+--------+-----------+-----------+-----+
    Name Prefix: '+' for module, 'o' for loop, '*' for dataflow


================================================================
== HW Interfaces
================================================================
* M_AXI
+----------------+------------+------------+---------------+---------+--------+----------+-----------+--------------+--------------+-------------+-------------+-------------------+
| Interface      | Read/Write | Data Width | Address Width | Latency | Offset | Register | Max Widen | Max Read     | Max Write    | Num Read    | Num Write   | Resource Estimate |
|                |            | (SW->HW)   |               |         |        |          | Bitwidth  | Burst Length | Burst Length | Outstanding | Outstanding |                   |
+----------------+------------+------------+---------------+---------+--------+----------+-----------+--------------+--------------+-------------+-------------+-------------------+
| m_axi_gmem_in  | READ_ONLY  | 32 -> 32   | 64            | 0       | slave  | 0        | 0         | 16           | 16           | 16          | 16          | BRAM=2            |
| m_axi_gmem_out | WRITE_ONLY | 32 -> 32   | 64            | 0       | slave  | 0        | 0         | 16           | 16           | 16          | 16          |                   |
+----------------+------------+------------+---------------+---------+--------+----------+-----------+--------------+--------------+-------------+-------------+-------------------+

* S_AXILITE Interfaces
+-------------------+------------+---------------+--------+----------+
| Interface         | Data Width | Address Width | Offset | Register |
+-------------------+------------+---------------+--------+----------+
| s_axi_CONTROL_BUS | 32         | 6             | 16     | 0        |
| s_axi_control     | 32         | 6             | 16     | 0        |
+-------------------+------------+---------------+--------+----------+

* S_AXILITE Registers
+-------------------+------------------+--------+-------+--------+----------------------------------+----------------------------------------------------------------------+
| Interface         | Register         | Offset | Width | Access | Description                      | Bit Fields                                                           |
+-------------------+------------------+--------+-------+--------+----------------------------------+----------------------------------------------------------------------+
| s_axi_CONTROL_BUS | CTRL             | 0x00   | 32    | RW     | Control signals                  | 0=AP_START 1=AP_DONE 2=AP_IDLE 3=AP_READY 7=AUTO_RESTART 9=INTERRUPT |
| s_axi_CONTROL_BUS | GIER             | 0x04   | 32    | RW     | Global Interrupt Enable Register | 0=Enable                                                             |
| s_axi_CONTROL_BUS | IP_IER           | 0x08   | 32    | RW     | IP Interrupt Enable Register     | 0=CHAN0_INT_EN 1=CHAN1_INT_EN                                        |
| s_axi_CONTROL_BUS | IP_ISR           | 0x0c   | 32    | RW     | IP Interrupt Status Register     | 0=CHAN0_INT_ST 1=CHAN1_INT_ST                                        |
| s_axi_CONTROL_BUS | breedte          | 0x10   | 32    | W      | Data signal of breedte           |                                                                      |
| s_axi_CONTROL_BUS | hoogte           | 0x18   | 32    | W      | Data signal of hoogte            |                                                                      |
| s_axi_CONTROL_BUS | mode             | 0x20   | 32    | W      | Data signal of mode              |                                                                      |
| s_axi_control     | invoer_pixels_1  | 0x10   | 32    | W      | Data signal of invoer_pixels     |                                                                      |
| s_axi_control     | invoer_pixels_2  | 0x14   | 32    | W      | Data signal of invoer_pixels     |                                                                      |
| s_axi_control     | uitvoer_pixels_1 | 0x1c   | 32    | W      | Data signal of uitvoer_pixels    |                                                                      |
| s_axi_control     | uitvoer_pixels_2 | 0x20   | 32    | W      | Data signal of uitvoer_pixels    |                                                                      |
+-------------------+------------------+--------+-------+--------+----------------------------------+----------------------------------------------------------------------+

* TOP LEVEL CONTROL
+-----------+------------+-----------+
| Interface | Type       | Ports     |
+-----------+------------+-----------+
| ap_clk    | clock      | ap_clk    |
| ap_rst_n  | reset      | ap_rst_n  |
| interrupt | interrupt  | interrupt |
| ap_ctrl   | ap_ctrl_hs |           |
+-----------+------------+-----------+


================================================================
== SW I/O Information
================================================================
* Top Function Arguments
+----------------+-----------+--------------+
| Argument       | Direction | Datatype     |
+----------------+-----------+--------------+
| invoer_pixels  | in        | ap_uint<32>* |
| uitvoer_pixels | out       | ap_uint<32>* |
| breedte        | in        | int          |
| hoogte         | in        | int          |
| mode           | in        | int          |
+----------------+-----------+--------------+

* SW-to-HW Mapping
+----------------+-------------------+-----------+----------+--------------------------------------------+
| Argument       | HW Interface      | HW Type   | HW Usage | HW Info                                    |
+----------------+-------------------+-----------+----------+--------------------------------------------+
| invoer_pixels  | m_axi_gmem_in     | interface |          | channel=0                                  |
| invoer_pixels  | s_axi_control     | register  | offset   | name=invoer_pixels_1 offset=0x10 range=32  |
| invoer_pixels  | s_axi_control     | register  | offset   | name=invoer_pixels_2 offset=0x14 range=32  |
| uitvoer_pixels | m_axi_gmem_out    | interface |          | channel=0                                  |
| uitvoer_pixels | s_axi_control     | register  | offset   | name=uitvoer_pixels_1 offset=0x1c range=32 |
| uitvoer_pixels | s_axi_control     | register  | offset   | name=uitvoer_pixels_2 offset=0x20 range=32 |
| breedte        | s_axi_CONTROL_BUS | register  |          | name=breedte offset=0x10 range=32          |
| hoogte         | s_axi_CONTROL_BUS | register  |          | name=hoogte offset=0x18 range=32           |
| mode           | s_axi_CONTROL_BUS | register  |          | name=mode offset=0x20 range=32             |
+----------------+-------------------+-----------+----------+--------------------------------------------+


================================================================
== M_AXI Burst Information
================================================================
 Note: All burst requests might be further partitioned into multiple requests during RTL generation based on max_read_burst_length or max_write_burst_length settings.

* Inferred Burst Summary
+----------------+-----------+----------+-------+-----------+-------------------+
| HW Interface   | Direction | Length   | Width | Loop      | Loop Location     |
+----------------+-----------+----------+-------+-----------+-------------------+
| m_axi_gmem_in  | read      | variable | 32    | Read_Rij0 | pooling.cpp:28:20 |
| m_axi_gmem_in  | read      | variable | 32    | Read_Rij1 | pooling.cpp:32:20 |
| m_axi_gmem_out | write     | variable | 32    | Pool_X    | pooling.cpp:40:17 |
+----------------+-----------+----------+-------+-----------+-------------------+

* All M_AXI Variable Accesses
+----------------+----------------+-------------------+-----------+--------------+----------+-----------+-------------------+------------+-------------------------------------------------------------------------------------------------------+
| HW Interface   | Variable       | Access Location   | Direction | Burst Status | Length   | Loop      | Loop Location     | Resolution | Problem                                                                                               |
+----------------+----------------+-------------------+-----------+--------------+----------+-----------+-------------------+------------+-------------------------------------------------------------------------------------------------------+
| m_axi_gmem_in  | invoer_pixels  | pooling.cpp:30:29 | read      | Widen Fail   |          | Read_Rij0 | pooling.cpp:28:20 | 214-353    | Could not widen since type i32 size is greater than or equal to the max_widen_bitwidth threshold of 0 |
| m_axi_gmem_in  | invoer_pixels  | pooling.cpp:30:29 | read      | Fail         |          | Loop_Y    | pooling.cpp:25:13 | 214-230    | Stride is incompatible                                                                                |
| m_axi_gmem_in  | invoer_pixels  | pooling.cpp:30:29 | read      | Inferred     | variable | Read_Rij0 | pooling.cpp:28:20 |            |                                                                                                       |
| m_axi_gmem_in  | invoer_pixels  | pooling.cpp:34:29 | read      | Widen Fail   |          | Read_Rij1 | pooling.cpp:32:20 | 214-353    | Could not widen since type i32 size is greater than or equal to the max_widen_bitwidth threshold of 0 |
| m_axi_gmem_in  | invoer_pixels  | pooling.cpp:34:29 | read      | Fail         |          | Loop_Y    | pooling.cpp:25:13 | 214-230    | Stride is incompatible                                                                                |
| m_axi_gmem_in  | invoer_pixels  | pooling.cpp:34:29 | read      | Inferred     | variable | Read_Rij1 | pooling.cpp:32:20 |            |                                                                                                       |
| m_axi_gmem_out | uitvoer_pixels | pooling.cpp:86:63 | write     | Widen Fail   |          | Pool_X    | pooling.cpp:40:17 | 214-353    | Could not widen since type i32 size is greater than or equal to the max_widen_bitwidth threshold of 0 |
| m_axi_gmem_out | uitvoer_pixels | pooling.cpp:86:63 | write     | Fail         |          | Loop_Y    | pooling.cpp:25:13 | 214-230    | Stride is incompatible                                                                                |
| m_axi_gmem_out | uitvoer_pixels | pooling.cpp:86:63 | write     | Inferred     | variable | Pool_X    | pooling.cpp:40:17 |            |                                                                                                       |
+----------------+----------------+-------------------+-----------+--------------+----------+-----------+-------------------+------------+-------------------------------------------------------------------------------------------------------+

    * Resolution URL: docs.amd.com/access/sources/dita/topic?Doc_Version=2025.2%20English&url=ug1448-hls-guidance&resourceid=XXX-YYY.html (replace XXX-YYY with column value)

================================================================
== Bind Op Report
================================================================
+----------------------------------------------+-----+--------+-------------+--------+----------+---------+
| Name                                         | DSP | Pragma | Variable    | Op     | Impl     | Latency |
+----------------------------------------------+-----+--------+-------------+--------+----------+---------+
| + apply_hardware_pooling                     | 8   |        |             |        |          |         |
|   sub_ln85_fu_234_p2                         |     |        | sub_ln85    | sub    | fabric   | 0       |
|   sub_ln85_1_fu_250_p2                       |     |        | sub_ln85_1  | sub    | fabric   | 0       |
|   select_ln85_fu_266_p3                      |     |        | select_ln85 | select | auto_sel | 0       |
|   icmp_ln25_fu_274_p2                        |     |        | icmp_ln25   | setgt  | auto     | 0       |
|   icmp_ln28_fu_280_p2                        |     |        | icmp_ln28   | setgt  | auto     | 0       |
|   add_ln25_fu_286_p2                         |     |        | add_ln25    | add    | fabric   | 0       |
|   add_ln25_1_fu_306_p2                       |     |        | add_ln25_1  | add    | fabric   | 0       |
|   add_ln25_2_fu_312_p2                       |     |        | add_ln25_2  | add    | fabric   | 0       |
|   add_ln25_3_fu_332_p2                       |     |        | add_ln25_3  | add    | fabric   | 0       |
|   icmp_ln25_1_fu_370_p2                      |     |        | icmp_ln25_1 | seteq  | auto     | 0       |
|   add_ln89_fu_375_p2                         |     |        | add_ln89    | add    | fabric   | 0       |
|   mul_30ns_32ns_62_2_1_U16                   | 4   |        | mul_ln30    | mul    | auto     | 1       |
|   add_ln30_fu_402_p2                         |     |        | add_ln30    | add    | fabric   | 0       |
|   mul_30ns_32ns_61_2_1_U15                   | 4   |        | mul_ln30_1  | mul    | auto     | 1       |
|   add_ln30_1_fu_414_p2                       |     |        | add_ln30_1  | add    | fabric   | 0       |
|   add_ln30_2_fu_427_p2                       |     |        | add_ln30_2  | add    | fabric   | 0       |
|   add_ln30_3_fu_439_p2                       |     |        | add_ln30_3  | add    | fabric   | 0       |
|  + apply_hardware_pooling_Pipeline_Read_Rij0 | 0   |        |             |        |          |         |
|    icmp_ln28_fu_104_p2                       |     |        | icmp_ln28   | seteq  | auto     | 0       |
|    add_ln28_fu_110_p2                        |     |        | add_ln28    | add    | fabric   | 0       |
|  + apply_hardware_pooling_Pipeline_Read_Rij1 | 0   |        |             |        |          |         |
|    icmp_ln32_fu_104_p2                       |     |        | icmp_ln32   | seteq  | auto     | 0       |
|    add_ln32_fu_110_p2                        |     |        | add_ln32    | add    | fabric   | 0       |
|  + apply_hardware_pooling_Pipeline_Pool_X    | 0   |        |             |        |          |         |
|    icmp_ln40_fu_218_p2                       |     |        | icmp_ln40   | seteq  | auto     | 0       |
|    add_ln87_fu_223_p2                        |     |        | add_ln87    | add    | fabric   | 0       |
|    add_ln70_fu_468_p2                        |     |        | add_ln70    | add    | fabric   | 0       |
|    add_ln70_1_fu_478_p2                      |     |        | add_ln70_1  | add    | fabric   | 0       |
|    add_ln70_2_fu_488_p2                      |     |        | add_ln70_2  | add    | fabric   | 0       |
|    add_ln70_3_fu_516_p2                      |     |        | add_ln70_3  | add    | fabric   | 0       |
|    add_ln70_4_fu_526_p2                      |     |        | add_ln70_4  | add    | fabric   | 0       |
|    add_ln70_5_fu_536_p2                      |     |        | add_ln70_5  | add    | fabric   | 0       |
|    add_ln70_6_fu_564_p2                      |     |        | add_ln70_6  | add    | fabric   | 0       |
|    add_ln70_7_fu_574_p2                      |     |        | add_ln70_7  | add    | fabric   | 0       |
|    add_ln70_8_fu_584_p2                      |     |        | add_ln70_8  | add    | fabric   | 0       |
|    icmp_ln65_fu_384_p2                       |     |        | icmp_ln65   | setgt  | auto     | 0       |
|    max1_fu_600_p3                            |     |        | max1        | select | auto_sel | 0       |
|    icmp_ln66_fu_390_p2                       |     |        | icmp_ln66   | setgt  | auto     | 0       |
|    max2_fu_605_p3                            |     |        | max2        | select | auto_sel | 0       |
|    icmp_ln67_fu_610_p2                       |     |        | icmp_ln67   | setgt  | auto     | 0       |
|    final_val_5_fu_616_p3                     |     |        | final_val_5 | select | auto_sel | 0       |
|    icmp_ln65_1_fu_396_p2                     |     |        | icmp_ln65_1 | setgt  | auto     | 0       |
|    max1_1_fu_624_p3                          |     |        | max1_1      | select | auto_sel | 0       |
|    icmp_ln66_1_fu_402_p2                     |     |        | icmp_ln66_1 | setgt  | auto     | 0       |
|    max2_1_fu_629_p3                          |     |        | max2_1      | select | auto_sel | 0       |
|    icmp_ln67_1_fu_634_p2                     |     |        | icmp_ln67_1 | setgt  | auto     | 0       |
|    final_val_6_fu_640_p3                     |     |        | final_val_6 | select | auto_sel | 0       |
|    icmp_ln65_2_fu_408_p2                     |     |        | icmp_ln65_2 | setgt  | auto     | 0       |
|    max1_2_fu_648_p3                          |     |        | max1_2      | select | auto_sel | 0       |
|    icmp_ln66_2_fu_414_p2                     |     |        | icmp_ln66_2 | setgt  | auto     | 0       |
|    max2_2_fu_653_p3                          |     |        | max2_2      | select | auto_sel | 0       |
|    icmp_ln67_2_fu_658_p2                     |     |        | icmp_ln67_2 | setgt  | auto     | 0       |
|    final_val_7_fu_664_p3                     |     |        | final_val_7 | select | auto_sel | 0       |
|    icmp_ln73_fu_420_p2                       |     |        | icmp_ln73   | setlt  | auto     | 0       |
|    min1_fu_672_p3                            |     |        | min1        | select | auto_sel | 0       |
|    icmp_ln74_fu_426_p2                       |     |        | icmp_ln74   | setlt  | auto     | 0       |
|    min2_fu_677_p3                            |     |        | min2        | select | auto_sel | 0       |
|    icmp_ln75_fu_682_p2                       |     |        | icmp_ln75   | setlt  | auto     | 0       |
|    final_val_fu_688_p3                       |     |        | final_val   | select | auto_sel | 0       |
|    icmp_ln73_1_fu_432_p2                     |     |        | icmp_ln73_1 | setlt  | auto     | 0       |
|    min1_1_fu_696_p3                          |     |        | min1_1      | select | auto_sel | 0       |
|    icmp_ln74_1_fu_438_p2                     |     |        | icmp_ln74_1 | setlt  | auto     | 0       |
|    min2_1_fu_701_p3                          |     |        | min2_1      | select | auto_sel | 0       |
|    icmp_ln75_1_fu_706_p2                     |     |        | icmp_ln75_1 | setlt  | auto     | 0       |
|    final_val_2_fu_712_p3                     |     |        | final_val_2 | select | auto_sel | 0       |
|    icmp_ln73_2_fu_444_p2                     |     |        | icmp_ln73_2 | setlt  | auto     | 0       |
|    min1_2_fu_720_p3                          |     |        | min1_2      | select | auto_sel | 0       |
|    icmp_ln74_2_fu_450_p2                     |     |        | icmp_ln74_2 | setlt  | auto     | 0       |
|    min2_2_fu_725_p3                          |     |        | min2_2      | select | auto_sel | 0       |
|    icmp_ln75_2_fu_730_p2                     |     |        | icmp_ln75_2 | setlt  | auto     | 0       |
|    final_val_4_fu_736_p3                     |     |        | final_val_4 | select | auto_sel | 0       |
|    add_ln40_fu_272_p2                        |     |        | add_ln40    | add    | fabric   | 0       |
+----------------------------------------------+-----+--------+-------------+--------+----------+---------+


================================================================
== Storage Report
================================================================
+--------------------------+--------------+-----------+------+------+--------+--------------+------+---------+------------------+
| Name                     | Usage        | Type      | BRAM | URAM | Pragma | Variable     | Impl | Latency | Bitwidth, Depth, |
|                          |              |           |      |      |        |              |      |         | Banks            |
+--------------------------+--------------+-----------+------+------+--------+--------------+------+---------+------------------+
| + apply_hardware_pooling |              |           | 6    | 0    |        |              |      |         |                  |
|   CONTROL_BUS_s_axi_U    | interface    | s_axilite |      |      |        |              |      |         |                  |
|   control_s_axi_U        | interface    | s_axilite |      |      |        |              |      |         |                  |
|   gmem_in_m_axi_U        | interface    | m_axi     | 2    |      |        |              |      |         |                  |
|   gmem_out_m_axi_U       | interface    | m_axi     |      |      |        |              |      |         |                  |
|   rij_buffer_0_U         | ram_2p array |           | 2    |      |        | rij_buffer_0 | auto | 1       | 24, 256, 1       |
|   rij_buffer_1_U         | ram_2p array |           | 2    |      |        | rij_buffer_1 | auto | 1       | 24, 256, 1       |
+--------------------------+--------------+-----------+------+------+--------+--------------+------+---------+------------------+


================================================================
== Pragma Report
================================================================
* Valid Pragma Syntax
+-----------+--------------------------------------------------------+--------------------------------------------+
| Type      | Options                                                | Location                                   |
+-----------+--------------------------------------------------------+--------------------------------------------+
| INTERFACE | m_axi port=invoer_pixels offset=slave bundle=gmem_in   | in apply_hardware_pooling (pooling.cpp:11) |
| INTERFACE | m_axi port=uitvoer_pixels offset=slave bundle=gmem_out | in apply_hardware_pooling (pooling.cpp:12) |
| INTERFACE | s_axilite port=breedte bundle=CONTROL_BUS              | in apply_hardware_pooling (pooling.cpp:13) |
| INTERFACE | s_axilite port=hoogte bundle=CONTROL_BUS               | in apply_hardware_pooling (pooling.cpp:14) |
| INTERFACE | s_axilite port=mode bundle=CONTROL_BUS                 | in apply_hardware_pooling (pooling.cpp:15) |
| INTERFACE | s_axilite port=return bundle=CONTROL_BUS               | in apply_hardware_pooling (pooling.cpp:16) |
| PIPELINE  | ii=1                                                   | in apply_hardware_pooling (pooling.cpp:29) |
| PIPELINE  | ii=1                                                   | in apply_hardware_pooling (pooling.cpp:33) |
| PIPELINE  | ii=1                                                   | in apply_hardware_pooling (pooling.cpp:41) |
| UNROLL    |                                                        | in apply_hardware_pooling (pooling.cpp:53) |
+-----------+--------------------------------------------------------+--------------------------------------------+


