

================================================================
== Vitis HLS Report for 'vitis_convolution'
================================================================
* Date:           Fri May 22 02:53:20 2026

* Version:        2025.2 (Build 6295257 on Nov 14 2025)
* Project:        Edges
* Solution:       hls (Vivado IP Flow Target)
* Product family: zynq
* Target device:  xc7z020-clg400-1


================================================================
== Performance Estimates
================================================================
+ Timing: 
    * Summary: 
    +--------+----------+----------+------------+
    |  Clock |  Target  | Estimated| Uncertainty|
    +--------+----------+----------+------------+
    |ap_clk  |  10.00 ns|  7.300 ns|     2.70 ns|
    +--------+----------+----------+------------+

+ Latency: 
    * Summary: 
    +---------+---------+----------+----------+-------+-------+---------+
    |  Latency (cycles) |  Latency (absolute) |    Interval   | Pipeline|
    |   min   |   max   |    min   |    max   |  min  |  max  |   Type  |
    +---------+---------+----------+----------+-------+-------+---------+
    |    32793|    32793|  0.328 ms|  0.328 ms|  32794|  32794|       no|
    +---------+---------+----------+----------+-------+-------+---------+

    + Detail: 
        * Instance: 
        +------------------------------------------------------------+--------------------------------------------------+---------+---------+----------+----------+-----+-----+-------------------+
        |                                                            |                                                  |  Latency (cycles) |  Latency (absolute) |  Interval |      Pipeline     |
        |                          Instance                          |                      Module                      |   min   |   max   |    min   |    max   | min | max |        Type       |
        +------------------------------------------------------------+--------------------------------------------------+---------+---------+----------+----------+-----+-----+-------------------+
        |grp_vitis_convolution_Pipeline_Read_Rows_Read_Cols_fu_64    |vitis_convolution_Pipeline_Read_Rows_Read_Cols    |    16396|    16396|  0.164 ms|  0.164 ms|    0|    0|  loop pipeline stp|
        |grp_vitis_convolution_Pipeline_Write_Rows_Write_Cols_fu_72  |vitis_convolution_Pipeline_Write_Rows_Write_Cols  |    16394|    16394|  0.164 ms|  0.164 ms|    0|    0|  loop pipeline stp|
        +------------------------------------------------------------+--------------------------------------------------+---------+---------+----------+----------+-----+-----+-------------------+

        * Loop: 
        N/A



================================================================
== Utilization Estimates
================================================================
* Summary: 
+-----------------+---------+-----+--------+-------+-----+
|       Name      | BRAM_18K| DSP |   FF   |  LUT  | URAM|
+-----------------+---------+-----+--------+-------+-----+
|DSP              |        -|    -|       -|      -|    -|
|Expression       |        -|    -|       -|      -|    -|
|FIFO             |        -|    -|       -|      -|    -|
|Instance         |        2|    -|    1144|   1550|    -|
|Memory           |        -|    -|       -|      -|    -|
|Multiplexer      |        -|    -|       0|     70|    -|
|Register         |        -|    -|      70|      -|    -|
+-----------------+---------+-----+--------+-------+-----+
|Total            |        2|    0|    1214|   1620|    0|
+-----------------+---------+-----+--------+-------+-----+
|Available        |      280|  220|  106400|  53200|    0|
+-----------------+---------+-----+--------+-------+-----+
|Utilization (%)  |       ~0|    0|       1|      3|    0|
+-----------------+---------+-----+--------+-------+-----+

+ Detail: 
    * Instance: 
    +------------------------------------------------------------+--------------------------------------------------+---------+----+-----+-----+-----+
    |                          Instance                          |                      Module                      | BRAM_18K| DSP|  FF | LUT | URAM|
    +------------------------------------------------------------+--------------------------------------------------+---------+----+-----+-----+-----+
    |control_r_s_axi_U                                           |control_r_s_axi                                   |        0|   0|  106|  168|    0|
    |control_s_axi_U                                             |control_s_axi                                     |        0|   0|   36|   40|    0|
    |gmem_m_axi_U                                                |gmem_m_axi                                        |        2|   0|  806|  845|    0|
    |grp_vitis_convolution_Pipeline_Read_Rows_Read_Cols_fu_64    |vitis_convolution_Pipeline_Read_Rows_Read_Cols    |        0|   0|  100|  243|    0|
    |grp_vitis_convolution_Pipeline_Write_Rows_Write_Cols_fu_72  |vitis_convolution_Pipeline_Write_Rows_Write_Cols  |        0|   0|   96|  254|    0|
    +------------------------------------------------------------+--------------------------------------------------+---------+----+-----+-----+-----+
    |Total                                                       |                                                  |        2|   0| 1144| 1550|    0|
    +------------------------------------------------------------+--------------------------------------------------+---------+----+-----+-----+-----+

    * DSP: 
    N/A

    * Memory: 
    N/A

    * FIFO: 
    N/A

    * Expression: 
    N/A

    * Multiplexer: 
    +----------------+----+-----------+-----+-----------+
    |      Name      | LUT| Input Size| Bits| Total Bits|
    +----------------+----+-----------+-----+-----------+
    |ap_NS_fsm       |  25|          5|    1|          5|
    |gmem_0_ARVALID  |   9|          2|    1|          2|
    |gmem_0_AWVALID  |   9|          2|    1|          2|
    |gmem_0_BREADY   |   9|          2|    1|          2|
    |gmem_0_RREADY   |   9|          2|    1|          2|
    |gmem_0_WVALID   |   9|          2|    1|          2|
    +----------------+----+-----------+-----+-----------+
    |Total           |  70|         15|    6|         15|
    +----------------+----+-----------+-----+-----------+

    * Register: 
    +-------------------------------------------------------------------------+----+----+-----+-----------+
    |                                   Name                                  | FF | LUT| Bits| Const Bits|
    +-------------------------------------------------------------------------+----+----+-----+-----------+
    |ap_CS_fsm                                                                |   4|   0|    4|          0|
    |grp_vitis_convolution_Pipeline_Read_Rows_Read_Cols_fu_64_ap_start_reg    |   1|   0|    1|          0|
    |grp_vitis_convolution_Pipeline_Write_Rows_Write_Cols_fu_72_ap_start_reg  |   1|   0|    1|          0|
    |input_img_read_reg_84                                                    |  32|   0|   32|          0|
    |output_img_read_reg_79                                                   |  32|   0|   32|          0|
    +-------------------------------------------------------------------------+----+----+-----+-----------+
    |Total                                                                    |  70|   0|   70|          0|
    +-------------------------------------------------------------------------+----+----+-----+-----------+



================================================================
== Interface
================================================================
* Summary: 
+-------------------------+-----+-----+------------+-------------------+--------------+
|        RTL Ports        | Dir | Bits|  Protocol  |   Source Object   |    C Type    |
+-------------------------+-----+-----+------------+-------------------+--------------+
|s_axi_control_AWVALID    |   in|    1|       s_axi|            control|   return void|
|s_axi_control_AWREADY    |  out|    1|       s_axi|            control|   return void|
|s_axi_control_AWADDR     |   in|    4|       s_axi|            control|   return void|
|s_axi_control_WVALID     |   in|    1|       s_axi|            control|   return void|
|s_axi_control_WREADY     |  out|    1|       s_axi|            control|   return void|
|s_axi_control_WDATA      |   in|   32|       s_axi|            control|   return void|
|s_axi_control_WSTRB      |   in|    4|       s_axi|            control|   return void|
|s_axi_control_ARVALID    |   in|    1|       s_axi|            control|   return void|
|s_axi_control_ARREADY    |  out|    1|       s_axi|            control|   return void|
|s_axi_control_ARADDR     |   in|    4|       s_axi|            control|   return void|
|s_axi_control_RVALID     |  out|    1|       s_axi|            control|   return void|
|s_axi_control_RREADY     |   in|    1|       s_axi|            control|   return void|
|s_axi_control_RDATA      |  out|   32|       s_axi|            control|   return void|
|s_axi_control_RRESP      |  out|    2|       s_axi|            control|   return void|
|s_axi_control_BVALID     |  out|    1|       s_axi|            control|   return void|
|s_axi_control_BREADY     |   in|    1|       s_axi|            control|   return void|
|s_axi_control_BRESP      |  out|    2|       s_axi|            control|   return void|
|s_axi_control_r_AWVALID  |   in|    1|       s_axi|          control_r|        scalar|
|s_axi_control_r_AWREADY  |  out|    1|       s_axi|          control_r|        scalar|
|s_axi_control_r_AWADDR   |   in|    5|       s_axi|          control_r|        scalar|
|s_axi_control_r_WVALID   |   in|    1|       s_axi|          control_r|        scalar|
|s_axi_control_r_WREADY   |  out|    1|       s_axi|          control_r|        scalar|
|s_axi_control_r_WDATA    |   in|   32|       s_axi|          control_r|        scalar|
|s_axi_control_r_WSTRB    |   in|    4|       s_axi|          control_r|        scalar|
|s_axi_control_r_ARVALID  |   in|    1|       s_axi|          control_r|        scalar|
|s_axi_control_r_ARREADY  |  out|    1|       s_axi|          control_r|        scalar|
|s_axi_control_r_ARADDR   |   in|    5|       s_axi|          control_r|        scalar|
|s_axi_control_r_RVALID   |  out|    1|       s_axi|          control_r|        scalar|
|s_axi_control_r_RREADY   |   in|    1|       s_axi|          control_r|        scalar|
|s_axi_control_r_RDATA    |  out|   32|       s_axi|          control_r|        scalar|
|s_axi_control_r_RRESP    |  out|    2|       s_axi|          control_r|        scalar|
|s_axi_control_r_BVALID   |  out|    1|       s_axi|          control_r|        scalar|
|s_axi_control_r_BREADY   |   in|    1|       s_axi|          control_r|        scalar|
|s_axi_control_r_BRESP    |  out|    2|       s_axi|          control_r|        scalar|
|ap_clk                   |   in|    1|  ap_ctrl_hs|  vitis_convolution|  return value|
|ap_rst_n                 |   in|    1|  ap_ctrl_hs|  vitis_convolution|  return value|
|interrupt                |  out|    1|  ap_ctrl_hs|  vitis_convolution|  return value|
|m_axi_gmem_AWVALID       |  out|    1|       m_axi|               gmem|       pointer|
|m_axi_gmem_AWREADY       |   in|    1|       m_axi|               gmem|       pointer|
|m_axi_gmem_AWADDR        |  out|   32|       m_axi|               gmem|       pointer|
|m_axi_gmem_AWID          |  out|    1|       m_axi|               gmem|       pointer|
|m_axi_gmem_AWLEN         |  out|    8|       m_axi|               gmem|       pointer|
|m_axi_gmem_AWSIZE        |  out|    3|       m_axi|               gmem|       pointer|
|m_axi_gmem_AWBURST       |  out|    2|       m_axi|               gmem|       pointer|
|m_axi_gmem_AWLOCK        |  out|    2|       m_axi|               gmem|       pointer|
|m_axi_gmem_AWCACHE       |  out|    4|       m_axi|               gmem|       pointer|
|m_axi_gmem_AWPROT        |  out|    3|       m_axi|               gmem|       pointer|
|m_axi_gmem_AWQOS         |  out|    4|       m_axi|               gmem|       pointer|
|m_axi_gmem_AWREGION      |  out|    4|       m_axi|               gmem|       pointer|
|m_axi_gmem_AWUSER        |  out|    1|       m_axi|               gmem|       pointer|
|m_axi_gmem_WVALID        |  out|    1|       m_axi|               gmem|       pointer|
|m_axi_gmem_WREADY        |   in|    1|       m_axi|               gmem|       pointer|
|m_axi_gmem_WDATA         |  out|   32|       m_axi|               gmem|       pointer|
|m_axi_gmem_WSTRB         |  out|    4|       m_axi|               gmem|       pointer|
|m_axi_gmem_WLAST         |  out|    1|       m_axi|               gmem|       pointer|
|m_axi_gmem_WID           |  out|    1|       m_axi|               gmem|       pointer|
|m_axi_gmem_WUSER         |  out|    1|       m_axi|               gmem|       pointer|
|m_axi_gmem_ARVALID       |  out|    1|       m_axi|               gmem|       pointer|
|m_axi_gmem_ARREADY       |   in|    1|       m_axi|               gmem|       pointer|
|m_axi_gmem_ARADDR        |  out|   32|       m_axi|               gmem|       pointer|
|m_axi_gmem_ARID          |  out|    1|       m_axi|               gmem|       pointer|
|m_axi_gmem_ARLEN         |  out|    8|       m_axi|               gmem|       pointer|
|m_axi_gmem_ARSIZE        |  out|    3|       m_axi|               gmem|       pointer|
|m_axi_gmem_ARBURST       |  out|    2|       m_axi|               gmem|       pointer|
|m_axi_gmem_ARLOCK        |  out|    2|       m_axi|               gmem|       pointer|
|m_axi_gmem_ARCACHE       |  out|    4|       m_axi|               gmem|       pointer|
|m_axi_gmem_ARPROT        |  out|    3|       m_axi|               gmem|       pointer|
|m_axi_gmem_ARQOS         |  out|    4|       m_axi|               gmem|       pointer|
|m_axi_gmem_ARREGION      |  out|    4|       m_axi|               gmem|       pointer|
|m_axi_gmem_ARUSER        |  out|    1|       m_axi|               gmem|       pointer|
|m_axi_gmem_RVALID        |   in|    1|       m_axi|               gmem|       pointer|
|m_axi_gmem_RREADY        |  out|    1|       m_axi|               gmem|       pointer|
|m_axi_gmem_RDATA         |   in|   32|       m_axi|               gmem|       pointer|
|m_axi_gmem_RLAST         |   in|    1|       m_axi|               gmem|       pointer|
|m_axi_gmem_RID           |   in|    1|       m_axi|               gmem|       pointer|
|m_axi_gmem_RUSER         |   in|    1|       m_axi|               gmem|       pointer|
|m_axi_gmem_RRESP         |   in|    2|       m_axi|               gmem|       pointer|
|m_axi_gmem_BVALID        |   in|    1|       m_axi|               gmem|       pointer|
|m_axi_gmem_BREADY        |  out|    1|       m_axi|               gmem|       pointer|
|m_axi_gmem_BRESP         |   in|    2|       m_axi|               gmem|       pointer|
|m_axi_gmem_BID           |   in|    1|       m_axi|               gmem|       pointer|
|m_axi_gmem_BUSER         |   in|    1|       m_axi|               gmem|       pointer|
+-------------------------+-----+-----+------------+-------------------+--------------+

