

================================================================
== Vitis HLS Report for 'vitis_convolution_Pipeline_Read_Rows_Read_Cols'
================================================================
* Date:           Fri May 22 02:53:19 2026

* Version:        2025.2 (Build 6295257 on Nov 14 2025)
* Project:        Edges
* Solution:       hls (Vivado IP Flow Target)
* Product family: zynq
* Target device:  xc7z020-clg400-1


================================================================
== Performance Estimates
================================================================
+ Timing: 
    * Summary: 
    +--------+----------+----------+------------+
    |  Clock |  Target  | Estimated| Uncertainty|
    +--------+----------+----------+------------+
    |ap_clk  |  10.00 ns|  7.300 ns|     2.70 ns|
    +--------+----------+----------+------------+

+ Latency: 
    * Summary: 
    +---------+---------+----------+----------+-----+-----+-------------------+
    |  Latency (cycles) |  Latency (absolute) |  Interval |      Pipeline     |
    |   min   |   max   |    min   |    max   | min | max |        Type       |
    +---------+---------+----------+----------+-----+-----+-------------------+
    |    16396|    16396|  0.164 ms|  0.164 ms|    0|    0|  loop pipeline stp|
    +---------+---------+----------+----------+-----+-----+-------------------+

    + Detail: 
        * Instance: 
        N/A

        * Loop: 
        +-----------------------+---------+---------+----------+-----------+-----------+-------+----------+
        |                       |  Latency (cycles) | Iteration|  Initiation Interval  |  Trip |          |
        |       Loop Name       |   min   |   max   |  Latency |  achieved |   target  | Count | Pipelined|
        +-----------------------+---------+---------+----------+-----------+-----------+-------+----------+
        |- Read_Rows_Read_Cols  |    16394|    16394|        12|          1|          1|  16384|       yes|
        +-----------------------+---------+---------+----------+-----------+-----------+-------+----------+



================================================================
== Utilization Estimates
================================================================
* Summary: 
+-----------------+---------+-----+--------+-------+-----+
|       Name      | BRAM_18K| DSP |   FF   |  LUT  | URAM|
+-----------------+---------+-----+--------+-------+-----+
|DSP              |        -|    -|       -|      -|    -|
|Expression       |        -|    -|       0|    171|    -|
|FIFO             |        -|    -|       -|      -|    -|
|Instance         |        -|    -|       -|      -|    -|
|Memory           |        -|    -|       -|      -|    -|
|Multiplexer      |        -|    -|       0|     72|    -|
|Register         |        -|    -|     100|      -|    -|
+-----------------+---------+-----+--------+-------+-----+
|Total            |        0|    0|     100|    243|    0|
+-----------------+---------+-----+--------+-------+-----+
|Available        |      280|  220|  106400|  53200|    0|
+-----------------+---------+-----+--------+-------+-----+
|Utilization (%)  |        0|    0|      ~0|     ~0|    0|
+-----------------+---------+-----+--------+-------+-----+

+ Detail: 
    * Instance: 
    N/A

    * DSP: 
    N/A

    * Memory: 
    N/A

    * FIFO: 
    N/A

    * Expression: 
    +---------------------------+----------+----+---+----+------------+------------+
    |       Variable Name       | Operation| DSP| FF| LUT| Bitwidth P0| Bitwidth P1|
    +---------------------------+----------+----+---+----+------------+------------+
    |add_ln20_1_fu_143_p2       |         +|   0|  0|  15|           8|           1|
    |add_ln20_fu_112_p2         |         +|   0|  0|  20|          15|           1|
    |add_ln21_fu_165_p2         |         +|   0|  0|  15|           8|           1|
    |add_ln23_1_fu_200_p2       |         +|   0|  0|  32|          32|          32|
    |add_ln23_fu_195_p2         |         +|   0|  0|  32|          32|          32|
    |icmp_ln20_fu_106_p2        |      icmp|   0|  0|  23|          15|          16|
    |icmp_ln21_fu_129_p2        |      icmp|   0|  0|  14|           8|           9|
    |ap_block_pp0_stage0_11001  |        or|   0|  0|   2|           1|           1|
    |select_ln20_1_fu_149_p3    |    select|   0|  0|   8|           1|           8|
    |select_ln20_fu_135_p3      |    select|   0|  0|   8|           1|           1|
    |ap_enable_pp0              |       xor|   0|  0|   2|           1|           2|
    +---------------------------+----------+----+---+----+------------+------------+
    |Total                      |          |   0|  0| 171|         122|         104|
    +---------------------------+----------+----+---+----+------------+------------+

    * Multiplexer: 
    +--------------------------------------+----+-----------+-----+-----------+
    |                 Name                 | LUT| Input Size| Bits| Total Bits|
    +--------------------------------------+----+-----------+-----+-----------+
    |ap_done_int                           |   9|          2|    1|          2|
    |ap_enable_reg_pp0_iter1               |   9|          2|    1|          2|
    |ap_sig_allocacmp_indvar_flatten_load  |   9|          2|   15|         30|
    |c_fu_58                               |   9|          2|    8|         16|
    |gmem_blk_n_AR                         |   9|          2|    1|          2|
    |gmem_blk_n_R                          |   9|          2|    1|          2|
    |indvar_flatten_fu_66                  |   9|          2|   15|         30|
    |r_fu_62                               |   9|          2|    8|         16|
    +--------------------------------------+----+-----------+-----+-----------+
    |Total                                 |  72|         16|   50|        100|
    +--------------------------------------+----+-----------+-----+-----------+

    * Register: 
    +-----------------------------------+----+----+-----+-----------+
    |                Name               | FF | LUT| Bits| Const Bits|
    +-----------------------------------+----+----+-----+-----------+
    |ap_CS_fsm                          |   1|   0|    1|          0|
    |ap_done_reg                        |   1|   0|    1|          0|
    |ap_enable_reg_pp0_iter1            |   1|   0|    1|          0|
    |ap_enable_reg_pp0_iter10           |   1|   0|    1|          0|
    |ap_enable_reg_pp0_iter11           |   1|   0|    1|          0|
    |ap_enable_reg_pp0_iter2            |   1|   0|    1|          0|
    |ap_enable_reg_pp0_iter3            |   1|   0|    1|          0|
    |ap_enable_reg_pp0_iter4            |   1|   0|    1|          0|
    |ap_enable_reg_pp0_iter5            |   1|   0|    1|          0|
    |ap_enable_reg_pp0_iter6            |   1|   0|    1|          0|
    |ap_enable_reg_pp0_iter7            |   1|   0|    1|          0|
    |ap_enable_reg_pp0_iter8            |   1|   0|    1|          0|
    |ap_enable_reg_pp0_iter9            |   1|   0|    1|          0|
    |ap_loop_exit_ready_pp0_iter10_reg  |   1|   0|    1|          0|
    |ap_loop_exit_ready_pp0_iter1_reg   |   1|   0|    1|          0|
    |ap_loop_exit_ready_pp0_iter2_reg   |   1|   0|    1|          0|
    |ap_loop_exit_ready_pp0_iter3_reg   |   1|   0|    1|          0|
    |ap_loop_exit_ready_pp0_iter4_reg   |   1|   0|    1|          0|
    |ap_loop_exit_ready_pp0_iter5_reg   |   1|   0|    1|          0|
    |ap_loop_exit_ready_pp0_iter6_reg   |   1|   0|    1|          0|
    |ap_loop_exit_ready_pp0_iter7_reg   |   1|   0|    1|          0|
    |ap_loop_exit_ready_pp0_iter8_reg   |   1|   0|    1|          0|
    |ap_loop_exit_ready_pp0_iter9_reg   |   1|   0|    1|          0|
    |c_fu_58                            |   8|   0|    8|          0|
    |gmem_addr_reg_252                  |  32|   0|   32|          0|
    |indvar_flatten_fu_66               |  15|   0|   15|          0|
    |r_fu_62                            |   8|   0|    8|          0|
    |trunc_ln23_1_reg_247               |   7|   0|    7|          0|
    |trunc_ln23_reg_242                 |   7|   0|    7|          0|
    +-----------------------------------+----+----+-----+-----------+
    |Total                              | 100|   0|  100|          0|
    +-----------------------------------+----+----+-----+-----------+



================================================================
== Interface
================================================================
* Summary: 
+-----------------------+-----+-----+------------+------------------------------------------------+--------------+
|       RTL Ports       | Dir | Bits|  Protocol  |                  Source Object                 |    C Type    |
+-----------------------+-----+-----+------------+------------------------------------------------+--------------+
|ap_clk                 |   in|    1|  ap_ctrl_hs|  vitis_convolution_Pipeline_Read_Rows_Read_Cols|  return value|
|ap_rst                 |   in|    1|  ap_ctrl_hs|  vitis_convolution_Pipeline_Read_Rows_Read_Cols|  return value|
|ap_start               |   in|    1|  ap_ctrl_hs|  vitis_convolution_Pipeline_Read_Rows_Read_Cols|  return value|
|ap_done                |  out|    1|  ap_ctrl_hs|  vitis_convolution_Pipeline_Read_Rows_Read_Cols|  return value|
|ap_idle                |  out|    1|  ap_ctrl_hs|  vitis_convolution_Pipeline_Read_Rows_Read_Cols|  return value|
|ap_ready               |  out|    1|  ap_ctrl_hs|  vitis_convolution_Pipeline_Read_Rows_Read_Cols|  return value|
|m_axi_gmem_0_AWVALID   |  out|    1|       m_axi|                                            gmem|       pointer|
|m_axi_gmem_0_AWREADY   |   in|    1|       m_axi|                                            gmem|       pointer|
|m_axi_gmem_0_AWADDR    |  out|   32|       m_axi|                                            gmem|       pointer|
|m_axi_gmem_0_AWID      |  out|    1|       m_axi|                                            gmem|       pointer|
|m_axi_gmem_0_AWLEN     |  out|   32|       m_axi|                                            gmem|       pointer|
|m_axi_gmem_0_AWSIZE    |  out|    3|       m_axi|                                            gmem|       pointer|
|m_axi_gmem_0_AWBURST   |  out|    2|       m_axi|                                            gmem|       pointer|
|m_axi_gmem_0_AWLOCK    |  out|    2|       m_axi|                                            gmem|       pointer|
|m_axi_gmem_0_AWCACHE   |  out|    4|       m_axi|                                            gmem|       pointer|
|m_axi_gmem_0_AWPROT    |  out|    3|       m_axi|                                            gmem|       pointer|
|m_axi_gmem_0_AWQOS     |  out|    4|       m_axi|                                            gmem|       pointer|
|m_axi_gmem_0_AWREGION  |  out|    4|       m_axi|                                            gmem|       pointer|
|m_axi_gmem_0_AWUSER    |  out|    1|       m_axi|                                            gmem|       pointer|
|m_axi_gmem_0_WVALID    |  out|    1|       m_axi|                                            gmem|       pointer|
|m_axi_gmem_0_WREADY    |   in|    1|       m_axi|                                            gmem|       pointer|
|m_axi_gmem_0_WDATA     |  out|    8|       m_axi|                                            gmem|       pointer|
|m_axi_gmem_0_WSTRB     |  out|    1|       m_axi|                                            gmem|       pointer|
|m_axi_gmem_0_WLAST     |  out|    1|       m_axi|                                            gmem|       pointer|
|m_axi_gmem_0_WID       |  out|    1|       m_axi|                                            gmem|       pointer|
|m_axi_gmem_0_WUSER     |  out|    1|       m_axi|                                            gmem|       pointer|
|m_axi_gmem_0_ARVALID   |  out|    1|       m_axi|                                            gmem|       pointer|
|m_axi_gmem_0_ARREADY   |   in|    1|       m_axi|                                            gmem|       pointer|
|m_axi_gmem_0_ARADDR    |  out|   32|       m_axi|                                            gmem|       pointer|
|m_axi_gmem_0_ARID      |  out|    1|       m_axi|                                            gmem|       pointer|
|m_axi_gmem_0_ARLEN     |  out|   32|       m_axi|                                            gmem|       pointer|
|m_axi_gmem_0_ARSIZE    |  out|    3|       m_axi|                                            gmem|       pointer|
|m_axi_gmem_0_ARBURST   |  out|    2|       m_axi|                                            gmem|       pointer|
|m_axi_gmem_0_ARLOCK    |  out|    2|       m_axi|                                            gmem|       pointer|
|m_axi_gmem_0_ARCACHE   |  out|    4|       m_axi|                                            gmem|       pointer|
|m_axi_gmem_0_ARPROT    |  out|    3|       m_axi|                                            gmem|       pointer|
|m_axi_gmem_0_ARQOS     |  out|    4|       m_axi|                                            gmem|       pointer|
|m_axi_gmem_0_ARREGION  |  out|    4|       m_axi|                                            gmem|       pointer|
|m_axi_gmem_0_ARUSER    |  out|    1|       m_axi|                                            gmem|       pointer|
|m_axi_gmem_0_RVALID    |   in|    1|       m_axi|                                            gmem|       pointer|
|m_axi_gmem_0_RREADY    |  out|    1|       m_axi|                                            gmem|       pointer|
|m_axi_gmem_0_RDATA     |   in|    8|       m_axi|                                            gmem|       pointer|
|m_axi_gmem_0_RLAST     |   in|    1|       m_axi|                                            gmem|       pointer|
|m_axi_gmem_0_RID       |   in|    1|       m_axi|                                            gmem|       pointer|
|m_axi_gmem_0_RFIFONUM  |   in|   11|       m_axi|                                            gmem|       pointer|
|m_axi_gmem_0_RUSER     |   in|    1|       m_axi|                                            gmem|       pointer|
|m_axi_gmem_0_RRESP     |   in|    2|       m_axi|                                            gmem|       pointer|
|m_axi_gmem_0_BVALID    |   in|    1|       m_axi|                                            gmem|       pointer|
|m_axi_gmem_0_BREADY    |  out|    1|       m_axi|                                            gmem|       pointer|
|m_axi_gmem_0_BRESP     |   in|    2|       m_axi|                                            gmem|       pointer|
|m_axi_gmem_0_BID       |   in|    1|       m_axi|                                            gmem|       pointer|
|m_axi_gmem_0_BUSER     |   in|    1|       m_axi|                                            gmem|       pointer|
|input_img              |   in|   32|     ap_none|                                       input_img|        scalar|
+-----------------------+-----+-----+------------+------------------------------------------------+--------------+

