

================================================================
== Vitis HLS Report for 'vitis_convolution_Pipeline_Write_Rows_Write_Cols'
================================================================
* Date:           Wed May 20 16:42:41 2026

* Version:        2025.2 (Build 6295257 on Nov 14 2025)
* Project:        Edges
* Solution:       hls (Vivado IP Flow Target)
* Product family: zynq
* Target device:  xc7z020-clg400-1


================================================================
== Performance Estimates
================================================================
+ Timing: 
    * Summary: 
    +--------+----------+----------+------------+
    |  Clock |  Target  | Estimated| Uncertainty|
    +--------+----------+----------+------------+
    |ap_clk  |  10.00 ns|  7.300 ns|     2.70 ns|
    +--------+----------+----------+------------+

+ Latency: 
    * Summary: 
    +---------+---------+----------+----------+-----+-----+-------------------+
    |  Latency (cycles) |  Latency (absolute) |  Interval |      Pipeline     |
    |   min   |   max   |    min   |    max   | min | max |        Type       |
    +---------+---------+----------+----------+-----+-----+-------------------+
    |    16394|    16394|  0.164 ms|  0.164 ms|    0|    0|  loop pipeline stp|
    +---------+---------+----------+----------+-----+-----+-------------------+

    + Detail: 
        * Instance: 
        N/A

        * Loop: 
        +-------------------------+---------+---------+----------+-----------+-----------+-------+----------+
        |                         |  Latency (cycles) | Iteration|  Initiation Interval  |  Trip |          |
        |        Loop Name        |   min   |   max   |  Latency |  achieved |   target  | Count | Pipelined|
        +-------------------------+---------+---------+----------+-----------+-----------+-------+----------+
        |- Write_Rows_Write_Cols  |    16392|    16392|        10|          1|          1|  16384|       yes|
        +-------------------------+---------+---------+----------+-----------+-----------+-------+----------+



================================================================
== Utilization Estimates
================================================================
* Summary: 
+-----------------+---------+-----+--------+-------+-----+
|       Name      | BRAM_18K| DSP |   FF   |  LUT  | URAM|
+-----------------+---------+-----+--------+-------+-----+
|DSP              |        -|    -|       -|      -|    -|
|Expression       |        -|    -|       0|    254|    -|
|FIFO             |        -|    -|       -|      -|    -|
|Instance         |        -|    -|       -|      -|    -|
|Memory           |        -|    -|       -|      -|    -|
|Multiplexer      |        -|    -|       0|     81|    -|
|Register         |        -|    -|     137|      -|    -|
+-----------------+---------+-----+--------+-------+-----+
|Total            |        0|    0|     137|    335|    0|
+-----------------+---------+-----+--------+-------+-----+
|Available        |      280|  220|  106400|  53200|    0|
+-----------------+---------+-----+--------+-------+-----+
|Utilization (%)  |        0|    0|      ~0|     ~0|    0|
+-----------------+---------+-----+--------+-------+-----+

+ Detail: 
    * Instance: 
    N/A

    * DSP: 
    N/A

    * Memory: 
    N/A

    * FIFO: 
    N/A

    * Expression: 
    +--------------------------------+----------+----+---+----+------------+------------+
    |          Variable Name         | Operation| DSP| FF| LUT| Bitwidth P0| Bitwidth P1|
    +--------------------------------+----------+----+---+----+------------+------------+
    |add_ln42_1_fu_143_p2            |         +|   0|  0|  20|          15|           1|
    |add_ln42_fu_160_p2              |         +|   0|  0|  15|           8|           1|
    |add_ln43_fu_192_p2              |         +|   0|  0|  15|           8|           1|
    |add_ln45_1_fu_241_p2            |         +|   0|  0|  64|          64|          64|
    |add_ln45_2_fu_225_p2            |         +|   0|  0|  17|          14|          14|
    |add_ln45_fu_236_p2              |         +|   0|  0|  64|          64|          64|
    |ap_block_pp0_stage0_01001_grp1  |       and|   0|  0|   2|           1|           1|
    |icmp_ln42_fu_137_p2             |      icmp|   0|  0|  23|          15|          16|
    |icmp_ln43_fu_166_p2             |      icmp|   0|  0|  14|           8|           9|
    |ap_block_pp0_stage0_11001       |        or|   0|  0|   2|           1|           1|
    |select_ln42_1_fu_180_p3         |    select|   0|  0|   8|           1|           8|
    |select_ln42_fu_172_p3           |    select|   0|  0|   8|           1|           1|
    |ap_enable_pp0                   |       xor|   0|  0|   2|           1|           2|
    +--------------------------------+----------+----+---+----+------------+------------+
    |Total                           |          |   0|  0| 254|         201|         183|
    +--------------------------------+----------+----+---+----+------------+------------+

    * Multiplexer: 
    +----------------------------------------+----+-----------+-----+-----------+
    |                  Name                  | LUT| Input Size| Bits| Total Bits|
    +----------------------------------------+----+-----------+-----+-----------+
    |ap_done_int                             |   9|          2|    1|          2|
    |ap_enable_reg_pp0_iter1                 |   9|          2|    1|          2|
    |ap_sig_allocacmp_indvar_flatten13_load  |   9|          2|   15|         30|
    |c_fu_68                                 |   9|          2|    8|         16|
    |gmem_out_blk_n_AW                       |   9|          2|    1|          2|
    |gmem_out_blk_n_B                        |   9|          2|    1|          2|
    |gmem_out_blk_n_W                        |   9|          2|    1|          2|
    |indvar_flatten13_fu_76                  |   9|          2|   15|         30|
    |r_fu_72                                 |   9|          2|    8|         16|
    +----------------------------------------+----+-----------+-----+-----------+
    |Total                                   |  81|         18|   51|        102|
    +----------------------------------------+----+-----------+-----+-----------+

    * Register: 
    +----------------------------------+----+----+-----+-----------+
    |               Name               | FF | LUT| Bits| Const Bits|
    +----------------------------------+----+----+-----+-----------+
    |ap_CS_fsm                         |   1|   0|    1|          0|
    |ap_done_reg                       |   1|   0|    1|          0|
    |ap_enable_reg_pp0_iter1           |   1|   0|    1|          0|
    |ap_enable_reg_pp0_iter2           |   1|   0|    1|          0|
    |ap_enable_reg_pp0_iter3           |   1|   0|    1|          0|
    |ap_enable_reg_pp0_iter4           |   1|   0|    1|          0|
    |ap_enable_reg_pp0_iter5           |   1|   0|    1|          0|
    |ap_enable_reg_pp0_iter6           |   1|   0|    1|          0|
    |ap_enable_reg_pp0_iter7           |   1|   0|    1|          0|
    |ap_enable_reg_pp0_iter8           |   1|   0|    1|          0|
    |ap_enable_reg_pp0_iter9           |   1|   0|    1|          0|
    |ap_loop_exit_ready_pp0_iter1_reg  |   1|   0|    1|          0|
    |ap_loop_exit_ready_pp0_iter2_reg  |   1|   0|    1|          0|
    |ap_loop_exit_ready_pp0_iter3_reg  |   1|   0|    1|          0|
    |ap_loop_exit_ready_pp0_iter4_reg  |   1|   0|    1|          0|
    |ap_loop_exit_ready_pp0_iter5_reg  |   1|   0|    1|          0|
    |ap_loop_exit_ready_pp0_iter6_reg  |   1|   0|    1|          0|
    |ap_loop_exit_ready_pp0_iter7_reg  |   1|   0|    1|          0|
    |ap_loop_exit_ready_pp0_iter8_reg  |   1|   0|    1|          0|
    |c_fu_68                           |   8|   0|    8|          0|
    |gmem_out_addr_reg_299             |  64|   0|   64|          0|
    |indvar_flatten13_fu_76            |  15|   0|   15|          0|
    |local_output_load_reg_306         |   8|   0|    8|          0|
    |r_fu_72                           |   8|   0|    8|          0|
    |select_ln42_reg_283               |   8|   0|    8|          0|
    |trunc_ln45_reg_289                |   7|   0|    7|          0|
    +----------------------------------+----+----+-----+-----------+
    |Total                             | 137|   0|  137|          0|
    +----------------------------------+----+----+-----+-----------+



================================================================
== Interface
================================================================
* Summary: 
+---------------------------+-----+-----+------------+--------------------------------------------------+--------------+
|         RTL Ports         | Dir | Bits|  Protocol  |                   Source Object                  |    C Type    |
+---------------------------+-----+-----+------------+--------------------------------------------------+--------------+
|ap_clk                     |   in|    1|  ap_ctrl_hs|  vitis_convolution_Pipeline_Write_Rows_Write_Cols|  return value|
|ap_rst                     |   in|    1|  ap_ctrl_hs|  vitis_convolution_Pipeline_Write_Rows_Write_Cols|  return value|
|ap_start                   |   in|    1|  ap_ctrl_hs|  vitis_convolution_Pipeline_Write_Rows_Write_Cols|  return value|
|ap_done                    |  out|    1|  ap_ctrl_hs|  vitis_convolution_Pipeline_Write_Rows_Write_Cols|  return value|
|ap_idle                    |  out|    1|  ap_ctrl_hs|  vitis_convolution_Pipeline_Write_Rows_Write_Cols|  return value|
|ap_ready                   |  out|    1|  ap_ctrl_hs|  vitis_convolution_Pipeline_Write_Rows_Write_Cols|  return value|
|m_axi_gmem_out_0_AWVALID   |  out|    1|       m_axi|                                          gmem_out|       pointer|
|m_axi_gmem_out_0_AWREADY   |   in|    1|       m_axi|                                          gmem_out|       pointer|
|m_axi_gmem_out_0_AWADDR    |  out|   64|       m_axi|                                          gmem_out|       pointer|
|m_axi_gmem_out_0_AWID      |  out|    1|       m_axi|                                          gmem_out|       pointer|
|m_axi_gmem_out_0_AWLEN     |  out|   32|       m_axi|                                          gmem_out|       pointer|
|m_axi_gmem_out_0_AWSIZE    |  out|    3|       m_axi|                                          gmem_out|       pointer|
|m_axi_gmem_out_0_AWBURST   |  out|    2|       m_axi|                                          gmem_out|       pointer|
|m_axi_gmem_out_0_AWLOCK    |  out|    2|       m_axi|                                          gmem_out|       pointer|
|m_axi_gmem_out_0_AWCACHE   |  out|    4|       m_axi|                                          gmem_out|       pointer|
|m_axi_gmem_out_0_AWPROT    |  out|    3|       m_axi|                                          gmem_out|       pointer|
|m_axi_gmem_out_0_AWQOS     |  out|    4|       m_axi|                                          gmem_out|       pointer|
|m_axi_gmem_out_0_AWREGION  |  out|    4|       m_axi|                                          gmem_out|       pointer|
|m_axi_gmem_out_0_AWUSER    |  out|    1|       m_axi|                                          gmem_out|       pointer|
|m_axi_gmem_out_0_WVALID    |  out|    1|       m_axi|                                          gmem_out|       pointer|
|m_axi_gmem_out_0_WREADY    |   in|    1|       m_axi|                                          gmem_out|       pointer|
|m_axi_gmem_out_0_WDATA     |  out|    8|       m_axi|                                          gmem_out|       pointer|
|m_axi_gmem_out_0_WSTRB     |  out|    1|       m_axi|                                          gmem_out|       pointer|
|m_axi_gmem_out_0_WLAST     |  out|    1|       m_axi|                                          gmem_out|       pointer|
|m_axi_gmem_out_0_WID       |  out|    1|       m_axi|                                          gmem_out|       pointer|
|m_axi_gmem_out_0_WUSER     |  out|    1|       m_axi|                                          gmem_out|       pointer|
|m_axi_gmem_out_0_ARVALID   |  out|    1|       m_axi|                                          gmem_out|       pointer|
|m_axi_gmem_out_0_ARREADY   |   in|    1|       m_axi|                                          gmem_out|       pointer|
|m_axi_gmem_out_0_ARADDR    |  out|   64|       m_axi|                                          gmem_out|       pointer|
|m_axi_gmem_out_0_ARID      |  out|    1|       m_axi|                                          gmem_out|       pointer|
|m_axi_gmem_out_0_ARLEN     |  out|   32|       m_axi|                                          gmem_out|       pointer|
|m_axi_gmem_out_0_ARSIZE    |  out|    3|       m_axi|                                          gmem_out|       pointer|
|m_axi_gmem_out_0_ARBURST   |  out|    2|       m_axi|                                          gmem_out|       pointer|
|m_axi_gmem_out_0_ARLOCK    |  out|    2|       m_axi|                                          gmem_out|       pointer|
|m_axi_gmem_out_0_ARCACHE   |  out|    4|       m_axi|                                          gmem_out|       pointer|
|m_axi_gmem_out_0_ARPROT    |  out|    3|       m_axi|                                          gmem_out|       pointer|
|m_axi_gmem_out_0_ARQOS     |  out|    4|       m_axi|                                          gmem_out|       pointer|
|m_axi_gmem_out_0_ARREGION  |  out|    4|       m_axi|                                          gmem_out|       pointer|
|m_axi_gmem_out_0_ARUSER    |  out|    1|       m_axi|                                          gmem_out|       pointer|
|m_axi_gmem_out_0_RVALID    |   in|    1|       m_axi|                                          gmem_out|       pointer|
|m_axi_gmem_out_0_RREADY    |  out|    1|       m_axi|                                          gmem_out|       pointer|
|m_axi_gmem_out_0_RDATA     |   in|    8|       m_axi|                                          gmem_out|       pointer|
|m_axi_gmem_out_0_RLAST     |   in|    1|       m_axi|                                          gmem_out|       pointer|
|m_axi_gmem_out_0_RID       |   in|    1|       m_axi|                                          gmem_out|       pointer|
|m_axi_gmem_out_0_RFIFONUM  |   in|   11|       m_axi|                                          gmem_out|       pointer|
|m_axi_gmem_out_0_RUSER     |   in|    1|       m_axi|                                          gmem_out|       pointer|
|m_axi_gmem_out_0_RRESP     |   in|    2|       m_axi|                                          gmem_out|       pointer|
|m_axi_gmem_out_0_BVALID    |   in|    1|       m_axi|                                          gmem_out|       pointer|
|m_axi_gmem_out_0_BREADY    |  out|    1|       m_axi|                                          gmem_out|       pointer|
|m_axi_gmem_out_0_BRESP     |   in|    2|       m_axi|                                          gmem_out|       pointer|
|m_axi_gmem_out_0_BID       |   in|    1|       m_axi|                                          gmem_out|       pointer|
|m_axi_gmem_out_0_BUSER     |   in|    1|       m_axi|                                          gmem_out|       pointer|
|output_img                 |   in|   64|     ap_none|                                        output_img|        scalar|
|local_output_address0      |  out|   14|   ap_memory|                                      local_output|         array|
|local_output_ce0           |  out|    1|   ap_memory|                                      local_output|         array|
|local_output_q0            |   in|    8|   ap_memory|                                      local_output|         array|
+---------------------------+-----+-----+------------+--------------------------------------------------+--------------+

