

================================================================
== Vitis HLS Report for 'vitis_convolution_Pipeline_Read_Rows_Read_Cols'
================================================================
* Date:           Wed May 20 16:42:37 2026

* Version:        2025.2 (Build 6295257 on Nov 14 2025)
* Project:        Edges
* Solution:       hls (Vivado IP Flow Target)
* Product family: zynq
* Target device:  xc7z020-clg400-1


================================================================
== Performance Estimates
================================================================
+ Timing: 
    * Summary: 
    +--------+----------+----------+------------+
    |  Clock |  Target  | Estimated| Uncertainty|
    +--------+----------+----------+------------+
    |ap_clk  |  10.00 ns|  7.300 ns|     2.70 ns|
    +--------+----------+----------+------------+

+ Latency: 
    * Summary: 
    +---------+---------+----------+----------+-----+-----+-------------------+
    |  Latency (cycles) |  Latency (absolute) |  Interval |      Pipeline     |
    |   min   |   max   |    min   |    max   | min | max |        Type       |
    +---------+---------+----------+----------+-----+-----+-------------------+
    |    16399|    16399|  0.164 ms|  0.164 ms|    0|    0|  loop pipeline stp|
    +---------+---------+----------+----------+-----+-----+-------------------+

    + Detail: 
        * Instance: 
        N/A

        * Loop: 
        +-----------------------+---------+---------+----------+-----------+-----------+-------+----------+
        |                       |  Latency (cycles) | Iteration|  Initiation Interval  |  Trip |          |
        |       Loop Name       |   min   |   max   |  Latency |  achieved |   target  | Count | Pipelined|
        +-----------------------+---------+---------+----------+-----------+-----------+-------+----------+
        |- Read_Rows_Read_Cols  |    16397|    16397|        15|          1|          1|  16384|       yes|
        +-----------------------+---------+---------+----------+-----------+-----------+-------+----------+

============================================================
+ Verbose Summary: Synthesis Manager
============================================================
InlineROM: 1
ExposeGlobal: 0
============================================================
+ Verbose Summary: CDFG Model
============================================================
IsTopModel: 0
ResetActiveHigh: 1
IsCombinational: 0
IsDatapathOnly: 0
HasWiredReturn: 1
HasMFsm: 2
HasVarLatency: 1
IsPipeline: 0
IsRtlPipelined: 0
IsInstanceOverlapped: 0
IsDontTouch: 0
HasImplIP: 0
IsGatedGlobalClock: 0

+ Individual pipeline summary: 
  * Pipeline-0: initiation interval (II) = 1, depth = 15


============================================================
+ Verbose Summary: Schedule
============================================================
* Number of FSM states : 15
* Pipeline : 1
  Pipeline-0 : II = 1, D = 15, States = { 1 2 3 4 5 6 7 8 9 10 11 12 13 14 15 }
* Dataflow Pipeline: 0

* FSM state transitions: 
1 --> 2 
2 --> 3 
3 --> 4 
4 --> 5 
5 --> 6 
6 --> 7 
7 --> 8 
8 --> 9 
9 --> 10 
10 --> 11 
11 --> 12 
12 --> 13 
13 --> 14 
14 --> 15 
15 --> 

* FSM state operations: 

State 1 <SV = 0> <Delay = 5.12>
ST_1 : Operation 18 [1/1] (0.00ns)   --->   "%c = alloca i32 1" [vitis_convolution.cpp:19]   --->   Operation 18 'alloca' 'c' <Predicate = true> <Delay = 0.00>
ST_1 : Operation 19 [1/1] (0.00ns)   --->   "%r = alloca i32 1" [vitis_convolution.cpp:18]   --->   Operation 19 'alloca' 'r' <Predicate = true> <Delay = 0.00>
ST_1 : Operation 20 [1/1] (0.00ns)   --->   "%indvar_flatten = alloca i32 1"   --->   Operation 20 'alloca' 'indvar_flatten' <Predicate = true> <Delay = 0.00>
ST_1 : Operation 21 [1/1] (0.00ns)   --->   "%specinterface_ln0 = specinterface void @_ssdm_op_SpecInterface, i8 %gmem_in, void @empty, i32 0, i32 0, void @empty_0, i32 0, i32 16384, void @empty_1, void @empty_2, void @empty_0, i32 16, i32 16, i32 16, i32 16, void @empty_0, void @empty_0, i32 4294967295, i32 0, i32 0, i32 1"   --->   Operation 21 'specinterface' 'specinterface_ln0' <Predicate = true> <Delay = 0.00>
ST_1 : Operation 22 [1/1] (0.00ns)   --->   "%input_img_read = read i64 @_ssdm_op_Read.ap_auto.i64, i64 %input_img"   --->   Operation 22 'read' 'input_img_read' <Predicate = true> <Delay = 0.00>
ST_1 : Operation 23 [1/1] (1.58ns)   --->   "%store_ln0 = store i15 0, i15 %indvar_flatten"   --->   Operation 23 'store' 'store_ln0' <Predicate = true> <Delay = 1.58>
ST_1 : Operation 24 [1/1] (1.58ns)   --->   "%store_ln18 = store i8 0, i8 %r" [vitis_convolution.cpp:18]   --->   Operation 24 'store' 'store_ln18' <Predicate = true> <Delay = 1.58>
ST_1 : Operation 25 [1/1] (1.58ns)   --->   "%store_ln19 = store i8 0, i8 %c" [vitis_convolution.cpp:19]   --->   Operation 25 'store' 'store_ln19' <Predicate = true> <Delay = 1.58>
ST_1 : Operation 26 [1/1] (0.00ns)   --->   "%br_ln0 = br void %for.inc"   --->   Operation 26 'br' 'br_ln0' <Predicate = true> <Delay = 0.00>
ST_1 : Operation 27 [1/1] (0.00ns)   --->   "%indvar_flatten_load = load i15 %indvar_flatten" [vitis_convolution.cpp:18]   --->   Operation 27 'load' 'indvar_flatten_load' <Predicate = true> <Delay = 0.00>
ST_1 : Operation 28 [1/1] (0.00ns)   --->   "%specbitsmap_ln0 = specbitsmap void @_ssdm_op_SpecBitsMap, i8 %gmem_in"   --->   Operation 28 'specbitsmap' 'specbitsmap_ln0' <Predicate = true> <Delay = 0.00>
ST_1 : Operation 29 [1/1] (1.94ns)   --->   "%icmp_ln18 = icmp_eq  i15 %indvar_flatten_load, i15 16384" [vitis_convolution.cpp:18]   --->   Operation 29 'icmp' 'icmp_ln18' <Predicate = true> <Delay = 1.94> <CoreInst = "Cmp">   --->   Core 9 'Cmp' <Latency = 0> <II = 1> <Delay = 1.94> <FuncUnit> <Opcode : 'seteq' 'setne' 'setle' 'setge' 'setlt' 'setgt'> <InPorts = 2> <OutPorts = 1>
ST_1 : Operation 30 [1/1] (1.94ns)   --->   "%add_ln18_1 = add i15 %indvar_flatten_load, i15 1" [vitis_convolution.cpp:18]   --->   Operation 30 'add' 'add_ln18_1' <Predicate = true> <Delay = 1.94> <CoreInst = "Adder">   --->   Core 1 'Adder' <Latency = 0> <II = 1> <Delay = 1.94> <FuncUnit> <Opcode : 'add' 'sub'> <InPorts = 2> <OutPorts = 1>
ST_1 : Operation 31 [1/1] (0.00ns)   --->   "%br_ln18 = br i1 %icmp_ln18, void %for.inc9, void %Conv_Rows.exitStub" [vitis_convolution.cpp:18]   --->   Operation 31 'br' 'br_ln18' <Predicate = true> <Delay = 0.00>
ST_1 : Operation 32 [1/1] (1.58ns)   --->   "%store_ln18 = store i15 %add_ln18_1, i15 %indvar_flatten" [vitis_convolution.cpp:18]   --->   Operation 32 'store' 'store_ln18' <Predicate = (!icmp_ln18)> <Delay = 1.58>

State 2 <SV = 1> <Delay = 6.66>
ST_2 : Operation 33 [1/1] (0.00ns)   --->   "%c_load = load i8 %c" [vitis_convolution.cpp:19]   --->   Operation 33 'load' 'c_load' <Predicate = true> <Delay = 0.00>
ST_2 : Operation 34 [1/1] (0.00ns)   --->   "%r_load = load i8 %r" [vitis_convolution.cpp:18]   --->   Operation 34 'load' 'r_load' <Predicate = true> <Delay = 0.00>
ST_2 : Operation 35 [1/1] (1.91ns)   --->   "%add_ln18 = add i8 %r_load, i8 1" [vitis_convolution.cpp:18]   --->   Operation 35 'add' 'add_ln18' <Predicate = true> <Delay = 1.91> <CoreInst = "Adder">   --->   Core 1 'Adder' <Latency = 0> <II = 1> <Delay = 1.91> <FuncUnit> <Opcode : 'add' 'sub'> <InPorts = 2> <OutPorts = 1>
ST_2 : Operation 36 [1/1] (1.91ns)   --->   "%icmp_ln19 = icmp_eq  i8 %c_load, i8 128" [vitis_convolution.cpp:19]   --->   Operation 36 'icmp' 'icmp_ln19' <Predicate = true> <Delay = 1.91> <CoreInst = "Cmp">   --->   Core 9 'Cmp' <Latency = 0> <II = 1> <Delay = 1.91> <FuncUnit> <Opcode : 'seteq' 'setne' 'setle' 'setge' 'setlt' 'setgt'> <InPorts = 2> <OutPorts = 1>
ST_2 : Operation 37 [1/1] (1.24ns)   --->   "%select_ln18 = select i1 %icmp_ln19, i8 0, i8 %c_load" [vitis_convolution.cpp:18]   --->   Operation 37 'select' 'select_ln18' <Predicate = true> <Delay = 1.24> <CoreInst = "Sel">   --->   Core 73 'Sel' <Latency = 0> <II = 1> <Delay = 1.24> <FuncUnit> <Opcode : 'select'> <InPorts = 3> <OutPorts = 1>
ST_2 : Operation 38 [1/1] (1.24ns)   --->   "%select_ln18_1 = select i1 %icmp_ln19, i8 %add_ln18, i8 %r_load" [vitis_convolution.cpp:18]   --->   Operation 38 'select' 'select_ln18_1' <Predicate = true> <Delay = 1.24> <CoreInst = "Sel">   --->   Core 73 'Sel' <Latency = 0> <II = 1> <Delay = 1.24> <FuncUnit> <Opcode : 'select'> <InPorts = 3> <OutPorts = 1>
ST_2 : Operation 39 [1/1] (0.00ns)   --->   "%trunc_ln21 = trunc i8 %select_ln18_1" [vitis_convolution.cpp:21]   --->   Operation 39 'trunc' 'trunc_ln21' <Predicate = true> <Delay = 0.00>
ST_2 : Operation 40 [1/1] (1.91ns)   --->   "%add_ln19 = add i8 %select_ln18, i8 1" [vitis_convolution.cpp:19]   --->   Operation 40 'add' 'add_ln19' <Predicate = true> <Delay = 1.91> <CoreInst = "Adder">   --->   Core 1 'Adder' <Latency = 0> <II = 1> <Delay = 1.91> <FuncUnit> <Opcode : 'add' 'sub'> <InPorts = 2> <OutPorts = 1>
ST_2 : Operation 41 [1/1] (1.58ns)   --->   "%store_ln18 = store i8 %select_ln18_1, i8 %r" [vitis_convolution.cpp:18]   --->   Operation 41 'store' 'store_ln18' <Predicate = true> <Delay = 1.58>
ST_2 : Operation 42 [1/1] (1.58ns)   --->   "%store_ln19 = store i8 %add_ln19, i8 %c" [vitis_convolution.cpp:19]   --->   Operation 42 'store' 'store_ln19' <Predicate = true> <Delay = 1.58>
ST_2 : Operation 43 [1/1] (0.00ns)   --->   "%br_ln19 = br void %for.inc" [vitis_convolution.cpp:19]   --->   Operation 43 'br' 'br_ln19' <Predicate = true> <Delay = 0.00>

State 3 <SV = 2> <Delay = 5.57>
ST_3 : Operation 44 [1/1] (0.00ns)   --->   "%zext_ln18 = zext i8 %select_ln18_1" [vitis_convolution.cpp:18]   --->   Operation 44 'zext' 'zext_ln18' <Predicate = true> <Delay = 0.00>
ST_3 : Operation 45 [1/1] (4.52ns)   --->   "%mul_ln18 = mul i17 %zext_ln18, i17 342" [vitis_convolution.cpp:18]   --->   Operation 45 'mul' 'mul_ln18' <Predicate = true> <Delay = 4.52> <CoreInst = "Multiplier">   --->   Core 3 'Multiplier' <Latency = 0> <II = 1> <Delay = 4.52> <FuncUnit> <Opcode : 'mul'> <InPorts = 2> <OutPorts = 1>
ST_3 : Operation 46 [1/1] (0.00ns)   --->   "%tmp = partselect i7 @_ssdm_op_PartSelect.i7.i17.i32.i32, i17 %mul_ln18, i32 10, i32 16" [vitis_convolution.cpp:18]   --->   Operation 46 'partselect' 'tmp' <Predicate = true> <Delay = 0.00>
ST_3 : Operation 47 [1/1] (0.00ns)   --->   "%zext_ln18_1 = zext i7 %tmp" [vitis_convolution.cpp:18]   --->   Operation 47 'zext' 'zext_ln18_1' <Predicate = true> <Delay = 0.00>
ST_3 : Operation 48 [3/3] (1.05ns) (grouped into DSP with root node add_ln21_2)   --->   "%mul_ln18_1 = mul i11 %zext_ln18_1, i11 43" [vitis_convolution.cpp:18]   --->   Operation 48 'mul' 'mul_ln18_1' <Predicate = true> <Delay = 1.05> <CoreInst = "DSP48">   --->   Core 116 'DSP48' <Latency = 3> <II = 1> <Delay = 2.15> <IPBlock> <Opcode : 'add' 'sub' 'mul' 'select'> <InPorts = 0> <OutPorts = 1> <Sync> <CReg>
ST_3 : Operation 49 [12/12] (4.38ns)   --->   "%urem_ln18 = urem i8 %select_ln18_1, i8 3" [vitis_convolution.cpp:18]   --->   Operation 49 'urem' 'urem_ln18' <Predicate = true> <Delay = 4.38> <CoreInst = "Divider">   --->   Core 6 'Divider' <Latency = 11> <II = 1> <Delay = 4.38> <FuncUnit> <Opcode : 'udiv' 'sdiv' 'urem' 'srem'> <InPorts = 2> <OutPorts = 1>
ST_3 : Operation 50 [1/1] (0.00ns)   --->   "%shl_ln = bitconcatenate i14 @_ssdm_op_BitConcatenate.i14.i7.i7, i7 %trunc_ln21, i7 0" [vitis_convolution.cpp:21]   --->   Operation 50 'bitconcatenate' 'shl_ln' <Predicate = true> <Delay = 0.00>
ST_3 : Operation 51 [1/1] (0.00ns)   --->   "%zext_ln21 = zext i14 %shl_ln" [vitis_convolution.cpp:21]   --->   Operation 51 'zext' 'zext_ln21' <Predicate = true> <Delay = 0.00>
ST_3 : Operation 52 [1/1] (0.00ns)   --->   "%zext_ln19 = zext i8 %select_ln18" [vitis_convolution.cpp:19]   --->   Operation 52 'zext' 'zext_ln19' <Predicate = true> <Delay = 0.00>
ST_3 : Operation 53 [1/1] (0.00ns)   --->   "%zext_ln19_1 = zext i8 %select_ln18" [vitis_convolution.cpp:19]   --->   Operation 53 'zext' 'zext_ln19_1' <Predicate = true> <Delay = 0.00>
ST_3 : Operation 54 [1/1] (4.52ns)   --->   "%mul_ln19 = mul i17 %zext_ln19_1, i17 342" [vitis_convolution.cpp:19]   --->   Operation 54 'mul' 'mul_ln19' <Predicate = true> <Delay = 4.52> <CoreInst = "Multiplier">   --->   Core 3 'Multiplier' <Latency = 0> <II = 1> <Delay = 4.52> <FuncUnit> <Opcode : 'mul'> <InPorts = 2> <OutPorts = 1>
ST_3 : Operation 55 [1/1] (0.00ns)   --->   "%tmp_1 = partselect i7 @_ssdm_op_PartSelect.i7.i17.i32.i32, i17 %mul_ln19, i32 10, i32 16" [vitis_convolution.cpp:19]   --->   Operation 55 'partselect' 'tmp_1' <Predicate = true> <Delay = 0.00>
ST_3 : Operation 56 [12/12] (4.38ns)   --->   "%urem_ln19 = urem i8 %select_ln18, i8 3" [vitis_convolution.cpp:19]   --->   Operation 56 'urem' 'urem_ln19' <Predicate = true> <Delay = 4.38> <CoreInst = "Divider">   --->   Core 6 'Divider' <Latency = 11> <II = 1> <Delay = 4.38> <FuncUnit> <Opcode : 'udiv' 'sdiv' 'urem' 'srem'> <InPorts = 2> <OutPorts = 1>
ST_3 : Operation 57 [1/1] (0.00ns) (grouped into TernaryAdder)   --->   "%add_ln21 = add i64 %zext_ln19, i64 %input_img_read" [vitis_convolution.cpp:21]   --->   Operation 57 'add' 'add_ln21' <Predicate = true> <Delay = 0.00> <CoreInst = "TAddSub">   --->   Core 10 'TAddSub' <Latency = 0> <II = 1> <Delay = 2.65> <IPBlock> <Opcode : 'add' 'sub'> <InPorts = 3> <OutPorts = 1> <Sync> <CReg>
ST_3 : Operation 58 [1/1] (5.30ns) (root node of TernaryAdder)   --->   "%add_ln21_1 = add i64 %add_ln21, i64 %zext_ln21" [vitis_convolution.cpp:21]   --->   Operation 58 'add' 'add_ln21_1' <Predicate = true> <Delay = 5.30> <CoreInst = "TAddSub">   --->   Core 10 'TAddSub' <Latency = 0> <II = 1> <Delay = 2.65> <IPBlock> <Opcode : 'add' 'sub'> <InPorts = 3> <OutPorts = 1> <Sync> <CReg>
ST_3 : Operation 59 [1/1] (0.00ns)   --->   "%gmem_in_addr = getelementptr i8 %gmem_in, i64 %add_ln21_1" [vitis_convolution.cpp:21]   --->   Operation 59 'getelementptr' 'gmem_in_addr' <Predicate = true> <Delay = 0.00>

State 4 <SV = 3> <Delay = 4.38>
ST_4 : Operation 60 [2/3] (1.05ns) (grouped into DSP with root node add_ln21_2)   --->   "%mul_ln18_1 = mul i11 %zext_ln18_1, i11 43" [vitis_convolution.cpp:18]   --->   Operation 60 'mul' 'mul_ln18_1' <Predicate = true> <Delay = 1.05> <CoreInst = "DSP48">   --->   Core 116 'DSP48' <Latency = 3> <II = 1> <Delay = 2.15> <IPBlock> <Opcode : 'add' 'sub' 'mul' 'select'> <InPorts = 0> <OutPorts = 1> <Sync> <CReg>
ST_4 : Operation 61 [11/12] (4.38ns)   --->   "%urem_ln18 = urem i8 %select_ln18_1, i8 3" [vitis_convolution.cpp:18]   --->   Operation 61 'urem' 'urem_ln18' <Predicate = true> <Delay = 4.38> <CoreInst = "Divider">   --->   Core 6 'Divider' <Latency = 11> <II = 1> <Delay = 4.38> <FuncUnit> <Opcode : 'udiv' 'sdiv' 'urem' 'srem'> <InPorts = 2> <OutPorts = 1>
ST_4 : Operation 62 [11/12] (4.38ns)   --->   "%urem_ln19 = urem i8 %select_ln18, i8 3" [vitis_convolution.cpp:19]   --->   Operation 62 'urem' 'urem_ln19' <Predicate = true> <Delay = 4.38> <CoreInst = "Divider">   --->   Core 6 'Divider' <Latency = 11> <II = 1> <Delay = 4.38> <FuncUnit> <Opcode : 'udiv' 'sdiv' 'urem' 'srem'> <InPorts = 2> <OutPorts = 1>
ST_4 : Operation 63 [8/8] (7.30ns)   --->   "%gmem_in_load_req = readreq i1 @_ssdm_op_ReadReq.m_axi.i8P1A, i8 %gmem_in_addr, i64 1" [vitis_convolution.cpp:21]   --->   Operation 63 'readreq' 'gmem_in_load_req' <Predicate = true> <Delay = 7.30> <CoreInst = "m_axi">   --->   Core 111 'm_axi' <Latency = 6> <II = 1> <Delay = 1.00> <Adapter> <Opcode : 'readrequnaligned' 'writerequnaligned' 'read' 'write' 'readreq' 'writereq' 'writeresp'>

State 5 <SV = 4> <Delay = 4.38>
ST_5 : Operation 64 [1/3] (0.00ns) (grouped into DSP with root node add_ln21_2)   --->   "%mul_ln18_1 = mul i11 %zext_ln18_1, i11 43" [vitis_convolution.cpp:18]   --->   Operation 64 'mul' 'mul_ln18_1' <Predicate = true> <Delay = 0.00> <CoreInst = "DSP48">   --->   Core 116 'DSP48' <Latency = 3> <II = 1> <Delay = 2.15> <IPBlock> <Opcode : 'add' 'sub' 'mul' 'select'> <InPorts = 0> <OutPorts = 1> <Sync> <CReg>
ST_5 : Operation 65 [10/12] (4.38ns)   --->   "%urem_ln18 = urem i8 %select_ln18_1, i8 3" [vitis_convolution.cpp:18]   --->   Operation 65 'urem' 'urem_ln18' <Predicate = true> <Delay = 4.38> <CoreInst = "Divider">   --->   Core 6 'Divider' <Latency = 11> <II = 1> <Delay = 4.38> <FuncUnit> <Opcode : 'udiv' 'sdiv' 'urem' 'srem'> <InPorts = 2> <OutPorts = 1>
ST_5 : Operation 66 [1/1] (0.00ns)   --->   "%zext_ln21_1 = zext i7 %tmp_1" [vitis_convolution.cpp:21]   --->   Operation 66 'zext' 'zext_ln21_1' <Predicate = true> <Delay = 0.00>
ST_5 : Operation 67 [2/2] (2.10ns) (root node of the DSP)   --->   "%add_ln21_2 = add i11 %mul_ln18_1, i11 %zext_ln21_1" [vitis_convolution.cpp:21]   --->   Operation 67 'add' 'add_ln21_2' <Predicate = true> <Delay = 2.10> <CoreInst = "DSP48">   --->   Core 116 'DSP48' <Latency = 3> <II = 1> <Delay = 2.15> <IPBlock> <Opcode : 'add' 'sub' 'mul' 'select'> <InPorts = 0> <OutPorts = 1> <Sync> <CReg>
ST_5 : Operation 68 [10/12] (4.38ns)   --->   "%urem_ln19 = urem i8 %select_ln18, i8 3" [vitis_convolution.cpp:19]   --->   Operation 68 'urem' 'urem_ln19' <Predicate = true> <Delay = 4.38> <CoreInst = "Divider">   --->   Core 6 'Divider' <Latency = 11> <II = 1> <Delay = 4.38> <FuncUnit> <Opcode : 'udiv' 'sdiv' 'urem' 'srem'> <InPorts = 2> <OutPorts = 1>
ST_5 : Operation 69 [7/8] (7.30ns)   --->   "%gmem_in_load_req = readreq i1 @_ssdm_op_ReadReq.m_axi.i8P1A, i8 %gmem_in_addr, i64 1" [vitis_convolution.cpp:21]   --->   Operation 69 'readreq' 'gmem_in_load_req' <Predicate = true> <Delay = 7.30> <CoreInst = "m_axi">   --->   Core 111 'm_axi' <Latency = 6> <II = 1> <Delay = 1.00> <Adapter> <Opcode : 'readrequnaligned' 'writerequnaligned' 'read' 'write' 'readreq' 'writereq' 'writeresp'>

State 6 <SV = 5> <Delay = 4.38>
ST_6 : Operation 70 [9/12] (4.38ns)   --->   "%urem_ln18 = urem i8 %select_ln18_1, i8 3" [vitis_convolution.cpp:18]   --->   Operation 70 'urem' 'urem_ln18' <Predicate = true> <Delay = 4.38> <CoreInst = "Divider">   --->   Core 6 'Divider' <Latency = 11> <II = 1> <Delay = 4.38> <FuncUnit> <Opcode : 'udiv' 'sdiv' 'urem' 'srem'> <InPorts = 2> <OutPorts = 1>
ST_6 : Operation 71 [1/2] (2.10ns) (root node of the DSP)   --->   "%add_ln21_2 = add i11 %mul_ln18_1, i11 %zext_ln21_1" [vitis_convolution.cpp:21]   --->   Operation 71 'add' 'add_ln21_2' <Predicate = true> <Delay = 2.10> <CoreInst = "DSP48">   --->   Core 116 'DSP48' <Latency = 3> <II = 1> <Delay = 2.15> <IPBlock> <Opcode : 'add' 'sub' 'mul' 'select'> <InPorts = 0> <OutPorts = 1> <Sync> <CReg>
ST_6 : Operation 72 [9/12] (4.38ns)   --->   "%urem_ln19 = urem i8 %select_ln18, i8 3" [vitis_convolution.cpp:19]   --->   Operation 72 'urem' 'urem_ln19' <Predicate = true> <Delay = 4.38> <CoreInst = "Divider">   --->   Core 6 'Divider' <Latency = 11> <II = 1> <Delay = 4.38> <FuncUnit> <Opcode : 'udiv' 'sdiv' 'urem' 'srem'> <InPorts = 2> <OutPorts = 1>
ST_6 : Operation 73 [6/8] (7.30ns)   --->   "%gmem_in_load_req = readreq i1 @_ssdm_op_ReadReq.m_axi.i8P1A, i8 %gmem_in_addr, i64 1" [vitis_convolution.cpp:21]   --->   Operation 73 'readreq' 'gmem_in_load_req' <Predicate = true> <Delay = 7.30> <CoreInst = "m_axi">   --->   Core 111 'm_axi' <Latency = 6> <II = 1> <Delay = 1.00> <Adapter> <Opcode : 'readrequnaligned' 'writerequnaligned' 'read' 'write' 'readreq' 'writereq' 'writeresp'>

State 7 <SV = 6> <Delay = 4.38>
ST_7 : Operation 74 [8/12] (4.38ns)   --->   "%urem_ln18 = urem i8 %select_ln18_1, i8 3" [vitis_convolution.cpp:18]   --->   Operation 74 'urem' 'urem_ln18' <Predicate = true> <Delay = 4.38> <CoreInst = "Divider">   --->   Core 6 'Divider' <Latency = 11> <II = 1> <Delay = 4.38> <FuncUnit> <Opcode : 'udiv' 'sdiv' 'urem' 'srem'> <InPorts = 2> <OutPorts = 1>
ST_7 : Operation 75 [8/12] (4.38ns)   --->   "%urem_ln19 = urem i8 %select_ln18, i8 3" [vitis_convolution.cpp:19]   --->   Operation 75 'urem' 'urem_ln19' <Predicate = true> <Delay = 4.38> <CoreInst = "Divider">   --->   Core 6 'Divider' <Latency = 11> <II = 1> <Delay = 4.38> <FuncUnit> <Opcode : 'udiv' 'sdiv' 'urem' 'srem'> <InPorts = 2> <OutPorts = 1>
ST_7 : Operation 76 [5/8] (7.30ns)   --->   "%gmem_in_load_req = readreq i1 @_ssdm_op_ReadReq.m_axi.i8P1A, i8 %gmem_in_addr, i64 1" [vitis_convolution.cpp:21]   --->   Operation 76 'readreq' 'gmem_in_load_req' <Predicate = true> <Delay = 7.30> <CoreInst = "m_axi">   --->   Core 111 'm_axi' <Latency = 6> <II = 1> <Delay = 1.00> <Adapter> <Opcode : 'readrequnaligned' 'writerequnaligned' 'read' 'write' 'readreq' 'writereq' 'writeresp'>

State 8 <SV = 7> <Delay = 4.38>
ST_8 : Operation 77 [7/12] (4.38ns)   --->   "%urem_ln18 = urem i8 %select_ln18_1, i8 3" [vitis_convolution.cpp:18]   --->   Operation 77 'urem' 'urem_ln18' <Predicate = true> <Delay = 4.38> <CoreInst = "Divider">   --->   Core 6 'Divider' <Latency = 11> <II = 1> <Delay = 4.38> <FuncUnit> <Opcode : 'udiv' 'sdiv' 'urem' 'srem'> <InPorts = 2> <OutPorts = 1>
ST_8 : Operation 78 [7/12] (4.38ns)   --->   "%urem_ln19 = urem i8 %select_ln18, i8 3" [vitis_convolution.cpp:19]   --->   Operation 78 'urem' 'urem_ln19' <Predicate = true> <Delay = 4.38> <CoreInst = "Divider">   --->   Core 6 'Divider' <Latency = 11> <II = 1> <Delay = 4.38> <FuncUnit> <Opcode : 'udiv' 'sdiv' 'urem' 'srem'> <InPorts = 2> <OutPorts = 1>
ST_8 : Operation 79 [4/8] (7.30ns)   --->   "%gmem_in_load_req = readreq i1 @_ssdm_op_ReadReq.m_axi.i8P1A, i8 %gmem_in_addr, i64 1" [vitis_convolution.cpp:21]   --->   Operation 79 'readreq' 'gmem_in_load_req' <Predicate = true> <Delay = 7.30> <CoreInst = "m_axi">   --->   Core 111 'm_axi' <Latency = 6> <II = 1> <Delay = 1.00> <Adapter> <Opcode : 'readrequnaligned' 'writerequnaligned' 'read' 'write' 'readreq' 'writereq' 'writeresp'>

State 9 <SV = 8> <Delay = 4.38>
ST_9 : Operation 80 [6/12] (4.38ns)   --->   "%urem_ln18 = urem i8 %select_ln18_1, i8 3" [vitis_convolution.cpp:18]   --->   Operation 80 'urem' 'urem_ln18' <Predicate = true> <Delay = 4.38> <CoreInst = "Divider">   --->   Core 6 'Divider' <Latency = 11> <II = 1> <Delay = 4.38> <FuncUnit> <Opcode : 'udiv' 'sdiv' 'urem' 'srem'> <InPorts = 2> <OutPorts = 1>
ST_9 : Operation 81 [6/12] (4.38ns)   --->   "%urem_ln19 = urem i8 %select_ln18, i8 3" [vitis_convolution.cpp:19]   --->   Operation 81 'urem' 'urem_ln19' <Predicate = true> <Delay = 4.38> <CoreInst = "Divider">   --->   Core 6 'Divider' <Latency = 11> <II = 1> <Delay = 4.38> <FuncUnit> <Opcode : 'udiv' 'sdiv' 'urem' 'srem'> <InPorts = 2> <OutPorts = 1>
ST_9 : Operation 82 [3/8] (7.30ns)   --->   "%gmem_in_load_req = readreq i1 @_ssdm_op_ReadReq.m_axi.i8P1A, i8 %gmem_in_addr, i64 1" [vitis_convolution.cpp:21]   --->   Operation 82 'readreq' 'gmem_in_load_req' <Predicate = true> <Delay = 7.30> <CoreInst = "m_axi">   --->   Core 111 'm_axi' <Latency = 6> <II = 1> <Delay = 1.00> <Adapter> <Opcode : 'readrequnaligned' 'writerequnaligned' 'read' 'write' 'readreq' 'writereq' 'writeresp'>

State 10 <SV = 9> <Delay = 4.38>
ST_10 : Operation 83 [5/12] (4.38ns)   --->   "%urem_ln18 = urem i8 %select_ln18_1, i8 3" [vitis_convolution.cpp:18]   --->   Operation 83 'urem' 'urem_ln18' <Predicate = true> <Delay = 4.38> <CoreInst = "Divider">   --->   Core 6 'Divider' <Latency = 11> <II = 1> <Delay = 4.38> <FuncUnit> <Opcode : 'udiv' 'sdiv' 'urem' 'srem'> <InPorts = 2> <OutPorts = 1>
ST_10 : Operation 84 [5/12] (4.38ns)   --->   "%urem_ln19 = urem i8 %select_ln18, i8 3" [vitis_convolution.cpp:19]   --->   Operation 84 'urem' 'urem_ln19' <Predicate = true> <Delay = 4.38> <CoreInst = "Divider">   --->   Core 6 'Divider' <Latency = 11> <II = 1> <Delay = 4.38> <FuncUnit> <Opcode : 'udiv' 'sdiv' 'urem' 'srem'> <InPorts = 2> <OutPorts = 1>
ST_10 : Operation 85 [2/8] (7.30ns)   --->   "%gmem_in_load_req = readreq i1 @_ssdm_op_ReadReq.m_axi.i8P1A, i8 %gmem_in_addr, i64 1" [vitis_convolution.cpp:21]   --->   Operation 85 'readreq' 'gmem_in_load_req' <Predicate = true> <Delay = 7.30> <CoreInst = "m_axi">   --->   Core 111 'm_axi' <Latency = 6> <II = 1> <Delay = 1.00> <Adapter> <Opcode : 'readrequnaligned' 'writerequnaligned' 'read' 'write' 'readreq' 'writereq' 'writeresp'>

State 11 <SV = 10> <Delay = 7.30>
ST_11 : Operation 86 [4/12] (4.38ns)   --->   "%urem_ln18 = urem i8 %select_ln18_1, i8 3" [vitis_convolution.cpp:18]   --->   Operation 86 'urem' 'urem_ln18' <Predicate = true> <Delay = 4.38> <CoreInst = "Divider">   --->   Core 6 'Divider' <Latency = 11> <II = 1> <Delay = 4.38> <FuncUnit> <Opcode : 'udiv' 'sdiv' 'urem' 'srem'> <InPorts = 2> <OutPorts = 1>
ST_11 : Operation 87 [4/12] (4.38ns)   --->   "%urem_ln19 = urem i8 %select_ln18, i8 3" [vitis_convolution.cpp:19]   --->   Operation 87 'urem' 'urem_ln19' <Predicate = true> <Delay = 4.38> <CoreInst = "Divider">   --->   Core 6 'Divider' <Latency = 11> <II = 1> <Delay = 4.38> <FuncUnit> <Opcode : 'udiv' 'sdiv' 'urem' 'srem'> <InPorts = 2> <OutPorts = 1>
ST_11 : Operation 88 [1/8] ( I:7.30ns O:7.30ns )   --->   "%gmem_in_load_req = readreq i1 @_ssdm_op_ReadReq.m_axi.i8P1A, i8 %gmem_in_addr, i64 1" [vitis_convolution.cpp:21]   --->   Operation 88 'readreq' 'gmem_in_load_req' <Predicate = true> <Delay = 7.30> <CoreInst = "m_axi">   --->   Core 111 'm_axi' <Latency = 6> <II = 1> <Delay = 1.00> <Adapter> <Opcode : 'readrequnaligned' 'writerequnaligned' 'read' 'write' 'readreq' 'writereq' 'writeresp'>

State 12 <SV = 11> <Delay = 7.30>
ST_12 : Operation 89 [3/12] (4.38ns)   --->   "%urem_ln18 = urem i8 %select_ln18_1, i8 3" [vitis_convolution.cpp:18]   --->   Operation 89 'urem' 'urem_ln18' <Predicate = true> <Delay = 4.38> <CoreInst = "Divider">   --->   Core 6 'Divider' <Latency = 11> <II = 1> <Delay = 4.38> <FuncUnit> <Opcode : 'udiv' 'sdiv' 'urem' 'srem'> <InPorts = 2> <OutPorts = 1>
ST_12 : Operation 90 [3/12] (4.38ns)   --->   "%urem_ln19 = urem i8 %select_ln18, i8 3" [vitis_convolution.cpp:19]   --->   Operation 90 'urem' 'urem_ln19' <Predicate = true> <Delay = 4.38> <CoreInst = "Divider">   --->   Core 6 'Divider' <Latency = 11> <II = 1> <Delay = 4.38> <FuncUnit> <Opcode : 'udiv' 'sdiv' 'urem' 'srem'> <InPorts = 2> <OutPorts = 1>
ST_12 : Operation 91 [1/1] ( I:7.30ns O:7.30ns )   --->   "%gmem_in_addr_read = read i8 @_ssdm_op_Read.m_axi.volatile.i8P1A, i8 %gmem_in_addr" [vitis_convolution.cpp:21]   --->   Operation 91 'read' 'gmem_in_addr_read' <Predicate = true> <Delay = 7.30> <CoreInst = "m_axi">   --->   Core 111 'm_axi' <Latency = 3> <II = 1> <Delay = 1.00> <Adapter> <Opcode : 'readrequnaligned' 'writerequnaligned' 'read' 'write' 'readreq' 'writereq' 'writeresp'>

State 13 <SV = 12> <Delay = 4.38>
ST_13 : Operation 92 [2/12] (4.38ns)   --->   "%urem_ln18 = urem i8 %select_ln18_1, i8 3" [vitis_convolution.cpp:18]   --->   Operation 92 'urem' 'urem_ln18' <Predicate = true> <Delay = 4.38> <CoreInst = "Divider">   --->   Core 6 'Divider' <Latency = 11> <II = 1> <Delay = 4.38> <FuncUnit> <Opcode : 'udiv' 'sdiv' 'urem' 'srem'> <InPorts = 2> <OutPorts = 1>
ST_13 : Operation 93 [2/12] (4.38ns)   --->   "%urem_ln19 = urem i8 %select_ln18, i8 3" [vitis_convolution.cpp:19]   --->   Operation 93 'urem' 'urem_ln19' <Predicate = true> <Delay = 4.38> <CoreInst = "Divider">   --->   Core 6 'Divider' <Latency = 11> <II = 1> <Delay = 4.38> <FuncUnit> <Opcode : 'udiv' 'sdiv' 'urem' 'srem'> <InPorts = 2> <OutPorts = 1>

State 14 <SV = 13> <Delay = 5.95>
ST_14 : Operation 94 [1/12] (4.38ns)   --->   "%urem_ln18 = urem i8 %select_ln18_1, i8 3" [vitis_convolution.cpp:18]   --->   Operation 94 'urem' 'urem_ln18' <Predicate = true> <Delay = 4.38> <CoreInst = "Divider">   --->   Core 6 'Divider' <Latency = 11> <II = 1> <Delay = 4.38> <FuncUnit> <Opcode : 'udiv' 'sdiv' 'urem' 'srem'> <InPorts = 2> <OutPorts = 1>
ST_14 : Operation 95 [1/1] (0.00ns)   --->   "%trunc_ln18 = trunc i2 %urem_ln18" [vitis_convolution.cpp:18]   --->   Operation 95 'trunc' 'trunc_ln18' <Predicate = true> <Delay = 0.00>
ST_14 : Operation 96 [1/12] (4.38ns)   --->   "%urem_ln19 = urem i8 %select_ln18, i8 3" [vitis_convolution.cpp:19]   --->   Operation 96 'urem' 'urem_ln19' <Predicate = true> <Delay = 4.38> <CoreInst = "Divider">   --->   Core 6 'Divider' <Latency = 11> <II = 1> <Delay = 4.38> <FuncUnit> <Opcode : 'udiv' 'sdiv' 'urem' 'srem'> <InPorts = 2> <OutPorts = 1>
ST_14 : Operation 97 [1/1] (0.00ns)   --->   "%trunc_ln19 = trunc i2 %urem_ln19" [vitis_convolution.cpp:19]   --->   Operation 97 'trunc' 'trunc_ln19' <Predicate = true> <Delay = 0.00>
ST_14 : Operation 98 [1/1] (1.56ns)   --->   "%switch_ln21 = switch i2 %trunc_ln18, void %arrayidx85.case.2, i2 0, void %arrayidx85.case.0, i2 1, void %arrayidx85.case.1" [vitis_convolution.cpp:21]   --->   Operation 98 'switch' 'switch_ln21' <Predicate = true> <Delay = 1.56>
ST_14 : Operation 99 [1/1] (1.56ns)   --->   "%switch_ln21 = switch i2 %trunc_ln19, void %arrayidx85.case.236, i2 0, void %arrayidx85.case.034, i2 1, void %arrayidx85.case.135" [vitis_convolution.cpp:21]   --->   Operation 99 'switch' 'switch_ln21' <Predicate = (trunc_ln18 == 1)> <Delay = 1.56>
ST_14 : Operation 100 [1/1] (0.00ns)   --->   "%br_ln21 = br void %arrayidx85.exit" [vitis_convolution.cpp:21]   --->   Operation 100 'br' 'br_ln21' <Predicate = (trunc_ln18 == 1)> <Delay = 0.00>
ST_14 : Operation 101 [1/1] (1.56ns)   --->   "%switch_ln21 = switch i2 %trunc_ln19, void %arrayidx85.case.231, i2 0, void %arrayidx85.case.029, i2 1, void %arrayidx85.case.130" [vitis_convolution.cpp:21]   --->   Operation 101 'switch' 'switch_ln21' <Predicate = (trunc_ln18 == 0)> <Delay = 1.56>
ST_14 : Operation 102 [1/1] (0.00ns)   --->   "%br_ln21 = br void %arrayidx85.exit" [vitis_convolution.cpp:21]   --->   Operation 102 'br' 'br_ln21' <Predicate = (trunc_ln18 == 0)> <Delay = 0.00>
ST_14 : Operation 103 [1/1] (1.56ns)   --->   "%switch_ln21 = switch i2 %trunc_ln19, void %arrayidx85.case.241, i2 0, void %arrayidx85.case.039, i2 1, void %arrayidx85.case.140" [vitis_convolution.cpp:21]   --->   Operation 103 'switch' 'switch_ln21' <Predicate = (trunc_ln18 != 0 & trunc_ln18 != 1)> <Delay = 1.56>
ST_14 : Operation 104 [1/1] (0.00ns)   --->   "%br_ln21 = br void %arrayidx85.exit" [vitis_convolution.cpp:21]   --->   Operation 104 'br' 'br_ln21' <Predicate = (trunc_ln18 != 0 & trunc_ln18 != 1)> <Delay = 0.00>
ST_14 : Operation 136 [1/1] (1.58ns)   --->   "%ret_ln0 = ret"   --->   Operation 136 'ret' 'ret_ln0' <Predicate = (icmp_ln18)> <Delay = 1.58>

State 15 <SV = 14> <Delay = 3.25>
ST_15 : Operation 105 [1/1] (0.00ns)   --->   "%specloopname_ln0 = specloopname void @_ssdm_op_SpecLoopName, void @Read_Rows_Read_Cols_str"   --->   Operation 105 'specloopname' 'specloopname_ln0' <Predicate = true> <Delay = 0.00>
ST_15 : Operation 106 [1/1] (0.00ns)   --->   "%speclooptripcount_ln0 = speclooptripcount void @_ssdm_op_SpecLoopTripCount, i64 16384, i64 16384, i64 16384"   --->   Operation 106 'speclooptripcount' 'speclooptripcount_ln0' <Predicate = true> <Delay = 0.00>
ST_15 : Operation 107 [1/1] (0.00ns)   --->   "%specpipeline_ln20 = specpipeline void @_ssdm_op_SpecPipeline, i32 1, i32 0, i32 0, i32 0, i32 4294967295, void @empty_0" [vitis_convolution.cpp:20]   --->   Operation 107 'specpipeline' 'specpipeline_ln20' <Predicate = true> <Delay = 0.00>
ST_15 : Operation 108 [1/1] (0.00ns)   --->   "%zext_ln21_2 = zext i11 %add_ln21_2" [vitis_convolution.cpp:21]   --->   Operation 108 'zext' 'zext_ln21_2' <Predicate = true> <Delay = 0.00>
ST_15 : Operation 109 [1/1] (0.00ns)   --->   "%p_ZZ17vitis_convolutionPVhPVcPA3_cE11local_input_0_0_addr = getelementptr i8 %p_ZZ17vitis_convolutionPVhPVcPA3_cE11local_input_0_0, i64 0, i64 %zext_ln21_2" [vitis_convolution.cpp:21]   --->   Operation 109 'getelementptr' 'p_ZZ17vitis_convolutionPVhPVcPA3_cE11local_input_0_0_addr' <Predicate = true> <Delay = 0.00>
ST_15 : Operation 110 [1/1] (0.00ns)   --->   "%p_ZZ17vitis_convolutionPVhPVcPA3_cE11local_input_0_1_addr = getelementptr i8 %p_ZZ17vitis_convolutionPVhPVcPA3_cE11local_input_0_1, i64 0, i64 %zext_ln21_2" [vitis_convolution.cpp:21]   --->   Operation 110 'getelementptr' 'p_ZZ17vitis_convolutionPVhPVcPA3_cE11local_input_0_1_addr' <Predicate = true> <Delay = 0.00>
ST_15 : Operation 111 [1/1] (0.00ns)   --->   "%p_ZZ17vitis_convolutionPVhPVcPA3_cE11local_input_0_2_addr = getelementptr i8 %p_ZZ17vitis_convolutionPVhPVcPA3_cE11local_input_0_2, i64 0, i64 %zext_ln21_2" [vitis_convolution.cpp:21]   --->   Operation 111 'getelementptr' 'p_ZZ17vitis_convolutionPVhPVcPA3_cE11local_input_0_2_addr' <Predicate = true> <Delay = 0.00>
ST_15 : Operation 112 [1/1] (0.00ns)   --->   "%p_ZZ17vitis_convolutionPVhPVcPA3_cE11local_input_1_0_addr = getelementptr i8 %p_ZZ17vitis_convolutionPVhPVcPA3_cE11local_input_1_0, i64 0, i64 %zext_ln21_2" [vitis_convolution.cpp:21]   --->   Operation 112 'getelementptr' 'p_ZZ17vitis_convolutionPVhPVcPA3_cE11local_input_1_0_addr' <Predicate = true> <Delay = 0.00>
ST_15 : Operation 113 [1/1] (0.00ns)   --->   "%p_ZZ17vitis_convolutionPVhPVcPA3_cE11local_input_1_1_addr = getelementptr i8 %p_ZZ17vitis_convolutionPVhPVcPA3_cE11local_input_1_1, i64 0, i64 %zext_ln21_2" [vitis_convolution.cpp:21]   --->   Operation 113 'getelementptr' 'p_ZZ17vitis_convolutionPVhPVcPA3_cE11local_input_1_1_addr' <Predicate = true> <Delay = 0.00>
ST_15 : Operation 114 [1/1] (0.00ns)   --->   "%p_ZZ17vitis_convolutionPVhPVcPA3_cE11local_input_1_2_addr = getelementptr i8 %p_ZZ17vitis_convolutionPVhPVcPA3_cE11local_input_1_2, i64 0, i64 %zext_ln21_2" [vitis_convolution.cpp:21]   --->   Operation 114 'getelementptr' 'p_ZZ17vitis_convolutionPVhPVcPA3_cE11local_input_1_2_addr' <Predicate = true> <Delay = 0.00>
ST_15 : Operation 115 [1/1] (0.00ns)   --->   "%p_ZZ17vitis_convolutionPVhPVcPA3_cE11local_input_2_0_addr = getelementptr i8 %p_ZZ17vitis_convolutionPVhPVcPA3_cE11local_input_2_0, i64 0, i64 %zext_ln21_2" [vitis_convolution.cpp:21]   --->   Operation 115 'getelementptr' 'p_ZZ17vitis_convolutionPVhPVcPA3_cE11local_input_2_0_addr' <Predicate = true> <Delay = 0.00>
ST_15 : Operation 116 [1/1] (0.00ns)   --->   "%p_ZZ17vitis_convolutionPVhPVcPA3_cE11local_input_2_1_addr = getelementptr i8 %p_ZZ17vitis_convolutionPVhPVcPA3_cE11local_input_2_1, i64 0, i64 %zext_ln21_2" [vitis_convolution.cpp:21]   --->   Operation 116 'getelementptr' 'p_ZZ17vitis_convolutionPVhPVcPA3_cE11local_input_2_1_addr' <Predicate = true> <Delay = 0.00>
ST_15 : Operation 117 [1/1] (0.00ns)   --->   "%p_ZZ17vitis_convolutionPVhPVcPA3_cE11local_input_2_2_addr = getelementptr i8 %p_ZZ17vitis_convolutionPVhPVcPA3_cE11local_input_2_2, i64 0, i64 %zext_ln21_2" [vitis_convolution.cpp:21]   --->   Operation 117 'getelementptr' 'p_ZZ17vitis_convolutionPVhPVcPA3_cE11local_input_2_2_addr' <Predicate = true> <Delay = 0.00>
ST_15 : Operation 118 [1/1] ( I:3.25ns O:3.25ns )   --->   "%store_ln21 = store i8 %gmem_in_addr_read, i11 %p_ZZ17vitis_convolutionPVhPVcPA3_cE11local_input_1_1_addr" [vitis_convolution.cpp:21]   --->   Operation 118 'store' 'store_ln21' <Predicate = (trunc_ln18 == 1 & trunc_ln19 == 1)> <Delay = 3.25> <CoreInst = "RAM">   --->   Core 81 'RAM' <Latency = 1> <II = 1> <Delay = 3.25> <Storage> <Opcode : 'load' 'store'> <Ports = 2> <Width = 8> <Depth = 1849> <RAM>
ST_15 : Operation 119 [1/1] (0.00ns)   --->   "%br_ln21 = br void %arrayidx85.exit33" [vitis_convolution.cpp:21]   --->   Operation 119 'br' 'br_ln21' <Predicate = (trunc_ln18 == 1 & trunc_ln19 == 1)> <Delay = 0.00>
ST_15 : Operation 120 [1/1] ( I:3.25ns O:3.25ns )   --->   "%store_ln21 = store i8 %gmem_in_addr_read, i11 %p_ZZ17vitis_convolutionPVhPVcPA3_cE11local_input_1_0_addr" [vitis_convolution.cpp:21]   --->   Operation 120 'store' 'store_ln21' <Predicate = (trunc_ln18 == 1 & trunc_ln19 == 0)> <Delay = 3.25> <CoreInst = "RAM">   --->   Core 81 'RAM' <Latency = 1> <II = 1> <Delay = 3.25> <Storage> <Opcode : 'load' 'store'> <Ports = 2> <Width = 8> <Depth = 1849> <RAM>
ST_15 : Operation 121 [1/1] (0.00ns)   --->   "%br_ln21 = br void %arrayidx85.exit33" [vitis_convolution.cpp:21]   --->   Operation 121 'br' 'br_ln21' <Predicate = (trunc_ln18 == 1 & trunc_ln19 == 0)> <Delay = 0.00>
ST_15 : Operation 122 [1/1] ( I:3.25ns O:3.25ns )   --->   "%store_ln21 = store i8 %gmem_in_addr_read, i11 %p_ZZ17vitis_convolutionPVhPVcPA3_cE11local_input_1_2_addr" [vitis_convolution.cpp:21]   --->   Operation 122 'store' 'store_ln21' <Predicate = (trunc_ln18 == 1 & trunc_ln19 != 0 & trunc_ln19 != 1)> <Delay = 3.25> <CoreInst = "RAM">   --->   Core 81 'RAM' <Latency = 1> <II = 1> <Delay = 3.25> <Storage> <Opcode : 'load' 'store'> <Ports = 2> <Width = 8> <Depth = 1849> <RAM>
ST_15 : Operation 123 [1/1] (0.00ns)   --->   "%br_ln21 = br void %arrayidx85.exit33" [vitis_convolution.cpp:21]   --->   Operation 123 'br' 'br_ln21' <Predicate = (trunc_ln18 == 1 & trunc_ln19 != 0 & trunc_ln19 != 1)> <Delay = 0.00>
ST_15 : Operation 124 [1/1] ( I:3.25ns O:3.25ns )   --->   "%store_ln21 = store i8 %gmem_in_addr_read, i11 %p_ZZ17vitis_convolutionPVhPVcPA3_cE11local_input_0_1_addr" [vitis_convolution.cpp:21]   --->   Operation 124 'store' 'store_ln21' <Predicate = (trunc_ln18 == 0 & trunc_ln19 == 1)> <Delay = 3.25> <CoreInst = "RAM">   --->   Core 81 'RAM' <Latency = 1> <II = 1> <Delay = 3.25> <Storage> <Opcode : 'load' 'store'> <Ports = 2> <Width = 8> <Depth = 1849> <RAM>
ST_15 : Operation 125 [1/1] (0.00ns)   --->   "%br_ln21 = br void %arrayidx85.exit28" [vitis_convolution.cpp:21]   --->   Operation 125 'br' 'br_ln21' <Predicate = (trunc_ln18 == 0 & trunc_ln19 == 1)> <Delay = 0.00>
ST_15 : Operation 126 [1/1] ( I:3.25ns O:3.25ns )   --->   "%store_ln21 = store i8 %gmem_in_addr_read, i11 %p_ZZ17vitis_convolutionPVhPVcPA3_cE11local_input_0_0_addr" [vitis_convolution.cpp:21]   --->   Operation 126 'store' 'store_ln21' <Predicate = (trunc_ln18 == 0 & trunc_ln19 == 0)> <Delay = 3.25> <CoreInst = "RAM">   --->   Core 81 'RAM' <Latency = 1> <II = 1> <Delay = 3.25> <Storage> <Opcode : 'load' 'store'> <Ports = 2> <Width = 8> <Depth = 1849> <RAM>
ST_15 : Operation 127 [1/1] (0.00ns)   --->   "%br_ln21 = br void %arrayidx85.exit28" [vitis_convolution.cpp:21]   --->   Operation 127 'br' 'br_ln21' <Predicate = (trunc_ln18 == 0 & trunc_ln19 == 0)> <Delay = 0.00>
ST_15 : Operation 128 [1/1] ( I:3.25ns O:3.25ns )   --->   "%store_ln21 = store i8 %gmem_in_addr_read, i11 %p_ZZ17vitis_convolutionPVhPVcPA3_cE11local_input_0_2_addr" [vitis_convolution.cpp:21]   --->   Operation 128 'store' 'store_ln21' <Predicate = (trunc_ln18 == 0 & trunc_ln19 != 0 & trunc_ln19 != 1)> <Delay = 3.25> <CoreInst = "RAM">   --->   Core 81 'RAM' <Latency = 1> <II = 1> <Delay = 3.25> <Storage> <Opcode : 'load' 'store'> <Ports = 2> <Width = 8> <Depth = 1849> <RAM>
ST_15 : Operation 129 [1/1] (0.00ns)   --->   "%br_ln21 = br void %arrayidx85.exit28" [vitis_convolution.cpp:21]   --->   Operation 129 'br' 'br_ln21' <Predicate = (trunc_ln18 == 0 & trunc_ln19 != 0 & trunc_ln19 != 1)> <Delay = 0.00>
ST_15 : Operation 130 [1/1] ( I:3.25ns O:3.25ns )   --->   "%store_ln21 = store i8 %gmem_in_addr_read, i11 %p_ZZ17vitis_convolutionPVhPVcPA3_cE11local_input_2_1_addr" [vitis_convolution.cpp:21]   --->   Operation 130 'store' 'store_ln21' <Predicate = (trunc_ln18 != 0 & trunc_ln18 != 1 & trunc_ln19 == 1)> <Delay = 3.25> <CoreInst = "RAM">   --->   Core 81 'RAM' <Latency = 1> <II = 1> <Delay = 3.25> <Storage> <Opcode : 'load' 'store'> <Ports = 2> <Width = 8> <Depth = 1849> <RAM>
ST_15 : Operation 131 [1/1] (0.00ns)   --->   "%br_ln21 = br void %arrayidx85.exit38" [vitis_convolution.cpp:21]   --->   Operation 131 'br' 'br_ln21' <Predicate = (trunc_ln18 != 0 & trunc_ln18 != 1 & trunc_ln19 == 1)> <Delay = 0.00>
ST_15 : Operation 132 [1/1] ( I:3.25ns O:3.25ns )   --->   "%store_ln21 = store i8 %gmem_in_addr_read, i11 %p_ZZ17vitis_convolutionPVhPVcPA3_cE11local_input_2_0_addr" [vitis_convolution.cpp:21]   --->   Operation 132 'store' 'store_ln21' <Predicate = (trunc_ln18 != 0 & trunc_ln18 != 1 & trunc_ln19 == 0)> <Delay = 3.25> <CoreInst = "RAM">   --->   Core 81 'RAM' <Latency = 1> <II = 1> <Delay = 3.25> <Storage> <Opcode : 'load' 'store'> <Ports = 2> <Width = 8> <Depth = 1849> <RAM>
ST_15 : Operation 133 [1/1] (0.00ns)   --->   "%br_ln21 = br void %arrayidx85.exit38" [vitis_convolution.cpp:21]   --->   Operation 133 'br' 'br_ln21' <Predicate = (trunc_ln18 != 0 & trunc_ln18 != 1 & trunc_ln19 == 0)> <Delay = 0.00>
ST_15 : Operation 134 [1/1] ( I:3.25ns O:3.25ns )   --->   "%store_ln21 = store i8 %gmem_in_addr_read, i11 %p_ZZ17vitis_convolutionPVhPVcPA3_cE11local_input_2_2_addr" [vitis_convolution.cpp:21]   --->   Operation 134 'store' 'store_ln21' <Predicate = (trunc_ln18 != 0 & trunc_ln18 != 1 & trunc_ln19 != 0 & trunc_ln19 != 1)> <Delay = 3.25> <CoreInst = "RAM">   --->   Core 81 'RAM' <Latency = 1> <II = 1> <Delay = 3.25> <Storage> <Opcode : 'load' 'store'> <Ports = 2> <Width = 8> <Depth = 1849> <RAM>
ST_15 : Operation 135 [1/1] (0.00ns)   --->   "%br_ln21 = br void %arrayidx85.exit38" [vitis_convolution.cpp:21]   --->   Operation 135 'br' 'br_ln21' <Predicate = (trunc_ln18 != 0 & trunc_ln18 != 1 & trunc_ln19 != 0 & trunc_ln19 != 1)> <Delay = 0.00>


============================================================
+ Verbose Summary: Timing violations
============================================================
Target clock period: 10.000ns, clock uncertainty: 2.700ns.

 <State 1>: 5.120ns
The critical path consists of the following:
	'store' operation ('store_ln0') of constant 0 15 bit on local variable 'indvar_flatten' [17]  (1.588 ns)
	'load' operation 15 bit ('indvar_flatten_load', vitis_convolution.cpp:18) on local variable 'indvar_flatten' [22]  (0.000 ns)
	'icmp' operation 1 bit ('icmp_ln18', vitis_convolution.cpp:18) [24]  (1.944 ns)
	'store' operation ('store_ln18', vitis_convolution.cpp:18) of variable 'add_ln18_1', vitis_convolution.cpp:18 15 bit on local variable 'indvar_flatten' [112]  (1.588 ns)

 <State 2>: 6.666ns
The critical path consists of the following:
	'load' operation 8 bit ('c_load', vitis_convolution.cpp:19) on local variable 'c', vitis_convolution.cpp:19 [28]  (0.000 ns)
	'icmp' operation 1 bit ('icmp_ln19', vitis_convolution.cpp:19) [33]  (1.915 ns)
	'select' operation 8 bit ('select_ln18', vitis_convolution.cpp:18) [34]  (1.248 ns)
	'add' operation 8 bit ('add_ln19', vitis_convolution.cpp:19) [111]  (1.915 ns)
	'store' operation ('store_ln19', vitis_convolution.cpp:19) of variable 'add_ln19', vitis_convolution.cpp:19 8 bit on local variable 'c', vitis_convolution.cpp:19 [114]  (1.588 ns)

 <State 3>: 5.570ns
The critical path consists of the following:
	'mul' operation 17 bit ('mul_ln18', vitis_convolution.cpp:18) [37]  (4.520 ns)
	'mul' operation 11 bit of DSP[52] ('mul_ln18_1', vitis_convolution.cpp:18) [40]  (1.050 ns)

 <State 4>: 4.386ns
The critical path consists of the following:
	'urem' operation 2 bit ('urem_ln18', vitis_convolution.cpp:18) [41]  (4.386 ns)

 <State 5>: 4.386ns
The critical path consists of the following:
	'urem' operation 2 bit ('urem_ln18', vitis_convolution.cpp:18) [41]  (4.386 ns)

 <State 6>: 4.386ns
The critical path consists of the following:
	'urem' operation 2 bit ('urem_ln18', vitis_convolution.cpp:18) [41]  (4.386 ns)

 <State 7>: 4.386ns
The critical path consists of the following:
	'urem' operation 2 bit ('urem_ln18', vitis_convolution.cpp:18) [41]  (4.386 ns)

 <State 8>: 4.386ns
The critical path consists of the following:
	'urem' operation 2 bit ('urem_ln18', vitis_convolution.cpp:18) [41]  (4.386 ns)

 <State 9>: 4.386ns
The critical path consists of the following:
	'urem' operation 2 bit ('urem_ln18', vitis_convolution.cpp:18) [41]  (4.386 ns)

 <State 10>: 4.386ns
The critical path consists of the following:
	'urem' operation 2 bit ('urem_ln18', vitis_convolution.cpp:18) [41]  (4.386 ns)

 <State 11>: 7.300ns
The critical path consists of the following:
	bus request operation ('gmem_in_load_req', vitis_convolution.cpp:21) on port 'gmem_in' (vitis_convolution.cpp:21) [68]  (7.300 ns)

 <State 12>: 7.300ns
The critical path consists of the following:
	bus read operation ('gmem_in_addr_read', vitis_convolution.cpp:21) on port 'gmem_in' (vitis_convolution.cpp:21) [69]  (7.300 ns)

 <State 13>: 4.386ns
The critical path consists of the following:
	'urem' operation 2 bit ('urem_ln18', vitis_convolution.cpp:18) [41]  (4.386 ns)

 <State 14>: 5.951ns
The critical path consists of the following:
	'urem' operation 2 bit ('urem_ln19', vitis_convolution.cpp:19) [63]  (4.386 ns)
	blocking operation 1.565 ns on control path)

 <State 15>: 3.254ns
The critical path consists of the following:
	'getelementptr' operation 11 bit ('p_ZZ17vitis_convolutionPVhPVcPA3_cE11local_input_0_1_addr', vitis_convolution.cpp:21) [55]  (0.000 ns)
	'store' operation ('store_ln21', vitis_convolution.cpp:21) of variable 'gmem_in_addr_read', vitis_convolution.cpp:21 8 bit on array 'p_ZZ17vitis_convolutionPVhPVcPA3_cE11local_input_0_1' [87]  (3.254 ns)


============================================================
+ Verbose Summary: Binding
============================================================
N/A
* FSMD analyzer results:
  - Output states:
 - Input state : 
  - Chain level:
	State 1
	State 2
	State 3
	State 4
	State 5
	State 6
	State 7
	State 8
	State 9
	State 10
	State 11
	State 12
	State 13
	State 14
	State 15


============================================================
+ Verbose Summary: Datapath Resource usage 
============================================================
N/A
