

================================================================
== Vitis HLS Report for 'vitis_convolution_Pipeline_Read_Rows_Read_Cols'
================================================================
* Date:           Fri May 22 02:53:19 2026

* Version:        2025.2 (Build 6295257 on Nov 14 2025)
* Project:        Edges
* Solution:       hls (Vivado IP Flow Target)
* Product family: zynq
* Target device:  xc7z020-clg400-1


================================================================
== Performance Estimates
================================================================
+ Timing: 
    * Summary: 
    +--------+----------+----------+------------+
    |  Clock |  Target  | Estimated| Uncertainty|
    +--------+----------+----------+------------+
    |ap_clk  |  10.00 ns|  7.300 ns|     2.70 ns|
    +--------+----------+----------+------------+

+ Latency: 
    * Summary: 
    +---------+---------+----------+----------+-----+-----+-------------------+
    |  Latency (cycles) |  Latency (absolute) |  Interval |      Pipeline     |
    |   min   |   max   |    min   |    max   | min | max |        Type       |
    +---------+---------+----------+----------+-----+-----+-------------------+
    |    16396|    16396|  0.164 ms|  0.164 ms|    0|    0|  loop pipeline stp|
    +---------+---------+----------+----------+-----+-----+-------------------+

    + Detail: 
        * Instance: 
        N/A

        * Loop: 
        +-----------------------+---------+---------+----------+-----------+-----------+-------+----------+
        |                       |  Latency (cycles) | Iteration|  Initiation Interval  |  Trip |          |
        |       Loop Name       |   min   |   max   |  Latency |  achieved |   target  | Count | Pipelined|
        +-----------------------+---------+---------+----------+-----------+-----------+-------+----------+
        |- Read_Rows_Read_Cols  |    16394|    16394|        12|          1|          1|  16384|       yes|
        +-----------------------+---------+---------+----------+-----------+-----------+-------+----------+



================================================================
== Utilization Estimates
================================================================
* Summary: 
+-----------------+---------+-----+--------+-------+-----+
|       Name      | BRAM_18K| DSP |   FF   |  LUT  | URAM|
+-----------------+---------+-----+--------+-------+-----+
|DSP              |        -|    -|       -|      -|    -|
|Expression       |        -|    -|       0|    171|    -|
|FIFO             |        -|    -|       -|      -|    -|
|Instance         |        -|    -|       -|      -|    -|
|Memory           |        -|    -|       -|      -|    -|
|Multiplexer      |        -|    -|       0|     72|    -|
|Register         |        -|    -|     100|      -|    -|
+-----------------+---------+-----+--------+-------+-----+
|Total            |        0|    0|     100|    243|    0|
+-----------------+---------+-----+--------+-------+-----+
|Available        |      280|  220|  106400|  53200|    0|
+-----------------+---------+-----+--------+-------+-----+
|Utilization (%)  |        0|    0|      ~0|     ~0|    0|
+-----------------+---------+-----+--------+-------+-----+

+ Detail: 
    * Instance: 
    N/A

    * DSP: 
    N/A

    * Memory: 
    N/A

    * FIFO: 
    N/A

    * Expression: 
    +---------------------------+----------+----+---+----+------------+------------+
    |       Variable Name       | Operation| DSP| FF| LUT| Bitwidth P0| Bitwidth P1|
    +---------------------------+----------+----+---+----+------------+------------+
    |add_ln20_1_fu_143_p2       |         +|   0|  0|  15|           8|           1|
    |add_ln20_fu_112_p2         |         +|   0|  0|  20|          15|           1|
    |add_ln21_fu_165_p2         |         +|   0|  0|  15|           8|           1|
    |add_ln23_1_fu_200_p2       |         +|   0|  0|  32|          32|          32|
    |add_ln23_fu_195_p2         |         +|   0|  0|  32|          32|          32|
    |icmp_ln20_fu_106_p2        |      icmp|   0|  0|  23|          15|          16|
    |icmp_ln21_fu_129_p2        |      icmp|   0|  0|  14|           8|           9|
    |ap_block_pp0_stage0_11001  |        or|   0|  0|   2|           1|           1|
    |select_ln20_1_fu_149_p3    |    select|   0|  0|   8|           1|           8|
    |select_ln20_fu_135_p3      |    select|   0|  0|   8|           1|           1|
    |ap_enable_pp0              |       xor|   0|  0|   2|           1|           2|
    +---------------------------+----------+----+---+----+------------+------------+
    |Total                      |          |   0|  0| 171|         122|         104|
    +---------------------------+----------+----+---+----+------------+------------+

    * Multiplexer: 
    +--------------------------------------+----+-----------+-----+-----------+
    |                 Name                 | LUT| Input Size| Bits| Total Bits|
    +--------------------------------------+----+-----------+-----+-----------+
    |ap_done_int                           |   9|          2|    1|          2|
    |ap_enable_reg_pp0_iter1               |   9|          2|    1|          2|
    |ap_sig_allocacmp_indvar_flatten_load  |   9|          2|   15|         30|
    |c_fu_58                               |   9|          2|    8|         16|
    |gmem_blk_n_AR                         |   9|          2|    1|          2|
    |gmem_blk_n_R                          |   9|          2|    1|          2|
    |indvar_flatten_fu_66                  |   9|          2|   15|         30|
    |r_fu_62                               |   9|          2|    8|         16|
    +--------------------------------------+----+-----------+-----+-----------+
    |Total                                 |  72|         16|   50|        100|
    +--------------------------------------+----+-----------+-----+-----------+

    * Register: 
    +-----------------------------------+----+----+-----+-----------+
    |                Name               | FF | LUT| Bits| Const Bits|
    +-----------------------------------+----+----+-----+-----------+
    |ap_CS_fsm                          |   1|   0|    1|          0|
    |ap_done_reg                        |   1|   0|    1|          0|
    |ap_enable_reg_pp0_iter1            |   1|   0|    1|          0|
    |ap_enable_reg_pp0_iter10           |   1|   0|    1|          0|
    |ap_enable_reg_pp0_iter11           |   1|   0|    1|          0|
    |ap_enable_reg_pp0_iter2            |   1|   0|    1|          0|
    |ap_enable_reg_pp0_iter3            |   1|   0|    1|          0|
    |ap_enable_reg_pp0_iter4            |   1|   0|    1|          0|
    |ap_enable_reg_pp0_iter5            |   1|   0|    1|          0|
    |ap_enable_reg_pp0_iter6            |   1|   0|    1|          0|
    |ap_enable_reg_pp0_iter7            |   1|   0|    1|          0|
    |ap_enable_reg_pp0_iter8            |   1|   0|    1|          0|
    |ap_enable_reg_pp0_iter9            |   1|   0|    1|          0|
    |ap_loop_exit_ready_pp0_iter10_reg  |   1|   0|    1|          0|
    |ap_loop_exit_ready_pp0_iter1_reg   |   1|   0|    1|          0|
    |ap_loop_exit_ready_pp0_iter2_reg   |   1|   0|    1|          0|
    |ap_loop_exit_ready_pp0_iter3_reg   |   1|   0|    1|          0|
    |ap_loop_exit_ready_pp0_iter4_reg   |   1|   0|    1|          0|
    |ap_loop_exit_ready_pp0_iter5_reg   |   1|   0|    1|          0|
    |ap_loop_exit_ready_pp0_iter6_reg   |   1|   0|    1|          0|
    |ap_loop_exit_ready_pp0_iter7_reg   |   1|   0|    1|          0|
    |ap_loop_exit_ready_pp0_iter8_reg   |   1|   0|    1|          0|
    |ap_loop_exit_ready_pp0_iter9_reg   |   1|   0|    1|          0|
    |c_fu_58                            |   8|   0|    8|          0|
    |gmem_addr_reg_252                  |  32|   0|   32|          0|
    |indvar_flatten_fu_66               |  15|   0|   15|          0|
    |r_fu_62                            |   8|   0|    8|          0|
    |trunc_ln23_1_reg_247               |   7|   0|    7|          0|
    |trunc_ln23_reg_242                 |   7|   0|    7|          0|
    +-----------------------------------+----+----+-----+-----------+
    |Total                              | 100|   0|  100|          0|
    +-----------------------------------+----+----+-----+-----------+



================================================================
== Interface
================================================================
* Summary: 
+-----------------------+-----+-----+------------+------------------------------------------------+--------------+
|       RTL Ports       | Dir | Bits|  Protocol  |                  Source Object                 |    C Type    |
+-----------------------+-----+-----+------------+------------------------------------------------+--------------+
|ap_clk                 |   in|    1|  ap_ctrl_hs|  vitis_convolution_Pipeline_Read_Rows_Read_Cols|  return value|
|ap_rst                 |   in|    1|  ap_ctrl_hs|  vitis_convolution_Pipeline_Read_Rows_Read_Cols|  return value|
|ap_start               |   in|    1|  ap_ctrl_hs|  vitis_convolution_Pipeline_Read_Rows_Read_Cols|  return value|
|ap_done                |  out|    1|  ap_ctrl_hs|  vitis_convolution_Pipeline_Read_Rows_Read_Cols|  return value|
|ap_idle                |  out|    1|  ap_ctrl_hs|  vitis_convolution_Pipeline_Read_Rows_Read_Cols|  return value|
|ap_ready               |  out|    1|  ap_ctrl_hs|  vitis_convolution_Pipeline_Read_Rows_Read_Cols|  return value|
|m_axi_gmem_0_AWVALID   |  out|    1|       m_axi|                                            gmem|       pointer|
|m_axi_gmem_0_AWREADY   |   in|    1|       m_axi|                                            gmem|       pointer|
|m_axi_gmem_0_AWADDR    |  out|   32|       m_axi|                                            gmem|       pointer|
|m_axi_gmem_0_AWID      |  out|    1|       m_axi|                                            gmem|       pointer|
|m_axi_gmem_0_AWLEN     |  out|   32|       m_axi|                                            gmem|       pointer|
|m_axi_gmem_0_AWSIZE    |  out|    3|       m_axi|                                            gmem|       pointer|
|m_axi_gmem_0_AWBURST   |  out|    2|       m_axi|                                            gmem|       pointer|
|m_axi_gmem_0_AWLOCK    |  out|    2|       m_axi|                                            gmem|       pointer|
|m_axi_gmem_0_AWCACHE   |  out|    4|       m_axi|                                            gmem|       pointer|
|m_axi_gmem_0_AWPROT    |  out|    3|       m_axi|                                            gmem|       pointer|
|m_axi_gmem_0_AWQOS     |  out|    4|       m_axi|                                            gmem|       pointer|
|m_axi_gmem_0_AWREGION  |  out|    4|       m_axi|                                            gmem|       pointer|
|m_axi_gmem_0_AWUSER    |  out|    1|       m_axi|                                            gmem|       pointer|
|m_axi_gmem_0_WVALID    |  out|    1|       m_axi|                                            gmem|       pointer|
|m_axi_gmem_0_WREADY    |   in|    1|       m_axi|                                            gmem|       pointer|
|m_axi_gmem_0_WDATA     |  out|    8|       m_axi|                                            gmem|       pointer|
|m_axi_gmem_0_WSTRB     |  out|    1|       m_axi|                                            gmem|       pointer|
|m_axi_gmem_0_WLAST     |  out|    1|       m_axi|                                            gmem|       pointer|
|m_axi_gmem_0_WID       |  out|    1|       m_axi|                                            gmem|       pointer|
|m_axi_gmem_0_WUSER     |  out|    1|       m_axi|                                            gmem|       pointer|
|m_axi_gmem_0_ARVALID   |  out|    1|       m_axi|                                            gmem|       pointer|
|m_axi_gmem_0_ARREADY   |   in|    1|       m_axi|                                            gmem|       pointer|
|m_axi_gmem_0_ARADDR    |  out|   32|       m_axi|                                            gmem|       pointer|
|m_axi_gmem_0_ARID      |  out|    1|       m_axi|                                            gmem|       pointer|
|m_axi_gmem_0_ARLEN     |  out|   32|       m_axi|                                            gmem|       pointer|
|m_axi_gmem_0_ARSIZE    |  out|    3|       m_axi|                                            gmem|       pointer|
|m_axi_gmem_0_ARBURST   |  out|    2|       m_axi|                                            gmem|       pointer|
|m_axi_gmem_0_ARLOCK    |  out|    2|       m_axi|                                            gmem|       pointer|
|m_axi_gmem_0_ARCACHE   |  out|    4|       m_axi|                                            gmem|       pointer|
|m_axi_gmem_0_ARPROT    |  out|    3|       m_axi|                                            gmem|       pointer|
|m_axi_gmem_0_ARQOS     |  out|    4|       m_axi|                                            gmem|       pointer|
|m_axi_gmem_0_ARREGION  |  out|    4|       m_axi|                                            gmem|       pointer|
|m_axi_gmem_0_ARUSER    |  out|    1|       m_axi|                                            gmem|       pointer|
|m_axi_gmem_0_RVALID    |   in|    1|       m_axi|                                            gmem|       pointer|
|m_axi_gmem_0_RREADY    |  out|    1|       m_axi|                                            gmem|       pointer|
|m_axi_gmem_0_RDATA     |   in|    8|       m_axi|                                            gmem|       pointer|
|m_axi_gmem_0_RLAST     |   in|    1|       m_axi|                                            gmem|       pointer|
|m_axi_gmem_0_RID       |   in|    1|       m_axi|                                            gmem|       pointer|
|m_axi_gmem_0_RFIFONUM  |   in|   11|       m_axi|                                            gmem|       pointer|
|m_axi_gmem_0_RUSER     |   in|    1|       m_axi|                                            gmem|       pointer|
|m_axi_gmem_0_RRESP     |   in|    2|       m_axi|                                            gmem|       pointer|
|m_axi_gmem_0_BVALID    |   in|    1|       m_axi|                                            gmem|       pointer|
|m_axi_gmem_0_BREADY    |  out|    1|       m_axi|                                            gmem|       pointer|
|m_axi_gmem_0_BRESP     |   in|    2|       m_axi|                                            gmem|       pointer|
|m_axi_gmem_0_BID       |   in|    1|       m_axi|                                            gmem|       pointer|
|m_axi_gmem_0_BUSER     |   in|    1|       m_axi|                                            gmem|       pointer|
|input_img              |   in|   32|     ap_none|                                       input_img|        scalar|
+-----------------------+-----+-----+------------+------------------------------------------------+--------------+

============================================================
+ Verbose Summary: Synthesis Manager
============================================================
InlineROM: 1
ExposeGlobal: 0
============================================================
+ Verbose Summary: CDFG Model
============================================================
IsTopModel: 0
ResetActiveHigh: 1
IsCombinational: 2
IsDatapathOnly: 2
HasWiredReturn: 1
HasMFsm: 2
HasVarLatency: 1
IsPipeline: 0
IsRtlPipelined: 0
IsInstanceOverlapped: 0
IsDontTouch: 0
HasImplIP: 0
IsGatedGlobalClock: 0

+ Individual pipeline summary: 
  * Pipeline-0: initiation interval (II) = 1, depth = 12


============================================================
+ Verbose Summary: Schedule
============================================================
* Number of FSM states : 12
* Pipeline : 1
  Pipeline-0 : II = 1, D = 12, States = { 1 2 3 4 5 6 7 8 9 10 11 12 }
* Dataflow Pipeline: 0

* FSM state transitions: 
1 --> 2 
2 --> 3 
3 --> 4 
4 --> 5 
5 --> 6 
6 --> 7 
7 --> 8 
8 --> 9 
9 --> 10 
10 --> 11 
11 --> 12 
12 --> 

* FSM state operations: 

State 1 <SV = 0> <Delay = 5.12>
ST_1 : Operation 15 [1/1] (0.00ns)   --->   "%c = alloca i32 1" [vitis_convolution.cpp:21]   --->   Operation 15 'alloca' 'c' <Predicate = true> <Delay = 0.00>
ST_1 : Operation 16 [1/1] (0.00ns)   --->   "%r = alloca i32 1" [vitis_convolution.cpp:20]   --->   Operation 16 'alloca' 'r' <Predicate = true> <Delay = 0.00>
ST_1 : Operation 17 [1/1] (0.00ns)   --->   "%indvar_flatten = alloca i32 1"   --->   Operation 17 'alloca' 'indvar_flatten' <Predicate = true> <Delay = 0.00>
ST_1 : Operation 18 [1/1] (0.00ns)   --->   "%specinterface_ln0 = specinterface void @_ssdm_op_SpecInterface, i8 %gmem, void @empty, i32 0, i32 0, void @empty_0, i32 0, i32 16384, void @empty_1, void @empty_2, void @empty_0, i32 16, i32 16, i32 16, i32 16, void @empty_0, void @empty_0, i32 4294967295, i32 0, i32 0, i32 1"   --->   Operation 18 'specinterface' 'specinterface_ln0' <Predicate = true> <Delay = 0.00>
ST_1 : Operation 19 [1/1] (0.00ns)   --->   "%input_img_read = read i32 @_ssdm_op_Read.ap_auto.i32, i32 %input_img"   --->   Operation 19 'read' 'input_img_read' <Predicate = true> <Delay = 0.00>
ST_1 : Operation 20 [1/1] (1.58ns)   --->   "%store_ln0 = store i15 0, i15 %indvar_flatten"   --->   Operation 20 'store' 'store_ln0' <Predicate = true> <Delay = 1.58>
ST_1 : Operation 21 [1/1] (1.58ns)   --->   "%store_ln20 = store i8 0, i8 %r" [vitis_convolution.cpp:20]   --->   Operation 21 'store' 'store_ln20' <Predicate = true> <Delay = 1.58>
ST_1 : Operation 22 [1/1] (1.58ns)   --->   "%store_ln21 = store i8 0, i8 %c" [vitis_convolution.cpp:21]   --->   Operation 22 'store' 'store_ln21' <Predicate = true> <Delay = 1.58>
ST_1 : Operation 23 [1/1] (0.00ns)   --->   "%br_ln0 = br void %for.inc"   --->   Operation 23 'br' 'br_ln0' <Predicate = true> <Delay = 0.00>
ST_1 : Operation 24 [1/1] (0.00ns)   --->   "%indvar_flatten_load = load i15 %indvar_flatten" [vitis_convolution.cpp:20]   --->   Operation 24 'load' 'indvar_flatten_load' <Predicate = true> <Delay = 0.00>
ST_1 : Operation 25 [1/1] (0.00ns)   --->   "%specbitsmap_ln0 = specbitsmap void @_ssdm_op_SpecBitsMap, i8 %gmem"   --->   Operation 25 'specbitsmap' 'specbitsmap_ln0' <Predicate = true> <Delay = 0.00>
ST_1 : Operation 26 [1/1] (1.94ns)   --->   "%icmp_ln20 = icmp_eq  i15 %indvar_flatten_load, i15 16384" [vitis_convolution.cpp:20]   --->   Operation 26 'icmp' 'icmp_ln20' <Predicate = true> <Delay = 1.94> <CoreInst = "Cmp">   --->   Core 9 'Cmp' <Latency = 0> <II = 1> <Delay = 2.07> <FuncUnit> <Opcode : 'seteq' 'setne' 'setle' 'setge' 'setlt' 'setgt'> <InPorts = 2> <OutPorts = 1>
ST_1 : Operation 27 [1/1] (1.94ns)   --->   "%add_ln20 = add i15 %indvar_flatten_load, i15 1" [vitis_convolution.cpp:20]   --->   Operation 27 'add' 'add_ln20' <Predicate = true> <Delay = 1.94> <CoreInst = "Adder">   --->   Core 1 'Adder' <Latency = 0> <II = 1> <Delay = 1.94> <FuncUnit> <Opcode : 'add' 'sub'> <InPorts = 2> <OutPorts = 1>
ST_1 : Operation 28 [1/1] (0.00ns)   --->   "%br_ln20 = br i1 %icmp_ln20, void %for.inc9, void %for.inc79.preheader.exitStub" [vitis_convolution.cpp:20]   --->   Operation 28 'br' 'br_ln20' <Predicate = true> <Delay = 0.00>
ST_1 : Operation 29 [1/1] (1.58ns)   --->   "%store_ln20 = store i15 %add_ln20, i15 %indvar_flatten" [vitis_convolution.cpp:20]   --->   Operation 29 'store' 'store_ln20' <Predicate = (!icmp_ln20)> <Delay = 1.58>

State 2 <SV = 1> <Delay = 6.66>
ST_2 : Operation 30 [1/1] (0.00ns)   --->   "%c_load = load i8 %c" [vitis_convolution.cpp:21]   --->   Operation 30 'load' 'c_load' <Predicate = true> <Delay = 0.00>
ST_2 : Operation 31 [1/1] (0.00ns)   --->   "%r_load = load i8 %r" [vitis_convolution.cpp:20]   --->   Operation 31 'load' 'r_load' <Predicate = true> <Delay = 0.00>
ST_2 : Operation 32 [1/1] (1.91ns)   --->   "%icmp_ln21 = icmp_eq  i8 %c_load, i8 128" [vitis_convolution.cpp:21]   --->   Operation 32 'icmp' 'icmp_ln21' <Predicate = true> <Delay = 1.91> <CoreInst = "Cmp">   --->   Core 9 'Cmp' <Latency = 0> <II = 1> <Delay = 1.82> <FuncUnit> <Opcode : 'seteq' 'setne' 'setle' 'setge' 'setlt' 'setgt'> <InPorts = 2> <OutPorts = 1>
ST_2 : Operation 33 [1/1] (1.24ns)   --->   "%select_ln20 = select i1 %icmp_ln21, i8 0, i8 %c_load" [vitis_convolution.cpp:20]   --->   Operation 33 'select' 'select_ln20' <Predicate = true> <Delay = 1.24> <CoreInst = "Sel">   --->   Core 73 'Sel' <Latency = 0> <II = 1> <Delay = 1.24> <FuncUnit> <Opcode : 'select'> <InPorts = 3> <OutPorts = 1>
ST_2 : Operation 34 [1/1] (1.91ns)   --->   "%add_ln20_1 = add i8 %r_load, i8 1" [vitis_convolution.cpp:20]   --->   Operation 34 'add' 'add_ln20_1' <Predicate = true> <Delay = 1.91> <CoreInst = "Adder">   --->   Core 1 'Adder' <Latency = 0> <II = 1> <Delay = 1.91> <FuncUnit> <Opcode : 'add' 'sub'> <InPorts = 2> <OutPorts = 1>
ST_2 : Operation 35 [1/1] (1.24ns)   --->   "%select_ln20_1 = select i1 %icmp_ln21, i8 %add_ln20_1, i8 %r_load" [vitis_convolution.cpp:20]   --->   Operation 35 'select' 'select_ln20_1' <Predicate = true> <Delay = 1.24> <CoreInst = "Sel">   --->   Core 73 'Sel' <Latency = 0> <II = 1> <Delay = 1.24> <FuncUnit> <Opcode : 'select'> <InPorts = 3> <OutPorts = 1>
ST_2 : Operation 36 [1/1] (0.00ns)   --->   "%trunc_ln23 = trunc i8 %select_ln20_1" [vitis_convolution.cpp:23]   --->   Operation 36 'trunc' 'trunc_ln23' <Predicate = true> <Delay = 0.00>
ST_2 : Operation 37 [1/1] (0.00ns)   --->   "%trunc_ln23_1 = trunc i8 %select_ln20" [vitis_convolution.cpp:23]   --->   Operation 37 'trunc' 'trunc_ln23_1' <Predicate = true> <Delay = 0.00>
ST_2 : Operation 38 [1/1] (1.91ns)   --->   "%add_ln21 = add i8 %select_ln20, i8 1" [vitis_convolution.cpp:21]   --->   Operation 38 'add' 'add_ln21' <Predicate = true> <Delay = 1.91> <CoreInst = "Adder">   --->   Core 1 'Adder' <Latency = 0> <II = 1> <Delay = 1.91> <FuncUnit> <Opcode : 'add' 'sub'> <InPorts = 2> <OutPorts = 1>
ST_2 : Operation 39 [1/1] (1.58ns)   --->   "%store_ln20 = store i8 %select_ln20_1, i8 %r" [vitis_convolution.cpp:20]   --->   Operation 39 'store' 'store_ln20' <Predicate = true> <Delay = 1.58>
ST_2 : Operation 40 [1/1] (1.58ns)   --->   "%store_ln21 = store i8 %add_ln21, i8 %c" [vitis_convolution.cpp:21]   --->   Operation 40 'store' 'store_ln21' <Predicate = true> <Delay = 1.58>

State 3 <SV = 2> <Delay = 4.37>
ST_3 : Operation 41 [1/1] (0.00ns)   --->   "%shl_ln = bitconcatenate i14 @_ssdm_op_BitConcatenate.i14.i7.i7, i7 %trunc_ln23, i7 0" [vitis_convolution.cpp:23]   --->   Operation 41 'bitconcatenate' 'shl_ln' <Predicate = true> <Delay = 0.00>
ST_3 : Operation 42 [1/1] (0.00ns)   --->   "%zext_ln23 = zext i14 %shl_ln" [vitis_convolution.cpp:23]   --->   Operation 42 'zext' 'zext_ln23' <Predicate = true> <Delay = 0.00>
ST_3 : Operation 43 [1/1] (0.00ns)   --->   "%zext_ln23_1 = zext i7 %trunc_ln23_1" [vitis_convolution.cpp:23]   --->   Operation 43 'zext' 'zext_ln23_1' <Predicate = true> <Delay = 0.00>
ST_3 : Operation 44 [1/1] (0.00ns) (grouped into TernaryAdder)   --->   "%add_ln23 = add i32 %zext_ln23, i32 %input_img_read" [vitis_convolution.cpp:23]   --->   Operation 44 'add' 'add_ln23' <Predicate = true> <Delay = 0.00> <CoreInst = "TAddSub">   --->   Core 10 'TAddSub' <Latency = 0> <II = 1> <Delay = 2.18> <IPBlock> <Opcode : 'add' 'sub'> <InPorts = 3> <OutPorts = 1> <Sync> <CReg>
ST_3 : Operation 45 [1/1] (4.37ns) (root node of TernaryAdder)   --->   "%add_ln23_1 = add i32 %add_ln23, i32 %zext_ln23_1" [vitis_convolution.cpp:23]   --->   Operation 45 'add' 'add_ln23_1' <Predicate = true> <Delay = 4.37> <CoreInst = "TAddSub">   --->   Core 10 'TAddSub' <Latency = 0> <II = 1> <Delay = 2.18> <IPBlock> <Opcode : 'add' 'sub'> <InPorts = 3> <OutPorts = 1> <Sync> <CReg>
ST_3 : Operation 46 [1/1] (0.00ns)   --->   "%gmem_addr = getelementptr i8 %gmem, i32 %add_ln23_1" [vitis_convolution.cpp:23]   --->   Operation 46 'getelementptr' 'gmem_addr' <Predicate = true> <Delay = 0.00>

State 4 <SV = 3> <Delay = 0.00>
ST_4 : Operation 47 [8/8] (7.30ns)   --->   "%p_req = readreq i1 @_ssdm_op_ReadReq.m_axi.i8P1A, i32 %gmem_addr, i32 1" [vitis_convolution.cpp:23]   --->   Operation 47 'readreq' 'p_req' <Predicate = true> <Delay = 7.30> <CoreInst = "m_axi">   --->   Core 111 'm_axi' <Latency = 6> <II = 1> <Delay = 1.00> <Adapter> <Opcode : 'readrequnaligned' 'writerequnaligned' 'read' 'write' 'readreq' 'writereq' 'writeresp'>

State 5 <SV = 4> <Delay = 0.00>
ST_5 : Operation 48 [7/8] (7.30ns)   --->   "%p_req = readreq i1 @_ssdm_op_ReadReq.m_axi.i8P1A, i32 %gmem_addr, i32 1" [vitis_convolution.cpp:23]   --->   Operation 48 'readreq' 'p_req' <Predicate = true> <Delay = 7.30> <CoreInst = "m_axi">   --->   Core 111 'm_axi' <Latency = 6> <II = 1> <Delay = 1.00> <Adapter> <Opcode : 'readrequnaligned' 'writerequnaligned' 'read' 'write' 'readreq' 'writereq' 'writeresp'>

State 6 <SV = 5> <Delay = 0.00>
ST_6 : Operation 49 [6/8] (7.30ns)   --->   "%p_req = readreq i1 @_ssdm_op_ReadReq.m_axi.i8P1A, i32 %gmem_addr, i32 1" [vitis_convolution.cpp:23]   --->   Operation 49 'readreq' 'p_req' <Predicate = true> <Delay = 7.30> <CoreInst = "m_axi">   --->   Core 111 'm_axi' <Latency = 6> <II = 1> <Delay = 1.00> <Adapter> <Opcode : 'readrequnaligned' 'writerequnaligned' 'read' 'write' 'readreq' 'writereq' 'writeresp'>

State 7 <SV = 6> <Delay = 0.00>
ST_7 : Operation 50 [5/8] (7.30ns)   --->   "%p_req = readreq i1 @_ssdm_op_ReadReq.m_axi.i8P1A, i32 %gmem_addr, i32 1" [vitis_convolution.cpp:23]   --->   Operation 50 'readreq' 'p_req' <Predicate = true> <Delay = 7.30> <CoreInst = "m_axi">   --->   Core 111 'm_axi' <Latency = 6> <II = 1> <Delay = 1.00> <Adapter> <Opcode : 'readrequnaligned' 'writerequnaligned' 'read' 'write' 'readreq' 'writereq' 'writeresp'>

State 8 <SV = 7> <Delay = 0.00>
ST_8 : Operation 51 [4/8] (7.30ns)   --->   "%p_req = readreq i1 @_ssdm_op_ReadReq.m_axi.i8P1A, i32 %gmem_addr, i32 1" [vitis_convolution.cpp:23]   --->   Operation 51 'readreq' 'p_req' <Predicate = true> <Delay = 7.30> <CoreInst = "m_axi">   --->   Core 111 'm_axi' <Latency = 6> <II = 1> <Delay = 1.00> <Adapter> <Opcode : 'readrequnaligned' 'writerequnaligned' 'read' 'write' 'readreq' 'writereq' 'writeresp'>

State 9 <SV = 8> <Delay = 0.00>
ST_9 : Operation 52 [3/8] (7.30ns)   --->   "%p_req = readreq i1 @_ssdm_op_ReadReq.m_axi.i8P1A, i32 %gmem_addr, i32 1" [vitis_convolution.cpp:23]   --->   Operation 52 'readreq' 'p_req' <Predicate = true> <Delay = 7.30> <CoreInst = "m_axi">   --->   Core 111 'm_axi' <Latency = 6> <II = 1> <Delay = 1.00> <Adapter> <Opcode : 'readrequnaligned' 'writerequnaligned' 'read' 'write' 'readreq' 'writereq' 'writeresp'>

State 10 <SV = 9> <Delay = 0.00>
ST_10 : Operation 53 [2/8] (7.30ns)   --->   "%p_req = readreq i1 @_ssdm_op_ReadReq.m_axi.i8P1A, i32 %gmem_addr, i32 1" [vitis_convolution.cpp:23]   --->   Operation 53 'readreq' 'p_req' <Predicate = true> <Delay = 7.30> <CoreInst = "m_axi">   --->   Core 111 'm_axi' <Latency = 6> <II = 1> <Delay = 1.00> <Adapter> <Opcode : 'readrequnaligned' 'writerequnaligned' 'read' 'write' 'readreq' 'writereq' 'writeresp'>

State 11 <SV = 10> <Delay = 7.30>
ST_11 : Operation 54 [1/8] ( I:7.30ns O:7.30ns )   --->   "%p_req = readreq i1 @_ssdm_op_ReadReq.m_axi.i8P1A, i32 %gmem_addr, i32 1" [vitis_convolution.cpp:23]   --->   Operation 54 'readreq' 'p_req' <Predicate = true> <Delay = 7.30> <CoreInst = "m_axi">   --->   Core 111 'm_axi' <Latency = 6> <II = 1> <Delay = 1.00> <Adapter> <Opcode : 'readrequnaligned' 'writerequnaligned' 'read' 'write' 'readreq' 'writereq' 'writeresp'>
ST_11 : Operation 60 [1/1] (1.58ns)   --->   "%ret_ln0 = ret"   --->   Operation 60 'ret' 'ret_ln0' <Predicate = (icmp_ln20)> <Delay = 1.58>

State 12 <SV = 11> <Delay = 7.30>
ST_12 : Operation 55 [1/1] (0.00ns)   --->   "%specloopname_ln0 = specloopname void @_ssdm_op_SpecLoopName, void @Read_Rows_Read_Cols_str"   --->   Operation 55 'specloopname' 'specloopname_ln0' <Predicate = true> <Delay = 0.00>
ST_12 : Operation 56 [1/1] (0.00ns)   --->   "%speclooptripcount_ln0 = speclooptripcount void @_ssdm_op_SpecLoopTripCount, i64 16384, i64 16384, i64 16384"   --->   Operation 56 'speclooptripcount' 'speclooptripcount_ln0' <Predicate = true> <Delay = 0.00>
ST_12 : Operation 57 [1/1] (0.00ns)   --->   "%specpipeline_ln22 = specpipeline void @_ssdm_op_SpecPipeline, i32 1, i32 0, i32 0, i32 0, i32 4294967295, void @empty_0" [vitis_convolution.cpp:22]   --->   Operation 57 'specpipeline' 'specpipeline_ln22' <Predicate = true> <Delay = 0.00>
ST_12 : Operation 58 [1/1] ( I:7.30ns O:7.30ns )   --->   "%empty = read i8 @_ssdm_op_Read.m_axi.volatile.i8P1A, i32 %gmem_addr" [vitis_convolution.cpp:23]   --->   Operation 58 'read' 'empty' <Predicate = true> <Delay = 7.30> <CoreInst = "m_axi">   --->   Core 111 'm_axi' <Latency = 3> <II = 1> <Delay = 1.00> <Adapter> <Opcode : 'readrequnaligned' 'writerequnaligned' 'read' 'write' 'readreq' 'writereq' 'writeresp'>
ST_12 : Operation 59 [1/1] (0.00ns)   --->   "%br_ln21 = br void %for.inc" [vitis_convolution.cpp:21]   --->   Operation 59 'br' 'br_ln21' <Predicate = true> <Delay = 0.00>


============================================================
+ Verbose Summary: Binding
============================================================
STG Binding: 
---------------- STG Properties BEGIN ----------------
- Is combinational: 0
- Is one-state seq: 0
- Is datapath-only: 0
- Is pipelined: 0
- Is top level: 0
Port [ Return ] is wired: 1; IO mode=ap_ctrl_hs:ce=0
Port [ gmem]:  wired=1; compound=1; hidden=0; nouse=0; global=0; static=0; extern=0; dir=0; type=4; pingpong=0; private_global=0; IO mode=m_axi:ce=0
Port [ input_img]:  wired=1; compound=0; hidden=0; nouse=0; global=0; static=0; extern=0; dir=0; type=0; pingpong=0; private_global=0; IO mode=ap_none:ce=0
---------------- STG Properties END ------------------

---------------- Datapath Model BEGIN ----------------

<LifeTime>
<method=bitvector/>
c                     (alloca           ) [ 0110000000000]
r                     (alloca           ) [ 0110000000000]
indvar_flatten        (alloca           ) [ 0100000000000]
specinterface_ln0     (specinterface    ) [ 0000000000000]
input_img_read        (read             ) [ 0111000000000]
store_ln0             (store            ) [ 0000000000000]
store_ln20            (store            ) [ 0000000000000]
store_ln21            (store            ) [ 0000000000000]
br_ln0                (br               ) [ 0000000000000]
indvar_flatten_load   (load             ) [ 0000000000000]
specbitsmap_ln0       (specbitsmap      ) [ 0000000000000]
icmp_ln20             (icmp             ) [ 0111111111110]
add_ln20              (add              ) [ 0000000000000]
br_ln20               (br               ) [ 0000000000000]
store_ln20            (store            ) [ 0000000000000]
c_load                (load             ) [ 0000000000000]
r_load                (load             ) [ 0000000000000]
icmp_ln21             (icmp             ) [ 0000000000000]
select_ln20           (select           ) [ 0000000000000]
add_ln20_1            (add              ) [ 0000000000000]
select_ln20_1         (select           ) [ 0000000000000]
trunc_ln23            (trunc            ) [ 0101000000000]
trunc_ln23_1          (trunc            ) [ 0101000000000]
add_ln21              (add              ) [ 0000000000000]
store_ln20            (store            ) [ 0000000000000]
store_ln21            (store            ) [ 0000000000000]
shl_ln                (bitconcatenate   ) [ 0000000000000]
zext_ln23             (zext             ) [ 0000000000000]
zext_ln23_1           (zext             ) [ 0000000000000]
add_ln23              (add              ) [ 0000000000000]
add_ln23_1            (add              ) [ 0000000000000]
gmem_addr             (getelementptr    ) [ 0100111111111]
p_req                 (readreq          ) [ 0000000000000]
specloopname_ln0      (specloopname     ) [ 0000000000000]
speclooptripcount_ln0 (speclooptripcount) [ 0000000000000]
specpipeline_ln22     (specpipeline     ) [ 0000000000000]
empty                 (read             ) [ 0000000000000]
br_ln21               (br               ) [ 0000000000000]
ret_ln0               (ret              ) [ 0000000000000]
</LifeTime>

<model>

<comp_list>
<comp id="0" class="1000" name="gmem">
<pin_list>
<pin id="1" dir="1" index="0" bw="1" slack="0"/>
</pin_list>
<bind>
<StgValue><ssdm name="gmem"/><MemPortTyVec>0 </MemPortTyVec>
</StgValue>
</bind>
</comp>

<comp id="2" class="1000" name="input_img">
<pin_list>
<pin id="3" dir="1" index="0" bw="1" slack="0"/>
</pin_list>
<bind>
<StgValue><ssdm name="input_img"/></StgValue>
</bind>
</comp>

<comp id="4" class="1001" name="const_4">
<pin_list>
<pin id="5" dir="1" index="0" bw="1" slack="0"/>
</pin_list>
<bind>
<StgValue><ssdm name=""/></StgValue>
</bind>
</comp>

<comp id="6" class="1001" name="const_6">
<pin_list>
<pin id="7" dir="1" index="0" bw="1" slack="2147483647"/>
</pin_list>
<bind>
<StgValue><ssdm name="_ssdm_op_SpecInterface"/></StgValue>
</bind>
</comp>

<comp id="8" class="1001" name="const_8">
<pin_list>
<pin id="9" dir="1" index="0" bw="1" slack="2147483647"/>
</pin_list>
<bind>
<StgValue><ssdm name="empty"/></StgValue>
</bind>
</comp>

<comp id="10" class="1001" name="const_10">
<pin_list>
<pin id="11" dir="1" index="0" bw="1" slack="2147483647"/>
</pin_list>
<bind>
<StgValue><ssdm name=""/></StgValue>
</bind>
</comp>

<comp id="12" class="1001" name="const_12">
<pin_list>
<pin id="13" dir="1" index="0" bw="1" slack="2147483647"/>
</pin_list>
<bind>
<StgValue><ssdm name="empty_0"/></StgValue>
</bind>
</comp>

<comp id="14" class="1001" name="const_14">
<pin_list>
<pin id="15" dir="1" index="0" bw="1" slack="2147483647"/>
</pin_list>
<bind>
<StgValue><ssdm name=""/></StgValue>
</bind>
</comp>

<comp id="16" class="1001" name="const_16">
<pin_list>
<pin id="17" dir="1" index="0" bw="1" slack="2147483647"/>
</pin_list>
<bind>
<StgValue><ssdm name="empty_1"/></StgValue>
</bind>
</comp>

<comp id="18" class="1001" name="const_18">
<pin_list>
<pin id="19" dir="1" index="0" bw="1" slack="2147483647"/>
</pin_list>
<bind>
<StgValue><ssdm name="empty_2"/></StgValue>
</bind>
</comp>

<comp id="20" class="1001" name="const_20">
<pin_list>
<pin id="21" dir="1" index="0" bw="1" slack="2147483647"/>
</pin_list>
<bind>
<StgValue><ssdm name=""/></StgValue>
</bind>
</comp>

<comp id="22" class="1001" name="const_22">
<pin_list>
<pin id="23" dir="1" index="0" bw="1" slack="2147483647"/>
</pin_list>
<bind>
<StgValue><ssdm name=""/></StgValue>
</bind>
</comp>

<comp id="24" class="1001" name="const_24">
<pin_list>
<pin id="25" dir="1" index="0" bw="1" slack="0"/>
</pin_list>
<bind>
<StgValue><ssdm name="_ssdm_op_Read.ap_auto.i32"/></StgValue>
</bind>
</comp>

<comp id="26" class="1001" name="const_26">
<pin_list>
<pin id="27" dir="1" index="0" bw="1" slack="0"/>
</pin_list>
<bind>
<StgValue><ssdm name=""/></StgValue>
</bind>
</comp>

<comp id="28" class="1001" name="const_28">
<pin_list>
<pin id="29" dir="1" index="0" bw="1" slack="0"/>
</pin_list>
<bind>
<StgValue><ssdm name=""/></StgValue>
</bind>
</comp>

<comp id="30" class="1001" name="const_30">
<pin_list>
<pin id="31" dir="1" index="0" bw="1" slack="2147483647"/>
</pin_list>
<bind>
<StgValue><ssdm name="_ssdm_op_SpecBitsMap"/></StgValue>
</bind>
</comp>

<comp id="32" class="1001" name="const_32">
<pin_list>
<pin id="33" dir="1" index="0" bw="1" slack="0"/>
</pin_list>
<bind>
<StgValue><ssdm name=""/></StgValue>
</bind>
</comp>

<comp id="34" class="1001" name="const_34">
<pin_list>
<pin id="35" dir="1" index="0" bw="1" slack="0"/>
</pin_list>
<bind>
<StgValue><ssdm name=""/></StgValue>
</bind>
</comp>

<comp id="36" class="1001" name="const_36">
<pin_list>
<pin id="37" dir="1" index="0" bw="1" slack="0"/>
</pin_list>
<bind>
<StgValue><ssdm name=""/></StgValue>
</bind>
</comp>

<comp id="38" class="1001" name="const_38">
<pin_list>
<pin id="39" dir="1" index="0" bw="1" slack="0"/>
</pin_list>
<bind>
<StgValue><ssdm name=""/></StgValue>
</bind>
</comp>

<comp id="40" class="1001" name="const_40">
<pin_list>
<pin id="41" dir="1" index="0" bw="1" slack="0"/>
</pin_list>
<bind>
<StgValue><ssdm name="_ssdm_op_BitConcatenate.i14.i7.i7"/></StgValue>
</bind>
</comp>

<comp id="42" class="1001" name="const_42">
<pin_list>
<pin id="43" dir="1" index="0" bw="1" slack="0"/>
</pin_list>
<bind>
<StgValue><ssdm name=""/></StgValue>
</bind>
</comp>

<comp id="44" class="1001" name="const_44">
<pin_list>
<pin id="45" dir="1" index="0" bw="1" slack="0"/>
</pin_list>
<bind>
<StgValue><ssdm name="_ssdm_op_ReadReq.m_axi.i8P1A"/></StgValue>
</bind>
</comp>

<comp id="46" class="1001" name="const_46">
<pin_list>
<pin id="47" dir="1" index="0" bw="1" slack="2147483647"/>
</pin_list>
<bind>
<StgValue><ssdm name="_ssdm_op_SpecLoopName"/></StgValue>
</bind>
</comp>

<comp id="48" class="1001" name="const_48">
<pin_list>
<pin id="49" dir="1" index="0" bw="1" slack="2147483647"/>
</pin_list>
<bind>
<StgValue><ssdm name="Read_Rows_Read_Cols_str"/></StgValue>
</bind>
</comp>

<comp id="50" class="1001" name="const_50">
<pin_list>
<pin id="51" dir="1" index="0" bw="1" slack="2147483647"/>
</pin_list>
<bind>
<StgValue><ssdm name="_ssdm_op_SpecLoopTripCount"/></StgValue>
</bind>
</comp>

<comp id="52" class="1001" name="const_52">
<pin_list>
<pin id="53" dir="1" index="0" bw="1" slack="2147483647"/>
</pin_list>
<bind>
<StgValue><ssdm name=""/></StgValue>
</bind>
</comp>

<comp id="54" class="1001" name="const_54">
<pin_list>
<pin id="55" dir="1" index="0" bw="1" slack="2147483647"/>
</pin_list>
<bind>
<StgValue><ssdm name="_ssdm_op_SpecPipeline"/></StgValue>
</bind>
</comp>

<comp id="56" class="1001" name="const_56">
<pin_list>
<pin id="57" dir="1" index="0" bw="1" slack="0"/>
</pin_list>
<bind>
<StgValue><ssdm name="_ssdm_op_Read.m_axi.volatile.i8P1A"/></StgValue>
</bind>
</comp>

<comp id="58" class="1004" name="c_fu_58">
<pin_list>
<pin id="59" dir="0" index="0" bw="1" slack="0"/>
<pin id="60" dir="1" index="1" bw="8" slack="0"/>
</pin_list>
<bind>
<opcode="alloca(26) " fcode="alloca"/>
<opset="c/1 "/>
</bind>
</comp>

<comp id="62" class="1004" name="r_fu_62">
<pin_list>
<pin id="63" dir="0" index="0" bw="1" slack="0"/>
<pin id="64" dir="1" index="1" bw="8" slack="0"/>
</pin_list>
<bind>
<opcode="alloca(26) " fcode="alloca"/>
<opset="r/1 "/>
</bind>
</comp>

<comp id="66" class="1004" name="indvar_flatten_fu_66">
<pin_list>
<pin id="67" dir="0" index="0" bw="1" slack="0"/>
<pin id="68" dir="1" index="1" bw="15" slack="0"/>
</pin_list>
<bind>
<opcode="alloca(26) " fcode="alloca"/>
<opset="indvar_flatten/1 "/>
</bind>
</comp>

<comp id="70" class="1004" name="input_img_read_read_fu_70">
<pin_list>
<pin id="71" dir="0" index="0" bw="32" slack="0"/>
<pin id="72" dir="0" index="1" bw="32" slack="0"/>
<pin id="73" dir="1" index="2" bw="32" slack="2"/>
</pin_list>
<bind>
<opcode="read(1150) " fcode="read"/>
<opset="input_img_read/1 "/>
</bind>
</comp>

<comp id="76" class="1004" name="grp_readreq_fu_76">
<pin_list>
<pin id="77" dir="0" index="0" bw="1" slack="0"/>
<pin id="78" dir="0" index="1" bw="8" slack="1"/>
<pin id="79" dir="0" index="2" bw="1" slack="0"/>
<pin id="80" dir="1" index="3" bw="1" slack="2147483647"/>
</pin_list>
<bind>
<opcode="readreq(1154) " fcode="readreq"/>
<opset="p_req/4 "/>
</bind>
</comp>

<comp id="83" class="1004" name="empty_read_fu_83">
<pin_list>
<pin id="84" dir="0" index="0" bw="8" slack="0"/>
<pin id="85" dir="0" index="1" bw="8" slack="9"/>
<pin id="86" dir="1" index="2" bw="8" slack="2147483647"/>
</pin_list>
<bind>
<opcode="read(1150) " fcode="read"/>
<opset="empty/12 "/>
</bind>
</comp>

<comp id="88" class="1004" name="store_ln0_store_fu_88">
<pin_list>
<pin id="89" dir="0" index="0" bw="1" slack="0"/>
<pin id="90" dir="0" index="1" bw="15" slack="0"/>
<pin id="91" dir="1" index="2" bw="0" slack="2147483647"/>
</pin_list>
<bind>
<opcode="store(28) " fcode="store"/>
<opset="store_ln0/1 "/>
</bind>
</comp>

<comp id="93" class="1004" name="store_ln20_store_fu_93">
<pin_list>
<pin id="94" dir="0" index="0" bw="1" slack="0"/>
<pin id="95" dir="0" index="1" bw="8" slack="0"/>
<pin id="96" dir="1" index="2" bw="0" slack="2147483647"/>
</pin_list>
<bind>
<opcode="store(28) " fcode="store"/>
<opset="store_ln20/1 "/>
</bind>
</comp>

<comp id="98" class="1004" name="store_ln21_store_fu_98">
<pin_list>
<pin id="99" dir="0" index="0" bw="1" slack="0"/>
<pin id="100" dir="0" index="1" bw="8" slack="0"/>
<pin id="101" dir="1" index="2" bw="0" slack="2147483647"/>
</pin_list>
<bind>
<opcode="store(28) " fcode="store"/>
<opset="store_ln21/1 "/>
</bind>
</comp>

<comp id="103" class="1004" name="indvar_flatten_load_load_fu_103">
<pin_list>
<pin id="104" dir="0" index="0" bw="15" slack="0"/>
<pin id="105" dir="1" index="1" bw="15" slack="0"/>
</pin_list>
<bind>
<opcode="load(27) " fcode="load"/>
<opset="indvar_flatten_load/1 "/>
</bind>
</comp>

<comp id="106" class="1004" name="icmp_ln20_fu_106">
<pin_list>
<pin id="107" dir="0" index="0" bw="15" slack="0"/>
<pin id="108" dir="0" index="1" bw="15" slack="0"/>
<pin id="109" dir="1" index="2" bw="1" slack="10"/>
</pin_list>
<bind>
<opcode="icmp(45) " fcode="icmp"/>
<opset="icmp_ln20/1 "/>
</bind>
</comp>

<comp id="112" class="1004" name="add_ln20_fu_112">
<pin_list>
<pin id="113" dir="0" index="0" bw="15" slack="0"/>
<pin id="114" dir="0" index="1" bw="1" slack="0"/>
<pin id="115" dir="1" index="2" bw="15" slack="0"/>
</pin_list>
<bind>
<opcode="add(8) " fcode="add"/>
<opset="add_ln20/1 "/>
</bind>
</comp>

<comp id="118" class="1004" name="store_ln20_store_fu_118">
<pin_list>
<pin id="119" dir="0" index="0" bw="15" slack="0"/>
<pin id="120" dir="0" index="1" bw="15" slack="0"/>
<pin id="121" dir="1" index="2" bw="0" slack="2147483647"/>
</pin_list>
<bind>
<opcode="store(28) " fcode="store"/>
<opset="store_ln20/1 "/>
</bind>
</comp>

<comp id="123" class="1004" name="c_load_load_fu_123">
<pin_list>
<pin id="124" dir="0" index="0" bw="8" slack="1"/>
<pin id="125" dir="1" index="1" bw="8" slack="0"/>
</pin_list>
<bind>
<opcode="load(27) " fcode="load"/>
<opset="c_load/2 "/>
</bind>
</comp>

<comp id="126" class="1004" name="r_load_load_fu_126">
<pin_list>
<pin id="127" dir="0" index="0" bw="8" slack="1"/>
<pin id="128" dir="1" index="1" bw="8" slack="0"/>
</pin_list>
<bind>
<opcode="load(27) " fcode="load"/>
<opset="r_load/2 "/>
</bind>
</comp>

<comp id="129" class="1004" name="icmp_ln21_fu_129">
<pin_list>
<pin id="130" dir="0" index="0" bw="8" slack="0"/>
<pin id="131" dir="0" index="1" bw="8" slack="0"/>
<pin id="132" dir="1" index="2" bw="1" slack="0"/>
</pin_list>
<bind>
<opcode="icmp(45) " fcode="icmp"/>
<opset="icmp_ln21/2 "/>
</bind>
</comp>

<comp id="135" class="1004" name="select_ln20_fu_135">
<pin_list>
<pin id="136" dir="0" index="0" bw="1" slack="0"/>
<pin id="137" dir="0" index="1" bw="8" slack="0"/>
<pin id="138" dir="0" index="2" bw="8" slack="0"/>
<pin id="139" dir="1" index="3" bw="8" slack="0"/>
</pin_list>
<bind>
<opcode="select(49) " fcode="select"/>
<opset="select_ln20/2 "/>
</bind>
</comp>

<comp id="143" class="1004" name="add_ln20_1_fu_143">
<pin_list>
<pin id="144" dir="0" index="0" bw="8" slack="0"/>
<pin id="145" dir="0" index="1" bw="1" slack="0"/>
<pin id="146" dir="1" index="2" bw="8" slack="0"/>
</pin_list>
<bind>
<opcode="add(8) " fcode="add"/>
<opset="add_ln20_1/2 "/>
</bind>
</comp>

<comp id="149" class="1004" name="select_ln20_1_fu_149">
<pin_list>
<pin id="150" dir="0" index="0" bw="1" slack="0"/>
<pin id="151" dir="0" index="1" bw="8" slack="0"/>
<pin id="152" dir="0" index="2" bw="8" slack="0"/>
<pin id="153" dir="1" index="3" bw="8" slack="0"/>
</pin_list>
<bind>
<opcode="select(49) " fcode="select"/>
<opset="select_ln20_1/2 "/>
</bind>
</comp>

<comp id="157" class="1004" name="trunc_ln23_fu_157">
<pin_list>
<pin id="158" dir="0" index="0" bw="8" slack="0"/>
<pin id="159" dir="1" index="1" bw="7" slack="1"/>
</pin_list>
<bind>
<opcode="trunc(33) " fcode="trunc"/>
<opset="trunc_ln23/2 "/>
</bind>
</comp>

<comp id="161" class="1004" name="trunc_ln23_1_fu_161">
<pin_list>
<pin id="162" dir="0" index="0" bw="8" slack="0"/>
<pin id="163" dir="1" index="1" bw="7" slack="1"/>
</pin_list>
<bind>
<opcode="trunc(33) " fcode="trunc"/>
<opset="trunc_ln23_1/2 "/>
</bind>
</comp>

<comp id="165" class="1004" name="add_ln21_fu_165">
<pin_list>
<pin id="166" dir="0" index="0" bw="8" slack="0"/>
<pin id="167" dir="0" index="1" bw="1" slack="0"/>
<pin id="168" dir="1" index="2" bw="8" slack="0"/>
</pin_list>
<bind>
<opcode="add(8) " fcode="add"/>
<opset="add_ln21/2 "/>
</bind>
</comp>

<comp id="171" class="1004" name="store_ln20_store_fu_171">
<pin_list>
<pin id="172" dir="0" index="0" bw="8" slack="0"/>
<pin id="173" dir="0" index="1" bw="8" slack="1"/>
<pin id="174" dir="1" index="2" bw="0" slack="2147483647"/>
</pin_list>
<bind>
<opcode="store(28) " fcode="store"/>
<opset="store_ln20/2 "/>
</bind>
</comp>

<comp id="176" class="1004" name="store_ln21_store_fu_176">
<pin_list>
<pin id="177" dir="0" index="0" bw="8" slack="0"/>
<pin id="178" dir="0" index="1" bw="8" slack="1"/>
<pin id="179" dir="1" index="2" bw="0" slack="2147483647"/>
</pin_list>
<bind>
<opcode="store(28) " fcode="store"/>
<opset="store_ln21/2 "/>
</bind>
</comp>

<comp id="181" class="1004" name="shl_ln_fu_181">
<pin_list>
<pin id="182" dir="0" index="0" bw="14" slack="0"/>
<pin id="183" dir="0" index="1" bw="7" slack="1"/>
<pin id="184" dir="0" index="2" bw="1" slack="0"/>
<pin id="185" dir="1" index="3" bw="14" slack="0"/>
</pin_list>
<bind>
<opcode="bitconcatenate(1004) " fcode="bitconcatenate"/>
<opset="shl_ln/3 "/>
</bind>
</comp>

<comp id="188" class="1004" name="zext_ln23_fu_188">
<pin_list>
<pin id="189" dir="0" index="0" bw="14" slack="0"/>
<pin id="190" dir="1" index="1" bw="32" slack="0"/>
</pin_list>
<bind>
<opcode="zext(34) " fcode="zext"/>
<opset="zext_ln23/3 "/>
</bind>
</comp>

<comp id="192" class="1004" name="zext_ln23_1_fu_192">
<pin_list>
<pin id="193" dir="0" index="0" bw="7" slack="1"/>
<pin id="194" dir="1" index="1" bw="32" slack="0"/>
</pin_list>
<bind>
<opcode="zext(34) " fcode="zext"/>
<opset="zext_ln23_1/3 "/>
</bind>
</comp>

<comp id="195" class="1004" name="add_ln23_fu_195">
<pin_list>
<pin id="196" dir="0" index="0" bw="14" slack="0"/>
<pin id="197" dir="0" index="1" bw="32" slack="2"/>
<pin id="198" dir="1" index="2" bw="32" slack="0"/>
</pin_list>
<bind>
<opcode="add(8) " fcode="add"/>
<opset="add_ln23/3 "/>
</bind>
</comp>

<comp id="200" class="1004" name="add_ln23_1_fu_200">
<pin_list>
<pin id="201" dir="0" index="0" bw="32" slack="0"/>
<pin id="202" dir="0" index="1" bw="7" slack="0"/>
<pin id="203" dir="1" index="2" bw="32" slack="0"/>
</pin_list>
<bind>
<opcode="add(8) " fcode="add"/>
<opset="add_ln23_1/3 "/>
</bind>
</comp>

<comp id="206" class="1004" name="gmem_addr_fu_206">
<pin_list>
<pin id="207" dir="0" index="0" bw="32" slack="0"/>
<pin id="208" dir="0" index="1" bw="32" slack="0"/>
<pin id="209" dir="1" index="2" bw="32" slack="1"/>
</pin_list>
<bind>
<opcode="getelementptr(29) " fcode="getelementptr"/>
<opset="gmem_addr/3 "/>
</bind>
</comp>

<comp id="212" class="1005" name="c_reg_212">
<pin_list>
<pin id="213" dir="0" index="0" bw="8" slack="0"/>
<pin id="214" dir="1" index="1" bw="8" slack="0"/>
</pin_list>
<bind>
<opset="c "/>
</bind>
</comp>

<comp id="219" class="1005" name="r_reg_219">
<pin_list>
<pin id="220" dir="0" index="0" bw="8" slack="0"/>
<pin id="221" dir="1" index="1" bw="8" slack="0"/>
</pin_list>
<bind>
<opset="r "/>
</bind>
</comp>

<comp id="226" class="1005" name="indvar_flatten_reg_226">
<pin_list>
<pin id="227" dir="0" index="0" bw="15" slack="0"/>
<pin id="228" dir="1" index="1" bw="15" slack="0"/>
</pin_list>
<bind>
<opset="indvar_flatten "/>
</bind>
</comp>

<comp id="233" class="1005" name="input_img_read_reg_233">
<pin_list>
<pin id="234" dir="0" index="0" bw="32" slack="2"/>
<pin id="235" dir="1" index="1" bw="32" slack="2"/>
</pin_list>
<bind>
<opset="input_img_read "/>
</bind>
</comp>

<comp id="238" class="1005" name="icmp_ln20_reg_238">
<pin_list>
<pin id="239" dir="0" index="0" bw="1" slack="10"/>
<pin id="240" dir="1" index="1" bw="1" slack="2147483647"/>
</pin_list>
<bind>
<opset="icmp_ln20 "/>
</bind>
</comp>

<comp id="242" class="1005" name="trunc_ln23_reg_242">
<pin_list>
<pin id="243" dir="0" index="0" bw="7" slack="1"/>
<pin id="244" dir="1" index="1" bw="7" slack="1"/>
</pin_list>
<bind>
<opset="trunc_ln23 "/>
</bind>
</comp>

<comp id="247" class="1005" name="trunc_ln23_1_reg_247">
<pin_list>
<pin id="248" dir="0" index="0" bw="7" slack="1"/>
<pin id="249" dir="1" index="1" bw="7" slack="1"/>
</pin_list>
<bind>
<opset="trunc_ln23_1 "/>
</bind>
</comp>

<comp id="252" class="1005" name="gmem_addr_reg_252">
<pin_list>
<pin id="253" dir="0" index="0" bw="8" slack="1"/>
<pin id="254" dir="1" index="1" bw="8" slack="1"/>
</pin_list>
<bind>
<opset="gmem_addr "/>
</bind>
</comp>

</comp_list>

<net_list>
<net id="61"><net_src comp="4" pin="0"/><net_sink comp="58" pin=0"/></net>

<net id="65"><net_src comp="4" pin="0"/><net_sink comp="62" pin=0"/></net>

<net id="69"><net_src comp="4" pin="0"/><net_sink comp="66" pin=0"/></net>

<net id="74"><net_src comp="24" pin="0"/><net_sink comp="70" pin=0"/></net>

<net id="75"><net_src comp="2" pin="0"/><net_sink comp="70" pin=1"/></net>

<net id="81"><net_src comp="44" pin="0"/><net_sink comp="76" pin=0"/></net>

<net id="82"><net_src comp="4" pin="0"/><net_sink comp="76" pin=2"/></net>

<net id="87"><net_src comp="56" pin="0"/><net_sink comp="83" pin=0"/></net>

<net id="92"><net_src comp="26" pin="0"/><net_sink comp="88" pin=0"/></net>

<net id="97"><net_src comp="28" pin="0"/><net_sink comp="93" pin=0"/></net>

<net id="102"><net_src comp="28" pin="0"/><net_sink comp="98" pin=0"/></net>

<net id="110"><net_src comp="103" pin="1"/><net_sink comp="106" pin=0"/></net>

<net id="111"><net_src comp="32" pin="0"/><net_sink comp="106" pin=1"/></net>

<net id="116"><net_src comp="103" pin="1"/><net_sink comp="112" pin=0"/></net>

<net id="117"><net_src comp="34" pin="0"/><net_sink comp="112" pin=1"/></net>

<net id="122"><net_src comp="112" pin="2"/><net_sink comp="118" pin=0"/></net>

<net id="133"><net_src comp="123" pin="1"/><net_sink comp="129" pin=0"/></net>

<net id="134"><net_src comp="36" pin="0"/><net_sink comp="129" pin=1"/></net>

<net id="140"><net_src comp="129" pin="2"/><net_sink comp="135" pin=0"/></net>

<net id="141"><net_src comp="28" pin="0"/><net_sink comp="135" pin=1"/></net>

<net id="142"><net_src comp="123" pin="1"/><net_sink comp="135" pin=2"/></net>

<net id="147"><net_src comp="126" pin="1"/><net_sink comp="143" pin=0"/></net>

<net id="148"><net_src comp="38" pin="0"/><net_sink comp="143" pin=1"/></net>

<net id="154"><net_src comp="129" pin="2"/><net_sink comp="149" pin=0"/></net>

<net id="155"><net_src comp="143" pin="2"/><net_sink comp="149" pin=1"/></net>

<net id="156"><net_src comp="126" pin="1"/><net_sink comp="149" pin=2"/></net>

<net id="160"><net_src comp="149" pin="3"/><net_sink comp="157" pin=0"/></net>

<net id="164"><net_src comp="135" pin="3"/><net_sink comp="161" pin=0"/></net>

<net id="169"><net_src comp="135" pin="3"/><net_sink comp="165" pin=0"/></net>

<net id="170"><net_src comp="38" pin="0"/><net_sink comp="165" pin=1"/></net>

<net id="175"><net_src comp="149" pin="3"/><net_sink comp="171" pin=0"/></net>

<net id="180"><net_src comp="165" pin="2"/><net_sink comp="176" pin=0"/></net>

<net id="186"><net_src comp="40" pin="0"/><net_sink comp="181" pin=0"/></net>

<net id="187"><net_src comp="42" pin="0"/><net_sink comp="181" pin=2"/></net>

<net id="191"><net_src comp="181" pin="3"/><net_sink comp="188" pin=0"/></net>

<net id="199"><net_src comp="188" pin="1"/><net_sink comp="195" pin=0"/></net>

<net id="204"><net_src comp="195" pin="2"/><net_sink comp="200" pin=0"/></net>

<net id="205"><net_src comp="192" pin="1"/><net_sink comp="200" pin=1"/></net>

<net id="210"><net_src comp="0" pin="0"/><net_sink comp="206" pin=0"/></net>

<net id="211"><net_src comp="200" pin="2"/><net_sink comp="206" pin=1"/></net>

<net id="215"><net_src comp="58" pin="1"/><net_sink comp="212" pin=0"/></net>

<net id="216"><net_src comp="212" pin="1"/><net_sink comp="98" pin=1"/></net>

<net id="217"><net_src comp="212" pin="1"/><net_sink comp="123" pin=0"/></net>

<net id="218"><net_src comp="212" pin="1"/><net_sink comp="176" pin=1"/></net>

<net id="222"><net_src comp="62" pin="1"/><net_sink comp="219" pin=0"/></net>

<net id="223"><net_src comp="219" pin="1"/><net_sink comp="93" pin=1"/></net>

<net id="224"><net_src comp="219" pin="1"/><net_sink comp="126" pin=0"/></net>

<net id="225"><net_src comp="219" pin="1"/><net_sink comp="171" pin=1"/></net>

<net id="229"><net_src comp="66" pin="1"/><net_sink comp="226" pin=0"/></net>

<net id="230"><net_src comp="226" pin="1"/><net_sink comp="88" pin=1"/></net>

<net id="231"><net_src comp="226" pin="1"/><net_sink comp="103" pin=0"/></net>

<net id="232"><net_src comp="226" pin="1"/><net_sink comp="118" pin=1"/></net>

<net id="236"><net_src comp="70" pin="2"/><net_sink comp="233" pin=0"/></net>

<net id="237"><net_src comp="233" pin="1"/><net_sink comp="195" pin=1"/></net>

<net id="241"><net_src comp="106" pin="2"/><net_sink comp="238" pin=0"/></net>

<net id="245"><net_src comp="157" pin="1"/><net_sink comp="242" pin=0"/></net>

<net id="246"><net_src comp="242" pin="1"/><net_sink comp="181" pin=1"/></net>

<net id="250"><net_src comp="161" pin="1"/><net_sink comp="247" pin=0"/></net>

<net id="251"><net_src comp="247" pin="1"/><net_sink comp="192" pin=0"/></net>

<net id="255"><net_src comp="206" pin="2"/><net_sink comp="252" pin=0"/></net>

<net id="256"><net_src comp="252" pin="1"/><net_sink comp="76" pin=1"/></net>

<net id="257"><net_src comp="252" pin="1"/><net_sink comp="83" pin=1"/></net>

</net_list>

</model> 
---------------- Datapath Model END ------------------

* FSMD analyzer results:
  - Output states:
	Port: gmem | {}
 - Input state : 
	Port: vitis_convolution_Pipeline_Read_Rows_Read_Cols : gmem | {4 5 6 7 8 9 10 11 12 }
	Port: vitis_convolution_Pipeline_Read_Rows_Read_Cols : input_img | {1 }
  - Chain level:
	State 1
		store_ln0 : 1
		store_ln20 : 1
		store_ln21 : 1
		indvar_flatten_load : 1
		icmp_ln20 : 2
		add_ln20 : 2
		br_ln20 : 3
		store_ln20 : 3
	State 2
		icmp_ln21 : 1
		select_ln20 : 2
		add_ln20_1 : 1
		select_ln20_1 : 2
		trunc_ln23 : 3
		trunc_ln23_1 : 3
		add_ln21 : 3
		store_ln20 : 3
		store_ln21 : 4
	State 3
		zext_ln23 : 1
		add_ln23 : 2
		add_ln23_1 : 3
		gmem_addr : 4
	State 4
	State 5
	State 6
	State 7
	State 8
	State 9
	State 10
	State 11
	State 12


============================================================
+ Verbose Summary: Datapath Resource usage 
============================================================

* Functional unit list:
|----------|---------------------------|---------|---------|
| Operation|      Functional Unit      |    FF   |   LUT   |
|----------|---------------------------|---------|---------|
|          |      add_ln20_fu_112      |    0    |    20   |
|          |     add_ln20_1_fu_143     |    0    |    15   |
|    add   |      add_ln21_fu_165      |    0    |    15   |
|          |      add_ln23_fu_195      |    0    |    32   |
|          |     add_ln23_1_fu_200     |    0    |    32   |
|----------|---------------------------|---------|---------|
|   icmp   |      icmp_ln20_fu_106     |    0    |    20   |
|          |      icmp_ln21_fu_129     |    0    |    15   |
|----------|---------------------------|---------|---------|
|  select  |     select_ln20_fu_135    |    0    |    8    |
|          |    select_ln20_1_fu_149   |    0    |    8    |
|----------|---------------------------|---------|---------|
|   read   | input_img_read_read_fu_70 |    0    |    0    |
|          |      empty_read_fu_83     |    0    |    0    |
|----------|---------------------------|---------|---------|
|  readreq |     grp_readreq_fu_76     |    0    |    0    |
|----------|---------------------------|---------|---------|
|   trunc  |     trunc_ln23_fu_157     |    0    |    0    |
|          |    trunc_ln23_1_fu_161    |    0    |    0    |
|----------|---------------------------|---------|---------|
|bitconcatenate|       shl_ln_fu_181       |    0    |    0    |
|----------|---------------------------|---------|---------|
|   zext   |      zext_ln23_fu_188     |    0    |    0    |
|          |     zext_ln23_1_fu_192    |    0    |    0    |
|----------|---------------------------|---------|---------|
|   Total  |                           |    0    |   165   |
|----------|---------------------------|---------|---------|

Memories:
N/A

* Register list:
+----------------------+--------+
|                      |   FF   |
+----------------------+--------+
|       c_reg_212      |    8   |
|   gmem_addr_reg_252  |    8   |
|   icmp_ln20_reg_238  |    1   |
|indvar_flatten_reg_226|   15   |
|input_img_read_reg_233|   32   |
|       r_reg_219      |    8   |
| trunc_ln23_1_reg_247 |    7   |
|  trunc_ln23_reg_242  |    7   |
+----------------------+--------+
|         Total        |   86   |
+----------------------+--------+

* Multiplexer (MUX) list: 
|--------|------|------|------|--------|
|  Comp  |  Pin | Size |  BW  | S x BW |
|--------|------|------|------|--------|
|  Total |      |      |      |    0   |
|--------|------|------|------|--------|



* Summary:
+-----------+--------+--------+
|           |   FF   |   LUT  |
+-----------+--------+--------+
|  Function |    0   |   165  |
|   Memory  |    -   |    -   |
|Multiplexer|    -   |    -   |
|  Register |   86   |    -   |
+-----------+--------+--------+
|   Total   |   86   |   165  |
+-----------+--------+--------+
