

================================================================
== Vitis HLS Report for 'vitis_convolution_Pipeline_Write_Rows_Write_Cols'
================================================================
* Date:           Fri May 22 02:53:20 2026

* Version:        2025.2 (Build 6295257 on Nov 14 2025)
* Project:        Edges
* Solution:       hls (Vivado IP Flow Target)
* Product family: zynq
* Target device:  xc7z020-clg400-1


================================================================
== Performance Estimates
================================================================
+ Timing: 
    * Summary: 
    +--------+----------+----------+------------+
    |  Clock |  Target  | Estimated| Uncertainty|
    +--------+----------+----------+------------+
    |ap_clk  |  10.00 ns|  7.300 ns|     2.70 ns|
    +--------+----------+----------+------------+

+ Latency: 
    * Summary: 
    +---------+---------+----------+----------+-----+-----+-------------------+
    |  Latency (cycles) |  Latency (absolute) |  Interval |      Pipeline     |
    |   min   |   max   |    min   |    max   | min | max |        Type       |
    +---------+---------+----------+----------+-----+-----+-------------------+
    |    16394|    16394|  0.164 ms|  0.164 ms|    0|    0|  loop pipeline stp|
    +---------+---------+----------+----------+-----+-----+-------------------+

    + Detail: 
        * Instance: 
        N/A

        * Loop: 
        +-------------------------+---------+---------+----------+-----------+-----------+-------+----------+
        |                         |  Latency (cycles) | Iteration|  Initiation Interval  |  Trip |          |
        |        Loop Name        |   min   |   max   |  Latency |  achieved |   target  | Count | Pipelined|
        +-------------------------+---------+---------+----------+-----------+-----------+-------+----------+
        |- Write_Rows_Write_Cols  |    16392|    16392|        10|          1|          1|  16384|       yes|
        +-------------------------+---------+---------+----------+-----------+-----------+-------+----------+



================================================================
== Utilization Estimates
================================================================
* Summary: 
+-----------------+---------+-----+--------+-------+-----+
|       Name      | BRAM_18K| DSP |   FF   |  LUT  | URAM|
+-----------------+---------+-----+--------+-------+-----+
|DSP              |        -|    -|       -|      -|    -|
|Expression       |        -|    -|       0|    173|    -|
|FIFO             |        -|    -|       -|      -|    -|
|Instance         |        -|    -|       -|      -|    -|
|Memory           |        -|    -|       -|      -|    -|
|Multiplexer      |        -|    -|       0|     81|    -|
|Register         |        -|    -|      96|      -|    -|
+-----------------+---------+-----+--------+-------+-----+
|Total            |        0|    0|      96|    254|    0|
+-----------------+---------+-----+--------+-------+-----+
|Available        |      280|  220|  106400|  53200|    0|
+-----------------+---------+-----+--------+-------+-----+
|Utilization (%)  |        0|    0|      ~0|     ~0|    0|
+-----------------+---------+-----+--------+-------+-----+

+ Detail: 
    * Instance: 
    N/A

    * DSP: 
    N/A

    * Memory: 
    N/A

    * FIFO: 
    N/A

    * Expression: 
    +--------------------------------+----------+----+---+----+------------+------------+
    |          Variable Name         | Operation| DSP| FF| LUT| Bitwidth P0| Bitwidth P1|
    +--------------------------------+----------+----+---+----+------------+------------+
    |add_ln44_1_fu_156_p2            |         +|   0|  0|  15|           8|           1|
    |add_ln44_fu_125_p2              |         +|   0|  0|  20|          15|           1|
    |add_ln45_fu_178_p2              |         +|   0|  0|  15|           8|           1|
    |add_ln47_1_fu_213_p2            |         +|   0|  0|  32|          32|          32|
    |add_ln47_fu_208_p2              |         +|   0|  0|  32|          32|          32|
    |ap_block_pp0_stage0_01001_grp1  |       and|   0|  0|   2|           1|           1|
    |icmp_ln44_fu_119_p2             |      icmp|   0|  0|  23|          15|          16|
    |icmp_ln45_fu_142_p2             |      icmp|   0|  0|  14|           8|           9|
    |ap_block_pp0_stage0_11001       |        or|   0|  0|   2|           1|           1|
    |select_ln44_1_fu_162_p3         |    select|   0|  0|   8|           1|           8|
    |select_ln44_fu_148_p3           |    select|   0|  0|   8|           1|           1|
    |ap_enable_pp0                   |       xor|   0|  0|   2|           1|           2|
    +--------------------------------+----------+----+---+----+------------+------------+
    |Total                           |          |   0|  0| 173|         123|         105|
    +--------------------------------+----------+----+---+----+------------+------------+

    * Multiplexer: 
    +---------------------------------------+----+-----------+-----+-----------+
    |                  Name                 | LUT| Input Size| Bits| Total Bits|
    +---------------------------------------+----+-----------+-----+-----------+
    |ap_done_int                            |   9|          2|    1|          2|
    |ap_enable_reg_pp0_iter1                |   9|          2|    1|          2|
    |ap_sig_allocacmp_indvar_flatten7_load  |   9|          2|   15|         30|
    |c_fu_62                                |   9|          2|    8|         16|
    |gmem_blk_n_AW                          |   9|          2|    1|          2|
    |gmem_blk_n_B                           |   9|          2|    1|          2|
    |gmem_blk_n_W                           |   9|          2|    1|          2|
    |indvar_flatten7_fu_70                  |   9|          2|   15|         30|
    |r_fu_66                                |   9|          2|    8|         16|
    +---------------------------------------+----+-----------+-----+-----------+
    |Total                                  |  81|         18|   51|        102|
    +---------------------------------------+----+-----------+-----+-----------+

    * Register: 
    +----------------------------------+----+----+-----+-----------+
    |               Name               | FF | LUT| Bits| Const Bits|
    +----------------------------------+----+----+-----+-----------+
    |ap_CS_fsm                         |   1|   0|    1|          0|
    |ap_done_reg                       |   1|   0|    1|          0|
    |ap_enable_reg_pp0_iter1           |   1|   0|    1|          0|
    |ap_enable_reg_pp0_iter2           |   1|   0|    1|          0|
    |ap_enable_reg_pp0_iter3           |   1|   0|    1|          0|
    |ap_enable_reg_pp0_iter4           |   1|   0|    1|          0|
    |ap_enable_reg_pp0_iter5           |   1|   0|    1|          0|
    |ap_enable_reg_pp0_iter6           |   1|   0|    1|          0|
    |ap_enable_reg_pp0_iter7           |   1|   0|    1|          0|
    |ap_enable_reg_pp0_iter8           |   1|   0|    1|          0|
    |ap_enable_reg_pp0_iter9           |   1|   0|    1|          0|
    |ap_loop_exit_ready_pp0_iter1_reg  |   1|   0|    1|          0|
    |ap_loop_exit_ready_pp0_iter2_reg  |   1|   0|    1|          0|
    |ap_loop_exit_ready_pp0_iter3_reg  |   1|   0|    1|          0|
    |ap_loop_exit_ready_pp0_iter4_reg  |   1|   0|    1|          0|
    |ap_loop_exit_ready_pp0_iter5_reg  |   1|   0|    1|          0|
    |ap_loop_exit_ready_pp0_iter6_reg  |   1|   0|    1|          0|
    |ap_loop_exit_ready_pp0_iter7_reg  |   1|   0|    1|          0|
    |ap_loop_exit_ready_pp0_iter8_reg  |   1|   0|    1|          0|
    |c_fu_62                           |   8|   0|    8|          0|
    |gmem_addr_reg_265                 |  32|   0|   32|          0|
    |indvar_flatten7_fu_70             |  15|   0|   15|          0|
    |r_fu_66                           |   8|   0|    8|          0|
    |trunc_ln47_1_reg_260              |   7|   0|    7|          0|
    |trunc_ln47_reg_255                |   7|   0|    7|          0|
    +----------------------------------+----+----+-----+-----------+
    |Total                             |  96|   0|   96|          0|
    +----------------------------------+----+----+-----+-----------+



================================================================
== Interface
================================================================
* Summary: 
+-----------------------+-----+-----+------------+--------------------------------------------------+--------------+
|       RTL Ports       | Dir | Bits|  Protocol  |                   Source Object                  |    C Type    |
+-----------------------+-----+-----+------------+--------------------------------------------------+--------------+
|ap_clk                 |   in|    1|  ap_ctrl_hs|  vitis_convolution_Pipeline_Write_Rows_Write_Cols|  return value|
|ap_rst                 |   in|    1|  ap_ctrl_hs|  vitis_convolution_Pipeline_Write_Rows_Write_Cols|  return value|
|ap_start               |   in|    1|  ap_ctrl_hs|  vitis_convolution_Pipeline_Write_Rows_Write_Cols|  return value|
|ap_done                |  out|    1|  ap_ctrl_hs|  vitis_convolution_Pipeline_Write_Rows_Write_Cols|  return value|
|ap_idle                |  out|    1|  ap_ctrl_hs|  vitis_convolution_Pipeline_Write_Rows_Write_Cols|  return value|
|ap_ready               |  out|    1|  ap_ctrl_hs|  vitis_convolution_Pipeline_Write_Rows_Write_Cols|  return value|
|m_axi_gmem_0_AWVALID   |  out|    1|       m_axi|                                              gmem|       pointer|
|m_axi_gmem_0_AWREADY   |   in|    1|       m_axi|                                              gmem|       pointer|
|m_axi_gmem_0_AWADDR    |  out|   32|       m_axi|                                              gmem|       pointer|
|m_axi_gmem_0_AWID      |  out|    1|       m_axi|                                              gmem|       pointer|
|m_axi_gmem_0_AWLEN     |  out|   32|       m_axi|                                              gmem|       pointer|
|m_axi_gmem_0_AWSIZE    |  out|    3|       m_axi|                                              gmem|       pointer|
|m_axi_gmem_0_AWBURST   |  out|    2|       m_axi|                                              gmem|       pointer|
|m_axi_gmem_0_AWLOCK    |  out|    2|       m_axi|                                              gmem|       pointer|
|m_axi_gmem_0_AWCACHE   |  out|    4|       m_axi|                                              gmem|       pointer|
|m_axi_gmem_0_AWPROT    |  out|    3|       m_axi|                                              gmem|       pointer|
|m_axi_gmem_0_AWQOS     |  out|    4|       m_axi|                                              gmem|       pointer|
|m_axi_gmem_0_AWREGION  |  out|    4|       m_axi|                                              gmem|       pointer|
|m_axi_gmem_0_AWUSER    |  out|    1|       m_axi|                                              gmem|       pointer|
|m_axi_gmem_0_WVALID    |  out|    1|       m_axi|                                              gmem|       pointer|
|m_axi_gmem_0_WREADY    |   in|    1|       m_axi|                                              gmem|       pointer|
|m_axi_gmem_0_WDATA     |  out|    8|       m_axi|                                              gmem|       pointer|
|m_axi_gmem_0_WSTRB     |  out|    1|       m_axi|                                              gmem|       pointer|
|m_axi_gmem_0_WLAST     |  out|    1|       m_axi|                                              gmem|       pointer|
|m_axi_gmem_0_WID       |  out|    1|       m_axi|                                              gmem|       pointer|
|m_axi_gmem_0_WUSER     |  out|    1|       m_axi|                                              gmem|       pointer|
|m_axi_gmem_0_ARVALID   |  out|    1|       m_axi|                                              gmem|       pointer|
|m_axi_gmem_0_ARREADY   |   in|    1|       m_axi|                                              gmem|       pointer|
|m_axi_gmem_0_ARADDR    |  out|   32|       m_axi|                                              gmem|       pointer|
|m_axi_gmem_0_ARID      |  out|    1|       m_axi|                                              gmem|       pointer|
|m_axi_gmem_0_ARLEN     |  out|   32|       m_axi|                                              gmem|       pointer|
|m_axi_gmem_0_ARSIZE    |  out|    3|       m_axi|                                              gmem|       pointer|
|m_axi_gmem_0_ARBURST   |  out|    2|       m_axi|                                              gmem|       pointer|
|m_axi_gmem_0_ARLOCK    |  out|    2|       m_axi|                                              gmem|       pointer|
|m_axi_gmem_0_ARCACHE   |  out|    4|       m_axi|                                              gmem|       pointer|
|m_axi_gmem_0_ARPROT    |  out|    3|       m_axi|                                              gmem|       pointer|
|m_axi_gmem_0_ARQOS     |  out|    4|       m_axi|                                              gmem|       pointer|
|m_axi_gmem_0_ARREGION  |  out|    4|       m_axi|                                              gmem|       pointer|
|m_axi_gmem_0_ARUSER    |  out|    1|       m_axi|                                              gmem|       pointer|
|m_axi_gmem_0_RVALID    |   in|    1|       m_axi|                                              gmem|       pointer|
|m_axi_gmem_0_RREADY    |  out|    1|       m_axi|                                              gmem|       pointer|
|m_axi_gmem_0_RDATA     |   in|    8|       m_axi|                                              gmem|       pointer|
|m_axi_gmem_0_RLAST     |   in|    1|       m_axi|                                              gmem|       pointer|
|m_axi_gmem_0_RID       |   in|    1|       m_axi|                                              gmem|       pointer|
|m_axi_gmem_0_RFIFONUM  |   in|   11|       m_axi|                                              gmem|       pointer|
|m_axi_gmem_0_RUSER     |   in|    1|       m_axi|                                              gmem|       pointer|
|m_axi_gmem_0_RRESP     |   in|    2|       m_axi|                                              gmem|       pointer|
|m_axi_gmem_0_BVALID    |   in|    1|       m_axi|                                              gmem|       pointer|
|m_axi_gmem_0_BREADY    |  out|    1|       m_axi|                                              gmem|       pointer|
|m_axi_gmem_0_BRESP     |   in|    2|       m_axi|                                              gmem|       pointer|
|m_axi_gmem_0_BID       |   in|    1|       m_axi|                                              gmem|       pointer|
|m_axi_gmem_0_BUSER     |   in|    1|       m_axi|                                              gmem|       pointer|
|output_img             |   in|   32|     ap_none|                                        output_img|        scalar|
+-----------------------+-----+-----+------------+--------------------------------------------------+--------------+

============================================================
+ Verbose Summary: Synthesis Manager
============================================================
InlineROM: 1
ExposeGlobal: 0
============================================================
+ Verbose Summary: CDFG Model
============================================================
IsTopModel: 0
ResetActiveHigh: 1
IsCombinational: 2
IsDatapathOnly: 2
HasWiredReturn: 1
HasMFsm: 2
HasVarLatency: 1
IsPipeline: 0
IsRtlPipelined: 0
IsInstanceOverlapped: 0
IsDontTouch: 0
HasImplIP: 0
IsGatedGlobalClock: 0

+ Individual pipeline summary: 
  * Pipeline-0: initiation interval (II) = 1, depth = 10


============================================================
+ Verbose Summary: Schedule
============================================================
* Number of FSM states : 10
* Pipeline : 1
  Pipeline-0 : II = 1, D = 10, States = { 1 2 3 4 5 6 7 8 9 10 }
* Dataflow Pipeline: 0

* FSM state transitions: 
1 --> 2 
2 --> 3 
3 --> 4 
4 --> 5 
5 --> 6 
6 --> 7 
7 --> 8 
8 --> 9 
9 --> 10 
10 --> 

* FSM state operations: 

State 1 <SV = 0> <Delay = 5.12>
ST_1 : Operation 13 [1/1] (0.00ns)   --->   "%c = alloca i32 1" [vitis_convolution.cpp:45]   --->   Operation 13 'alloca' 'c' <Predicate = true> <Delay = 0.00>
ST_1 : Operation 14 [1/1] (0.00ns)   --->   "%r = alloca i32 1" [vitis_convolution.cpp:44]   --->   Operation 14 'alloca' 'r' <Predicate = true> <Delay = 0.00>
ST_1 : Operation 15 [1/1] (0.00ns)   --->   "%indvar_flatten7 = alloca i32 1"   --->   Operation 15 'alloca' 'indvar_flatten7' <Predicate = true> <Delay = 0.00>
ST_1 : Operation 16 [1/1] (0.00ns)   --->   "%specinterface_ln0 = specinterface void @_ssdm_op_SpecInterface, i8 %gmem, void @empty, i32 0, i32 0, void @empty_0, i32 0, i32 16384, void @empty_1, void @empty_2, void @empty_0, i32 16, i32 16, i32 16, i32 16, void @empty_0, void @empty_0, i32 4294967295, i32 0, i32 0, i32 1"   --->   Operation 16 'specinterface' 'specinterface_ln0' <Predicate = true> <Delay = 0.00>
ST_1 : Operation 17 [1/1] (0.00ns)   --->   "%output_img_read = read i32 @_ssdm_op_Read.ap_auto.i32, i32 %output_img"   --->   Operation 17 'read' 'output_img_read' <Predicate = true> <Delay = 0.00>
ST_1 : Operation 18 [1/1] (1.58ns)   --->   "%store_ln0 = store i15 0, i15 %indvar_flatten7"   --->   Operation 18 'store' 'store_ln0' <Predicate = true> <Delay = 1.58>
ST_1 : Operation 19 [1/1] (1.58ns)   --->   "%store_ln44 = store i8 0, i8 %r" [vitis_convolution.cpp:44]   --->   Operation 19 'store' 'store_ln44' <Predicate = true> <Delay = 1.58>
ST_1 : Operation 20 [1/1] (1.58ns)   --->   "%store_ln45 = store i8 0, i8 %c" [vitis_convolution.cpp:45]   --->   Operation 20 'store' 'store_ln45' <Predicate = true> <Delay = 1.58>
ST_1 : Operation 21 [1/1] (0.00ns)   --->   "%br_ln0 = br void %for.inc79"   --->   Operation 21 'br' 'br_ln0' <Predicate = true> <Delay = 0.00>
ST_1 : Operation 22 [1/1] (0.00ns)   --->   "%indvar_flatten7_load = load i15 %indvar_flatten7" [vitis_convolution.cpp:44]   --->   Operation 22 'load' 'indvar_flatten7_load' <Predicate = true> <Delay = 0.00>
ST_1 : Operation 23 [1/1] (0.00ns)   --->   "%specbitsmap_ln0 = specbitsmap void @_ssdm_op_SpecBitsMap, i8 %gmem"   --->   Operation 23 'specbitsmap' 'specbitsmap_ln0' <Predicate = true> <Delay = 0.00>
ST_1 : Operation 24 [1/1] (1.94ns)   --->   "%icmp_ln44 = icmp_eq  i15 %indvar_flatten7_load, i15 16384" [vitis_convolution.cpp:44]   --->   Operation 24 'icmp' 'icmp_ln44' <Predicate = true> <Delay = 1.94> <CoreInst = "Cmp">   --->   Core 9 'Cmp' <Latency = 0> <II = 1> <Delay = 2.07> <FuncUnit> <Opcode : 'seteq' 'setne' 'setle' 'setge' 'setlt' 'setgt'> <InPorts = 2> <OutPorts = 1>
ST_1 : Operation 25 [1/1] (1.94ns)   --->   "%add_ln44 = add i15 %indvar_flatten7_load, i15 1" [vitis_convolution.cpp:44]   --->   Operation 25 'add' 'add_ln44' <Predicate = true> <Delay = 1.94> <CoreInst = "Adder">   --->   Core 1 'Adder' <Latency = 0> <II = 1> <Delay = 1.94> <FuncUnit> <Opcode : 'add' 'sub'> <InPorts = 2> <OutPorts = 1>
ST_1 : Operation 26 [1/1] (0.00ns)   --->   "%br_ln44 = br i1 %icmp_ln44, void %for.inc82, void %for.end84.exitStub" [vitis_convolution.cpp:44]   --->   Operation 26 'br' 'br_ln44' <Predicate = true> <Delay = 0.00>
ST_1 : Operation 27 [1/1] (1.58ns)   --->   "%store_ln44 = store i15 %add_ln44, i15 %indvar_flatten7" [vitis_convolution.cpp:44]   --->   Operation 27 'store' 'store_ln44' <Predicate = (!icmp_ln44)> <Delay = 1.58>

State 2 <SV = 1> <Delay = 6.66>
ST_2 : Operation 28 [1/1] (0.00ns)   --->   "%c_load = load i8 %c" [vitis_convolution.cpp:45]   --->   Operation 28 'load' 'c_load' <Predicate = true> <Delay = 0.00>
ST_2 : Operation 29 [1/1] (0.00ns)   --->   "%r_load = load i8 %r" [vitis_convolution.cpp:44]   --->   Operation 29 'load' 'r_load' <Predicate = true> <Delay = 0.00>
ST_2 : Operation 30 [1/1] (1.91ns)   --->   "%icmp_ln45 = icmp_eq  i8 %c_load, i8 128" [vitis_convolution.cpp:45]   --->   Operation 30 'icmp' 'icmp_ln45' <Predicate = true> <Delay = 1.91> <CoreInst = "Cmp">   --->   Core 9 'Cmp' <Latency = 0> <II = 1> <Delay = 1.82> <FuncUnit> <Opcode : 'seteq' 'setne' 'setle' 'setge' 'setlt' 'setgt'> <InPorts = 2> <OutPorts = 1>
ST_2 : Operation 31 [1/1] (1.24ns)   --->   "%select_ln44 = select i1 %icmp_ln45, i8 0, i8 %c_load" [vitis_convolution.cpp:44]   --->   Operation 31 'select' 'select_ln44' <Predicate = true> <Delay = 1.24> <CoreInst = "Sel">   --->   Core 73 'Sel' <Latency = 0> <II = 1> <Delay = 1.24> <FuncUnit> <Opcode : 'select'> <InPorts = 3> <OutPorts = 1>
ST_2 : Operation 32 [1/1] (1.91ns)   --->   "%add_ln44_1 = add i8 %r_load, i8 1" [vitis_convolution.cpp:44]   --->   Operation 32 'add' 'add_ln44_1' <Predicate = true> <Delay = 1.91> <CoreInst = "Adder">   --->   Core 1 'Adder' <Latency = 0> <II = 1> <Delay = 1.91> <FuncUnit> <Opcode : 'add' 'sub'> <InPorts = 2> <OutPorts = 1>
ST_2 : Operation 33 [1/1] (1.24ns)   --->   "%select_ln44_1 = select i1 %icmp_ln45, i8 %add_ln44_1, i8 %r_load" [vitis_convolution.cpp:44]   --->   Operation 33 'select' 'select_ln44_1' <Predicate = true> <Delay = 1.24> <CoreInst = "Sel">   --->   Core 73 'Sel' <Latency = 0> <II = 1> <Delay = 1.24> <FuncUnit> <Opcode : 'select'> <InPorts = 3> <OutPorts = 1>
ST_2 : Operation 34 [1/1] (0.00ns)   --->   "%trunc_ln47 = trunc i8 %select_ln44_1" [vitis_convolution.cpp:47]   --->   Operation 34 'trunc' 'trunc_ln47' <Predicate = true> <Delay = 0.00>
ST_2 : Operation 35 [1/1] (0.00ns)   --->   "%trunc_ln47_1 = trunc i8 %select_ln44" [vitis_convolution.cpp:47]   --->   Operation 35 'trunc' 'trunc_ln47_1' <Predicate = true> <Delay = 0.00>
ST_2 : Operation 36 [1/1] (1.91ns)   --->   "%add_ln45 = add i8 %select_ln44, i8 1" [vitis_convolution.cpp:45]   --->   Operation 36 'add' 'add_ln45' <Predicate = true> <Delay = 1.91> <CoreInst = "Adder">   --->   Core 1 'Adder' <Latency = 0> <II = 1> <Delay = 1.91> <FuncUnit> <Opcode : 'add' 'sub'> <InPorts = 2> <OutPorts = 1>
ST_2 : Operation 37 [1/1] (1.58ns)   --->   "%store_ln44 = store i8 %select_ln44_1, i8 %r" [vitis_convolution.cpp:44]   --->   Operation 37 'store' 'store_ln44' <Predicate = true> <Delay = 1.58>
ST_2 : Operation 38 [1/1] (1.58ns)   --->   "%store_ln45 = store i8 %add_ln45, i8 %c" [vitis_convolution.cpp:45]   --->   Operation 38 'store' 'store_ln45' <Predicate = true> <Delay = 1.58>

State 3 <SV = 2> <Delay = 4.37>
ST_3 : Operation 39 [1/1] (0.00ns)   --->   "%shl_ln1 = bitconcatenate i14 @_ssdm_op_BitConcatenate.i14.i7.i7, i7 %trunc_ln47, i7 0" [vitis_convolution.cpp:47]   --->   Operation 39 'bitconcatenate' 'shl_ln1' <Predicate = true> <Delay = 0.00>
ST_3 : Operation 40 [1/1] (0.00ns)   --->   "%zext_ln47 = zext i14 %shl_ln1" [vitis_convolution.cpp:47]   --->   Operation 40 'zext' 'zext_ln47' <Predicate = true> <Delay = 0.00>
ST_3 : Operation 41 [1/1] (0.00ns)   --->   "%zext_ln47_1 = zext i7 %trunc_ln47_1" [vitis_convolution.cpp:47]   --->   Operation 41 'zext' 'zext_ln47_1' <Predicate = true> <Delay = 0.00>
ST_3 : Operation 42 [1/1] (0.00ns) (grouped into TernaryAdder)   --->   "%add_ln47 = add i32 %zext_ln47, i32 %output_img_read" [vitis_convolution.cpp:47]   --->   Operation 42 'add' 'add_ln47' <Predicate = true> <Delay = 0.00> <CoreInst = "TAddSub">   --->   Core 10 'TAddSub' <Latency = 0> <II = 1> <Delay = 2.18> <IPBlock> <Opcode : 'add' 'sub'> <InPorts = 3> <OutPorts = 1> <Sync> <CReg>
ST_3 : Operation 43 [1/1] (4.37ns) (root node of TernaryAdder)   --->   "%add_ln47_1 = add i32 %add_ln47, i32 %zext_ln47_1" [vitis_convolution.cpp:47]   --->   Operation 43 'add' 'add_ln47_1' <Predicate = true> <Delay = 4.37> <CoreInst = "TAddSub">   --->   Core 10 'TAddSub' <Latency = 0> <II = 1> <Delay = 2.18> <IPBlock> <Opcode : 'add' 'sub'> <InPorts = 3> <OutPorts = 1> <Sync> <CReg>
ST_3 : Operation 44 [1/1] (0.00ns)   --->   "%gmem_addr = getelementptr i8 %gmem, i32 %add_ln47_1" [vitis_convolution.cpp:47]   --->   Operation 44 'getelementptr' 'gmem_addr' <Predicate = true> <Delay = 0.00>

State 4 <SV = 3> <Delay = 7.30>
ST_4 : Operation 45 [1/1] ( I:7.30ns O:7.30ns )   --->   "%gmem_addr_1_req = writereq i1 @_ssdm_op_WriteReq.m_axi.i8P1A, i32 %gmem_addr, i32 1" [vitis_convolution.cpp:47]   --->   Operation 45 'writereq' 'gmem_addr_1_req' <Predicate = true> <Delay = 7.30> <CoreInst = "m_axi">   --->   Core 111 'm_axi' <Latency = 9> <II = 1> <Delay = 1.00> <Adapter> <Opcode : 'readrequnaligned' 'writerequnaligned' 'read' 'write' 'readreq' 'writereq' 'writeresp'>

State 5 <SV = 4> <Delay = 7.30>
ST_5 : Operation 46 [1/1] ( I:7.30ns O:7.30ns )   --->   "%write_ln47 = write void @_ssdm_op_Write.m_axi.volatile.i8P1A, i32 %gmem_addr, i8 0, i1 1" [vitis_convolution.cpp:47]   --->   Operation 46 'write' 'write_ln47' <Predicate = true> <Delay = 7.30> <CoreInst = "m_axi">   --->   Core 111 'm_axi' <Latency = 5> <II = 1> <Delay = 1.00> <Adapter> <Opcode : 'readrequnaligned' 'writerequnaligned' 'read' 'write' 'readreq' 'writereq' 'writeresp'>

State 6 <SV = 5> <Delay = 0.00>
ST_6 : Operation 47 [5/5] (7.30ns)   --->   "%gmem_addr_1_resp = writeresp i1 @_ssdm_op_WriteResp.m_axi.i8P1A, i32 %gmem_addr" [vitis_convolution.cpp:47]   --->   Operation 47 'writeresp' 'gmem_addr_1_resp' <Predicate = true> <Delay = 7.30> <CoreInst = "m_axi">   --->   Core 111 'm_axi' <Latency = 3> <II = 1> <Delay = 1.00> <Adapter> <Opcode : 'readrequnaligned' 'writerequnaligned' 'read' 'write' 'readreq' 'writereq' 'writeresp'>

State 7 <SV = 6> <Delay = 0.00>
ST_7 : Operation 48 [4/5] (7.30ns)   --->   "%gmem_addr_1_resp = writeresp i1 @_ssdm_op_WriteResp.m_axi.i8P1A, i32 %gmem_addr" [vitis_convolution.cpp:47]   --->   Operation 48 'writeresp' 'gmem_addr_1_resp' <Predicate = true> <Delay = 7.30> <CoreInst = "m_axi">   --->   Core 111 'm_axi' <Latency = 3> <II = 1> <Delay = 1.00> <Adapter> <Opcode : 'readrequnaligned' 'writerequnaligned' 'read' 'write' 'readreq' 'writereq' 'writeresp'>

State 8 <SV = 7> <Delay = 0.00>
ST_8 : Operation 49 [3/5] (7.30ns)   --->   "%gmem_addr_1_resp = writeresp i1 @_ssdm_op_WriteResp.m_axi.i8P1A, i32 %gmem_addr" [vitis_convolution.cpp:47]   --->   Operation 49 'writeresp' 'gmem_addr_1_resp' <Predicate = true> <Delay = 7.30> <CoreInst = "m_axi">   --->   Core 111 'm_axi' <Latency = 3> <II = 1> <Delay = 1.00> <Adapter> <Opcode : 'readrequnaligned' 'writerequnaligned' 'read' 'write' 'readreq' 'writereq' 'writeresp'>

State 9 <SV = 8> <Delay = 1.58>
ST_9 : Operation 50 [2/5] (7.30ns)   --->   "%gmem_addr_1_resp = writeresp i1 @_ssdm_op_WriteResp.m_axi.i8P1A, i32 %gmem_addr" [vitis_convolution.cpp:47]   --->   Operation 50 'writeresp' 'gmem_addr_1_resp' <Predicate = true> <Delay = 7.30> <CoreInst = "m_axi">   --->   Core 111 'm_axi' <Latency = 3> <II = 1> <Delay = 1.00> <Adapter> <Opcode : 'readrequnaligned' 'writerequnaligned' 'read' 'write' 'readreq' 'writereq' 'writeresp'>
ST_9 : Operation 56 [1/1] (1.58ns)   --->   "%ret_ln0 = ret"   --->   Operation 56 'ret' 'ret_ln0' <Predicate = (icmp_ln44)> <Delay = 1.58>

State 10 <SV = 9> <Delay = 7.30>
ST_10 : Operation 51 [1/1] (0.00ns)   --->   "%specloopname_ln0 = specloopname void @_ssdm_op_SpecLoopName, void @Write_Rows_Write_Cols_str"   --->   Operation 51 'specloopname' 'specloopname_ln0' <Predicate = true> <Delay = 0.00>
ST_10 : Operation 52 [1/1] (0.00ns)   --->   "%speclooptripcount_ln0 = speclooptripcount void @_ssdm_op_SpecLoopTripCount, i64 16384, i64 16384, i64 16384"   --->   Operation 52 'speclooptripcount' 'speclooptripcount_ln0' <Predicate = true> <Delay = 0.00>
ST_10 : Operation 53 [1/1] (0.00ns)   --->   "%specpipeline_ln46 = specpipeline void @_ssdm_op_SpecPipeline, i32 1, i32 0, i32 0, i32 0, i32 4294967295, void @empty_0" [vitis_convolution.cpp:46]   --->   Operation 53 'specpipeline' 'specpipeline_ln46' <Predicate = true> <Delay = 0.00>
ST_10 : Operation 54 [1/5] ( I:7.30ns O:7.30ns )   --->   "%gmem_addr_1_resp = writeresp i1 @_ssdm_op_WriteResp.m_axi.i8P1A, i32 %gmem_addr" [vitis_convolution.cpp:47]   --->   Operation 54 'writeresp' 'gmem_addr_1_resp' <Predicate = true> <Delay = 7.30> <CoreInst = "m_axi">   --->   Core 111 'm_axi' <Latency = 3> <II = 1> <Delay = 1.00> <Adapter> <Opcode : 'readrequnaligned' 'writerequnaligned' 'read' 'write' 'readreq' 'writereq' 'writeresp'>
ST_10 : Operation 55 [1/1] (0.00ns)   --->   "%br_ln45 = br void %for.inc79" [vitis_convolution.cpp:45]   --->   Operation 55 'br' 'br_ln45' <Predicate = true> <Delay = 0.00>


============================================================
+ Verbose Summary: Binding
============================================================
STG Binding: 
---------------- STG Properties BEGIN ----------------
- Is combinational: 0
- Is one-state seq: 0
- Is datapath-only: 0
- Is pipelined: 0
- Is top level: 0
Port [ Return ] is wired: 1; IO mode=ap_ctrl_hs:ce=0
Port [ gmem]:  wired=1; compound=1; hidden=0; nouse=0; global=0; static=0; extern=0; dir=1; type=4; pingpong=0; private_global=0; IO mode=m_axi:ce=0
Port [ output_img]:  wired=1; compound=0; hidden=0; nouse=0; global=0; static=0; extern=0; dir=0; type=0; pingpong=0; private_global=0; IO mode=ap_none:ce=0
---------------- STG Properties END ------------------

---------------- Datapath Model BEGIN ----------------

<LifeTime>
<method=bitvector/>
c                     (alloca           ) [ 01100000000]
r                     (alloca           ) [ 01100000000]
indvar_flatten7       (alloca           ) [ 01000000000]
specinterface_ln0     (specinterface    ) [ 00000000000]
output_img_read       (read             ) [ 01110000000]
store_ln0             (store            ) [ 00000000000]
store_ln44            (store            ) [ 00000000000]
store_ln45            (store            ) [ 00000000000]
br_ln0                (br               ) [ 00000000000]
indvar_flatten7_load  (load             ) [ 00000000000]
specbitsmap_ln0       (specbitsmap      ) [ 00000000000]
icmp_ln44             (icmp             ) [ 01111111110]
add_ln44              (add              ) [ 00000000000]
br_ln44               (br               ) [ 00000000000]
store_ln44            (store            ) [ 00000000000]
c_load                (load             ) [ 00000000000]
r_load                (load             ) [ 00000000000]
icmp_ln45             (icmp             ) [ 00000000000]
select_ln44           (select           ) [ 00000000000]
add_ln44_1            (add              ) [ 00000000000]
select_ln44_1         (select           ) [ 00000000000]
trunc_ln47            (trunc            ) [ 01010000000]
trunc_ln47_1          (trunc            ) [ 01010000000]
add_ln45              (add              ) [ 00000000000]
store_ln44            (store            ) [ 00000000000]
store_ln45            (store            ) [ 00000000000]
shl_ln1               (bitconcatenate   ) [ 00000000000]
zext_ln47             (zext             ) [ 00000000000]
zext_ln47_1           (zext             ) [ 00000000000]
add_ln47              (add              ) [ 00000000000]
add_ln47_1            (add              ) [ 00000000000]
gmem_addr             (getelementptr    ) [ 01001111111]
gmem_addr_1_req       (writereq         ) [ 00000000000]
write_ln47            (write            ) [ 00000000000]
specloopname_ln0      (specloopname     ) [ 00000000000]
speclooptripcount_ln0 (speclooptripcount) [ 00000000000]
specpipeline_ln46     (specpipeline     ) [ 00000000000]
gmem_addr_1_resp      (writeresp        ) [ 00000000000]
br_ln45               (br               ) [ 00000000000]
ret_ln0               (ret              ) [ 00000000000]
</LifeTime>

<model>

<comp_list>
<comp id="0" class="1000" name="gmem">
<pin_list>
<pin id="1" dir="1" index="0" bw="1" slack="0"/>
</pin_list>
<bind>
<StgValue><ssdm name="gmem"/><MemPortTyVec>1 </MemPortTyVec>
</StgValue>
</bind>
</comp>

<comp id="2" class="1000" name="output_img">
<pin_list>
<pin id="3" dir="1" index="0" bw="1" slack="0"/>
</pin_list>
<bind>
<StgValue><ssdm name="output_img"/></StgValue>
</bind>
</comp>

<comp id="4" class="1001" name="const_4">
<pin_list>
<pin id="5" dir="1" index="0" bw="1" slack="0"/>
</pin_list>
<bind>
<StgValue><ssdm name=""/></StgValue>
</bind>
</comp>

<comp id="6" class="1001" name="const_6">
<pin_list>
<pin id="7" dir="1" index="0" bw="1" slack="2147483647"/>
</pin_list>
<bind>
<StgValue><ssdm name="_ssdm_op_SpecInterface"/></StgValue>
</bind>
</comp>

<comp id="8" class="1001" name="const_8">
<pin_list>
<pin id="9" dir="1" index="0" bw="1" slack="2147483647"/>
</pin_list>
<bind>
<StgValue><ssdm name="empty"/></StgValue>
</bind>
</comp>

<comp id="10" class="1001" name="const_10">
<pin_list>
<pin id="11" dir="1" index="0" bw="1" slack="2147483647"/>
</pin_list>
<bind>
<StgValue><ssdm name=""/></StgValue>
</bind>
</comp>

<comp id="12" class="1001" name="const_12">
<pin_list>
<pin id="13" dir="1" index="0" bw="1" slack="2147483647"/>
</pin_list>
<bind>
<StgValue><ssdm name="empty_0"/></StgValue>
</bind>
</comp>

<comp id="14" class="1001" name="const_14">
<pin_list>
<pin id="15" dir="1" index="0" bw="1" slack="2147483647"/>
</pin_list>
<bind>
<StgValue><ssdm name=""/></StgValue>
</bind>
</comp>

<comp id="16" class="1001" name="const_16">
<pin_list>
<pin id="17" dir="1" index="0" bw="1" slack="2147483647"/>
</pin_list>
<bind>
<StgValue><ssdm name="empty_1"/></StgValue>
</bind>
</comp>

<comp id="18" class="1001" name="const_18">
<pin_list>
<pin id="19" dir="1" index="0" bw="1" slack="2147483647"/>
</pin_list>
<bind>
<StgValue><ssdm name="empty_2"/></StgValue>
</bind>
</comp>

<comp id="20" class="1001" name="const_20">
<pin_list>
<pin id="21" dir="1" index="0" bw="1" slack="2147483647"/>
</pin_list>
<bind>
<StgValue><ssdm name=""/></StgValue>
</bind>
</comp>

<comp id="22" class="1001" name="const_22">
<pin_list>
<pin id="23" dir="1" index="0" bw="1" slack="2147483647"/>
</pin_list>
<bind>
<StgValue><ssdm name=""/></StgValue>
</bind>
</comp>

<comp id="24" class="1001" name="const_24">
<pin_list>
<pin id="25" dir="1" index="0" bw="1" slack="0"/>
</pin_list>
<bind>
<StgValue><ssdm name="_ssdm_op_Read.ap_auto.i32"/></StgValue>
</bind>
</comp>

<comp id="26" class="1001" name="const_26">
<pin_list>
<pin id="27" dir="1" index="0" bw="1" slack="0"/>
</pin_list>
<bind>
<StgValue><ssdm name=""/></StgValue>
</bind>
</comp>

<comp id="28" class="1001" name="const_28">
<pin_list>
<pin id="29" dir="1" index="0" bw="1" slack="0"/>
</pin_list>
<bind>
<StgValue><ssdm name=""/></StgValue>
</bind>
</comp>

<comp id="30" class="1001" name="const_30">
<pin_list>
<pin id="31" dir="1" index="0" bw="1" slack="2147483647"/>
</pin_list>
<bind>
<StgValue><ssdm name="_ssdm_op_SpecBitsMap"/></StgValue>
</bind>
</comp>

<comp id="32" class="1001" name="const_32">
<pin_list>
<pin id="33" dir="1" index="0" bw="1" slack="0"/>
</pin_list>
<bind>
<StgValue><ssdm name=""/></StgValue>
</bind>
</comp>

<comp id="34" class="1001" name="const_34">
<pin_list>
<pin id="35" dir="1" index="0" bw="1" slack="0"/>
</pin_list>
<bind>
<StgValue><ssdm name=""/></StgValue>
</bind>
</comp>

<comp id="36" class="1001" name="const_36">
<pin_list>
<pin id="37" dir="1" index="0" bw="1" slack="0"/>
</pin_list>
<bind>
<StgValue><ssdm name=""/></StgValue>
</bind>
</comp>

<comp id="38" class="1001" name="const_38">
<pin_list>
<pin id="39" dir="1" index="0" bw="1" slack="0"/>
</pin_list>
<bind>
<StgValue><ssdm name=""/></StgValue>
</bind>
</comp>

<comp id="40" class="1001" name="const_40">
<pin_list>
<pin id="41" dir="1" index="0" bw="1" slack="0"/>
</pin_list>
<bind>
<StgValue><ssdm name="_ssdm_op_BitConcatenate.i14.i7.i7"/></StgValue>
</bind>
</comp>

<comp id="42" class="1001" name="const_42">
<pin_list>
<pin id="43" dir="1" index="0" bw="1" slack="0"/>
</pin_list>
<bind>
<StgValue><ssdm name=""/></StgValue>
</bind>
</comp>

<comp id="44" class="1001" name="const_44">
<pin_list>
<pin id="45" dir="1" index="0" bw="1" slack="0"/>
</pin_list>
<bind>
<StgValue><ssdm name="_ssdm_op_WriteReq.m_axi.i8P1A"/></StgValue>
</bind>
</comp>

<comp id="46" class="1001" name="const_46">
<pin_list>
<pin id="47" dir="1" index="0" bw="1" slack="0"/>
</pin_list>
<bind>
<StgValue><ssdm name="_ssdm_op_Write.m_axi.volatile.i8P1A"/></StgValue>
</bind>
</comp>

<comp id="48" class="1001" name="const_48">
<pin_list>
<pin id="49" dir="1" index="0" bw="1" slack="0"/>
</pin_list>
<bind>
<StgValue><ssdm name=""/></StgValue>
</bind>
</comp>

<comp id="50" class="1001" name="const_50">
<pin_list>
<pin id="51" dir="1" index="0" bw="1" slack="0"/>
</pin_list>
<bind>
<StgValue><ssdm name="_ssdm_op_WriteResp.m_axi.i8P1A"/></StgValue>
</bind>
</comp>

<comp id="52" class="1001" name="const_52">
<pin_list>
<pin id="53" dir="1" index="0" bw="1" slack="2147483647"/>
</pin_list>
<bind>
<StgValue><ssdm name="_ssdm_op_SpecLoopName"/></StgValue>
</bind>
</comp>

<comp id="54" class="1001" name="const_54">
<pin_list>
<pin id="55" dir="1" index="0" bw="1" slack="2147483647"/>
</pin_list>
<bind>
<StgValue><ssdm name="Write_Rows_Write_Cols_str"/></StgValue>
</bind>
</comp>

<comp id="56" class="1001" name="const_56">
<pin_list>
<pin id="57" dir="1" index="0" bw="1" slack="2147483647"/>
</pin_list>
<bind>
<StgValue><ssdm name="_ssdm_op_SpecLoopTripCount"/></StgValue>
</bind>
</comp>

<comp id="58" class="1001" name="const_58">
<pin_list>
<pin id="59" dir="1" index="0" bw="1" slack="2147483647"/>
</pin_list>
<bind>
<StgValue><ssdm name=""/></StgValue>
</bind>
</comp>

<comp id="60" class="1001" name="const_60">
<pin_list>
<pin id="61" dir="1" index="0" bw="1" slack="2147483647"/>
</pin_list>
<bind>
<StgValue><ssdm name="_ssdm_op_SpecPipeline"/></StgValue>
</bind>
</comp>

<comp id="62" class="1004" name="c_fu_62">
<pin_list>
<pin id="63" dir="0" index="0" bw="1" slack="0"/>
<pin id="64" dir="1" index="1" bw="8" slack="0"/>
</pin_list>
<bind>
<opcode="alloca(26) " fcode="alloca"/>
<opset="c/1 "/>
</bind>
</comp>

<comp id="66" class="1004" name="r_fu_66">
<pin_list>
<pin id="67" dir="0" index="0" bw="1" slack="0"/>
<pin id="68" dir="1" index="1" bw="8" slack="0"/>
</pin_list>
<bind>
<opcode="alloca(26) " fcode="alloca"/>
<opset="r/1 "/>
</bind>
</comp>

<comp id="70" class="1004" name="indvar_flatten7_fu_70">
<pin_list>
<pin id="71" dir="0" index="0" bw="1" slack="0"/>
<pin id="72" dir="1" index="1" bw="15" slack="0"/>
</pin_list>
<bind>
<opcode="alloca(26) " fcode="alloca"/>
<opset="indvar_flatten7/1 "/>
</bind>
</comp>

<comp id="74" class="1004" name="output_img_read_read_fu_74">
<pin_list>
<pin id="75" dir="0" index="0" bw="32" slack="0"/>
<pin id="76" dir="0" index="1" bw="32" slack="0"/>
<pin id="77" dir="1" index="2" bw="32" slack="2"/>
</pin_list>
<bind>
<opcode="read(1150) " fcode="read"/>
<opset="output_img_read/1 "/>
</bind>
</comp>

<comp id="80" class="1004" name="gmem_addr_1_req_writereq_fu_80">
<pin_list>
<pin id="81" dir="0" index="0" bw="1" slack="0"/>
<pin id="82" dir="0" index="1" bw="8" slack="1"/>
<pin id="83" dir="0" index="2" bw="1" slack="0"/>
<pin id="84" dir="1" index="3" bw="1" slack="2147483647"/>
</pin_list>
<bind>
<opcode="writereq(1155) " fcode="writereq"/>
<opset="gmem_addr_1_req/4 "/>
</bind>
</comp>

<comp id="87" class="1004" name="write_ln47_write_fu_87">
<pin_list>
<pin id="88" dir="0" index="0" bw="0" slack="0"/>
<pin id="89" dir="0" index="1" bw="8" slack="2"/>
<pin id="90" dir="0" index="2" bw="1" slack="0"/>
<pin id="91" dir="0" index="3" bw="1" slack="0"/>
<pin id="92" dir="1" index="4" bw="0" slack="2147483647"/>
</pin_list>
<bind>
<opcode="write(1151) " fcode="write"/>
<opset="write_ln47/5 "/>
</bind>
</comp>

<comp id="96" class="1004" name="grp_writeresp_fu_96">
<pin_list>
<pin id="97" dir="0" index="0" bw="1" slack="0"/>
<pin id="98" dir="0" index="1" bw="8" slack="3"/>
<pin id="99" dir="1" index="2" bw="1" slack="2147483647"/>
</pin_list>
<bind>
<opcode="writeresp(1158) " fcode="writeresp"/>
<opset="gmem_addr_1_resp/6 "/>
</bind>
</comp>

<comp id="101" class="1004" name="store_ln0_store_fu_101">
<pin_list>
<pin id="102" dir="0" index="0" bw="1" slack="0"/>
<pin id="103" dir="0" index="1" bw="15" slack="0"/>
<pin id="104" dir="1" index="2" bw="0" slack="2147483647"/>
</pin_list>
<bind>
<opcode="store(28) " fcode="store"/>
<opset="store_ln0/1 "/>
</bind>
</comp>

<comp id="106" class="1004" name="store_ln44_store_fu_106">
<pin_list>
<pin id="107" dir="0" index="0" bw="1" slack="0"/>
<pin id="108" dir="0" index="1" bw="8" slack="0"/>
<pin id="109" dir="1" index="2" bw="0" slack="2147483647"/>
</pin_list>
<bind>
<opcode="store(28) " fcode="store"/>
<opset="store_ln44/1 "/>
</bind>
</comp>

<comp id="111" class="1004" name="store_ln45_store_fu_111">
<pin_list>
<pin id="112" dir="0" index="0" bw="1" slack="0"/>
<pin id="113" dir="0" index="1" bw="8" slack="0"/>
<pin id="114" dir="1" index="2" bw="0" slack="2147483647"/>
</pin_list>
<bind>
<opcode="store(28) " fcode="store"/>
<opset="store_ln45/1 "/>
</bind>
</comp>

<comp id="116" class="1004" name="indvar_flatten7_load_load_fu_116">
<pin_list>
<pin id="117" dir="0" index="0" bw="15" slack="0"/>
<pin id="118" dir="1" index="1" bw="15" slack="0"/>
</pin_list>
<bind>
<opcode="load(27) " fcode="load"/>
<opset="indvar_flatten7_load/1 "/>
</bind>
</comp>

<comp id="119" class="1004" name="icmp_ln44_fu_119">
<pin_list>
<pin id="120" dir="0" index="0" bw="15" slack="0"/>
<pin id="121" dir="0" index="1" bw="15" slack="0"/>
<pin id="122" dir="1" index="2" bw="1" slack="8"/>
</pin_list>
<bind>
<opcode="icmp(45) " fcode="icmp"/>
<opset="icmp_ln44/1 "/>
</bind>
</comp>

<comp id="125" class="1004" name="add_ln44_fu_125">
<pin_list>
<pin id="126" dir="0" index="0" bw="15" slack="0"/>
<pin id="127" dir="0" index="1" bw="1" slack="0"/>
<pin id="128" dir="1" index="2" bw="15" slack="0"/>
</pin_list>
<bind>
<opcode="add(8) " fcode="add"/>
<opset="add_ln44/1 "/>
</bind>
</comp>

<comp id="131" class="1004" name="store_ln44_store_fu_131">
<pin_list>
<pin id="132" dir="0" index="0" bw="15" slack="0"/>
<pin id="133" dir="0" index="1" bw="15" slack="0"/>
<pin id="134" dir="1" index="2" bw="0" slack="2147483647"/>
</pin_list>
<bind>
<opcode="store(28) " fcode="store"/>
<opset="store_ln44/1 "/>
</bind>
</comp>

<comp id="136" class="1004" name="c_load_load_fu_136">
<pin_list>
<pin id="137" dir="0" index="0" bw="8" slack="1"/>
<pin id="138" dir="1" index="1" bw="8" slack="0"/>
</pin_list>
<bind>
<opcode="load(27) " fcode="load"/>
<opset="c_load/2 "/>
</bind>
</comp>

<comp id="139" class="1004" name="r_load_load_fu_139">
<pin_list>
<pin id="140" dir="0" index="0" bw="8" slack="1"/>
<pin id="141" dir="1" index="1" bw="8" slack="0"/>
</pin_list>
<bind>
<opcode="load(27) " fcode="load"/>
<opset="r_load/2 "/>
</bind>
</comp>

<comp id="142" class="1004" name="icmp_ln45_fu_142">
<pin_list>
<pin id="143" dir="0" index="0" bw="8" slack="0"/>
<pin id="144" dir="0" index="1" bw="8" slack="0"/>
<pin id="145" dir="1" index="2" bw="1" slack="0"/>
</pin_list>
<bind>
<opcode="icmp(45) " fcode="icmp"/>
<opset="icmp_ln45/2 "/>
</bind>
</comp>

<comp id="148" class="1004" name="select_ln44_fu_148">
<pin_list>
<pin id="149" dir="0" index="0" bw="1" slack="0"/>
<pin id="150" dir="0" index="1" bw="8" slack="0"/>
<pin id="151" dir="0" index="2" bw="8" slack="0"/>
<pin id="152" dir="1" index="3" bw="8" slack="0"/>
</pin_list>
<bind>
<opcode="select(49) " fcode="select"/>
<opset="select_ln44/2 "/>
</bind>
</comp>

<comp id="156" class="1004" name="add_ln44_1_fu_156">
<pin_list>
<pin id="157" dir="0" index="0" bw="8" slack="0"/>
<pin id="158" dir="0" index="1" bw="1" slack="0"/>
<pin id="159" dir="1" index="2" bw="8" slack="0"/>
</pin_list>
<bind>
<opcode="add(8) " fcode="add"/>
<opset="add_ln44_1/2 "/>
</bind>
</comp>

<comp id="162" class="1004" name="select_ln44_1_fu_162">
<pin_list>
<pin id="163" dir="0" index="0" bw="1" slack="0"/>
<pin id="164" dir="0" index="1" bw="8" slack="0"/>
<pin id="165" dir="0" index="2" bw="8" slack="0"/>
<pin id="166" dir="1" index="3" bw="8" slack="0"/>
</pin_list>
<bind>
<opcode="select(49) " fcode="select"/>
<opset="select_ln44_1/2 "/>
</bind>
</comp>

<comp id="170" class="1004" name="trunc_ln47_fu_170">
<pin_list>
<pin id="171" dir="0" index="0" bw="8" slack="0"/>
<pin id="172" dir="1" index="1" bw="7" slack="1"/>
</pin_list>
<bind>
<opcode="trunc(33) " fcode="trunc"/>
<opset="trunc_ln47/2 "/>
</bind>
</comp>

<comp id="174" class="1004" name="trunc_ln47_1_fu_174">
<pin_list>
<pin id="175" dir="0" index="0" bw="8" slack="0"/>
<pin id="176" dir="1" index="1" bw="7" slack="1"/>
</pin_list>
<bind>
<opcode="trunc(33) " fcode="trunc"/>
<opset="trunc_ln47_1/2 "/>
</bind>
</comp>

<comp id="178" class="1004" name="add_ln45_fu_178">
<pin_list>
<pin id="179" dir="0" index="0" bw="8" slack="0"/>
<pin id="180" dir="0" index="1" bw="1" slack="0"/>
<pin id="181" dir="1" index="2" bw="8" slack="0"/>
</pin_list>
<bind>
<opcode="add(8) " fcode="add"/>
<opset="add_ln45/2 "/>
</bind>
</comp>

<comp id="184" class="1004" name="store_ln44_store_fu_184">
<pin_list>
<pin id="185" dir="0" index="0" bw="8" slack="0"/>
<pin id="186" dir="0" index="1" bw="8" slack="1"/>
<pin id="187" dir="1" index="2" bw="0" slack="2147483647"/>
</pin_list>
<bind>
<opcode="store(28) " fcode="store"/>
<opset="store_ln44/2 "/>
</bind>
</comp>

<comp id="189" class="1004" name="store_ln45_store_fu_189">
<pin_list>
<pin id="190" dir="0" index="0" bw="8" slack="0"/>
<pin id="191" dir="0" index="1" bw="8" slack="1"/>
<pin id="192" dir="1" index="2" bw="0" slack="2147483647"/>
</pin_list>
<bind>
<opcode="store(28) " fcode="store"/>
<opset="store_ln45/2 "/>
</bind>
</comp>

<comp id="194" class="1004" name="shl_ln1_fu_194">
<pin_list>
<pin id="195" dir="0" index="0" bw="14" slack="0"/>
<pin id="196" dir="0" index="1" bw="7" slack="1"/>
<pin id="197" dir="0" index="2" bw="1" slack="0"/>
<pin id="198" dir="1" index="3" bw="14" slack="0"/>
</pin_list>
<bind>
<opcode="bitconcatenate(1004) " fcode="bitconcatenate"/>
<opset="shl_ln1/3 "/>
</bind>
</comp>

<comp id="201" class="1004" name="zext_ln47_fu_201">
<pin_list>
<pin id="202" dir="0" index="0" bw="14" slack="0"/>
<pin id="203" dir="1" index="1" bw="32" slack="0"/>
</pin_list>
<bind>
<opcode="zext(34) " fcode="zext"/>
<opset="zext_ln47/3 "/>
</bind>
</comp>

<comp id="205" class="1004" name="zext_ln47_1_fu_205">
<pin_list>
<pin id="206" dir="0" index="0" bw="7" slack="1"/>
<pin id="207" dir="1" index="1" bw="32" slack="0"/>
</pin_list>
<bind>
<opcode="zext(34) " fcode="zext"/>
<opset="zext_ln47_1/3 "/>
</bind>
</comp>

<comp id="208" class="1004" name="add_ln47_fu_208">
<pin_list>
<pin id="209" dir="0" index="0" bw="14" slack="0"/>
<pin id="210" dir="0" index="1" bw="32" slack="2"/>
<pin id="211" dir="1" index="2" bw="32" slack="0"/>
</pin_list>
<bind>
<opcode="add(8) " fcode="add"/>
<opset="add_ln47/3 "/>
</bind>
</comp>

<comp id="213" class="1004" name="add_ln47_1_fu_213">
<pin_list>
<pin id="214" dir="0" index="0" bw="32" slack="0"/>
<pin id="215" dir="0" index="1" bw="7" slack="0"/>
<pin id="216" dir="1" index="2" bw="32" slack="0"/>
</pin_list>
<bind>
<opcode="add(8) " fcode="add"/>
<opset="add_ln47_1/3 "/>
</bind>
</comp>

<comp id="219" class="1004" name="gmem_addr_fu_219">
<pin_list>
<pin id="220" dir="0" index="0" bw="32" slack="0"/>
<pin id="221" dir="0" index="1" bw="32" slack="0"/>
<pin id="222" dir="1" index="2" bw="32" slack="1"/>
</pin_list>
<bind>
<opcode="getelementptr(29) " fcode="getelementptr"/>
<opset="gmem_addr/3 "/>
</bind>
</comp>

<comp id="225" class="1005" name="c_reg_225">
<pin_list>
<pin id="226" dir="0" index="0" bw="8" slack="0"/>
<pin id="227" dir="1" index="1" bw="8" slack="0"/>
</pin_list>
<bind>
<opset="c "/>
</bind>
</comp>

<comp id="232" class="1005" name="r_reg_232">
<pin_list>
<pin id="233" dir="0" index="0" bw="8" slack="0"/>
<pin id="234" dir="1" index="1" bw="8" slack="0"/>
</pin_list>
<bind>
<opset="r "/>
</bind>
</comp>

<comp id="239" class="1005" name="indvar_flatten7_reg_239">
<pin_list>
<pin id="240" dir="0" index="0" bw="15" slack="0"/>
<pin id="241" dir="1" index="1" bw="15" slack="0"/>
</pin_list>
<bind>
<opset="indvar_flatten7 "/>
</bind>
</comp>

<comp id="246" class="1005" name="output_img_read_reg_246">
<pin_list>
<pin id="247" dir="0" index="0" bw="32" slack="2"/>
<pin id="248" dir="1" index="1" bw="32" slack="2"/>
</pin_list>
<bind>
<opset="output_img_read "/>
</bind>
</comp>

<comp id="251" class="1005" name="icmp_ln44_reg_251">
<pin_list>
<pin id="252" dir="0" index="0" bw="1" slack="8"/>
<pin id="253" dir="1" index="1" bw="1" slack="2147483647"/>
</pin_list>
<bind>
<opset="icmp_ln44 "/>
</bind>
</comp>

<comp id="255" class="1005" name="trunc_ln47_reg_255">
<pin_list>
<pin id="256" dir="0" index="0" bw="7" slack="1"/>
<pin id="257" dir="1" index="1" bw="7" slack="1"/>
</pin_list>
<bind>
<opset="trunc_ln47 "/>
</bind>
</comp>

<comp id="260" class="1005" name="trunc_ln47_1_reg_260">
<pin_list>
<pin id="261" dir="0" index="0" bw="7" slack="1"/>
<pin id="262" dir="1" index="1" bw="7" slack="1"/>
</pin_list>
<bind>
<opset="trunc_ln47_1 "/>
</bind>
</comp>

<comp id="265" class="1005" name="gmem_addr_reg_265">
<pin_list>
<pin id="266" dir="0" index="0" bw="8" slack="1"/>
<pin id="267" dir="1" index="1" bw="8" slack="1"/>
</pin_list>
<bind>
<opset="gmem_addr "/>
</bind>
</comp>

</comp_list>

<net_list>
<net id="65"><net_src comp="4" pin="0"/><net_sink comp="62" pin=0"/></net>

<net id="69"><net_src comp="4" pin="0"/><net_sink comp="66" pin=0"/></net>

<net id="73"><net_src comp="4" pin="0"/><net_sink comp="70" pin=0"/></net>

<net id="78"><net_src comp="24" pin="0"/><net_sink comp="74" pin=0"/></net>

<net id="79"><net_src comp="2" pin="0"/><net_sink comp="74" pin=1"/></net>

<net id="85"><net_src comp="44" pin="0"/><net_sink comp="80" pin=0"/></net>

<net id="86"><net_src comp="4" pin="0"/><net_sink comp="80" pin=2"/></net>

<net id="93"><net_src comp="46" pin="0"/><net_sink comp="87" pin=0"/></net>

<net id="94"><net_src comp="28" pin="0"/><net_sink comp="87" pin=2"/></net>

<net id="95"><net_src comp="48" pin="0"/><net_sink comp="87" pin=3"/></net>

<net id="100"><net_src comp="50" pin="0"/><net_sink comp="96" pin=0"/></net>

<net id="105"><net_src comp="26" pin="0"/><net_sink comp="101" pin=0"/></net>

<net id="110"><net_src comp="28" pin="0"/><net_sink comp="106" pin=0"/></net>

<net id="115"><net_src comp="28" pin="0"/><net_sink comp="111" pin=0"/></net>

<net id="123"><net_src comp="116" pin="1"/><net_sink comp="119" pin=0"/></net>

<net id="124"><net_src comp="32" pin="0"/><net_sink comp="119" pin=1"/></net>

<net id="129"><net_src comp="116" pin="1"/><net_sink comp="125" pin=0"/></net>

<net id="130"><net_src comp="34" pin="0"/><net_sink comp="125" pin=1"/></net>

<net id="135"><net_src comp="125" pin="2"/><net_sink comp="131" pin=0"/></net>

<net id="146"><net_src comp="136" pin="1"/><net_sink comp="142" pin=0"/></net>

<net id="147"><net_src comp="36" pin="0"/><net_sink comp="142" pin=1"/></net>

<net id="153"><net_src comp="142" pin="2"/><net_sink comp="148" pin=0"/></net>

<net id="154"><net_src comp="28" pin="0"/><net_sink comp="148" pin=1"/></net>

<net id="155"><net_src comp="136" pin="1"/><net_sink comp="148" pin=2"/></net>

<net id="160"><net_src comp="139" pin="1"/><net_sink comp="156" pin=0"/></net>

<net id="161"><net_src comp="38" pin="0"/><net_sink comp="156" pin=1"/></net>

<net id="167"><net_src comp="142" pin="2"/><net_sink comp="162" pin=0"/></net>

<net id="168"><net_src comp="156" pin="2"/><net_sink comp="162" pin=1"/></net>

<net id="169"><net_src comp="139" pin="1"/><net_sink comp="162" pin=2"/></net>

<net id="173"><net_src comp="162" pin="3"/><net_sink comp="170" pin=0"/></net>

<net id="177"><net_src comp="148" pin="3"/><net_sink comp="174" pin=0"/></net>

<net id="182"><net_src comp="148" pin="3"/><net_sink comp="178" pin=0"/></net>

<net id="183"><net_src comp="38" pin="0"/><net_sink comp="178" pin=1"/></net>

<net id="188"><net_src comp="162" pin="3"/><net_sink comp="184" pin=0"/></net>

<net id="193"><net_src comp="178" pin="2"/><net_sink comp="189" pin=0"/></net>

<net id="199"><net_src comp="40" pin="0"/><net_sink comp="194" pin=0"/></net>

<net id="200"><net_src comp="42" pin="0"/><net_sink comp="194" pin=2"/></net>

<net id="204"><net_src comp="194" pin="3"/><net_sink comp="201" pin=0"/></net>

<net id="212"><net_src comp="201" pin="1"/><net_sink comp="208" pin=0"/></net>

<net id="217"><net_src comp="208" pin="2"/><net_sink comp="213" pin=0"/></net>

<net id="218"><net_src comp="205" pin="1"/><net_sink comp="213" pin=1"/></net>

<net id="223"><net_src comp="0" pin="0"/><net_sink comp="219" pin=0"/></net>

<net id="224"><net_src comp="213" pin="2"/><net_sink comp="219" pin=1"/></net>

<net id="228"><net_src comp="62" pin="1"/><net_sink comp="225" pin=0"/></net>

<net id="229"><net_src comp="225" pin="1"/><net_sink comp="111" pin=1"/></net>

<net id="230"><net_src comp="225" pin="1"/><net_sink comp="136" pin=0"/></net>

<net id="231"><net_src comp="225" pin="1"/><net_sink comp="189" pin=1"/></net>

<net id="235"><net_src comp="66" pin="1"/><net_sink comp="232" pin=0"/></net>

<net id="236"><net_src comp="232" pin="1"/><net_sink comp="106" pin=1"/></net>

<net id="237"><net_src comp="232" pin="1"/><net_sink comp="139" pin=0"/></net>

<net id="238"><net_src comp="232" pin="1"/><net_sink comp="184" pin=1"/></net>

<net id="242"><net_src comp="70" pin="1"/><net_sink comp="239" pin=0"/></net>

<net id="243"><net_src comp="239" pin="1"/><net_sink comp="101" pin=1"/></net>

<net id="244"><net_src comp="239" pin="1"/><net_sink comp="116" pin=0"/></net>

<net id="245"><net_src comp="239" pin="1"/><net_sink comp="131" pin=1"/></net>

<net id="249"><net_src comp="74" pin="2"/><net_sink comp="246" pin=0"/></net>

<net id="250"><net_src comp="246" pin="1"/><net_sink comp="208" pin=1"/></net>

<net id="254"><net_src comp="119" pin="2"/><net_sink comp="251" pin=0"/></net>

<net id="258"><net_src comp="170" pin="1"/><net_sink comp="255" pin=0"/></net>

<net id="259"><net_src comp="255" pin="1"/><net_sink comp="194" pin=1"/></net>

<net id="263"><net_src comp="174" pin="1"/><net_sink comp="260" pin=0"/></net>

<net id="264"><net_src comp="260" pin="1"/><net_sink comp="205" pin=0"/></net>

<net id="268"><net_src comp="219" pin="2"/><net_sink comp="265" pin=0"/></net>

<net id="269"><net_src comp="265" pin="1"/><net_sink comp="80" pin=1"/></net>

<net id="270"><net_src comp="265" pin="1"/><net_sink comp="87" pin=1"/></net>

<net id="271"><net_src comp="265" pin="1"/><net_sink comp="96" pin=1"/></net>

</net_list>

</model> 
---------------- Datapath Model END ------------------

* FSMD analyzer results:
  - Output states:
	Port: gmem | {4 5 6 7 8 9 10 }
 - Input state : 
	Port: vitis_convolution_Pipeline_Write_Rows_Write_Cols : gmem | {}
	Port: vitis_convolution_Pipeline_Write_Rows_Write_Cols : output_img | {1 }
  - Chain level:
	State 1
		store_ln0 : 1
		store_ln44 : 1
		store_ln45 : 1
		indvar_flatten7_load : 1
		icmp_ln44 : 2
		add_ln44 : 2
		br_ln44 : 3
		store_ln44 : 3
	State 2
		icmp_ln45 : 1
		select_ln44 : 2
		add_ln44_1 : 1
		select_ln44_1 : 2
		trunc_ln47 : 3
		trunc_ln47_1 : 3
		add_ln45 : 3
		store_ln44 : 3
		store_ln45 : 4
	State 3
		zext_ln47 : 1
		add_ln47 : 2
		add_ln47_1 : 3
		gmem_addr : 4
	State 4
	State 5
	State 6
	State 7
	State 8
	State 9
	State 10


============================================================
+ Verbose Summary: Datapath Resource usage 
============================================================

* Functional unit list:
|----------|--------------------------------|---------|---------|
| Operation|         Functional Unit        |    FF   |   LUT   |
|----------|--------------------------------|---------|---------|
|          |         add_ln44_fu_125        |    0    |    20   |
|          |        add_ln44_1_fu_156       |    0    |    15   |
|    add   |         add_ln45_fu_178        |    0    |    15   |
|          |         add_ln47_fu_208        |    0    |    32   |
|          |        add_ln47_1_fu_213       |    0    |    32   |
|----------|--------------------------------|---------|---------|
|   icmp   |        icmp_ln44_fu_119        |    0    |    20   |
|          |        icmp_ln45_fu_142        |    0    |    15   |
|----------|--------------------------------|---------|---------|
|  select  |       select_ln44_fu_148       |    0    |    8    |
|          |      select_ln44_1_fu_162      |    0    |    8    |
|----------|--------------------------------|---------|---------|
|   read   |   output_img_read_read_fu_74   |    0    |    0    |
|----------|--------------------------------|---------|---------|
| writereq | gmem_addr_1_req_writereq_fu_80 |    0    |    0    |
|----------|--------------------------------|---------|---------|
|   write  |     write_ln47_write_fu_87     |    0    |    0    |
|----------|--------------------------------|---------|---------|
| writeresp|       grp_writeresp_fu_96      |    0    |    0    |
|----------|--------------------------------|---------|---------|
|   trunc  |        trunc_ln47_fu_170       |    0    |    0    |
|          |       trunc_ln47_1_fu_174      |    0    |    0    |
|----------|--------------------------------|---------|---------|
|bitconcatenate|         shl_ln1_fu_194         |    0    |    0    |
|----------|--------------------------------|---------|---------|
|   zext   |        zext_ln47_fu_201        |    0    |    0    |
|          |       zext_ln47_1_fu_205       |    0    |    0    |
|----------|--------------------------------|---------|---------|
|   Total  |                                |    0    |   165   |
|----------|--------------------------------|---------|---------|

Memories:
N/A

* Register list:
+-----------------------+--------+
|                       |   FF   |
+-----------------------+--------+
|       c_reg_225       |    8   |
|   gmem_addr_reg_265   |    8   |
|   icmp_ln44_reg_251   |    1   |
|indvar_flatten7_reg_239|   15   |
|output_img_read_reg_246|   32   |
|       r_reg_232       |    8   |
|  trunc_ln47_1_reg_260 |    7   |
|   trunc_ln47_reg_255  |    7   |
+-----------------------+--------+
|         Total         |   86   |
+-----------------------+--------+

* Multiplexer (MUX) list: 
|--------|------|------|------|--------|
|  Comp  |  Pin | Size |  BW  | S x BW |
|--------|------|------|------|--------|
|  Total |      |      |      |    0   |
|--------|------|------|------|--------|



* Summary:
+-----------+--------+--------+
|           |   FF   |   LUT  |
+-----------+--------+--------+
|  Function |    0   |   165  |
|   Memory  |    -   |    -   |
|Multiplexer|    -   |    -   |
|  Register |   86   |    -   |
+-----------+--------+--------+
|   Total   |   86   |   165  |
+-----------+--------+--------+
