

================================================================
== Vitis HLS Report for 'vitis_convolution'
================================================================
* Date:           Fri May 22 00:47:18 2026

* Version:        2025.2 (Build 6295257 on Nov 14 2025)
* Project:        Edges
* Solution:       hls (Vivado IP Flow Target)
* Product family: zynq
* Target device:  xc7z020-clg400-1


================================================================
== Performance Estimates
================================================================
+ Timing: 
    * Summary: 
    +--------+----------+----------+------------+
    |  Clock |  Target  | Estimated| Uncertainty|
    +--------+----------+----------+------------+
    |ap_clk  |  10.00 ns|  7.300 ns|     2.70 ns|
    +--------+----------+----------+------------+

+ Latency: 
    * Summary: 
    +---------+---------+----------+----------+-------+-------+---------+
    |  Latency (cycles) |  Latency (absolute) |    Interval   | Pipeline|
    |   min   |   max   |    min   |    max   |  min  |  max  |   Type  |
    +---------+---------+----------+----------+-------+-------+---------+
    |    48701|    48701|  0.487 ms|  0.487 ms|  48702|  48702|       no|
    +---------+---------+----------+----------+-------+-------+---------+

    + Detail: 
        * Instance: 
        +-------------------------------------------------------------+--------------------------------------------------+---------+---------+----------+----------+-----+-----+-------------------+
        |                                                             |                                                  |  Latency (cycles) |  Latency (absolute) |  Interval |      Pipeline     |
        |                           Instance                          |                      Module                      |   min   |   max   |    min   |    max   | min | max |        Type       |
        +-------------------------------------------------------------+--------------------------------------------------+---------+---------+----------+----------+-----+-----+-------------------+
        |grp_vitis_convolution_Pipeline_Read_Rows_Read_Cols_fu_204    |vitis_convolution_Pipeline_Read_Rows_Read_Cols    |    16399|    16399|  0.164 ms|  0.164 ms|    0|    0|  loop pipeline stp|
        |grp_vitis_convolution_Pipeline_Conv_Rows_Conv_Cols_fu_230    |vitis_convolution_Pipeline_Conv_Rows_Conv_Cols    |    15896|    15896|  0.159 ms|  0.159 ms|    0|    0|  loop pipeline stp|
        |grp_vitis_convolution_Pipeline_Write_Rows_Write_Cols_fu_264  |vitis_convolution_Pipeline_Write_Rows_Write_Cols  |    16394|    16394|  0.164 ms|  0.164 ms|    0|    0|  loop pipeline stp|
        +-------------------------------------------------------------+--------------------------------------------------+---------+---------+----------+----------+-----+-----+-------------------+

        * Loop: 
        N/A



================================================================
== Utilization Estimates
================================================================
* Summary: 
+-----------------+---------+-----+--------+-------+-----+
|       Name      | BRAM_18K| DSP |   FF   |  LUT  | URAM|
+-----------------+---------+-----+--------+-------+-----+
|DSP              |        -|    -|       -|      -|    -|
|Expression       |        -|    -|       -|      -|    -|
|FIFO             |        -|    -|       -|      -|    -|
|Instance         |        2|    6|    3311|   4638|    -|
|Memory           |       17|    -|       0|      0|    0|
|Multiplexer      |        -|    -|       0|    533|    -|
|Register         |        -|    -|     152|      -|    -|
+-----------------+---------+-----+--------+-------+-----+
|Total            |       19|    6|    3463|   5171|    0|
+-----------------+---------+-----+--------+-------+-----+
|Available        |      280|  220|  106400|  53200|    0|
+-----------------+---------+-----+--------+-------+-----+
|Utilization (%)  |        6|    2|       3|      9|    0|
+-----------------+---------+-----+--------+-------+-----+

+ Detail: 
    * Instance: 
    +-------------------------------------------------------------+--------------------------------------------------+---------+----+-----+------+-----+
    |                           Instance                          |                      Module                      | BRAM_18K| DSP|  FF |  LUT | URAM|
    +-------------------------------------------------------------+--------------------------------------------------+---------+----+-----+------+-----+
    |control_r_s_axi_U                                            |control_r_s_axi                                   |        0|   0|  106|   168|    0|
    |control_s_axi_U                                              |control_s_axi                                     |        0|   0|  132|   112|    0|
    |gmem_in_m_axi_U                                              |gmem_in_m_axi                                     |        2|   0|  707|   777|    0|
    |gmem_out_m_axi_U                                             |gmem_out_m_axi                                    |        0|   0|  647|   768|    0|
    |grp_vitis_convolution_Pipeline_Conv_Rows_Conv_Cols_fu_230    |vitis_convolution_Pipeline_Conv_Rows_Conv_Cols    |        0|   5|  937|  1874|    0|
    |grp_vitis_convolution_Pipeline_Read_Rows_Read_Cols_fu_204    |vitis_convolution_Pipeline_Read_Rows_Read_Cols    |        0|   1|  678|   685|    0|
    |grp_vitis_convolution_Pipeline_Write_Rows_Write_Cols_fu_264  |vitis_convolution_Pipeline_Write_Rows_Write_Cols  |        0|   0|  104|   254|    0|
    +-------------------------------------------------------------+--------------------------------------------------+---------+----+-----+------+-----+
    |Total                                                        |                                                  |        2|   6| 3311|  4638|    0|
    +-------------------------------------------------------------+--------------------------------------------------+---------+----+-----+------+-----+

    * DSP: 
    N/A

    * Memory: 
    +--------------------------------------------------------+--------------------------------------------------------------------+---------+---+----+-----+-------+-----+------+-------------+
    |                         Memory                         |                               Module                               | BRAM_18K| FF| LUT| URAM| Words | Bits| Banks| W*Bits*Banks|
    +--------------------------------------------------------+--------------------------------------------------------------------+---------+---+----+-----+-------+-----+------+-------------+
    |local_output_U                                          |local_output_RAM_AUTO_1R1W                                          |        8|  0|   0|    0|  16384|    8|     1|       131072|
    |p_ZZ17vitis_convolutionPVhPVcPA3_cE11local_input_0_0_U  |p_ZZ17vitis_convolutionPVhPVcPA3_cE11local_input_0_0_RAM_AUTO_1R1W  |        1|  0|   0|    0|   1849|    8|     1|        14792|
    |p_ZZ17vitis_convolutionPVhPVcPA3_cE11local_input_0_1_U  |p_ZZ17vitis_convolutionPVhPVcPA3_cE11local_input_0_0_RAM_AUTO_1R1W  |        1|  0|   0|    0|   1849|    8|     1|        14792|
    |p_ZZ17vitis_convolutionPVhPVcPA3_cE11local_input_0_2_U  |p_ZZ17vitis_convolutionPVhPVcPA3_cE11local_input_0_0_RAM_AUTO_1R1W  |        1|  0|   0|    0|   1849|    8|     1|        14792|
    |p_ZZ17vitis_convolutionPVhPVcPA3_cE11local_input_1_0_U  |p_ZZ17vitis_convolutionPVhPVcPA3_cE11local_input_0_0_RAM_AUTO_1R1W  |        1|  0|   0|    0|   1849|    8|     1|        14792|
    |p_ZZ17vitis_convolutionPVhPVcPA3_cE11local_input_1_1_U  |p_ZZ17vitis_convolutionPVhPVcPA3_cE11local_input_0_0_RAM_AUTO_1R1W  |        1|  0|   0|    0|   1849|    8|     1|        14792|
    |p_ZZ17vitis_convolutionPVhPVcPA3_cE11local_input_1_2_U  |p_ZZ17vitis_convolutionPVhPVcPA3_cE11local_input_0_0_RAM_AUTO_1R1W  |        1|  0|   0|    0|   1849|    8|     1|        14792|
    |p_ZZ17vitis_convolutionPVhPVcPA3_cE11local_input_2_0_U  |p_ZZ17vitis_convolutionPVhPVcPA3_cE11local_input_0_0_RAM_AUTO_1R1W  |        1|  0|   0|    0|   1849|    8|     1|        14792|
    |p_ZZ17vitis_convolutionPVhPVcPA3_cE11local_input_2_1_U  |p_ZZ17vitis_convolutionPVhPVcPA3_cE11local_input_0_0_RAM_AUTO_1R1W  |        1|  0|   0|    0|   1849|    8|     1|        14792|
    |p_ZZ17vitis_convolutionPVhPVcPA3_cE11local_input_2_2_U  |p_ZZ17vitis_convolutionPVhPVcPA3_cE11local_input_0_0_RAM_AUTO_1R1W  |        1|  0|   0|    0|   1849|    8|     1|        14792|
    +--------------------------------------------------------+--------------------------------------------------------------------+---------+---+----+-----+-------+-----+------+-------------+
    |Total                                                   |                                                                    |       17|  0|   0|    0|  33025|   80|    10|       264200|
    +--------------------------------------------------------+--------------------------------------------------------------------+---------+---+----+-----+-------+-----+------+-------------+

    * FIFO: 
    N/A

    * Expression: 
    N/A

    * Multiplexer: 
    +---------------------------------------------------------------+----+-----------+-----+-----------+
    |                              Name                             | LUT| Input Size| Bits| Total Bits|
    +---------------------------------------------------------------+----+-----------+-----+-----------+
    |ap_NS_fsm                                                      |  65|         14|    1|         14|
    |gmem_in_0_ARVALID                                              |   9|          2|    1|          2|
    |gmem_in_0_RREADY                                               |   9|          2|    1|          2|
    |gmem_out_0_AWVALID                                             |   9|          2|    1|          2|
    |gmem_out_0_BREADY                                              |   9|          2|    1|          2|
    |gmem_out_0_WVALID                                              |   9|          2|    1|          2|
    |kernel_address0_local                                          |  53|         10|    4|         40|
    |local_output_address0                                          |  14|          3|   14|         42|
    |local_output_ce0                                               |  14|          3|    1|          3|
    |local_output_we0                                               |   9|          2|    1|          2|
    |p_ZZ17vitis_convolutionPVhPVcPA3_cE11local_input_0_0_address0  |  14|          3|   11|         33|
    |p_ZZ17vitis_convolutionPVhPVcPA3_cE11local_input_0_0_ce0       |  14|          3|    1|          3|
    |p_ZZ17vitis_convolutionPVhPVcPA3_cE11local_input_0_0_we0       |   9|          2|    1|          2|
    |p_ZZ17vitis_convolutionPVhPVcPA3_cE11local_input_0_1_address0  |  14|          3|   11|         33|
    |p_ZZ17vitis_convolutionPVhPVcPA3_cE11local_input_0_1_ce0       |  14|          3|    1|          3|
    |p_ZZ17vitis_convolutionPVhPVcPA3_cE11local_input_0_1_we0       |   9|          2|    1|          2|
    |p_ZZ17vitis_convolutionPVhPVcPA3_cE11local_input_0_2_address0  |  14|          3|   11|         33|
    |p_ZZ17vitis_convolutionPVhPVcPA3_cE11local_input_0_2_ce0       |  14|          3|    1|          3|
    |p_ZZ17vitis_convolutionPVhPVcPA3_cE11local_input_0_2_we0       |   9|          2|    1|          2|
    |p_ZZ17vitis_convolutionPVhPVcPA3_cE11local_input_1_0_address0  |  14|          3|   11|         33|
    |p_ZZ17vitis_convolutionPVhPVcPA3_cE11local_input_1_0_ce0       |  14|          3|    1|          3|
    |p_ZZ17vitis_convolutionPVhPVcPA3_cE11local_input_1_0_we0       |   9|          2|    1|          2|
    |p_ZZ17vitis_convolutionPVhPVcPA3_cE11local_input_1_1_address0  |  14|          3|   11|         33|
    |p_ZZ17vitis_convolutionPVhPVcPA3_cE11local_input_1_1_ce0       |  14|          3|    1|          3|
    |p_ZZ17vitis_convolutionPVhPVcPA3_cE11local_input_1_1_we0       |   9|          2|    1|          2|
    |p_ZZ17vitis_convolutionPVhPVcPA3_cE11local_input_1_2_address0  |  14|          3|   11|         33|
    |p_ZZ17vitis_convolutionPVhPVcPA3_cE11local_input_1_2_ce0       |  14|          3|    1|          3|
    |p_ZZ17vitis_convolutionPVhPVcPA3_cE11local_input_1_2_we0       |   9|          2|    1|          2|
    |p_ZZ17vitis_convolutionPVhPVcPA3_cE11local_input_2_0_address0  |  14|          3|   11|         33|
    |p_ZZ17vitis_convolutionPVhPVcPA3_cE11local_input_2_0_ce0       |  14|          3|    1|          3|
    |p_ZZ17vitis_convolutionPVhPVcPA3_cE11local_input_2_0_we0       |   9|          2|    1|          2|
    |p_ZZ17vitis_convolutionPVhPVcPA3_cE11local_input_2_1_address0  |  14|          3|   11|         33|
    |p_ZZ17vitis_convolutionPVhPVcPA3_cE11local_input_2_1_ce0       |  14|          3|    1|          3|
    |p_ZZ17vitis_convolutionPVhPVcPA3_cE11local_input_2_1_we0       |   9|          2|    1|          2|
    |p_ZZ17vitis_convolutionPVhPVcPA3_cE11local_input_2_2_address0  |  14|          3|   11|         33|
    |p_ZZ17vitis_convolutionPVhPVcPA3_cE11local_input_2_2_ce0       |  14|          3|    1|          3|
    |p_ZZ17vitis_convolutionPVhPVcPA3_cE11local_input_2_2_we0       |   9|          2|    1|          2|
    +---------------------------------------------------------------+----+-----------+-----+-----------+
    |Total                                                          | 533|        114|  143|        453|
    +---------------------------------------------------------------+----+-----------+-----+-----------+

    * Register: 
    +--------------------------------------------------------------------------+----+----+-----+-----------+
    |                                   Name                                   | FF | LUT| Bits| Const Bits|
    +--------------------------------------------------------------------------+----+----+-----+-----------+
    |ap_CS_fsm                                                                 |  13|   0|   13|          0|
    |grp_vitis_convolution_Pipeline_Conv_Rows_Conv_Cols_fu_230_ap_start_reg    |   1|   0|    1|          0|
    |grp_vitis_convolution_Pipeline_Read_Rows_Read_Cols_fu_204_ap_start_reg    |   1|   0|    1|          0|
    |grp_vitis_convolution_Pipeline_Write_Rows_Write_Cols_fu_264_ap_start_reg  |   1|   0|    1|          0|
    |input_img_read_reg_343                                                    |  32|   0|   32|          0|
    |kernel_load_1_reg_293                                                     |   8|   0|    8|          0|
    |kernel_load_2_reg_303                                                     |   8|   0|    8|          0|
    |kernel_load_3_reg_313                                                     |   8|   0|    8|          0|
    |kernel_load_4_reg_323                                                     |   8|   0|    8|          0|
    |kernel_load_5_reg_333                                                     |   8|   0|    8|          0|
    |kernel_load_6_reg_353                                                     |   8|   0|    8|          0|
    |kernel_load_7_reg_363                                                     |   8|   0|    8|          0|
    |kernel_load_8_reg_368                                                     |   8|   0|    8|          0|
    |kernel_load_reg_283                                                       |   8|   0|    8|          0|
    |output_img_read_reg_338                                                   |  32|   0|   32|          0|
    +--------------------------------------------------------------------------+----+----+-----+-----------+
    |Total                                                                     | 152|   0|  152|          0|
    +--------------------------------------------------------------------------+----+----+-----+-----------+



================================================================
== Interface
================================================================
* Summary: 
+-------------------------+-----+-----+------------+-------------------+--------------+
|        RTL Ports        | Dir | Bits|  Protocol  |   Source Object   |    C Type    |
+-------------------------+-----+-----+------------+-------------------+--------------+
|s_axi_control_AWVALID    |   in|    1|       s_axi|            control|         array|
|s_axi_control_AWREADY    |  out|    1|       s_axi|            control|         array|
|s_axi_control_AWADDR     |   in|    5|       s_axi|            control|         array|
|s_axi_control_WVALID     |   in|    1|       s_axi|            control|         array|
|s_axi_control_WREADY     |  out|    1|       s_axi|            control|         array|
|s_axi_control_WDATA      |   in|   32|       s_axi|            control|         array|
|s_axi_control_WSTRB      |   in|    4|       s_axi|            control|         array|
|s_axi_control_ARVALID    |   in|    1|       s_axi|            control|         array|
|s_axi_control_ARREADY    |  out|    1|       s_axi|            control|         array|
|s_axi_control_ARADDR     |   in|    5|       s_axi|            control|         array|
|s_axi_control_RVALID     |  out|    1|       s_axi|            control|         array|
|s_axi_control_RREADY     |   in|    1|       s_axi|            control|         array|
|s_axi_control_RDATA      |  out|   32|       s_axi|            control|         array|
|s_axi_control_RRESP      |  out|    2|       s_axi|            control|         array|
|s_axi_control_BVALID     |  out|    1|       s_axi|            control|         array|
|s_axi_control_BREADY     |   in|    1|       s_axi|            control|         array|
|s_axi_control_BRESP      |  out|    2|       s_axi|            control|         array|
|s_axi_control_r_AWVALID  |   in|    1|       s_axi|          control_r|        scalar|
|s_axi_control_r_AWREADY  |  out|    1|       s_axi|          control_r|        scalar|
|s_axi_control_r_AWADDR   |   in|    5|       s_axi|          control_r|        scalar|
|s_axi_control_r_WVALID   |   in|    1|       s_axi|          control_r|        scalar|
|s_axi_control_r_WREADY   |  out|    1|       s_axi|          control_r|        scalar|
|s_axi_control_r_WDATA    |   in|   32|       s_axi|          control_r|        scalar|
|s_axi_control_r_WSTRB    |   in|    4|       s_axi|          control_r|        scalar|
|s_axi_control_r_ARVALID  |   in|    1|       s_axi|          control_r|        scalar|
|s_axi_control_r_ARREADY  |  out|    1|       s_axi|          control_r|        scalar|
|s_axi_control_r_ARADDR   |   in|    5|       s_axi|          control_r|        scalar|
|s_axi_control_r_RVALID   |  out|    1|       s_axi|          control_r|        scalar|
|s_axi_control_r_RREADY   |   in|    1|       s_axi|          control_r|        scalar|
|s_axi_control_r_RDATA    |  out|   32|       s_axi|          control_r|        scalar|
|s_axi_control_r_RRESP    |  out|    2|       s_axi|          control_r|        scalar|
|s_axi_control_r_BVALID   |  out|    1|       s_axi|          control_r|        scalar|
|s_axi_control_r_BREADY   |   in|    1|       s_axi|          control_r|        scalar|
|s_axi_control_r_BRESP    |  out|    2|       s_axi|          control_r|        scalar|
|ap_clk                   |   in|    1|  ap_ctrl_hs|  vitis_convolution|  return value|
|ap_rst_n                 |   in|    1|  ap_ctrl_hs|  vitis_convolution|  return value|
|interrupt                |  out|    1|  ap_ctrl_hs|  vitis_convolution|  return value|
|m_axi_gmem_in_AWVALID    |  out|    1|       m_axi|            gmem_in|       pointer|
|m_axi_gmem_in_AWREADY    |   in|    1|       m_axi|            gmem_in|       pointer|
|m_axi_gmem_in_AWADDR     |  out|   32|       m_axi|            gmem_in|       pointer|
|m_axi_gmem_in_AWID       |  out|    1|       m_axi|            gmem_in|       pointer|
|m_axi_gmem_in_AWLEN      |  out|    8|       m_axi|            gmem_in|       pointer|
|m_axi_gmem_in_AWSIZE     |  out|    3|       m_axi|            gmem_in|       pointer|
|m_axi_gmem_in_AWBURST    |  out|    2|       m_axi|            gmem_in|       pointer|
|m_axi_gmem_in_AWLOCK     |  out|    2|       m_axi|            gmem_in|       pointer|
|m_axi_gmem_in_AWCACHE    |  out|    4|       m_axi|            gmem_in|       pointer|
|m_axi_gmem_in_AWPROT     |  out|    3|       m_axi|            gmem_in|       pointer|
|m_axi_gmem_in_AWQOS      |  out|    4|       m_axi|            gmem_in|       pointer|
|m_axi_gmem_in_AWREGION   |  out|    4|       m_axi|            gmem_in|       pointer|
|m_axi_gmem_in_AWUSER     |  out|    1|       m_axi|            gmem_in|       pointer|
|m_axi_gmem_in_WVALID     |  out|    1|       m_axi|            gmem_in|       pointer|
|m_axi_gmem_in_WREADY     |   in|    1|       m_axi|            gmem_in|       pointer|
|m_axi_gmem_in_WDATA      |  out|   32|       m_axi|            gmem_in|       pointer|
|m_axi_gmem_in_WSTRB      |  out|    4|       m_axi|            gmem_in|       pointer|
|m_axi_gmem_in_WLAST      |  out|    1|       m_axi|            gmem_in|       pointer|
|m_axi_gmem_in_WID        |  out|    1|       m_axi|            gmem_in|       pointer|
|m_axi_gmem_in_WUSER      |  out|    1|       m_axi|            gmem_in|       pointer|
|m_axi_gmem_in_ARVALID    |  out|    1|       m_axi|            gmem_in|       pointer|
|m_axi_gmem_in_ARREADY    |   in|    1|       m_axi|            gmem_in|       pointer|
|m_axi_gmem_in_ARADDR     |  out|   32|       m_axi|            gmem_in|       pointer|
|m_axi_gmem_in_ARID       |  out|    1|       m_axi|            gmem_in|       pointer|
|m_axi_gmem_in_ARLEN      |  out|    8|       m_axi|            gmem_in|       pointer|
|m_axi_gmem_in_ARSIZE     |  out|    3|       m_axi|            gmem_in|       pointer|
|m_axi_gmem_in_ARBURST    |  out|    2|       m_axi|            gmem_in|       pointer|
|m_axi_gmem_in_ARLOCK     |  out|    2|       m_axi|            gmem_in|       pointer|
|m_axi_gmem_in_ARCACHE    |  out|    4|       m_axi|            gmem_in|       pointer|
|m_axi_gmem_in_ARPROT     |  out|    3|       m_axi|            gmem_in|       pointer|
|m_axi_gmem_in_ARQOS      |  out|    4|       m_axi|            gmem_in|       pointer|
|m_axi_gmem_in_ARREGION   |  out|    4|       m_axi|            gmem_in|       pointer|
|m_axi_gmem_in_ARUSER     |  out|    1|       m_axi|            gmem_in|       pointer|
|m_axi_gmem_in_RVALID     |   in|    1|       m_axi|            gmem_in|       pointer|
|m_axi_gmem_in_RREADY     |  out|    1|       m_axi|            gmem_in|       pointer|
|m_axi_gmem_in_RDATA      |   in|   32|       m_axi|            gmem_in|       pointer|
|m_axi_gmem_in_RLAST      |   in|    1|       m_axi|            gmem_in|       pointer|
|m_axi_gmem_in_RID        |   in|    1|       m_axi|            gmem_in|       pointer|
|m_axi_gmem_in_RUSER      |   in|    1|       m_axi|            gmem_in|       pointer|
|m_axi_gmem_in_RRESP      |   in|    2|       m_axi|            gmem_in|       pointer|
|m_axi_gmem_in_BVALID     |   in|    1|       m_axi|            gmem_in|       pointer|
|m_axi_gmem_in_BREADY     |  out|    1|       m_axi|            gmem_in|       pointer|
|m_axi_gmem_in_BRESP      |   in|    2|       m_axi|            gmem_in|       pointer|
|m_axi_gmem_in_BID        |   in|    1|       m_axi|            gmem_in|       pointer|
|m_axi_gmem_in_BUSER      |   in|    1|       m_axi|            gmem_in|       pointer|
|m_axi_gmem_out_AWVALID   |  out|    1|       m_axi|           gmem_out|       pointer|
|m_axi_gmem_out_AWREADY   |   in|    1|       m_axi|           gmem_out|       pointer|
|m_axi_gmem_out_AWADDR    |  out|   32|       m_axi|           gmem_out|       pointer|
|m_axi_gmem_out_AWID      |  out|    1|       m_axi|           gmem_out|       pointer|
|m_axi_gmem_out_AWLEN     |  out|    8|       m_axi|           gmem_out|       pointer|
|m_axi_gmem_out_AWSIZE    |  out|    3|       m_axi|           gmem_out|       pointer|
|m_axi_gmem_out_AWBURST   |  out|    2|       m_axi|           gmem_out|       pointer|
|m_axi_gmem_out_AWLOCK    |  out|    2|       m_axi|           gmem_out|       pointer|
|m_axi_gmem_out_AWCACHE   |  out|    4|       m_axi|           gmem_out|       pointer|
|m_axi_gmem_out_AWPROT    |  out|    3|       m_axi|           gmem_out|       pointer|
|m_axi_gmem_out_AWQOS     |  out|    4|       m_axi|           gmem_out|       pointer|
|m_axi_gmem_out_AWREGION  |  out|    4|       m_axi|           gmem_out|       pointer|
|m_axi_gmem_out_AWUSER    |  out|    1|       m_axi|           gmem_out|       pointer|
|m_axi_gmem_out_WVALID    |  out|    1|       m_axi|           gmem_out|       pointer|
|m_axi_gmem_out_WREADY    |   in|    1|       m_axi|           gmem_out|       pointer|
|m_axi_gmem_out_WDATA     |  out|   32|       m_axi|           gmem_out|       pointer|
|m_axi_gmem_out_WSTRB     |  out|    4|       m_axi|           gmem_out|       pointer|
|m_axi_gmem_out_WLAST     |  out|    1|       m_axi|           gmem_out|       pointer|
|m_axi_gmem_out_WID       |  out|    1|       m_axi|           gmem_out|       pointer|
|m_axi_gmem_out_WUSER     |  out|    1|       m_axi|           gmem_out|       pointer|
|m_axi_gmem_out_ARVALID   |  out|    1|       m_axi|           gmem_out|       pointer|
|m_axi_gmem_out_ARREADY   |   in|    1|       m_axi|           gmem_out|       pointer|
|m_axi_gmem_out_ARADDR    |  out|   32|       m_axi|           gmem_out|       pointer|
|m_axi_gmem_out_ARID      |  out|    1|       m_axi|           gmem_out|       pointer|
|m_axi_gmem_out_ARLEN     |  out|    8|       m_axi|           gmem_out|       pointer|
|m_axi_gmem_out_ARSIZE    |  out|    3|       m_axi|           gmem_out|       pointer|
|m_axi_gmem_out_ARBURST   |  out|    2|       m_axi|           gmem_out|       pointer|
|m_axi_gmem_out_ARLOCK    |  out|    2|       m_axi|           gmem_out|       pointer|
|m_axi_gmem_out_ARCACHE   |  out|    4|       m_axi|           gmem_out|       pointer|
|m_axi_gmem_out_ARPROT    |  out|    3|       m_axi|           gmem_out|       pointer|
|m_axi_gmem_out_ARQOS     |  out|    4|       m_axi|           gmem_out|       pointer|
|m_axi_gmem_out_ARREGION  |  out|    4|       m_axi|           gmem_out|       pointer|
|m_axi_gmem_out_ARUSER    |  out|    1|       m_axi|           gmem_out|       pointer|
|m_axi_gmem_out_RVALID    |   in|    1|       m_axi|           gmem_out|       pointer|
|m_axi_gmem_out_RREADY    |  out|    1|       m_axi|           gmem_out|       pointer|
|m_axi_gmem_out_RDATA     |   in|   32|       m_axi|           gmem_out|       pointer|
|m_axi_gmem_out_RLAST     |   in|    1|       m_axi|           gmem_out|       pointer|
|m_axi_gmem_out_RID       |   in|    1|       m_axi|           gmem_out|       pointer|
|m_axi_gmem_out_RUSER     |   in|    1|       m_axi|           gmem_out|       pointer|
|m_axi_gmem_out_RRESP     |   in|    2|       m_axi|           gmem_out|       pointer|
|m_axi_gmem_out_BVALID    |   in|    1|       m_axi|           gmem_out|       pointer|
|m_axi_gmem_out_BREADY    |  out|    1|       m_axi|           gmem_out|       pointer|
|m_axi_gmem_out_BRESP     |   in|    2|       m_axi|           gmem_out|       pointer|
|m_axi_gmem_out_BID       |   in|    1|       m_axi|           gmem_out|       pointer|
|m_axi_gmem_out_BUSER     |   in|    1|       m_axi|           gmem_out|       pointer|
+-------------------------+-----+-----+------------+-------------------+--------------+

============================================================
+ Verbose Summary: Synthesis Manager
============================================================
InlineROM: 1
ExposeGlobal: 0
============================================================
+ Verbose Summary: CDFG Model
============================================================
IsTopModel: 1
ResetActiveHigh: 1
IsCombinational: 2
IsDatapathOnly: 2
HasWiredReturn: 1
HasMFsm: 0
HasVarLatency: 1
IsPipeline: 0
IsRtlPipelined: 0
IsInstanceOverlapped: 0
IsDontTouch: 0
HasImplIP: 0
IsGatedGlobalClock: 0


============================================================
+ Verbose Summary: Schedule
============================================================
* Number of FSM states : 13
* Pipeline : 0
* Dataflow Pipeline: 0

* FSM state transitions: 
1 --> 2 
2 --> 3 
3 --> 4 
4 --> 5 
5 --> 6 
6 --> 7 
7 --> 8 
8 --> 9 
9 --> 10 
10 --> 11 
11 --> 12 
12 --> 13 
13 --> 

* FSM state operations: 

State 1 <SV = 0> <Delay = 0.00>
ST_1 : Operation 14 [1/1] (0.00ns)   --->   "%kernel_addr = getelementptr i8 %kernel, i32 0, i32 0" [vitis_convolution.cpp:34]   --->   Operation 14 'getelementptr' 'kernel_addr' <Predicate = true> <Delay = 0.00>
ST_1 : Operation 15 [2/2] (0.00ns)   --->   "%kernel_load = load i4 %kernel_addr" [vitis_convolution.cpp:34]   --->   Operation 15 'load' 'kernel_load' <Predicate = true> <Delay = 0.00> <CoreInst = "RAM_1P">   --->   Core 85 'RAM_1P' <Latency = 1> <II = 1> <Delay = 2.32> <Storage> <Opcode : 'load' 'store'> <Ports = 1> <Width = 8> <Depth = 9> <RAM>

State 2 <SV = 1> <Delay = 0.00>
ST_2 : Operation 16 [1/1] (0.00ns)   --->   "%kernel_addr_1 = getelementptr i8 %kernel, i32 0, i32 1" [vitis_convolution.cpp:34]   --->   Operation 16 'getelementptr' 'kernel_addr_1' <Predicate = true> <Delay = 0.00>
ST_2 : Operation 17 [1/2] ( I:0.00ns O:0.00ns )   --->   "%kernel_load = load i4 %kernel_addr" [vitis_convolution.cpp:34]   --->   Operation 17 'load' 'kernel_load' <Predicate = true> <Delay = 0.00> <CoreInst = "RAM_1P">   --->   Core 85 'RAM_1P' <Latency = 1> <II = 1> <Delay = 2.32> <Storage> <Opcode : 'load' 'store'> <Ports = 1> <Width = 8> <Depth = 9> <RAM>
ST_2 : Operation 18 [2/2] (0.00ns)   --->   "%kernel_load_1 = load i4 %kernel_addr_1" [vitis_convolution.cpp:34]   --->   Operation 18 'load' 'kernel_load_1' <Predicate = true> <Delay = 0.00> <CoreInst = "RAM_1P">   --->   Core 85 'RAM_1P' <Latency = 1> <II = 1> <Delay = 2.32> <Storage> <Opcode : 'load' 'store'> <Ports = 1> <Width = 8> <Depth = 9> <RAM>

State 3 <SV = 2> <Delay = 0.00>
ST_3 : Operation 19 [1/1] (0.00ns)   --->   "%kernel_addr_2 = getelementptr i8 %kernel, i32 0, i32 2" [vitis_convolution.cpp:34]   --->   Operation 19 'getelementptr' 'kernel_addr_2' <Predicate = true> <Delay = 0.00>
ST_3 : Operation 20 [1/2] ( I:0.00ns O:0.00ns )   --->   "%kernel_load_1 = load i4 %kernel_addr_1" [vitis_convolution.cpp:34]   --->   Operation 20 'load' 'kernel_load_1' <Predicate = true> <Delay = 0.00> <CoreInst = "RAM_1P">   --->   Core 85 'RAM_1P' <Latency = 1> <II = 1> <Delay = 2.32> <Storage> <Opcode : 'load' 'store'> <Ports = 1> <Width = 8> <Depth = 9> <RAM>
ST_3 : Operation 21 [2/2] (0.00ns)   --->   "%kernel_load_2 = load i4 %kernel_addr_2" [vitis_convolution.cpp:34]   --->   Operation 21 'load' 'kernel_load_2' <Predicate = true> <Delay = 0.00> <CoreInst = "RAM_1P">   --->   Core 85 'RAM_1P' <Latency = 1> <II = 1> <Delay = 2.32> <Storage> <Opcode : 'load' 'store'> <Ports = 1> <Width = 8> <Depth = 9> <RAM>

State 4 <SV = 3> <Delay = 0.00>
ST_4 : Operation 22 [1/1] (0.00ns)   --->   "%kernel_addr_3 = getelementptr i8 %kernel, i32 0, i32 3" [vitis_convolution.cpp:34]   --->   Operation 22 'getelementptr' 'kernel_addr_3' <Predicate = true> <Delay = 0.00>
ST_4 : Operation 23 [1/2] ( I:0.00ns O:0.00ns )   --->   "%kernel_load_2 = load i4 %kernel_addr_2" [vitis_convolution.cpp:34]   --->   Operation 23 'load' 'kernel_load_2' <Predicate = true> <Delay = 0.00> <CoreInst = "RAM_1P">   --->   Core 85 'RAM_1P' <Latency = 1> <II = 1> <Delay = 2.32> <Storage> <Opcode : 'load' 'store'> <Ports = 1> <Width = 8> <Depth = 9> <RAM>
ST_4 : Operation 24 [2/2] (0.00ns)   --->   "%kernel_load_3 = load i4 %kernel_addr_3" [vitis_convolution.cpp:34]   --->   Operation 24 'load' 'kernel_load_3' <Predicate = true> <Delay = 0.00> <CoreInst = "RAM_1P">   --->   Core 85 'RAM_1P' <Latency = 1> <II = 1> <Delay = 2.32> <Storage> <Opcode : 'load' 'store'> <Ports = 1> <Width = 8> <Depth = 9> <RAM>

State 5 <SV = 4> <Delay = 0.00>
ST_5 : Operation 25 [1/1] (0.00ns)   --->   "%kernel_addr_4 = getelementptr i8 %kernel, i32 0, i32 4" [vitis_convolution.cpp:34]   --->   Operation 25 'getelementptr' 'kernel_addr_4' <Predicate = true> <Delay = 0.00>
ST_5 : Operation 26 [1/2] ( I:0.00ns O:0.00ns )   --->   "%kernel_load_3 = load i4 %kernel_addr_3" [vitis_convolution.cpp:34]   --->   Operation 26 'load' 'kernel_load_3' <Predicate = true> <Delay = 0.00> <CoreInst = "RAM_1P">   --->   Core 85 'RAM_1P' <Latency = 1> <II = 1> <Delay = 2.32> <Storage> <Opcode : 'load' 'store'> <Ports = 1> <Width = 8> <Depth = 9> <RAM>
ST_5 : Operation 27 [2/2] (0.00ns)   --->   "%kernel_load_4 = load i4 %kernel_addr_4" [vitis_convolution.cpp:34]   --->   Operation 27 'load' 'kernel_load_4' <Predicate = true> <Delay = 0.00> <CoreInst = "RAM_1P">   --->   Core 85 'RAM_1P' <Latency = 1> <II = 1> <Delay = 2.32> <Storage> <Opcode : 'load' 'store'> <Ports = 1> <Width = 8> <Depth = 9> <RAM>

State 6 <SV = 5> <Delay = 0.00>
ST_6 : Operation 28 [1/1] (0.00ns)   --->   "%kernel_addr_5 = getelementptr i8 %kernel, i32 0, i32 5" [vitis_convolution.cpp:34]   --->   Operation 28 'getelementptr' 'kernel_addr_5' <Predicate = true> <Delay = 0.00>
ST_6 : Operation 29 [1/2] ( I:0.00ns O:0.00ns )   --->   "%kernel_load_4 = load i4 %kernel_addr_4" [vitis_convolution.cpp:34]   --->   Operation 29 'load' 'kernel_load_4' <Predicate = true> <Delay = 0.00> <CoreInst = "RAM_1P">   --->   Core 85 'RAM_1P' <Latency = 1> <II = 1> <Delay = 2.32> <Storage> <Opcode : 'load' 'store'> <Ports = 1> <Width = 8> <Depth = 9> <RAM>
ST_6 : Operation 30 [2/2] (0.00ns)   --->   "%kernel_load_5 = load i4 %kernel_addr_5" [vitis_convolution.cpp:34]   --->   Operation 30 'load' 'kernel_load_5' <Predicate = true> <Delay = 0.00> <CoreInst = "RAM_1P">   --->   Core 85 'RAM_1P' <Latency = 1> <II = 1> <Delay = 2.32> <Storage> <Opcode : 'load' 'store'> <Ports = 1> <Width = 8> <Depth = 9> <RAM>

State 7 <SV = 6> <Delay = 0.00>
ST_7 : Operation 31 [1/1] (0.00ns)   --->   "%kernel_addr_6 = getelementptr i8 %kernel, i32 0, i32 6" [vitis_convolution.cpp:34]   --->   Operation 31 'getelementptr' 'kernel_addr_6' <Predicate = true> <Delay = 0.00>
ST_7 : Operation 32 [1/2] ( I:0.00ns O:0.00ns )   --->   "%kernel_load_5 = load i4 %kernel_addr_5" [vitis_convolution.cpp:34]   --->   Operation 32 'load' 'kernel_load_5' <Predicate = true> <Delay = 0.00> <CoreInst = "RAM_1P">   --->   Core 85 'RAM_1P' <Latency = 1> <II = 1> <Delay = 2.32> <Storage> <Opcode : 'load' 'store'> <Ports = 1> <Width = 8> <Depth = 9> <RAM>
ST_7 : Operation 33 [2/2] (0.00ns)   --->   "%kernel_load_6 = load i4 %kernel_addr_6" [vitis_convolution.cpp:34]   --->   Operation 33 'load' 'kernel_load_6' <Predicate = true> <Delay = 0.00> <CoreInst = "RAM_1P">   --->   Core 85 'RAM_1P' <Latency = 1> <II = 1> <Delay = 2.32> <Storage> <Opcode : 'load' 'store'> <Ports = 1> <Width = 8> <Depth = 9> <RAM>

State 8 <SV = 7> <Delay = 1.00>
ST_8 : Operation 34 [1/1] (1.00ns)   --->   "%output_img_read = read i32 @_ssdm_op_Read.s_axilite.i32, i32 %output_img" [vitis_convolution.cpp:34]   --->   Operation 34 'read' 'output_img_read' <Predicate = true> <Delay = 1.00> <CoreInst = "s_axilite">   --->   Core 112 's_axilite' <Latency = 0> <II = 1> <Delay = 1.00> <Adapter> <Opcode : 'read' 'write'>
ST_8 : Operation 35 [1/1] (1.00ns)   --->   "%input_img_read = read i32 @_ssdm_op_Read.s_axilite.i32, i32 %input_img" [vitis_convolution.cpp:34]   --->   Operation 35 'read' 'input_img_read' <Predicate = true> <Delay = 1.00> <CoreInst = "s_axilite">   --->   Core 112 's_axilite' <Latency = 0> <II = 1> <Delay = 1.00> <Adapter> <Opcode : 'read' 'write'>
ST_8 : Operation 36 [1/1] (0.00ns)   --->   "%kernel_addr_7 = getelementptr i8 %kernel, i32 0, i32 7" [vitis_convolution.cpp:34]   --->   Operation 36 'getelementptr' 'kernel_addr_7' <Predicate = true> <Delay = 0.00>
ST_8 : Operation 37 [2/2] (0.00ns)   --->   "%call_ln34 = call void @vitis_convolution_Pipeline_Read_Rows_Read_Cols, i8 %gmem_in, i32 %input_img_read, i8 %p_ZZ17vitis_convolutionPVhPVcPA3_cE11local_input_0_0, i8 %p_ZZ17vitis_convolutionPVhPVcPA3_cE11local_input_0_1, i8 %p_ZZ17vitis_convolutionPVhPVcPA3_cE11local_input_0_2, i8 %p_ZZ17vitis_convolutionPVhPVcPA3_cE11local_input_1_0, i8 %p_ZZ17vitis_convolutionPVhPVcPA3_cE11local_input_1_1, i8 %p_ZZ17vitis_convolutionPVhPVcPA3_cE11local_input_1_2, i8 %p_ZZ17vitis_convolutionPVhPVcPA3_cE11local_input_2_0, i8 %p_ZZ17vitis_convolutionPVhPVcPA3_cE11local_input_2_1, i8 %p_ZZ17vitis_convolutionPVhPVcPA3_cE11local_input_2_2" [vitis_convolution.cpp:34]   --->   Operation 37 'call' 'call_ln34' <Predicate = true> <Delay = 0.00> <CoreType = "Generic">   --->   Generic Core
ST_8 : Operation 38 [1/2] ( I:0.00ns O:0.00ns )   --->   "%kernel_load_6 = load i4 %kernel_addr_6" [vitis_convolution.cpp:34]   --->   Operation 38 'load' 'kernel_load_6' <Predicate = true> <Delay = 0.00> <CoreInst = "RAM_1P">   --->   Core 85 'RAM_1P' <Latency = 1> <II = 1> <Delay = 2.32> <Storage> <Opcode : 'load' 'store'> <Ports = 1> <Width = 8> <Depth = 9> <RAM>
ST_8 : Operation 39 [2/2] (0.00ns)   --->   "%kernel_load_7 = load i4 %kernel_addr_7" [vitis_convolution.cpp:34]   --->   Operation 39 'load' 'kernel_load_7' <Predicate = true> <Delay = 0.00> <CoreInst = "RAM_1P">   --->   Core 85 'RAM_1P' <Latency = 1> <II = 1> <Delay = 2.32> <Storage> <Opcode : 'load' 'store'> <Ports = 1> <Width = 8> <Depth = 9> <RAM>

State 9 <SV = 8> <Delay = 0.00>
ST_9 : Operation 40 [1/1] (0.00ns)   --->   "%kernel_addr_8 = getelementptr i8 %kernel, i32 0, i32 8" [vitis_convolution.cpp:34]   --->   Operation 40 'getelementptr' 'kernel_addr_8' <Predicate = true> <Delay = 0.00>
ST_9 : Operation 41 [1/2] (0.00ns)   --->   "%call_ln34 = call void @vitis_convolution_Pipeline_Read_Rows_Read_Cols, i8 %gmem_in, i32 %input_img_read, i8 %p_ZZ17vitis_convolutionPVhPVcPA3_cE11local_input_0_0, i8 %p_ZZ17vitis_convolutionPVhPVcPA3_cE11local_input_0_1, i8 %p_ZZ17vitis_convolutionPVhPVcPA3_cE11local_input_0_2, i8 %p_ZZ17vitis_convolutionPVhPVcPA3_cE11local_input_1_0, i8 %p_ZZ17vitis_convolutionPVhPVcPA3_cE11local_input_1_1, i8 %p_ZZ17vitis_convolutionPVhPVcPA3_cE11local_input_1_2, i8 %p_ZZ17vitis_convolutionPVhPVcPA3_cE11local_input_2_0, i8 %p_ZZ17vitis_convolutionPVhPVcPA3_cE11local_input_2_1, i8 %p_ZZ17vitis_convolutionPVhPVcPA3_cE11local_input_2_2" [vitis_convolution.cpp:34]   --->   Operation 41 'call' 'call_ln34' <Predicate = true> <Delay = 0.00> <CoreType = "Generic">   --->   Generic Core
ST_9 : Operation 42 [1/2] ( I:0.00ns O:0.00ns )   --->   "%kernel_load_7 = load i4 %kernel_addr_7" [vitis_convolution.cpp:34]   --->   Operation 42 'load' 'kernel_load_7' <Predicate = true> <Delay = 0.00> <CoreInst = "RAM_1P">   --->   Core 85 'RAM_1P' <Latency = 1> <II = 1> <Delay = 2.32> <Storage> <Opcode : 'load' 'store'> <Ports = 1> <Width = 8> <Depth = 9> <RAM>
ST_9 : Operation 43 [2/2] (0.00ns)   --->   "%kernel_load_8 = load i4 %kernel_addr_8" [vitis_convolution.cpp:34]   --->   Operation 43 'load' 'kernel_load_8' <Predicate = true> <Delay = 0.00> <CoreInst = "RAM_1P">   --->   Core 85 'RAM_1P' <Latency = 1> <II = 1> <Delay = 2.32> <Storage> <Opcode : 'load' 'store'> <Ports = 1> <Width = 8> <Depth = 9> <RAM>

State 10 <SV = 9> <Delay = 0.00>
ST_10 : Operation 44 [1/2] ( I:0.00ns O:0.00ns )   --->   "%kernel_load_8 = load i4 %kernel_addr_8" [vitis_convolution.cpp:34]   --->   Operation 44 'load' 'kernel_load_8' <Predicate = true> <Delay = 0.00> <CoreInst = "RAM_1P">   --->   Core 85 'RAM_1P' <Latency = 1> <II = 1> <Delay = 2.32> <Storage> <Opcode : 'load' 'store'> <Ports = 1> <Width = 8> <Depth = 9> <RAM>
ST_10 : Operation 45 [2/2] (0.00ns)   --->   "%call_ln34 = call void @vitis_convolution_Pipeline_Conv_Rows_Conv_Cols, i8 %kernel_load, i8 %kernel_load_1, i8 %kernel_load_8, i8 %kernel_load_7, i8 %kernel_load_6, i8 %kernel_load_5, i8 %kernel_load_4, i8 %kernel_load_3, i8 %kernel_load_2, i8 %p_ZZ17vitis_convolutionPVhPVcPA3_cE11local_input_0_0, i8 %p_ZZ17vitis_convolutionPVhPVcPA3_cE11local_input_0_1, i8 %p_ZZ17vitis_convolutionPVhPVcPA3_cE11local_input_0_2, i8 %p_ZZ17vitis_convolutionPVhPVcPA3_cE11local_input_1_0, i8 %p_ZZ17vitis_convolutionPVhPVcPA3_cE11local_input_1_1, i8 %p_ZZ17vitis_convolutionPVhPVcPA3_cE11local_input_1_2, i8 %p_ZZ17vitis_convolutionPVhPVcPA3_cE11local_input_2_0, i8 %p_ZZ17vitis_convolutionPVhPVcPA3_cE11local_input_2_1, i8 %p_ZZ17vitis_convolutionPVhPVcPA3_cE11local_input_2_2, i8 %local_output" [vitis_convolution.cpp:34]   --->   Operation 45 'call' 'call_ln34' <Predicate = true> <Delay = 0.00> <CoreType = "Generic">   --->   Generic Core

State 11 <SV = 10> <Delay = 0.00>
ST_11 : Operation 46 [1/2] (0.00ns)   --->   "%call_ln34 = call void @vitis_convolution_Pipeline_Conv_Rows_Conv_Cols, i8 %kernel_load, i8 %kernel_load_1, i8 %kernel_load_8, i8 %kernel_load_7, i8 %kernel_load_6, i8 %kernel_load_5, i8 %kernel_load_4, i8 %kernel_load_3, i8 %kernel_load_2, i8 %p_ZZ17vitis_convolutionPVhPVcPA3_cE11local_input_0_0, i8 %p_ZZ17vitis_convolutionPVhPVcPA3_cE11local_input_0_1, i8 %p_ZZ17vitis_convolutionPVhPVcPA3_cE11local_input_0_2, i8 %p_ZZ17vitis_convolutionPVhPVcPA3_cE11local_input_1_0, i8 %p_ZZ17vitis_convolutionPVhPVcPA3_cE11local_input_1_1, i8 %p_ZZ17vitis_convolutionPVhPVcPA3_cE11local_input_1_2, i8 %p_ZZ17vitis_convolutionPVhPVcPA3_cE11local_input_2_0, i8 %p_ZZ17vitis_convolutionPVhPVcPA3_cE11local_input_2_1, i8 %p_ZZ17vitis_convolutionPVhPVcPA3_cE11local_input_2_2, i8 %local_output" [vitis_convolution.cpp:34]   --->   Operation 46 'call' 'call_ln34' <Predicate = true> <Delay = 0.00> <CoreType = "Generic">   --->   Generic Core

State 12 <SV = 11> <Delay = 0.00>
ST_12 : Operation 47 [2/2] (0.00ns)   --->   "%call_ln34 = call void @vitis_convolution_Pipeline_Write_Rows_Write_Cols, i8 %gmem_out, i32 %output_img_read, i8 %local_output" [vitis_convolution.cpp:34]   --->   Operation 47 'call' 'call_ln34' <Predicate = true> <Delay = 0.00> <CoreType = "Generic">   --->   Generic Core

State 13 <SV = 12> <Delay = 0.00>
ST_13 : Operation 48 [1/1] (0.00ns)   --->   "%spectopmodule_ln3 = spectopmodule void @_ssdm_op_SpecTopModule, void @empty_12" [vitis_convolution.cpp:3]   --->   Operation 48 'spectopmodule' 'spectopmodule_ln3' <Predicate = true> <Delay = 0.00>
ST_13 : Operation 49 [1/1] (0.00ns)   --->   "%specinterface_ln0 = specinterface void @_ssdm_op_SpecInterface, i8 %gmem_in, void @empty, i32 0, i32 0, void @empty_0, i32 0, i32 16384, void @empty_1, void @empty_2, void @empty_0, i32 16, i32 16, i32 16, i32 16, void @empty_0, void @empty_0, i32 4294967295, i32 0, i32 0, i32 1"   --->   Operation 49 'specinterface' 'specinterface_ln0' <Predicate = true> <Delay = 0.00>
ST_13 : Operation 50 [1/1] (0.00ns)   --->   "%specbitsmap_ln0 = specbitsmap void @_ssdm_op_SpecBitsMap, i8 %gmem_in"   --->   Operation 50 'specbitsmap' 'specbitsmap_ln0' <Predicate = true> <Delay = 0.00>
ST_13 : Operation 51 [1/1] (0.00ns)   --->   "%specinterface_ln0 = specinterface void @_ssdm_op_SpecInterface, i8 %gmem_out, void @empty, i32 0, i32 0, void @empty_0, i32 0, i32 16384, void @empty_3, void @empty_2, void @empty_0, i32 16, i32 16, i32 16, i32 16, void @empty_0, void @empty_0, i32 4294967295, i32 0, i32 0, i32 1"   --->   Operation 51 'specinterface' 'specinterface_ln0' <Predicate = true> <Delay = 0.00>
ST_13 : Operation 52 [1/1] (0.00ns)   --->   "%specbitsmap_ln0 = specbitsmap void @_ssdm_op_SpecBitsMap, i8 %gmem_out"   --->   Operation 52 'specbitsmap' 'specbitsmap_ln0' <Predicate = true> <Delay = 0.00>
ST_13 : Operation 53 [1/1] (0.00ns)   --->   "%specinterface_ln0 = specinterface void @_ssdm_op_SpecInterface, i32 %input_img, void @empty_4, i32 0, i32 0, void @empty_0, i32 0, i32 0, void @empty_5, void @empty_6, void @empty_0, i32 0, i32 0, i32 0, i32 0, void @empty_0, void @empty_7, i32 4294967295, i32 0, i32 0, i32 0"   --->   Operation 53 'specinterface' 'specinterface_ln0' <Predicate = true> <Delay = 0.00>
ST_13 : Operation 54 [1/1] (0.00ns)   --->   "%specinterface_ln0 = specinterface void @_ssdm_op_SpecInterface, i32 %input_img, void @empty_8, i32 0, i32 0, void @empty_0, i32 0, i32 0, void @empty_0, void @empty_0, void @empty_0, i32 0, i32 0, i32 0, i32 0, void @empty_0, void @empty_7, i32 4294967295, i32 0, i32 0, i32 0"   --->   Operation 54 'specinterface' 'specinterface_ln0' <Predicate = true> <Delay = 0.00>
ST_13 : Operation 55 [1/1] (0.00ns)   --->   "%specinterface_ln0 = specinterface void @_ssdm_op_SpecInterface, i32 %output_img, void @empty_4, i32 0, i32 0, void @empty_0, i32 0, i32 0, void @empty_5, void @empty_9, void @empty_0, i32 0, i32 0, i32 0, i32 0, void @empty_0, void @empty_7, i32 4294967295, i32 0, i32 0, i32 0"   --->   Operation 55 'specinterface' 'specinterface_ln0' <Predicate = true> <Delay = 0.00>
ST_13 : Operation 56 [1/1] (0.00ns)   --->   "%specinterface_ln0 = specinterface void @_ssdm_op_SpecInterface, i32 %output_img, void @empty_8, i32 0, i32 0, void @empty_0, i32 0, i32 0, void @empty_0, void @empty_0, void @empty_0, i32 0, i32 0, i32 0, i32 0, void @empty_0, void @empty_7, i32 4294967295, i32 0, i32 0, i32 0"   --->   Operation 56 'specinterface' 'specinterface_ln0' <Predicate = true> <Delay = 0.00>
ST_13 : Operation 57 [1/1] (0.00ns)   --->   "%specinterface_ln0 = specinterface void @_ssdm_op_SpecInterface, i8 %kernel, void @empty_4, i32 0, i32 0, void @empty_0, i32 0, i32 0, void @empty_10, void @empty_6, void @empty_0, i32 0, i32 0, i32 0, i32 0, void @empty_0, void @empty_0, i32 4294967295, i32 0, i32 0, i32 0"   --->   Operation 57 'specinterface' 'specinterface_ln0' <Predicate = true> <Delay = 0.00>
ST_13 : Operation 58 [1/1] (0.00ns)   --->   "%specinterface_ln0 = specinterface void @_ssdm_op_SpecInterface, i8 %kernel, void @empty_11, i32 0, i32 0, void @empty_0, i32 1, i32 0, void @empty_0, void @empty_0, void @empty_0, i32 0, i32 0, i32 0, i32 0, void @empty_0, void @empty_0, i32 4294967295, i32 0, i32 0, i32 0"   --->   Operation 58 'specinterface' 'specinterface_ln0' <Predicate = true> <Delay = 0.00>
ST_13 : Operation 59 [1/1] (0.00ns)   --->   "%specmemcore_ln0 = specmemcore void @_ssdm_op_SpecMemCore, i8 %kernel, i64 666, i64 207, i64 1, i1 0"   --->   Operation 59 'specmemcore' 'specmemcore_ln0' <Predicate = true> <Delay = 0.00>
ST_13 : Operation 60 [1/1] (0.00ns)   --->   "%specbitsmap_ln0 = specbitsmap void @_ssdm_op_SpecBitsMap, i8 %kernel"   --->   Operation 60 'specbitsmap' 'specbitsmap_ln0' <Predicate = true> <Delay = 0.00>
ST_13 : Operation 61 [1/1] (0.00ns)   --->   "%specinterface_ln0 = specinterface void @_ssdm_op_SpecInterface, i32 0, void @empty_4, i32 0, i32 0, void @empty_0, i32 0, i32 0, void @empty_10, void @empty_0, void @empty_0, i32 0, i32 0, i32 0, i32 0, void @empty_0, void @empty_0, i32 0, i32 0, i32 0, i32 0"   --->   Operation 61 'specinterface' 'specinterface_ln0' <Predicate = true> <Delay = 0.00>
ST_13 : Operation 62 [1/2] (0.00ns)   --->   "%call_ln34 = call void @vitis_convolution_Pipeline_Write_Rows_Write_Cols, i8 %gmem_out, i32 %output_img_read, i8 %local_output" [vitis_convolution.cpp:34]   --->   Operation 62 'call' 'call_ln34' <Predicate = true> <Delay = 0.00> <CoreType = "Generic">   --->   Generic Core
ST_13 : Operation 63 [1/1] (0.00ns)   --->   "%ret_ln48 = ret" [vitis_convolution.cpp:48]   --->   Operation 63 'ret' 'ret_ln48' <Predicate = true> <Delay = 0.00>


============================================================
+ Verbose Summary: Binding
============================================================
STG Binding: 
---------------- STG Properties BEGIN ----------------
- Is combinational: 0
- Is one-state seq: 0
- Is datapath-only: 0
- Is pipelined: 0
- Is top level: 1
Port [ Return ] is wired: 1; IO mode=ap_ctrl_hs:ce=0
Port [ gmem_in]:  wired=1; compound=1; hidden=0; nouse=0; global=0; static=0; extern=0; dir=0; type=4; pingpong=0; private_global=0; IO mode=m_axi:ce=0
Port [ gmem_out]:  wired=1; compound=1; hidden=0; nouse=0; global=0; static=0; extern=0; dir=1; type=4; pingpong=0; private_global=0; IO mode=m_axi:ce=0
Port [ input_img]:  wired=1; compound=0; hidden=0; nouse=0; global=0; static=0; extern=0; dir=0; type=0; pingpong=0; private_global=0; IO mode=ap_none:ce=0
Port [ output_img]:  wired=1; compound=0; hidden=0; nouse=0; global=0; static=0; extern=0; dir=0; type=0; pingpong=0; private_global=0; IO mode=ap_none:ce=0
Port [ kernel]:  wired=1; compound=1; hidden=0; nouse=0; global=0; static=0; extern=0; dir=0; type=1; pingpong=0; private_global=0; MemPort=[1]; IO mode=ap_memory:ce=0
Port [ p_ZZ17vitis_convolutionPVhPVcPA3_cE11local_input_0_0]:  wired=0; compound=1; hidden=1; nouse=0; global=1; static=1; extern=0; dir=2; type=1; pingpong=0; private_global=1; MemPort=[23]; IO mode=ap_memory:ce=0
Port [ p_ZZ17vitis_convolutionPVhPVcPA3_cE11local_input_0_1]:  wired=0; compound=1; hidden=1; nouse=0; global=1; static=1; extern=0; dir=2; type=1; pingpong=0; private_global=1; MemPort=[23]; IO mode=ap_memory:ce=0
Port [ p_ZZ17vitis_convolutionPVhPVcPA3_cE11local_input_0_2]:  wired=0; compound=1; hidden=1; nouse=0; global=1; static=1; extern=0; dir=2; type=1; pingpong=0; private_global=1; MemPort=[23]; IO mode=ap_memory:ce=0
Port [ p_ZZ17vitis_convolutionPVhPVcPA3_cE11local_input_1_0]:  wired=0; compound=1; hidden=1; nouse=0; global=1; static=1; extern=0; dir=2; type=1; pingpong=0; private_global=1; MemPort=[23]; IO mode=ap_memory:ce=0
Port [ p_ZZ17vitis_convolutionPVhPVcPA3_cE11local_input_1_1]:  wired=0; compound=1; hidden=1; nouse=0; global=1; static=1; extern=0; dir=2; type=1; pingpong=0; private_global=1; MemPort=[23]; IO mode=ap_memory:ce=0
Port [ p_ZZ17vitis_convolutionPVhPVcPA3_cE11local_input_1_2]:  wired=0; compound=1; hidden=1; nouse=0; global=1; static=1; extern=0; dir=2; type=1; pingpong=0; private_global=1; MemPort=[23]; IO mode=ap_memory:ce=0
Port [ p_ZZ17vitis_convolutionPVhPVcPA3_cE11local_input_2_0]:  wired=0; compound=1; hidden=1; nouse=0; global=1; static=1; extern=0; dir=2; type=1; pingpong=0; private_global=1; MemPort=[23]; IO mode=ap_memory:ce=0
Port [ p_ZZ17vitis_convolutionPVhPVcPA3_cE11local_input_2_1]:  wired=0; compound=1; hidden=1; nouse=0; global=1; static=1; extern=0; dir=2; type=1; pingpong=0; private_global=1; MemPort=[23]; IO mode=ap_memory:ce=0
Port [ p_ZZ17vitis_convolutionPVhPVcPA3_cE11local_input_2_2]:  wired=0; compound=1; hidden=1; nouse=0; global=1; static=1; extern=0; dir=2; type=1; pingpong=0; private_global=1; MemPort=[23]; IO mode=ap_memory:ce=0
Port [ local_output]:  wired=0; compound=1; hidden=1; nouse=0; global=1; static=1; extern=0; dir=2; type=1; pingpong=0; private_global=1; MemPort=[23]; IO mode=ap_memory:ce=0
---------------- STG Properties END ------------------

---------------- Datapath Model BEGIN ----------------

<LifeTime>
<method=bitvector/>
kernel_addr       (getelementptr) [ 00100000000000]
kernel_addr_1     (getelementptr) [ 00010000000000]
kernel_load       (load         ) [ 00011111111100]
kernel_addr_2     (getelementptr) [ 00001000000000]
kernel_load_1     (load         ) [ 00001111111100]
kernel_addr_3     (getelementptr) [ 00000100000000]
kernel_load_2     (load         ) [ 00000111111100]
kernel_addr_4     (getelementptr) [ 00000010000000]
kernel_load_3     (load         ) [ 00000011111100]
kernel_addr_5     (getelementptr) [ 00000001000000]
kernel_load_4     (load         ) [ 00000001111100]
kernel_addr_6     (getelementptr) [ 00000000100000]
kernel_load_5     (load         ) [ 00000000111100]
output_img_read   (read         ) [ 00000000011111]
input_img_read    (read         ) [ 00000000010000]
kernel_addr_7     (getelementptr) [ 00000000010000]
kernel_load_6     (load         ) [ 00000000011100]
kernel_addr_8     (getelementptr) [ 00000000001000]
call_ln34         (call         ) [ 00000000000000]
kernel_load_7     (load         ) [ 00000000001100]
kernel_load_8     (load         ) [ 00000000000100]
call_ln34         (call         ) [ 00000000000000]
spectopmodule_ln3 (spectopmodule) [ 00000000000000]
specinterface_ln0 (specinterface) [ 00000000000000]
specbitsmap_ln0   (specbitsmap  ) [ 00000000000000]
specinterface_ln0 (specinterface) [ 00000000000000]
specbitsmap_ln0   (specbitsmap  ) [ 00000000000000]
specinterface_ln0 (specinterface) [ 00000000000000]
specinterface_ln0 (specinterface) [ 00000000000000]
specinterface_ln0 (specinterface) [ 00000000000000]
specinterface_ln0 (specinterface) [ 00000000000000]
specinterface_ln0 (specinterface) [ 00000000000000]
specinterface_ln0 (specinterface) [ 00000000000000]
specmemcore_ln0   (specmemcore  ) [ 00000000000000]
specbitsmap_ln0   (specbitsmap  ) [ 00000000000000]
specinterface_ln0 (specinterface) [ 00000000000000]
call_ln34         (call         ) [ 00000000000000]
ret_ln48          (ret          ) [ 00000000000000]
</LifeTime>

<model>

<comp_list>
<comp id="0" class="1000" name="gmem_in">
<pin_list>
<pin id="1" dir="1" index="0" bw="1" slack="0"/>
</pin_list>
<bind>
<StgValue><ssdm name="gmem_in"/><MemPortTyVec>0 </MemPortTyVec>
</StgValue>
</bind>
</comp>

<comp id="2" class="1000" name="gmem_out">
<pin_list>
<pin id="3" dir="1" index="0" bw="1" slack="0"/>
</pin_list>
<bind>
<StgValue><ssdm name="gmem_out"/><MemPortTyVec>1 </MemPortTyVec>
</StgValue>
</bind>
</comp>

<comp id="4" class="1000" name="input_img">
<pin_list>
<pin id="5" dir="1" index="0" bw="1" slack="0"/>
</pin_list>
<bind>
<StgValue><ssdm name="input_img"/></StgValue>
</bind>
</comp>

<comp id="6" class="1000" name="output_img">
<pin_list>
<pin id="7" dir="1" index="0" bw="1" slack="0"/>
</pin_list>
<bind>
<StgValue><ssdm name="output_img"/></StgValue>
</bind>
</comp>

<comp id="8" class="1000" name="kernel">
<pin_list>
<pin id="9" dir="1" index="0" bw="1" slack="0"/>
</pin_list>
<bind>
<StgValue><ssdm name="kernel"/><MemPortTyVec>1 </MemPortTyVec>
</StgValue>
</bind>
</comp>

<comp id="10" class="1000" name="p_ZZ17vitis_convolutionPVhPVcPA3_cE11local_input_0_0">
<pin_list>
<pin id="11" dir="1" index="0" bw="1" slack="0"/>
</pin_list>
<bind>
<StgValue><ssdm name="p_ZZ17vitis_convolutionPVhPVcPA3_cE11local_input_0_0"/><MemPortTyVec>2 3 </MemPortTyVec>
</StgValue>
</bind>
</comp>

<comp id="12" class="1000" name="p_ZZ17vitis_convolutionPVhPVcPA3_cE11local_input_0_1">
<pin_list>
<pin id="13" dir="1" index="0" bw="1" slack="0"/>
</pin_list>
<bind>
<StgValue><ssdm name="p_ZZ17vitis_convolutionPVhPVcPA3_cE11local_input_0_1"/><MemPortTyVec>2 3 </MemPortTyVec>
</StgValue>
</bind>
</comp>

<comp id="14" class="1000" name="p_ZZ17vitis_convolutionPVhPVcPA3_cE11local_input_0_2">
<pin_list>
<pin id="15" dir="1" index="0" bw="1" slack="0"/>
</pin_list>
<bind>
<StgValue><ssdm name="p_ZZ17vitis_convolutionPVhPVcPA3_cE11local_input_0_2"/><MemPortTyVec>2 3 </MemPortTyVec>
</StgValue>
</bind>
</comp>

<comp id="16" class="1000" name="p_ZZ17vitis_convolutionPVhPVcPA3_cE11local_input_1_0">
<pin_list>
<pin id="17" dir="1" index="0" bw="1" slack="0"/>
</pin_list>
<bind>
<StgValue><ssdm name="p_ZZ17vitis_convolutionPVhPVcPA3_cE11local_input_1_0"/><MemPortTyVec>2 3 </MemPortTyVec>
</StgValue>
</bind>
</comp>

<comp id="18" class="1000" name="p_ZZ17vitis_convolutionPVhPVcPA3_cE11local_input_1_1">
<pin_list>
<pin id="19" dir="1" index="0" bw="1" slack="0"/>
</pin_list>
<bind>
<StgValue><ssdm name="p_ZZ17vitis_convolutionPVhPVcPA3_cE11local_input_1_1"/><MemPortTyVec>2 3 </MemPortTyVec>
</StgValue>
</bind>
</comp>

<comp id="20" class="1000" name="p_ZZ17vitis_convolutionPVhPVcPA3_cE11local_input_1_2">
<pin_list>
<pin id="21" dir="1" index="0" bw="1" slack="0"/>
</pin_list>
<bind>
<StgValue><ssdm name="p_ZZ17vitis_convolutionPVhPVcPA3_cE11local_input_1_2"/><MemPortTyVec>2 3 </MemPortTyVec>
</StgValue>
</bind>
</comp>

<comp id="22" class="1000" name="p_ZZ17vitis_convolutionPVhPVcPA3_cE11local_input_2_0">
<pin_list>
<pin id="23" dir="1" index="0" bw="1" slack="0"/>
</pin_list>
<bind>
<StgValue><ssdm name="p_ZZ17vitis_convolutionPVhPVcPA3_cE11local_input_2_0"/><MemPortTyVec>2 3 </MemPortTyVec>
</StgValue>
</bind>
</comp>

<comp id="24" class="1000" name="p_ZZ17vitis_convolutionPVhPVcPA3_cE11local_input_2_1">
<pin_list>
<pin id="25" dir="1" index="0" bw="1" slack="0"/>
</pin_list>
<bind>
<StgValue><ssdm name="p_ZZ17vitis_convolutionPVhPVcPA3_cE11local_input_2_1"/><MemPortTyVec>2 3 </MemPortTyVec>
</StgValue>
</bind>
</comp>

<comp id="26" class="1000" name="p_ZZ17vitis_convolutionPVhPVcPA3_cE11local_input_2_2">
<pin_list>
<pin id="27" dir="1" index="0" bw="1" slack="0"/>
</pin_list>
<bind>
<StgValue><ssdm name="p_ZZ17vitis_convolutionPVhPVcPA3_cE11local_input_2_2"/><MemPortTyVec>2 3 </MemPortTyVec>
</StgValue>
</bind>
</comp>

<comp id="28" class="1000" name="local_output">
<pin_list>
<pin id="29" dir="1" index="0" bw="1" slack="0"/>
</pin_list>
<bind>
<StgValue><ssdm name="local_output"/><MemPortTyVec>2 3 </MemPortTyVec>
</StgValue>
</bind>
</comp>

<comp id="30" class="1001" name="const_30">
<pin_list>
<pin id="31" dir="1" index="0" bw="1" slack="0"/>
</pin_list>
<bind>
<StgValue><ssdm name=""/></StgValue>
</bind>
</comp>

<comp id="32" class="1001" name="const_32">
<pin_list>
<pin id="33" dir="1" index="0" bw="1" slack="0"/>
</pin_list>
<bind>
<StgValue><ssdm name=""/></StgValue>
</bind>
</comp>

<comp id="34" class="1001" name="const_34">
<pin_list>
<pin id="35" dir="1" index="0" bw="1" slack="0"/>
</pin_list>
<bind>
<StgValue><ssdm name=""/></StgValue>
</bind>
</comp>

<comp id="36" class="1001" name="const_36">
<pin_list>
<pin id="37" dir="1" index="0" bw="1" slack="0"/>
</pin_list>
<bind>
<StgValue><ssdm name=""/></StgValue>
</bind>
</comp>

<comp id="38" class="1001" name="const_38">
<pin_list>
<pin id="39" dir="1" index="0" bw="1" slack="0"/>
</pin_list>
<bind>
<StgValue><ssdm name=""/></StgValue>
</bind>
</comp>

<comp id="40" class="1001" name="const_40">
<pin_list>
<pin id="41" dir="1" index="0" bw="1" slack="0"/>
</pin_list>
<bind>
<StgValue><ssdm name=""/></StgValue>
</bind>
</comp>

<comp id="42" class="1001" name="const_42">
<pin_list>
<pin id="43" dir="1" index="0" bw="1" slack="0"/>
</pin_list>
<bind>
<StgValue><ssdm name=""/></StgValue>
</bind>
</comp>

<comp id="44" class="1001" name="const_44">
<pin_list>
<pin id="45" dir="1" index="0" bw="1" slack="0"/>
</pin_list>
<bind>
<StgValue><ssdm name="_ssdm_op_Read.s_axilite.i32"/></StgValue>
</bind>
</comp>

<comp id="46" class="1001" name="const_46">
<pin_list>
<pin id="47" dir="1" index="0" bw="1" slack="0"/>
</pin_list>
<bind>
<StgValue><ssdm name=""/></StgValue>
</bind>
</comp>

<comp id="48" class="1001" name="const_48">
<pin_list>
<pin id="49" dir="1" index="0" bw="1" slack="0"/>
</pin_list>
<bind>
<StgValue><ssdm name="vitis_convolution_Pipeline_Read_Rows_Read_Cols"/></StgValue>
</bind>
</comp>

<comp id="50" class="1001" name="const_50">
<pin_list>
<pin id="51" dir="1" index="0" bw="1" slack="0"/>
</pin_list>
<bind>
<StgValue><ssdm name=""/></StgValue>
</bind>
</comp>

<comp id="52" class="1001" name="const_52">
<pin_list>
<pin id="53" dir="1" index="0" bw="1" slack="0"/>
</pin_list>
<bind>
<StgValue><ssdm name="vitis_convolution_Pipeline_Conv_Rows_Conv_Cols"/></StgValue>
</bind>
</comp>

<comp id="54" class="1001" name="const_54">
<pin_list>
<pin id="55" dir="1" index="0" bw="1" slack="0"/>
</pin_list>
<bind>
<StgValue><ssdm name="vitis_convolution_Pipeline_Write_Rows_Write_Cols"/></StgValue>
</bind>
</comp>

<comp id="56" class="1001" name="const_56">
<pin_list>
<pin id="57" dir="1" index="0" bw="1" slack="2147483647"/>
</pin_list>
<bind>
<StgValue><ssdm name="_ssdm_op_SpecTopModule"/></StgValue>
</bind>
</comp>

<comp id="58" class="1001" name="const_58">
<pin_list>
<pin id="59" dir="1" index="0" bw="1" slack="2147483647"/>
</pin_list>
<bind>
<StgValue><ssdm name="empty_12"/></StgValue>
</bind>
</comp>

<comp id="60" class="1001" name="const_60">
<pin_list>
<pin id="61" dir="1" index="0" bw="1" slack="2147483647"/>
</pin_list>
<bind>
<StgValue><ssdm name="_ssdm_op_SpecInterface"/></StgValue>
</bind>
</comp>

<comp id="62" class="1001" name="const_62">
<pin_list>
<pin id="63" dir="1" index="0" bw="1" slack="2147483647"/>
</pin_list>
<bind>
<StgValue><ssdm name="empty"/></StgValue>
</bind>
</comp>

<comp id="64" class="1001" name="const_64">
<pin_list>
<pin id="65" dir="1" index="0" bw="1" slack="2147483647"/>
</pin_list>
<bind>
<StgValue><ssdm name="empty_0"/></StgValue>
</bind>
</comp>

<comp id="66" class="1001" name="const_66">
<pin_list>
<pin id="67" dir="1" index="0" bw="1" slack="2147483647"/>
</pin_list>
<bind>
<StgValue><ssdm name=""/></StgValue>
</bind>
</comp>

<comp id="68" class="1001" name="const_68">
<pin_list>
<pin id="69" dir="1" index="0" bw="1" slack="2147483647"/>
</pin_list>
<bind>
<StgValue><ssdm name="empty_1"/></StgValue>
</bind>
</comp>

<comp id="70" class="1001" name="const_70">
<pin_list>
<pin id="71" dir="1" index="0" bw="1" slack="2147483647"/>
</pin_list>
<bind>
<StgValue><ssdm name="empty_2"/></StgValue>
</bind>
</comp>

<comp id="72" class="1001" name="const_72">
<pin_list>
<pin id="73" dir="1" index="0" bw="1" slack="2147483647"/>
</pin_list>
<bind>
<StgValue><ssdm name=""/></StgValue>
</bind>
</comp>

<comp id="74" class="1001" name="const_74">
<pin_list>
<pin id="75" dir="1" index="0" bw="1" slack="2147483647"/>
</pin_list>
<bind>
<StgValue><ssdm name=""/></StgValue>
</bind>
</comp>

<comp id="76" class="1001" name="const_76">
<pin_list>
<pin id="77" dir="1" index="0" bw="1" slack="2147483647"/>
</pin_list>
<bind>
<StgValue><ssdm name="_ssdm_op_SpecBitsMap"/></StgValue>
</bind>
</comp>

<comp id="78" class="1001" name="const_78">
<pin_list>
<pin id="79" dir="1" index="0" bw="1" slack="2147483647"/>
</pin_list>
<bind>
<StgValue><ssdm name="empty_3"/></StgValue>
</bind>
</comp>

<comp id="80" class="1001" name="const_80">
<pin_list>
<pin id="81" dir="1" index="0" bw="1" slack="2147483647"/>
</pin_list>
<bind>
<StgValue><ssdm name="empty_4"/></StgValue>
</bind>
</comp>

<comp id="82" class="1001" name="const_82">
<pin_list>
<pin id="83" dir="1" index="0" bw="1" slack="2147483647"/>
</pin_list>
<bind>
<StgValue><ssdm name="empty_5"/></StgValue>
</bind>
</comp>

<comp id="84" class="1001" name="const_84">
<pin_list>
<pin id="85" dir="1" index="0" bw="1" slack="2147483647"/>
</pin_list>
<bind>
<StgValue><ssdm name="empty_6"/></StgValue>
</bind>
</comp>

<comp id="86" class="1001" name="const_86">
<pin_list>
<pin id="87" dir="1" index="0" bw="1" slack="2147483647"/>
</pin_list>
<bind>
<StgValue><ssdm name="empty_7"/></StgValue>
</bind>
</comp>

<comp id="88" class="1001" name="const_88">
<pin_list>
<pin id="89" dir="1" index="0" bw="1" slack="2147483647"/>
</pin_list>
<bind>
<StgValue><ssdm name="empty_8"/></StgValue>
</bind>
</comp>

<comp id="90" class="1001" name="const_90">
<pin_list>
<pin id="91" dir="1" index="0" bw="1" slack="2147483647"/>
</pin_list>
<bind>
<StgValue><ssdm name="empty_9"/></StgValue>
</bind>
</comp>

<comp id="92" class="1001" name="const_92">
<pin_list>
<pin id="93" dir="1" index="0" bw="1" slack="2147483647"/>
</pin_list>
<bind>
<StgValue><ssdm name="empty_10"/></StgValue>
</bind>
</comp>

<comp id="94" class="1001" name="const_94">
<pin_list>
<pin id="95" dir="1" index="0" bw="1" slack="2147483647"/>
</pin_list>
<bind>
<StgValue><ssdm name="empty_11"/></StgValue>
</bind>
</comp>

<comp id="96" class="1001" name="const_96">
<pin_list>
<pin id="97" dir="1" index="0" bw="1" slack="2147483647"/>
</pin_list>
<bind>
<StgValue><ssdm name="_ssdm_op_SpecMemCore"/></StgValue>
</bind>
</comp>

<comp id="98" class="1001" name="const_98">
<pin_list>
<pin id="99" dir="1" index="0" bw="1" slack="2147483647"/>
</pin_list>
<bind>
<StgValue><ssdm name=""/></StgValue>
</bind>
</comp>

<comp id="100" class="1001" name="const_100">
<pin_list>
<pin id="101" dir="1" index="0" bw="1" slack="2147483647"/>
</pin_list>
<bind>
<StgValue><ssdm name=""/></StgValue>
</bind>
</comp>

<comp id="102" class="1001" name="const_102">
<pin_list>
<pin id="103" dir="1" index="0" bw="1" slack="2147483647"/>
</pin_list>
<bind>
<StgValue><ssdm name=""/></StgValue>
</bind>
</comp>

<comp id="104" class="1001" name="const_104">
<pin_list>
<pin id="105" dir="1" index="0" bw="1" slack="2147483647"/>
</pin_list>
<bind>
<StgValue><ssdm name=""/></StgValue>
</bind>
</comp>

<comp id="106" class="1004" name="output_img_read_read_fu_106">
<pin_list>
<pin id="107" dir="0" index="0" bw="32" slack="0"/>
<pin id="108" dir="0" index="1" bw="32" slack="0"/>
<pin id="109" dir="1" index="2" bw="32" slack="4"/>
</pin_list>
<bind>
<opcode="read(1150) " fcode="read"/>
<opset="output_img_read/8 "/>
</bind>
</comp>

<comp id="112" class="1004" name="input_img_read_read_fu_112">
<pin_list>
<pin id="113" dir="0" index="0" bw="32" slack="0"/>
<pin id="114" dir="0" index="1" bw="32" slack="0"/>
<pin id="115" dir="1" index="2" bw="32" slack="0"/>
</pin_list>
<bind>
<opcode="read(1150) " fcode="read"/>
<opset="input_img_read/8 "/>
</bind>
</comp>

<comp id="118" class="1004" name="kernel_addr_gep_fu_118">
<pin_list>
<pin id="119" dir="0" index="0" bw="8" slack="0"/>
<pin id="120" dir="0" index="1" bw="1" slack="0"/>
<pin id="121" dir="0" index="2" bw="1" slack="0"/>
<pin id="122" dir="1" index="3" bw="4" slack="0"/>
</pin_list>
<bind>
<opcode="getelementptr(29) " fcode="getelementptr"/>
<opset="kernel_addr/1 "/>
</bind>
</comp>

<comp id="126" class="1004" name="grp_access_fu_126">
<pin_list>
<pin id="127" dir="0" index="0" bw="4" slack="0"/>
<pin id="128" dir="0" index="1" bw="8" slack="2147483647"/>
<pin id="129" dir="0" index="2" bw="0" slack="2147483647"/>
<pin id="130" dir="1" index="3" bw="8" slack="0"/>
</pin_list>
<bind>
<opcode="load(27) " fcode="load"/>
<opset="kernel_load/1 kernel_load_1/2 kernel_load_2/3 kernel_load_3/4 kernel_load_4/5 kernel_load_5/6 kernel_load_6/7 kernel_load_7/8 kernel_load_8/9 "/>
</bind>
</comp>

<comp id="132" class="1004" name="kernel_addr_1_gep_fu_132">
<pin_list>
<pin id="133" dir="0" index="0" bw="8" slack="0"/>
<pin id="134" dir="0" index="1" bw="1" slack="0"/>
<pin id="135" dir="0" index="2" bw="1" slack="0"/>
<pin id="136" dir="1" index="3" bw="4" slack="0"/>
</pin_list>
<bind>
<opcode="getelementptr(29) " fcode="getelementptr"/>
<opset="kernel_addr_1/2 "/>
</bind>
</comp>

<comp id="141" class="1004" name="kernel_addr_2_gep_fu_141">
<pin_list>
<pin id="142" dir="0" index="0" bw="8" slack="0"/>
<pin id="143" dir="0" index="1" bw="1" slack="0"/>
<pin id="144" dir="0" index="2" bw="3" slack="0"/>
<pin id="145" dir="1" index="3" bw="4" slack="0"/>
</pin_list>
<bind>
<opcode="getelementptr(29) " fcode="getelementptr"/>
<opset="kernel_addr_2/3 "/>
</bind>
</comp>

<comp id="150" class="1004" name="kernel_addr_3_gep_fu_150">
<pin_list>
<pin id="151" dir="0" index="0" bw="8" slack="0"/>
<pin id="152" dir="0" index="1" bw="1" slack="0"/>
<pin id="153" dir="0" index="2" bw="3" slack="0"/>
<pin id="154" dir="1" index="3" bw="4" slack="0"/>
</pin_list>
<bind>
<opcode="getelementptr(29) " fcode="getelementptr"/>
<opset="kernel_addr_3/4 "/>
</bind>
</comp>

<comp id="159" class="1004" name="kernel_addr_4_gep_fu_159">
<pin_list>
<pin id="160" dir="0" index="0" bw="8" slack="0"/>
<pin id="161" dir="0" index="1" bw="1" slack="0"/>
<pin id="162" dir="0" index="2" bw="4" slack="0"/>
<pin id="163" dir="1" index="3" bw="4" slack="0"/>
</pin_list>
<bind>
<opcode="getelementptr(29) " fcode="getelementptr"/>
<opset="kernel_addr_4/5 "/>
</bind>
</comp>

<comp id="168" class="1004" name="kernel_addr_5_gep_fu_168">
<pin_list>
<pin id="169" dir="0" index="0" bw="8" slack="0"/>
<pin id="170" dir="0" index="1" bw="1" slack="0"/>
<pin id="171" dir="0" index="2" bw="4" slack="0"/>
<pin id="172" dir="1" index="3" bw="4" slack="0"/>
</pin_list>
<bind>
<opcode="getelementptr(29) " fcode="getelementptr"/>
<opset="kernel_addr_5/6 "/>
</bind>
</comp>

<comp id="177" class="1004" name="kernel_addr_6_gep_fu_177">
<pin_list>
<pin id="178" dir="0" index="0" bw="8" slack="0"/>
<pin id="179" dir="0" index="1" bw="1" slack="0"/>
<pin id="180" dir="0" index="2" bw="4" slack="0"/>
<pin id="181" dir="1" index="3" bw="4" slack="0"/>
</pin_list>
<bind>
<opcode="getelementptr(29) " fcode="getelementptr"/>
<opset="kernel_addr_6/7 "/>
</bind>
</comp>

<comp id="186" class="1004" name="kernel_addr_7_gep_fu_186">
<pin_list>
<pin id="187" dir="0" index="0" bw="8" slack="0"/>
<pin id="188" dir="0" index="1" bw="1" slack="0"/>
<pin id="189" dir="0" index="2" bw="4" slack="0"/>
<pin id="190" dir="1" index="3" bw="4" slack="0"/>
</pin_list>
<bind>
<opcode="getelementptr(29) " fcode="getelementptr"/>
<opset="kernel_addr_7/8 "/>
</bind>
</comp>

<comp id="195" class="1004" name="kernel_addr_8_gep_fu_195">
<pin_list>
<pin id="196" dir="0" index="0" bw="8" slack="0"/>
<pin id="197" dir="0" index="1" bw="1" slack="0"/>
<pin id="198" dir="0" index="2" bw="5" slack="0"/>
<pin id="199" dir="1" index="3" bw="4" slack="0"/>
</pin_list>
<bind>
<opcode="getelementptr(29) " fcode="getelementptr"/>
<opset="kernel_addr_8/9 "/>
</bind>
</comp>

<comp id="204" class="1004" name="grp_vitis_convolution_Pipeline_Read_Rows_Read_Cols_fu_204">
<pin_list>
<pin id="205" dir="0" index="0" bw="0" slack="0"/>
<pin id="206" dir="0" index="1" bw="8" slack="0"/>
<pin id="207" dir="0" index="2" bw="32" slack="0"/>
<pin id="208" dir="0" index="3" bw="8" slack="0"/>
<pin id="209" dir="0" index="4" bw="8" slack="0"/>
<pin id="210" dir="0" index="5" bw="8" slack="0"/>
<pin id="211" dir="0" index="6" bw="8" slack="0"/>
<pin id="212" dir="0" index="7" bw="8" slack="0"/>
<pin id="213" dir="0" index="8" bw="8" slack="0"/>
<pin id="214" dir="0" index="9" bw="8" slack="0"/>
<pin id="215" dir="0" index="10" bw="8" slack="0"/>
<pin id="216" dir="0" index="11" bw="8" slack="0"/>
<pin id="217" dir="1" index="12" bw="0" slack="2147483647"/>
</pin_list>
<bind>
<opcode="call(48) " fcode="call"/>
<opset="call_ln34/8 "/>
</bind>
</comp>

<comp id="230" class="1004" name="grp_vitis_convolution_Pipeline_Conv_Rows_Conv_Cols_fu_230">
<pin_list>
<pin id="231" dir="0" index="0" bw="0" slack="0"/>
<pin id="232" dir="0" index="1" bw="8" slack="8"/>
<pin id="233" dir="0" index="2" bw="8" slack="7"/>
<pin id="234" dir="0" index="3" bw="8" slack="0"/>
<pin id="235" dir="0" index="4" bw="8" slack="1"/>
<pin id="236" dir="0" index="5" bw="8" slack="2"/>
<pin id="237" dir="0" index="6" bw="8" slack="3"/>
<pin id="238" dir="0" index="7" bw="8" slack="4"/>
<pin id="239" dir="0" index="8" bw="8" slack="5"/>
<pin id="240" dir="0" index="9" bw="8" slack="6"/>
<pin id="241" dir="0" index="10" bw="8" slack="0"/>
<pin id="242" dir="0" index="11" bw="8" slack="0"/>
<pin id="243" dir="0" index="12" bw="8" slack="0"/>
<pin id="244" dir="0" index="13" bw="8" slack="0"/>
<pin id="245" dir="0" index="14" bw="8" slack="0"/>
<pin id="246" dir="0" index="15" bw="8" slack="0"/>
<pin id="247" dir="0" index="16" bw="8" slack="0"/>
<pin id="248" dir="0" index="17" bw="8" slack="0"/>
<pin id="249" dir="0" index="18" bw="8" slack="0"/>
<pin id="250" dir="0" index="19" bw="8" slack="0"/>
<pin id="251" dir="1" index="20" bw="0" slack="2147483647"/>
</pin_list>
<bind>
<opcode="call(48) " fcode="call"/>
<opset="call_ln34/10 "/>
</bind>
</comp>

<comp id="264" class="1004" name="grp_vitis_convolution_Pipeline_Write_Rows_Write_Cols_fu_264">
<pin_list>
<pin id="265" dir="0" index="0" bw="0" slack="0"/>
<pin id="266" dir="0" index="1" bw="8" slack="0"/>
<pin id="267" dir="0" index="2" bw="32" slack="4"/>
<pin id="268" dir="0" index="3" bw="8" slack="0"/>
<pin id="269" dir="1" index="4" bw="0" slack="2147483647"/>
</pin_list>
<bind>
<opcode="call(48) " fcode="call"/>
<opset="call_ln34/12 "/>
</bind>
</comp>

<comp id="273" class="1005" name="kernel_addr_reg_273">
<pin_list>
<pin id="274" dir="0" index="0" bw="4" slack="1"/>
<pin id="275" dir="1" index="1" bw="4" slack="1"/>
</pin_list>
<bind>
<opset="kernel_addr "/>
</bind>
</comp>

<comp id="278" class="1005" name="kernel_addr_1_reg_278">
<pin_list>
<pin id="279" dir="0" index="0" bw="4" slack="1"/>
<pin id="280" dir="1" index="1" bw="4" slack="1"/>
</pin_list>
<bind>
<opset="kernel_addr_1 "/>
</bind>
</comp>

<comp id="283" class="1005" name="kernel_load_reg_283">
<pin_list>
<pin id="284" dir="0" index="0" bw="8" slack="8"/>
<pin id="285" dir="1" index="1" bw="8" slack="8"/>
</pin_list>
<bind>
<opset="kernel_load "/>
</bind>
</comp>

<comp id="288" class="1005" name="kernel_addr_2_reg_288">
<pin_list>
<pin id="289" dir="0" index="0" bw="4" slack="1"/>
<pin id="290" dir="1" index="1" bw="4" slack="1"/>
</pin_list>
<bind>
<opset="kernel_addr_2 "/>
</bind>
</comp>

<comp id="293" class="1005" name="kernel_load_1_reg_293">
<pin_list>
<pin id="294" dir="0" index="0" bw="8" slack="7"/>
<pin id="295" dir="1" index="1" bw="8" slack="7"/>
</pin_list>
<bind>
<opset="kernel_load_1 "/>
</bind>
</comp>

<comp id="298" class="1005" name="kernel_addr_3_reg_298">
<pin_list>
<pin id="299" dir="0" index="0" bw="4" slack="1"/>
<pin id="300" dir="1" index="1" bw="4" slack="1"/>
</pin_list>
<bind>
<opset="kernel_addr_3 "/>
</bind>
</comp>

<comp id="303" class="1005" name="kernel_load_2_reg_303">
<pin_list>
<pin id="304" dir="0" index="0" bw="8" slack="6"/>
<pin id="305" dir="1" index="1" bw="8" slack="6"/>
</pin_list>
<bind>
<opset="kernel_load_2 "/>
</bind>
</comp>

<comp id="308" class="1005" name="kernel_addr_4_reg_308">
<pin_list>
<pin id="309" dir="0" index="0" bw="4" slack="1"/>
<pin id="310" dir="1" index="1" bw="4" slack="1"/>
</pin_list>
<bind>
<opset="kernel_addr_4 "/>
</bind>
</comp>

<comp id="313" class="1005" name="kernel_load_3_reg_313">
<pin_list>
<pin id="314" dir="0" index="0" bw="8" slack="5"/>
<pin id="315" dir="1" index="1" bw="8" slack="5"/>
</pin_list>
<bind>
<opset="kernel_load_3 "/>
</bind>
</comp>

<comp id="318" class="1005" name="kernel_addr_5_reg_318">
<pin_list>
<pin id="319" dir="0" index="0" bw="4" slack="1"/>
<pin id="320" dir="1" index="1" bw="4" slack="1"/>
</pin_list>
<bind>
<opset="kernel_addr_5 "/>
</bind>
</comp>

<comp id="323" class="1005" name="kernel_load_4_reg_323">
<pin_list>
<pin id="324" dir="0" index="0" bw="8" slack="4"/>
<pin id="325" dir="1" index="1" bw="8" slack="4"/>
</pin_list>
<bind>
<opset="kernel_load_4 "/>
</bind>
</comp>

<comp id="328" class="1005" name="kernel_addr_6_reg_328">
<pin_list>
<pin id="329" dir="0" index="0" bw="4" slack="1"/>
<pin id="330" dir="1" index="1" bw="4" slack="1"/>
</pin_list>
<bind>
<opset="kernel_addr_6 "/>
</bind>
</comp>

<comp id="333" class="1005" name="kernel_load_5_reg_333">
<pin_list>
<pin id="334" dir="0" index="0" bw="8" slack="3"/>
<pin id="335" dir="1" index="1" bw="8" slack="3"/>
</pin_list>
<bind>
<opset="kernel_load_5 "/>
</bind>
</comp>

<comp id="338" class="1005" name="output_img_read_reg_338">
<pin_list>
<pin id="339" dir="0" index="0" bw="32" slack="4"/>
<pin id="340" dir="1" index="1" bw="32" slack="4"/>
</pin_list>
<bind>
<opset="output_img_read "/>
</bind>
</comp>

<comp id="343" class="1005" name="input_img_read_reg_343">
<pin_list>
<pin id="344" dir="0" index="0" bw="32" slack="1"/>
<pin id="345" dir="1" index="1" bw="32" slack="1"/>
</pin_list>
<bind>
<opset="input_img_read "/>
</bind>
</comp>

<comp id="348" class="1005" name="kernel_addr_7_reg_348">
<pin_list>
<pin id="349" dir="0" index="0" bw="4" slack="1"/>
<pin id="350" dir="1" index="1" bw="4" slack="1"/>
</pin_list>
<bind>
<opset="kernel_addr_7 "/>
</bind>
</comp>

<comp id="353" class="1005" name="kernel_load_6_reg_353">
<pin_list>
<pin id="354" dir="0" index="0" bw="8" slack="2"/>
<pin id="355" dir="1" index="1" bw="8" slack="2"/>
</pin_list>
<bind>
<opset="kernel_load_6 "/>
</bind>
</comp>

<comp id="358" class="1005" name="kernel_addr_8_reg_358">
<pin_list>
<pin id="359" dir="0" index="0" bw="4" slack="1"/>
<pin id="360" dir="1" index="1" bw="4" slack="1"/>
</pin_list>
<bind>
<opset="kernel_addr_8 "/>
</bind>
</comp>

<comp id="363" class="1005" name="kernel_load_7_reg_363">
<pin_list>
<pin id="364" dir="0" index="0" bw="8" slack="1"/>
<pin id="365" dir="1" index="1" bw="8" slack="1"/>
</pin_list>
<bind>
<opset="kernel_load_7 "/>
</bind>
</comp>

<comp id="368" class="1005" name="kernel_load_8_reg_368">
<pin_list>
<pin id="369" dir="0" index="0" bw="8" slack="1"/>
<pin id="370" dir="1" index="1" bw="8" slack="1"/>
</pin_list>
<bind>
<opset="kernel_load_8 "/>
</bind>
</comp>

</comp_list>

<net_list>
<net id="110"><net_src comp="44" pin="0"/><net_sink comp="106" pin=0"/></net>

<net id="111"><net_src comp="6" pin="0"/><net_sink comp="106" pin=1"/></net>

<net id="116"><net_src comp="44" pin="0"/><net_sink comp="112" pin=0"/></net>

<net id="117"><net_src comp="4" pin="0"/><net_sink comp="112" pin=1"/></net>

<net id="123"><net_src comp="8" pin="0"/><net_sink comp="118" pin=0"/></net>

<net id="124"><net_src comp="30" pin="0"/><net_sink comp="118" pin=1"/></net>

<net id="125"><net_src comp="30" pin="0"/><net_sink comp="118" pin=2"/></net>

<net id="131"><net_src comp="118" pin="3"/><net_sink comp="126" pin=0"/></net>

<net id="137"><net_src comp="8" pin="0"/><net_sink comp="132" pin=0"/></net>

<net id="138"><net_src comp="30" pin="0"/><net_sink comp="132" pin=1"/></net>

<net id="139"><net_src comp="32" pin="0"/><net_sink comp="132" pin=2"/></net>

<net id="140"><net_src comp="132" pin="3"/><net_sink comp="126" pin=0"/></net>

<net id="146"><net_src comp="8" pin="0"/><net_sink comp="141" pin=0"/></net>

<net id="147"><net_src comp="30" pin="0"/><net_sink comp="141" pin=1"/></net>

<net id="148"><net_src comp="34" pin="0"/><net_sink comp="141" pin=2"/></net>

<net id="149"><net_src comp="141" pin="3"/><net_sink comp="126" pin=0"/></net>

<net id="155"><net_src comp="8" pin="0"/><net_sink comp="150" pin=0"/></net>

<net id="156"><net_src comp="30" pin="0"/><net_sink comp="150" pin=1"/></net>

<net id="157"><net_src comp="36" pin="0"/><net_sink comp="150" pin=2"/></net>

<net id="158"><net_src comp="150" pin="3"/><net_sink comp="126" pin=0"/></net>

<net id="164"><net_src comp="8" pin="0"/><net_sink comp="159" pin=0"/></net>

<net id="165"><net_src comp="30" pin="0"/><net_sink comp="159" pin=1"/></net>

<net id="166"><net_src comp="38" pin="0"/><net_sink comp="159" pin=2"/></net>

<net id="167"><net_src comp="159" pin="3"/><net_sink comp="126" pin=0"/></net>

<net id="173"><net_src comp="8" pin="0"/><net_sink comp="168" pin=0"/></net>

<net id="174"><net_src comp="30" pin="0"/><net_sink comp="168" pin=1"/></net>

<net id="175"><net_src comp="40" pin="0"/><net_sink comp="168" pin=2"/></net>

<net id="176"><net_src comp="168" pin="3"/><net_sink comp="126" pin=0"/></net>

<net id="182"><net_src comp="8" pin="0"/><net_sink comp="177" pin=0"/></net>

<net id="183"><net_src comp="30" pin="0"/><net_sink comp="177" pin=1"/></net>

<net id="184"><net_src comp="42" pin="0"/><net_sink comp="177" pin=2"/></net>

<net id="185"><net_src comp="177" pin="3"/><net_sink comp="126" pin=0"/></net>

<net id="191"><net_src comp="8" pin="0"/><net_sink comp="186" pin=0"/></net>

<net id="192"><net_src comp="30" pin="0"/><net_sink comp="186" pin=1"/></net>

<net id="193"><net_src comp="46" pin="0"/><net_sink comp="186" pin=2"/></net>

<net id="194"><net_src comp="186" pin="3"/><net_sink comp="126" pin=0"/></net>

<net id="200"><net_src comp="8" pin="0"/><net_sink comp="195" pin=0"/></net>

<net id="201"><net_src comp="30" pin="0"/><net_sink comp="195" pin=1"/></net>

<net id="202"><net_src comp="50" pin="0"/><net_sink comp="195" pin=2"/></net>

<net id="203"><net_src comp="195" pin="3"/><net_sink comp="126" pin=0"/></net>

<net id="218"><net_src comp="48" pin="0"/><net_sink comp="204" pin=0"/></net>

<net id="219"><net_src comp="0" pin="0"/><net_sink comp="204" pin=1"/></net>

<net id="220"><net_src comp="112" pin="2"/><net_sink comp="204" pin=2"/></net>

<net id="221"><net_src comp="10" pin="0"/><net_sink comp="204" pin=3"/></net>

<net id="222"><net_src comp="12" pin="0"/><net_sink comp="204" pin=4"/></net>

<net id="223"><net_src comp="14" pin="0"/><net_sink comp="204" pin=5"/></net>

<net id="224"><net_src comp="16" pin="0"/><net_sink comp="204" pin=6"/></net>

<net id="225"><net_src comp="18" pin="0"/><net_sink comp="204" pin=7"/></net>

<net id="226"><net_src comp="20" pin="0"/><net_sink comp="204" pin=8"/></net>

<net id="227"><net_src comp="22" pin="0"/><net_sink comp="204" pin=9"/></net>

<net id="228"><net_src comp="24" pin="0"/><net_sink comp="204" pin=10"/></net>

<net id="229"><net_src comp="26" pin="0"/><net_sink comp="204" pin=11"/></net>

<net id="252"><net_src comp="52" pin="0"/><net_sink comp="230" pin=0"/></net>

<net id="253"><net_src comp="126" pin="3"/><net_sink comp="230" pin=3"/></net>

<net id="254"><net_src comp="10" pin="0"/><net_sink comp="230" pin=10"/></net>

<net id="255"><net_src comp="12" pin="0"/><net_sink comp="230" pin=11"/></net>

<net id="256"><net_src comp="14" pin="0"/><net_sink comp="230" pin=12"/></net>

<net id="257"><net_src comp="16" pin="0"/><net_sink comp="230" pin=13"/></net>

<net id="258"><net_src comp="18" pin="0"/><net_sink comp="230" pin=14"/></net>

<net id="259"><net_src comp="20" pin="0"/><net_sink comp="230" pin=15"/></net>

<net id="260"><net_src comp="22" pin="0"/><net_sink comp="230" pin=16"/></net>

<net id="261"><net_src comp="24" pin="0"/><net_sink comp="230" pin=17"/></net>

<net id="262"><net_src comp="26" pin="0"/><net_sink comp="230" pin=18"/></net>

<net id="263"><net_src comp="28" pin="0"/><net_sink comp="230" pin=19"/></net>

<net id="270"><net_src comp="54" pin="0"/><net_sink comp="264" pin=0"/></net>

<net id="271"><net_src comp="2" pin="0"/><net_sink comp="264" pin=1"/></net>

<net id="272"><net_src comp="28" pin="0"/><net_sink comp="264" pin=3"/></net>

<net id="276"><net_src comp="118" pin="3"/><net_sink comp="273" pin=0"/></net>

<net id="277"><net_src comp="273" pin="1"/><net_sink comp="126" pin=0"/></net>

<net id="281"><net_src comp="132" pin="3"/><net_sink comp="278" pin=0"/></net>

<net id="282"><net_src comp="278" pin="1"/><net_sink comp="126" pin=0"/></net>

<net id="286"><net_src comp="126" pin="3"/><net_sink comp="283" pin=0"/></net>

<net id="287"><net_src comp="283" pin="1"/><net_sink comp="230" pin=1"/></net>

<net id="291"><net_src comp="141" pin="3"/><net_sink comp="288" pin=0"/></net>

<net id="292"><net_src comp="288" pin="1"/><net_sink comp="126" pin=0"/></net>

<net id="296"><net_src comp="126" pin="3"/><net_sink comp="293" pin=0"/></net>

<net id="297"><net_src comp="293" pin="1"/><net_sink comp="230" pin=2"/></net>

<net id="301"><net_src comp="150" pin="3"/><net_sink comp="298" pin=0"/></net>

<net id="302"><net_src comp="298" pin="1"/><net_sink comp="126" pin=0"/></net>

<net id="306"><net_src comp="126" pin="3"/><net_sink comp="303" pin=0"/></net>

<net id="307"><net_src comp="303" pin="1"/><net_sink comp="230" pin=9"/></net>

<net id="311"><net_src comp="159" pin="3"/><net_sink comp="308" pin=0"/></net>

<net id="312"><net_src comp="308" pin="1"/><net_sink comp="126" pin=0"/></net>

<net id="316"><net_src comp="126" pin="3"/><net_sink comp="313" pin=0"/></net>

<net id="317"><net_src comp="313" pin="1"/><net_sink comp="230" pin=8"/></net>

<net id="321"><net_src comp="168" pin="3"/><net_sink comp="318" pin=0"/></net>

<net id="322"><net_src comp="318" pin="1"/><net_sink comp="126" pin=0"/></net>

<net id="326"><net_src comp="126" pin="3"/><net_sink comp="323" pin=0"/></net>

<net id="327"><net_src comp="323" pin="1"/><net_sink comp="230" pin=7"/></net>

<net id="331"><net_src comp="177" pin="3"/><net_sink comp="328" pin=0"/></net>

<net id="332"><net_src comp="328" pin="1"/><net_sink comp="126" pin=0"/></net>

<net id="336"><net_src comp="126" pin="3"/><net_sink comp="333" pin=0"/></net>

<net id="337"><net_src comp="333" pin="1"/><net_sink comp="230" pin=6"/></net>

<net id="341"><net_src comp="106" pin="2"/><net_sink comp="338" pin=0"/></net>

<net id="342"><net_src comp="338" pin="1"/><net_sink comp="264" pin=2"/></net>

<net id="346"><net_src comp="112" pin="2"/><net_sink comp="343" pin=0"/></net>

<net id="347"><net_src comp="343" pin="1"/><net_sink comp="204" pin=2"/></net>

<net id="351"><net_src comp="186" pin="3"/><net_sink comp="348" pin=0"/></net>

<net id="352"><net_src comp="348" pin="1"/><net_sink comp="126" pin=0"/></net>

<net id="356"><net_src comp="126" pin="3"/><net_sink comp="353" pin=0"/></net>

<net id="357"><net_src comp="353" pin="1"/><net_sink comp="230" pin=5"/></net>

<net id="361"><net_src comp="195" pin="3"/><net_sink comp="358" pin=0"/></net>

<net id="362"><net_src comp="358" pin="1"/><net_sink comp="126" pin=0"/></net>

<net id="366"><net_src comp="126" pin="3"/><net_sink comp="363" pin=0"/></net>

<net id="367"><net_src comp="363" pin="1"/><net_sink comp="230" pin=4"/></net>

<net id="371"><net_src comp="126" pin="3"/><net_sink comp="368" pin=0"/></net>

<net id="372"><net_src comp="368" pin="1"/><net_sink comp="230" pin=3"/></net>

</net_list>

</model> 
---------------- Datapath Model END ------------------

* FSMD analyzer results:
  - Output states:
	Port: gmem_out | {12 13 }
	Port: p_ZZ17vitis_convolutionPVhPVcPA3_cE11local_input_0_0 | {8 9 }
	Port: p_ZZ17vitis_convolutionPVhPVcPA3_cE11local_input_0_1 | {8 9 }
	Port: p_ZZ17vitis_convolutionPVhPVcPA3_cE11local_input_0_2 | {8 9 }
	Port: p_ZZ17vitis_convolutionPVhPVcPA3_cE11local_input_1_0 | {8 9 }
	Port: p_ZZ17vitis_convolutionPVhPVcPA3_cE11local_input_1_1 | {8 9 }
	Port: p_ZZ17vitis_convolutionPVhPVcPA3_cE11local_input_1_2 | {8 9 }
	Port: p_ZZ17vitis_convolutionPVhPVcPA3_cE11local_input_2_0 | {8 9 }
	Port: p_ZZ17vitis_convolutionPVhPVcPA3_cE11local_input_2_1 | {8 9 }
	Port: p_ZZ17vitis_convolutionPVhPVcPA3_cE11local_input_2_2 | {8 9 }
	Port: local_output | {10 11 }
 - Input state : 
	Port: vitis_convolution : gmem_in | {8 9 }
	Port: vitis_convolution : input_img | {8 }
	Port: vitis_convolution : output_img | {8 }
	Port: vitis_convolution : kernel | {1 2 3 4 5 6 7 8 9 10 }
	Port: vitis_convolution : p_ZZ17vitis_convolutionPVhPVcPA3_cE11local_input_0_0 | {10 11 }
	Port: vitis_convolution : p_ZZ17vitis_convolutionPVhPVcPA3_cE11local_input_0_1 | {10 11 }
	Port: vitis_convolution : p_ZZ17vitis_convolutionPVhPVcPA3_cE11local_input_0_2 | {10 11 }
	Port: vitis_convolution : p_ZZ17vitis_convolutionPVhPVcPA3_cE11local_input_1_0 | {10 11 }
	Port: vitis_convolution : p_ZZ17vitis_convolutionPVhPVcPA3_cE11local_input_1_1 | {10 11 }
	Port: vitis_convolution : p_ZZ17vitis_convolutionPVhPVcPA3_cE11local_input_1_2 | {10 11 }
	Port: vitis_convolution : p_ZZ17vitis_convolutionPVhPVcPA3_cE11local_input_2_0 | {10 11 }
	Port: vitis_convolution : p_ZZ17vitis_convolutionPVhPVcPA3_cE11local_input_2_1 | {10 11 }
	Port: vitis_convolution : p_ZZ17vitis_convolutionPVhPVcPA3_cE11local_input_2_2 | {10 11 }
	Port: vitis_convolution : local_output | {12 13 }
  - Chain level:
	State 1
		kernel_load : 1
	State 2
		kernel_load_1 : 1
	State 3
		kernel_load_2 : 1
	State 4
		kernel_load_3 : 1
	State 5
		kernel_load_4 : 1
	State 6
		kernel_load_5 : 1
	State 7
		kernel_load_6 : 1
	State 8
		kernel_load_7 : 1
	State 9
		kernel_load_8 : 1
	State 10
		call_ln34 : 1
	State 11
	State 12
	State 13


============================================================
+ Verbose Summary: Datapath Resource usage 
============================================================

* Functional unit list:
|----------|-------------------------------------------------------------|---------|---------|---------|---------|
| Operation|                       Functional Unit                       |   DSP   |  Delay  |    FF   |   LUT   |
|----------|-------------------------------------------------------------|---------|---------|---------|---------|
|          |  grp_vitis_convolution_Pipeline_Read_Rows_Read_Cols_fu_204  |    1    |  3.176  |   544   |   561   |
|   call   |  grp_vitis_convolution_Pipeline_Conv_Rows_Conv_Cols_fu_230  |    5    | 36.6886 |   1554  |   2059  |
|          | grp_vitis_convolution_Pipeline_Write_Rows_Write_Cols_fu_264 |    0    |  1.588  |   108   |   174   |
|----------|-------------------------------------------------------------|---------|---------|---------|---------|
|   read   |                 output_img_read_read_fu_106                 |    0    |    0    |    0    |    0    |
|          |                  input_img_read_read_fu_112                 |    0    |    0    |    0    |    0    |
|----------|-------------------------------------------------------------|---------|---------|---------|---------|
|   Total  |                                                             |    6    | 41.4526 |   2206  |   2794  |
|----------|-------------------------------------------------------------|---------|---------|---------|---------|

Memories:
+----------------------------------------------------+--------+--------+--------+--------+
|                                                    |  BRAM  |   FF   |   LUT  |  URAM  |
+----------------------------------------------------+--------+--------+--------+--------+
|                    local_output                    |    8   |    0   |    0   |    0   |
|p_ZZ17vitis_convolutionPVhPVcPA3_cE11local_input_0_0|    1   |    0   |    0   |    0   |
|p_ZZ17vitis_convolutionPVhPVcPA3_cE11local_input_0_1|    1   |    0   |    0   |    0   |
|p_ZZ17vitis_convolutionPVhPVcPA3_cE11local_input_0_2|    1   |    0   |    0   |    0   |
|p_ZZ17vitis_convolutionPVhPVcPA3_cE11local_input_1_0|    1   |    0   |    0   |    0   |
|p_ZZ17vitis_convolutionPVhPVcPA3_cE11local_input_1_1|    1   |    0   |    0   |    0   |
|p_ZZ17vitis_convolutionPVhPVcPA3_cE11local_input_1_2|    1   |    0   |    0   |    0   |
|p_ZZ17vitis_convolutionPVhPVcPA3_cE11local_input_2_0|    1   |    0   |    0   |    0   |
|p_ZZ17vitis_convolutionPVhPVcPA3_cE11local_input_2_1|    1   |    0   |    0   |    0   |
|p_ZZ17vitis_convolutionPVhPVcPA3_cE11local_input_2_2|    1   |    0   |    0   |    0   |
+----------------------------------------------------+--------+--------+--------+--------+
|                        Total                       |   17   |    0   |    0   |    0   |
+----------------------------------------------------+--------+--------+--------+--------+

* Register list:
+-----------------------+--------+
|                       |   FF   |
+-----------------------+--------+
| input_img_read_reg_343|   32   |
| kernel_addr_1_reg_278 |    4   |
| kernel_addr_2_reg_288 |    4   |
| kernel_addr_3_reg_298 |    4   |
| kernel_addr_4_reg_308 |    4   |
| kernel_addr_5_reg_318 |    4   |
| kernel_addr_6_reg_328 |    4   |
| kernel_addr_7_reg_348 |    4   |
| kernel_addr_8_reg_358 |    4   |
|  kernel_addr_reg_273  |    4   |
| kernel_load_1_reg_293 |    8   |
| kernel_load_2_reg_303 |    8   |
| kernel_load_3_reg_313 |    8   |
| kernel_load_4_reg_323 |    8   |
| kernel_load_5_reg_333 |    8   |
| kernel_load_6_reg_353 |    8   |
| kernel_load_7_reg_363 |    8   |
| kernel_load_8_reg_368 |    8   |
|  kernel_load_reg_283  |    8   |
|output_img_read_reg_338|   32   |
+-----------------------+--------+
|         Total         |   172  |
+-----------------------+--------+

* Multiplexer (MUX) list: 
|-----------------------------------------------------------|------|------|------|--------||---------||---------||---------|
|                            Comp                           |  Pin | Size |  BW  | S x BW ||  Delay  ||    FF   ||   LUT   |
|-----------------------------------------------------------|------|------|------|--------||---------||---------||---------|
|                     grp_access_fu_126                     |  p0  |  18  |   4  |   72   ||    0    ||    87   |
| grp_vitis_convolution_Pipeline_Read_Rows_Read_Cols_fu_204 |  p2  |   2  |  32  |   64   ||    0    ||    9    |
| grp_vitis_convolution_Pipeline_Conv_Rows_Conv_Cols_fu_230 |  p3  |   2  |   8  |   16   ||    0    ||    9    |
|-----------------------------------------------------------|------|------|------|--------||---------||---------||---------|
|                           Total                           |      |      |      |   152  ||  6.0174 ||    0    ||   105   |
|-----------------------------------------------------------|------|------|------|--------||---------||---------||---------|



* Summary:
+-----------+--------+--------+--------+--------+--------+--------+
|           |  BRAM  |   DSP  |  Delay |   FF   |   LUT  |  URAM  |
+-----------+--------+--------+--------+--------+--------+--------+
|  Function |    -   |    6   |   41   |  2206  |  2794  |    -   |
|   Memory  |   17   |    -   |    -   |    0   |    0   |    0   |
|Multiplexer|    -   |    -   |    6   |    0   |   105  |    -   |
|  Register |    -   |    -   |    -   |   172  |    -   |    -   |
+-----------+--------+--------+--------+--------+--------+--------+
|   Total   |   17   |    6   |   47   |  2378  |  2899  |    0   |
+-----------+--------+--------+--------+--------+--------+--------+
