

================================================================
== Vitis HLS Report for 'vitis_convolution_Pipeline_Write_Rows_Write_Cols'
================================================================
* Date:           Wed May 20 16:42:38 2026

* Version:        2025.2 (Build 6295257 on Nov 14 2025)
* Project:        Edges
* Solution:       hls (Vivado IP Flow Target)
* Product family: zynq
* Target device:  xc7z020-clg400-1


================================================================
== Performance Estimates
================================================================
+ Timing: 
    * Summary: 
    +--------+----------+----------+------------+
    |  Clock |  Target  | Estimated| Uncertainty|
    +--------+----------+----------+------------+
    |ap_clk  |  10.00 ns|  7.300 ns|     2.70 ns|
    +--------+----------+----------+------------+

+ Latency: 
    * Summary: 
    +---------+---------+----------+----------+-----+-----+-------------------+
    |  Latency (cycles) |  Latency (absolute) |  Interval |      Pipeline     |
    |   min   |   max   |    min   |    max   | min | max |        Type       |
    +---------+---------+----------+----------+-----+-----+-------------------+
    |    16394|    16394|  0.164 ms|  0.164 ms|    0|    0|  loop pipeline stp|
    +---------+---------+----------+----------+-----+-----+-------------------+

    + Detail: 
        * Instance: 
        N/A

        * Loop: 
        +-------------------------+---------+---------+----------+-----------+-----------+-------+----------+
        |                         |  Latency (cycles) | Iteration|  Initiation Interval  |  Trip |          |
        |        Loop Name        |   min   |   max   |  Latency |  achieved |   target  | Count | Pipelined|
        +-------------------------+---------+---------+----------+-----------+-----------+-------+----------+
        |- Write_Rows_Write_Cols  |    16392|    16392|        10|          1|          1|  16384|       yes|
        +-------------------------+---------+---------+----------+-----------+-----------+-------+----------+

============================================================
+ Verbose Summary: Synthesis Manager
============================================================
InlineROM: 1
ExposeGlobal: 0
============================================================
+ Verbose Summary: CDFG Model
============================================================
IsTopModel: 0
ResetActiveHigh: 1
IsCombinational: 0
IsDatapathOnly: 0
HasWiredReturn: 1
HasMFsm: 2
HasVarLatency: 1
IsPipeline: 0
IsRtlPipelined: 0
IsInstanceOverlapped: 0
IsDontTouch: 0
HasImplIP: 0
IsGatedGlobalClock: 0

+ Individual pipeline summary: 
  * Pipeline-0: initiation interval (II) = 1, depth = 10


============================================================
+ Verbose Summary: Schedule
============================================================
* Number of FSM states : 10
* Pipeline : 1
  Pipeline-0 : II = 1, D = 10, States = { 1 2 3 4 5 6 7 8 9 10 }
* Dataflow Pipeline: 0

* FSM state transitions: 
1 --> 2 
2 --> 3 
3 --> 4 
4 --> 5 
5 --> 6 
6 --> 7 
7 --> 8 
8 --> 9 
9 --> 10 
10 --> 

* FSM state operations: 

State 1 <SV = 0> <Delay = 5.12>
ST_1 : Operation 13 [1/1] (0.00ns)   --->   "%c = alloca i32 1" [vitis_convolution.cpp:43]   --->   Operation 13 'alloca' 'c' <Predicate = true> <Delay = 0.00>
ST_1 : Operation 14 [1/1] (0.00ns)   --->   "%r = alloca i32 1" [vitis_convolution.cpp:42]   --->   Operation 14 'alloca' 'r' <Predicate = true> <Delay = 0.00>
ST_1 : Operation 15 [1/1] (0.00ns)   --->   "%indvar_flatten13 = alloca i32 1"   --->   Operation 15 'alloca' 'indvar_flatten13' <Predicate = true> <Delay = 0.00>
ST_1 : Operation 16 [1/1] (0.00ns)   --->   "%specinterface_ln0 = specinterface void @_ssdm_op_SpecInterface, i8 %gmem_out, void @empty, i32 0, i32 0, void @empty_0, i32 0, i32 16384, void @empty_3, void @empty_2, void @empty_0, i32 16, i32 16, i32 16, i32 16, void @empty_0, void @empty_0, i32 4294967295, i32 0, i32 0, i32 1"   --->   Operation 16 'specinterface' 'specinterface_ln0' <Predicate = true> <Delay = 0.00>
ST_1 : Operation 17 [1/1] (0.00ns)   --->   "%output_img_read = read i64 @_ssdm_op_Read.ap_auto.i64, i64 %output_img"   --->   Operation 17 'read' 'output_img_read' <Predicate = true> <Delay = 0.00>
ST_1 : Operation 18 [1/1] (1.58ns)   --->   "%store_ln0 = store i15 0, i15 %indvar_flatten13"   --->   Operation 18 'store' 'store_ln0' <Predicate = true> <Delay = 1.58>
ST_1 : Operation 19 [1/1] (1.58ns)   --->   "%store_ln42 = store i8 0, i8 %r" [vitis_convolution.cpp:42]   --->   Operation 19 'store' 'store_ln42' <Predicate = true> <Delay = 1.58>
ST_1 : Operation 20 [1/1] (1.58ns)   --->   "%store_ln43 = store i8 0, i8 %c" [vitis_convolution.cpp:43]   --->   Operation 20 'store' 'store_ln43' <Predicate = true> <Delay = 1.58>
ST_1 : Operation 21 [1/1] (0.00ns)   --->   "%br_ln0 = br void %for.inc79"   --->   Operation 21 'br' 'br_ln0' <Predicate = true> <Delay = 0.00>
ST_1 : Operation 22 [1/1] (0.00ns)   --->   "%indvar_flatten13_load = load i15 %indvar_flatten13" [vitis_convolution.cpp:42]   --->   Operation 22 'load' 'indvar_flatten13_load' <Predicate = true> <Delay = 0.00>
ST_1 : Operation 23 [1/1] (0.00ns)   --->   "%specbitsmap_ln0 = specbitsmap void @_ssdm_op_SpecBitsMap, i8 %gmem_out"   --->   Operation 23 'specbitsmap' 'specbitsmap_ln0' <Predicate = true> <Delay = 0.00>
ST_1 : Operation 24 [1/1] (1.94ns)   --->   "%icmp_ln42 = icmp_eq  i15 %indvar_flatten13_load, i15 16384" [vitis_convolution.cpp:42]   --->   Operation 24 'icmp' 'icmp_ln42' <Predicate = true> <Delay = 1.94> <CoreInst = "Cmp">   --->   Core 9 'Cmp' <Latency = 0> <II = 1> <Delay = 1.94> <FuncUnit> <Opcode : 'seteq' 'setne' 'setle' 'setge' 'setlt' 'setgt'> <InPorts = 2> <OutPorts = 1>
ST_1 : Operation 25 [1/1] (1.94ns)   --->   "%add_ln42_1 = add i15 %indvar_flatten13_load, i15 1" [vitis_convolution.cpp:42]   --->   Operation 25 'add' 'add_ln42_1' <Predicate = true> <Delay = 1.94> <CoreInst = "Adder">   --->   Core 1 'Adder' <Latency = 0> <II = 1> <Delay = 1.94> <FuncUnit> <Opcode : 'add' 'sub'> <InPorts = 2> <OutPorts = 1>
ST_1 : Operation 26 [1/1] (0.00ns)   --->   "%br_ln42 = br i1 %icmp_ln42, void %for.inc82, void %for.end84.exitStub" [vitis_convolution.cpp:42]   --->   Operation 26 'br' 'br_ln42' <Predicate = true> <Delay = 0.00>
ST_1 : Operation 27 [1/1] (1.58ns)   --->   "%store_ln42 = store i15 %add_ln42_1, i15 %indvar_flatten13" [vitis_convolution.cpp:42]   --->   Operation 27 'store' 'store_ln42' <Predicate = (!icmp_ln42)> <Delay = 1.58>

State 2 <SV = 1> <Delay = 6.66>
ST_2 : Operation 28 [1/1] (0.00ns)   --->   "%c_load = load i8 %c" [vitis_convolution.cpp:43]   --->   Operation 28 'load' 'c_load' <Predicate = true> <Delay = 0.00>
ST_2 : Operation 29 [1/1] (0.00ns)   --->   "%r_load = load i8 %r" [vitis_convolution.cpp:42]   --->   Operation 29 'load' 'r_load' <Predicate = true> <Delay = 0.00>
ST_2 : Operation 30 [1/1] (1.91ns)   --->   "%add_ln42 = add i8 %r_load, i8 1" [vitis_convolution.cpp:42]   --->   Operation 30 'add' 'add_ln42' <Predicate = true> <Delay = 1.91> <CoreInst = "Adder">   --->   Core 1 'Adder' <Latency = 0> <II = 1> <Delay = 1.91> <FuncUnit> <Opcode : 'add' 'sub'> <InPorts = 2> <OutPorts = 1>
ST_2 : Operation 31 [1/1] (1.91ns)   --->   "%icmp_ln43 = icmp_eq  i8 %c_load, i8 128" [vitis_convolution.cpp:43]   --->   Operation 31 'icmp' 'icmp_ln43' <Predicate = true> <Delay = 1.91> <CoreInst = "Cmp">   --->   Core 9 'Cmp' <Latency = 0> <II = 1> <Delay = 1.91> <FuncUnit> <Opcode : 'seteq' 'setne' 'setle' 'setge' 'setlt' 'setgt'> <InPorts = 2> <OutPorts = 1>
ST_2 : Operation 32 [1/1] (1.24ns)   --->   "%select_ln42 = select i1 %icmp_ln43, i8 0, i8 %c_load" [vitis_convolution.cpp:42]   --->   Operation 32 'select' 'select_ln42' <Predicate = true> <Delay = 1.24> <CoreInst = "Sel">   --->   Core 73 'Sel' <Latency = 0> <II = 1> <Delay = 1.24> <FuncUnit> <Opcode : 'select'> <InPorts = 3> <OutPorts = 1>
ST_2 : Operation 33 [1/1] (1.24ns)   --->   "%select_ln42_1 = select i1 %icmp_ln43, i8 %add_ln42, i8 %r_load" [vitis_convolution.cpp:42]   --->   Operation 33 'select' 'select_ln42_1' <Predicate = true> <Delay = 1.24> <CoreInst = "Sel">   --->   Core 73 'Sel' <Latency = 0> <II = 1> <Delay = 1.24> <FuncUnit> <Opcode : 'select'> <InPorts = 3> <OutPorts = 1>
ST_2 : Operation 34 [1/1] (0.00ns)   --->   "%trunc_ln45 = trunc i8 %select_ln42_1" [vitis_convolution.cpp:45]   --->   Operation 34 'trunc' 'trunc_ln45' <Predicate = true> <Delay = 0.00>
ST_2 : Operation 35 [1/1] (1.91ns)   --->   "%add_ln43 = add i8 %select_ln42, i8 1" [vitis_convolution.cpp:43]   --->   Operation 35 'add' 'add_ln43' <Predicate = true> <Delay = 1.91> <CoreInst = "Adder">   --->   Core 1 'Adder' <Latency = 0> <II = 1> <Delay = 1.91> <FuncUnit> <Opcode : 'add' 'sub'> <InPorts = 2> <OutPorts = 1>
ST_2 : Operation 36 [1/1] (1.58ns)   --->   "%store_ln42 = store i8 %select_ln42_1, i8 %r" [vitis_convolution.cpp:42]   --->   Operation 36 'store' 'store_ln42' <Predicate = true> <Delay = 1.58>
ST_2 : Operation 37 [1/1] (1.58ns)   --->   "%store_ln43 = store i8 %add_ln43, i8 %c" [vitis_convolution.cpp:43]   --->   Operation 37 'store' 'store_ln43' <Predicate = true> <Delay = 1.58>

State 3 <SV = 2> <Delay = 5.30>
ST_3 : Operation 38 [1/1] (0.00ns)   --->   "%tmp_s = bitconcatenate i14 @_ssdm_op_BitConcatenate.i14.i7.i7, i7 %trunc_ln45, i7 0" [vitis_convolution.cpp:45]   --->   Operation 38 'bitconcatenate' 'tmp_s' <Predicate = true> <Delay = 0.00>
ST_3 : Operation 39 [1/1] (0.00ns)   --->   "%zext_ln43 = zext i14 %tmp_s" [vitis_convolution.cpp:43]   --->   Operation 39 'zext' 'zext_ln43' <Predicate = true> <Delay = 0.00>
ST_3 : Operation 40 [1/1] (0.00ns)   --->   "%zext_ln43_1 = zext i8 %select_ln42" [vitis_convolution.cpp:43]   --->   Operation 40 'zext' 'zext_ln43_1' <Predicate = true> <Delay = 0.00>
ST_3 : Operation 41 [1/1] (0.00ns)   --->   "%zext_ln45 = zext i8 %select_ln42" [vitis_convolution.cpp:45]   --->   Operation 41 'zext' 'zext_ln45' <Predicate = true> <Delay = 0.00>
ST_3 : Operation 42 [1/1] (1.81ns)   --->   "%add_ln45_2 = add i14 %tmp_s, i14 %zext_ln45" [vitis_convolution.cpp:45]   --->   Operation 42 'add' 'add_ln45_2' <Predicate = true> <Delay = 1.81> <CoreInst = "Adder">   --->   Core 1 'Adder' <Latency = 0> <II = 1> <Delay = 1.81> <FuncUnit> <Opcode : 'add' 'sub'> <InPorts = 2> <OutPorts = 1>
ST_3 : Operation 43 [1/1] (0.00ns)   --->   "%zext_ln45_1 = zext i14 %add_ln45_2" [vitis_convolution.cpp:45]   --->   Operation 43 'zext' 'zext_ln45_1' <Predicate = true> <Delay = 0.00>
ST_3 : Operation 44 [1/1] (0.00ns)   --->   "%local_output_addr = getelementptr i8 %local_output, i64 0, i64 %zext_ln45_1" [vitis_convolution.cpp:45]   --->   Operation 44 'getelementptr' 'local_output_addr' <Predicate = true> <Delay = 0.00>
ST_3 : Operation 45 [2/2] (3.25ns)   --->   "%local_output_load = load i14 %local_output_addr" [vitis_convolution.cpp:45]   --->   Operation 45 'load' 'local_output_load' <Predicate = true> <Delay = 3.25> <CoreInst = "RAM">   --->   Core 81 'RAM' <Latency = 1> <II = 1> <Delay = 3.25> <Storage> <Opcode : 'load' 'store'> <Ports = 2> <Width = 8> <Depth = 16384> <RAM>
ST_3 : Operation 46 [1/1] (0.00ns) (grouped into TernaryAdder)   --->   "%add_ln45 = add i64 %zext_ln43_1, i64 %output_img_read" [vitis_convolution.cpp:45]   --->   Operation 46 'add' 'add_ln45' <Predicate = true> <Delay = 0.00> <CoreInst = "TAddSub">   --->   Core 10 'TAddSub' <Latency = 0> <II = 1> <Delay = 2.65> <IPBlock> <Opcode : 'add' 'sub'> <InPorts = 3> <OutPorts = 1> <Sync> <CReg>
ST_3 : Operation 47 [1/1] (5.30ns) (root node of TernaryAdder)   --->   "%add_ln45_1 = add i64 %add_ln45, i64 %zext_ln43" [vitis_convolution.cpp:45]   --->   Operation 47 'add' 'add_ln45_1' <Predicate = true> <Delay = 5.30> <CoreInst = "TAddSub">   --->   Core 10 'TAddSub' <Latency = 0> <II = 1> <Delay = 2.65> <IPBlock> <Opcode : 'add' 'sub'> <InPorts = 3> <OutPorts = 1> <Sync> <CReg>
ST_3 : Operation 48 [1/1] (0.00ns)   --->   "%gmem_out_addr = getelementptr i8 %gmem_out, i64 %add_ln45_1" [vitis_convolution.cpp:45]   --->   Operation 48 'getelementptr' 'gmem_out_addr' <Predicate = true> <Delay = 0.00>

State 4 <SV = 3> <Delay = 7.30>
ST_4 : Operation 49 [1/2] ( I:3.25ns O:3.25ns )   --->   "%local_output_load = load i14 %local_output_addr" [vitis_convolution.cpp:45]   --->   Operation 49 'load' 'local_output_load' <Predicate = true> <Delay = 3.25> <CoreInst = "RAM">   --->   Core 81 'RAM' <Latency = 1> <II = 1> <Delay = 3.25> <Storage> <Opcode : 'load' 'store'> <Ports = 2> <Width = 8> <Depth = 16384> <RAM>
ST_4 : Operation 50 [1/1] ( I:7.30ns O:7.30ns )   --->   "%gmem_out_addr_req = writereq i1 @_ssdm_op_WriteReq.m_axi.i8P1A, i8 %gmem_out_addr, i64 1" [vitis_convolution.cpp:45]   --->   Operation 50 'writereq' 'gmem_out_addr_req' <Predicate = true> <Delay = 7.30> <CoreInst = "m_axi">   --->   Core 111 'm_axi' <Latency = 9> <II = 1> <Delay = 1.00> <Adapter> <Opcode : 'readrequnaligned' 'writerequnaligned' 'read' 'write' 'readreq' 'writereq' 'writeresp'>

State 5 <SV = 4> <Delay = 7.30>
ST_5 : Operation 51 [1/1] ( I:7.30ns O:7.30ns )   --->   "%write_ln45 = write void @_ssdm_op_Write.m_axi.volatile.i8P1A, i8 %gmem_out_addr, i8 %local_output_load, i1 1" [vitis_convolution.cpp:45]   --->   Operation 51 'write' 'write_ln45' <Predicate = true> <Delay = 7.30> <CoreInst = "m_axi">   --->   Core 111 'm_axi' <Latency = 5> <II = 1> <Delay = 1.00> <Adapter> <Opcode : 'readrequnaligned' 'writerequnaligned' 'read' 'write' 'readreq' 'writereq' 'writeresp'>

State 6 <SV = 5> <Delay = 0.00>
ST_6 : Operation 52 [5/5] (7.30ns)   --->   "%gmem_out_addr_resp = writeresp i1 @_ssdm_op_WriteResp.m_axi.i8P1A, i8 %gmem_out_addr" [vitis_convolution.cpp:45]   --->   Operation 52 'writeresp' 'gmem_out_addr_resp' <Predicate = true> <Delay = 7.30> <CoreInst = "m_axi">   --->   Core 111 'm_axi' <Latency = 3> <II = 1> <Delay = 1.00> <Adapter> <Opcode : 'readrequnaligned' 'writerequnaligned' 'read' 'write' 'readreq' 'writereq' 'writeresp'>

State 7 <SV = 6> <Delay = 0.00>
ST_7 : Operation 53 [4/5] (7.30ns)   --->   "%gmem_out_addr_resp = writeresp i1 @_ssdm_op_WriteResp.m_axi.i8P1A, i8 %gmem_out_addr" [vitis_convolution.cpp:45]   --->   Operation 53 'writeresp' 'gmem_out_addr_resp' <Predicate = true> <Delay = 7.30> <CoreInst = "m_axi">   --->   Core 111 'm_axi' <Latency = 3> <II = 1> <Delay = 1.00> <Adapter> <Opcode : 'readrequnaligned' 'writerequnaligned' 'read' 'write' 'readreq' 'writereq' 'writeresp'>

State 8 <SV = 7> <Delay = 0.00>
ST_8 : Operation 54 [3/5] (7.30ns)   --->   "%gmem_out_addr_resp = writeresp i1 @_ssdm_op_WriteResp.m_axi.i8P1A, i8 %gmem_out_addr" [vitis_convolution.cpp:45]   --->   Operation 54 'writeresp' 'gmem_out_addr_resp' <Predicate = true> <Delay = 7.30> <CoreInst = "m_axi">   --->   Core 111 'm_axi' <Latency = 3> <II = 1> <Delay = 1.00> <Adapter> <Opcode : 'readrequnaligned' 'writerequnaligned' 'read' 'write' 'readreq' 'writereq' 'writeresp'>

State 9 <SV = 8> <Delay = 1.58>
ST_9 : Operation 55 [2/5] (7.30ns)   --->   "%gmem_out_addr_resp = writeresp i1 @_ssdm_op_WriteResp.m_axi.i8P1A, i8 %gmem_out_addr" [vitis_convolution.cpp:45]   --->   Operation 55 'writeresp' 'gmem_out_addr_resp' <Predicate = true> <Delay = 7.30> <CoreInst = "m_axi">   --->   Core 111 'm_axi' <Latency = 3> <II = 1> <Delay = 1.00> <Adapter> <Opcode : 'readrequnaligned' 'writerequnaligned' 'read' 'write' 'readreq' 'writereq' 'writeresp'>
ST_9 : Operation 61 [1/1] (1.58ns)   --->   "%ret_ln0 = ret"   --->   Operation 61 'ret' 'ret_ln0' <Predicate = (icmp_ln42)> <Delay = 1.58>

State 10 <SV = 9> <Delay = 7.30>
ST_10 : Operation 56 [1/1] (0.00ns)   --->   "%specloopname_ln0 = specloopname void @_ssdm_op_SpecLoopName, void @Write_Rows_Write_Cols_str"   --->   Operation 56 'specloopname' 'specloopname_ln0' <Predicate = true> <Delay = 0.00>
ST_10 : Operation 57 [1/1] (0.00ns)   --->   "%speclooptripcount_ln0 = speclooptripcount void @_ssdm_op_SpecLoopTripCount, i64 16384, i64 16384, i64 16384"   --->   Operation 57 'speclooptripcount' 'speclooptripcount_ln0' <Predicate = true> <Delay = 0.00>
ST_10 : Operation 58 [1/1] (0.00ns)   --->   "%specpipeline_ln44 = specpipeline void @_ssdm_op_SpecPipeline, i32 1, i32 0, i32 0, i32 0, i32 4294967295, void @empty_0" [vitis_convolution.cpp:44]   --->   Operation 58 'specpipeline' 'specpipeline_ln44' <Predicate = true> <Delay = 0.00>
ST_10 : Operation 59 [1/5] ( I:7.30ns O:7.30ns )   --->   "%gmem_out_addr_resp = writeresp i1 @_ssdm_op_WriteResp.m_axi.i8P1A, i8 %gmem_out_addr" [vitis_convolution.cpp:45]   --->   Operation 59 'writeresp' 'gmem_out_addr_resp' <Predicate = true> <Delay = 7.30> <CoreInst = "m_axi">   --->   Core 111 'm_axi' <Latency = 3> <II = 1> <Delay = 1.00> <Adapter> <Opcode : 'readrequnaligned' 'writerequnaligned' 'read' 'write' 'readreq' 'writereq' 'writeresp'>
ST_10 : Operation 60 [1/1] (0.00ns)   --->   "%br_ln43 = br void %for.inc79" [vitis_convolution.cpp:43]   --->   Operation 60 'br' 'br_ln43' <Predicate = true> <Delay = 0.00>


============================================================
+ Verbose Summary: Binding
============================================================
STG Binding: 
---------------- STG Properties BEGIN ----------------
- Is combinational: 0
- Is one-state seq: 0
- Is datapath-only: 0
- Is pipelined: 0
- Is top level: 0
Port [ Return ] is wired: 1; IO mode=ap_ctrl_hs:ce=0
Port [ gmem_out]:  wired=1; compound=1; hidden=0; nouse=0; global=0; static=0; extern=0; dir=1; type=4; pingpong=0; private_global=0; IO mode=m_axi:ce=0
Port [ output_img]:  wired=1; compound=0; hidden=0; nouse=0; global=0; static=0; extern=0; dir=0; type=0; pingpong=0; private_global=0; IO mode=ap_none:ce=0
Port [ local_output]:  wired=1; compound=1; hidden=0; nouse=0; global=1; static=1; extern=0; dir=0; type=1; pingpong=0; private_global=0; MemPort=[13]; IO mode=ap_memory:ce=0
---------------- STG Properties END ------------------

---------------- Datapath Model BEGIN ----------------

<LifeTime>
<method=bitvector/>
c                     (alloca           ) [ 01100000000]
r                     (alloca           ) [ 01100000000]
indvar_flatten13      (alloca           ) [ 01000000000]
specinterface_ln0     (specinterface    ) [ 00000000000]
output_img_read       (read             ) [ 01110000000]
store_ln0             (store            ) [ 00000000000]
store_ln42            (store            ) [ 00000000000]
store_ln43            (store            ) [ 00000000000]
br_ln0                (br               ) [ 00000000000]
indvar_flatten13_load (load             ) [ 00000000000]
specbitsmap_ln0       (specbitsmap      ) [ 00000000000]
icmp_ln42             (icmp             ) [ 01111111110]
add_ln42_1            (add              ) [ 00000000000]
br_ln42               (br               ) [ 00000000000]
store_ln42            (store            ) [ 00000000000]
c_load                (load             ) [ 00000000000]
r_load                (load             ) [ 00000000000]
add_ln42              (add              ) [ 00000000000]
icmp_ln43             (icmp             ) [ 00000000000]
select_ln42           (select           ) [ 01010000000]
select_ln42_1         (select           ) [ 00000000000]
trunc_ln45            (trunc            ) [ 01010000000]
add_ln43              (add              ) [ 00000000000]
store_ln42            (store            ) [ 00000000000]
store_ln43            (store            ) [ 00000000000]
tmp_s                 (bitconcatenate   ) [ 00000000000]
zext_ln43             (zext             ) [ 00000000000]
zext_ln43_1           (zext             ) [ 00000000000]
zext_ln45             (zext             ) [ 00000000000]
add_ln45_2            (add              ) [ 00000000000]
zext_ln45_1           (zext             ) [ 00000000000]
local_output_addr     (getelementptr    ) [ 01001000000]
add_ln45              (add              ) [ 00000000000]
add_ln45_1            (add              ) [ 00000000000]
gmem_out_addr         (getelementptr    ) [ 01001111111]
local_output_load     (load             ) [ 01000100000]
gmem_out_addr_req     (writereq         ) [ 00000000000]
write_ln45            (write            ) [ 00000000000]
specloopname_ln0      (specloopname     ) [ 00000000000]
speclooptripcount_ln0 (speclooptripcount) [ 00000000000]
specpipeline_ln44     (specpipeline     ) [ 00000000000]
gmem_out_addr_resp    (writeresp        ) [ 00000000000]
br_ln43               (br               ) [ 00000000000]
ret_ln0               (ret              ) [ 00000000000]
</LifeTime>

<model>

<comp_list>
<comp id="0" class="1000" name="gmem_out">
<pin_list>
<pin id="1" dir="1" index="0" bw="1" slack="0"/>
</pin_list>
<bind>
<StgValue><ssdm name="gmem_out"/><MemPortTyVec>1 </MemPortTyVec>
</StgValue>
</bind>
</comp>

<comp id="2" class="1000" name="output_img">
<pin_list>
<pin id="3" dir="1" index="0" bw="1" slack="0"/>
</pin_list>
<bind>
<StgValue><ssdm name="output_img"/></StgValue>
</bind>
</comp>

<comp id="4" class="1000" name="local_output">
<pin_list>
<pin id="5" dir="1" index="0" bw="1" slack="0"/>
</pin_list>
<bind>
<StgValue><ssdm name="local_output"/><MemPortTyVec>1 3 </MemPortTyVec>
</StgValue>
</bind>
</comp>

<comp id="6" class="1001" name="const_6">
<pin_list>
<pin id="7" dir="1" index="0" bw="1" slack="0"/>
</pin_list>
<bind>
<StgValue><ssdm name=""/></StgValue>
</bind>
</comp>

<comp id="8" class="1001" name="const_8">
<pin_list>
<pin id="9" dir="1" index="0" bw="1" slack="2147483647"/>
</pin_list>
<bind>
<StgValue><ssdm name="_ssdm_op_SpecInterface"/></StgValue>
</bind>
</comp>

<comp id="10" class="1001" name="const_10">
<pin_list>
<pin id="11" dir="1" index="0" bw="1" slack="2147483647"/>
</pin_list>
<bind>
<StgValue><ssdm name="empty"/></StgValue>
</bind>
</comp>

<comp id="12" class="1001" name="const_12">
<pin_list>
<pin id="13" dir="1" index="0" bw="1" slack="2147483647"/>
</pin_list>
<bind>
<StgValue><ssdm name=""/></StgValue>
</bind>
</comp>

<comp id="14" class="1001" name="const_14">
<pin_list>
<pin id="15" dir="1" index="0" bw="1" slack="2147483647"/>
</pin_list>
<bind>
<StgValue><ssdm name="empty_0"/></StgValue>
</bind>
</comp>

<comp id="16" class="1001" name="const_16">
<pin_list>
<pin id="17" dir="1" index="0" bw="1" slack="2147483647"/>
</pin_list>
<bind>
<StgValue><ssdm name=""/></StgValue>
</bind>
</comp>

<comp id="18" class="1001" name="const_18">
<pin_list>
<pin id="19" dir="1" index="0" bw="1" slack="2147483647"/>
</pin_list>
<bind>
<StgValue><ssdm name="empty_3"/></StgValue>
</bind>
</comp>

<comp id="20" class="1001" name="const_20">
<pin_list>
<pin id="21" dir="1" index="0" bw="1" slack="2147483647"/>
</pin_list>
<bind>
<StgValue><ssdm name="empty_2"/></StgValue>
</bind>
</comp>

<comp id="22" class="1001" name="const_22">
<pin_list>
<pin id="23" dir="1" index="0" bw="1" slack="2147483647"/>
</pin_list>
<bind>
<StgValue><ssdm name=""/></StgValue>
</bind>
</comp>

<comp id="24" class="1001" name="const_24">
<pin_list>
<pin id="25" dir="1" index="0" bw="1" slack="2147483647"/>
</pin_list>
<bind>
<StgValue><ssdm name=""/></StgValue>
</bind>
</comp>

<comp id="26" class="1001" name="const_26">
<pin_list>
<pin id="27" dir="1" index="0" bw="1" slack="0"/>
</pin_list>
<bind>
<StgValue><ssdm name="_ssdm_op_Read.ap_auto.i64"/></StgValue>
</bind>
</comp>

<comp id="28" class="1001" name="const_28">
<pin_list>
<pin id="29" dir="1" index="0" bw="1" slack="0"/>
</pin_list>
<bind>
<StgValue><ssdm name=""/></StgValue>
</bind>
</comp>

<comp id="30" class="1001" name="const_30">
<pin_list>
<pin id="31" dir="1" index="0" bw="1" slack="0"/>
</pin_list>
<bind>
<StgValue><ssdm name=""/></StgValue>
</bind>
</comp>

<comp id="32" class="1001" name="const_32">
<pin_list>
<pin id="33" dir="1" index="0" bw="1" slack="2147483647"/>
</pin_list>
<bind>
<StgValue><ssdm name="_ssdm_op_SpecBitsMap"/></StgValue>
</bind>
</comp>

<comp id="34" class="1001" name="const_34">
<pin_list>
<pin id="35" dir="1" index="0" bw="1" slack="0"/>
</pin_list>
<bind>
<StgValue><ssdm name=""/></StgValue>
</bind>
</comp>

<comp id="36" class="1001" name="const_36">
<pin_list>
<pin id="37" dir="1" index="0" bw="1" slack="0"/>
</pin_list>
<bind>
<StgValue><ssdm name=""/></StgValue>
</bind>
</comp>

<comp id="38" class="1001" name="const_38">
<pin_list>
<pin id="39" dir="1" index="0" bw="1" slack="0"/>
</pin_list>
<bind>
<StgValue><ssdm name=""/></StgValue>
</bind>
</comp>

<comp id="40" class="1001" name="const_40">
<pin_list>
<pin id="41" dir="1" index="0" bw="1" slack="0"/>
</pin_list>
<bind>
<StgValue><ssdm name=""/></StgValue>
</bind>
</comp>

<comp id="42" class="1001" name="const_42">
<pin_list>
<pin id="43" dir="1" index="0" bw="1" slack="0"/>
</pin_list>
<bind>
<StgValue><ssdm name="_ssdm_op_BitConcatenate.i14.i7.i7"/></StgValue>
</bind>
</comp>

<comp id="44" class="1001" name="const_44">
<pin_list>
<pin id="45" dir="1" index="0" bw="1" slack="0"/>
</pin_list>
<bind>
<StgValue><ssdm name=""/></StgValue>
</bind>
</comp>

<comp id="46" class="1001" name="const_46">
<pin_list>
<pin id="47" dir="1" index="0" bw="1" slack="0"/>
</pin_list>
<bind>
<StgValue><ssdm name=""/></StgValue>
</bind>
</comp>

<comp id="48" class="1001" name="const_48">
<pin_list>
<pin id="49" dir="1" index="0" bw="1" slack="0"/>
</pin_list>
<bind>
<StgValue><ssdm name="_ssdm_op_WriteReq.m_axi.i8P1A"/></StgValue>
</bind>
</comp>

<comp id="50" class="1001" name="const_50">
<pin_list>
<pin id="51" dir="1" index="0" bw="1" slack="0"/>
</pin_list>
<bind>
<StgValue><ssdm name=""/></StgValue>
</bind>
</comp>

<comp id="52" class="1001" name="const_52">
<pin_list>
<pin id="53" dir="1" index="0" bw="1" slack="0"/>
</pin_list>
<bind>
<StgValue><ssdm name="_ssdm_op_Write.m_axi.volatile.i8P1A"/></StgValue>
</bind>
</comp>

<comp id="54" class="1001" name="const_54">
<pin_list>
<pin id="55" dir="1" index="0" bw="1" slack="0"/>
</pin_list>
<bind>
<StgValue><ssdm name=""/></StgValue>
</bind>
</comp>

<comp id="56" class="1001" name="const_56">
<pin_list>
<pin id="57" dir="1" index="0" bw="1" slack="0"/>
</pin_list>
<bind>
<StgValue><ssdm name="_ssdm_op_WriteResp.m_axi.i8P1A"/></StgValue>
</bind>
</comp>

<comp id="58" class="1001" name="const_58">
<pin_list>
<pin id="59" dir="1" index="0" bw="1" slack="2147483647"/>
</pin_list>
<bind>
<StgValue><ssdm name="_ssdm_op_SpecLoopName"/></StgValue>
</bind>
</comp>

<comp id="60" class="1001" name="const_60">
<pin_list>
<pin id="61" dir="1" index="0" bw="1" slack="2147483647"/>
</pin_list>
<bind>
<StgValue><ssdm name="Write_Rows_Write_Cols_str"/></StgValue>
</bind>
</comp>

<comp id="62" class="1001" name="const_62">
<pin_list>
<pin id="63" dir="1" index="0" bw="1" slack="2147483647"/>
</pin_list>
<bind>
<StgValue><ssdm name="_ssdm_op_SpecLoopTripCount"/></StgValue>
</bind>
</comp>

<comp id="64" class="1001" name="const_64">
<pin_list>
<pin id="65" dir="1" index="0" bw="1" slack="2147483647"/>
</pin_list>
<bind>
<StgValue><ssdm name=""/></StgValue>
</bind>
</comp>

<comp id="66" class="1001" name="const_66">
<pin_list>
<pin id="67" dir="1" index="0" bw="1" slack="2147483647"/>
</pin_list>
<bind>
<StgValue><ssdm name="_ssdm_op_SpecPipeline"/></StgValue>
</bind>
</comp>

<comp id="68" class="1004" name="c_fu_68">
<pin_list>
<pin id="69" dir="0" index="0" bw="1" slack="0"/>
<pin id="70" dir="1" index="1" bw="8" slack="0"/>
</pin_list>
<bind>
<opcode="alloca(26) " fcode="alloca"/>
<opset="c/1 "/>
</bind>
</comp>

<comp id="72" class="1004" name="r_fu_72">
<pin_list>
<pin id="73" dir="0" index="0" bw="1" slack="0"/>
<pin id="74" dir="1" index="1" bw="8" slack="0"/>
</pin_list>
<bind>
<opcode="alloca(26) " fcode="alloca"/>
<opset="r/1 "/>
</bind>
</comp>

<comp id="76" class="1004" name="indvar_flatten13_fu_76">
<pin_list>
<pin id="77" dir="0" index="0" bw="1" slack="0"/>
<pin id="78" dir="1" index="1" bw="15" slack="0"/>
</pin_list>
<bind>
<opcode="alloca(26) " fcode="alloca"/>
<opset="indvar_flatten13/1 "/>
</bind>
</comp>

<comp id="80" class="1004" name="output_img_read_read_fu_80">
<pin_list>
<pin id="81" dir="0" index="0" bw="64" slack="0"/>
<pin id="82" dir="0" index="1" bw="64" slack="0"/>
<pin id="83" dir="1" index="2" bw="64" slack="2"/>
</pin_list>
<bind>
<opcode="read(1150) " fcode="read"/>
<opset="output_img_read/1 "/>
</bind>
</comp>

<comp id="86" class="1004" name="local_output_addr_gep_fu_86">
<pin_list>
<pin id="87" dir="0" index="0" bw="8" slack="0"/>
<pin id="88" dir="0" index="1" bw="1" slack="0"/>
<pin id="89" dir="0" index="2" bw="14" slack="0"/>
<pin id="90" dir="1" index="3" bw="14" slack="0"/>
</pin_list>
<bind>
<opcode="getelementptr(29) " fcode="getelementptr"/>
<opset="local_output_addr/3 "/>
</bind>
</comp>

<comp id="93" class="1004" name="grp_access_fu_93">
<pin_list>
<pin id="94" dir="0" index="0" bw="14" slack="0"/>
<pin id="95" dir="0" index="1" bw="8" slack="2147483647"/>
<pin id="96" dir="0" index="2" bw="0" slack="2147483647"/>
<pin id="97" dir="1" index="3" bw="8" slack="1"/>
</pin_list>
<bind>
<opcode="load(27) " fcode="load"/>
<opset="local_output_load/3 "/>
</bind>
</comp>

<comp id="99" class="1004" name="gmem_out_addr_req_writereq_fu_99">
<pin_list>
<pin id="100" dir="0" index="0" bw="1" slack="0"/>
<pin id="101" dir="0" index="1" bw="8" slack="1"/>
<pin id="102" dir="0" index="2" bw="1" slack="0"/>
<pin id="103" dir="1" index="3" bw="1" slack="2147483647"/>
</pin_list>
<bind>
<opcode="writereq(1155) " fcode="writereq"/>
<opset="gmem_out_addr_req/4 "/>
</bind>
</comp>

<comp id="106" class="1004" name="write_ln45_write_fu_106">
<pin_list>
<pin id="107" dir="0" index="0" bw="0" slack="0"/>
<pin id="108" dir="0" index="1" bw="8" slack="2"/>
<pin id="109" dir="0" index="2" bw="8" slack="1"/>
<pin id="110" dir="0" index="3" bw="1" slack="0"/>
<pin id="111" dir="1" index="4" bw="0" slack="2147483647"/>
</pin_list>
<bind>
<opcode="write(1151) " fcode="write"/>
<opset="write_ln45/5 "/>
</bind>
</comp>

<comp id="114" class="1004" name="grp_writeresp_fu_114">
<pin_list>
<pin id="115" dir="0" index="0" bw="1" slack="0"/>
<pin id="116" dir="0" index="1" bw="8" slack="3"/>
<pin id="117" dir="1" index="2" bw="1" slack="2147483647"/>
</pin_list>
<bind>
<opcode="writeresp(1158) " fcode="writeresp"/>
<opset="gmem_out_addr_resp/6 "/>
</bind>
</comp>

<comp id="119" class="1004" name="store_ln0_store_fu_119">
<pin_list>
<pin id="120" dir="0" index="0" bw="1" slack="0"/>
<pin id="121" dir="0" index="1" bw="15" slack="0"/>
<pin id="122" dir="1" index="2" bw="0" slack="2147483647"/>
</pin_list>
<bind>
<opcode="store(28) " fcode="store"/>
<opset="store_ln0/1 "/>
</bind>
</comp>

<comp id="124" class="1004" name="store_ln42_store_fu_124">
<pin_list>
<pin id="125" dir="0" index="0" bw="1" slack="0"/>
<pin id="126" dir="0" index="1" bw="8" slack="0"/>
<pin id="127" dir="1" index="2" bw="0" slack="2147483647"/>
</pin_list>
<bind>
<opcode="store(28) " fcode="store"/>
<opset="store_ln42/1 "/>
</bind>
</comp>

<comp id="129" class="1004" name="store_ln43_store_fu_129">
<pin_list>
<pin id="130" dir="0" index="0" bw="1" slack="0"/>
<pin id="131" dir="0" index="1" bw="8" slack="0"/>
<pin id="132" dir="1" index="2" bw="0" slack="2147483647"/>
</pin_list>
<bind>
<opcode="store(28) " fcode="store"/>
<opset="store_ln43/1 "/>
</bind>
</comp>

<comp id="134" class="1004" name="indvar_flatten13_load_load_fu_134">
<pin_list>
<pin id="135" dir="0" index="0" bw="15" slack="0"/>
<pin id="136" dir="1" index="1" bw="15" slack="0"/>
</pin_list>
<bind>
<opcode="load(27) " fcode="load"/>
<opset="indvar_flatten13_load/1 "/>
</bind>
</comp>

<comp id="137" class="1004" name="icmp_ln42_fu_137">
<pin_list>
<pin id="138" dir="0" index="0" bw="15" slack="0"/>
<pin id="139" dir="0" index="1" bw="15" slack="0"/>
<pin id="140" dir="1" index="2" bw="1" slack="8"/>
</pin_list>
<bind>
<opcode="icmp(45) " fcode="icmp"/>
<opset="icmp_ln42/1 "/>
</bind>
</comp>

<comp id="143" class="1004" name="add_ln42_1_fu_143">
<pin_list>
<pin id="144" dir="0" index="0" bw="15" slack="0"/>
<pin id="145" dir="0" index="1" bw="1" slack="0"/>
<pin id="146" dir="1" index="2" bw="15" slack="0"/>
</pin_list>
<bind>
<opcode="add(8) " fcode="add"/>
<opset="add_ln42_1/1 "/>
</bind>
</comp>

<comp id="149" class="1004" name="store_ln42_store_fu_149">
<pin_list>
<pin id="150" dir="0" index="0" bw="15" slack="0"/>
<pin id="151" dir="0" index="1" bw="15" slack="0"/>
<pin id="152" dir="1" index="2" bw="0" slack="2147483647"/>
</pin_list>
<bind>
<opcode="store(28) " fcode="store"/>
<opset="store_ln42/1 "/>
</bind>
</comp>

<comp id="154" class="1004" name="c_load_load_fu_154">
<pin_list>
<pin id="155" dir="0" index="0" bw="8" slack="1"/>
<pin id="156" dir="1" index="1" bw="8" slack="0"/>
</pin_list>
<bind>
<opcode="load(27) " fcode="load"/>
<opset="c_load/2 "/>
</bind>
</comp>

<comp id="157" class="1004" name="r_load_load_fu_157">
<pin_list>
<pin id="158" dir="0" index="0" bw="8" slack="1"/>
<pin id="159" dir="1" index="1" bw="8" slack="0"/>
</pin_list>
<bind>
<opcode="load(27) " fcode="load"/>
<opset="r_load/2 "/>
</bind>
</comp>

<comp id="160" class="1004" name="add_ln42_fu_160">
<pin_list>
<pin id="161" dir="0" index="0" bw="8" slack="0"/>
<pin id="162" dir="0" index="1" bw="1" slack="0"/>
<pin id="163" dir="1" index="2" bw="8" slack="0"/>
</pin_list>
<bind>
<opcode="add(8) " fcode="add"/>
<opset="add_ln42/2 "/>
</bind>
</comp>

<comp id="166" class="1004" name="icmp_ln43_fu_166">
<pin_list>
<pin id="167" dir="0" index="0" bw="8" slack="0"/>
<pin id="168" dir="0" index="1" bw="8" slack="0"/>
<pin id="169" dir="1" index="2" bw="1" slack="0"/>
</pin_list>
<bind>
<opcode="icmp(45) " fcode="icmp"/>
<opset="icmp_ln43/2 "/>
</bind>
</comp>

<comp id="172" class="1004" name="select_ln42_fu_172">
<pin_list>
<pin id="173" dir="0" index="0" bw="1" slack="0"/>
<pin id="174" dir="0" index="1" bw="1" slack="0"/>
<pin id="175" dir="0" index="2" bw="8" slack="0"/>
<pin id="176" dir="1" index="3" bw="8" slack="0"/>
</pin_list>
<bind>
<opcode="select(49) " fcode="select"/>
<opset="select_ln42/2 "/>
</bind>
</comp>

<comp id="180" class="1004" name="select_ln42_1_fu_180">
<pin_list>
<pin id="181" dir="0" index="0" bw="1" slack="0"/>
<pin id="182" dir="0" index="1" bw="8" slack="0"/>
<pin id="183" dir="0" index="2" bw="8" slack="0"/>
<pin id="184" dir="1" index="3" bw="8" slack="0"/>
</pin_list>
<bind>
<opcode="select(49) " fcode="select"/>
<opset="select_ln42_1/2 "/>
</bind>
</comp>

<comp id="188" class="1004" name="trunc_ln45_fu_188">
<pin_list>
<pin id="189" dir="0" index="0" bw="8" slack="0"/>
<pin id="190" dir="1" index="1" bw="7" slack="1"/>
</pin_list>
<bind>
<opcode="trunc(33) " fcode="trunc"/>
<opset="trunc_ln45/2 "/>
</bind>
</comp>

<comp id="192" class="1004" name="add_ln43_fu_192">
<pin_list>
<pin id="193" dir="0" index="0" bw="8" slack="0"/>
<pin id="194" dir="0" index="1" bw="1" slack="0"/>
<pin id="195" dir="1" index="2" bw="8" slack="0"/>
</pin_list>
<bind>
<opcode="add(8) " fcode="add"/>
<opset="add_ln43/2 "/>
</bind>
</comp>

<comp id="198" class="1004" name="store_ln42_store_fu_198">
<pin_list>
<pin id="199" dir="0" index="0" bw="8" slack="0"/>
<pin id="200" dir="0" index="1" bw="8" slack="1"/>
<pin id="201" dir="1" index="2" bw="0" slack="2147483647"/>
</pin_list>
<bind>
<opcode="store(28) " fcode="store"/>
<opset="store_ln42/2 "/>
</bind>
</comp>

<comp id="203" class="1004" name="store_ln43_store_fu_203">
<pin_list>
<pin id="204" dir="0" index="0" bw="8" slack="0"/>
<pin id="205" dir="0" index="1" bw="8" slack="1"/>
<pin id="206" dir="1" index="2" bw="0" slack="2147483647"/>
</pin_list>
<bind>
<opcode="store(28) " fcode="store"/>
<opset="store_ln43/2 "/>
</bind>
</comp>

<comp id="208" class="1004" name="tmp_s_fu_208">
<pin_list>
<pin id="209" dir="0" index="0" bw="14" slack="0"/>
<pin id="210" dir="0" index="1" bw="7" slack="1"/>
<pin id="211" dir="0" index="2" bw="1" slack="0"/>
<pin id="212" dir="1" index="3" bw="14" slack="0"/>
</pin_list>
<bind>
<opcode="bitconcatenate(1004) " fcode="bitconcatenate"/>
<opset="tmp_s/3 "/>
</bind>
</comp>

<comp id="215" class="1004" name="zext_ln43_fu_215">
<pin_list>
<pin id="216" dir="0" index="0" bw="14" slack="0"/>
<pin id="217" dir="1" index="1" bw="64" slack="0"/>
</pin_list>
<bind>
<opcode="zext(34) " fcode="zext"/>
<opset="zext_ln43/3 "/>
</bind>
</comp>

<comp id="219" class="1004" name="zext_ln43_1_fu_219">
<pin_list>
<pin id="220" dir="0" index="0" bw="8" slack="1"/>
<pin id="221" dir="1" index="1" bw="64" slack="0"/>
</pin_list>
<bind>
<opcode="zext(34) " fcode="zext"/>
<opset="zext_ln43_1/3 "/>
</bind>
</comp>

<comp id="222" class="1004" name="zext_ln45_fu_222">
<pin_list>
<pin id="223" dir="0" index="0" bw="8" slack="1"/>
<pin id="224" dir="1" index="1" bw="14" slack="0"/>
</pin_list>
<bind>
<opcode="zext(34) " fcode="zext"/>
<opset="zext_ln45/3 "/>
</bind>
</comp>

<comp id="225" class="1004" name="add_ln45_2_fu_225">
<pin_list>
<pin id="226" dir="0" index="0" bw="14" slack="0"/>
<pin id="227" dir="0" index="1" bw="8" slack="0"/>
<pin id="228" dir="1" index="2" bw="14" slack="0"/>
</pin_list>
<bind>
<opcode="add(8) " fcode="add"/>
<opset="add_ln45_2/3 "/>
</bind>
</comp>

<comp id="231" class="1004" name="zext_ln45_1_fu_231">
<pin_list>
<pin id="232" dir="0" index="0" bw="14" slack="0"/>
<pin id="233" dir="1" index="1" bw="64" slack="0"/>
</pin_list>
<bind>
<opcode="zext(34) " fcode="zext"/>
<opset="zext_ln45_1/3 "/>
</bind>
</comp>

<comp id="236" class="1004" name="add_ln45_fu_236">
<pin_list>
<pin id="237" dir="0" index="0" bw="8" slack="0"/>
<pin id="238" dir="0" index="1" bw="64" slack="2"/>
<pin id="239" dir="1" index="2" bw="64" slack="0"/>
</pin_list>
<bind>
<opcode="add(8) " fcode="add"/>
<opset="add_ln45/3 "/>
</bind>
</comp>

<comp id="241" class="1004" name="add_ln45_1_fu_241">
<pin_list>
<pin id="242" dir="0" index="0" bw="64" slack="0"/>
<pin id="243" dir="0" index="1" bw="14" slack="0"/>
<pin id="244" dir="1" index="2" bw="64" slack="0"/>
</pin_list>
<bind>
<opcode="add(8) " fcode="add"/>
<opset="add_ln45_1/3 "/>
</bind>
</comp>

<comp id="247" class="1004" name="gmem_out_addr_fu_247">
<pin_list>
<pin id="248" dir="0" index="0" bw="8" slack="0"/>
<pin id="249" dir="0" index="1" bw="64" slack="0"/>
<pin id="250" dir="1" index="2" bw="8" slack="1"/>
</pin_list>
<bind>
<opcode="getelementptr(29) " fcode="getelementptr"/>
<opset="gmem_out_addr/3 "/>
</bind>
</comp>

<comp id="253" class="1005" name="c_reg_253">
<pin_list>
<pin id="254" dir="0" index="0" bw="8" slack="0"/>
<pin id="255" dir="1" index="1" bw="8" slack="0"/>
</pin_list>
<bind>
<opset="c "/>
</bind>
</comp>

<comp id="260" class="1005" name="r_reg_260">
<pin_list>
<pin id="261" dir="0" index="0" bw="8" slack="0"/>
<pin id="262" dir="1" index="1" bw="8" slack="0"/>
</pin_list>
<bind>
<opset="r "/>
</bind>
</comp>

<comp id="267" class="1005" name="indvar_flatten13_reg_267">
<pin_list>
<pin id="268" dir="0" index="0" bw="15" slack="0"/>
<pin id="269" dir="1" index="1" bw="15" slack="0"/>
</pin_list>
<bind>
<opset="indvar_flatten13 "/>
</bind>
</comp>

<comp id="274" class="1005" name="output_img_read_reg_274">
<pin_list>
<pin id="275" dir="0" index="0" bw="64" slack="2"/>
<pin id="276" dir="1" index="1" bw="64" slack="2"/>
</pin_list>
<bind>
<opset="output_img_read "/>
</bind>
</comp>

<comp id="279" class="1005" name="icmp_ln42_reg_279">
<pin_list>
<pin id="280" dir="0" index="0" bw="1" slack="8"/>
<pin id="281" dir="1" index="1" bw="1" slack="2147483647"/>
</pin_list>
<bind>
<opset="icmp_ln42 "/>
</bind>
</comp>

<comp id="283" class="1005" name="select_ln42_reg_283">
<pin_list>
<pin id="284" dir="0" index="0" bw="8" slack="1"/>
<pin id="285" dir="1" index="1" bw="8" slack="1"/>
</pin_list>
<bind>
<opset="select_ln42 "/>
</bind>
</comp>

<comp id="289" class="1005" name="trunc_ln45_reg_289">
<pin_list>
<pin id="290" dir="0" index="0" bw="7" slack="1"/>
<pin id="291" dir="1" index="1" bw="7" slack="1"/>
</pin_list>
<bind>
<opset="trunc_ln45 "/>
</bind>
</comp>

<comp id="294" class="1005" name="local_output_addr_reg_294">
<pin_list>
<pin id="295" dir="0" index="0" bw="14" slack="1"/>
<pin id="296" dir="1" index="1" bw="14" slack="1"/>
</pin_list>
<bind>
<opset="local_output_addr "/>
</bind>
</comp>

<comp id="299" class="1005" name="gmem_out_addr_reg_299">
<pin_list>
<pin id="300" dir="0" index="0" bw="8" slack="1"/>
<pin id="301" dir="1" index="1" bw="8" slack="1"/>
</pin_list>
<bind>
<opset="gmem_out_addr "/>
</bind>
</comp>

<comp id="306" class="1005" name="local_output_load_reg_306">
<pin_list>
<pin id="307" dir="0" index="0" bw="8" slack="1"/>
<pin id="308" dir="1" index="1" bw="8" slack="1"/>
</pin_list>
<bind>
<opset="local_output_load "/>
</bind>
</comp>

</comp_list>

<net_list>
<net id="71"><net_src comp="6" pin="0"/><net_sink comp="68" pin=0"/></net>

<net id="75"><net_src comp="6" pin="0"/><net_sink comp="72" pin=0"/></net>

<net id="79"><net_src comp="6" pin="0"/><net_sink comp="76" pin=0"/></net>

<net id="84"><net_src comp="26" pin="0"/><net_sink comp="80" pin=0"/></net>

<net id="85"><net_src comp="2" pin="0"/><net_sink comp="80" pin=1"/></net>

<net id="91"><net_src comp="4" pin="0"/><net_sink comp="86" pin=0"/></net>

<net id="92"><net_src comp="46" pin="0"/><net_sink comp="86" pin=1"/></net>

<net id="98"><net_src comp="86" pin="3"/><net_sink comp="93" pin=0"/></net>

<net id="104"><net_src comp="48" pin="0"/><net_sink comp="99" pin=0"/></net>

<net id="105"><net_src comp="50" pin="0"/><net_sink comp="99" pin=2"/></net>

<net id="112"><net_src comp="52" pin="0"/><net_sink comp="106" pin=0"/></net>

<net id="113"><net_src comp="54" pin="0"/><net_sink comp="106" pin=3"/></net>

<net id="118"><net_src comp="56" pin="0"/><net_sink comp="114" pin=0"/></net>

<net id="123"><net_src comp="28" pin="0"/><net_sink comp="119" pin=0"/></net>

<net id="128"><net_src comp="30" pin="0"/><net_sink comp="124" pin=0"/></net>

<net id="133"><net_src comp="30" pin="0"/><net_sink comp="129" pin=0"/></net>

<net id="141"><net_src comp="134" pin="1"/><net_sink comp="137" pin=0"/></net>

<net id="142"><net_src comp="34" pin="0"/><net_sink comp="137" pin=1"/></net>

<net id="147"><net_src comp="134" pin="1"/><net_sink comp="143" pin=0"/></net>

<net id="148"><net_src comp="36" pin="0"/><net_sink comp="143" pin=1"/></net>

<net id="153"><net_src comp="143" pin="2"/><net_sink comp="149" pin=0"/></net>

<net id="164"><net_src comp="157" pin="1"/><net_sink comp="160" pin=0"/></net>

<net id="165"><net_src comp="38" pin="0"/><net_sink comp="160" pin=1"/></net>

<net id="170"><net_src comp="154" pin="1"/><net_sink comp="166" pin=0"/></net>

<net id="171"><net_src comp="40" pin="0"/><net_sink comp="166" pin=1"/></net>

<net id="177"><net_src comp="166" pin="2"/><net_sink comp="172" pin=0"/></net>

<net id="178"><net_src comp="30" pin="0"/><net_sink comp="172" pin=1"/></net>

<net id="179"><net_src comp="154" pin="1"/><net_sink comp="172" pin=2"/></net>

<net id="185"><net_src comp="166" pin="2"/><net_sink comp="180" pin=0"/></net>

<net id="186"><net_src comp="160" pin="2"/><net_sink comp="180" pin=1"/></net>

<net id="187"><net_src comp="157" pin="1"/><net_sink comp="180" pin=2"/></net>

<net id="191"><net_src comp="180" pin="3"/><net_sink comp="188" pin=0"/></net>

<net id="196"><net_src comp="172" pin="3"/><net_sink comp="192" pin=0"/></net>

<net id="197"><net_src comp="38" pin="0"/><net_sink comp="192" pin=1"/></net>

<net id="202"><net_src comp="180" pin="3"/><net_sink comp="198" pin=0"/></net>

<net id="207"><net_src comp="192" pin="2"/><net_sink comp="203" pin=0"/></net>

<net id="213"><net_src comp="42" pin="0"/><net_sink comp="208" pin=0"/></net>

<net id="214"><net_src comp="44" pin="0"/><net_sink comp="208" pin=2"/></net>

<net id="218"><net_src comp="208" pin="3"/><net_sink comp="215" pin=0"/></net>

<net id="229"><net_src comp="208" pin="3"/><net_sink comp="225" pin=0"/></net>

<net id="230"><net_src comp="222" pin="1"/><net_sink comp="225" pin=1"/></net>

<net id="234"><net_src comp="225" pin="2"/><net_sink comp="231" pin=0"/></net>

<net id="235"><net_src comp="231" pin="1"/><net_sink comp="86" pin=2"/></net>

<net id="240"><net_src comp="219" pin="1"/><net_sink comp="236" pin=0"/></net>

<net id="245"><net_src comp="236" pin="2"/><net_sink comp="241" pin=0"/></net>

<net id="246"><net_src comp="215" pin="1"/><net_sink comp="241" pin=1"/></net>

<net id="251"><net_src comp="0" pin="0"/><net_sink comp="247" pin=0"/></net>

<net id="252"><net_src comp="241" pin="2"/><net_sink comp="247" pin=1"/></net>

<net id="256"><net_src comp="68" pin="1"/><net_sink comp="253" pin=0"/></net>

<net id="257"><net_src comp="253" pin="1"/><net_sink comp="129" pin=1"/></net>

<net id="258"><net_src comp="253" pin="1"/><net_sink comp="154" pin=0"/></net>

<net id="259"><net_src comp="253" pin="1"/><net_sink comp="203" pin=1"/></net>

<net id="263"><net_src comp="72" pin="1"/><net_sink comp="260" pin=0"/></net>

<net id="264"><net_src comp="260" pin="1"/><net_sink comp="124" pin=1"/></net>

<net id="265"><net_src comp="260" pin="1"/><net_sink comp="157" pin=0"/></net>

<net id="266"><net_src comp="260" pin="1"/><net_sink comp="198" pin=1"/></net>

<net id="270"><net_src comp="76" pin="1"/><net_sink comp="267" pin=0"/></net>

<net id="271"><net_src comp="267" pin="1"/><net_sink comp="119" pin=1"/></net>

<net id="272"><net_src comp="267" pin="1"/><net_sink comp="134" pin=0"/></net>

<net id="273"><net_src comp="267" pin="1"/><net_sink comp="149" pin=1"/></net>

<net id="277"><net_src comp="80" pin="2"/><net_sink comp="274" pin=0"/></net>

<net id="278"><net_src comp="274" pin="1"/><net_sink comp="236" pin=1"/></net>

<net id="282"><net_src comp="137" pin="2"/><net_sink comp="279" pin=0"/></net>

<net id="286"><net_src comp="172" pin="3"/><net_sink comp="283" pin=0"/></net>

<net id="287"><net_src comp="283" pin="1"/><net_sink comp="219" pin=0"/></net>

<net id="288"><net_src comp="283" pin="1"/><net_sink comp="222" pin=0"/></net>

<net id="292"><net_src comp="188" pin="1"/><net_sink comp="289" pin=0"/></net>

<net id="293"><net_src comp="289" pin="1"/><net_sink comp="208" pin=1"/></net>

<net id="297"><net_src comp="86" pin="3"/><net_sink comp="294" pin=0"/></net>

<net id="298"><net_src comp="294" pin="1"/><net_sink comp="93" pin=0"/></net>

<net id="302"><net_src comp="247" pin="2"/><net_sink comp="299" pin=0"/></net>

<net id="303"><net_src comp="299" pin="1"/><net_sink comp="99" pin=1"/></net>

<net id="304"><net_src comp="299" pin="1"/><net_sink comp="106" pin=1"/></net>

<net id="305"><net_src comp="299" pin="1"/><net_sink comp="114" pin=1"/></net>

<net id="309"><net_src comp="93" pin="3"/><net_sink comp="306" pin=0"/></net>

<net id="310"><net_src comp="306" pin="1"/><net_sink comp="106" pin=2"/></net>

</net_list>

</model> 
---------------- Datapath Model END ------------------

* FSMD analyzer results:
  - Output states:
	Port: gmem_out | {4 5 6 7 8 9 10 }
 - Input state : 
	Port: vitis_convolution_Pipeline_Write_Rows_Write_Cols : output_img | {1 }
	Port: vitis_convolution_Pipeline_Write_Rows_Write_Cols : local_output | {3 4 }
  - Chain level:
	State 1
		store_ln0 : 1
		store_ln42 : 1
		store_ln43 : 1
		indvar_flatten13_load : 1
		icmp_ln42 : 2
		add_ln42_1 : 2
		br_ln42 : 3
		store_ln42 : 3
	State 2
		add_ln42 : 1
		icmp_ln43 : 1
		select_ln42 : 2
		select_ln42_1 : 2
		trunc_ln45 : 3
		add_ln43 : 3
		store_ln42 : 3
		store_ln43 : 4
	State 3
		zext_ln43 : 1
		add_ln45_2 : 1
		zext_ln45_1 : 2
		local_output_addr : 3
		local_output_load : 4
		add_ln45 : 1
		add_ln45_1 : 2
		gmem_out_addr : 3
	State 4
	State 5
	State 6
	State 7
	State 8
	State 9
	State 10


============================================================
+ Verbose Summary: Datapath Resource usage 
============================================================

* Functional unit list:
|----------|----------------------------------|---------|---------|
| Operation|          Functional Unit         |    FF   |   LUT   |
|----------|----------------------------------|---------|---------|
|          |         add_ln42_1_fu_143        |    0    |    20   |
|          |          add_ln42_fu_160         |    0    |    15   |
|    add   |          add_ln43_fu_192         |    0    |    15   |
|          |         add_ln45_2_fu_225        |    0    |    17   |
|          |          add_ln45_fu_236         |    0    |    64   |
|          |         add_ln45_1_fu_241        |    0    |    64   |
|----------|----------------------------------|---------|---------|
|   icmp   |         icmp_ln42_fu_137         |    0    |    20   |
|          |         icmp_ln43_fu_166         |    0    |    15   |
|----------|----------------------------------|---------|---------|
|  select  |        select_ln42_fu_172        |    0    |    8    |
|          |       select_ln42_1_fu_180       |    0    |    8    |
|----------|----------------------------------|---------|---------|
|   read   |    output_img_read_read_fu_80    |    0    |    0    |
|----------|----------------------------------|---------|---------|
| writereq | gmem_out_addr_req_writereq_fu_99 |    0    |    0    |
|----------|----------------------------------|---------|---------|
|   write  |      write_ln45_write_fu_106     |    0    |    0    |
|----------|----------------------------------|---------|---------|
| writeresp|       grp_writeresp_fu_114       |    0    |    0    |
|----------|----------------------------------|---------|---------|
|   trunc  |         trunc_ln45_fu_188        |    0    |    0    |
|----------|----------------------------------|---------|---------|
|bitconcatenate|           tmp_s_fu_208           |    0    |    0    |
|----------|----------------------------------|---------|---------|
|          |         zext_ln43_fu_215         |    0    |    0    |
|   zext   |        zext_ln43_1_fu_219        |    0    |    0    |
|          |         zext_ln45_fu_222         |    0    |    0    |
|          |        zext_ln45_1_fu_231        |    0    |    0    |
|----------|----------------------------------|---------|---------|
|   Total  |                                  |    0    |   246   |
|----------|----------------------------------|---------|---------|

Memories:
N/A

* Register list:
+-------------------------+--------+
|                         |   FF   |
+-------------------------+--------+
|        c_reg_253        |    8   |
|  gmem_out_addr_reg_299  |    8   |
|    icmp_ln42_reg_279    |    1   |
| indvar_flatten13_reg_267|   15   |
|local_output_addr_reg_294|   14   |
|local_output_load_reg_306|    8   |
| output_img_read_reg_274 |   64   |
|        r_reg_260        |    8   |
|   select_ln42_reg_283   |    8   |
|    trunc_ln45_reg_289   |    7   |
+-------------------------+--------+
|          Total          |   141  |
+-------------------------+--------+

* Multiplexer (MUX) list: 
|------------------|------|------|------|--------||---------||---------||---------|
|       Comp       |  Pin | Size |  BW  | S x BW ||  Delay  ||    FF   ||   LUT   |
|------------------|------|------|------|--------||---------||---------||---------|
| grp_access_fu_93 |  p0  |   2  |  14  |   28   ||    0    ||    9    |
|------------------|------|------|------|--------||---------||---------||---------|
|       Total      |      |      |      |   28   ||  1.588  ||    0    ||    9    |
|------------------|------|------|------|--------||---------||---------||---------|



* Summary:
+-----------+--------+--------+--------+
|           |  Delay |   FF   |   LUT  |
+-----------+--------+--------+--------+
|  Function |    -   |    0   |   246  |
|   Memory  |    -   |    -   |    -   |
|Multiplexer|    1   |    0   |    9   |
|  Register |    -   |   141  |    -   |
+-----------+--------+--------+--------+
|   Total   |    1   |   141  |   255  |
+-----------+--------+--------+--------+
