

================================================================
== Vitis HLS Report for 'vitis_convolution_Pipeline_Write_Rows_Write_Cols'
================================================================
* Date:           Fri May 22 02:53:18 2026

* Version:        2025.2 (Build 6295257 on Nov 14 2025)
* Project:        Edges
* Solution:       hls (Vivado IP Flow Target)
* Product family: zynq
* Target device:  xc7z020-clg400-1


================================================================
== Performance Estimates
================================================================
+ Timing: 
    * Summary: 
    +--------+----------+----------+------------+
    |  Clock |  Target  | Estimated| Uncertainty|
    +--------+----------+----------+------------+
    |ap_clk  |  10.00 ns|  7.300 ns|     2.70 ns|
    +--------+----------+----------+------------+

+ Latency: 
    * Summary: 
    +---------+---------+----------+----------+-----+-----+-------------------+
    |  Latency (cycles) |  Latency (absolute) |  Interval |      Pipeline     |
    |   min   |   max   |    min   |    max   | min | max |        Type       |
    +---------+---------+----------+----------+-----+-----+-------------------+
    |    16394|    16394|  0.164 ms|  0.164 ms|    0|    0|  loop pipeline stp|
    +---------+---------+----------+----------+-----+-----+-------------------+

    + Detail: 
        * Instance: 
        N/A

        * Loop: 
        +-------------------------+---------+---------+----------+-----------+-----------+-------+----------+
        |                         |  Latency (cycles) | Iteration|  Initiation Interval  |  Trip |          |
        |        Loop Name        |   min   |   max   |  Latency |  achieved |   target  | Count | Pipelined|
        +-------------------------+---------+---------+----------+-----------+-----------+-------+----------+
        |- Write_Rows_Write_Cols  |    16392|    16392|        10|          1|          1|  16384|       yes|
        +-------------------------+---------+---------+----------+-----------+-----------+-------+----------+

============================================================
+ Verbose Summary: Synthesis Manager
============================================================
InlineROM: 1
ExposeGlobal: 0
============================================================
+ Verbose Summary: CDFG Model
============================================================
IsTopModel: 0
ResetActiveHigh: 1
IsCombinational: 0
IsDatapathOnly: 0
HasWiredReturn: 1
HasMFsm: 2
HasVarLatency: 1
IsPipeline: 0
IsRtlPipelined: 0
IsInstanceOverlapped: 0
IsDontTouch: 0
HasImplIP: 0
IsGatedGlobalClock: 0

+ Individual pipeline summary: 
  * Pipeline-0: initiation interval (II) = 1, depth = 10


============================================================
+ Verbose Summary: Schedule
============================================================
* Number of FSM states : 10
* Pipeline : 1
  Pipeline-0 : II = 1, D = 10, States = { 1 2 3 4 5 6 7 8 9 10 }
* Dataflow Pipeline: 0

* FSM state transitions: 
1 --> 2 
2 --> 3 
3 --> 4 
4 --> 5 
5 --> 6 
6 --> 7 
7 --> 8 
8 --> 9 
9 --> 10 
10 --> 

* FSM state operations: 

State 1 <SV = 0> <Delay = 5.12>
ST_1 : Operation 13 [1/1] (0.00ns)   --->   "%c = alloca i32 1" [vitis_convolution.cpp:45]   --->   Operation 13 'alloca' 'c' <Predicate = true> <Delay = 0.00>
ST_1 : Operation 14 [1/1] (0.00ns)   --->   "%r = alloca i32 1" [vitis_convolution.cpp:44]   --->   Operation 14 'alloca' 'r' <Predicate = true> <Delay = 0.00>
ST_1 : Operation 15 [1/1] (0.00ns)   --->   "%indvar_flatten7 = alloca i32 1"   --->   Operation 15 'alloca' 'indvar_flatten7' <Predicate = true> <Delay = 0.00>
ST_1 : Operation 16 [1/1] (0.00ns)   --->   "%specinterface_ln0 = specinterface void @_ssdm_op_SpecInterface, i8 %gmem, void @empty, i32 0, i32 0, void @empty_0, i32 0, i32 16384, void @empty_1, void @empty_2, void @empty_0, i32 16, i32 16, i32 16, i32 16, void @empty_0, void @empty_0, i32 4294967295, i32 0, i32 0, i32 1"   --->   Operation 16 'specinterface' 'specinterface_ln0' <Predicate = true> <Delay = 0.00>
ST_1 : Operation 17 [1/1] (0.00ns)   --->   "%output_img_read = read i32 @_ssdm_op_Read.ap_auto.i32, i32 %output_img"   --->   Operation 17 'read' 'output_img_read' <Predicate = true> <Delay = 0.00>
ST_1 : Operation 18 [1/1] (1.58ns)   --->   "%store_ln0 = store i15 0, i15 %indvar_flatten7"   --->   Operation 18 'store' 'store_ln0' <Predicate = true> <Delay = 1.58>
ST_1 : Operation 19 [1/1] (1.58ns)   --->   "%store_ln44 = store i8 0, i8 %r" [vitis_convolution.cpp:44]   --->   Operation 19 'store' 'store_ln44' <Predicate = true> <Delay = 1.58>
ST_1 : Operation 20 [1/1] (1.58ns)   --->   "%store_ln45 = store i8 0, i8 %c" [vitis_convolution.cpp:45]   --->   Operation 20 'store' 'store_ln45' <Predicate = true> <Delay = 1.58>
ST_1 : Operation 21 [1/1] (0.00ns)   --->   "%br_ln0 = br void %for.inc79"   --->   Operation 21 'br' 'br_ln0' <Predicate = true> <Delay = 0.00>
ST_1 : Operation 22 [1/1] (0.00ns)   --->   "%indvar_flatten7_load = load i15 %indvar_flatten7" [vitis_convolution.cpp:44]   --->   Operation 22 'load' 'indvar_flatten7_load' <Predicate = true> <Delay = 0.00>
ST_1 : Operation 23 [1/1] (0.00ns)   --->   "%specbitsmap_ln0 = specbitsmap void @_ssdm_op_SpecBitsMap, i8 %gmem"   --->   Operation 23 'specbitsmap' 'specbitsmap_ln0' <Predicate = true> <Delay = 0.00>
ST_1 : Operation 24 [1/1] (1.94ns)   --->   "%icmp_ln44 = icmp_eq  i15 %indvar_flatten7_load, i15 16384" [vitis_convolution.cpp:44]   --->   Operation 24 'icmp' 'icmp_ln44' <Predicate = true> <Delay = 1.94> <CoreInst = "Cmp">   --->   Core 9 'Cmp' <Latency = 0> <II = 1> <Delay = 1.94> <FuncUnit> <Opcode : 'seteq' 'setne' 'setle' 'setge' 'setlt' 'setgt'> <InPorts = 2> <OutPorts = 1>
ST_1 : Operation 25 [1/1] (1.94ns)   --->   "%add_ln44 = add i15 %indvar_flatten7_load, i15 1" [vitis_convolution.cpp:44]   --->   Operation 25 'add' 'add_ln44' <Predicate = true> <Delay = 1.94> <CoreInst = "Adder">   --->   Core 1 'Adder' <Latency = 0> <II = 1> <Delay = 1.94> <FuncUnit> <Opcode : 'add' 'sub'> <InPorts = 2> <OutPorts = 1>
ST_1 : Operation 26 [1/1] (0.00ns)   --->   "%br_ln44 = br i1 %icmp_ln44, void %for.inc82, void %for.end84.exitStub" [vitis_convolution.cpp:44]   --->   Operation 26 'br' 'br_ln44' <Predicate = true> <Delay = 0.00>
ST_1 : Operation 27 [1/1] (1.58ns)   --->   "%store_ln44 = store i15 %add_ln44, i15 %indvar_flatten7" [vitis_convolution.cpp:44]   --->   Operation 27 'store' 'store_ln44' <Predicate = (!icmp_ln44)> <Delay = 1.58>

State 2 <SV = 1> <Delay = 6.66>
ST_2 : Operation 28 [1/1] (0.00ns)   --->   "%c_load = load i8 %c" [vitis_convolution.cpp:45]   --->   Operation 28 'load' 'c_load' <Predicate = true> <Delay = 0.00>
ST_2 : Operation 29 [1/1] (0.00ns)   --->   "%r_load = load i8 %r" [vitis_convolution.cpp:44]   --->   Operation 29 'load' 'r_load' <Predicate = true> <Delay = 0.00>
ST_2 : Operation 30 [1/1] (1.91ns)   --->   "%icmp_ln45 = icmp_eq  i8 %c_load, i8 128" [vitis_convolution.cpp:45]   --->   Operation 30 'icmp' 'icmp_ln45' <Predicate = true> <Delay = 1.91> <CoreInst = "Cmp">   --->   Core 9 'Cmp' <Latency = 0> <II = 1> <Delay = 1.91> <FuncUnit> <Opcode : 'seteq' 'setne' 'setle' 'setge' 'setlt' 'setgt'> <InPorts = 2> <OutPorts = 1>
ST_2 : Operation 31 [1/1] (1.24ns)   --->   "%select_ln44 = select i1 %icmp_ln45, i8 0, i8 %c_load" [vitis_convolution.cpp:44]   --->   Operation 31 'select' 'select_ln44' <Predicate = true> <Delay = 1.24> <CoreInst = "Sel">   --->   Core 73 'Sel' <Latency = 0> <II = 1> <Delay = 1.24> <FuncUnit> <Opcode : 'select'> <InPorts = 3> <OutPorts = 1>
ST_2 : Operation 32 [1/1] (1.91ns)   --->   "%add_ln44_1 = add i8 %r_load, i8 1" [vitis_convolution.cpp:44]   --->   Operation 32 'add' 'add_ln44_1' <Predicate = true> <Delay = 1.91> <CoreInst = "Adder">   --->   Core 1 'Adder' <Latency = 0> <II = 1> <Delay = 1.91> <FuncUnit> <Opcode : 'add' 'sub'> <InPorts = 2> <OutPorts = 1>
ST_2 : Operation 33 [1/1] (1.24ns)   --->   "%select_ln44_1 = select i1 %icmp_ln45, i8 %add_ln44_1, i8 %r_load" [vitis_convolution.cpp:44]   --->   Operation 33 'select' 'select_ln44_1' <Predicate = true> <Delay = 1.24> <CoreInst = "Sel">   --->   Core 73 'Sel' <Latency = 0> <II = 1> <Delay = 1.24> <FuncUnit> <Opcode : 'select'> <InPorts = 3> <OutPorts = 1>
ST_2 : Operation 34 [1/1] (0.00ns)   --->   "%trunc_ln47 = trunc i8 %select_ln44_1" [vitis_convolution.cpp:47]   --->   Operation 34 'trunc' 'trunc_ln47' <Predicate = true> <Delay = 0.00>
ST_2 : Operation 35 [1/1] (0.00ns)   --->   "%trunc_ln47_1 = trunc i8 %select_ln44" [vitis_convolution.cpp:47]   --->   Operation 35 'trunc' 'trunc_ln47_1' <Predicate = true> <Delay = 0.00>
ST_2 : Operation 36 [1/1] (1.91ns)   --->   "%add_ln45 = add i8 %select_ln44, i8 1" [vitis_convolution.cpp:45]   --->   Operation 36 'add' 'add_ln45' <Predicate = true> <Delay = 1.91> <CoreInst = "Adder">   --->   Core 1 'Adder' <Latency = 0> <II = 1> <Delay = 1.91> <FuncUnit> <Opcode : 'add' 'sub'> <InPorts = 2> <OutPorts = 1>
ST_2 : Operation 37 [1/1] (1.58ns)   --->   "%store_ln44 = store i8 %select_ln44_1, i8 %r" [vitis_convolution.cpp:44]   --->   Operation 37 'store' 'store_ln44' <Predicate = true> <Delay = 1.58>
ST_2 : Operation 38 [1/1] (1.58ns)   --->   "%store_ln45 = store i8 %add_ln45, i8 %c" [vitis_convolution.cpp:45]   --->   Operation 38 'store' 'store_ln45' <Predicate = true> <Delay = 1.58>

State 3 <SV = 2> <Delay = 4.37>
ST_3 : Operation 39 [1/1] (0.00ns)   --->   "%shl_ln1 = bitconcatenate i14 @_ssdm_op_BitConcatenate.i14.i7.i7, i7 %trunc_ln47, i7 0" [vitis_convolution.cpp:47]   --->   Operation 39 'bitconcatenate' 'shl_ln1' <Predicate = true> <Delay = 0.00>
ST_3 : Operation 40 [1/1] (0.00ns)   --->   "%zext_ln47 = zext i14 %shl_ln1" [vitis_convolution.cpp:47]   --->   Operation 40 'zext' 'zext_ln47' <Predicate = true> <Delay = 0.00>
ST_3 : Operation 41 [1/1] (0.00ns)   --->   "%zext_ln47_1 = zext i7 %trunc_ln47_1" [vitis_convolution.cpp:47]   --->   Operation 41 'zext' 'zext_ln47_1' <Predicate = true> <Delay = 0.00>
ST_3 : Operation 42 [1/1] (0.00ns) (grouped into TernaryAdder)   --->   "%add_ln47 = add i32 %zext_ln47, i32 %output_img_read" [vitis_convolution.cpp:47]   --->   Operation 42 'add' 'add_ln47' <Predicate = true> <Delay = 0.00> <CoreInst = "TAddSub">   --->   Core 10 'TAddSub' <Latency = 0> <II = 1> <Delay = 2.18> <IPBlock> <Opcode : 'add' 'sub'> <InPorts = 3> <OutPorts = 1> <Sync> <CReg>
ST_3 : Operation 43 [1/1] (4.37ns) (root node of TernaryAdder)   --->   "%add_ln47_1 = add i32 %add_ln47, i32 %zext_ln47_1" [vitis_convolution.cpp:47]   --->   Operation 43 'add' 'add_ln47_1' <Predicate = true> <Delay = 4.37> <CoreInst = "TAddSub">   --->   Core 10 'TAddSub' <Latency = 0> <II = 1> <Delay = 2.18> <IPBlock> <Opcode : 'add' 'sub'> <InPorts = 3> <OutPorts = 1> <Sync> <CReg>
ST_3 : Operation 44 [1/1] (0.00ns)   --->   "%gmem_addr = getelementptr i8 %gmem, i32 %add_ln47_1" [vitis_convolution.cpp:47]   --->   Operation 44 'getelementptr' 'gmem_addr' <Predicate = true> <Delay = 0.00>

State 4 <SV = 3> <Delay = 7.30>
ST_4 : Operation 45 [1/1] ( I:7.30ns O:7.30ns )   --->   "%gmem_addr_1_req = writereq i1 @_ssdm_op_WriteReq.m_axi.i8P1A, i8 %gmem_addr, i32 1" [vitis_convolution.cpp:47]   --->   Operation 45 'writereq' 'gmem_addr_1_req' <Predicate = true> <Delay = 7.30> <CoreInst = "m_axi">   --->   Core 111 'm_axi' <Latency = 9> <II = 1> <Delay = 1.00> <Adapter> <Opcode : 'readrequnaligned' 'writerequnaligned' 'read' 'write' 'readreq' 'writereq' 'writeresp'>

State 5 <SV = 4> <Delay = 7.30>
ST_5 : Operation 46 [1/1] ( I:7.30ns O:7.30ns )   --->   "%write_ln47 = write void @_ssdm_op_Write.m_axi.volatile.i8P1A, i8 %gmem_addr, i8 0, i1 1" [vitis_convolution.cpp:47]   --->   Operation 46 'write' 'write_ln47' <Predicate = true> <Delay = 7.30> <CoreInst = "m_axi">   --->   Core 111 'm_axi' <Latency = 5> <II = 1> <Delay = 1.00> <Adapter> <Opcode : 'readrequnaligned' 'writerequnaligned' 'read' 'write' 'readreq' 'writereq' 'writeresp'>

State 6 <SV = 5> <Delay = 0.00>
ST_6 : Operation 47 [5/5] (7.30ns)   --->   "%gmem_addr_1_resp = writeresp i1 @_ssdm_op_WriteResp.m_axi.i8P1A, i8 %gmem_addr" [vitis_convolution.cpp:47]   --->   Operation 47 'writeresp' 'gmem_addr_1_resp' <Predicate = true> <Delay = 7.30> <CoreInst = "m_axi">   --->   Core 111 'm_axi' <Latency = 3> <II = 1> <Delay = 1.00> <Adapter> <Opcode : 'readrequnaligned' 'writerequnaligned' 'read' 'write' 'readreq' 'writereq' 'writeresp'>

State 7 <SV = 6> <Delay = 0.00>
ST_7 : Operation 48 [4/5] (7.30ns)   --->   "%gmem_addr_1_resp = writeresp i1 @_ssdm_op_WriteResp.m_axi.i8P1A, i8 %gmem_addr" [vitis_convolution.cpp:47]   --->   Operation 48 'writeresp' 'gmem_addr_1_resp' <Predicate = true> <Delay = 7.30> <CoreInst = "m_axi">   --->   Core 111 'm_axi' <Latency = 3> <II = 1> <Delay = 1.00> <Adapter> <Opcode : 'readrequnaligned' 'writerequnaligned' 'read' 'write' 'readreq' 'writereq' 'writeresp'>

State 8 <SV = 7> <Delay = 0.00>
ST_8 : Operation 49 [3/5] (7.30ns)   --->   "%gmem_addr_1_resp = writeresp i1 @_ssdm_op_WriteResp.m_axi.i8P1A, i8 %gmem_addr" [vitis_convolution.cpp:47]   --->   Operation 49 'writeresp' 'gmem_addr_1_resp' <Predicate = true> <Delay = 7.30> <CoreInst = "m_axi">   --->   Core 111 'm_axi' <Latency = 3> <II = 1> <Delay = 1.00> <Adapter> <Opcode : 'readrequnaligned' 'writerequnaligned' 'read' 'write' 'readreq' 'writereq' 'writeresp'>

State 9 <SV = 8> <Delay = 1.58>
ST_9 : Operation 50 [2/5] (7.30ns)   --->   "%gmem_addr_1_resp = writeresp i1 @_ssdm_op_WriteResp.m_axi.i8P1A, i8 %gmem_addr" [vitis_convolution.cpp:47]   --->   Operation 50 'writeresp' 'gmem_addr_1_resp' <Predicate = true> <Delay = 7.30> <CoreInst = "m_axi">   --->   Core 111 'm_axi' <Latency = 3> <II = 1> <Delay = 1.00> <Adapter> <Opcode : 'readrequnaligned' 'writerequnaligned' 'read' 'write' 'readreq' 'writereq' 'writeresp'>
ST_9 : Operation 56 [1/1] (1.58ns)   --->   "%ret_ln0 = ret"   --->   Operation 56 'ret' 'ret_ln0' <Predicate = (icmp_ln44)> <Delay = 1.58>

State 10 <SV = 9> <Delay = 7.30>
ST_10 : Operation 51 [1/1] (0.00ns)   --->   "%specloopname_ln0 = specloopname void @_ssdm_op_SpecLoopName, void @Write_Rows_Write_Cols_str"   --->   Operation 51 'specloopname' 'specloopname_ln0' <Predicate = true> <Delay = 0.00>
ST_10 : Operation 52 [1/1] (0.00ns)   --->   "%speclooptripcount_ln0 = speclooptripcount void @_ssdm_op_SpecLoopTripCount, i64 16384, i64 16384, i64 16384"   --->   Operation 52 'speclooptripcount' 'speclooptripcount_ln0' <Predicate = true> <Delay = 0.00>
ST_10 : Operation 53 [1/1] (0.00ns)   --->   "%specpipeline_ln46 = specpipeline void @_ssdm_op_SpecPipeline, i32 1, i32 0, i32 0, i32 0, i32 4294967295, void @empty_0" [vitis_convolution.cpp:46]   --->   Operation 53 'specpipeline' 'specpipeline_ln46' <Predicate = true> <Delay = 0.00>
ST_10 : Operation 54 [1/5] ( I:7.30ns O:7.30ns )   --->   "%gmem_addr_1_resp = writeresp i1 @_ssdm_op_WriteResp.m_axi.i8P1A, i8 %gmem_addr" [vitis_convolution.cpp:47]   --->   Operation 54 'writeresp' 'gmem_addr_1_resp' <Predicate = true> <Delay = 7.30> <CoreInst = "m_axi">   --->   Core 111 'm_axi' <Latency = 3> <II = 1> <Delay = 1.00> <Adapter> <Opcode : 'readrequnaligned' 'writerequnaligned' 'read' 'write' 'readreq' 'writereq' 'writeresp'>
ST_10 : Operation 55 [1/1] (0.00ns)   --->   "%br_ln45 = br void %for.inc79" [vitis_convolution.cpp:45]   --->   Operation 55 'br' 'br_ln45' <Predicate = true> <Delay = 0.00>


============================================================
+ Verbose Summary: Timing violations
============================================================
Target clock period: 10.000ns, clock uncertainty: 2.700ns.

 <State 1>: 5.120ns
The critical path consists of the following:
	'store' operation ('store_ln0') of constant 0 15 bit on local variable 'indvar_flatten7' [8]  (1.588 ns)
	'load' operation 15 bit ('indvar_flatten7_load', vitis_convolution.cpp:44) on local variable 'indvar_flatten7' [13]  (0.000 ns)
	'add' operation 15 bit ('add_ln44', vitis_convolution.cpp:44) [16]  (1.944 ns)
	'store' operation ('store_ln44', vitis_convolution.cpp:44) of variable 'add_ln44', vitis_convolution.cpp:44 15 bit on local variable 'indvar_flatten7' [40]  (1.588 ns)

 <State 2>: 6.666ns
The critical path consists of the following:
	'load' operation 8 bit ('c_load', vitis_convolution.cpp:45) on local variable 'c', vitis_convolution.cpp:45 [19]  (0.000 ns)
	'icmp' operation 1 bit ('icmp_ln45', vitis_convolution.cpp:45) [23]  (1.915 ns)
	'select' operation 8 bit ('select_ln44', vitis_convolution.cpp:44) [24]  (1.248 ns)
	'add' operation 8 bit ('add_ln45', vitis_convolution.cpp:45) [39]  (1.915 ns)
	'store' operation ('store_ln45', vitis_convolution.cpp:45) of variable 'add_ln45', vitis_convolution.cpp:45 8 bit on local variable 'c', vitis_convolution.cpp:45 [42]  (1.588 ns)

 <State 3>: 4.371ns
The critical path consists of the following:
	'add' operation 32 bit ('add_ln47', vitis_convolution.cpp:47) [33]  (0.000 ns)
	'add' operation 32 bit ('add_ln47_1', vitis_convolution.cpp:47) [34]  (4.371 ns)

 <State 4>: 7.300ns
The critical path consists of the following:
	bus request operation ('gmem_addr_1_req', vitis_convolution.cpp:47) on port 'gmem' (vitis_convolution.cpp:47) [36]  (7.300 ns)

 <State 5>: 7.300ns
The critical path consists of the following:
	bus write operation ('write_ln47', vitis_convolution.cpp:47) on port 'gmem' (vitis_convolution.cpp:47) [37]  (7.300 ns)

 <State 6>: 0.000ns
The critical path consists of the following:

 <State 7>: 0.000ns
The critical path consists of the following:

 <State 8>: 0.000ns
The critical path consists of the following:

 <State 9>: 1.588ns
The critical path consists of the following:

 <State 10>: 7.300ns
The critical path consists of the following:
	bus response operation ('gmem_addr_1_resp', vitis_convolution.cpp:47) on port 'gmem' (vitis_convolution.cpp:47) [38]  (7.300 ns)


============================================================
+ Verbose Summary: Binding
============================================================
N/A
* FSMD analyzer results:
  - Output states:
 - Input state : 
  - Chain level:
	State 1
	State 2
	State 3
	State 4
	State 5
	State 6
	State 7
	State 8
	State 9
	State 10


============================================================
+ Verbose Summary: Datapath Resource usage 
============================================================
N/A
