

================================================================
== Vitis HLS Report for 'vitis_convolution_Pipeline_Write_Rows_Write_Cols'
================================================================
* Date:           Wed May 20 02:51:43 2026

* Version:        2025.2 (Build 6295257 on Nov 14 2025)
* Project:        2D_Convolutie
* Solution:       hls (Vivado IP Flow Target)
* Product family: zynq
* Target device:  xc7z020-clg400-1


================================================================
== Performance Estimates
================================================================
+ Timing: 
    * Summary: 
    +--------+----------+----------+------------+
    |  Clock |  Target  | Estimated| Uncertainty|
    +--------+----------+----------+------------+
    |ap_clk  |  10.00 ns|  7.300 ns|     2.70 ns|
    +--------+----------+----------+------------+

+ Latency: 
    * Summary: 
    +---------+---------+----------+----------+-----+-----+-------------------+
    |  Latency (cycles) |  Latency (absolute) |  Interval |      Pipeline     |
    |   min   |   max   |    min   |    max   | min | max |        Type       |
    +---------+---------+----------+----------+-----+-----+-------------------+
    |    16394|    16394|  0.164 ms|  0.164 ms|    0|    0|  loop pipeline stp|
    +---------+---------+----------+----------+-----+-----+-------------------+

    + Detail: 
        * Instance: 
        N/A

        * Loop: 
        +-------------------------+---------+---------+----------+-----------+-----------+-------+----------+
        |                         |  Latency (cycles) | Iteration|  Initiation Interval  |  Trip |          |
        |        Loop Name        |   min   |   max   |  Latency |  achieved |   target  | Count | Pipelined|
        +-------------------------+---------+---------+----------+-----------+-----------+-------+----------+
        |- Write_Rows_Write_Cols  |    16392|    16392|        10|          1|          1|  16384|       yes|
        +-------------------------+---------+---------+----------+-----------+-----------+-------+----------+

============================================================
+ Verbose Summary: Synthesis Manager
============================================================
InlineROM: 1
ExposeGlobal: 0
============================================================
+ Verbose Summary: CDFG Model
============================================================
IsTopModel: 0
ResetActiveHigh: 1
IsCombinational: 0
IsDatapathOnly: 0
HasWiredReturn: 1
HasMFsm: 2
HasVarLatency: 1
IsPipeline: 0
IsRtlPipelined: 0
IsInstanceOverlapped: 0
IsDontTouch: 0
HasImplIP: 0
IsGatedGlobalClock: 0

+ Individual pipeline summary: 
  * Pipeline-0: initiation interval (II) = 1, depth = 10


============================================================
+ Verbose Summary: Schedule
============================================================
* Number of FSM states : 10
* Pipeline : 1
  Pipeline-0 : II = 1, D = 10, States = { 1 2 3 4 5 6 7 8 9 10 }
* Dataflow Pipeline: 0

* FSM state transitions: 
1 --> 2 
2 --> 3 
3 --> 4 
4 --> 5 
5 --> 6 
6 --> 7 
7 --> 8 
8 --> 9 
9 --> 10 
10 --> 

* FSM state operations: 

State 1 <SV = 0> <Delay = 5.12>
ST_1 : Operation 13 [1/1] (0.00ns)   --->   "%c = alloca i32 1" [vitis_convolution.cpp:39]   --->   Operation 13 'alloca' 'c' <Predicate = true> <Delay = 0.00>
ST_1 : Operation 14 [1/1] (0.00ns)   --->   "%r = alloca i32 1" [vitis_convolution.cpp:38]   --->   Operation 14 'alloca' 'r' <Predicate = true> <Delay = 0.00>
ST_1 : Operation 15 [1/1] (0.00ns)   --->   "%indvar_flatten13 = alloca i32 1"   --->   Operation 15 'alloca' 'indvar_flatten13' <Predicate = true> <Delay = 0.00>
ST_1 : Operation 16 [1/1] (0.00ns)   --->   "%specinterface_ln0 = specinterface void @_ssdm_op_SpecInterface, i8 %gmem_out, void @empty, i32 0, i32 0, void @empty_0, i32 0, i32 0, void @empty_3, void @empty_2, void @empty_0, i32 16, i32 16, i32 16, i32 16, void @empty_0, void @empty_0, i32 4294967295, i32 0, i32 0, i32 1"   --->   Operation 16 'specinterface' 'specinterface_ln0' <Predicate = true> <Delay = 0.00>
ST_1 : Operation 17 [1/1] (0.00ns)   --->   "%output_img_read = read i64 @_ssdm_op_Read.ap_auto.i64, i64 %output_img"   --->   Operation 17 'read' 'output_img_read' <Predicate = true> <Delay = 0.00>
ST_1 : Operation 18 [1/1] (1.58ns)   --->   "%store_ln0 = store i15 0, i15 %indvar_flatten13"   --->   Operation 18 'store' 'store_ln0' <Predicate = true> <Delay = 1.58>
ST_1 : Operation 19 [1/1] (1.58ns)   --->   "%store_ln38 = store i8 0, i8 %r" [vitis_convolution.cpp:38]   --->   Operation 19 'store' 'store_ln38' <Predicate = true> <Delay = 1.58>
ST_1 : Operation 20 [1/1] (1.58ns)   --->   "%store_ln39 = store i8 0, i8 %c" [vitis_convolution.cpp:39]   --->   Operation 20 'store' 'store_ln39' <Predicate = true> <Delay = 1.58>
ST_1 : Operation 21 [1/1] (0.00ns)   --->   "%br_ln0 = br void %for.inc79"   --->   Operation 21 'br' 'br_ln0' <Predicate = true> <Delay = 0.00>
ST_1 : Operation 22 [1/1] (0.00ns)   --->   "%indvar_flatten13_load = load i15 %indvar_flatten13" [vitis_convolution.cpp:38]   --->   Operation 22 'load' 'indvar_flatten13_load' <Predicate = true> <Delay = 0.00>
ST_1 : Operation 23 [1/1] (0.00ns)   --->   "%specbitsmap_ln0 = specbitsmap void @_ssdm_op_SpecBitsMap, i8 %gmem_out"   --->   Operation 23 'specbitsmap' 'specbitsmap_ln0' <Predicate = true> <Delay = 0.00>
ST_1 : Operation 24 [1/1] (1.94ns)   --->   "%icmp_ln38 = icmp_eq  i15 %indvar_flatten13_load, i15 16384" [vitis_convolution.cpp:38]   --->   Operation 24 'icmp' 'icmp_ln38' <Predicate = true> <Delay = 1.94> <CoreInst = "Cmp">   --->   Core 9 'Cmp' <Latency = 0> <II = 1> <Delay = 1.94> <FuncUnit> <Opcode : 'seteq' 'setne' 'setle' 'setge' 'setlt' 'setgt'> <InPorts = 2> <OutPorts = 1>
ST_1 : Operation 25 [1/1] (1.94ns)   --->   "%add_ln38_1 = add i15 %indvar_flatten13_load, i15 1" [vitis_convolution.cpp:38]   --->   Operation 25 'add' 'add_ln38_1' <Predicate = true> <Delay = 1.94> <CoreInst = "Adder">   --->   Core 1 'Adder' <Latency = 0> <II = 1> <Delay = 1.94> <FuncUnit> <Opcode : 'add' 'sub'> <InPorts = 2> <OutPorts = 1>
ST_1 : Operation 26 [1/1] (0.00ns)   --->   "%br_ln38 = br i1 %icmp_ln38, void %for.inc82, void %for.end84.exitStub" [vitis_convolution.cpp:38]   --->   Operation 26 'br' 'br_ln38' <Predicate = true> <Delay = 0.00>
ST_1 : Operation 27 [1/1] (1.58ns)   --->   "%store_ln38 = store i15 %add_ln38_1, i15 %indvar_flatten13" [vitis_convolution.cpp:38]   --->   Operation 27 'store' 'store_ln38' <Predicate = (!icmp_ln38)> <Delay = 1.58>

State 2 <SV = 1> <Delay = 6.66>
ST_2 : Operation 28 [1/1] (0.00ns)   --->   "%c_load = load i8 %c" [vitis_convolution.cpp:39]   --->   Operation 28 'load' 'c_load' <Predicate = true> <Delay = 0.00>
ST_2 : Operation 29 [1/1] (0.00ns)   --->   "%r_load = load i8 %r" [vitis_convolution.cpp:38]   --->   Operation 29 'load' 'r_load' <Predicate = true> <Delay = 0.00>
ST_2 : Operation 30 [1/1] (1.91ns)   --->   "%add_ln38 = add i8 %r_load, i8 1" [vitis_convolution.cpp:38]   --->   Operation 30 'add' 'add_ln38' <Predicate = true> <Delay = 1.91> <CoreInst = "Adder">   --->   Core 1 'Adder' <Latency = 0> <II = 1> <Delay = 1.91> <FuncUnit> <Opcode : 'add' 'sub'> <InPorts = 2> <OutPorts = 1>
ST_2 : Operation 31 [1/1] (1.91ns)   --->   "%icmp_ln39 = icmp_eq  i8 %c_load, i8 128" [vitis_convolution.cpp:39]   --->   Operation 31 'icmp' 'icmp_ln39' <Predicate = true> <Delay = 1.91> <CoreInst = "Cmp">   --->   Core 9 'Cmp' <Latency = 0> <II = 1> <Delay = 1.91> <FuncUnit> <Opcode : 'seteq' 'setne' 'setle' 'setge' 'setlt' 'setgt'> <InPorts = 2> <OutPorts = 1>
ST_2 : Operation 32 [1/1] (1.24ns)   --->   "%select_ln38 = select i1 %icmp_ln39, i8 0, i8 %c_load" [vitis_convolution.cpp:38]   --->   Operation 32 'select' 'select_ln38' <Predicate = true> <Delay = 1.24> <CoreInst = "Sel">   --->   Core 73 'Sel' <Latency = 0> <II = 1> <Delay = 1.24> <FuncUnit> <Opcode : 'select'> <InPorts = 3> <OutPorts = 1>
ST_2 : Operation 33 [1/1] (1.24ns)   --->   "%select_ln38_1 = select i1 %icmp_ln39, i8 %add_ln38, i8 %r_load" [vitis_convolution.cpp:38]   --->   Operation 33 'select' 'select_ln38_1' <Predicate = true> <Delay = 1.24> <CoreInst = "Sel">   --->   Core 73 'Sel' <Latency = 0> <II = 1> <Delay = 1.24> <FuncUnit> <Opcode : 'select'> <InPorts = 3> <OutPorts = 1>
ST_2 : Operation 34 [1/1] (0.00ns)   --->   "%trunc_ln41 = trunc i8 %select_ln38_1" [vitis_convolution.cpp:41]   --->   Operation 34 'trunc' 'trunc_ln41' <Predicate = true> <Delay = 0.00>
ST_2 : Operation 35 [1/1] (1.91ns)   --->   "%add_ln39 = add i8 %select_ln38, i8 1" [vitis_convolution.cpp:39]   --->   Operation 35 'add' 'add_ln39' <Predicate = true> <Delay = 1.91> <CoreInst = "Adder">   --->   Core 1 'Adder' <Latency = 0> <II = 1> <Delay = 1.91> <FuncUnit> <Opcode : 'add' 'sub'> <InPorts = 2> <OutPorts = 1>
ST_2 : Operation 36 [1/1] (1.58ns)   --->   "%store_ln38 = store i8 %select_ln38_1, i8 %r" [vitis_convolution.cpp:38]   --->   Operation 36 'store' 'store_ln38' <Predicate = true> <Delay = 1.58>
ST_2 : Operation 37 [1/1] (1.58ns)   --->   "%store_ln39 = store i8 %add_ln39, i8 %c" [vitis_convolution.cpp:39]   --->   Operation 37 'store' 'store_ln39' <Predicate = true> <Delay = 1.58>

State 3 <SV = 2> <Delay = 5.30>
ST_3 : Operation 38 [1/1] (0.00ns)   --->   "%tmp_s = bitconcatenate i14 @_ssdm_op_BitConcatenate.i14.i7.i7, i7 %trunc_ln41, i7 0" [vitis_convolution.cpp:41]   --->   Operation 38 'bitconcatenate' 'tmp_s' <Predicate = true> <Delay = 0.00>
ST_3 : Operation 39 [1/1] (0.00ns)   --->   "%zext_ln39 = zext i14 %tmp_s" [vitis_convolution.cpp:39]   --->   Operation 39 'zext' 'zext_ln39' <Predicate = true> <Delay = 0.00>
ST_3 : Operation 40 [1/1] (0.00ns)   --->   "%zext_ln39_1 = zext i8 %select_ln38" [vitis_convolution.cpp:39]   --->   Operation 40 'zext' 'zext_ln39_1' <Predicate = true> <Delay = 0.00>
ST_3 : Operation 41 [1/1] (0.00ns)   --->   "%zext_ln41 = zext i8 %select_ln38" [vitis_convolution.cpp:41]   --->   Operation 41 'zext' 'zext_ln41' <Predicate = true> <Delay = 0.00>
ST_3 : Operation 42 [1/1] (1.81ns)   --->   "%add_ln41_2 = add i14 %tmp_s, i14 %zext_ln41" [vitis_convolution.cpp:41]   --->   Operation 42 'add' 'add_ln41_2' <Predicate = true> <Delay = 1.81> <CoreInst = "Adder">   --->   Core 1 'Adder' <Latency = 0> <II = 1> <Delay = 1.81> <FuncUnit> <Opcode : 'add' 'sub'> <InPorts = 2> <OutPorts = 1>
ST_3 : Operation 43 [1/1] (0.00ns)   --->   "%zext_ln41_1 = zext i14 %add_ln41_2" [vitis_convolution.cpp:41]   --->   Operation 43 'zext' 'zext_ln41_1' <Predicate = true> <Delay = 0.00>
ST_3 : Operation 44 [1/1] (0.00ns)   --->   "%local_output_addr = getelementptr i8 %local_output, i64 0, i64 %zext_ln41_1" [vitis_convolution.cpp:41]   --->   Operation 44 'getelementptr' 'local_output_addr' <Predicate = true> <Delay = 0.00>
ST_3 : Operation 45 [2/2] (3.25ns)   --->   "%local_output_load = load i14 %local_output_addr" [vitis_convolution.cpp:41]   --->   Operation 45 'load' 'local_output_load' <Predicate = true> <Delay = 3.25> <CoreInst = "RAM">   --->   Core 81 'RAM' <Latency = 1> <II = 1> <Delay = 3.25> <Storage> <Opcode : 'load' 'store'> <Ports = 2> <Width = 8> <Depth = 16384> <RAM>
ST_3 : Operation 46 [1/1] (0.00ns) (grouped into TernaryAdder)   --->   "%add_ln41 = add i64 %zext_ln39_1, i64 %output_img_read" [vitis_convolution.cpp:41]   --->   Operation 46 'add' 'add_ln41' <Predicate = true> <Delay = 0.00> <CoreInst = "TAddSub">   --->   Core 10 'TAddSub' <Latency = 0> <II = 1> <Delay = 2.65> <IPBlock> <Opcode : 'add' 'sub'> <InPorts = 3> <OutPorts = 1> <Sync> <CReg>
ST_3 : Operation 47 [1/1] (5.30ns) (root node of TernaryAdder)   --->   "%add_ln41_1 = add i64 %add_ln41, i64 %zext_ln39" [vitis_convolution.cpp:41]   --->   Operation 47 'add' 'add_ln41_1' <Predicate = true> <Delay = 5.30> <CoreInst = "TAddSub">   --->   Core 10 'TAddSub' <Latency = 0> <II = 1> <Delay = 2.65> <IPBlock> <Opcode : 'add' 'sub'> <InPorts = 3> <OutPorts = 1> <Sync> <CReg>
ST_3 : Operation 48 [1/1] (0.00ns)   --->   "%gmem_out_addr = getelementptr i8 %gmem_out, i64 %add_ln41_1" [vitis_convolution.cpp:41]   --->   Operation 48 'getelementptr' 'gmem_out_addr' <Predicate = true> <Delay = 0.00>

State 4 <SV = 3> <Delay = 7.30>
ST_4 : Operation 49 [1/2] ( I:3.25ns O:3.25ns )   --->   "%local_output_load = load i14 %local_output_addr" [vitis_convolution.cpp:41]   --->   Operation 49 'load' 'local_output_load' <Predicate = true> <Delay = 3.25> <CoreInst = "RAM">   --->   Core 81 'RAM' <Latency = 1> <II = 1> <Delay = 3.25> <Storage> <Opcode : 'load' 'store'> <Ports = 2> <Width = 8> <Depth = 16384> <RAM>
ST_4 : Operation 50 [1/1] ( I:7.30ns O:7.30ns )   --->   "%gmem_out_addr_req = writereq i1 @_ssdm_op_WriteReq.m_axi.i8P1A, i8 %gmem_out_addr, i64 1" [vitis_convolution.cpp:41]   --->   Operation 50 'writereq' 'gmem_out_addr_req' <Predicate = true> <Delay = 7.30> <CoreInst = "m_axi">   --->   Core 111 'm_axi' <Latency = 9> <II = 1> <Delay = 1.00> <Adapter> <Opcode : 'readrequnaligned' 'writerequnaligned' 'read' 'write' 'readreq' 'writereq' 'writeresp'>

State 5 <SV = 4> <Delay = 7.30>
ST_5 : Operation 51 [1/1] ( I:7.30ns O:7.30ns )   --->   "%write_ln41 = write void @_ssdm_op_Write.m_axi.volatile.i8P1A, i8 %gmem_out_addr, i8 %local_output_load, i1 1" [vitis_convolution.cpp:41]   --->   Operation 51 'write' 'write_ln41' <Predicate = true> <Delay = 7.30> <CoreInst = "m_axi">   --->   Core 111 'm_axi' <Latency = 5> <II = 1> <Delay = 1.00> <Adapter> <Opcode : 'readrequnaligned' 'writerequnaligned' 'read' 'write' 'readreq' 'writereq' 'writeresp'>

State 6 <SV = 5> <Delay = 0.00>
ST_6 : Operation 52 [5/5] (7.30ns)   --->   "%gmem_out_addr_resp = writeresp i1 @_ssdm_op_WriteResp.m_axi.i8P1A, i8 %gmem_out_addr" [vitis_convolution.cpp:41]   --->   Operation 52 'writeresp' 'gmem_out_addr_resp' <Predicate = true> <Delay = 7.30> <CoreInst = "m_axi">   --->   Core 111 'm_axi' <Latency = 3> <II = 1> <Delay = 1.00> <Adapter> <Opcode : 'readrequnaligned' 'writerequnaligned' 'read' 'write' 'readreq' 'writereq' 'writeresp'>

State 7 <SV = 6> <Delay = 0.00>
ST_7 : Operation 53 [4/5] (7.30ns)   --->   "%gmem_out_addr_resp = writeresp i1 @_ssdm_op_WriteResp.m_axi.i8P1A, i8 %gmem_out_addr" [vitis_convolution.cpp:41]   --->   Operation 53 'writeresp' 'gmem_out_addr_resp' <Predicate = true> <Delay = 7.30> <CoreInst = "m_axi">   --->   Core 111 'm_axi' <Latency = 3> <II = 1> <Delay = 1.00> <Adapter> <Opcode : 'readrequnaligned' 'writerequnaligned' 'read' 'write' 'readreq' 'writereq' 'writeresp'>

State 8 <SV = 7> <Delay = 0.00>
ST_8 : Operation 54 [3/5] (7.30ns)   --->   "%gmem_out_addr_resp = writeresp i1 @_ssdm_op_WriteResp.m_axi.i8P1A, i8 %gmem_out_addr" [vitis_convolution.cpp:41]   --->   Operation 54 'writeresp' 'gmem_out_addr_resp' <Predicate = true> <Delay = 7.30> <CoreInst = "m_axi">   --->   Core 111 'm_axi' <Latency = 3> <II = 1> <Delay = 1.00> <Adapter> <Opcode : 'readrequnaligned' 'writerequnaligned' 'read' 'write' 'readreq' 'writereq' 'writeresp'>

State 9 <SV = 8> <Delay = 1.58>
ST_9 : Operation 55 [2/5] (7.30ns)   --->   "%gmem_out_addr_resp = writeresp i1 @_ssdm_op_WriteResp.m_axi.i8P1A, i8 %gmem_out_addr" [vitis_convolution.cpp:41]   --->   Operation 55 'writeresp' 'gmem_out_addr_resp' <Predicate = true> <Delay = 7.30> <CoreInst = "m_axi">   --->   Core 111 'm_axi' <Latency = 3> <II = 1> <Delay = 1.00> <Adapter> <Opcode : 'readrequnaligned' 'writerequnaligned' 'read' 'write' 'readreq' 'writereq' 'writeresp'>
ST_9 : Operation 61 [1/1] (1.58ns)   --->   "%ret_ln0 = ret"   --->   Operation 61 'ret' 'ret_ln0' <Predicate = (icmp_ln38)> <Delay = 1.58>

State 10 <SV = 9> <Delay = 7.30>
ST_10 : Operation 56 [1/1] (0.00ns)   --->   "%specloopname_ln0 = specloopname void @_ssdm_op_SpecLoopName, void @Write_Rows_Write_Cols_str"   --->   Operation 56 'specloopname' 'specloopname_ln0' <Predicate = true> <Delay = 0.00>
ST_10 : Operation 57 [1/1] (0.00ns)   --->   "%speclooptripcount_ln0 = speclooptripcount void @_ssdm_op_SpecLoopTripCount, i64 16384, i64 16384, i64 16384"   --->   Operation 57 'speclooptripcount' 'speclooptripcount_ln0' <Predicate = true> <Delay = 0.00>
ST_10 : Operation 58 [1/1] (0.00ns)   --->   "%specpipeline_ln40 = specpipeline void @_ssdm_op_SpecPipeline, i32 1, i32 0, i32 0, i32 0, i32 4294967295, void @empty_0" [vitis_convolution.cpp:40]   --->   Operation 58 'specpipeline' 'specpipeline_ln40' <Predicate = true> <Delay = 0.00>
ST_10 : Operation 59 [1/5] ( I:7.30ns O:7.30ns )   --->   "%gmem_out_addr_resp = writeresp i1 @_ssdm_op_WriteResp.m_axi.i8P1A, i8 %gmem_out_addr" [vitis_convolution.cpp:41]   --->   Operation 59 'writeresp' 'gmem_out_addr_resp' <Predicate = true> <Delay = 7.30> <CoreInst = "m_axi">   --->   Core 111 'm_axi' <Latency = 3> <II = 1> <Delay = 1.00> <Adapter> <Opcode : 'readrequnaligned' 'writerequnaligned' 'read' 'write' 'readreq' 'writereq' 'writeresp'>
ST_10 : Operation 60 [1/1] (0.00ns)   --->   "%br_ln39 = br void %for.inc79" [vitis_convolution.cpp:39]   --->   Operation 60 'br' 'br_ln39' <Predicate = true> <Delay = 0.00>


============================================================
+ Verbose Summary: Binding
============================================================
STG Binding: 
---------------- STG Properties BEGIN ----------------
- Is combinational: 0
- Is one-state seq: 0
- Is datapath-only: 0
- Is pipelined: 0
- Is top level: 0
Port [ Return ] is wired: 1; IO mode=ap_ctrl_hs:ce=0
Port [ gmem_out]:  wired=1; compound=1; hidden=0; nouse=0; global=0; static=0; extern=0; dir=1; type=4; pingpong=0; private_global=0; IO mode=m_axi:ce=0
Port [ output_img]:  wired=1; compound=0; hidden=0; nouse=0; global=0; static=0; extern=0; dir=0; type=0; pingpong=0; private_global=0; IO mode=ap_none:ce=0
Port [ local_output]:  wired=1; compound=1; hidden=0; nouse=0; global=1; static=1; extern=0; dir=0; type=1; pingpong=0; private_global=0; MemPort=[13]; IO mode=ap_memory:ce=0
---------------- STG Properties END ------------------

---------------- Datapath Model BEGIN ----------------

<LifeTime>
<method=bitvector/>
c                     (alloca           ) [ 01100000000]
r                     (alloca           ) [ 01100000000]
indvar_flatten13      (alloca           ) [ 01000000000]
specinterface_ln0     (specinterface    ) [ 00000000000]
output_img_read       (read             ) [ 01110000000]
store_ln0             (store            ) [ 00000000000]
store_ln38            (store            ) [ 00000000000]
store_ln39            (store            ) [ 00000000000]
br_ln0                (br               ) [ 00000000000]
indvar_flatten13_load (load             ) [ 00000000000]
specbitsmap_ln0       (specbitsmap      ) [ 00000000000]
icmp_ln38             (icmp             ) [ 01111111110]
add_ln38_1            (add              ) [ 00000000000]
br_ln38               (br               ) [ 00000000000]
store_ln38            (store            ) [ 00000000000]
c_load                (load             ) [ 00000000000]
r_load                (load             ) [ 00000000000]
add_ln38              (add              ) [ 00000000000]
icmp_ln39             (icmp             ) [ 00000000000]
select_ln38           (select           ) [ 01010000000]
select_ln38_1         (select           ) [ 00000000000]
trunc_ln41            (trunc            ) [ 01010000000]
add_ln39              (add              ) [ 00000000000]
store_ln38            (store            ) [ 00000000000]
store_ln39            (store            ) [ 00000000000]
tmp_s                 (bitconcatenate   ) [ 00000000000]
zext_ln39             (zext             ) [ 00000000000]
zext_ln39_1           (zext             ) [ 00000000000]
zext_ln41             (zext             ) [ 00000000000]
add_ln41_2            (add              ) [ 00000000000]
zext_ln41_1           (zext             ) [ 00000000000]
local_output_addr     (getelementptr    ) [ 01001000000]
add_ln41              (add              ) [ 00000000000]
add_ln41_1            (add              ) [ 00000000000]
gmem_out_addr         (getelementptr    ) [ 01001111111]
local_output_load     (load             ) [ 01000100000]
gmem_out_addr_req     (writereq         ) [ 00000000000]
write_ln41            (write            ) [ 00000000000]
specloopname_ln0      (specloopname     ) [ 00000000000]
speclooptripcount_ln0 (speclooptripcount) [ 00000000000]
specpipeline_ln40     (specpipeline     ) [ 00000000000]
gmem_out_addr_resp    (writeresp        ) [ 00000000000]
br_ln39               (br               ) [ 00000000000]
ret_ln0               (ret              ) [ 00000000000]
</LifeTime>

<model>

<comp_list>
<comp id="0" class="1000" name="gmem_out">
<pin_list>
<pin id="1" dir="1" index="0" bw="1" slack="0"/>
</pin_list>
<bind>
<StgValue><ssdm name="gmem_out"/><MemPortTyVec>1 </MemPortTyVec>
</StgValue>
</bind>
</comp>

<comp id="2" class="1000" name="output_img">
<pin_list>
<pin id="3" dir="1" index="0" bw="1" slack="0"/>
</pin_list>
<bind>
<StgValue><ssdm name="output_img"/></StgValue>
</bind>
</comp>

<comp id="4" class="1000" name="local_output">
<pin_list>
<pin id="5" dir="1" index="0" bw="1" slack="0"/>
</pin_list>
<bind>
<StgValue><ssdm name="local_output"/><MemPortTyVec>1 3 </MemPortTyVec>
</StgValue>
</bind>
</comp>

<comp id="6" class="1001" name="const_6">
<pin_list>
<pin id="7" dir="1" index="0" bw="1" slack="0"/>
</pin_list>
<bind>
<StgValue><ssdm name=""/></StgValue>
</bind>
</comp>

<comp id="8" class="1001" name="const_8">
<pin_list>
<pin id="9" dir="1" index="0" bw="1" slack="2147483647"/>
</pin_list>
<bind>
<StgValue><ssdm name="_ssdm_op_SpecInterface"/></StgValue>
</bind>
</comp>

<comp id="10" class="1001" name="const_10">
<pin_list>
<pin id="11" dir="1" index="0" bw="1" slack="2147483647"/>
</pin_list>
<bind>
<StgValue><ssdm name="empty"/></StgValue>
</bind>
</comp>

<comp id="12" class="1001" name="const_12">
<pin_list>
<pin id="13" dir="1" index="0" bw="1" slack="2147483647"/>
</pin_list>
<bind>
<StgValue><ssdm name=""/></StgValue>
</bind>
</comp>

<comp id="14" class="1001" name="const_14">
<pin_list>
<pin id="15" dir="1" index="0" bw="1" slack="2147483647"/>
</pin_list>
<bind>
<StgValue><ssdm name="empty_0"/></StgValue>
</bind>
</comp>

<comp id="16" class="1001" name="const_16">
<pin_list>
<pin id="17" dir="1" index="0" bw="1" slack="2147483647"/>
</pin_list>
<bind>
<StgValue><ssdm name="empty_3"/></StgValue>
</bind>
</comp>

<comp id="18" class="1001" name="const_18">
<pin_list>
<pin id="19" dir="1" index="0" bw="1" slack="2147483647"/>
</pin_list>
<bind>
<StgValue><ssdm name="empty_2"/></StgValue>
</bind>
</comp>

<comp id="20" class="1001" name="const_20">
<pin_list>
<pin id="21" dir="1" index="0" bw="1" slack="2147483647"/>
</pin_list>
<bind>
<StgValue><ssdm name=""/></StgValue>
</bind>
</comp>

<comp id="22" class="1001" name="const_22">
<pin_list>
<pin id="23" dir="1" index="0" bw="1" slack="2147483647"/>
</pin_list>
<bind>
<StgValue><ssdm name=""/></StgValue>
</bind>
</comp>

<comp id="24" class="1001" name="const_24">
<pin_list>
<pin id="25" dir="1" index="0" bw="1" slack="0"/>
</pin_list>
<bind>
<StgValue><ssdm name="_ssdm_op_Read.ap_auto.i64"/></StgValue>
</bind>
</comp>

<comp id="26" class="1001" name="const_26">
<pin_list>
<pin id="27" dir="1" index="0" bw="1" slack="0"/>
</pin_list>
<bind>
<StgValue><ssdm name=""/></StgValue>
</bind>
</comp>

<comp id="28" class="1001" name="const_28">
<pin_list>
<pin id="29" dir="1" index="0" bw="1" slack="0"/>
</pin_list>
<bind>
<StgValue><ssdm name=""/></StgValue>
</bind>
</comp>

<comp id="30" class="1001" name="const_30">
<pin_list>
<pin id="31" dir="1" index="0" bw="1" slack="2147483647"/>
</pin_list>
<bind>
<StgValue><ssdm name="_ssdm_op_SpecBitsMap"/></StgValue>
</bind>
</comp>

<comp id="32" class="1001" name="const_32">
<pin_list>
<pin id="33" dir="1" index="0" bw="1" slack="0"/>
</pin_list>
<bind>
<StgValue><ssdm name=""/></StgValue>
</bind>
</comp>

<comp id="34" class="1001" name="const_34">
<pin_list>
<pin id="35" dir="1" index="0" bw="1" slack="0"/>
</pin_list>
<bind>
<StgValue><ssdm name=""/></StgValue>
</bind>
</comp>

<comp id="36" class="1001" name="const_36">
<pin_list>
<pin id="37" dir="1" index="0" bw="1" slack="0"/>
</pin_list>
<bind>
<StgValue><ssdm name=""/></StgValue>
</bind>
</comp>

<comp id="38" class="1001" name="const_38">
<pin_list>
<pin id="39" dir="1" index="0" bw="1" slack="0"/>
</pin_list>
<bind>
<StgValue><ssdm name=""/></StgValue>
</bind>
</comp>

<comp id="40" class="1001" name="const_40">
<pin_list>
<pin id="41" dir="1" index="0" bw="1" slack="0"/>
</pin_list>
<bind>
<StgValue><ssdm name="_ssdm_op_BitConcatenate.i14.i7.i7"/></StgValue>
</bind>
</comp>

<comp id="42" class="1001" name="const_42">
<pin_list>
<pin id="43" dir="1" index="0" bw="1" slack="0"/>
</pin_list>
<bind>
<StgValue><ssdm name=""/></StgValue>
</bind>
</comp>

<comp id="44" class="1001" name="const_44">
<pin_list>
<pin id="45" dir="1" index="0" bw="1" slack="0"/>
</pin_list>
<bind>
<StgValue><ssdm name=""/></StgValue>
</bind>
</comp>

<comp id="46" class="1001" name="const_46">
<pin_list>
<pin id="47" dir="1" index="0" bw="1" slack="0"/>
</pin_list>
<bind>
<StgValue><ssdm name="_ssdm_op_WriteReq.m_axi.i8P1A"/></StgValue>
</bind>
</comp>

<comp id="48" class="1001" name="const_48">
<pin_list>
<pin id="49" dir="1" index="0" bw="1" slack="0"/>
</pin_list>
<bind>
<StgValue><ssdm name=""/></StgValue>
</bind>
</comp>

<comp id="50" class="1001" name="const_50">
<pin_list>
<pin id="51" dir="1" index="0" bw="1" slack="0"/>
</pin_list>
<bind>
<StgValue><ssdm name="_ssdm_op_Write.m_axi.volatile.i8P1A"/></StgValue>
</bind>
</comp>

<comp id="52" class="1001" name="const_52">
<pin_list>
<pin id="53" dir="1" index="0" bw="1" slack="0"/>
</pin_list>
<bind>
<StgValue><ssdm name=""/></StgValue>
</bind>
</comp>

<comp id="54" class="1001" name="const_54">
<pin_list>
<pin id="55" dir="1" index="0" bw="1" slack="0"/>
</pin_list>
<bind>
<StgValue><ssdm name="_ssdm_op_WriteResp.m_axi.i8P1A"/></StgValue>
</bind>
</comp>

<comp id="56" class="1001" name="const_56">
<pin_list>
<pin id="57" dir="1" index="0" bw="1" slack="2147483647"/>
</pin_list>
<bind>
<StgValue><ssdm name="_ssdm_op_SpecLoopName"/></StgValue>
</bind>
</comp>

<comp id="58" class="1001" name="const_58">
<pin_list>
<pin id="59" dir="1" index="0" bw="1" slack="2147483647"/>
</pin_list>
<bind>
<StgValue><ssdm name="Write_Rows_Write_Cols_str"/></StgValue>
</bind>
</comp>

<comp id="60" class="1001" name="const_60">
<pin_list>
<pin id="61" dir="1" index="0" bw="1" slack="2147483647"/>
</pin_list>
<bind>
<StgValue><ssdm name="_ssdm_op_SpecLoopTripCount"/></StgValue>
</bind>
</comp>

<comp id="62" class="1001" name="const_62">
<pin_list>
<pin id="63" dir="1" index="0" bw="1" slack="2147483647"/>
</pin_list>
<bind>
<StgValue><ssdm name=""/></StgValue>
</bind>
</comp>

<comp id="64" class="1001" name="const_64">
<pin_list>
<pin id="65" dir="1" index="0" bw="1" slack="2147483647"/>
</pin_list>
<bind>
<StgValue><ssdm name="_ssdm_op_SpecPipeline"/></StgValue>
</bind>
</comp>

<comp id="66" class="1004" name="c_fu_66">
<pin_list>
<pin id="67" dir="0" index="0" bw="1" slack="0"/>
<pin id="68" dir="1" index="1" bw="8" slack="0"/>
</pin_list>
<bind>
<opcode="alloca(26) " fcode="alloca"/>
<opset="c/1 "/>
</bind>
</comp>

<comp id="70" class="1004" name="r_fu_70">
<pin_list>
<pin id="71" dir="0" index="0" bw="1" slack="0"/>
<pin id="72" dir="1" index="1" bw="8" slack="0"/>
</pin_list>
<bind>
<opcode="alloca(26) " fcode="alloca"/>
<opset="r/1 "/>
</bind>
</comp>

<comp id="74" class="1004" name="indvar_flatten13_fu_74">
<pin_list>
<pin id="75" dir="0" index="0" bw="1" slack="0"/>
<pin id="76" dir="1" index="1" bw="15" slack="0"/>
</pin_list>
<bind>
<opcode="alloca(26) " fcode="alloca"/>
<opset="indvar_flatten13/1 "/>
</bind>
</comp>

<comp id="78" class="1004" name="output_img_read_read_fu_78">
<pin_list>
<pin id="79" dir="0" index="0" bw="64" slack="0"/>
<pin id="80" dir="0" index="1" bw="64" slack="0"/>
<pin id="81" dir="1" index="2" bw="64" slack="2"/>
</pin_list>
<bind>
<opcode="read(1150) " fcode="read"/>
<opset="output_img_read/1 "/>
</bind>
</comp>

<comp id="84" class="1004" name="local_output_addr_gep_fu_84">
<pin_list>
<pin id="85" dir="0" index="0" bw="8" slack="0"/>
<pin id="86" dir="0" index="1" bw="1" slack="0"/>
<pin id="87" dir="0" index="2" bw="14" slack="0"/>
<pin id="88" dir="1" index="3" bw="14" slack="0"/>
</pin_list>
<bind>
<opcode="getelementptr(29) " fcode="getelementptr"/>
<opset="local_output_addr/3 "/>
</bind>
</comp>

<comp id="91" class="1004" name="grp_access_fu_91">
<pin_list>
<pin id="92" dir="0" index="0" bw="14" slack="0"/>
<pin id="93" dir="0" index="1" bw="8" slack="2147483647"/>
<pin id="94" dir="0" index="2" bw="0" slack="2147483647"/>
<pin id="95" dir="1" index="3" bw="8" slack="1"/>
</pin_list>
<bind>
<opcode="load(27) " fcode="load"/>
<opset="local_output_load/3 "/>
</bind>
</comp>

<comp id="97" class="1004" name="gmem_out_addr_req_writereq_fu_97">
<pin_list>
<pin id="98" dir="0" index="0" bw="1" slack="0"/>
<pin id="99" dir="0" index="1" bw="8" slack="1"/>
<pin id="100" dir="0" index="2" bw="1" slack="0"/>
<pin id="101" dir="1" index="3" bw="1" slack="2147483647"/>
</pin_list>
<bind>
<opcode="writereq(1155) " fcode="writereq"/>
<opset="gmem_out_addr_req/4 "/>
</bind>
</comp>

<comp id="104" class="1004" name="write_ln41_write_fu_104">
<pin_list>
<pin id="105" dir="0" index="0" bw="0" slack="0"/>
<pin id="106" dir="0" index="1" bw="8" slack="2"/>
<pin id="107" dir="0" index="2" bw="8" slack="1"/>
<pin id="108" dir="0" index="3" bw="1" slack="0"/>
<pin id="109" dir="1" index="4" bw="0" slack="2147483647"/>
</pin_list>
<bind>
<opcode="write(1151) " fcode="write"/>
<opset="write_ln41/5 "/>
</bind>
</comp>

<comp id="112" class="1004" name="grp_writeresp_fu_112">
<pin_list>
<pin id="113" dir="0" index="0" bw="1" slack="0"/>
<pin id="114" dir="0" index="1" bw="8" slack="3"/>
<pin id="115" dir="1" index="2" bw="1" slack="2147483647"/>
</pin_list>
<bind>
<opcode="writeresp(1158) " fcode="writeresp"/>
<opset="gmem_out_addr_resp/6 "/>
</bind>
</comp>

<comp id="117" class="1004" name="store_ln0_store_fu_117">
<pin_list>
<pin id="118" dir="0" index="0" bw="1" slack="0"/>
<pin id="119" dir="0" index="1" bw="15" slack="0"/>
<pin id="120" dir="1" index="2" bw="0" slack="2147483647"/>
</pin_list>
<bind>
<opcode="store(28) " fcode="store"/>
<opset="store_ln0/1 "/>
</bind>
</comp>

<comp id="122" class="1004" name="store_ln38_store_fu_122">
<pin_list>
<pin id="123" dir="0" index="0" bw="1" slack="0"/>
<pin id="124" dir="0" index="1" bw="8" slack="0"/>
<pin id="125" dir="1" index="2" bw="0" slack="2147483647"/>
</pin_list>
<bind>
<opcode="store(28) " fcode="store"/>
<opset="store_ln38/1 "/>
</bind>
</comp>

<comp id="127" class="1004" name="store_ln39_store_fu_127">
<pin_list>
<pin id="128" dir="0" index="0" bw="1" slack="0"/>
<pin id="129" dir="0" index="1" bw="8" slack="0"/>
<pin id="130" dir="1" index="2" bw="0" slack="2147483647"/>
</pin_list>
<bind>
<opcode="store(28) " fcode="store"/>
<opset="store_ln39/1 "/>
</bind>
</comp>

<comp id="132" class="1004" name="indvar_flatten13_load_load_fu_132">
<pin_list>
<pin id="133" dir="0" index="0" bw="15" slack="0"/>
<pin id="134" dir="1" index="1" bw="15" slack="0"/>
</pin_list>
<bind>
<opcode="load(27) " fcode="load"/>
<opset="indvar_flatten13_load/1 "/>
</bind>
</comp>

<comp id="135" class="1004" name="icmp_ln38_fu_135">
<pin_list>
<pin id="136" dir="0" index="0" bw="15" slack="0"/>
<pin id="137" dir="0" index="1" bw="15" slack="0"/>
<pin id="138" dir="1" index="2" bw="1" slack="8"/>
</pin_list>
<bind>
<opcode="icmp(45) " fcode="icmp"/>
<opset="icmp_ln38/1 "/>
</bind>
</comp>

<comp id="141" class="1004" name="add_ln38_1_fu_141">
<pin_list>
<pin id="142" dir="0" index="0" bw="15" slack="0"/>
<pin id="143" dir="0" index="1" bw="1" slack="0"/>
<pin id="144" dir="1" index="2" bw="15" slack="0"/>
</pin_list>
<bind>
<opcode="add(8) " fcode="add"/>
<opset="add_ln38_1/1 "/>
</bind>
</comp>

<comp id="147" class="1004" name="store_ln38_store_fu_147">
<pin_list>
<pin id="148" dir="0" index="0" bw="15" slack="0"/>
<pin id="149" dir="0" index="1" bw="15" slack="0"/>
<pin id="150" dir="1" index="2" bw="0" slack="2147483647"/>
</pin_list>
<bind>
<opcode="store(28) " fcode="store"/>
<opset="store_ln38/1 "/>
</bind>
</comp>

<comp id="152" class="1004" name="c_load_load_fu_152">
<pin_list>
<pin id="153" dir="0" index="0" bw="8" slack="1"/>
<pin id="154" dir="1" index="1" bw="8" slack="0"/>
</pin_list>
<bind>
<opcode="load(27) " fcode="load"/>
<opset="c_load/2 "/>
</bind>
</comp>

<comp id="155" class="1004" name="r_load_load_fu_155">
<pin_list>
<pin id="156" dir="0" index="0" bw="8" slack="1"/>
<pin id="157" dir="1" index="1" bw="8" slack="0"/>
</pin_list>
<bind>
<opcode="load(27) " fcode="load"/>
<opset="r_load/2 "/>
</bind>
</comp>

<comp id="158" class="1004" name="add_ln38_fu_158">
<pin_list>
<pin id="159" dir="0" index="0" bw="8" slack="0"/>
<pin id="160" dir="0" index="1" bw="1" slack="0"/>
<pin id="161" dir="1" index="2" bw="8" slack="0"/>
</pin_list>
<bind>
<opcode="add(8) " fcode="add"/>
<opset="add_ln38/2 "/>
</bind>
</comp>

<comp id="164" class="1004" name="icmp_ln39_fu_164">
<pin_list>
<pin id="165" dir="0" index="0" bw="8" slack="0"/>
<pin id="166" dir="0" index="1" bw="8" slack="0"/>
<pin id="167" dir="1" index="2" bw="1" slack="0"/>
</pin_list>
<bind>
<opcode="icmp(45) " fcode="icmp"/>
<opset="icmp_ln39/2 "/>
</bind>
</comp>

<comp id="170" class="1004" name="select_ln38_fu_170">
<pin_list>
<pin id="171" dir="0" index="0" bw="1" slack="0"/>
<pin id="172" dir="0" index="1" bw="1" slack="0"/>
<pin id="173" dir="0" index="2" bw="8" slack="0"/>
<pin id="174" dir="1" index="3" bw="8" slack="0"/>
</pin_list>
<bind>
<opcode="select(49) " fcode="select"/>
<opset="select_ln38/2 "/>
</bind>
</comp>

<comp id="178" class="1004" name="select_ln38_1_fu_178">
<pin_list>
<pin id="179" dir="0" index="0" bw="1" slack="0"/>
<pin id="180" dir="0" index="1" bw="8" slack="0"/>
<pin id="181" dir="0" index="2" bw="8" slack="0"/>
<pin id="182" dir="1" index="3" bw="8" slack="0"/>
</pin_list>
<bind>
<opcode="select(49) " fcode="select"/>
<opset="select_ln38_1/2 "/>
</bind>
</comp>

<comp id="186" class="1004" name="trunc_ln41_fu_186">
<pin_list>
<pin id="187" dir="0" index="0" bw="8" slack="0"/>
<pin id="188" dir="1" index="1" bw="7" slack="1"/>
</pin_list>
<bind>
<opcode="trunc(33) " fcode="trunc"/>
<opset="trunc_ln41/2 "/>
</bind>
</comp>

<comp id="190" class="1004" name="add_ln39_fu_190">
<pin_list>
<pin id="191" dir="0" index="0" bw="8" slack="0"/>
<pin id="192" dir="0" index="1" bw="1" slack="0"/>
<pin id="193" dir="1" index="2" bw="8" slack="0"/>
</pin_list>
<bind>
<opcode="add(8) " fcode="add"/>
<opset="add_ln39/2 "/>
</bind>
</comp>

<comp id="196" class="1004" name="store_ln38_store_fu_196">
<pin_list>
<pin id="197" dir="0" index="0" bw="8" slack="0"/>
<pin id="198" dir="0" index="1" bw="8" slack="1"/>
<pin id="199" dir="1" index="2" bw="0" slack="2147483647"/>
</pin_list>
<bind>
<opcode="store(28) " fcode="store"/>
<opset="store_ln38/2 "/>
</bind>
</comp>

<comp id="201" class="1004" name="store_ln39_store_fu_201">
<pin_list>
<pin id="202" dir="0" index="0" bw="8" slack="0"/>
<pin id="203" dir="0" index="1" bw="8" slack="1"/>
<pin id="204" dir="1" index="2" bw="0" slack="2147483647"/>
</pin_list>
<bind>
<opcode="store(28) " fcode="store"/>
<opset="store_ln39/2 "/>
</bind>
</comp>

<comp id="206" class="1004" name="tmp_s_fu_206">
<pin_list>
<pin id="207" dir="0" index="0" bw="14" slack="0"/>
<pin id="208" dir="0" index="1" bw="7" slack="1"/>
<pin id="209" dir="0" index="2" bw="1" slack="0"/>
<pin id="210" dir="1" index="3" bw="14" slack="0"/>
</pin_list>
<bind>
<opcode="bitconcatenate(1004) " fcode="bitconcatenate"/>
<opset="tmp_s/3 "/>
</bind>
</comp>

<comp id="213" class="1004" name="zext_ln39_fu_213">
<pin_list>
<pin id="214" dir="0" index="0" bw="14" slack="0"/>
<pin id="215" dir="1" index="1" bw="64" slack="0"/>
</pin_list>
<bind>
<opcode="zext(34) " fcode="zext"/>
<opset="zext_ln39/3 "/>
</bind>
</comp>

<comp id="217" class="1004" name="zext_ln39_1_fu_217">
<pin_list>
<pin id="218" dir="0" index="0" bw="8" slack="1"/>
<pin id="219" dir="1" index="1" bw="64" slack="0"/>
</pin_list>
<bind>
<opcode="zext(34) " fcode="zext"/>
<opset="zext_ln39_1/3 "/>
</bind>
</comp>

<comp id="220" class="1004" name="zext_ln41_fu_220">
<pin_list>
<pin id="221" dir="0" index="0" bw="8" slack="1"/>
<pin id="222" dir="1" index="1" bw="14" slack="0"/>
</pin_list>
<bind>
<opcode="zext(34) " fcode="zext"/>
<opset="zext_ln41/3 "/>
</bind>
</comp>

<comp id="223" class="1004" name="add_ln41_2_fu_223">
<pin_list>
<pin id="224" dir="0" index="0" bw="14" slack="0"/>
<pin id="225" dir="0" index="1" bw="8" slack="0"/>
<pin id="226" dir="1" index="2" bw="14" slack="0"/>
</pin_list>
<bind>
<opcode="add(8) " fcode="add"/>
<opset="add_ln41_2/3 "/>
</bind>
</comp>

<comp id="229" class="1004" name="zext_ln41_1_fu_229">
<pin_list>
<pin id="230" dir="0" index="0" bw="14" slack="0"/>
<pin id="231" dir="1" index="1" bw="64" slack="0"/>
</pin_list>
<bind>
<opcode="zext(34) " fcode="zext"/>
<opset="zext_ln41_1/3 "/>
</bind>
</comp>

<comp id="234" class="1004" name="add_ln41_fu_234">
<pin_list>
<pin id="235" dir="0" index="0" bw="8" slack="0"/>
<pin id="236" dir="0" index="1" bw="64" slack="2"/>
<pin id="237" dir="1" index="2" bw="64" slack="0"/>
</pin_list>
<bind>
<opcode="add(8) " fcode="add"/>
<opset="add_ln41/3 "/>
</bind>
</comp>

<comp id="239" class="1004" name="add_ln41_1_fu_239">
<pin_list>
<pin id="240" dir="0" index="0" bw="64" slack="0"/>
<pin id="241" dir="0" index="1" bw="14" slack="0"/>
<pin id="242" dir="1" index="2" bw="64" slack="0"/>
</pin_list>
<bind>
<opcode="add(8) " fcode="add"/>
<opset="add_ln41_1/3 "/>
</bind>
</comp>

<comp id="245" class="1004" name="gmem_out_addr_fu_245">
<pin_list>
<pin id="246" dir="0" index="0" bw="8" slack="0"/>
<pin id="247" dir="0" index="1" bw="64" slack="0"/>
<pin id="248" dir="1" index="2" bw="8" slack="1"/>
</pin_list>
<bind>
<opcode="getelementptr(29) " fcode="getelementptr"/>
<opset="gmem_out_addr/3 "/>
</bind>
</comp>

<comp id="251" class="1005" name="c_reg_251">
<pin_list>
<pin id="252" dir="0" index="0" bw="8" slack="0"/>
<pin id="253" dir="1" index="1" bw="8" slack="0"/>
</pin_list>
<bind>
<opset="c "/>
</bind>
</comp>

<comp id="258" class="1005" name="r_reg_258">
<pin_list>
<pin id="259" dir="0" index="0" bw="8" slack="0"/>
<pin id="260" dir="1" index="1" bw="8" slack="0"/>
</pin_list>
<bind>
<opset="r "/>
</bind>
</comp>

<comp id="265" class="1005" name="indvar_flatten13_reg_265">
<pin_list>
<pin id="266" dir="0" index="0" bw="15" slack="0"/>
<pin id="267" dir="1" index="1" bw="15" slack="0"/>
</pin_list>
<bind>
<opset="indvar_flatten13 "/>
</bind>
</comp>

<comp id="272" class="1005" name="output_img_read_reg_272">
<pin_list>
<pin id="273" dir="0" index="0" bw="64" slack="2"/>
<pin id="274" dir="1" index="1" bw="64" slack="2"/>
</pin_list>
<bind>
<opset="output_img_read "/>
</bind>
</comp>

<comp id="277" class="1005" name="icmp_ln38_reg_277">
<pin_list>
<pin id="278" dir="0" index="0" bw="1" slack="8"/>
<pin id="279" dir="1" index="1" bw="1" slack="2147483647"/>
</pin_list>
<bind>
<opset="icmp_ln38 "/>
</bind>
</comp>

<comp id="281" class="1005" name="select_ln38_reg_281">
<pin_list>
<pin id="282" dir="0" index="0" bw="8" slack="1"/>
<pin id="283" dir="1" index="1" bw="8" slack="1"/>
</pin_list>
<bind>
<opset="select_ln38 "/>
</bind>
</comp>

<comp id="287" class="1005" name="trunc_ln41_reg_287">
<pin_list>
<pin id="288" dir="0" index="0" bw="7" slack="1"/>
<pin id="289" dir="1" index="1" bw="7" slack="1"/>
</pin_list>
<bind>
<opset="trunc_ln41 "/>
</bind>
</comp>

<comp id="292" class="1005" name="local_output_addr_reg_292">
<pin_list>
<pin id="293" dir="0" index="0" bw="14" slack="1"/>
<pin id="294" dir="1" index="1" bw="14" slack="1"/>
</pin_list>
<bind>
<opset="local_output_addr "/>
</bind>
</comp>

<comp id="297" class="1005" name="gmem_out_addr_reg_297">
<pin_list>
<pin id="298" dir="0" index="0" bw="8" slack="1"/>
<pin id="299" dir="1" index="1" bw="8" slack="1"/>
</pin_list>
<bind>
<opset="gmem_out_addr "/>
</bind>
</comp>

<comp id="304" class="1005" name="local_output_load_reg_304">
<pin_list>
<pin id="305" dir="0" index="0" bw="8" slack="1"/>
<pin id="306" dir="1" index="1" bw="8" slack="1"/>
</pin_list>
<bind>
<opset="local_output_load "/>
</bind>
</comp>

</comp_list>

<net_list>
<net id="69"><net_src comp="6" pin="0"/><net_sink comp="66" pin=0"/></net>

<net id="73"><net_src comp="6" pin="0"/><net_sink comp="70" pin=0"/></net>

<net id="77"><net_src comp="6" pin="0"/><net_sink comp="74" pin=0"/></net>

<net id="82"><net_src comp="24" pin="0"/><net_sink comp="78" pin=0"/></net>

<net id="83"><net_src comp="2" pin="0"/><net_sink comp="78" pin=1"/></net>

<net id="89"><net_src comp="4" pin="0"/><net_sink comp="84" pin=0"/></net>

<net id="90"><net_src comp="44" pin="0"/><net_sink comp="84" pin=1"/></net>

<net id="96"><net_src comp="84" pin="3"/><net_sink comp="91" pin=0"/></net>

<net id="102"><net_src comp="46" pin="0"/><net_sink comp="97" pin=0"/></net>

<net id="103"><net_src comp="48" pin="0"/><net_sink comp="97" pin=2"/></net>

<net id="110"><net_src comp="50" pin="0"/><net_sink comp="104" pin=0"/></net>

<net id="111"><net_src comp="52" pin="0"/><net_sink comp="104" pin=3"/></net>

<net id="116"><net_src comp="54" pin="0"/><net_sink comp="112" pin=0"/></net>

<net id="121"><net_src comp="26" pin="0"/><net_sink comp="117" pin=0"/></net>

<net id="126"><net_src comp="28" pin="0"/><net_sink comp="122" pin=0"/></net>

<net id="131"><net_src comp="28" pin="0"/><net_sink comp="127" pin=0"/></net>

<net id="139"><net_src comp="132" pin="1"/><net_sink comp="135" pin=0"/></net>

<net id="140"><net_src comp="32" pin="0"/><net_sink comp="135" pin=1"/></net>

<net id="145"><net_src comp="132" pin="1"/><net_sink comp="141" pin=0"/></net>

<net id="146"><net_src comp="34" pin="0"/><net_sink comp="141" pin=1"/></net>

<net id="151"><net_src comp="141" pin="2"/><net_sink comp="147" pin=0"/></net>

<net id="162"><net_src comp="155" pin="1"/><net_sink comp="158" pin=0"/></net>

<net id="163"><net_src comp="36" pin="0"/><net_sink comp="158" pin=1"/></net>

<net id="168"><net_src comp="152" pin="1"/><net_sink comp="164" pin=0"/></net>

<net id="169"><net_src comp="38" pin="0"/><net_sink comp="164" pin=1"/></net>

<net id="175"><net_src comp="164" pin="2"/><net_sink comp="170" pin=0"/></net>

<net id="176"><net_src comp="28" pin="0"/><net_sink comp="170" pin=1"/></net>

<net id="177"><net_src comp="152" pin="1"/><net_sink comp="170" pin=2"/></net>

<net id="183"><net_src comp="164" pin="2"/><net_sink comp="178" pin=0"/></net>

<net id="184"><net_src comp="158" pin="2"/><net_sink comp="178" pin=1"/></net>

<net id="185"><net_src comp="155" pin="1"/><net_sink comp="178" pin=2"/></net>

<net id="189"><net_src comp="178" pin="3"/><net_sink comp="186" pin=0"/></net>

<net id="194"><net_src comp="170" pin="3"/><net_sink comp="190" pin=0"/></net>

<net id="195"><net_src comp="36" pin="0"/><net_sink comp="190" pin=1"/></net>

<net id="200"><net_src comp="178" pin="3"/><net_sink comp="196" pin=0"/></net>

<net id="205"><net_src comp="190" pin="2"/><net_sink comp="201" pin=0"/></net>

<net id="211"><net_src comp="40" pin="0"/><net_sink comp="206" pin=0"/></net>

<net id="212"><net_src comp="42" pin="0"/><net_sink comp="206" pin=2"/></net>

<net id="216"><net_src comp="206" pin="3"/><net_sink comp="213" pin=0"/></net>

<net id="227"><net_src comp="206" pin="3"/><net_sink comp="223" pin=0"/></net>

<net id="228"><net_src comp="220" pin="1"/><net_sink comp="223" pin=1"/></net>

<net id="232"><net_src comp="223" pin="2"/><net_sink comp="229" pin=0"/></net>

<net id="233"><net_src comp="229" pin="1"/><net_sink comp="84" pin=2"/></net>

<net id="238"><net_src comp="217" pin="1"/><net_sink comp="234" pin=0"/></net>

<net id="243"><net_src comp="234" pin="2"/><net_sink comp="239" pin=0"/></net>

<net id="244"><net_src comp="213" pin="1"/><net_sink comp="239" pin=1"/></net>

<net id="249"><net_src comp="0" pin="0"/><net_sink comp="245" pin=0"/></net>

<net id="250"><net_src comp="239" pin="2"/><net_sink comp="245" pin=1"/></net>

<net id="254"><net_src comp="66" pin="1"/><net_sink comp="251" pin=0"/></net>

<net id="255"><net_src comp="251" pin="1"/><net_sink comp="127" pin=1"/></net>

<net id="256"><net_src comp="251" pin="1"/><net_sink comp="152" pin=0"/></net>

<net id="257"><net_src comp="251" pin="1"/><net_sink comp="201" pin=1"/></net>

<net id="261"><net_src comp="70" pin="1"/><net_sink comp="258" pin=0"/></net>

<net id="262"><net_src comp="258" pin="1"/><net_sink comp="122" pin=1"/></net>

<net id="263"><net_src comp="258" pin="1"/><net_sink comp="155" pin=0"/></net>

<net id="264"><net_src comp="258" pin="1"/><net_sink comp="196" pin=1"/></net>

<net id="268"><net_src comp="74" pin="1"/><net_sink comp="265" pin=0"/></net>

<net id="269"><net_src comp="265" pin="1"/><net_sink comp="117" pin=1"/></net>

<net id="270"><net_src comp="265" pin="1"/><net_sink comp="132" pin=0"/></net>

<net id="271"><net_src comp="265" pin="1"/><net_sink comp="147" pin=1"/></net>

<net id="275"><net_src comp="78" pin="2"/><net_sink comp="272" pin=0"/></net>

<net id="276"><net_src comp="272" pin="1"/><net_sink comp="234" pin=1"/></net>

<net id="280"><net_src comp="135" pin="2"/><net_sink comp="277" pin=0"/></net>

<net id="284"><net_src comp="170" pin="3"/><net_sink comp="281" pin=0"/></net>

<net id="285"><net_src comp="281" pin="1"/><net_sink comp="217" pin=0"/></net>

<net id="286"><net_src comp="281" pin="1"/><net_sink comp="220" pin=0"/></net>

<net id="290"><net_src comp="186" pin="1"/><net_sink comp="287" pin=0"/></net>

<net id="291"><net_src comp="287" pin="1"/><net_sink comp="206" pin=1"/></net>

<net id="295"><net_src comp="84" pin="3"/><net_sink comp="292" pin=0"/></net>

<net id="296"><net_src comp="292" pin="1"/><net_sink comp="91" pin=0"/></net>

<net id="300"><net_src comp="245" pin="2"/><net_sink comp="297" pin=0"/></net>

<net id="301"><net_src comp="297" pin="1"/><net_sink comp="97" pin=1"/></net>

<net id="302"><net_src comp="297" pin="1"/><net_sink comp="104" pin=1"/></net>

<net id="303"><net_src comp="297" pin="1"/><net_sink comp="112" pin=1"/></net>

<net id="307"><net_src comp="91" pin="3"/><net_sink comp="304" pin=0"/></net>

<net id="308"><net_src comp="304" pin="1"/><net_sink comp="104" pin=2"/></net>

</net_list>

</model> 
---------------- Datapath Model END ------------------

* FSMD analyzer results:
  - Output states:
	Port: gmem_out | {4 5 6 7 8 9 10 }
 - Input state : 
	Port: vitis_convolution_Pipeline_Write_Rows_Write_Cols : output_img | {1 }
	Port: vitis_convolution_Pipeline_Write_Rows_Write_Cols : local_output | {3 4 }
  - Chain level:
	State 1
		store_ln0 : 1
		store_ln38 : 1
		store_ln39 : 1
		indvar_flatten13_load : 1
		icmp_ln38 : 2
		add_ln38_1 : 2
		br_ln38 : 3
		store_ln38 : 3
	State 2
		add_ln38 : 1
		icmp_ln39 : 1
		select_ln38 : 2
		select_ln38_1 : 2
		trunc_ln41 : 3
		add_ln39 : 3
		store_ln38 : 3
		store_ln39 : 4
	State 3
		zext_ln39 : 1
		add_ln41_2 : 1
		zext_ln41_1 : 2
		local_output_addr : 3
		local_output_load : 4
		add_ln41 : 1
		add_ln41_1 : 2
		gmem_out_addr : 3
	State 4
	State 5
	State 6
	State 7
	State 8
	State 9
	State 10


============================================================
+ Verbose Summary: Datapath Resource usage 
============================================================

* Functional unit list:
|----------|----------------------------------|---------|---------|
| Operation|          Functional Unit         |    FF   |   LUT   |
|----------|----------------------------------|---------|---------|
|          |         add_ln38_1_fu_141        |    0    |    20   |
|          |          add_ln38_fu_158         |    0    |    15   |
|    add   |          add_ln39_fu_190         |    0    |    15   |
|          |         add_ln41_2_fu_223        |    0    |    17   |
|          |          add_ln41_fu_234         |    0    |    64   |
|          |         add_ln41_1_fu_239        |    0    |    64   |
|----------|----------------------------------|---------|---------|
|   icmp   |         icmp_ln38_fu_135         |    0    |    20   |
|          |         icmp_ln39_fu_164         |    0    |    15   |
|----------|----------------------------------|---------|---------|
|  select  |        select_ln38_fu_170        |    0    |    8    |
|          |       select_ln38_1_fu_178       |    0    |    8    |
|----------|----------------------------------|---------|---------|
|   read   |    output_img_read_read_fu_78    |    0    |    0    |
|----------|----------------------------------|---------|---------|
| writereq | gmem_out_addr_req_writereq_fu_97 |    0    |    0    |
|----------|----------------------------------|---------|---------|
|   write  |      write_ln41_write_fu_104     |    0    |    0    |
|----------|----------------------------------|---------|---------|
| writeresp|       grp_writeresp_fu_112       |    0    |    0    |
|----------|----------------------------------|---------|---------|
|   trunc  |         trunc_ln41_fu_186        |    0    |    0    |
|----------|----------------------------------|---------|---------|
|bitconcatenate|           tmp_s_fu_206           |    0    |    0    |
|----------|----------------------------------|---------|---------|
|          |         zext_ln39_fu_213         |    0    |    0    |
|   zext   |        zext_ln39_1_fu_217        |    0    |    0    |
|          |         zext_ln41_fu_220         |    0    |    0    |
|          |        zext_ln41_1_fu_229        |    0    |    0    |
|----------|----------------------------------|---------|---------|
|   Total  |                                  |    0    |   246   |
|----------|----------------------------------|---------|---------|

Memories:
N/A

* Register list:
+-------------------------+--------+
|                         |   FF   |
+-------------------------+--------+
|        c_reg_251        |    8   |
|  gmem_out_addr_reg_297  |    8   |
|    icmp_ln38_reg_277    |    1   |
| indvar_flatten13_reg_265|   15   |
|local_output_addr_reg_292|   14   |
|local_output_load_reg_304|    8   |
| output_img_read_reg_272 |   64   |
|        r_reg_258        |    8   |
|   select_ln38_reg_281   |    8   |
|    trunc_ln41_reg_287   |    7   |
+-------------------------+--------+
|          Total          |   141  |
+-------------------------+--------+

* Multiplexer (MUX) list: 
|------------------|------|------|------|--------||---------||---------||---------|
|       Comp       |  Pin | Size |  BW  | S x BW ||  Delay  ||    FF   ||   LUT   |
|------------------|------|------|------|--------||---------||---------||---------|
| grp_access_fu_91 |  p0  |   2  |  14  |   28   ||    0    ||    9    |
|------------------|------|------|------|--------||---------||---------||---------|
|       Total      |      |      |      |   28   ||  1.588  ||    0    ||    9    |
|------------------|------|------|------|--------||---------||---------||---------|



* Summary:
+-----------+--------+--------+--------+
|           |  Delay |   FF   |   LUT  |
+-----------+--------+--------+--------+
|  Function |    -   |    0   |   246  |
|   Memory  |    -   |    -   |    -   |
|Multiplexer|    1   |    0   |    9   |
|  Register |    -   |   141  |    -   |
+-----------+--------+--------+--------+
|   Total   |    1   |   141  |   255  |
+-----------+--------+--------+--------+
