

================================================================
== Vitis HLS Report for 'vitis_convolution'
================================================================
* Date:           Wed May 20 13:51:35 2026

* Version:        2025.2 (Build 6295257 on Nov 14 2025)
* Project:        2D_Convolutie
* Solution:       hls (Vivado IP Flow Target)
* Product family: zynq
* Target device:  xc7z020-clg400-1


================================================================
== Performance Estimates
================================================================
+ Timing: 
    * Summary: 
    +--------+----------+----------+------------+
    |  Clock |  Target  | Estimated| Uncertainty|
    +--------+----------+----------+------------+
    |ap_clk  |  10.00 ns|  7.300 ns|     2.70 ns|
    +--------+----------+----------+------------+

+ Latency: 
    * Summary: 
    +---------+---------+----------+----------+-------+-------+---------+
    |  Latency (cycles) |  Latency (absolute) |    Interval   | Pipeline|
    |   min   |   max   |    min   |    max   |  min  |  max  |   Type  |
    +---------+---------+----------+----------+-------+-------+---------+
    |    48701|    48701|  0.487 ms|  0.487 ms|  48702|  48702|       no|
    +---------+---------+----------+----------+-------+-------+---------+

    + Detail: 
        * Instance: 
        N/A

        * Loop: 
        N/A

============================================================
+ Verbose Summary: Synthesis Manager
============================================================
InlineROM: 1
ExposeGlobal: 0
============================================================
+ Verbose Summary: CDFG Model
============================================================
IsTopModel: 1
ResetActiveHigh: 1
IsCombinational: 0
IsDatapathOnly: 0
HasWiredReturn: 1
HasMFsm: 0
HasVarLatency: 1
IsPipeline: 0
IsRtlPipelined: 0
IsInstanceOverlapped: 0
IsDontTouch: 0
HasImplIP: 0
IsGatedGlobalClock: 0


============================================================
+ Verbose Summary: Schedule
============================================================
* Number of FSM states : 13
* Pipeline : 0
* Dataflow Pipeline: 0

* FSM state transitions: 
1 --> 2 
2 --> 3 
3 --> 4 
4 --> 5 
5 --> 6 
6 --> 7 
7 --> 8 
8 --> 9 
9 --> 10 
10 --> 11 
11 --> 12 
12 --> 13 
13 --> 

* FSM state operations: 

State 1 <SV = 0> <Delay = 0.00>
ST_1 : Operation 14 [1/1] (0.00ns)   --->   "%kernel_addr = getelementptr i8 %kernel, i64 0, i64 0" [vitis_convolution.cpp:32]   --->   Operation 14 'getelementptr' 'kernel_addr' <Predicate = true> <Delay = 0.00>
ST_1 : Operation 15 [2/2] (0.00ns)   --->   "%kernel_load = load i4 %kernel_addr" [vitis_convolution.cpp:32]   --->   Operation 15 'load' 'kernel_load' <Predicate = true> <Delay = 0.00> <CoreInst = "RAM_1P">   --->   Core 85 'RAM_1P' <Latency = 1> <II = 1> <Delay = 2.32> <Storage> <Opcode : 'load' 'store'> <Ports = 1> <Width = 8> <Depth = 9> <RAM>

State 2 <SV = 1> <Delay = 0.00>
ST_2 : Operation 16 [1/1] (0.00ns)   --->   "%kernel_addr_1 = getelementptr i8 %kernel, i64 0, i64 1" [vitis_convolution.cpp:32]   --->   Operation 16 'getelementptr' 'kernel_addr_1' <Predicate = true> <Delay = 0.00>
ST_2 : Operation 17 [1/2] ( I:0.00ns O:0.00ns )   --->   "%kernel_load = load i4 %kernel_addr" [vitis_convolution.cpp:32]   --->   Operation 17 'load' 'kernel_load' <Predicate = true> <Delay = 0.00> <CoreInst = "RAM_1P">   --->   Core 85 'RAM_1P' <Latency = 1> <II = 1> <Delay = 2.32> <Storage> <Opcode : 'load' 'store'> <Ports = 1> <Width = 8> <Depth = 9> <RAM>
ST_2 : Operation 18 [2/2] (0.00ns)   --->   "%kernel_load_1 = load i4 %kernel_addr_1" [vitis_convolution.cpp:32]   --->   Operation 18 'load' 'kernel_load_1' <Predicate = true> <Delay = 0.00> <CoreInst = "RAM_1P">   --->   Core 85 'RAM_1P' <Latency = 1> <II = 1> <Delay = 2.32> <Storage> <Opcode : 'load' 'store'> <Ports = 1> <Width = 8> <Depth = 9> <RAM>

State 3 <SV = 2> <Delay = 0.00>
ST_3 : Operation 19 [1/1] (0.00ns)   --->   "%kernel_addr_2 = getelementptr i8 %kernel, i64 0, i64 2" [vitis_convolution.cpp:32]   --->   Operation 19 'getelementptr' 'kernel_addr_2' <Predicate = true> <Delay = 0.00>
ST_3 : Operation 20 [1/2] ( I:0.00ns O:0.00ns )   --->   "%kernel_load_1 = load i4 %kernel_addr_1" [vitis_convolution.cpp:32]   --->   Operation 20 'load' 'kernel_load_1' <Predicate = true> <Delay = 0.00> <CoreInst = "RAM_1P">   --->   Core 85 'RAM_1P' <Latency = 1> <II = 1> <Delay = 2.32> <Storage> <Opcode : 'load' 'store'> <Ports = 1> <Width = 8> <Depth = 9> <RAM>
ST_3 : Operation 21 [2/2] (0.00ns)   --->   "%kernel_load_2 = load i4 %kernel_addr_2" [vitis_convolution.cpp:32]   --->   Operation 21 'load' 'kernel_load_2' <Predicate = true> <Delay = 0.00> <CoreInst = "RAM_1P">   --->   Core 85 'RAM_1P' <Latency = 1> <II = 1> <Delay = 2.32> <Storage> <Opcode : 'load' 'store'> <Ports = 1> <Width = 8> <Depth = 9> <RAM>

State 4 <SV = 3> <Delay = 0.00>
ST_4 : Operation 22 [1/1] (0.00ns)   --->   "%kernel_addr_3 = getelementptr i8 %kernel, i64 0, i64 3" [vitis_convolution.cpp:32]   --->   Operation 22 'getelementptr' 'kernel_addr_3' <Predicate = true> <Delay = 0.00>
ST_4 : Operation 23 [1/2] ( I:0.00ns O:0.00ns )   --->   "%kernel_load_2 = load i4 %kernel_addr_2" [vitis_convolution.cpp:32]   --->   Operation 23 'load' 'kernel_load_2' <Predicate = true> <Delay = 0.00> <CoreInst = "RAM_1P">   --->   Core 85 'RAM_1P' <Latency = 1> <II = 1> <Delay = 2.32> <Storage> <Opcode : 'load' 'store'> <Ports = 1> <Width = 8> <Depth = 9> <RAM>
ST_4 : Operation 24 [2/2] (0.00ns)   --->   "%kernel_load_3 = load i4 %kernel_addr_3" [vitis_convolution.cpp:32]   --->   Operation 24 'load' 'kernel_load_3' <Predicate = true> <Delay = 0.00> <CoreInst = "RAM_1P">   --->   Core 85 'RAM_1P' <Latency = 1> <II = 1> <Delay = 2.32> <Storage> <Opcode : 'load' 'store'> <Ports = 1> <Width = 8> <Depth = 9> <RAM>

State 5 <SV = 4> <Delay = 0.00>
ST_5 : Operation 25 [1/1] (0.00ns)   --->   "%kernel_addr_4 = getelementptr i8 %kernel, i64 0, i64 4" [vitis_convolution.cpp:32]   --->   Operation 25 'getelementptr' 'kernel_addr_4' <Predicate = true> <Delay = 0.00>
ST_5 : Operation 26 [1/2] ( I:0.00ns O:0.00ns )   --->   "%kernel_load_3 = load i4 %kernel_addr_3" [vitis_convolution.cpp:32]   --->   Operation 26 'load' 'kernel_load_3' <Predicate = true> <Delay = 0.00> <CoreInst = "RAM_1P">   --->   Core 85 'RAM_1P' <Latency = 1> <II = 1> <Delay = 2.32> <Storage> <Opcode : 'load' 'store'> <Ports = 1> <Width = 8> <Depth = 9> <RAM>
ST_5 : Operation 27 [2/2] (0.00ns)   --->   "%kernel_load_4 = load i4 %kernel_addr_4" [vitis_convolution.cpp:32]   --->   Operation 27 'load' 'kernel_load_4' <Predicate = true> <Delay = 0.00> <CoreInst = "RAM_1P">   --->   Core 85 'RAM_1P' <Latency = 1> <II = 1> <Delay = 2.32> <Storage> <Opcode : 'load' 'store'> <Ports = 1> <Width = 8> <Depth = 9> <RAM>

State 6 <SV = 5> <Delay = 0.00>
ST_6 : Operation 28 [1/1] (0.00ns)   --->   "%kernel_addr_5 = getelementptr i8 %kernel, i64 0, i64 5" [vitis_convolution.cpp:32]   --->   Operation 28 'getelementptr' 'kernel_addr_5' <Predicate = true> <Delay = 0.00>
ST_6 : Operation 29 [1/2] ( I:0.00ns O:0.00ns )   --->   "%kernel_load_4 = load i4 %kernel_addr_4" [vitis_convolution.cpp:32]   --->   Operation 29 'load' 'kernel_load_4' <Predicate = true> <Delay = 0.00> <CoreInst = "RAM_1P">   --->   Core 85 'RAM_1P' <Latency = 1> <II = 1> <Delay = 2.32> <Storage> <Opcode : 'load' 'store'> <Ports = 1> <Width = 8> <Depth = 9> <RAM>
ST_6 : Operation 30 [2/2] (0.00ns)   --->   "%kernel_load_5 = load i4 %kernel_addr_5" [vitis_convolution.cpp:32]   --->   Operation 30 'load' 'kernel_load_5' <Predicate = true> <Delay = 0.00> <CoreInst = "RAM_1P">   --->   Core 85 'RAM_1P' <Latency = 1> <II = 1> <Delay = 2.32> <Storage> <Opcode : 'load' 'store'> <Ports = 1> <Width = 8> <Depth = 9> <RAM>

State 7 <SV = 6> <Delay = 0.00>
ST_7 : Operation 31 [1/1] (0.00ns)   --->   "%kernel_addr_6 = getelementptr i8 %kernel, i64 0, i64 6" [vitis_convolution.cpp:32]   --->   Operation 31 'getelementptr' 'kernel_addr_6' <Predicate = true> <Delay = 0.00>
ST_7 : Operation 32 [1/2] ( I:0.00ns O:0.00ns )   --->   "%kernel_load_5 = load i4 %kernel_addr_5" [vitis_convolution.cpp:32]   --->   Operation 32 'load' 'kernel_load_5' <Predicate = true> <Delay = 0.00> <CoreInst = "RAM_1P">   --->   Core 85 'RAM_1P' <Latency = 1> <II = 1> <Delay = 2.32> <Storage> <Opcode : 'load' 'store'> <Ports = 1> <Width = 8> <Depth = 9> <RAM>
ST_7 : Operation 33 [2/2] (0.00ns)   --->   "%kernel_load_6 = load i4 %kernel_addr_6" [vitis_convolution.cpp:32]   --->   Operation 33 'load' 'kernel_load_6' <Predicate = true> <Delay = 0.00> <CoreInst = "RAM_1P">   --->   Core 85 'RAM_1P' <Latency = 1> <II = 1> <Delay = 2.32> <Storage> <Opcode : 'load' 'store'> <Ports = 1> <Width = 8> <Depth = 9> <RAM>

State 8 <SV = 7> <Delay = 1.00>
ST_8 : Operation 34 [1/1] (1.00ns)   --->   "%output_img_read = read i64 @_ssdm_op_Read.s_axilite.i64, i64 %output_img" [vitis_convolution.cpp:32]   --->   Operation 34 'read' 'output_img_read' <Predicate = true> <Delay = 1.00> <CoreInst = "s_axilite">   --->   Core 112 's_axilite' <Latency = 0> <II = 1> <Delay = 1.00> <Adapter> <Opcode : 'read' 'write'>
ST_8 : Operation 35 [1/1] (1.00ns)   --->   "%input_img_read = read i64 @_ssdm_op_Read.s_axilite.i64, i64 %input_img" [vitis_convolution.cpp:32]   --->   Operation 35 'read' 'input_img_read' <Predicate = true> <Delay = 1.00> <CoreInst = "s_axilite">   --->   Core 112 's_axilite' <Latency = 0> <II = 1> <Delay = 1.00> <Adapter> <Opcode : 'read' 'write'>
ST_8 : Operation 36 [1/1] (0.00ns)   --->   "%kernel_addr_7 = getelementptr i8 %kernel, i64 0, i64 7" [vitis_convolution.cpp:32]   --->   Operation 36 'getelementptr' 'kernel_addr_7' <Predicate = true> <Delay = 0.00>
ST_8 : Operation 37 [2/2] (0.00ns)   --->   "%call_ln32 = call void @vitis_convolution_Pipeline_Read_Rows_Read_Cols, i8 %gmem_in, i64 %input_img_read, i8 %p_ZZ17vitis_convolutionPVhPVcPA3_cE11local_input_0_0, i8 %p_ZZ17vitis_convolutionPVhPVcPA3_cE11local_input_0_1, i8 %p_ZZ17vitis_convolutionPVhPVcPA3_cE11local_input_0_2, i8 %p_ZZ17vitis_convolutionPVhPVcPA3_cE11local_input_1_0, i8 %p_ZZ17vitis_convolutionPVhPVcPA3_cE11local_input_1_1, i8 %p_ZZ17vitis_convolutionPVhPVcPA3_cE11local_input_1_2, i8 %p_ZZ17vitis_convolutionPVhPVcPA3_cE11local_input_2_0, i8 %p_ZZ17vitis_convolutionPVhPVcPA3_cE11local_input_2_1, i8 %p_ZZ17vitis_convolutionPVhPVcPA3_cE11local_input_2_2" [vitis_convolution.cpp:32]   --->   Operation 37 'call' 'call_ln32' <Predicate = true> <Delay = 0.00> <CoreType = "Generic">   --->   Generic Core
ST_8 : Operation 38 [1/2] ( I:0.00ns O:0.00ns )   --->   "%kernel_load_6 = load i4 %kernel_addr_6" [vitis_convolution.cpp:32]   --->   Operation 38 'load' 'kernel_load_6' <Predicate = true> <Delay = 0.00> <CoreInst = "RAM_1P">   --->   Core 85 'RAM_1P' <Latency = 1> <II = 1> <Delay = 2.32> <Storage> <Opcode : 'load' 'store'> <Ports = 1> <Width = 8> <Depth = 9> <RAM>
ST_8 : Operation 39 [2/2] (0.00ns)   --->   "%kernel_load_7 = load i4 %kernel_addr_7" [vitis_convolution.cpp:32]   --->   Operation 39 'load' 'kernel_load_7' <Predicate = true> <Delay = 0.00> <CoreInst = "RAM_1P">   --->   Core 85 'RAM_1P' <Latency = 1> <II = 1> <Delay = 2.32> <Storage> <Opcode : 'load' 'store'> <Ports = 1> <Width = 8> <Depth = 9> <RAM>

State 9 <SV = 8> <Delay = 0.00>
ST_9 : Operation 40 [1/1] (0.00ns)   --->   "%kernel_addr_8 = getelementptr i8 %kernel, i64 0, i64 8" [vitis_convolution.cpp:32]   --->   Operation 40 'getelementptr' 'kernel_addr_8' <Predicate = true> <Delay = 0.00>
ST_9 : Operation 41 [1/2] (0.00ns)   --->   "%call_ln32 = call void @vitis_convolution_Pipeline_Read_Rows_Read_Cols, i8 %gmem_in, i64 %input_img_read, i8 %p_ZZ17vitis_convolutionPVhPVcPA3_cE11local_input_0_0, i8 %p_ZZ17vitis_convolutionPVhPVcPA3_cE11local_input_0_1, i8 %p_ZZ17vitis_convolutionPVhPVcPA3_cE11local_input_0_2, i8 %p_ZZ17vitis_convolutionPVhPVcPA3_cE11local_input_1_0, i8 %p_ZZ17vitis_convolutionPVhPVcPA3_cE11local_input_1_1, i8 %p_ZZ17vitis_convolutionPVhPVcPA3_cE11local_input_1_2, i8 %p_ZZ17vitis_convolutionPVhPVcPA3_cE11local_input_2_0, i8 %p_ZZ17vitis_convolutionPVhPVcPA3_cE11local_input_2_1, i8 %p_ZZ17vitis_convolutionPVhPVcPA3_cE11local_input_2_2" [vitis_convolution.cpp:32]   --->   Operation 41 'call' 'call_ln32' <Predicate = true> <Delay = 0.00> <CoreType = "Generic">   --->   Generic Core
ST_9 : Operation 42 [1/2] ( I:0.00ns O:0.00ns )   --->   "%kernel_load_7 = load i4 %kernel_addr_7" [vitis_convolution.cpp:32]   --->   Operation 42 'load' 'kernel_load_7' <Predicate = true> <Delay = 0.00> <CoreInst = "RAM_1P">   --->   Core 85 'RAM_1P' <Latency = 1> <II = 1> <Delay = 2.32> <Storage> <Opcode : 'load' 'store'> <Ports = 1> <Width = 8> <Depth = 9> <RAM>
ST_9 : Operation 43 [2/2] (0.00ns)   --->   "%kernel_load_8 = load i4 %kernel_addr_8" [vitis_convolution.cpp:32]   --->   Operation 43 'load' 'kernel_load_8' <Predicate = true> <Delay = 0.00> <CoreInst = "RAM_1P">   --->   Core 85 'RAM_1P' <Latency = 1> <II = 1> <Delay = 2.32> <Storage> <Opcode : 'load' 'store'> <Ports = 1> <Width = 8> <Depth = 9> <RAM>

State 10 <SV = 9> <Delay = 0.00>
ST_10 : Operation 44 [1/2] ( I:0.00ns O:0.00ns )   --->   "%kernel_load_8 = load i4 %kernel_addr_8" [vitis_convolution.cpp:32]   --->   Operation 44 'load' 'kernel_load_8' <Predicate = true> <Delay = 0.00> <CoreInst = "RAM_1P">   --->   Core 85 'RAM_1P' <Latency = 1> <II = 1> <Delay = 2.32> <Storage> <Opcode : 'load' 'store'> <Ports = 1> <Width = 8> <Depth = 9> <RAM>
ST_10 : Operation 45 [2/2] (0.00ns)   --->   "%call_ln32 = call void @vitis_convolution_Pipeline_Conv_Rows_Conv_Cols, i8 %kernel_load, i8 %kernel_load_1, i8 %kernel_load_8, i8 %kernel_load_7, i8 %kernel_load_6, i8 %kernel_load_5, i8 %kernel_load_4, i8 %kernel_load_3, i8 %kernel_load_2, i8 %p_ZZ17vitis_convolutionPVhPVcPA3_cE11local_input_0_0, i8 %p_ZZ17vitis_convolutionPVhPVcPA3_cE11local_input_0_1, i8 %p_ZZ17vitis_convolutionPVhPVcPA3_cE11local_input_0_2, i8 %p_ZZ17vitis_convolutionPVhPVcPA3_cE11local_input_1_0, i8 %p_ZZ17vitis_convolutionPVhPVcPA3_cE11local_input_1_1, i8 %p_ZZ17vitis_convolutionPVhPVcPA3_cE11local_input_1_2, i8 %p_ZZ17vitis_convolutionPVhPVcPA3_cE11local_input_2_0, i8 %p_ZZ17vitis_convolutionPVhPVcPA3_cE11local_input_2_1, i8 %p_ZZ17vitis_convolutionPVhPVcPA3_cE11local_input_2_2, i8 %local_output" [vitis_convolution.cpp:32]   --->   Operation 45 'call' 'call_ln32' <Predicate = true> <Delay = 0.00> <CoreType = "Generic">   --->   Generic Core

State 11 <SV = 10> <Delay = 0.00>
ST_11 : Operation 46 [1/2] (0.00ns)   --->   "%call_ln32 = call void @vitis_convolution_Pipeline_Conv_Rows_Conv_Cols, i8 %kernel_load, i8 %kernel_load_1, i8 %kernel_load_8, i8 %kernel_load_7, i8 %kernel_load_6, i8 %kernel_load_5, i8 %kernel_load_4, i8 %kernel_load_3, i8 %kernel_load_2, i8 %p_ZZ17vitis_convolutionPVhPVcPA3_cE11local_input_0_0, i8 %p_ZZ17vitis_convolutionPVhPVcPA3_cE11local_input_0_1, i8 %p_ZZ17vitis_convolutionPVhPVcPA3_cE11local_input_0_2, i8 %p_ZZ17vitis_convolutionPVhPVcPA3_cE11local_input_1_0, i8 %p_ZZ17vitis_convolutionPVhPVcPA3_cE11local_input_1_1, i8 %p_ZZ17vitis_convolutionPVhPVcPA3_cE11local_input_1_2, i8 %p_ZZ17vitis_convolutionPVhPVcPA3_cE11local_input_2_0, i8 %p_ZZ17vitis_convolutionPVhPVcPA3_cE11local_input_2_1, i8 %p_ZZ17vitis_convolutionPVhPVcPA3_cE11local_input_2_2, i8 %local_output" [vitis_convolution.cpp:32]   --->   Operation 46 'call' 'call_ln32' <Predicate = true> <Delay = 0.00> <CoreType = "Generic">   --->   Generic Core

State 12 <SV = 11> <Delay = 0.00>
ST_12 : Operation 47 [2/2] (0.00ns)   --->   "%call_ln32 = call void @vitis_convolution_Pipeline_Write_Rows_Write_Cols, i8 %gmem_out, i64 %output_img_read, i8 %local_output" [vitis_convolution.cpp:32]   --->   Operation 47 'call' 'call_ln32' <Predicate = true> <Delay = 0.00> <CoreType = "Generic">   --->   Generic Core

State 13 <SV = 12> <Delay = 0.00>
ST_13 : Operation 48 [1/1] (0.00ns)   --->   "%spectopmodule_ln3 = spectopmodule void @_ssdm_op_SpecTopModule, void @empty_12" [vitis_convolution.cpp:3]   --->   Operation 48 'spectopmodule' 'spectopmodule_ln3' <Predicate = true> <Delay = 0.00>
ST_13 : Operation 49 [1/1] (0.00ns)   --->   "%specinterface_ln0 = specinterface void @_ssdm_op_SpecInterface, i8 %gmem_in, void @empty, i32 0, i32 0, void @empty_0, i32 0, i32 16384, void @empty_1, void @empty_2, void @empty_0, i32 16, i32 16, i32 16, i32 16, void @empty_0, void @empty_0, i32 4294967295, i32 0, i32 0, i32 1"   --->   Operation 49 'specinterface' 'specinterface_ln0' <Predicate = true> <Delay = 0.00>
ST_13 : Operation 50 [1/1] (0.00ns)   --->   "%specbitsmap_ln0 = specbitsmap void @_ssdm_op_SpecBitsMap, i8 %gmem_in"   --->   Operation 50 'specbitsmap' 'specbitsmap_ln0' <Predicate = true> <Delay = 0.00>
ST_13 : Operation 51 [1/1] (0.00ns)   --->   "%specinterface_ln0 = specinterface void @_ssdm_op_SpecInterface, i8 %gmem_out, void @empty, i32 0, i32 0, void @empty_0, i32 0, i32 16384, void @empty_3, void @empty_2, void @empty_0, i32 16, i32 16, i32 16, i32 16, void @empty_0, void @empty_0, i32 4294967295, i32 0, i32 0, i32 1"   --->   Operation 51 'specinterface' 'specinterface_ln0' <Predicate = true> <Delay = 0.00>
ST_13 : Operation 52 [1/1] (0.00ns)   --->   "%specbitsmap_ln0 = specbitsmap void @_ssdm_op_SpecBitsMap, i8 %gmem_out"   --->   Operation 52 'specbitsmap' 'specbitsmap_ln0' <Predicate = true> <Delay = 0.00>
ST_13 : Operation 53 [1/1] (0.00ns)   --->   "%specinterface_ln0 = specinterface void @_ssdm_op_SpecInterface, i64 %input_img, void @empty_4, i32 0, i32 0, void @empty_0, i32 0, i32 0, void @empty_5, void @empty_6, void @empty_0, i32 0, i32 0, i32 0, i32 0, void @empty_0, void @empty_7, i32 4294967295, i32 0, i32 0, i32 0"   --->   Operation 53 'specinterface' 'specinterface_ln0' <Predicate = true> <Delay = 0.00>
ST_13 : Operation 54 [1/1] (0.00ns)   --->   "%specinterface_ln0 = specinterface void @_ssdm_op_SpecInterface, i64 %input_img, void @empty_8, i32 0, i32 0, void @empty_0, i32 0, i32 0, void @empty_0, void @empty_0, void @empty_0, i32 0, i32 0, i32 0, i32 0, void @empty_0, void @empty_7, i32 4294967295, i32 0, i32 0, i32 0"   --->   Operation 54 'specinterface' 'specinterface_ln0' <Predicate = true> <Delay = 0.00>
ST_13 : Operation 55 [1/1] (0.00ns)   --->   "%specinterface_ln0 = specinterface void @_ssdm_op_SpecInterface, i64 %output_img, void @empty_4, i32 0, i32 0, void @empty_0, i32 0, i32 0, void @empty_5, void @empty_9, void @empty_0, i32 0, i32 0, i32 0, i32 0, void @empty_0, void @empty_7, i32 4294967295, i32 0, i32 0, i32 0"   --->   Operation 55 'specinterface' 'specinterface_ln0' <Predicate = true> <Delay = 0.00>
ST_13 : Operation 56 [1/1] (0.00ns)   --->   "%specinterface_ln0 = specinterface void @_ssdm_op_SpecInterface, i64 %output_img, void @empty_8, i32 0, i32 0, void @empty_0, i32 0, i32 0, void @empty_0, void @empty_0, void @empty_0, i32 0, i32 0, i32 0, i32 0, void @empty_0, void @empty_7, i32 4294967295, i32 0, i32 0, i32 0"   --->   Operation 56 'specinterface' 'specinterface_ln0' <Predicate = true> <Delay = 0.00>
ST_13 : Operation 57 [1/1] (0.00ns)   --->   "%specinterface_ln0 = specinterface void @_ssdm_op_SpecInterface, i8 %kernel, void @empty_4, i32 0, i32 0, void @empty_0, i32 0, i32 0, void @empty_10, void @empty_6, void @empty_0, i32 0, i32 0, i32 0, i32 0, void @empty_0, void @empty_0, i32 4294967295, i32 0, i32 0, i32 0"   --->   Operation 57 'specinterface' 'specinterface_ln0' <Predicate = true> <Delay = 0.00>
ST_13 : Operation 58 [1/1] (0.00ns)   --->   "%specinterface_ln0 = specinterface void @_ssdm_op_SpecInterface, i8 %kernel, void @empty_11, i32 0, i32 0, void @empty_0, i32 1, i32 0, void @empty_0, void @empty_0, void @empty_0, i32 0, i32 0, i32 0, i32 0, void @empty_0, void @empty_0, i32 4294967295, i32 0, i32 0, i32 0"   --->   Operation 58 'specinterface' 'specinterface_ln0' <Predicate = true> <Delay = 0.00>
ST_13 : Operation 59 [1/1] (0.00ns)   --->   "%specmemcore_ln0 = specmemcore void @_ssdm_op_SpecMemCore, i8 %kernel, i64 666, i64 207, i64 1, i1 0"   --->   Operation 59 'specmemcore' 'specmemcore_ln0' <Predicate = true> <Delay = 0.00>
ST_13 : Operation 60 [1/1] (0.00ns)   --->   "%specbitsmap_ln0 = specbitsmap void @_ssdm_op_SpecBitsMap, i8 %kernel"   --->   Operation 60 'specbitsmap' 'specbitsmap_ln0' <Predicate = true> <Delay = 0.00>
ST_13 : Operation 61 [1/1] (0.00ns)   --->   "%specinterface_ln0 = specinterface void @_ssdm_op_SpecInterface, i32 0, void @empty_4, i32 0, i32 0, void @empty_0, i32 0, i32 0, void @empty_10, void @empty_0, void @empty_0, i32 0, i32 0, i32 0, i32 0, void @empty_0, void @empty_0, i32 0, i32 0, i32 0, i32 0"   --->   Operation 61 'specinterface' 'specinterface_ln0' <Predicate = true> <Delay = 0.00>
ST_13 : Operation 62 [1/2] (0.00ns)   --->   "%call_ln32 = call void @vitis_convolution_Pipeline_Write_Rows_Write_Cols, i8 %gmem_out, i64 %output_img_read, i8 %local_output" [vitis_convolution.cpp:32]   --->   Operation 62 'call' 'call_ln32' <Predicate = true> <Delay = 0.00> <CoreType = "Generic">   --->   Generic Core
ST_13 : Operation 63 [1/1] (0.00ns)   --->   "%ret_ln45 = ret" [vitis_convolution.cpp:45]   --->   Operation 63 'ret' 'ret_ln45' <Predicate = true> <Delay = 0.00>


============================================================
+ Verbose Summary: Timing violations
============================================================
Target clock period: 10.000ns, clock uncertainty: 2.700ns.

 <State 1>: 0.000ns
The critical path consists of the following:

 <State 2>: 0.000ns
The critical path consists of the following:

 <State 3>: 0.000ns
The critical path consists of the following:

 <State 4>: 0.000ns
The critical path consists of the following:

 <State 5>: 0.000ns
The critical path consists of the following:

 <State 6>: 0.000ns
The critical path consists of the following:

 <State 7>: 0.000ns
The critical path consists of the following:

 <State 8>: 1.000ns
The critical path consists of the following:
	s_axi read operation ('output_img_read', vitis_convolution.cpp:32) on port 'output_img' (vitis_convolution.cpp:32) [16]  (1.000 ns)

 <State 9>: 0.000ns
The critical path consists of the following:

 <State 10>: 0.000ns
The critical path consists of the following:

 <State 11>: 0.000ns
The critical path consists of the following:

 <State 12>: 0.000ns
The critical path consists of the following:

 <State 13>: 0.000ns
The critical path consists of the following:


============================================================
+ Verbose Summary: Binding
============================================================
N/A
* FSMD analyzer results:
  - Output states:
 - Input state : 
  - Chain level:
	State 1
	State 2
	State 3
	State 4
	State 5
	State 6
	State 7
	State 8
	State 9
	State 10
	State 11
	State 12
	State 13


============================================================
+ Verbose Summary: Datapath Resource usage 
============================================================
N/A
