
*** Running vivado
    with args -log design_1_wrapper.vdi -applog -m64 -product Vivado -messageDb vivado.pb -mode batch -source design_1_wrapper.tcl -notrace



****** Vivado v2025.2 (64-bit)
  **** SW Build 6299465 on Fri Nov 14 19:35:11 GMT 2025
  **** IP Build 6300035 on Fri Nov 14 10:48:45 MST 2025
  **** SharedData Build 6298862 on Thu Nov 13 04:50:51 MST 2025
  **** Start of session at: Sat May 23 02:43:24 2026
    ** Copyright 1986-2022 Xilinx, Inc. All Rights Reserved.
    ** Copyright 2022-2025 Advanced Micro Devices, Inc. All Rights Reserved.

source design_1_wrapper.tcl -notrace
create_project: Time (s): cpu = 00:00:09 ; elapsed = 00:00:07 . Memory (MB): peak = 525.520 ; gain = 220.203
INFO: [IP_Flow 19-234] Refreshing IP repositories
INFO: [IP_Flow 19-1700] Loaded user IP repository 'c:/2eai-soc-2526-weerstation-bj-mk-tm/CodesPart3V3/ip_repo'.
INFO: [IP_Flow 19-1700] Loaded user IP repository 'c:/2EAI-HAC-2526-TaskHLS-bj-mk-tm/2D_Convolutie_HLS/2D_Convolutie_HLS'.
INFO: [IP_Flow 19-2313] Loaded Vivado IP repository 'C:/AMDDesignTools/2025.2/Vivado/data/ip'.
WARNING: [IP_Flow 19-4995] The host OS only allows 260 characters in a normal path. The IP cache path is more than 80 characters. If you experience issues with IP caching, please consider changing the IP cache to a location with a shorter path. Alternately consider using the OS subst command to map part of the path to a drive letter. 
Current IP cache path is C:/2EAI-HAC-2526-TaskHLS-bj-mk-tm/2D_Convolutie_VIVADO/2D_Convolutie_VIVADO.cache/ip 
Command: link_design -top design_1_wrapper -part xc7z020clg400-1
Design is defaulting to srcset: sources_1
Design is defaulting to constrset: constrs_1
INFO: [Device 21-403] Loading part xc7z020clg400-1
INFO: [Project 1-5699] Read binary netlist with skipMacroContent - 1
INFO: [Project 1-454] Reading design checkpoint 'c:/2EAI-HAC-2526-TaskHLS-bj-mk-tm/2D_Convolutie_VIVADO/2D_Convolutie_VIVADO.gen/sources_1/bd/design_1/ip/design_1_axi_smc_0/design_1_axi_smc_0.dcp' for cell 'design_1_i/axi_smc'
INFO: [Project 1-454] Reading design checkpoint 'c:/2EAI-HAC-2526-TaskHLS-bj-mk-tm/2D_Convolutie_VIVADO/2D_Convolutie_VIVADO.gen/sources_1/bd/design_1/ip/design_1_filter_afbeelding_0_0/design_1_filter_afbeelding_0_0.dcp' for cell 'design_1_i/filter_afbeelding_0'
INFO: [Project 1-454] Reading design checkpoint 'c:/2EAI-HAC-2526-TaskHLS-bj-mk-tm/2D_Convolutie_VIVADO/2D_Convolutie_VIVADO.gen/sources_1/bd/design_1/ip/design_1_processing_system7_0_0/design_1_processing_system7_0_0.dcp' for cell 'design_1_i/processing_system7_0'
INFO: [Project 1-454] Reading design checkpoint 'c:/2EAI-HAC-2526-TaskHLS-bj-mk-tm/2D_Convolutie_VIVADO/2D_Convolutie_VIVADO.gen/sources_1/bd/design_1/ip/design_1_rst_ps7_0_100M_0/design_1_rst_ps7_0_100M_0.dcp' for cell 'design_1_i/rst_ps7_0_100M'
INFO: [Project 1-454] Reading design checkpoint 'c:/2EAI-HAC-2526-TaskHLS-bj-mk-tm/2D_Convolutie_VIVADO/2D_Convolutie_VIVADO.gen/sources_1/bd/design_1/ip/design_1_axi_mem_intercon_imp_xbar_0/design_1_axi_mem_intercon_imp_xbar_0.dcp' for cell 'design_1_i/axi_mem_intercon/xbar'
INFO: [Project 1-454] Reading design checkpoint 'c:/2EAI-HAC-2526-TaskHLS-bj-mk-tm/2D_Convolutie_VIVADO/2D_Convolutie_VIVADO.gen/sources_1/bd/design_1/ip/design_1_axi_mem_intercon_imp_auto_pc_0/design_1_axi_mem_intercon_imp_auto_pc_0.dcp' for cell 'design_1_i/axi_mem_intercon/s00_couplers/auto_pc'
INFO: [Project 1-454] Reading design checkpoint 'c:/2EAI-HAC-2526-TaskHLS-bj-mk-tm/2D_Convolutie_VIVADO/2D_Convolutie_VIVADO.gen/sources_1/bd/design_1/ip/design_1_axi_mem_intercon_imp_auto_pc_1/design_1_axi_mem_intercon_imp_auto_pc_1.dcp' for cell 'design_1_i/axi_mem_intercon/s01_couplers/auto_pc'
Netlist sorting complete. Time (s): cpu = 00:00:00 ; elapsed = 00:00:00.343 . Memory (MB): peak = 894.133 ; gain = 0.000
INFO: [Netlist 29-17] Analyzing 708 Unisim elements for replacement
INFO: [Netlist 29-28] Unisim Transformation completed in 0 CPU seconds
INFO: [Project 1-479] Netlist was created with Vivado 2025.2
INFO: [Project 1-570] Preparing netlist for logic optimization
Parsing XDC File [c:/2EAI-HAC-2526-TaskHLS-bj-mk-tm/2D_Convolutie_VIVADO/2D_Convolutie_VIVADO.gen/sources_1/bd/design_1/ip/design_1_processing_system7_0_0/design_1_processing_system7_0_0.xdc] for cell 'design_1_i/processing_system7_0/inst'
Finished Parsing XDC File [c:/2EAI-HAC-2526-TaskHLS-bj-mk-tm/2D_Convolutie_VIVADO/2D_Convolutie_VIVADO.gen/sources_1/bd/design_1/ip/design_1_processing_system7_0_0/design_1_processing_system7_0_0.xdc] for cell 'design_1_i/processing_system7_0/inst'
Parsing XDC File [c:/2EAI-HAC-2526-TaskHLS-bj-mk-tm/2D_Convolutie_VIVADO/2D_Convolutie_VIVADO.gen/sources_1/bd/design_1/ip/design_1_axi_smc_0/bd_0/ip/ip_1/bd_afc3_psr_aclk_0_board.xdc] for cell 'design_1_i/axi_smc/inst/clk_map/psr_aclk/U0'
Finished Parsing XDC File [c:/2EAI-HAC-2526-TaskHLS-bj-mk-tm/2D_Convolutie_VIVADO/2D_Convolutie_VIVADO.gen/sources_1/bd/design_1/ip/design_1_axi_smc_0/bd_0/ip/ip_1/bd_afc3_psr_aclk_0_board.xdc] for cell 'design_1_i/axi_smc/inst/clk_map/psr_aclk/U0'
Parsing XDC File [c:/2EAI-HAC-2526-TaskHLS-bj-mk-tm/2D_Convolutie_VIVADO/2D_Convolutie_VIVADO.gen/sources_1/bd/design_1/ip/design_1_axi_smc_0/smartconnect.xdc] for cell 'design_1_i/axi_smc/inst'
Finished Parsing XDC File [c:/2EAI-HAC-2526-TaskHLS-bj-mk-tm/2D_Convolutie_VIVADO/2D_Convolutie_VIVADO.gen/sources_1/bd/design_1/ip/design_1_axi_smc_0/smartconnect.xdc] for cell 'design_1_i/axi_smc/inst'
Parsing XDC File [c:/2EAI-HAC-2526-TaskHLS-bj-mk-tm/2D_Convolutie_VIVADO/2D_Convolutie_VIVADO.gen/sources_1/bd/design_1/ip/design_1_rst_ps7_0_100M_0/design_1_rst_ps7_0_100M_0_board.xdc] for cell 'design_1_i/rst_ps7_0_100M/U0'
Finished Parsing XDC File [c:/2EAI-HAC-2526-TaskHLS-bj-mk-tm/2D_Convolutie_VIVADO/2D_Convolutie_VIVADO.gen/sources_1/bd/design_1/ip/design_1_rst_ps7_0_100M_0/design_1_rst_ps7_0_100M_0_board.xdc] for cell 'design_1_i/rst_ps7_0_100M/U0'
INFO: [Project 1-1714] 21 XPM XDC files have been applied to the design.
INFO: [Opt 31-138] Pushed 0 inverter(s) to 0 load pin(s).
Netlist sorting complete. Time (s): cpu = 00:00:00 ; elapsed = 00:00:00.018 . Memory (MB): peak = 1592.254 ; gain = 0.000
INFO: [Project 1-111] Unisim Transformation Summary:
  A total of 3 instances were transformed.
  RAM32M => RAM32M (RAMD32(x6), RAMS32(x2)): 2 instances
  RAM32X1D => RAM32X1D (RAMD32(x2)): 1 instance 

20 Infos, 1 Warnings, 0 Critical Warnings and 0 Errors encountered.
link_design completed successfully
link_design: Time (s): cpu = 00:00:18 ; elapsed = 00:00:20 . Memory (MB): peak = 1592.254 ; gain = 1009.781
Command: opt_design
Attempting to get a license for feature 'Implementation' and/or device 'xc7z020'
INFO: [Common 17-349] Got license for feature 'Implementation' and/or device 'xc7z020'
Running DRC as a precondition to command opt_design

Starting DRC Task
INFO: [DRC 23-27] Running DRC with 2 threads
INFO: [Project 1-461] DRC finished with 0 Errors
INFO: [Project 1-462] Please refer to the DRC report (report_drc) for more information.

Time (s): cpu = 00:00:01 ; elapsed = 00:00:00.885 . Memory (MB): peak = 1592.254 ; gain = 0.000

Starting Cache Timing Information Task
INFO: [Timing 38-35] Done setting XDC timing constraints.
Ending Cache Timing Information Task | Checksum: 21174c93a

Time (s): cpu = 00:00:02 ; elapsed = 00:00:01 . Memory (MB): peak = 1592.254 ; gain = 0.000

Starting Logic Optimization Task

Phase 1 Initialization

Phase 1.1 Core Generation And Design Setup
Phase 1.1 Core Generation And Design Setup | Checksum: 21174c93a

Time (s): cpu = 00:00:00 ; elapsed = 00:00:00.026 . Memory (MB): peak = 2031.176 ; gain = 0.000

Phase 1.2 Setup Constraints And Sort Netlist
Phase 1.2 Setup Constraints And Sort Netlist | Checksum: 21174c93a

Time (s): cpu = 00:00:00 ; elapsed = 00:00:00.047 . Memory (MB): peak = 2031.176 ; gain = 0.000
Phase 1 Initialization | Checksum: 21174c93a

Time (s): cpu = 00:00:00 ; elapsed = 00:00:00.050 . Memory (MB): peak = 2031.176 ; gain = 0.000

Phase 2 Timer Update And Timing Data Collection

Phase 2.1 Detect if minReqCache needed
Phase 2.1 Detect if minReqCache needed | Checksum: 21174c93a

Time (s): cpu = 00:00:00 ; elapsed = 00:00:00.082 . Memory (MB): peak = 2031.176 ; gain = 0.000

Phase 2.2 Timer Update
Phase 2.2 Timer Update | Checksum: 21174c93a

Time (s): cpu = 00:00:01 ; elapsed = 00:00:00.515 . Memory (MB): peak = 2031.176 ; gain = 0.000

Phase 2.3 Timing Data Collection
Phase 2.3 Timing Data Collection | Checksum: 21174c93a

Time (s): cpu = 00:00:01 ; elapsed = 00:00:00.533 . Memory (MB): peak = 2031.176 ; gain = 0.000
Phase 2 Timer Update And Timing Data Collection | Checksum: 21174c93a

Time (s): cpu = 00:00:01 ; elapsed = 00:00:00.534 . Memory (MB): peak = 2031.176 ; gain = 0.000

Phase 3 Retarget
INFO: [Opt 31-1851] Number of loadless carry chains removed were: 0
INFO: [Opt 31-1834] Total Chains To Be Transformed Were: 0 AND Number of Transformed insts Created are: 0
INFO: [Opt 31-1566] Pulled 2 inverters resulting in an inversion of 17 pins
INFO: [Opt 31-138] Pushed 12 inverter(s) to 43 load pin(s).
INFO: [Opt 31-49] Retargeted 0 cell(s).
Phase 3 Retarget | Checksum: 21ff4f5ca

Time (s): cpu = 00:00:01 ; elapsed = 00:00:00.899 . Memory (MB): peak = 2031.176 ; gain = 0.000
Retarget | Checksum: 21ff4f5ca
INFO: [Opt 31-389] Phase Retarget created 58 cells and removed 118 cells
INFO: [Opt 31-1021] In phase Retarget, 49 netlist objects are constrained preventing optimization. Please run opt_design with -debug_log to get more detail. 

Phase 4 Constant propagation
INFO: [Opt 31-138] Pushed 2 inverter(s) to 2 load pin(s).
Phase 4 Constant propagation | Checksum: 197533f9e

Time (s): cpu = 00:00:02 ; elapsed = 00:00:01 . Memory (MB): peak = 2031.176 ; gain = 0.000
Constant propagation | Checksum: 197533f9e
INFO: [Opt 31-389] Phase Constant propagation created 115 cells and removed 784 cells
INFO: [Opt 31-1021] In phase Constant propagation, 49 netlist objects are constrained preventing optimization. Please run opt_design with -debug_log to get more detail. 

Phase 5 Sweep
INFO: [Constraints 18-11670] Building netlist checker database with flags, 0x8
Done building netlist checker database: Time (s): cpu = 00:00:00 ; elapsed = 00:00:00.008 . Memory (MB): peak = 2031.176 ; gain = 0.000
INFO: [Constraints 18-11670] Building netlist checker database with flags, 0x8
Done building netlist checker database: Time (s): cpu = 00:00:00 ; elapsed = 00:00:00.006 . Memory (MB): peak = 2031.176 ; gain = 0.000
Phase 5 Sweep | Checksum: 18b9b84a2

Time (s): cpu = 00:00:02 ; elapsed = 00:00:02 . Memory (MB): peak = 2031.176 ; gain = 0.000
Sweep | Checksum: 18b9b84a2
INFO: [Opt 31-389] Phase Sweep created 0 cells and removed 421 cells
INFO: [Opt 31-1021] In phase Sweep, 125 netlist objects are constrained preventing optimization. Please run opt_design with -debug_log to get more detail. 

Phase 6 BUFG optimization
Phase 6 BUFG optimization | Checksum: 18b9b84a2

Time (s): cpu = 00:00:03 ; elapsed = 00:00:02 . Memory (MB): peak = 2031.176 ; gain = 0.000
BUFG optimization | Checksum: 18b9b84a2
INFO: [Opt 31-662] Phase BUFG optimization created 0 cells of which 0 are BUFGs and removed 0 cells.

Phase 7 Shift Register Optimization
INFO: [Opt 31-1064] SRL Remap converted 0 SRLs to 0 registers and converted 0 registers of register chains to 0 SRLs
Phase 7 Shift Register Optimization | Checksum: 18b9b84a2

Time (s): cpu = 00:00:03 ; elapsed = 00:00:02 . Memory (MB): peak = 2031.176 ; gain = 0.000
Shift Register Optimization | Checksum: 18b9b84a2
INFO: [Opt 31-389] Phase Shift Register Optimization created 0 cells and removed 0 cells

Phase 8 Post Processing Netlist
Phase 8 Post Processing Netlist | Checksum: 21495fe0c

Time (s): cpu = 00:00:03 ; elapsed = 00:00:02 . Memory (MB): peak = 2031.176 ; gain = 0.000
Post Processing Netlist | Checksum: 21495fe0c
INFO: [Opt 31-389] Phase Post Processing Netlist created 0 cells and removed 0 cells
INFO: [Opt 31-1021] In phase Post Processing Netlist, 55 netlist objects are constrained preventing optimization. Please run opt_design with -debug_log to get more detail. 

Phase 9 Finalization

Phase 9.1 Finalizing Design Cores and Updating Shapes
Phase 9.1 Finalizing Design Cores and Updating Shapes | Checksum: 157f185ba

Time (s): cpu = 00:00:03 ; elapsed = 00:00:03 . Memory (MB): peak = 2031.176 ; gain = 0.000

Phase 9.2 Verifying Netlist Connectivity

Starting Connectivity Check Task

Time (s): cpu = 00:00:00 ; elapsed = 00:00:00.030 . Memory (MB): peak = 2031.176 ; gain = 0.000
Phase 9.2 Verifying Netlist Connectivity | Checksum: 157f185ba

Time (s): cpu = 00:00:03 ; elapsed = 00:00:03 . Memory (MB): peak = 2031.176 ; gain = 0.000
Phase 9 Finalization | Checksum: 157f185ba

Time (s): cpu = 00:00:03 ; elapsed = 00:00:03 . Memory (MB): peak = 2031.176 ; gain = 0.000
Opt_design Change Summary
=========================


-------------------------------------------------------------------------------------------------------------------------
|  Phase                        |  #Cells created  |  #Cells Removed  |  #Constrained objects preventing optimizations  |
-------------------------------------------------------------------------------------------------------------------------
|  Retarget                     |              58  |             118  |                                             49  |
|  Constant propagation         |             115  |             784  |                                             49  |
|  Sweep                        |               0  |             421  |                                            125  |
|  BUFG optimization            |               0  |               0  |                                              0  |
|  Shift Register Optimization  |               0  |               0  |                                              0  |
|  Post Processing Netlist      |               0  |               0  |                                             55  |
-------------------------------------------------------------------------------------------------------------------------


Ending Logic Optimization Task | Checksum: 157f185ba

Time (s): cpu = 00:00:03 ; elapsed = 00:00:03 . Memory (MB): peak = 2031.176 ; gain = 0.000

Starting Power Optimization Task
INFO: [Pwropt 34-132] Skipping clock gating for clocks with a period < 2.00 ns.
INFO: [Pwropt 34-9] Applying IDT optimizations ...
INFO: [Pwropt 34-10] Applying ODC optimizations ...
INFO: [Timing 38-35] Done setting XDC timing constraints.
Running Vector-less Activity Propagation...

Finished Running Vector-less Activity Propagation


Starting PowerOpt Patch Enables Task
INFO: [Pwropt 34-162] WRITE_MODE attribute of 0 BRAM(s) out of a total of 1 has been updated to save power. Run report_power_opt to get a complete listing of the BRAMs updated.
INFO: [Pwropt 34-201] Structural ODC has moved 0 WE to EN ports
Number of BRAM Ports augmented: 0 newly gated: 1 Total Ports: 2
Ending PowerOpt Patch Enables Task | Checksum: 11b990c30

Time (s): cpu = 00:00:00 ; elapsed = 00:00:00.050 . Memory (MB): peak = 2031.176 ; gain = 0.000
Ending Power Optimization Task | Checksum: 11b990c30

Time (s): cpu = 00:00:05 ; elapsed = 00:00:04 . Memory (MB): peak = 2031.176 ; gain = 0.000

Starting Final Cleanup Task
Ending Final Cleanup Task | Checksum: 11b990c30

Time (s): cpu = 00:00:00 ; elapsed = 00:00:00.004 . Memory (MB): peak = 2031.176 ; gain = 0.000
Netlist sorting complete. Time (s): cpu = 00:00:00 ; elapsed = 00:00:00.013 . Memory (MB): peak = 2031.176 ; gain = 0.000
INFO: [Common 17-83] Releasing license: Implementation
51 Infos, 1 Warnings, 0 Critical Warnings and 0 Errors encountered.
opt_design completed successfully
opt_design: Time (s): cpu = 00:00:14 ; elapsed = 00:00:12 . Memory (MB): peak = 2031.176 ; gain = 438.922
INFO: [Vivado 12-24828] Executing command : report_drc -file design_1_wrapper_drc_opted.rpt -pb design_1_wrapper_drc_opted.pb -rpx design_1_wrapper_drc_opted.rpx
Command: report_drc -file design_1_wrapper_drc_opted.rpt -pb design_1_wrapper_drc_opted.pb -rpx design_1_wrapper_drc_opted.rpx
INFO: [IP_Flow 19-1839] IP Catalog is up to date.
INFO: [DRC 23-27] Running DRC with 2 threads
INFO: [Vivado_Tcl 2-168] The results of DRC are in file C:/2EAI-HAC-2526-TaskHLS-bj-mk-tm/2D_Convolutie_VIVADO/2D_Convolutie_VIVADO.runs/impl_1/design_1_wrapper_drc_opted.rpt.
report_drc completed successfully
INFO: [Timing 38-480] Writing timing data to binary archive.
Wrote PlaceDB: Time (s): cpu = 00:00:00 ; elapsed = 00:00:00 . Memory (MB): peak = 2031.176 ; gain = 0.000
Wrote PulsedLatchDB: Time (s): cpu = 00:00:00 ; elapsed = 00:00:00.001 . Memory (MB): peak = 2031.176 ; gain = 0.000
Writing XDEF routing.
Writing XDEF routing logical nets.
Write ShapeDB Complete: Time (s): cpu = 00:00:00 ; elapsed = 00:00:00.038 . Memory (MB): peak = 2031.176 ; gain = 0.000
Writing XDEF routing special nets.
Wrote RouteStorage: Time (s): cpu = 00:00:00 ; elapsed = 00:00:00.053 . Memory (MB): peak = 2031.176 ; gain = 0.000
Wrote PlaceStorage: Time (s): cpu = 00:00:00 ; elapsed = 00:00:00.017 . Memory (MB): peak = 2031.176 ; gain = 0.000
Wrote Netlist Cache: Time (s): cpu = 00:00:00 ; elapsed = 00:00:00.002 . Memory (MB): peak = 2031.176 ; gain = 0.000
Wrote Device Cache: Time (s): cpu = 00:00:00 ; elapsed = 00:00:00.014 . Memory (MB): peak = 2031.176 ; gain = 0.000
Write Physdb Complete: Time (s): cpu = 00:00:00 ; elapsed = 00:00:00.104 . Memory (MB): peak = 2031.176 ; gain = 0.000
INFO: [Common 17-1381] The checkpoint 'C:/2EAI-HAC-2526-TaskHLS-bj-mk-tm/2D_Convolutie_VIVADO/2D_Convolutie_VIVADO.runs/impl_1/design_1_wrapper_opt.dcp' has been generated.
Command: place_design
Attempting to get a license for feature 'Implementation' and/or device 'xc7z020'
INFO: [Common 17-349] Got license for feature 'Implementation' and/or device 'xc7z020'
INFO: [Common 17-83] Releasing license: Implementation
INFO: [DRC 23-27] Running DRC with 2 threads
INFO: [Vivado_Tcl 4-198] DRC finished with 0 Errors
INFO: [Vivado_Tcl 4-199] Please refer to the DRC report (report_drc) for more information.
INFO: [Timing 38-35] Done setting XDC timing constraints.
Running DRC as a precondition to command place_design
INFO: [DRC 23-27] Running DRC with 2 threads
INFO: [Vivado_Tcl 4-198] DRC finished with 0 Errors, 1 Advisories
INFO: [Vivado_Tcl 4-199] Please refer to the DRC report (report_drc) for more information.
INFO: [Place 30-611] Multithreading enabled for place_design using a maximum of 2 CPUs

Starting Placer Task

Phase 1 Placer Initialization

Phase 1.1 Placer Initialization Netlist Sorting
Netlist sorting complete. Time (s): cpu = 00:00:00 ; elapsed = 00:00:00.007 . Memory (MB): peak = 2031.176 ; gain = 0.000
Phase 1.1 Placer Initialization Netlist Sorting | Checksum: a5e7248a

Time (s): cpu = 00:00:00 ; elapsed = 00:00:00.015 . Memory (MB): peak = 2031.176 ; gain = 0.000
Netlist sorting complete. Time (s): cpu = 00:00:00 ; elapsed = 00:00:00.007 . Memory (MB): peak = 2031.176 ; gain = 0.000

Phase 1.2 IO Placement/ Clock Placement/ Build Placer Device
Phase 1.2 IO Placement/ Clock Placement/ Build Placer Device | Checksum: 865faabb

Time (s): cpu = 00:00:01 ; elapsed = 00:00:00.996 . Memory (MB): peak = 2031.176 ; gain = 0.000

Phase 1.3 Build Placer Netlist Model
Phase 1.3 Build Placer Netlist Model | Checksum: a12b07a9

Time (s): cpu = 00:00:08 ; elapsed = 00:00:05 . Memory (MB): peak = 2031.176 ; gain = 0.000

Phase 1.4 Constrain Clocks/Macros
Phase 1.4 Constrain Clocks/Macros | Checksum: a12b07a9

Time (s): cpu = 00:00:08 ; elapsed = 00:00:06 . Memory (MB): peak = 2031.176 ; gain = 0.000
Phase 1 Placer Initialization | Checksum: a12b07a9

Time (s): cpu = 00:00:08 ; elapsed = 00:00:06 . Memory (MB): peak = 2031.176 ; gain = 0.000

Phase 2 Global Placement

Phase 2.1 Floorplanning
Phase 2.1 Floorplanning | Checksum: d1c7880c

Time (s): cpu = 00:00:12 ; elapsed = 00:00:08 . Memory (MB): peak = 2031.176 ; gain = 0.000

Phase 2.2 Update Timing before SLR Path Opt
Phase 2.2 Update Timing before SLR Path Opt | Checksum: 1573d3c31

Time (s): cpu = 00:00:16 ; elapsed = 00:00:10 . Memory (MB): peak = 2031.176 ; gain = 0.000

Phase 2.3 Post-Processing in Floorplanning
Phase 2.3 Post-Processing in Floorplanning | Checksum: 1573d3c31

Time (s): cpu = 00:00:16 ; elapsed = 00:00:10 . Memory (MB): peak = 2031.176 ; gain = 0.000

Phase 2.4 Global Place Phase1
Phase 2.4 Global Place Phase1 | Checksum: 18420a38d

Time (s): cpu = 00:00:31 ; elapsed = 00:00:19 . Memory (MB): peak = 2031.176 ; gain = 0.000

Phase 2.5 Global Place Phase2

Phase 2.5.1 UpdateTiming Before Physical Synthesis
Phase 2.5.1 UpdateTiming Before Physical Synthesis | Checksum: 1ae639339

Time (s): cpu = 00:00:36 ; elapsed = 00:00:22 . Memory (MB): peak = 2031.176 ; gain = 0.000

Phase 2.5.2 Physical Synthesis In Placer
INFO: [Physopt 32-1035] Found 0 LUTNM shape to break, 555 LUT instances to create LUTNM shape
INFO: [Physopt 32-1044] Break lutnm for timing: one critical 0, two critical 0, total 0, new lutff created 0
INFO: [Physopt 32-1138] End 1 Pass. Optimized 158 nets or LUTs. Breaked 0 LUT, combined 158 existing LUTs and moved 0 existing LUT
INFO: [Physopt 32-65] No nets found for high-fanout optimization.
INFO: [Physopt 32-232] Optimized 0 net. Created 0 new instance.
INFO: [Physopt 32-775] End 1 Pass. Optimized 0 net or cell. Created 0 new cell, deleted 0 existing cell and moved 0 existing cell
INFO: [Physopt 32-670] No setup violation found.  DSP Register Optimization was not performed.
INFO: [Physopt 32-670] No setup violation found.  Shift Register to Pipeline Optimization was not performed.
INFO: [Physopt 32-670] No setup violation found.  Shift Register Optimization was not performed.
INFO: [Physopt 32-670] No setup violation found.  BRAM Register Optimization was not performed.
INFO: [Physopt 32-670] No setup violation found.  URAM Register Optimization was not performed.
INFO: [Physopt 32-949] No candidate nets found for dynamic/static region interface net replication
INFO: [Physopt 32-775] End 1 Pass. Optimized 0 net or cell. Created 0 new cell, deleted 0 existing cell and moved 0 existing cell
Netlist sorting complete. Time (s): cpu = 00:00:00 ; elapsed = 00:00:00.008 . Memory (MB): peak = 2031.176 ; gain = 0.000

Summary of Physical Synthesis Optimizations
============================================


-----------------------------------------------------------------------------------------------------------------------------------------------------------
|  Optimization                                     |  Added Cells  |  Removed Cells  |  Optimized Cells/Nets  |  Dont Touch  |  Iterations  |  Elapsed   |
-----------------------------------------------------------------------------------------------------------------------------------------------------------
|  LUT Combining                                    |            0  |            158  |                   158  |           0  |           1  |  00:00:00  |
|  Retime                                           |            0  |              0  |                     0  |           0  |           1  |  00:00:00  |
|  Very High Fanout                                 |            0  |              0  |                     0  |           0  |           1  |  00:00:00  |
|  DSP Register                                     |            0  |              0  |                     0  |           0  |           0  |  00:00:00  |
|  Shift Register to Pipeline                       |            0  |              0  |                     0  |           0  |           0  |  00:00:00  |
|  Shift Register                                   |            0  |              0  |                     0  |           0  |           0  |  00:00:00  |
|  BRAM Register                                    |            0  |              0  |                     0  |           0  |           0  |  00:00:00  |
|  URAM Register                                    |            0  |              0  |                     0  |           0  |           0  |  00:00:00  |
|  Dynamic/Static Region Interface Net Replication  |            0  |              0  |                     0  |           0  |           1  |  00:00:00  |
|  Total                                            |            0  |            158  |                   158  |           0  |           4  |  00:00:00  |
-----------------------------------------------------------------------------------------------------------------------------------------------------------


Phase 2.5.2 Physical Synthesis In Placer | Checksum: 250ec7a12

Time (s): cpu = 00:00:40 ; elapsed = 00:00:24 . Memory (MB): peak = 2031.176 ; gain = 0.000
Phase 2.5 Global Place Phase2 | Checksum: 24b64ab26

Time (s): cpu = 00:00:40 ; elapsed = 00:00:25 . Memory (MB): peak = 2031.176 ; gain = 0.000
Phase 2 Global Placement | Checksum: 24b64ab26

Time (s): cpu = 00:00:40 ; elapsed = 00:00:25 . Memory (MB): peak = 2031.176 ; gain = 0.000

Phase 3 Detail Placement

Phase 3.1 Commit Multi Column Macros
Phase 3.1 Commit Multi Column Macros | Checksum: 1b78d137d

Time (s): cpu = 00:00:44 ; elapsed = 00:00:27 . Memory (MB): peak = 2031.176 ; gain = 0.000

Phase 3.2 Commit Most Macros & LUTRAMs
Phase 3.2 Commit Most Macros & LUTRAMs | Checksum: 1d45ea8b7

Time (s): cpu = 00:00:49 ; elapsed = 00:00:30 . Memory (MB): peak = 2031.176 ; gain = 0.000

Phase 3.3 Area Swap Optimization
Phase 3.3 Area Swap Optimization | Checksum: 18fa40dfa

Time (s): cpu = 00:00:49 ; elapsed = 00:00:30 . Memory (MB): peak = 2031.176 ; gain = 0.000

Phase 3.4 Pipeline Register Optimization
Phase 3.4 Pipeline Register Optimization | Checksum: 15d07ec75

Time (s): cpu = 00:00:49 ; elapsed = 00:00:30 . Memory (MB): peak = 2031.176 ; gain = 0.000

Phase 3.5 Small Shape Detail Placement
Phase 3.5 Small Shape Detail Placement | Checksum: 1b1f6997b

Time (s): cpu = 00:00:56 ; elapsed = 00:00:37 . Memory (MB): peak = 2031.176 ; gain = 0.000

Phase 3.6 Re-assign LUT pins
Phase 3.6 Re-assign LUT pins | Checksum: 156ad9019

Time (s): cpu = 00:00:57 ; elapsed = 00:00:38 . Memory (MB): peak = 2031.176 ; gain = 0.000

Phase 3.7 Pipeline Register Optimization
Phase 3.7 Pipeline Register Optimization | Checksum: 104759b50

Time (s): cpu = 00:00:57 ; elapsed = 00:00:38 . Memory (MB): peak = 2031.176 ; gain = 0.000
Phase 3 Detail Placement | Checksum: 104759b50

Time (s): cpu = 00:00:57 ; elapsed = 00:00:38 . Memory (MB): peak = 2031.176 ; gain = 0.000

Phase 4 Post Placement Optimization and Clean-Up

Phase 4.1 Post Commit Optimization
INFO: [Timing 38-35] Done setting XDC timing constraints.

Phase 4.1.1 Post Placement Optimization
Post Placement Optimization Initialization | Checksum: 1324ad529

Phase 4.1.1.1 BUFG Insertion

Starting Physical Synthesis Task

Phase 1 Physical Synthesis Initialization
INFO: [Physopt 32-721] Multithreading enabled for phys_opt_design using a maximum of 2 CPUs
INFO: [Physopt 32-619] Estimated Timing Summary | WNS=0.900 | TNS=0.000 |
Phase 1 Physical Synthesis Initialization | Checksum: 125d92e6f

Time (s): cpu = 00:00:01 ; elapsed = 00:00:00.245 . Memory (MB): peak = 2031.176 ; gain = 0.000
INFO: [Place 46-33] Processed net design_1_i/filter_afbeelding_0/inst/gmem_uitvoer_m_axi_U/store_unit_0/fifo_wreq/U_fifo_srl/SR[0], BUFG insertion was skipped due to placement/routing conflicts.
INFO: [Place 46-56] BUFG insertion identified 1 candidate nets. Inserted BUFG: 0, Replicated BUFG Driver: 0, Skipped due to Placement/Routing Conflicts: 1, Skipped due to Timing Degradation: 0, Skipped due to netlist editing failed: 0.
Ending Physical Synthesis Task | Checksum: 13e918080

Time (s): cpu = 00:00:01 ; elapsed = 00:00:00.416 . Memory (MB): peak = 2031.176 ; gain = 0.000
Phase 4.1.1.1 BUFG Insertion | Checksum: 1324ad529

Time (s): cpu = 00:01:04 ; elapsed = 00:00:43 . Memory (MB): peak = 2031.176 ; gain = 0.000

Phase 4.1.1.2 Post Placement Timing Optimization
INFO: [Place 30-746] Post Placement Timing Summary WNS=0.900. For the most accurate timing information please run report_timing.
Phase 4.1.1.2 Post Placement Timing Optimization | Checksum: 157d6bb27

Time (s): cpu = 00:01:04 ; elapsed = 00:00:43 . Memory (MB): peak = 2031.176 ; gain = 0.000

Time (s): cpu = 00:01:04 ; elapsed = 00:00:43 . Memory (MB): peak = 2031.176 ; gain = 0.000
Phase 4.1 Post Commit Optimization | Checksum: 157d6bb27

Time (s): cpu = 00:01:04 ; elapsed = 00:00:43 . Memory (MB): peak = 2031.176 ; gain = 0.000

Phase 4.2 Post Placement Cleanup
Phase 4.2 Post Placement Cleanup | Checksum: 157d6bb27

Time (s): cpu = 00:01:04 ; elapsed = 00:00:43 . Memory (MB): peak = 2031.176 ; gain = 0.000

Phase 4.3 Placer Reporting

Phase 4.3.1 Print Estimated Congestion
INFO: [Place 30-612] Post-Placement Estimated Congestion 
 ____________________________________________________
|           | Global Congestion | Short Congestion  |
| Direction | Region Size       | Region Size       |
|___________|___________________|___________________|
|      North|                1x1|                1x1|
|___________|___________________|___________________|
|      South|                1x1|                2x2|
|___________|___________________|___________________|
|       East|                1x1|                4x4|
|___________|___________________|___________________|
|       West|                1x1|                1x1|
|___________|___________________|___________________|

Phase 4.3.1 Print Estimated Congestion | Checksum: 157d6bb27

Time (s): cpu = 00:01:04 ; elapsed = 00:00:43 . Memory (MB): peak = 2031.176 ; gain = 0.000
Phase 4.3 Placer Reporting | Checksum: 157d6bb27

Time (s): cpu = 00:01:05 ; elapsed = 00:00:43 . Memory (MB): peak = 2031.176 ; gain = 0.000

Phase 4.4 Final Placement Cleanup
Netlist sorting complete. Time (s): cpu = 00:00:00 ; elapsed = 00:00:00.007 . Memory (MB): peak = 2031.176 ; gain = 0.000

Time (s): cpu = 00:01:05 ; elapsed = 00:00:43 . Memory (MB): peak = 2031.176 ; gain = 0.000
Phase 4 Post Placement Optimization and Clean-Up | Checksum: 1d2f54023

Time (s): cpu = 00:01:05 ; elapsed = 00:00:43 . Memory (MB): peak = 2031.176 ; gain = 0.000
Ending Placer Task | Checksum: 1697bfc00

Time (s): cpu = 00:01:05 ; elapsed = 00:00:43 . Memory (MB): peak = 2031.176 ; gain = 0.000
87 Infos, 1 Warnings, 0 Critical Warnings and 0 Errors encountered.
place_design completed successfully
place_design: Time (s): cpu = 00:01:08 ; elapsed = 00:00:46 . Memory (MB): peak = 2031.176 ; gain = 0.000
INFO: [Vivado 12-24838] Running report commands "report_control_sets, report_io, report_utilization" in parallel.
Running report generation with 2 threads.
INFO: [Vivado 12-24828] Executing command : report_io -file design_1_wrapper_io_placed.rpt
report_io: Time (s): cpu = 00:00:00 ; elapsed = 00:00:00.143 . Memory (MB): peak = 2031.176 ; gain = 0.000
INFO: [Vivado 12-24828] Executing command : report_control_sets -verbose -file design_1_wrapper_control_sets_placed.rpt
report_control_sets: Time (s): cpu = 00:00:00 ; elapsed = 00:00:00.086 . Memory (MB): peak = 2031.176 ; gain = 0.000
INFO: [Vivado 12-24828] Executing command : report_utilization -file design_1_wrapper_utilization_placed.rpt -pb design_1_wrapper_utilization_placed.pb
INFO: [Timing 38-480] Writing timing data to binary archive.
Wrote PlaceDB: Time (s): cpu = 00:00:00 ; elapsed = 00:00:00 . Memory (MB): peak = 2031.176 ; gain = 0.000
Wrote PulsedLatchDB: Time (s): cpu = 00:00:00 ; elapsed = 00:00:00.001 . Memory (MB): peak = 2031.176 ; gain = 0.000
Writing XDEF routing.
Writing XDEF routing logical nets.
Write ShapeDB Complete: Time (s): cpu = 00:00:00 ; elapsed = 00:00:00.045 . Memory (MB): peak = 2031.176 ; gain = 0.000
Writing XDEF routing special nets.
Wrote RouteStorage: Time (s): cpu = 00:00:01 ; elapsed = 00:00:00.054 . Memory (MB): peak = 2031.176 ; gain = 0.000
Wrote PlaceStorage: Time (s): cpu = 00:00:02 ; elapsed = 00:00:00.915 . Memory (MB): peak = 2031.176 ; gain = 0.000
Wrote Netlist Cache: Time (s): cpu = 00:00:00 ; elapsed = 00:00:00.032 . Memory (MB): peak = 2031.176 ; gain = 0.000
Wrote Device Cache: Time (s): cpu = 00:00:00 ; elapsed = 00:00:00.011 . Memory (MB): peak = 2031.176 ; gain = 0.000
Write Physdb Complete: Time (s): cpu = 00:00:03 ; elapsed = 00:00:01 . Memory (MB): peak = 2031.176 ; gain = 0.000
INFO: [Common 17-1381] The checkpoint 'C:/2EAI-HAC-2526-TaskHLS-bj-mk-tm/2D_Convolutie_VIVADO/2D_Convolutie_VIVADO.runs/impl_1/design_1_wrapper_placed.dcp' has been generated.
Command: phys_opt_design
Attempting to get a license for feature 'Implementation' and/or device 'xc7z020'
INFO: [Common 17-349] Got license for feature 'Implementation' and/or device 'xc7z020'

Starting Initial Update Timing Task

Time (s): cpu = 00:00:05 ; elapsed = 00:00:03 . Memory (MB): peak = 2031.176 ; gain = 0.000
INFO: [Vivado_Tcl 4-2279] Estimated Timing Summary | WNS= 0.900 | TNS= 0.000 | 
INFO: [Vivado_Tcl 4-383] Design worst setup slack (WNS) is greater than or equal to 0.000 ns. All physical synthesis setup optimizations will be skipped.
INFO: [Vivado_Tcl 4-232] No setup violation found. The netlist was not modified.
INFO: [Common 17-83] Releasing license: Implementation
98 Infos, 1 Warnings, 0 Critical Warnings and 0 Errors encountered.
phys_opt_design completed successfully
INFO: [Timing 38-480] Writing timing data to binary archive.
Wrote PlaceDB: Time (s): cpu = 00:00:00 ; elapsed = 00:00:00 . Memory (MB): peak = 2031.176 ; gain = 0.000
Wrote PulsedLatchDB: Time (s): cpu = 00:00:00 ; elapsed = 00:00:00 . Memory (MB): peak = 2031.176 ; gain = 0.000
Writing XDEF routing.
Writing XDEF routing logical nets.
Writing XDEF routing special nets.
Wrote RouteStorage: Time (s): cpu = 00:00:00 ; elapsed = 00:00:00.049 . Memory (MB): peak = 2031.176 ; gain = 0.000
Write ShapeDB Complete: Time (s): cpu = 00:00:00 ; elapsed = 00:00:00.063 . Memory (MB): peak = 2031.176 ; gain = 0.000
Wrote PlaceStorage: Time (s): cpu = 00:00:03 ; elapsed = 00:00:00.926 . Memory (MB): peak = 2031.176 ; gain = 0.000
Wrote Netlist Cache: Time (s): cpu = 00:00:00 ; elapsed = 00:00:00.030 . Memory (MB): peak = 2031.176 ; gain = 0.000
Wrote Device Cache: Time (s): cpu = 00:00:00 ; elapsed = 00:00:00.011 . Memory (MB): peak = 2031.176 ; gain = 0.000
Write Physdb Complete: Time (s): cpu = 00:00:03 ; elapsed = 00:00:01 . Memory (MB): peak = 2031.176 ; gain = 0.000
INFO: [Common 17-1381] The checkpoint 'C:/2EAI-HAC-2526-TaskHLS-bj-mk-tm/2D_Convolutie_VIVADO/2D_Convolutie_VIVADO.runs/impl_1/design_1_wrapper_physopt.dcp' has been generated.
Command: route_design
Attempting to get a license for feature 'Implementation' and/or device 'xc7z020'
INFO: [Common 17-349] Got license for feature 'Implementation' and/or device 'xc7z020'


Starting Routing Task
INFO: [Route 35-254] Multithreading enabled for route_design using a maximum of 2 CPUs

Phase 1 Build RT Design
Checksum: PlaceDB: a4f731b5 ConstDB: 0 ShapeSum: ae8b575b RouteDB: 15f972f0
Post Restoration Checksum: NetGraph: 32a3c2a7 | NumContArr: 8f063e6f | Constraints: c2a8fa9d | Timing: c2a8fa9d
Phase 1 Build RT Design | Checksum: 246fbf650

Time (s): cpu = 00:00:28 ; elapsed = 00:00:23 . Memory (MB): peak = 2032.797 ; gain = 1.621

Phase 2 Router Initialization

Phase 2.1 Fix Topology Constraints
Phase 2.1 Fix Topology Constraints | Checksum: 246fbf650

Time (s): cpu = 00:00:28 ; elapsed = 00:00:23 . Memory (MB): peak = 2032.797 ; gain = 1.621

Phase 2.2 Pre Route Cleanup
Phase 2.2 Pre Route Cleanup | Checksum: 246fbf650

Time (s): cpu = 00:00:28 ; elapsed = 00:00:23 . Memory (MB): peak = 2032.797 ; gain = 1.621
 Number of Nodes with overlaps = 0

Phase 2.3 Update Timing
Phase 2.3 Update Timing | Checksum: 24cc2aa81

Time (s): cpu = 00:00:35 ; elapsed = 00:00:28 . Memory (MB): peak = 2077.258 ; gain = 46.082
INFO: [Route 35-416] Intermediate Timing Summary | WNS=1.106  | TNS=0.000  | WHS=-0.239 | THS=-179.044|


Phase 2.4 Soft Constraint Pins - Fast Budgeting
Phase 2.4 Soft Constraint Pins - Fast Budgeting | Checksum: 21485d8dd

Time (s): cpu = 00:00:38 ; elapsed = 00:00:29 . Memory (MB): peak = 2118.566 ; gain = 87.391

Router Utilization Summary
  Global Vertical Routing Utilization    = 0 %
  Global Horizontal Routing Utilization  = 0 %
  Routable Net Status*
  *Does not include unroutable nets such as driverless and loadless.
  Run report_route_status for detailed report.
  Number of Failed Nets               = 15816
    (Failed Nets is the sum of unrouted and partially routed nets)
  Number of Unrouted Nets             = 15816
  Number of Partially Routed Nets     = 0
  Number of Node Overlaps             = 0

Phase 2 Router Initialization | Checksum: 251bb8253

Time (s): cpu = 00:00:38 ; elapsed = 00:00:29 . Memory (MB): peak = 2118.566 ; gain = 87.391

Phase 3 Global Routing
Phase 3 Global Routing | Checksum: 251bb8253

Time (s): cpu = 00:00:38 ; elapsed = 00:00:29 . Memory (MB): peak = 2118.566 ; gain = 87.391

Phase 4 Initial Routing

Phase 4.1 Initial Net Routing Pass
Phase 4.1 Initial Net Routing Pass | Checksum: 1b0e6afda

Time (s): cpu = 00:00:41 ; elapsed = 00:00:31 . Memory (MB): peak = 2118.566 ; gain = 87.391
Phase 4 Initial Routing | Checksum: 1b0e6afda

Time (s): cpu = 00:00:41 ; elapsed = 00:00:31 . Memory (MB): peak = 2118.566 ; gain = 87.391

Phase 5 Rip-up And Reroute

Phase 5.1 Global Iteration 0
 Number of Nodes with overlaps = 988
 Number of Nodes with overlaps = 23
 Number of Nodes with overlaps = 3
 Number of Nodes with overlaps = 2
 Number of Nodes with overlaps = 0
INFO: [Route 35-416] Intermediate Timing Summary | WNS=1.037  | TNS=0.000  | WHS=N/A    | THS=N/A    |

Phase 5.1 Global Iteration 0 | Checksum: 177ce5510

Time (s): cpu = 00:00:49 ; elapsed = 00:00:36 . Memory (MB): peak = 2118.566 ; gain = 87.391

Phase 5.2 Global Iteration 1
 Number of Nodes with overlaps = 0
INFO: [Route 35-416] Intermediate Timing Summary | WNS=1.037  | TNS=0.000  | WHS=N/A    | THS=N/A    |

Phase 5.2 Global Iteration 1 | Checksum: 23a81a15e

Time (s): cpu = 00:00:49 ; elapsed = 00:00:36 . Memory (MB): peak = 2118.566 ; gain = 87.391
Phase 5 Rip-up And Reroute | Checksum: 23a81a15e

Time (s): cpu = 00:00:49 ; elapsed = 00:00:36 . Memory (MB): peak = 2118.566 ; gain = 87.391

Phase 6 Delay and Skew Optimization

Phase 6.1 Delay CleanUp
Phase 6.1 Delay CleanUp | Checksum: 23a81a15e

Time (s): cpu = 00:00:49 ; elapsed = 00:00:36 . Memory (MB): peak = 2118.566 ; gain = 87.391

Phase 6.2 Clock Skew Optimization
Phase 6.2 Clock Skew Optimization | Checksum: 23a81a15e

Time (s): cpu = 00:00:49 ; elapsed = 00:00:36 . Memory (MB): peak = 2118.566 ; gain = 87.391
Phase 6 Delay and Skew Optimization | Checksum: 23a81a15e

Time (s): cpu = 00:00:49 ; elapsed = 00:00:36 . Memory (MB): peak = 2118.566 ; gain = 87.391

Phase 7 Post Hold Fix

Phase 7.1 Hold Fix Iter
INFO: [Route 35-416] Intermediate Timing Summary | WNS=1.152  | TNS=0.000  | WHS=0.014  | THS=0.000  |

Phase 7.1 Hold Fix Iter | Checksum: 2ca8a8d02

Time (s): cpu = 00:00:50 ; elapsed = 00:00:37 . Memory (MB): peak = 2118.566 ; gain = 87.391
Phase 7 Post Hold Fix | Checksum: 2ca8a8d02

Time (s): cpu = 00:00:50 ; elapsed = 00:00:37 . Memory (MB): peak = 2118.566 ; gain = 87.391

Phase 8 Route finalize

Router Utilization Summary
  Global Vertical Routing Utilization    = 2.8643 %
  Global Horizontal Routing Utilization  = 4.15779 %
  Routable Net Status*
  *Does not include unroutable nets such as driverless and loadless.
  Run report_route_status for detailed report.
  Number of Failed Nets               = 0
    (Failed Nets is the sum of unrouted and partially routed nets)
  Number of Unrouted Nets             = 0
  Number of Partially Routed Nets     = 0
  Number of Node Overlaps             = 0

Phase 8 Route finalize | Checksum: 2ca8a8d02

Time (s): cpu = 00:00:50 ; elapsed = 00:00:37 . Memory (MB): peak = 2118.566 ; gain = 87.391

Phase 9 Verifying routed nets

 Verification completed successfully
Phase 9 Verifying routed nets | Checksum: 2ca8a8d02

Time (s): cpu = 00:00:50 ; elapsed = 00:00:37 . Memory (MB): peak = 2118.566 ; gain = 87.391

Phase 10 Depositing Routes
Phase 10 Depositing Routes | Checksum: 20adefa43

Time (s): cpu = 00:00:52 ; elapsed = 00:00:39 . Memory (MB): peak = 2118.566 ; gain = 87.391

Phase 11 Post Process Routing
Phase 11 Post Process Routing | Checksum: 20adefa43

Time (s): cpu = 00:00:52 ; elapsed = 00:00:39 . Memory (MB): peak = 2118.566 ; gain = 87.391

Phase 12 Post Router Timing
INFO: [Route 35-57] Estimated Timing Summary | WNS=1.152  | TNS=0.000  | WHS=0.014  | THS=0.000  |

INFO: [Route 35-327] The final timing numbers are based on the router estimated timing analysis. For a complete and accurate timing signoff, please run report_timing_summary.
Phase 12 Post Router Timing | Checksum: 20adefa43

Time (s): cpu = 00:00:52 ; elapsed = 00:00:39 . Memory (MB): peak = 2118.566 ; gain = 87.391
Total Elapsed time in route_design: 38.734 secs

Phase 13 Post-Route Event Processing
Phase 13 Post-Route Event Processing | Checksum: 1be0570c2

Time (s): cpu = 00:00:52 ; elapsed = 00:00:39 . Memory (MB): peak = 2118.566 ; gain = 87.391
INFO: [Route 35-16] Router Completed Successfully
Ending Routing Task | Checksum: 1be0570c2

Time (s): cpu = 00:00:53 ; elapsed = 00:00:39 . Memory (MB): peak = 2118.566 ; gain = 87.391

Routing Is Done.
INFO: [Common 17-83] Releasing license: Implementation
110 Infos, 1 Warnings, 0 Critical Warnings and 0 Errors encountered.
route_design completed successfully
route_design: Time (s): cpu = 00:00:53 ; elapsed = 00:00:39 . Memory (MB): peak = 2118.566 ; gain = 87.391
INFO: [Vivado 12-24828] Executing command : report_drc -file design_1_wrapper_drc_routed.rpt -pb design_1_wrapper_drc_routed.pb -rpx design_1_wrapper_drc_routed.rpx
Command: report_drc -file design_1_wrapper_drc_routed.rpt -pb design_1_wrapper_drc_routed.pb -rpx design_1_wrapper_drc_routed.rpx
INFO: [IP_Flow 19-1839] IP Catalog is up to date.
INFO: [DRC 23-27] Running DRC with 2 threads
INFO: [Vivado_Tcl 2-168] The results of DRC are in file C:/2EAI-HAC-2526-TaskHLS-bj-mk-tm/2D_Convolutie_VIVADO/2D_Convolutie_VIVADO.runs/impl_1/design_1_wrapper_drc_routed.rpt.
report_drc completed successfully
INFO: [Vivado 12-24828] Executing command : report_methodology -file design_1_wrapper_methodology_drc_routed.rpt -pb design_1_wrapper_methodology_drc_routed.pb -rpx design_1_wrapper_methodology_drc_routed.rpx
Command: report_methodology -file design_1_wrapper_methodology_drc_routed.rpt -pb design_1_wrapper_methodology_drc_routed.pb -rpx design_1_wrapper_methodology_drc_routed.rpx
INFO: [Timing 38-35] Done setting XDC timing constraints.
INFO: [DRC 23-133] Running Methodology with 2 threads
INFO: [Vivado_Tcl 2-1520] The results of Report Methodology are in file C:/2EAI-HAC-2526-TaskHLS-bj-mk-tm/2D_Convolutie_VIVADO/2D_Convolutie_VIVADO.runs/impl_1/design_1_wrapper_methodology_drc_routed.rpt.
report_methodology completed successfully
report_methodology: Time (s): cpu = 00:00:10 ; elapsed = 00:00:06 . Memory (MB): peak = 2118.566 ; gain = 0.000
INFO: [Vivado 12-24828] Executing command : report_timing_summary -max_paths 10 -routable_nets -report_unconstrained -file design_1_wrapper_timing_summary_routed.rpt -pb design_1_wrapper_timing_summary_routed.pb -rpx design_1_wrapper_timing_summary_routed.rpx -warn_on_violation 
INFO: [Timing 38-35] Done setting XDC timing constraints.
INFO: [Timing 38-91] UpdateTimingParams: Speed grade: -1, Delay Type: min_max.
INFO: [Timing 38-191] Multithreading enabled for timing update using a maximum of 2 CPUs
INFO: [Vivado 12-24838] Running report commands "report_incremental_reuse, report_route_status" in parallel.
Running report generation with 2 threads.
INFO: [Vivado 12-24828] Executing command : report_incremental_reuse -file design_1_wrapper_incremental_reuse_routed.rpt
INFO: [Vivado_Tcl 4-1062] Incremental flow is disabled. No incremental reuse Info to report.
INFO: [Vivado 12-24828] Executing command : report_route_status -file design_1_wrapper_route_status.rpt -pb design_1_wrapper_route_status.pb
INFO: [Vivado 12-24828] Executing command : report_power -file design_1_wrapper_power_routed.rpt -pb design_1_wrapper_power_summary_routed.pb -rpx design_1_wrapper_power_routed.rpx
Command: report_power -file design_1_wrapper_power_routed.rpt -pb design_1_wrapper_power_summary_routed.pb -rpx design_1_wrapper_power_routed.rpx
Running Vector-less Activity Propagation...

Finished Running Vector-less Activity Propagation
127 Infos, 1 Warnings, 0 Critical Warnings and 0 Errors encountered.
report_power completed successfully
report_power: Time (s): cpu = 00:00:08 ; elapsed = 00:00:06 . Memory (MB): peak = 2118.566 ; gain = 0.000
INFO: [Vivado 12-24828] Executing command : report_clock_utilization -file design_1_wrapper_clock_utilization_routed.rpt
INFO: [Vivado 12-24828] Executing command : report_bus_skew -warn_on_violation -file design_1_wrapper_bus_skew_routed.rpt -pb design_1_wrapper_bus_skew_routed.pb -rpx design_1_wrapper_bus_skew_routed.rpx
INFO: [Timing 38-91] UpdateTimingParams: Speed grade: -1, Delay Type: min_max.
INFO: [Timing 38-191] Multithreading enabled for timing update using a maximum of 2 CPUs
generate_parallel_reports: Time (s): cpu = 00:00:27 ; elapsed = 00:00:19 . Memory (MB): peak = 2118.566 ; gain = 0.000
INFO: [Timing 38-480] Writing timing data to binary archive.
Wrote PlaceDB: Time (s): cpu = 00:00:00 ; elapsed = 00:00:00 . Memory (MB): peak = 2118.566 ; gain = 0.000
Wrote PulsedLatchDB: Time (s): cpu = 00:00:00 ; elapsed = 00:00:00 . Memory (MB): peak = 2118.566 ; gain = 0.000
Writing XDEF routing.
Writing XDEF routing logical nets.
Write ShapeDB Complete: Time (s): cpu = 00:00:01 ; elapsed = 00:00:00.077 . Memory (MB): peak = 2118.566 ; gain = 0.000
Writing XDEF routing special nets.
Wrote RouteStorage: Time (s): cpu = 00:00:02 ; elapsed = 00:00:00.304 . Memory (MB): peak = 2118.566 ; gain = 0.000
Wrote PlaceStorage: Time (s): cpu = 00:00:03 ; elapsed = 00:00:01 . Memory (MB): peak = 2118.566 ; gain = 0.000
Wrote Netlist Cache: Time (s): cpu = 00:00:00 ; elapsed = 00:00:00.057 . Memory (MB): peak = 2118.566 ; gain = 0.000
Wrote Device Cache: Time (s): cpu = 00:00:00 ; elapsed = 00:00:00.023 . Memory (MB): peak = 2118.566 ; gain = 0.000
Write Physdb Complete: Time (s): cpu = 00:00:05 ; elapsed = 00:00:02 . Memory (MB): peak = 2118.566 ; gain = 0.000
INFO: [Common 17-1381] The checkpoint 'C:/2EAI-HAC-2526-TaskHLS-bj-mk-tm/2D_Convolutie_VIVADO/2D_Convolutie_VIVADO.runs/impl_1/design_1_wrapper_routed.dcp' has been generated.
Command: write_bitstream -force design_1_wrapper.bit
Attempting to get a license for feature 'Implementation' and/or device 'xc7z020'
INFO: [Common 17-349] Got license for feature 'Implementation' and/or device 'xc7z020'
Running DRC as a precondition to command write_bitstream
INFO: [IP_Flow 19-1839] IP Catalog is up to date.
INFO: [DRC 23-27] Running DRC with 2 threads
INFO: [Vivado 12-3199] DRC finished with 0 Errors
INFO: [Vivado 12-3200] Please refer to the DRC report (report_drc) for more information.
Integrating Hard IP ELF/MEM with the PDI.
INFO: [Designutils 20-2272] Running write_bitstream with 2 threads.
Loading data files...
Loading site data...
Loading route data...
Processing options...
Creating bitmap...
Creating bitstream...
Writing bitstream ./design_1_wrapper.bit...
INFO: [Vivado 12-1842] Bitgen Completed Successfully.
INFO: [Common 17-83] Releasing license: Implementation
141 Infos, 1 Warnings, 0 Critical Warnings and 0 Errors encountered.
write_bitstream completed successfully
write_bitstream: Time (s): cpu = 00:00:33 ; elapsed = 00:00:25 . Memory (MB): peak = 2501.270 ; gain = 382.703
INFO: [Common 17-206] Exiting Vivado at Sat May 23 02:46:36 2026...
