Vivado Simulator v2025.2
Copyright 1986-2022 Xilinx, Inc. All Rights Reserved.
Copyright 2022-2025 Advanced Micro Devices, Inc. All Rights Reserved.
Running: C:/AMDDesignTools/2025.2/Vivado/bin/unwrapped/win64.o/xelab.exe xil_defaultlib.apatb_vitis_convolution_top xil_defaultlib.glbl -Oenable_linking_all_libraries -prj vitis_convolution.prj -L smartconnect_v1_0 -L axi_protocol_checker_v1_1_12 -L axi_protocol_checker_v1_1_13 -L axis_protocol_checker_v1_1_11 -L axis_protocol_checker_v1_1_12 -L xil_defaultlib -L unisims_ver -L xpm -L floating_point_v7_1_21 -L floating_point_v7_0_26 --lib ieee_proposed=./ieee_proposed -L uvm -relax -i ./svr -i ./axivip -i ./svtb -i ./file_agent -i ./vitis_convolution_subsystem -s vitis_convolution 
Multi-threading is on. Using 12 slave threads.
INFO: [VRFC 10-2263] Analyzing SystemVerilog file "C:/2EAI-HAC-2526-TaskHLS-bj-mk-tm/Edges/Edges/hls/sim/verilog/glbl.v" into library xil_defaultlib
INFO: [VRFC 10-311] analyzing module glbl
INFO: [VRFC 10-2263] Analyzing SystemVerilog file "C:/2EAI-HAC-2526-TaskHLS-bj-mk-tm/Edges/Edges/hls/sim/verilog/vitis_convolution.autotb.v" into library xil_defaultlib
INFO: [VRFC 10-311] analyzing module apatb_vitis_convolution_top
INFO: [VRFC 10-2263] Analyzing SystemVerilog file "C:/2EAI-HAC-2526-TaskHLS-bj-mk-tm/Edges/Edges/hls/sim/verilog/vitis_convolution.v" into library xil_defaultlib
INFO: [VRFC 10-311] analyzing module vitis_convolution
INFO: [VRFC 10-2263] Analyzing SystemVerilog file "C:/2EAI-HAC-2526-TaskHLS-bj-mk-tm/Edges/Edges/hls/sim/verilog/vitis_convolution_control_r_s_axi.v" into library xil_defaultlib
INFO: [VRFC 10-311] analyzing module vitis_convolution_control_r_s_axi
INFO: [VRFC 10-2263] Analyzing SystemVerilog file "C:/2EAI-HAC-2526-TaskHLS-bj-mk-tm/Edges/Edges/hls/sim/verilog/vitis_convolution_control_s_axi.v" into library xil_defaultlib
INFO: [VRFC 10-311] analyzing module vitis_convolution_control_s_axi
INFO: [VRFC 10-311] analyzing module vitis_convolution_control_s_axi_ram
INFO: [VRFC 10-2263] Analyzing SystemVerilog file "C:/2EAI-HAC-2526-TaskHLS-bj-mk-tm/Edges/Edges/hls/sim/verilog/vitis_convolution_flow_control_loop_pipe_sequential_init.v" into library xil_defaultlib
INFO: [VRFC 10-311] analyzing module vitis_convolution_flow_control_loop_pipe_sequential_init
INFO: [VRFC 10-2263] Analyzing SystemVerilog file "C:/2EAI-HAC-2526-TaskHLS-bj-mk-tm/Edges/Edges/hls/sim/verilog/vitis_convolution_gmem_in_m_axi.v" into library xil_defaultlib
INFO: [VRFC 10-311] analyzing module vitis_convolution_gmem_in_m_axi
INFO: [VRFC 10-311] analyzing module vitis_convolution_gmem_in_m_axi_load
INFO: [VRFC 10-311] analyzing module vitis_convolution_gmem_in_m_axi_read
INFO: [VRFC 10-311] analyzing module vitis_convolution_gmem_in_m_axi_burst_converter
INFO: [VRFC 10-311] analyzing module vitis_convolution_gmem_in_m_axi_burst_interleave
INFO: [VRFC 10-311] analyzing module vitis_convolution_gmem_in_m_axi_burst_sequential
INFO: [VRFC 10-311] analyzing module vitis_convolution_gmem_in_m_axi_reg_slice
INFO: [VRFC 10-311] analyzing module vitis_convolution_gmem_in_m_axi_fifo
INFO: [VRFC 10-311] analyzing module vitis_convolution_gmem_in_m_axi_srl
INFO: [VRFC 10-311] analyzing module vitis_convolution_gmem_in_m_axi_mem
INFO: [VRFC 10-2263] Analyzing SystemVerilog file "C:/2EAI-HAC-2526-TaskHLS-bj-mk-tm/Edges/Edges/hls/sim/verilog/vitis_convolution_gmem_out_m_axi.v" into library xil_defaultlib
INFO: [VRFC 10-311] analyzing module vitis_convolution_gmem_out_m_axi
INFO: [VRFC 10-311] analyzing module vitis_convolution_gmem_out_m_axi_store
INFO: [VRFC 10-311] analyzing module vitis_convolution_gmem_out_m_axi_write
INFO: [VRFC 10-311] analyzing module vitis_convolution_gmem_out_m_axi_burst_converter
INFO: [VRFC 10-311] analyzing module vitis_convolution_gmem_out_m_axi_burst_interleave
INFO: [VRFC 10-311] analyzing module vitis_convolution_gmem_out_m_axi_burst_sequential
INFO: [VRFC 10-311] analyzing module vitis_convolution_gmem_out_m_axi_throttle
INFO: [VRFC 10-311] analyzing module vitis_convolution_gmem_out_m_axi_reg_slice
INFO: [VRFC 10-311] analyzing module vitis_convolution_gmem_out_m_axi_fifo
INFO: [VRFC 10-311] analyzing module vitis_convolution_gmem_out_m_axi_srl
INFO: [VRFC 10-311] analyzing module vitis_convolution_gmem_out_m_axi_mem
INFO: [VRFC 10-2263] Analyzing SystemVerilog file "C:/2EAI-HAC-2526-TaskHLS-bj-mk-tm/Edges/Edges/hls/sim/verilog/vitis_convolution_local_output_RAM_AUTO_1R1W.v" into library xil_defaultlib
INFO: [VRFC 10-311] analyzing module vitis_convolution_local_output_RAM_AUTO_1R1W
INFO: [VRFC 10-2263] Analyzing SystemVerilog file "C:/2EAI-HAC-2526-TaskHLS-bj-mk-tm/Edges/Edges/hls/sim/verilog/vitis_convolution_mac_muladd_7ns_6ns_7ns_11_4_1.v" into library xil_defaultlib
INFO: [VRFC 10-311] analyzing module vitis_convolution_mac_muladd_7ns_6ns_7ns_11_4_1_DSP48_0
INFO: [VRFC 10-311] analyzing module vitis_convolution_mac_muladd_7ns_6ns_7ns_11_4_1
INFO: [VRFC 10-2263] Analyzing SystemVerilog file "C:/2EAI-HAC-2526-TaskHLS-bj-mk-tm/Edges/Edges/hls/sim/verilog/vitis_convolution_mac_muladd_8s_8s_8s_8_4_1.v" into library xil_defaultlib
INFO: [VRFC 10-311] analyzing module vitis_convolution_mac_muladd_8s_8s_8s_8_4_1_DSP48_0
INFO: [VRFC 10-311] analyzing module vitis_convolution_mac_muladd_8s_8s_8s_8_4_1
INFO: [VRFC 10-2263] Analyzing SystemVerilog file "C:/2EAI-HAC-2526-TaskHLS-bj-mk-tm/Edges/Edges/hls/sim/verilog/vitis_convolution_mul_6ns_7ns_11_1_1.v" into library xil_defaultlib
INFO: [VRFC 10-311] analyzing module vitis_convolution_mul_6ns_7ns_11_1_1
INFO: [VRFC 10-2263] Analyzing SystemVerilog file "C:/2EAI-HAC-2526-TaskHLS-bj-mk-tm/Edges/Edges/hls/sim/verilog/vitis_convolution_mul_7ns_9ns_15_1_1.v" into library xil_defaultlib
INFO: [VRFC 10-311] analyzing module vitis_convolution_mul_7ns_9ns_15_1_1
INFO: [VRFC 10-2263] Analyzing SystemVerilog file "C:/2EAI-HAC-2526-TaskHLS-bj-mk-tm/Edges/Edges/hls/sim/verilog/vitis_convolution_mul_8ns_10ns_17_1_1.v" into library xil_defaultlib
INFO: [VRFC 10-311] analyzing module vitis_convolution_mul_8ns_10ns_17_1_1
INFO: [VRFC 10-2263] Analyzing SystemVerilog file "C:/2EAI-HAC-2526-TaskHLS-bj-mk-tm/Edges/Edges/hls/sim/verilog/vitis_convolution_mul_8s_8s_8_1_1.v" into library xil_defaultlib
INFO: [VRFC 10-311] analyzing module vitis_convolution_mul_8s_8s_8_1_1
INFO: [VRFC 10-2263] Analyzing SystemVerilog file "C:/2EAI-HAC-2526-TaskHLS-bj-mk-tm/Edges/Edges/hls/sim/verilog/vitis_convolution_p_ZZ17vitis_convolutionPVhPVcPA3_cE11local_input_0_0_RAM_AUTO_1R1W.v" into library xil_defaultlib
INFO: [VRFC 10-311] analyzing module vitis_convolution_p_ZZ17vitis_convolutionPVhPVcPA3_cE11local_input_0_0_RAM_AUTO_1R1W
INFO: [VRFC 10-2263] Analyzing SystemVerilog file "C:/2EAI-HAC-2526-TaskHLS-bj-mk-tm/Edges/Edges/hls/sim/verilog/vitis_convolution_sparsemux_7_2_8_1_1.v" into library xil_defaultlib
INFO: [VRFC 10-311] analyzing module vitis_convolution_sparsemux_7_2_8_1_1
INFO: [VRFC 10-2263] Analyzing SystemVerilog file "C:/2EAI-HAC-2526-TaskHLS-bj-mk-tm/Edges/Edges/hls/sim/verilog/vitis_convolution_urem_7ns_3ns_2_11_1.v" into library xil_defaultlib
INFO: [VRFC 10-311] analyzing module vitis_convolution_urem_7ns_3ns_2_11_1_divider
INFO: [VRFC 10-311] analyzing module vitis_convolution_urem_7ns_3ns_2_11_1
INFO: [VRFC 10-2263] Analyzing SystemVerilog file "C:/2EAI-HAC-2526-TaskHLS-bj-mk-tm/Edges/Edges/hls/sim/verilog/vitis_convolution_urem_8ns_3ns_2_12_1.v" into library xil_defaultlib
INFO: [VRFC 10-311] analyzing module vitis_convolution_urem_8ns_3ns_2_12_1_divider
INFO: [VRFC 10-311] analyzing module vitis_convolution_urem_8ns_3ns_2_12_1
INFO: [VRFC 10-2263] Analyzing SystemVerilog file "C:/2EAI-HAC-2526-TaskHLS-bj-mk-tm/Edges/Edges/hls/sim/verilog/vitis_convolution_vitis_convolution_Pipeline_Conv_Rows_Conv_Cols.v" into library xil_defaultlib
INFO: [VRFC 10-311] analyzing module vitis_convolution_vitis_convolution_Pipeline_Conv_Rows_Conv_Cols
INFO: [VRFC 10-2263] Analyzing SystemVerilog file "C:/2EAI-HAC-2526-TaskHLS-bj-mk-tm/Edges/Edges/hls/sim/verilog/vitis_convolution_vitis_convolution_Pipeline_Read_Rows_Read_Cols.v" into library xil_defaultlib
INFO: [VRFC 10-311] analyzing module vitis_convolution_vitis_convolution_Pipeline_Read_Rows_Read_Cols
INFO: [VRFC 10-2263] Analyzing SystemVerilog file "C:/2EAI-HAC-2526-TaskHLS-bj-mk-tm/Edges/Edges/hls/sim/verilog/vitis_convolution_vitis_convolution_Pipeline_Write_Rows_Write_Cols.v" into library xil_defaultlib
INFO: [VRFC 10-311] analyzing module vitis_convolution_vitis_convolution_Pipeline_Write_Rows_Write_Cols
INFO: [VRFC 10-2263] Analyzing SystemVerilog file "C:/2EAI-HAC-2526-TaskHLS-bj-mk-tm/Edges/Edges/hls/sim/verilog/dataflow_monitor.sv" into library xil_defaultlib
INFO: [VRFC 10-311] analyzing module dataflow_monitor
INFO: [VRFC 10-2263] Analyzing SystemVerilog file "C:/2EAI-HAC-2526-TaskHLS-bj-mk-tm/Edges/Edges/hls/sim/verilog/file_agent/file_agent_pkg.sv" into library xil_defaultlib
INFO: [VRFC 10-2263] Analyzing SystemVerilog file "C:/2EAI-HAC-2526-TaskHLS-bj-mk-tm/Edges/Edges/hls/sim/verilog/axivip/axi_pkg.sv" into library xil_defaultlib
INFO: [VRFC 10-2263] Analyzing SystemVerilog file "C:/2EAI-HAC-2526-TaskHLS-bj-mk-tm/Edges/Edges/hls/sim/verilog/axivip/axi_if.sv" into library xil_defaultlib
INFO: [VRFC 10-2263] Analyzing SystemVerilog file "C:/2EAI-HAC-2526-TaskHLS-bj-mk-tm/Edges/Edges/hls/sim/verilog/vitis_convolution_subsystem/vitis_convolution_subsystem_pkg.sv" into library xil_defaultlib
INFO: [VRFC 10-2263] Analyzing SystemVerilog file "C:/2EAI-HAC-2526-TaskHLS-bj-mk-tm/Edges/Edges/hls/sim/verilog/svtb/misc_interface.sv" into library xil_defaultlib
INFO: [VRFC 10-2263] Analyzing SystemVerilog file "C:/2EAI-HAC-2526-TaskHLS-bj-mk-tm/Edges/Edges/hls/sim/verilog/svtb/sv_module_top.sv" into library xil_defaultlib
INFO: [VRFC 10-311] analyzing module sv_module_top
Starting static elaboration
Pass Through NonSizing Optimizer
WARNING: [VRFC 10-3091] actual bit length 8 differs from formal bit length 32 for port 'd0' [C:/2EAI-HAC-2526-TaskHLS-bj-mk-tm/Edges/Edges/hls/sim/verilog/vitis_convolution_control_s_axi.v:146]
Completed static elaboration
Starting simulation data flow analysis
WARNING: [XSIM 43-4099] "/proj/primebuilds/9999.0_PRIME_0428_0031/installs/data/system_verilog/uvm_1.2/xlnx_uvm_package.sv" Line 4356. Module uvm_pkg doesn't have a timescale but at least one module in design has a timescale.
Completed simulation data flow analysis
Time Resolution for simulation is 1ps
Compiling package xil_defaultlib.$unit_sv_module_top_sv
Compiling package uvm.uvm_pkg
Compiling package std.std
Compiling package xil_defaultlib.axi_pkg
Compiling package xil_defaultlib.vitis_convolution_subsystem_pkg
Compiling package xil_defaultlib.file_agent_pkg
Compiling package xil_defaultlib.$unit_dataflow_monitor_sv
Compiling module xil_defaultlib.vitis_convolution_p_ZZ17vitis_co...
Compiling module xil_defaultlib.vitis_convolution_local_output_R...
Compiling module xil_defaultlib.vitis_convolution_mul_8ns_10ns_1...
Compiling module xil_defaultlib.vitis_convolution_urem_8ns_3ns_2...
Compiling module xil_defaultlib.vitis_convolution_urem_8ns_3ns_2...
Compiling module xil_defaultlib.vitis_convolution_mac_muladd_7ns...
Compiling module xil_defaultlib.vitis_convolution_mac_muladd_7ns...
Compiling module xil_defaultlib.vitis_convolution_flow_control_l...
Compiling module xil_defaultlib.vitis_convolution_vitis_convolut...
Compiling module xil_defaultlib.vitis_convolution_sparsemux_7_2_...
Compiling module xil_defaultlib.vitis_convolution_urem_7ns_3ns_2...
Compiling module xil_defaultlib.vitis_convolution_urem_7ns_3ns_2...
Compiling module xil_defaultlib.vitis_convolution_mul_7ns_9ns_15...
Compiling module xil_defaultlib.vitis_convolution_mul_6ns_7ns_11...
Compiling module xil_defaultlib.vitis_convolution_mul_8s_8s_8_1_...
Compiling module xil_defaultlib.vitis_convolution_mac_muladd_8s_...
Compiling module xil_defaultlib.vitis_convolution_mac_muladd_8s_...
Compiling module xil_defaultlib.vitis_convolution_vitis_convolut...
Compiling module xil_defaultlib.vitis_convolution_vitis_convolut...
Compiling module xil_defaultlib.vitis_convolution_control_s_axi_...
Compiling module xil_defaultlib.vitis_convolution_control_s_axi
Compiling module xil_defaultlib.vitis_convolution_control_r_s_ax...
Compiling module xil_defaultlib.vitis_convolution_gmem_in_m_axi_...
Compiling module xil_defaultlib.vitis_convolution_gmem_in_m_axi_...
Compiling module xil_defaultlib.vitis_convolution_gmem_in_m_axi_...
Compiling module xil_defaultlib.vitis_convolution_gmem_in_m_axi_...
Compiling module xil_defaultlib.vitis_convolution_gmem_in_m_axi_...
Compiling module xil_defaultlib.vitis_convolution_gmem_in_m_axi_...
Compiling module xil_defaultlib.vitis_convolution_gmem_in_m_axi_...
Compiling module xil_defaultlib.vitis_convolution_gmem_in_m_axi_...
Compiling module xil_defaultlib.vitis_convolution_gmem_in_m_axi_...
Compiling module xil_defaultlib.vitis_convolution_gmem_in_m_axi_...
Compiling module xil_defaultlib.vitis_convolution_gmem_in_m_axi_...
Compiling module xil_defaultlib.vitis_convolution_gmem_in_m_axi_...
Compiling module xil_defaultlib.vitis_convolution_gmem_in_m_axi_...
Compiling module xil_defaultlib.vitis_convolution_gmem_in_m_axi_...
Compiling module xil_defaultlib.vitis_convolution_gmem_in_m_axi(...
Compiling module xil_defaultlib.vitis_convolution_gmem_out_m_axi...
Compiling module xil_defaultlib.vitis_convolution_gmem_out_m_axi...
Compiling module xil_defaultlib.vitis_convolution_gmem_out_m_axi...
Compiling module xil_defaultlib.vitis_convolution_gmem_out_m_axi...
Compiling module xil_defaultlib.vitis_convolution_gmem_out_m_axi...
Compiling module xil_defaultlib.vitis_convolution_gmem_out_m_axi...
Compiling module xil_defaultlib.vitis_convolution_gmem_out_m_axi...
Compiling module xil_defaultlib.vitis_convolution_gmem_out_m_axi...
Compiling module xil_defaultlib.vitis_convolution_gmem_out_m_axi...
Compiling module xil_defaultlib.vitis_convolution_gmem_out_m_axi...
Compiling module xil_defaultlib.vitis_convolution_gmem_out_m_axi...
Compiling module xil_defaultlib.vitis_convolution_gmem_out_m_axi...
Compiling module xil_defaultlib.vitis_convolution_gmem_out_m_axi...
Compiling module xil_defaultlib.vitis_convolution_gmem_out_m_axi...
Compiling module xil_defaultlib.vitis_convolution_gmem_out_m_axi...
Compiling module xil_defaultlib.vitis_convolution_gmem_out_m_axi...
Compiling module xil_defaultlib.vitis_convolution_gmem_out_m_axi...
Compiling module xil_defaultlib.vitis_convolution_gmem_out_m_axi...
Compiling module xil_defaultlib.vitis_convolution_gmem_out_m_axi...
Compiling module xil_defaultlib.vitis_convolution_gmem_out_m_axi...
Compiling module xil_defaultlib.vitis_convolution_gmem_out_m_axi...
Compiling module xil_defaultlib.vitis_convolution_gmem_out_m_axi...
Compiling module xil_defaultlib.vitis_convolution_gmem_out_m_axi...
Compiling module xil_defaultlib.vitis_convolution_gmem_out_m_axi...
Compiling module xil_defaultlib.vitis_convolution_gmem_out_m_axi...
Compiling module xil_defaultlib.vitis_convolution
Compiling module xil_defaultlib.misc_interface_default
Compiling module xil_defaultlib.axi_if(ADDR_WIDTH=64,STRB_WIDTH=...
Compiling module xil_defaultlib.axi_if(ADDR_WIDTH=6,STRB_WIDTH=4...
Compiling module xil_defaultlib.axi_if(ADDR_WIDTH=5,STRB_WIDTH=4...
Compiling module xil_defaultlib.sv_module_top
Compiling module xil_defaultlib.nodf_module_intf_default
Compiling module xil_defaultlib.upc_loop_intf(FSM_WIDTH=1)
Compiling module xil_defaultlib.dataflow_monitor_1
Compiling module xil_defaultlib.apatb_vitis_convolution_top
Compiling module xil_defaultlib.glbl
Built simulation snapshot vitis_convolution
