

================================================================
== Vitis HLS Report for 'apply_hardware_pooling'
================================================================
* Date:           Sat May 23 04:07:01 2026

* Version:        2025.2 (Build 6295257 on Nov 14 2025)
* Project:        Pooling_HLS
* Solution:       hls (Vivado IP Flow Target)
* Product family: zynq
* Target device:  xc7z020-clg400-1


================================================================
== Performance Estimates
================================================================
+ Timing: 
    * Summary: 
    +--------+----------+----------+------------+
    |  Clock |  Target  | Estimated| Uncertainty|
    +--------+----------+----------+------------+
    |ap_clk  |  10.00 ns|  7.300 ns|     2.70 ns|
    +--------+----------+----------+------------+

+ Latency: 
    * Summary: 
    +---------+---------+-----------+----------+-----+-----+---------+
    |  Latency (cycles) |  Latency (absolute)  |  Interval | Pipeline|
    |   min   |   max   |    min    |    max   | min | max |   Type  |
    +---------+---------+-----------+----------+-----+-----+---------+
    |        1|        ?|  10.000 ns|         ?|    2|    ?|       no|
    +---------+---------+-----------+----------+-----+-----+---------+

    + Detail: 
        * Instance: 
        +------------------------------------------------------+-------------------------------------------+---------+---------+-----------+----------+-----+-----+-------------------+
        |                                                      |                                           |  Latency (cycles) |  Latency (absolute)  |  Interval |      Pipeline     |
        |                       Instance                       |                   Module                  |   min   |   max   |    min    |    max   | min | max |        Type       |
        +------------------------------------------------------+-------------------------------------------+---------+---------+-----------+----------+-----+-----+-------------------+
        |grp_apply_hardware_pooling_Pipeline_Read_Rij0_fu_181  |apply_hardware_pooling_Pipeline_Read_Rij0  |        4|        ?|  40.000 ns|         ?|    0|    0|  loop pipeline stp|
        |grp_apply_hardware_pooling_Pipeline_Read_Rij1_fu_190  |apply_hardware_pooling_Pipeline_Read_Rij1  |        4|      514|  40.000 ns|  5.140 us|    0|    0|  loop pipeline stp|
        |grp_apply_hardware_pooling_Pipeline_Pool_X_fu_199     |apply_hardware_pooling_Pipeline_Pool_X     |        5|        ?|  50.000 ns|         ?|    0|    0|  loop pipeline stp|
        +------------------------------------------------------+-------------------------------------------+---------+---------+-----------+----------+-----+-----+-------------------+

        * Loop: 
        +----------+---------+---------+----------+-----------+-----------+-------+----------+
        |          |  Latency (cycles) | Iteration|  Initiation Interval  |  Trip |          |
        | Loop Name|   min   |   max   |  Latency |  achieved |   target  | Count | Pipelined|
        +----------+---------+---------+----------+-----------+-----------+-------+----------+
        |- Loop_Y  |        4|        ?|     4 ~ ?|          -|          -|  1 ~ ?|        no|
        +----------+---------+---------+----------+-----------+-----------+-------+----------+



================================================================
== Utilization Estimates
================================================================
* Summary: 
+-----------------+---------+-----+--------+-------+-----+
|       Name      | BRAM_18K| DSP |   FF   |  LUT  | URAM|
+-----------------+---------+-----+--------+-------+-----+
|DSP              |        -|    -|       -|      -|    -|
|Expression       |        -|    -|       0|    702|    -|
|FIFO             |        -|    -|       -|      -|    -|
|Instance         |        2|    8|    2327|   2931|    -|
|Memory           |        4|    -|       0|      0|    0|
|Multiplexer      |        -|    -|       0|    414|    -|
|Register         |        -|    -|     821|      -|    -|
+-----------------+---------+-----+--------+-------+-----+
|Total            |        6|    8|    3148|   4047|    0|
+-----------------+---------+-----+--------+-------+-----+
|Available        |      280|  220|  106400|  53200|    0|
+-----------------+---------+-----+--------+-------+-----+
|Utilization (%)  |        2|    3|       2|      7|    0|
+-----------------+---------+-----+--------+-------+-----+

+ Detail: 
    * Instance: 
    +------------------------------------------------------+-------------------------------------------+---------+----+-----+-----+-----+
    |                       Instance                       |                   Module                  | BRAM_18K| DSP|  FF | LUT | URAM|
    +------------------------------------------------------+-------------------------------------------+---------+----+-----+-----+-----+
    |CONTROL_BUS_s_axi_U                                   |CONTROL_BUS_s_axi                          |        0|   0|  150|  232|    0|
    |grp_apply_hardware_pooling_Pipeline_Pool_X_fu_199     |apply_hardware_pooling_Pipeline_Pool_X     |        0|   0|  281|  779|    0|
    |grp_apply_hardware_pooling_Pipeline_Read_Rij0_fu_181  |apply_hardware_pooling_Pipeline_Read_Rij0  |        0|   0|   57|  101|    0|
    |grp_apply_hardware_pooling_Pipeline_Read_Rij1_fu_190  |apply_hardware_pooling_Pipeline_Read_Rij1  |        0|   0|   57|  101|    0|
    |control_s_axi_U                                       |control_s_axi                              |        0|   0|  170|  296|    0|
    |gmem_in_m_axi_U                                       |gmem_in_m_axi                              |        2|   0|  671|  657|    0|
    |gmem_out_m_axi_U                                      |gmem_out_m_axi                             |        0|   0|  611|  665|    0|
    |mul_30ns_32ns_61_2_1_U15                              |mul_30ns_32ns_61_2_1                       |        0|   4|  165|   50|    0|
    |mul_30ns_32ns_62_2_1_U16                              |mul_30ns_32ns_62_2_1                       |        0|   4|  165|   50|    0|
    +------------------------------------------------------+-------------------------------------------+---------+----+-----+-----+-----+
    |Total                                                 |                                           |        2|   8| 2327| 2931|    0|
    +------------------------------------------------------+-------------------------------------------+---------+----+-----+-----+-----+

    * DSP: 
    N/A

    * Memory: 
    +----------------+----------------------------+---------+---+----+-----+------+-----+------+-------------+
    |     Memory     |           Module           | BRAM_18K| FF| LUT| URAM| Words| Bits| Banks| W*Bits*Banks|
    +----------------+----------------------------+---------+---+----+-----+------+-----+------+-------------+
    |rij_buffer_0_U  |rij_buffer_0_RAM_AUTO_1R1W  |        2|  0|   0|    0|   256|   24|     1|         6144|
    |rij_buffer_1_U  |rij_buffer_0_RAM_AUTO_1R1W  |        2|  0|   0|    0|   256|   24|     1|         6144|
    +----------------+----------------------------+---------+---+----+-----+------+-----+------+-------------+
    |Total           |                            |        4|  0|   0|    0|   512|   48|     2|        12288|
    +----------------+----------------------------+---------+---+----+-----+------+-----+------+-------------+

    * FIFO: 
    N/A

    * Expression: 
    +-----------------------+----------+----+---+----+------------+------------+
    |     Variable Name     | Operation| DSP| FF| LUT| Bitwidth P0| Bitwidth P1|
    +-----------------------+----------+----+---+----+------------+------------+
    |add_ln25_1_fu_306_p2   |         +|   0|  0|  39|          32|           1|
    |add_ln25_2_fu_312_p2   |         +|   0|  0|  38|          31|           2|
    |add_ln25_3_fu_332_p2   |         +|   0|  0|  38|          31|           1|
    |add_ln25_fu_286_p2     |         +|   0|  0|  39|          32|           2|
    |add_ln30_1_fu_414_p2   |         +|   0|  0|  69|          62|          62|
    |add_ln30_2_fu_427_p2   |         +|   0|  0|  71|          64|          64|
    |add_ln30_3_fu_439_p2   |         +|   0|  0|  71|          64|          64|
    |add_ln30_fu_402_p2     |         +|   0|  0|  71|          64|          64|
    |add_ln89_fu_375_p2     |         +|   0|  0|  38|          31|           1|
    |sub_ln85_1_fu_250_p2   |         -|   0|  0|  38|           1|          31|
    |sub_ln85_fu_234_p2     |         -|   0|  0|  39|           1|          32|
    |ap_block_state31       |       and|   0|  0|   2|           1|           1|
    |icmp_ln25_1_fu_370_p2  |      icmp|   0|  0|  38|          31|          31|
    |icmp_ln25_fu_274_p2    |      icmp|   0|  0|  39|          32|           1|
    |icmp_ln28_fu_280_p2    |      icmp|   0|  0|  39|          32|           1|
    |ap_block_state5_io     |        or|   0|  0|   2|           1|           1|
    |select_ln85_fu_266_p3  |    select|   0|  0|  31|           1|          31|
    +-----------------------+----------+----+---+----+------------+------------+
    |Total                  |          |   0|  0| 702|         511|         390|
    +-----------------------+----------+----+---+----+------------+------------+

    * Multiplexer: 
    +-----------------------+-----+-----------+-----+-----------+
    |          Name         | LUT | Input Size| Bits| Total Bits|
    +-----------------------+-----+-----------+-----+-----------+
    |ap_NS_fsm              |  142|         32|    1|         32|
    |gmem_in_0_ARADDR       |   25|          5|   64|        320|
    |gmem_in_0_ARLEN        |   20|          4|   32|        128|
    |gmem_in_0_ARVALID      |   20|          4|    1|          4|
    |gmem_in_0_RREADY       |   14|          3|    1|          3|
    |gmem_in_blk_n_AR       |    9|          2|    1|          2|
    |gmem_out_0_AWADDR      |   14|          3|   64|        192|
    |gmem_out_0_AWLEN       |   14|          3|   32|         96|
    |gmem_out_0_AWVALID     |   14|          3|    1|          3|
    |gmem_out_0_BREADY      |   14|          3|    1|          3|
    |gmem_out_0_WVALID      |    9|          2|    1|          2|
    |gmem_out_blk_n_AW      |    9|          2|    1|          2|
    |gmem_out_blk_n_B       |    9|          2|    1|          2|
    |output_y_fu_130        |    9|          2|   31|         62|
    |rij_buffer_0_address0  |   14|          3|    8|         24|
    |rij_buffer_0_ce0       |   14|          3|    1|          3|
    |rij_buffer_0_ce1       |    9|          2|    1|          2|
    |rij_buffer_0_we0       |    9|          2|    1|          2|
    |rij_buffer_1_address0  |   14|          3|    8|         24|
    |rij_buffer_1_ce0       |   14|          3|    1|          3|
    |rij_buffer_1_ce1       |    9|          2|    1|          2|
    |rij_buffer_1_we0       |    9|          2|    1|          2|
    +-----------------------+-----+-----------+-----+-----------+
    |Total                  |  414|         90|  254|        913|
    +-----------------------+-----+-----------+-----+-----------+

    * Register: 
    +-------------------------------------------------------------------+----+----+-----+-----------+
    |                                Name                               | FF | LUT| Bits| Const Bits|
    +-------------------------------------------------------------------+----+----+-----+-----------+
    |add_ln25_1_reg_545                                                 |  32|   0|   32|          0|
    |add_ln25_3_reg_550                                                 |  31|   0|   31|          0|
    |add_ln89_reg_583                                                   |  31|   0|   31|          0|
    |ap_CS_fsm                                                          |  31|   0|   31|          0|
    |grp_apply_hardware_pooling_Pipeline_Pool_X_fu_199_ap_start_reg     |   1|   0|    1|          0|
    |grp_apply_hardware_pooling_Pipeline_Read_Rij0_fu_181_ap_start_reg  |   1|   0|    1|          0|
    |grp_apply_hardware_pooling_Pipeline_Read_Rij1_fu_190_ap_start_reg  |   1|   0|    1|          0|
    |icmp_ln25_reg_530                                                  |   1|   0|    1|          0|
    |icmp_ln28_reg_541                                                  |   1|   0|    1|          0|
    |invoer_pixels_read_reg_518                                         |  64|   0|   64|          0|
    |mode_read_reg_508                                                  |  32|   0|   32|          0|
    |mul_ln30_1_reg_603                                                 |  61|   0|   61|          0|
    |mul_ln30_reg_598                                                   |  62|   0|   62|          0|
    |output_y_fu_130                                                    |  31|   0|   31|          0|
    |trunc_ln2_reg_609                                                  |  62|   0|   62|          0|
    |trunc_ln3_reg_524                                                  |  31|   0|   31|          0|
    |trunc_ln4_reg_615                                                  |  62|   0|   62|          0|
    |trunc_ln5_reg_621                                                  |  62|   0|   62|          0|
    |uitvoer_pixels_read_reg_513                                        |  64|   0|   64|          0|
    |zext_ln28_reg_555                                                  |  32|   0|   64|         32|
    |zext_ln30_1_reg_570                                                |  32|   0|   61|         29|
    |zext_ln30_2_reg_575                                                |  32|   0|   62|         30|
    |zext_ln30_reg_565                                                  |  32|   0|   62|         30|
    |zext_ln40_reg_560                                                  |  32|   0|   64|         32|
    +-------------------------------------------------------------------+----+----+-----+-----------+
    |Total                                                              | 821|   0|  974|        153|
    +-------------------------------------------------------------------+----+----+-----+-----------+



================================================================
== Interface
================================================================
* Summary: 
+---------------------------+-----+-----+------------+------------------------+--------------+
|         RTL Ports         | Dir | Bits|  Protocol  |      Source Object     |    C Type    |
+---------------------------+-----+-----+------------+------------------------+--------------+
|s_axi_CONTROL_BUS_AWVALID  |   in|    1|       s_axi|             CONTROL_BUS|        scalar|
|s_axi_CONTROL_BUS_AWREADY  |  out|    1|       s_axi|             CONTROL_BUS|        scalar|
|s_axi_CONTROL_BUS_AWADDR   |   in|    6|       s_axi|             CONTROL_BUS|        scalar|
|s_axi_CONTROL_BUS_WVALID   |   in|    1|       s_axi|             CONTROL_BUS|        scalar|
|s_axi_CONTROL_BUS_WREADY   |  out|    1|       s_axi|             CONTROL_BUS|        scalar|
|s_axi_CONTROL_BUS_WDATA    |   in|   32|       s_axi|             CONTROL_BUS|        scalar|
|s_axi_CONTROL_BUS_WSTRB    |   in|    4|       s_axi|             CONTROL_BUS|        scalar|
|s_axi_CONTROL_BUS_ARVALID  |   in|    1|       s_axi|             CONTROL_BUS|        scalar|
|s_axi_CONTROL_BUS_ARREADY  |  out|    1|       s_axi|             CONTROL_BUS|        scalar|
|s_axi_CONTROL_BUS_ARADDR   |   in|    6|       s_axi|             CONTROL_BUS|        scalar|
|s_axi_CONTROL_BUS_RVALID   |  out|    1|       s_axi|             CONTROL_BUS|        scalar|
|s_axi_CONTROL_BUS_RREADY   |   in|    1|       s_axi|             CONTROL_BUS|        scalar|
|s_axi_CONTROL_BUS_RDATA    |  out|   32|       s_axi|             CONTROL_BUS|        scalar|
|s_axi_CONTROL_BUS_RRESP    |  out|    2|       s_axi|             CONTROL_BUS|        scalar|
|s_axi_CONTROL_BUS_BVALID   |  out|    1|       s_axi|             CONTROL_BUS|        scalar|
|s_axi_CONTROL_BUS_BREADY   |   in|    1|       s_axi|             CONTROL_BUS|        scalar|
|s_axi_CONTROL_BUS_BRESP    |  out|    2|       s_axi|             CONTROL_BUS|        scalar|
|s_axi_control_AWVALID      |   in|    1|       s_axi|                 control|        scalar|
|s_axi_control_AWREADY      |  out|    1|       s_axi|                 control|        scalar|
|s_axi_control_AWADDR       |   in|    6|       s_axi|                 control|        scalar|
|s_axi_control_WVALID       |   in|    1|       s_axi|                 control|        scalar|
|s_axi_control_WREADY       |  out|    1|       s_axi|                 control|        scalar|
|s_axi_control_WDATA        |   in|   32|       s_axi|                 control|        scalar|
|s_axi_control_WSTRB        |   in|    4|       s_axi|                 control|        scalar|
|s_axi_control_ARVALID      |   in|    1|       s_axi|                 control|        scalar|
|s_axi_control_ARREADY      |  out|    1|       s_axi|                 control|        scalar|
|s_axi_control_ARADDR       |   in|    6|       s_axi|                 control|        scalar|
|s_axi_control_RVALID       |  out|    1|       s_axi|                 control|        scalar|
|s_axi_control_RREADY       |   in|    1|       s_axi|                 control|        scalar|
|s_axi_control_RDATA        |  out|   32|       s_axi|                 control|        scalar|
|s_axi_control_RRESP        |  out|    2|       s_axi|                 control|        scalar|
|s_axi_control_BVALID       |  out|    1|       s_axi|                 control|        scalar|
|s_axi_control_BREADY       |   in|    1|       s_axi|                 control|        scalar|
|s_axi_control_BRESP        |  out|    2|       s_axi|                 control|        scalar|
|ap_clk                     |   in|    1|  ap_ctrl_hs|  apply_hardware_pooling|  return value|
|ap_rst_n                   |   in|    1|  ap_ctrl_hs|  apply_hardware_pooling|  return value|
|interrupt                  |  out|    1|  ap_ctrl_hs|  apply_hardware_pooling|  return value|
|m_axi_gmem_in_AWVALID      |  out|    1|       m_axi|                 gmem_in|       pointer|
|m_axi_gmem_in_AWREADY      |   in|    1|       m_axi|                 gmem_in|       pointer|
|m_axi_gmem_in_AWADDR       |  out|   64|       m_axi|                 gmem_in|       pointer|
|m_axi_gmem_in_AWID         |  out|    1|       m_axi|                 gmem_in|       pointer|
|m_axi_gmem_in_AWLEN        |  out|    8|       m_axi|                 gmem_in|       pointer|
|m_axi_gmem_in_AWSIZE       |  out|    3|       m_axi|                 gmem_in|       pointer|
|m_axi_gmem_in_AWBURST      |  out|    2|       m_axi|                 gmem_in|       pointer|
|m_axi_gmem_in_AWLOCK       |  out|    2|       m_axi|                 gmem_in|       pointer|
|m_axi_gmem_in_AWCACHE      |  out|    4|       m_axi|                 gmem_in|       pointer|
|m_axi_gmem_in_AWPROT       |  out|    3|       m_axi|                 gmem_in|       pointer|
|m_axi_gmem_in_AWQOS        |  out|    4|       m_axi|                 gmem_in|       pointer|
|m_axi_gmem_in_AWREGION     |  out|    4|       m_axi|                 gmem_in|       pointer|
|m_axi_gmem_in_AWUSER       |  out|    1|       m_axi|                 gmem_in|       pointer|
|m_axi_gmem_in_WVALID       |  out|    1|       m_axi|                 gmem_in|       pointer|
|m_axi_gmem_in_WREADY       |   in|    1|       m_axi|                 gmem_in|       pointer|
|m_axi_gmem_in_WDATA        |  out|   32|       m_axi|                 gmem_in|       pointer|
|m_axi_gmem_in_WSTRB        |  out|    4|       m_axi|                 gmem_in|       pointer|
|m_axi_gmem_in_WLAST        |  out|    1|       m_axi|                 gmem_in|       pointer|
|m_axi_gmem_in_WID          |  out|    1|       m_axi|                 gmem_in|       pointer|
|m_axi_gmem_in_WUSER        |  out|    1|       m_axi|                 gmem_in|       pointer|
|m_axi_gmem_in_ARVALID      |  out|    1|       m_axi|                 gmem_in|       pointer|
|m_axi_gmem_in_ARREADY      |   in|    1|       m_axi|                 gmem_in|       pointer|
|m_axi_gmem_in_ARADDR       |  out|   64|       m_axi|                 gmem_in|       pointer|
|m_axi_gmem_in_ARID         |  out|    1|       m_axi|                 gmem_in|       pointer|
|m_axi_gmem_in_ARLEN        |  out|    8|       m_axi|                 gmem_in|       pointer|
|m_axi_gmem_in_ARSIZE       |  out|    3|       m_axi|                 gmem_in|       pointer|
|m_axi_gmem_in_ARBURST      |  out|    2|       m_axi|                 gmem_in|       pointer|
|m_axi_gmem_in_ARLOCK       |  out|    2|       m_axi|                 gmem_in|       pointer|
|m_axi_gmem_in_ARCACHE      |  out|    4|       m_axi|                 gmem_in|       pointer|
|m_axi_gmem_in_ARPROT       |  out|    3|       m_axi|                 gmem_in|       pointer|
|m_axi_gmem_in_ARQOS        |  out|    4|       m_axi|                 gmem_in|       pointer|
|m_axi_gmem_in_ARREGION     |  out|    4|       m_axi|                 gmem_in|       pointer|
|m_axi_gmem_in_ARUSER       |  out|    1|       m_axi|                 gmem_in|       pointer|
|m_axi_gmem_in_RVALID       |   in|    1|       m_axi|                 gmem_in|       pointer|
|m_axi_gmem_in_RREADY       |  out|    1|       m_axi|                 gmem_in|       pointer|
|m_axi_gmem_in_RDATA        |   in|   32|       m_axi|                 gmem_in|       pointer|
|m_axi_gmem_in_RLAST        |   in|    1|       m_axi|                 gmem_in|       pointer|
|m_axi_gmem_in_RID          |   in|    1|       m_axi|                 gmem_in|       pointer|
|m_axi_gmem_in_RUSER        |   in|    1|       m_axi|                 gmem_in|       pointer|
|m_axi_gmem_in_RRESP        |   in|    2|       m_axi|                 gmem_in|       pointer|
|m_axi_gmem_in_BVALID       |   in|    1|       m_axi|                 gmem_in|       pointer|
|m_axi_gmem_in_BREADY       |  out|    1|       m_axi|                 gmem_in|       pointer|
|m_axi_gmem_in_BRESP        |   in|    2|       m_axi|                 gmem_in|       pointer|
|m_axi_gmem_in_BID          |   in|    1|       m_axi|                 gmem_in|       pointer|
|m_axi_gmem_in_BUSER        |   in|    1|       m_axi|                 gmem_in|       pointer|
|m_axi_gmem_out_AWVALID     |  out|    1|       m_axi|                gmem_out|       pointer|
|m_axi_gmem_out_AWREADY     |   in|    1|       m_axi|                gmem_out|       pointer|
|m_axi_gmem_out_AWADDR      |  out|   64|       m_axi|                gmem_out|       pointer|
|m_axi_gmem_out_AWID        |  out|    1|       m_axi|                gmem_out|       pointer|
|m_axi_gmem_out_AWLEN       |  out|    8|       m_axi|                gmem_out|       pointer|
|m_axi_gmem_out_AWSIZE      |  out|    3|       m_axi|                gmem_out|       pointer|
|m_axi_gmem_out_AWBURST     |  out|    2|       m_axi|                gmem_out|       pointer|
|m_axi_gmem_out_AWLOCK      |  out|    2|       m_axi|                gmem_out|       pointer|
|m_axi_gmem_out_AWCACHE     |  out|    4|       m_axi|                gmem_out|       pointer|
|m_axi_gmem_out_AWPROT      |  out|    3|       m_axi|                gmem_out|       pointer|
|m_axi_gmem_out_AWQOS       |  out|    4|       m_axi|                gmem_out|       pointer|
|m_axi_gmem_out_AWREGION    |  out|    4|       m_axi|                gmem_out|       pointer|
|m_axi_gmem_out_AWUSER      |  out|    1|       m_axi|                gmem_out|       pointer|
|m_axi_gmem_out_WVALID      |  out|    1|       m_axi|                gmem_out|       pointer|
|m_axi_gmem_out_WREADY      |   in|    1|       m_axi|                gmem_out|       pointer|
|m_axi_gmem_out_WDATA       |  out|   32|       m_axi|                gmem_out|       pointer|
|m_axi_gmem_out_WSTRB       |  out|    4|       m_axi|                gmem_out|       pointer|
|m_axi_gmem_out_WLAST       |  out|    1|       m_axi|                gmem_out|       pointer|
|m_axi_gmem_out_WID         |  out|    1|       m_axi|                gmem_out|       pointer|
|m_axi_gmem_out_WUSER       |  out|    1|       m_axi|                gmem_out|       pointer|
|m_axi_gmem_out_ARVALID     |  out|    1|       m_axi|                gmem_out|       pointer|
|m_axi_gmem_out_ARREADY     |   in|    1|       m_axi|                gmem_out|       pointer|
|m_axi_gmem_out_ARADDR      |  out|   64|       m_axi|                gmem_out|       pointer|
|m_axi_gmem_out_ARID        |  out|    1|       m_axi|                gmem_out|       pointer|
|m_axi_gmem_out_ARLEN       |  out|    8|       m_axi|                gmem_out|       pointer|
|m_axi_gmem_out_ARSIZE      |  out|    3|       m_axi|                gmem_out|       pointer|
|m_axi_gmem_out_ARBURST     |  out|    2|       m_axi|                gmem_out|       pointer|
|m_axi_gmem_out_ARLOCK      |  out|    2|       m_axi|                gmem_out|       pointer|
|m_axi_gmem_out_ARCACHE     |  out|    4|       m_axi|                gmem_out|       pointer|
|m_axi_gmem_out_ARPROT      |  out|    3|       m_axi|                gmem_out|       pointer|
|m_axi_gmem_out_ARQOS       |  out|    4|       m_axi|                gmem_out|       pointer|
|m_axi_gmem_out_ARREGION    |  out|    4|       m_axi|                gmem_out|       pointer|
|m_axi_gmem_out_ARUSER      |  out|    1|       m_axi|                gmem_out|       pointer|
|m_axi_gmem_out_RVALID      |   in|    1|       m_axi|                gmem_out|       pointer|
|m_axi_gmem_out_RREADY      |  out|    1|       m_axi|                gmem_out|       pointer|
|m_axi_gmem_out_RDATA       |   in|   32|       m_axi|                gmem_out|       pointer|
|m_axi_gmem_out_RLAST       |   in|    1|       m_axi|                gmem_out|       pointer|
|m_axi_gmem_out_RID         |   in|    1|       m_axi|                gmem_out|       pointer|
|m_axi_gmem_out_RUSER       |   in|    1|       m_axi|                gmem_out|       pointer|
|m_axi_gmem_out_RRESP       |   in|    2|       m_axi|                gmem_out|       pointer|
|m_axi_gmem_out_BVALID      |   in|    1|       m_axi|                gmem_out|       pointer|
|m_axi_gmem_out_BREADY      |  out|    1|       m_axi|                gmem_out|       pointer|
|m_axi_gmem_out_BRESP       |   in|    2|       m_axi|                gmem_out|       pointer|
|m_axi_gmem_out_BID         |   in|    1|       m_axi|                gmem_out|       pointer|
|m_axi_gmem_out_BUSER       |   in|    1|       m_axi|                gmem_out|       pointer|
+---------------------------+-----+-----+------------+------------------------+--------------+

