

================================================================
== Vitis HLS Report for 'apply_hardware_pooling_Pipeline_Pool_X'
================================================================
* Date:           Sat May 23 04:07:01 2026

* Version:        2025.2 (Build 6295257 on Nov 14 2025)
* Project:        Pooling_HLS
* Solution:       hls (Vivado IP Flow Target)
* Product family: zynq
* Target device:  xc7z020-clg400-1


================================================================
== Performance Estimates
================================================================
+ Timing: 
    * Summary: 
    +--------+----------+----------+------------+
    |  Clock |  Target  | Estimated| Uncertainty|
    +--------+----------+----------+------------+
    |ap_clk  |  10.00 ns|  7.300 ns|     2.70 ns|
    +--------+----------+----------+------------+

+ Latency: 
    * Summary: 
    +---------+---------+-----------+----------+-----+-----+-------------------+
    |  Latency (cycles) |  Latency (absolute)  |  Interval |      Pipeline     |
    |   min   |   max   |    min    |    max   | min | max |        Type       |
    +---------+---------+-----------+----------+-----+-----+-------------------+
    |        5|        ?|  50.000 ns|         ?|    0|    0|  loop pipeline stp|
    +---------+---------+-----------+----------+-----+-----+-------------------+

    + Detail: 
        * Instance: 
        N/A

        * Loop: 
        +----------+---------+---------+----------+-----------+-----------+-------+----------+
        |          |  Latency (cycles) | Iteration|  Initiation Interval  |  Trip |          |
        | Loop Name|   min   |   max   |  Latency |  achieved |   target  | Count | Pipelined|
        +----------+---------+---------+----------+-----------+-----------+-------+----------+
        |- Pool_X  |        3|        ?|         4|          1|          1|  1 ~ ?|       yes|
        +----------+---------+---------+----------+-----------+-----------+-------+----------+



================================================================
== Utilization Estimates
================================================================
* Summary: 
+-----------------+---------+-----+--------+-------+-----+
|       Name      | BRAM_18K| DSP |   FF   |  LUT  | URAM|
+-----------------+---------+-----+--------+-------+-----+
|DSP              |        -|    -|       -|      -|    -|
|Expression       |        -|    -|       0|    665|    -|
|FIFO             |        -|    -|       -|      -|    -|
|Instance         |        -|    -|       -|      -|    -|
|Memory           |        -|    -|       -|      -|    -|
|Multiplexer      |        -|    -|       0|    114|    -|
|Register         |        -|    -|     281|      -|    -|
+-----------------+---------+-----+--------+-------+-----+
|Total            |        0|    0|     281|    779|    0|
+-----------------+---------+-----+--------+-------+-----+
|Available        |      280|  220|  106400|  53200|    0|
+-----------------+---------+-----+--------+-------+-----+
|Utilization (%)  |        0|    0|      ~0|      1|    0|
+-----------------+---------+-----+--------+-------+-----+

+ Detail: 
    * Instance: 
    N/A

    * DSP: 
    N/A

    * Memory: 
    N/A

    * FIFO: 
    N/A

    * Expression: 
    +-----------------------------+----------+----+---+----+------------+------------+
    |        Variable Name        | Operation| DSP| FF| LUT| Bitwidth P0| Bitwidth P1|
    +-----------------------------+----------+----+---+----+------------+------------+
    |add_ln40_fu_272_p2           |         +|   0|  0|  40|          33|           2|
    |add_ln70_1_fu_478_p2         |         +|   0|  0|  14|           9|           9|
    |add_ln70_2_fu_488_p2         |         +|   0|  0|  13|          10|          10|
    |add_ln70_3_fu_516_p2         |         +|   0|  0|  14|           9|           9|
    |add_ln70_4_fu_526_p2         |         +|   0|  0|  14|           9|           9|
    |add_ln70_5_fu_536_p2         |         +|   0|  0|  13|          10|          10|
    |add_ln70_6_fu_564_p2         |         +|   0|  0|  14|           9|           9|
    |add_ln70_7_fu_574_p2         |         +|   0|  0|  14|           9|           9|
    |add_ln70_8_fu_584_p2         |         +|   0|  0|  13|          10|          10|
    |add_ln70_fu_468_p2           |         +|   0|  0|  14|           9|           9|
    |add_ln87_fu_223_p2           |         +|   0|  0|  39|          32|           1|
    |ap_block_pp0_stage0_11001    |       and|   0|  0|   2|           1|           1|
    |ap_predicate_pred259_state4  |       and|   0|  0|   2|           1|           1|
    |ap_predicate_pred266_state4  |       and|   0|  0|   2|           1|           1|
    |ap_predicate_pred273_state4  |       and|   0|  0|   2|           1|           1|
    |icmp_ln40_fu_218_p2          |      icmp|   0|  0|  39|          32|          32|
    |icmp_ln65_1_fu_396_p2        |      icmp|   0|  0|  15|           8|           8|
    |icmp_ln65_2_fu_408_p2        |      icmp|   0|  0|  15|           8|           8|
    |icmp_ln65_fu_384_p2          |      icmp|   0|  0|  15|           8|           8|
    |icmp_ln66_1_fu_402_p2        |      icmp|   0|  0|  15|           8|           8|
    |icmp_ln66_2_fu_414_p2        |      icmp|   0|  0|  15|           8|           8|
    |icmp_ln66_fu_390_p2          |      icmp|   0|  0|  15|           8|           8|
    |icmp_ln67_1_fu_634_p2        |      icmp|   0|  0|  15|           8|           8|
    |icmp_ln67_2_fu_658_p2        |      icmp|   0|  0|  15|           8|           8|
    |icmp_ln67_fu_610_p2          |      icmp|   0|  0|  15|           8|           8|
    |icmp_ln73_1_fu_432_p2        |      icmp|   0|  0|  15|           8|           8|
    |icmp_ln73_2_fu_444_p2        |      icmp|   0|  0|  15|           8|           8|
    |icmp_ln73_fu_420_p2          |      icmp|   0|  0|  15|           8|           8|
    |icmp_ln74_1_fu_438_p2        |      icmp|   0|  0|  15|           8|           8|
    |icmp_ln74_2_fu_450_p2        |      icmp|   0|  0|  15|           8|           8|
    |icmp_ln74_fu_426_p2          |      icmp|   0|  0|  15|           8|           8|
    |icmp_ln75_1_fu_706_p2        |      icmp|   0|  0|  15|           8|           8|
    |icmp_ln75_2_fu_730_p2        |      icmp|   0|  0|  15|           8|           8|
    |icmp_ln75_fu_682_p2          |      icmp|   0|  0|  15|           8|           8|
    |final_val_2_fu_712_p3        |    select|   0|  0|   8|           1|           8|
    |final_val_4_fu_736_p3        |    select|   0|  0|   8|           1|           8|
    |final_val_5_fu_616_p3        |    select|   0|  0|   8|           1|           8|
    |final_val_6_fu_640_p3        |    select|   0|  0|   8|           1|           8|
    |final_val_7_fu_664_p3        |    select|   0|  0|   8|           1|           8|
    |final_val_fu_688_p3          |    select|   0|  0|   8|           1|           8|
    |max1_1_fu_624_p3             |    select|   0|  0|   8|           1|           8|
    |max1_2_fu_648_p3             |    select|   0|  0|   8|           1|           8|
    |max1_fu_600_p3               |    select|   0|  0|   8|           1|           8|
    |max2_1_fu_629_p3             |    select|   0|  0|   8|           1|           8|
    |max2_2_fu_653_p3             |    select|   0|  0|   8|           1|           8|
    |max2_fu_605_p3               |    select|   0|  0|   8|           1|           8|
    |min1_1_fu_696_p3             |    select|   0|  0|   8|           1|           8|
    |min1_2_fu_720_p3             |    select|   0|  0|   8|           1|           8|
    |min1_fu_672_p3               |    select|   0|  0|   8|           1|           8|
    |min2_1_fu_701_p3             |    select|   0|  0|   8|           1|           8|
    |min2_2_fu_725_p3             |    select|   0|  0|   8|           1|           8|
    |min2_fu_677_p3               |    select|   0|  0|   8|           1|           8|
    |ap_enable_pp0                |       xor|   0|  0|   2|           1|           2|
    +-----------------------------+----------+----+---+----+------------+------------+
    |Total                        |          |   0|  0| 665|         348|         413|
    +-----------------------------+----------+----+---+----+------------+------------+

    * Multiplexer: 
    +----------------------------------------------+----+-----------+-----+-----------+
    |                     Name                     | LUT| Input Size| Bits| Total Bits|
    +----------------------------------------------+----+-----------+-----+-----------+
    |ap_done_int                                   |   9|          2|    1|          2|
    |ap_enable_reg_pp0_iter1                       |   9|          2|    1|          2|
    |ap_enable_reg_pp0_iter2                       |   9|          2|    1|          2|
    |ap_phi_reg_pp0_iter4_final_val_11_reg_190     |  20|          4|    8|         32|
    |ap_phi_reg_pp0_iter4_final_val_13942_reg_179  |  20|          4|    8|         32|
    |ap_phi_reg_pp0_iter4_final_val_1_144_reg_168  |  20|          4|    8|         32|
    |gmem_out_blk_n_W                              |   9|          2|    1|          2|
    |output_x_fu_88                                |   9|          2|   32|         64|
    |x_2_fu_84                                     |   9|          2|   33|         66|
    +----------------------------------------------+----+-----------+-----+-----------+
    |Total                                         | 114|         24|   93|        234|
    +----------------------------------------------+----+-----------+-----+-----------+

    * Register: 
    +----------------------------------------------+----+----+-----+-----------+
    |                     Name                     | FF | LUT| Bits| Const Bits|
    +----------------------------------------------+----+----+-----+-----------+
    |ap_CS_fsm                                     |   1|   0|    1|          0|
    |ap_done_reg                                   |   1|   0|    1|          0|
    |ap_enable_reg_pp0_iter1                       |   1|   0|    1|          0|
    |ap_enable_reg_pp0_iter2                       |   1|   0|    1|          0|
    |ap_enable_reg_pp0_iter3                       |   1|   0|    1|          0|
    |ap_enable_reg_pp0_iter4                       |   1|   0|    1|          0|
    |ap_loop_exit_ready_pp0_iter2_reg              |   1|   0|    1|          0|
    |ap_loop_exit_ready_pp0_iter3_reg              |   1|   0|    1|          0|
    |ap_phi_reg_pp0_iter1_final_val_11_reg_190     |   8|   0|    8|          0|
    |ap_phi_reg_pp0_iter1_final_val_13942_reg_179  |   8|   0|    8|          0|
    |ap_phi_reg_pp0_iter1_final_val_1_144_reg_168  |   8|   0|    8|          0|
    |ap_phi_reg_pp0_iter2_final_val_11_reg_190     |   8|   0|    8|          0|
    |ap_phi_reg_pp0_iter2_final_val_13942_reg_179  |   8|   0|    8|          0|
    |ap_phi_reg_pp0_iter2_final_val_1_144_reg_168  |   8|   0|    8|          0|
    |ap_phi_reg_pp0_iter3_final_val_11_reg_190     |   8|   0|    8|          0|
    |ap_phi_reg_pp0_iter3_final_val_13942_reg_179  |   8|   0|    8|          0|
    |ap_phi_reg_pp0_iter3_final_val_1_144_reg_168  |   8|   0|    8|          0|
    |ap_phi_reg_pp0_iter4_final_val_11_reg_190     |   8|   0|    8|          0|
    |ap_phi_reg_pp0_iter4_final_val_13942_reg_179  |   8|   0|    8|          0|
    |ap_phi_reg_pp0_iter4_final_val_1_144_reg_168  |   8|   0|    8|          0|
    |ap_predicate_pred259_state4                   |   1|   0|    1|          0|
    |ap_predicate_pred266_state4                   |   1|   0|    1|          0|
    |ap_predicate_pred273_state4                   |   1|   0|    1|          0|
    |icmp_ln40_reg_797                             |   1|   0|    1|          0|
    |icmp_ln65_1_reg_915                           |   1|   0|    1|          0|
    |icmp_ln65_2_reg_925                           |   1|   0|    1|          0|
    |icmp_ln65_reg_905                             |   1|   0|    1|          0|
    |icmp_ln66_1_reg_920                           |   1|   0|    1|          0|
    |icmp_ln66_2_reg_930                           |   1|   0|    1|          0|
    |icmp_ln66_reg_910                             |   1|   0|    1|          0|
    |icmp_ln73_1_reg_945                           |   1|   0|    1|          0|
    |icmp_ln73_2_reg_955                           |   1|   0|    1|          0|
    |icmp_ln73_reg_935                             |   1|   0|    1|          0|
    |icmp_ln74_1_reg_950                           |   1|   0|    1|          0|
    |icmp_ln74_2_reg_960                           |   1|   0|    1|          0|
    |icmp_ln74_reg_940                             |   1|   0|    1|          0|
    |output_x_fu_88                                |  32|   0|   32|          0|
    |val00_1_reg_849                               |   8|   0|    8|          0|
    |val00_2_reg_877                               |   8|   0|    8|          0|
    |val00_reg_821                                 |   8|   0|    8|          0|
    |val01_1_reg_856                               |   8|   0|    8|          0|
    |val01_2_reg_884                               |   8|   0|    8|          0|
    |val01_reg_828                                 |   8|   0|    8|          0|
    |val10_1_reg_863                               |   8|   0|    8|          0|
    |val10_2_reg_891                               |   8|   0|    8|          0|
    |val10_reg_835                                 |   8|   0|    8|          0|
    |val11_1_reg_870                               |   8|   0|    8|          0|
    |val11_2_reg_898                               |   8|   0|    8|          0|
    |val11_reg_842                                 |   8|   0|    8|          0|
    |x_2_fu_84                                     |  33|   0|   33|          0|
    +----------------------------------------------+----+----+-----+-----------+
    |Total                                         | 281|   0|  281|          0|
    +----------------------------------------------+----+----+-----+-----------+



================================================================
== Interface
================================================================
* Summary: 
+---------------------------+-----+-----+------------+----------------------------------------+--------------+
|         RTL Ports         | Dir | Bits|  Protocol  |              Source Object             |    C Type    |
+---------------------------+-----+-----+------------+----------------------------------------+--------------+
|ap_clk                     |   in|    1|  ap_ctrl_hs|  apply_hardware_pooling_Pipeline_Pool_X|  return value|
|ap_rst                     |   in|    1|  ap_ctrl_hs|  apply_hardware_pooling_Pipeline_Pool_X|  return value|
|ap_start                   |   in|    1|  ap_ctrl_hs|  apply_hardware_pooling_Pipeline_Pool_X|  return value|
|ap_done                    |  out|    1|  ap_ctrl_hs|  apply_hardware_pooling_Pipeline_Pool_X|  return value|
|ap_idle                    |  out|    1|  ap_ctrl_hs|  apply_hardware_pooling_Pipeline_Pool_X|  return value|
|ap_ready                   |  out|    1|  ap_ctrl_hs|  apply_hardware_pooling_Pipeline_Pool_X|  return value|
|m_axi_gmem_out_0_AWVALID   |  out|    1|       m_axi|                                gmem_out|       pointer|
|m_axi_gmem_out_0_AWREADY   |   in|    1|       m_axi|                                gmem_out|       pointer|
|m_axi_gmem_out_0_AWADDR    |  out|   64|       m_axi|                                gmem_out|       pointer|
|m_axi_gmem_out_0_AWID      |  out|    1|       m_axi|                                gmem_out|       pointer|
|m_axi_gmem_out_0_AWLEN     |  out|   32|       m_axi|                                gmem_out|       pointer|
|m_axi_gmem_out_0_AWSIZE    |  out|    3|       m_axi|                                gmem_out|       pointer|
|m_axi_gmem_out_0_AWBURST   |  out|    2|       m_axi|                                gmem_out|       pointer|
|m_axi_gmem_out_0_AWLOCK    |  out|    2|       m_axi|                                gmem_out|       pointer|
|m_axi_gmem_out_0_AWCACHE   |  out|    4|       m_axi|                                gmem_out|       pointer|
|m_axi_gmem_out_0_AWPROT    |  out|    3|       m_axi|                                gmem_out|       pointer|
|m_axi_gmem_out_0_AWQOS     |  out|    4|       m_axi|                                gmem_out|       pointer|
|m_axi_gmem_out_0_AWREGION  |  out|    4|       m_axi|                                gmem_out|       pointer|
|m_axi_gmem_out_0_AWUSER    |  out|    1|       m_axi|                                gmem_out|       pointer|
|m_axi_gmem_out_0_WVALID    |  out|    1|       m_axi|                                gmem_out|       pointer|
|m_axi_gmem_out_0_WREADY    |   in|    1|       m_axi|                                gmem_out|       pointer|
|m_axi_gmem_out_0_WDATA     |  out|   32|       m_axi|                                gmem_out|       pointer|
|m_axi_gmem_out_0_WSTRB     |  out|    4|       m_axi|                                gmem_out|       pointer|
|m_axi_gmem_out_0_WLAST     |  out|    1|       m_axi|                                gmem_out|       pointer|
|m_axi_gmem_out_0_WID       |  out|    1|       m_axi|                                gmem_out|       pointer|
|m_axi_gmem_out_0_WUSER     |  out|    1|       m_axi|                                gmem_out|       pointer|
|m_axi_gmem_out_0_ARVALID   |  out|    1|       m_axi|                                gmem_out|       pointer|
|m_axi_gmem_out_0_ARREADY   |   in|    1|       m_axi|                                gmem_out|       pointer|
|m_axi_gmem_out_0_ARADDR    |  out|   64|       m_axi|                                gmem_out|       pointer|
|m_axi_gmem_out_0_ARID      |  out|    1|       m_axi|                                gmem_out|       pointer|
|m_axi_gmem_out_0_ARLEN     |  out|   32|       m_axi|                                gmem_out|       pointer|
|m_axi_gmem_out_0_ARSIZE    |  out|    3|       m_axi|                                gmem_out|       pointer|
|m_axi_gmem_out_0_ARBURST   |  out|    2|       m_axi|                                gmem_out|       pointer|
|m_axi_gmem_out_0_ARLOCK    |  out|    2|       m_axi|                                gmem_out|       pointer|
|m_axi_gmem_out_0_ARCACHE   |  out|    4|       m_axi|                                gmem_out|       pointer|
|m_axi_gmem_out_0_ARPROT    |  out|    3|       m_axi|                                gmem_out|       pointer|
|m_axi_gmem_out_0_ARQOS     |  out|    4|       m_axi|                                gmem_out|       pointer|
|m_axi_gmem_out_0_ARREGION  |  out|    4|       m_axi|                                gmem_out|       pointer|
|m_axi_gmem_out_0_ARUSER    |  out|    1|       m_axi|                                gmem_out|       pointer|
|m_axi_gmem_out_0_RVALID    |   in|    1|       m_axi|                                gmem_out|       pointer|
|m_axi_gmem_out_0_RREADY    |  out|    1|       m_axi|                                gmem_out|       pointer|
|m_axi_gmem_out_0_RDATA     |   in|   32|       m_axi|                                gmem_out|       pointer|
|m_axi_gmem_out_0_RLAST     |   in|    1|       m_axi|                                gmem_out|       pointer|
|m_axi_gmem_out_0_RID       |   in|    1|       m_axi|                                gmem_out|       pointer|
|m_axi_gmem_out_0_RFIFONUM  |   in|    9|       m_axi|                                gmem_out|       pointer|
|m_axi_gmem_out_0_RUSER     |   in|    1|       m_axi|                                gmem_out|       pointer|
|m_axi_gmem_out_0_RRESP     |   in|    2|       m_axi|                                gmem_out|       pointer|
|m_axi_gmem_out_0_BVALID    |   in|    1|       m_axi|                                gmem_out|       pointer|
|m_axi_gmem_out_0_BREADY    |  out|    1|       m_axi|                                gmem_out|       pointer|
|m_axi_gmem_out_0_BRESP     |   in|    2|       m_axi|                                gmem_out|       pointer|
|m_axi_gmem_out_0_BID       |   in|    1|       m_axi|                                gmem_out|       pointer|
|m_axi_gmem_out_0_BUSER     |   in|    1|       m_axi|                                gmem_out|       pointer|
|add_ln25_1                 |   in|   32|     ap_none|                              add_ln25_1|        scalar|
|sext_ln40                  |   in|   62|     ap_none|                               sext_ln40|        scalar|
|rij_buffer_0_address0      |  out|    8|   ap_memory|                            rij_buffer_0|         array|
|rij_buffer_0_ce0           |  out|    1|   ap_memory|                            rij_buffer_0|         array|
|rij_buffer_0_q0            |   in|   24|   ap_memory|                            rij_buffer_0|         array|
|rij_buffer_0_address1      |  out|    8|   ap_memory|                            rij_buffer_0|         array|
|rij_buffer_0_ce1           |  out|    1|   ap_memory|                            rij_buffer_0|         array|
|rij_buffer_0_q1            |   in|   24|   ap_memory|                            rij_buffer_0|         array|
|rij_buffer_1_address0      |  out|    8|   ap_memory|                            rij_buffer_1|         array|
|rij_buffer_1_ce0           |  out|    1|   ap_memory|                            rij_buffer_1|         array|
|rij_buffer_1_q0            |   in|   24|   ap_memory|                            rij_buffer_1|         array|
|rij_buffer_1_address1      |  out|    8|   ap_memory|                            rij_buffer_1|         array|
|rij_buffer_1_ce1           |  out|    1|   ap_memory|                            rij_buffer_1|         array|
|rij_buffer_1_q1            |   in|   24|   ap_memory|                            rij_buffer_1|         array|
|mode                       |   in|   32|     ap_none|                                    mode|        scalar|
+---------------------------+-----+-----+------------+----------------------------------------+--------------+

