

================================================================
== Vitis HLS Report for 'apply_hardware_pooling_Pipeline_Read_Rij1'
================================================================
* Date:           Sat May 23 04:06:59 2026

* Version:        2025.2 (Build 6295257 on Nov 14 2025)
* Project:        Pooling_HLS
* Solution:       hls (Vivado IP Flow Target)
* Product family: zynq
* Target device:  xc7z020-clg400-1


================================================================
== Performance Estimates
================================================================
+ Timing: 
    * Summary: 
    +--------+----------+----------+------------+
    |  Clock |  Target  | Estimated| Uncertainty|
    +--------+----------+----------+------------+
    |ap_clk  |  10.00 ns|  7.300 ns|     2.70 ns|
    +--------+----------+----------+------------+

+ Latency: 
    * Summary: 
    +---------+---------+-----------+----------+-----+-----+-------------------+
    |  Latency (cycles) |  Latency (absolute)  |  Interval |      Pipeline     |
    |   min   |   max   |    min    |    max   | min | max |        Type       |
    +---------+---------+-----------+----------+-----+-----+-------------------+
    |        4|      514|  40.000 ns|  5.140 us|    0|    0|  loop pipeline stp|
    +---------+---------+-----------+----------+-----+-----+-------------------+

    + Detail: 
        * Instance: 
        N/A

        * Loop: 
        +-------------+---------+---------+----------+-----------+-----------+---------+----------+
        |             |  Latency (cycles) | Iteration|  Initiation Interval  |   Trip  |          |
        |  Loop Name  |   min   |   max   |  Latency |  achieved |   target  |  Count  | Pipelined|
        +-------------+---------+---------+----------+-----------+-----------+---------+----------+
        |- Read_Rij1  |        2|      512|         3|          1|          1|  1 ~ 511|       yes|
        +-------------+---------+---------+----------+-----------+-----------+---------+----------+



================================================================
== Utilization Estimates
================================================================
* Summary: 
+-----------------+---------+-----+--------+-------+-----+
|       Name      | BRAM_18K| DSP |   FF   |  LUT  | URAM|
+-----------------+---------+-----+--------+-------+-----+
|DSP              |        -|    -|       -|      -|    -|
|Expression       |        -|    -|       0|     56|    -|
|FIFO             |        -|    -|       -|      -|    -|
|Instance         |        -|    -|       -|      -|    -|
|Memory           |        -|    -|       -|      -|    -|
|Multiplexer      |        -|    -|       0|     45|    -|
|Register         |        -|    -|      57|      -|    -|
+-----------------+---------+-----+--------+-------+-----+
|Total            |        0|    0|      57|    101|    0|
+-----------------+---------+-----+--------+-------+-----+
|Available        |      280|  220|  106400|  53200|    0|
+-----------------+---------+-----+--------+-------+-----+
|Utilization (%)  |        0|    0|      ~0|     ~0|    0|
+-----------------+---------+-----+--------+-------+-----+

+ Detail: 
    * Instance: 
    N/A

    * DSP: 
    N/A

    * Memory: 
    N/A

    * FIFO: 
    N/A

    * Expression: 
    +---------------------------+----------+----+---+----+------------+------------+
    |       Variable Name       | Operation| DSP| FF| LUT| Bitwidth P0| Bitwidth P1|
    +---------------------------+----------+----+---+----+------------+------------+
    |add_ln32_fu_110_p2         |         +|   0|  0|  14|           9|           1|
    |ap_block_pp0_stage0_11001  |       and|   0|  0|   2|           1|           1|
    |icmp_ln32_fu_104_p2        |      icmp|   0|  0|  38|          31|          31|
    |ap_enable_pp0              |       xor|   0|  0|   2|           1|           2|
    +---------------------------+----------+----+---+----+------------+------------+
    |Total                      |          |   0|  0|  56|          42|          35|
    +---------------------------+----------+----+---+----+------------+------------+

    * Multiplexer: 
    +-------------------------+----+-----------+-----+-----------+
    |           Name          | LUT| Input Size| Bits| Total Bits|
    +-------------------------+----+-----------+-----+-----------+
    |ap_done_int              |   9|          2|    1|          2|
    |ap_enable_reg_pp0_iter1  |   9|          2|    1|          2|
    |ap_sig_allocacmp_x_1     |   9|          2|    9|         18|
    |gmem_in_blk_n_R          |   9|          2|    1|          2|
    |x_fu_54                  |   9|          2|    9|         18|
    +-------------------------+----+-----------+-----+-----------+
    |Total                    |  45|         10|   21|         42|
    +-------------------------+----+-----------+-----+-----------+

    * Register: 
    +-------------------------------------------+----+----+-----+-----------+
    |                    Name                   | FF | LUT| Bits| Const Bits|
    +-------------------------------------------+----+----+-----+-----------+
    |ap_CS_fsm                                  |   1|   0|    1|          0|
    |ap_block_pp0_stage0_subdone_grp0_done_reg  |   1|   0|    1|          0|
    |ap_done_reg                                |   1|   0|    1|          0|
    |ap_enable_reg_pp0_iter1                    |   1|   0|    1|          0|
    |ap_enable_reg_pp0_iter2                    |   1|   0|    1|          0|
    |ap_loop_exit_ready_pp0_iter1_reg           |   1|   0|    1|          0|
    |trunc_ln34_reg_156                         |  24|   0|   24|          0|
    |x_1_reg_147                                |   9|   0|    9|          0|
    |x_1_reg_147_pp0_iter1_reg                  |   9|   0|    9|          0|
    |x_fu_54                                    |   9|   0|    9|          0|
    +-------------------------------------------+----+----+-----+-----------+
    |Total                                      |  57|   0|   57|          0|
    +-------------------------------------------+----+----+-----+-----------+



================================================================
== Interface
================================================================
* Summary: 
+--------------------------+-----+-----+------------+-------------------------------------------+--------------+
|         RTL Ports        | Dir | Bits|  Protocol  |               Source Object               |    C Type    |
+--------------------------+-----+-----+------------+-------------------------------------------+--------------+
|ap_clk                    |   in|    1|  ap_ctrl_hs|  apply_hardware_pooling_Pipeline_Read_Rij1|  return value|
|ap_rst                    |   in|    1|  ap_ctrl_hs|  apply_hardware_pooling_Pipeline_Read_Rij1|  return value|
|ap_start                  |   in|    1|  ap_ctrl_hs|  apply_hardware_pooling_Pipeline_Read_Rij1|  return value|
|ap_done                   |  out|    1|  ap_ctrl_hs|  apply_hardware_pooling_Pipeline_Read_Rij1|  return value|
|ap_idle                   |  out|    1|  ap_ctrl_hs|  apply_hardware_pooling_Pipeline_Read_Rij1|  return value|
|ap_ready                  |  out|    1|  ap_ctrl_hs|  apply_hardware_pooling_Pipeline_Read_Rij1|  return value|
|m_axi_gmem_in_0_AWVALID   |  out|    1|       m_axi|                                    gmem_in|       pointer|
|m_axi_gmem_in_0_AWREADY   |   in|    1|       m_axi|                                    gmem_in|       pointer|
|m_axi_gmem_in_0_AWADDR    |  out|   64|       m_axi|                                    gmem_in|       pointer|
|m_axi_gmem_in_0_AWID      |  out|    1|       m_axi|                                    gmem_in|       pointer|
|m_axi_gmem_in_0_AWLEN     |  out|   32|       m_axi|                                    gmem_in|       pointer|
|m_axi_gmem_in_0_AWSIZE    |  out|    3|       m_axi|                                    gmem_in|       pointer|
|m_axi_gmem_in_0_AWBURST   |  out|    2|       m_axi|                                    gmem_in|       pointer|
|m_axi_gmem_in_0_AWLOCK    |  out|    2|       m_axi|                                    gmem_in|       pointer|
|m_axi_gmem_in_0_AWCACHE   |  out|    4|       m_axi|                                    gmem_in|       pointer|
|m_axi_gmem_in_0_AWPROT    |  out|    3|       m_axi|                                    gmem_in|       pointer|
|m_axi_gmem_in_0_AWQOS     |  out|    4|       m_axi|                                    gmem_in|       pointer|
|m_axi_gmem_in_0_AWREGION  |  out|    4|       m_axi|                                    gmem_in|       pointer|
|m_axi_gmem_in_0_AWUSER    |  out|    1|       m_axi|                                    gmem_in|       pointer|
|m_axi_gmem_in_0_WVALID    |  out|    1|       m_axi|                                    gmem_in|       pointer|
|m_axi_gmem_in_0_WREADY    |   in|    1|       m_axi|                                    gmem_in|       pointer|
|m_axi_gmem_in_0_WDATA     |  out|   32|       m_axi|                                    gmem_in|       pointer|
|m_axi_gmem_in_0_WSTRB     |  out|    4|       m_axi|                                    gmem_in|       pointer|
|m_axi_gmem_in_0_WLAST     |  out|    1|       m_axi|                                    gmem_in|       pointer|
|m_axi_gmem_in_0_WID       |  out|    1|       m_axi|                                    gmem_in|       pointer|
|m_axi_gmem_in_0_WUSER     |  out|    1|       m_axi|                                    gmem_in|       pointer|
|m_axi_gmem_in_0_ARVALID   |  out|    1|       m_axi|                                    gmem_in|       pointer|
|m_axi_gmem_in_0_ARREADY   |   in|    1|       m_axi|                                    gmem_in|       pointer|
|m_axi_gmem_in_0_ARADDR    |  out|   64|       m_axi|                                    gmem_in|       pointer|
|m_axi_gmem_in_0_ARID      |  out|    1|       m_axi|                                    gmem_in|       pointer|
|m_axi_gmem_in_0_ARLEN     |  out|   32|       m_axi|                                    gmem_in|       pointer|
|m_axi_gmem_in_0_ARSIZE    |  out|    3|       m_axi|                                    gmem_in|       pointer|
|m_axi_gmem_in_0_ARBURST   |  out|    2|       m_axi|                                    gmem_in|       pointer|
|m_axi_gmem_in_0_ARLOCK    |  out|    2|       m_axi|                                    gmem_in|       pointer|
|m_axi_gmem_in_0_ARCACHE   |  out|    4|       m_axi|                                    gmem_in|       pointer|
|m_axi_gmem_in_0_ARPROT    |  out|    3|       m_axi|                                    gmem_in|       pointer|
|m_axi_gmem_in_0_ARQOS     |  out|    4|       m_axi|                                    gmem_in|       pointer|
|m_axi_gmem_in_0_ARREGION  |  out|    4|       m_axi|                                    gmem_in|       pointer|
|m_axi_gmem_in_0_ARUSER    |  out|    1|       m_axi|                                    gmem_in|       pointer|
|m_axi_gmem_in_0_RVALID    |   in|    1|       m_axi|                                    gmem_in|       pointer|
|m_axi_gmem_in_0_RREADY    |  out|    1|       m_axi|                                    gmem_in|       pointer|
|m_axi_gmem_in_0_RDATA     |   in|   32|       m_axi|                                    gmem_in|       pointer|
|m_axi_gmem_in_0_RLAST     |   in|    1|       m_axi|                                    gmem_in|       pointer|
|m_axi_gmem_in_0_RID       |   in|    1|       m_axi|                                    gmem_in|       pointer|
|m_axi_gmem_in_0_RFIFONUM  |   in|    9|       m_axi|                                    gmem_in|       pointer|
|m_axi_gmem_in_0_RUSER     |   in|    1|       m_axi|                                    gmem_in|       pointer|
|m_axi_gmem_in_0_RRESP     |   in|    2|       m_axi|                                    gmem_in|       pointer|
|m_axi_gmem_in_0_BVALID    |   in|    1|       m_axi|                                    gmem_in|       pointer|
|m_axi_gmem_in_0_BREADY    |  out|    1|       m_axi|                                    gmem_in|       pointer|
|m_axi_gmem_in_0_BRESP     |   in|    2|       m_axi|                                    gmem_in|       pointer|
|m_axi_gmem_in_0_BID       |   in|    1|       m_axi|                                    gmem_in|       pointer|
|m_axi_gmem_in_0_BUSER     |   in|    1|       m_axi|                                    gmem_in|       pointer|
|breedte                   |   in|   31|     ap_none|                                    breedte|        scalar|
|sext_ln32                 |   in|   62|     ap_none|                                  sext_ln32|        scalar|
|rij_buffer_1_address0     |  out|    8|   ap_memory|                               rij_buffer_1|         array|
|rij_buffer_1_ce0          |  out|    1|   ap_memory|                               rij_buffer_1|         array|
|rij_buffer_1_we0          |  out|    1|   ap_memory|                               rij_buffer_1|         array|
|rij_buffer_1_d0           |  out|   24|   ap_memory|                               rij_buffer_1|         array|
+--------------------------+-----+-----+------------+-------------------------------------------+--------------+

