INFO: [COSIM-47] Using XSIM for RTL simulation.
INFO: [COSIM-14] Instrumenting C test bench ...
   Build using "C:/AMDDesignTools/2025.2/Vitis/win64/tools/clang-16/bin/clang++"
   Compiling apatb_vitis_convolution.cpp
   Compiling vitis_convolution.cpp_pre.cpp.tb.cpp
   Compiling vitis_convolution_tb.cpp_pre.cpp.tb.cpp
   Compiling apatb_vitis_convolution_ir.ll
   Generating cosim.tv.exe
INFO: [COSIM-302] Starting C TB testing ... 
INFO: [COSIM-333] Generating C post check test bench ...
INFO: [COSIM-12] Generating RTL test bench ...
INFO: [COSIM-1] *** C/RTL co-simulation file generation completed. ***
INFO: [COSIM-323] Starting verilog simulation. 
INFO: [COSIM-15] Starting XSIM ...
INFO: [COSIM-316] Starting C post checking ...
--- Start C-Simulatie voor 2D Convolutie ---
--- Start C-Simulatie voor 2D Convolutie ---
C-Simulatie succesvol afgerond!

C:\2EAI-HAC-2526-TaskHLS-bj-mk-tm\2D_Convolutie\2D_Convolutie\hls\sim\verilog>set PATH= 

C:\2EAI-HAC-2526-TaskHLS-bj-mk-tm\2D_Convolutie\2D_Convolutie\hls\sim\verilog>call C:/AMDDesignTools/2025.2/Vivado/bin/xelab xil_defaultlib.apatb_vitis_convolution_top xil_defaultlib.glbl -Oenable_linking_all_libraries -prj vitis_convolution.prj -L smartconnect_v1_0 -L axi_protocol_checker_v1_1_12 -L axi_protocol_checker_v1_1_13 -L axis_protocol_checker_v1_1_11 -L axis_protocol_checker_v1_1_12 -L xil_defaultlib -L unisims_ver -L xpm  -L floating_point_v7_1_21 -L floating_point_v7_0_26 --lib "ieee_proposed=./ieee_proposed" -L uvm -relax -i ./svr -i ./axivip -i ./svtb -i ./file_agent -i ./vitis_convolution_subsystem  -s vitis_convolution  
Vivado Simulator v2025.2
Copyright 1986-2022 Xilinx, Inc. All Rights Reserved.
Copyright 2022-2025 Advanced Micro Devices, Inc. All Rights Reserved.
Running: C:/AMDDesignTools/2025.2/Vivado/bin/unwrapped/win64.o/xelab.exe xil_defaultlib.apatb_vitis_convolution_top xil_defaultlib.glbl -Oenable_linking_all_libraries -prj vitis_convolution.prj -L smartconnect_v1_0 -L axi_protocol_checker_v1_1_12 -L axi_protocol_checker_v1_1_13 -L axis_protocol_checker_v1_1_11 -L axis_protocol_checker_v1_1_12 -L xil_defaultlib -L unisims_ver -L xpm -L floating_point_v7_1_21 -L floating_point_v7_0_26 --lib ieee_proposed=./ieee_proposed -L uvm -relax -i ./svr -i ./axivip -i ./svtb -i ./file_agent -i ./vitis_convolution_subsystem -s vitis_convolution 
Multi-threading is on. Using 12 slave threads.
INFO: [VRFC 10-2263] Analyzing SystemVerilog file "C:/2EAI-HAC-2526-TaskHLS-bj-mk-tm/2D_Convolutie/2D_Convolutie/hls/sim/verilog/glbl.v" into library xil_defaultlib
INFO: [VRFC 10-311] analyzing module glbl
INFO: [VRFC 10-2263] Analyzing SystemVerilog file "C:/2EAI-HAC-2526-TaskHLS-bj-mk-tm/2D_Convolutie/2D_Convolutie/hls/sim/verilog/vitis_convolution.autotb.v" into library xil_defaultlib
INFO: [VRFC 10-311] analyzing module apatb_vitis_convolution_top
INFO: [VRFC 10-2263] Analyzing SystemVerilog file "C:/2EAI-HAC-2526-TaskHLS-bj-mk-tm/2D_Convolutie/2D_Convolutie/hls/sim/verilog/vitis_convolution.v" into library xil_defaultlib
INFO: [VRFC 10-311] analyzing module vitis_convolution
INFO: [VRFC 10-2263] Analyzing SystemVerilog file "C:/2EAI-HAC-2526-TaskHLS-bj-mk-tm/2D_Convolutie/2D_Convolutie/hls/sim/verilog/vitis_convolution_control_r_s_axi.v" into library xil_defaultlib
INFO: [VRFC 10-311] analyzing module vitis_convolution_control_r_s_axi
INFO: [VRFC 10-2263] Analyzing SystemVerilog file "C:/2EAI-HAC-2526-TaskHLS-bj-mk-tm/2D_Convolutie/2D_Convolutie/hls/sim/verilog/vitis_convolution_control_s_axi.v" into library xil_defaultlib
INFO: [VRFC 10-311] analyzing module vitis_convolution_control_s_axi
INFO: [VRFC 10-311] analyzing module vitis_convolution_control_s_axi_ram
INFO: [VRFC 10-2263] Analyzing SystemVerilog file "C:/2EAI-HAC-2526-TaskHLS-bj-mk-tm/2D_Convolutie/2D_Convolutie/hls/sim/verilog/vitis_convolution_flow_control_loop_pipe_sequential_init.v" into library xil_defaultlib
INFO: [VRFC 10-311] analyzing module vitis_convolution_flow_control_loop_pipe_sequential_init
INFO: [VRFC 10-2263] Analyzing SystemVerilog file "C:/2EAI-HAC-2526-TaskHLS-bj-mk-tm/2D_Convolutie/2D_Convolutie/hls/sim/verilog/vitis_convolution_gmem_in_m_axi.v" into library xil_defaultlib
INFO: [VRFC 10-311] analyzing module vitis_convolution_gmem_in_m_axi
INFO: [VRFC 10-311] analyzing module vitis_convolution_gmem_in_m_axi_load
INFO: [VRFC 10-311] analyzing module vitis_convolution_gmem_in_m_axi_read
INFO: [VRFC 10-311] analyzing module vitis_convolution_gmem_in_m_axi_burst_converter
INFO: [VRFC 10-311] analyzing module vitis_convolution_gmem_in_m_axi_burst_interleave
INFO: [VRFC 10-311] analyzing module vitis_convolution_gmem_in_m_axi_burst_sequential
INFO: [VRFC 10-311] analyzing module vitis_convolution_gmem_in_m_axi_reg_slice
INFO: [VRFC 10-311] analyzing module vitis_convolution_gmem_in_m_axi_fifo
INFO: [VRFC 10-311] analyzing module vitis_convolution_gmem_in_m_axi_srl
INFO: [VRFC 10-311] analyzing module vitis_convolution_gmem_in_m_axi_mem
INFO: [VRFC 10-2263] Analyzing SystemVerilog file "C:/2EAI-HAC-2526-TaskHLS-bj-mk-tm/2D_Convolutie/2D_Convolutie/hls/sim/verilog/vitis_convolution_gmem_out_m_axi.v" into library xil_defaultlib
INFO: [VRFC 10-311] analyzing module vitis_convolution_gmem_out_m_axi
INFO: [VRFC 10-311] analyzing module vitis_convolution_gmem_out_m_axi_store
INFO: [VRFC 10-311] analyzing module vitis_convolution_gmem_out_m_axi_write
INFO: [VRFC 10-311] analyzing module vitis_convolution_gmem_out_m_axi_burst_converter
INFO: [VRFC 10-311] analyzing module vitis_convolution_gmem_out_m_axi_burst_interleave
INFO: [VRFC 10-311] analyzing module vitis_convolution_gmem_out_m_axi_burst_sequential
INFO: [VRFC 10-311] analyzing module vitis_convolution_gmem_out_m_axi_throttle
INFO: [VRFC 10-311] analyzing module vitis_convolution_gmem_out_m_axi_reg_slice
INFO: [VRFC 10-311] analyzing module vitis_convolution_gmem_out_m_axi_fifo
INFO: [VRFC 10-311] analyzing module vitis_convolution_gmem_out_m_axi_srl
INFO: [VRFC 10-311] analyzing module vitis_convolution_gmem_out_m_axi_mem
INFO: [VRFC 10-2263] Analyzing SystemVerilog file "C:/2EAI-HAC-2526-TaskHLS-bj-mk-tm/2D_Convolutie/2D_Convolutie/hls/sim/verilog/vitis_convolution_local_output_RAM_AUTO_1R1W.v" into library xil_defaultlib
INFO: [VRFC 10-311] analyzing module vitis_convolution_local_output_RAM_AUTO_1R1W
INFO: [VRFC 10-2263] Analyzing SystemVerilog file "C:/2EAI-HAC-2526-TaskHLS-bj-mk-tm/2D_Convolutie/2D_Convolutie/hls/sim/verilog/vitis_convolution_mac_muladd_7ns_6ns_7ns_11_4_1.v" into library xil_defaultlib
INFO: [VRFC 10-311] analyzing module vitis_convolution_mac_muladd_7ns_6ns_7ns_11_4_1_DSP48_0
INFO: [VRFC 10-311] analyzing module vitis_convolution_mac_muladd_7ns_6ns_7ns_11_4_1
INFO: [VRFC 10-2263] Analyzing SystemVerilog file "C:/2EAI-HAC-2526-TaskHLS-bj-mk-tm/2D_Convolutie/2D_Convolutie/hls/sim/verilog/vitis_convolution_mac_muladd_8s_8s_8s_8_4_1.v" into library xil_defaultlib
INFO: [VRFC 10-311] analyzing module vitis_convolution_mac_muladd_8s_8s_8s_8_4_1_DSP48_0
INFO: [VRFC 10-311] analyzing module vitis_convolution_mac_muladd_8s_8s_8s_8_4_1
INFO: [VRFC 10-2263] Analyzing SystemVerilog file "C:/2EAI-HAC-2526-TaskHLS-bj-mk-tm/2D_Convolutie/2D_Convolutie/hls/sim/verilog/vitis_convolution_mul_6ns_7ns_11_1_1.v" into library xil_defaultlib
INFO: [VRFC 10-311] analyzing module vitis_convolution_mul_6ns_7ns_11_1_1
INFO: [VRFC 10-2263] Analyzing SystemVerilog file "C:/2EAI-HAC-2526-TaskHLS-bj-mk-tm/2D_Convolutie/2D_Convolutie/hls/sim/verilog/vitis_convolution_mul_7ns_9ns_15_1_1.v" into library xil_defaultlib
INFO: [VRFC 10-311] analyzing module vitis_convolution_mul_7ns_9ns_15_1_1
INFO: [VRFC 10-2263] Analyzing SystemVerilog file "C:/2EAI-HAC-2526-TaskHLS-bj-mk-tm/2D_Convolutie/2D_Convolutie/hls/sim/verilog/vitis_convolution_mul_8ns_10ns_17_1_1.v" into library xil_defaultlib
INFO: [VRFC 10-311] analyzing module vitis_convolution_mul_8ns_10ns_17_1_1
INFO: [VRFC 10-2263] Analyzing SystemVerilog file "C:/2EAI-HAC-2526-TaskHLS-bj-mk-tm/2D_Convolutie/2D_Convolutie/hls/sim/verilog/vitis_convolution_mul_8s_8s_8_1_1.v" into library xil_defaultlib
INFO: [VRFC 10-311] analyzing module vitis_convolution_mul_8s_8s_8_1_1
INFO: [VRFC 10-2263] Analyzing SystemVerilog file "C:/2EAI-HAC-2526-TaskHLS-bj-mk-tm/2D_Convolutie/2D_Convolutie/hls/sim/verilog/vitis_convolution_p_ZZ17vitis_convolutionPVhPVcPA3_cE11local_input_0_0_RAM_AUTO_1R1W.v" into library xil_defaultlib
INFO: [VRFC 10-311] analyzing module vitis_convolution_p_ZZ17vitis_convolutionPVhPVcPA3_cE11local_input_0_0_RAM_AUTO_1R1W
INFO: [VRFC 10-2263] Analyzing SystemVerilog file "C:/2EAI-HAC-2526-TaskHLS-bj-mk-tm/2D_Convolutie/2D_Convolutie/hls/sim/verilog/vitis_convolution_sparsemux_7_2_8_1_1.v" into library xil_defaultlib
INFO: [VRFC 10-311] analyzing module vitis_convolution_sparsemux_7_2_8_1_1
INFO: [VRFC 10-2263] Analyzing SystemVerilog file "C:/2EAI-HAC-2526-TaskHLS-bj-mk-tm/2D_Convolutie/2D_Convolutie/hls/sim/verilog/vitis_convolution_urem_7ns_3ns_2_11_1.v" into library xil_defaultlib
INFO: [VRFC 10-311] analyzing module vitis_convolution_urem_7ns_3ns_2_11_1_divider
INFO: [VRFC 10-311] analyzing module vitis_convolution_urem_7ns_3ns_2_11_1
INFO: [VRFC 10-2263] Analyzing SystemVerilog file "C:/2EAI-HAC-2526-TaskHLS-bj-mk-tm/2D_Convolutie/2D_Convolutie/hls/sim/verilog/vitis_convolution_urem_8ns_3ns_2_12_1.v" into library xil_defaultlib
INFO: [VRFC 10-311] analyzing module vitis_convolution_urem_8ns_3ns_2_12_1_divider
INFO: [VRFC 10-311] analyzing module vitis_convolution_urem_8ns_3ns_2_12_1
INFO: [VRFC 10-2263] Analyzing SystemVerilog file "C:/2EAI-HAC-2526-TaskHLS-bj-mk-tm/2D_Convolutie/2D_Convolutie/hls/sim/verilog/vitis_convolution_vitis_convolution_Pipeline_Conv_Rows_Conv_Cols.v" into library xil_defaultlib
INFO: [VRFC 10-311] analyzing module vitis_convolution_vitis_convolution_Pipeline_Conv_Rows_Conv_Cols
INFO: [VRFC 10-2263] Analyzing SystemVerilog file "C:/2EAI-HAC-2526-TaskHLS-bj-mk-tm/2D_Convolutie/2D_Convolutie/hls/sim/verilog/vitis_convolution_vitis_convolution_Pipeline_Read_Rows_Read_Cols.v" into library xil_defaultlib
INFO: [VRFC 10-311] analyzing module vitis_convolution_vitis_convolution_Pipeline_Read_Rows_Read_Cols
INFO: [VRFC 10-2263] Analyzing SystemVerilog file "C:/2EAI-HAC-2526-TaskHLS-bj-mk-tm/2D_Convolutie/2D_Convolutie/hls/sim/verilog/vitis_convolution_vitis_convolution_Pipeline_Write_Rows_Write_Cols.v" into library xil_defaultlib
INFO: [VRFC 10-311] analyzing module vitis_convolution_vitis_convolution_Pipeline_Write_Rows_Write_Cols
INFO: [VRFC 10-2263] Analyzing SystemVerilog file "C:/2EAI-HAC-2526-TaskHLS-bj-mk-tm/2D_Convolutie/2D_Convolutie/hls/sim/verilog/dataflow_monitor.sv" into library xil_defaultlib
INFO: [VRFC 10-311] analyzing module dataflow_monitor
INFO: [VRFC 10-2263] Analyzing SystemVerilog file "C:/2EAI-HAC-2526-TaskHLS-bj-mk-tm/2D_Convolutie/2D_Convolutie/hls/sim/verilog/file_agent/file_agent_pkg.sv" into library xil_defaultlib
INFO: [VRFC 10-2263] Analyzing SystemVerilog file "C:/2EAI-HAC-2526-TaskHLS-bj-mk-tm/2D_Convolutie/2D_Convolutie/hls/sim/verilog/axivip/axi_pkg.sv" into library xil_defaultlib
INFO: [VRFC 10-2263] Analyzing SystemVerilog file "C:/2EAI-HAC-2526-TaskHLS-bj-mk-tm/2D_Convolutie/2D_Convolutie/hls/sim/verilog/axivip/axi_if.sv" into library xil_defaultlib
INFO: [VRFC 10-2263] Analyzing SystemVerilog file "C:/2EAI-HAC-2526-TaskHLS-bj-mk-tm/2D_Convolutie/2D_Convolutie/hls/sim/verilog/vitis_convolution_subsystem/vitis_convolution_subsystem_pkg.sv" into library xil_defaultlib
INFO: [VRFC 10-2263] Analyzing SystemVerilog file "C:/2EAI-HAC-2526-TaskHLS-bj-mk-tm/2D_Convolutie/2D_Convolutie/hls/sim/verilog/svtb/misc_interface.sv" into library xil_defaultlib
INFO: [VRFC 10-2263] Analyzing SystemVerilog file "C:/2EAI-HAC-2526-TaskHLS-bj-mk-tm/2D_Convolutie/2D_Convolutie/hls/sim/verilog/svtb/sv_module_top.sv" into library xil_defaultlib
INFO: [VRFC 10-311] analyzing module sv_module_top
Starting static elaboration
Pass Through NonSizing Optimizer
WARNING: [VRFC 10-3091] actual bit length 8 differs from formal bit length 32 for port 'd0' [C:/2EAI-HAC-2526-TaskHLS-bj-mk-tm/2D_Convolutie/2D_Convolutie/hls/sim/verilog/vitis_convolution_control_s_axi.v:146]
Completed static elaboration
Starting simulation data flow analysis
WARNING: [XSIM 43-4099] "/proj/primebuilds/9999.0_PRIME_0428_0031/installs/data/system_verilog/uvm_1.2/xlnx_uvm_package.sv" Line 4356. Module uvm_pkg doesn't have a timescale but at least one module in design has a timescale.
Completed simulation data flow analysis
Time Resolution for simulation is 1ps
Compiling package xil_defaultlib.$unit_sv_module_top_sv
Compiling package uvm.uvm_pkg
Compiling package std.std
Compiling package xil_defaultlib.axi_pkg
Compiling package xil_defaultlib.vitis_convolution_subsystem_pkg
Compiling package xil_defaultlib.file_agent_pkg
Compiling package xil_defaultlib.$unit_dataflow_monitor_sv
Compiling module xil_defaultlib.vitis_convolution_p_ZZ17vitis_co...
Compiling module xil_defaultlib.vitis_convolution_local_output_R...
Compiling module xil_defaultlib.vitis_convolution_mul_8ns_10ns_1...
Compiling module xil_defaultlib.vitis_convolution_urem_8ns_3ns_2...
Compiling module xil_defaultlib.vitis_convolution_urem_8ns_3ns_2...
Compiling module xil_defaultlib.vitis_convolution_mac_muladd_7ns...
Compiling module xil_defaultlib.vitis_convolution_mac_muladd_7ns...
Compiling module xil_defaultlib.vitis_convolution_flow_control_l...
Compiling module xil_defaultlib.vitis_convolution_vitis_convolut...
Compiling module xil_defaultlib.vitis_convolution_sparsemux_7_2_...
Compiling module xil_defaultlib.vitis_convolution_urem_7ns_3ns_2...
Compiling module xil_defaultlib.vitis_convolution_urem_7ns_3ns_2...
Compiling module xil_defaultlib.vitis_convolution_mul_7ns_9ns_15...
Compiling module xil_defaultlib.vitis_convolution_mul_6ns_7ns_11...
Compiling module xil_defaultlib.vitis_convolution_mul_8s_8s_8_1_...
Compiling module xil_defaultlib.vitis_convolution_mac_muladd_8s_...
Compiling module xil_defaultlib.vitis_convolution_mac_muladd_8s_...
Compiling module xil_defaultlib.vitis_convolution_vitis_convolut...
Compiling module xil_defaultlib.vitis_convolution_vitis_convolut...
Compiling module xil_defaultlib.vitis_convolution_control_s_axi_...
Compiling module xil_defaultlib.vitis_convolution_control_s_axi
Compiling module xil_defaultlib.vitis_convolution_control_r_s_ax...
Compiling module xil_defaultlib.vitis_convolution_gmem_in_m_axi_...
Compiling module xil_defaultlib.vitis_convolution_gmem_in_m_axi_...
Compiling module xil_defaultlib.vitis_convolution_gmem_in_m_axi_...
Compiling module xil_defaultlib.vitis_convolution_gmem_in_m_axi_...
Compiling module xil_defaultlib.vitis_convolution_gmem_in_m_axi_...
Compiling module xil_defaultlib.vitis_convolution_gmem_in_m_axi_...
Compiling module xil_defaultlib.vitis_convolution_gmem_in_m_axi_...
Compiling module xil_defaultlib.vitis_convolution_gmem_in_m_axi_...
Compiling module xil_defaultlib.vitis_convolution_gmem_in_m_axi_...
Compiling module xil_defaultlib.vitis_convolution_gmem_in_m_axi_...
Compiling module xil_defaultlib.vitis_convolution_gmem_in_m_axi_...
Compiling module xil_defaultlib.vitis_convolution_gmem_in_m_axi_...
Compiling module xil_defaultlib.vitis_convolution_gmem_in_m_axi_...
Compiling module xil_defaultlib.vitis_convolution_gmem_in_m_axi_...
Compiling module xil_defaultlib.vitis_convolution_gmem_in_m_axi(...
Compiling module xil_defaultlib.vitis_convolution_gmem_out_m_axi...
Compiling module xil_defaultlib.vitis_convolution_gmem_out_m_axi...
Compiling module xil_defaultlib.vitis_convolution_gmem_out_m_axi...
Compiling module xil_defaultlib.vitis_convolution_gmem_out_m_axi...
Compiling module xil_defaultlib.vitis_convolution_gmem_out_m_axi...
Compiling module xil_defaultlib.vitis_convolution_gmem_out_m_axi...
Compiling module xil_defaultlib.vitis_convolution_gmem_out_m_axi...
Compiling module xil_defaultlib.vitis_convolution_gmem_out_m_axi...
Compiling module xil_defaultlib.vitis_convolution_gmem_out_m_axi...
Compiling module xil_defaultlib.vitis_convolution_gmem_out_m_axi...
Compiling module xil_defaultlib.vitis_convolution_gmem_out_m_axi...
Compiling module xil_defaultlib.vitis_convolution_gmem_out_m_axi...
Compiling module xil_defaultlib.vitis_convolution_gmem_out_m_axi...
Compiling module xil_defaultlib.vitis_convolution_gmem_out_m_axi...
Compiling module xil_defaultlib.vitis_convolution_gmem_out_m_axi...
Compiling module xil_defaultlib.vitis_convolution_gmem_out_m_axi...
Compiling module xil_defaultlib.vitis_convolution_gmem_out_m_axi...
Compiling module xil_defaultlib.vitis_convolution_gmem_out_m_axi...
Compiling module xil_defaultlib.vitis_convolution_gmem_out_m_axi...
Compiling module xil_defaultlib.vitis_convolution_gmem_out_m_axi...
Compiling module xil_defaultlib.vitis_convolution_gmem_out_m_axi...
Compiling module xil_defaultlib.vitis_convolution_gmem_out_m_axi...
Compiling module xil_defaultlib.vitis_convolution_gmem_out_m_axi...
Compiling module xil_defaultlib.vitis_convolution_gmem_out_m_axi...
Compiling module xil_defaultlib.vitis_convolution_gmem_out_m_axi...
Compiling module xil_defaultlib.vitis_convolution
Compiling module xil_defaultlib.misc_interface_default
Compiling module xil_defaultlib.axi_if(ADDR_WIDTH=64,STRB_WIDTH=...
Compiling module xil_defaultlib.axi_if(ADDR_WIDTH=6,STRB_WIDTH=4...
Compiling module xil_defaultlib.axi_if(ADDR_WIDTH=5,STRB_WIDTH=4...
Compiling module xil_defaultlib.sv_module_top
Compiling module xil_defaultlib.nodf_module_intf_default
Compiling module xil_defaultlib.upc_loop_intf(FSM_WIDTH=1)
Compiling module xil_defaultlib.dataflow_monitor_1
Compiling module xil_defaultlib.apatb_vitis_convolution_top
Compiling module xil_defaultlib.glbl
Built simulation snapshot vitis_convolution

****** xsim v2025.2 (64-bit)
  **** SW Build 6299465 on Fri Nov 14 19:35:11 GMT 2025
  **** IP Build 6300035 on Fri Nov 14 10:48:45 MST 2025
  **** SharedData Build 6298862 on Thu Nov 13 04:50:51 MST 2025
  **** Start of session at: Wed May 20 13:54:52 2026
    ** Copyright 1986-2022 Xilinx, Inc. All Rights Reserved.
    ** Copyright 2022-2025 Advanced Micro Devices, Inc. All Rights Reserved.

source xsim.dir/vitis_convolution/xsim_script.tcl
# xsim {vitis_convolution} -testplusarg UVM_VERBOSITY=UVM_NONE -testplusarg UVM_TESTNAME=vitis_convolution_test_lib -testplusarg UVM_TIMEOUT=20000000000000 -autoloadwcfg -tclbatch {vitis_convolution.tcl}
Time resolution is 1 ps
source vitis_convolution.tcl
## run all
UVM_INFO C:/AMDDesignTools/2025.2/Vivado/data/system_verilog/uvm_1.2/xlnx_uvm_package.sv(18601) @ 0: reporter [UVM/RELNOTES] 
----------------------------------------------------------------
UVM-1.2
(C) 2007-2014 Mentor Graphics Corporation
(C) 2007-2014 Cadence Design Systems, Inc.
(C) 2006-2014 Synopsys, Inc.
(C) 2011-2013 Cypress Semiconductor Corp.
(C) 2013-2014 NVIDIA Corporation
----------------------------------------------------------------

  ***********       IMPORTANT RELEASE NOTES         ************

  You are using a version of the UVM library that has been compiled
  with `UVM_NO_DEPRECATED undefined.

  You are using a version of the UVM library that has been compiled
  with `UVM_OBJECT_DO_NOT_NEED_CONSTRUCTOR undefined.

      (Specify +UVM_NO_RELNOTES to turn off this notice)

UVM_INFO C:/AMDDesignTools/2025.2/Vivado/data/system_verilog/uvm_1.2/xlnx_uvm_package.sv(18648) @ 0: reporter [NO_DPI_TSTNAME] UVM_NO_DPI defined--getting UVM_TESTNAME directly, without DPI
UVM_INFO C:/AMDDesignTools/2025.2/Vivado/data/system_verilog/uvm_1.2/xlnx_uvm_package.sv(18752) @ 0: reporter [UVMTOP] UVM testbench topology:
-----------------------------------------------------------------------------------------------
Name                               Type                                 Size  Value            
-----------------------------------------------------------------------------------------------
uvm_test_top                       vitis_convolution_test_lib           -     @373             
  top_env                          vitis_convolution_env                -     @384             
    axi_lite_control               uvm_env                              -     @501             
      item_rtr_port                uvm_analysis_port                    -     @520             
      item_wtr_port                uvm_analysis_port                    -     @510             
      master                       uvm_agent                            -     @953             
        ardrv                      uvm_driver #(REQ,RSP)                -     @1628            
          item_read_imp            uvm_analysis_port                    -     @1657            
          rsp_port                 uvm_analysis_port                    -     @1647            
          seq_item_port            uvm_seq_item_pull_port               -     @1637            
          m_num_sent               integral                             32    'h0              
        arsqr                      axi_sequencer                        -     @1667            
          rsp_export               uvm_analysis_export                  -     @1676            
          seq_item_export          uvm_seq_item_pull_imp                -     @1794            
          arbitration_queue        array                                0     -                
          lock_queue               array                                0     -                
          num_last_reqs            integral                             32    'd1              
          num_last_rsps            integral                             32    'd1              
        awdrv                      uvm_driver #(REQ,RSP)                -     @1100            
          item_read_imp            uvm_analysis_port                    -     @1129            
          rsp_port                 uvm_analysis_port                    -     @1119            
          seq_item_port            uvm_seq_item_pull_port               -     @1109            
          m_num_sent               integral                             32    'h0              
        awsqr                      axi_sequencer                        -     @1139            
          rsp_export               uvm_analysis_export                  -     @1148            
          seq_item_export          uvm_seq_item_pull_imp                -     @1266            
          arbitration_queue        array                                0     -                
          lock_queue               array                                0     -                
          num_last_reqs            integral                             32    'd1              
          num_last_rsps            integral                             32    'd1              
        bdrv                       uvm_driver #(REQ,RSP)                -     @1452            
          item_read_imp            uvm_analysis_port                    -     @1481            
          rsp_port                 uvm_analysis_port                    -     @1471            
          seq_item_port            uvm_seq_item_pull_port               -     @1461            
          m_num_sent               integral                             32    'h0              
        bsqr                       axi_sequencer                        -     @1491            
          rsp_export               uvm_analysis_export                  -     @1500            
          seq_item_export          uvm_seq_item_pull_imp                -     @1618            
          arbitration_queue        array                                0     -                
          lock_queue               array                                0     -                
          num_last_reqs            integral                             32    'd1              
          num_last_rsps            integral                             32    'd1              
        rdrv                       uvm_driver #(REQ,RSP)                -     @1804            
          item_read_imp            uvm_analysis_port                    -     @1833            
          rsp_port                 uvm_analysis_port                    -     @1823            
          seq_item_port            uvm_seq_item_pull_port               -     @1813            
          m_num_sent               integral                             32    'h0              
        rsqr                       axi_sequencer                        -     @1843            
          rsp_export               uvm_analysis_export                  -     @1852            
          seq_item_export          uvm_seq_item_pull_imp                -     @1970            
          arbitration_queue        array                                0     -                
          lock_queue               array                                0     -                
          num_last_reqs            integral                             32    'd1              
          num_last_rsps            integral                             32    'd1              
        wdrv                       uvm_driver #(REQ,RSP)                -     @1276            
          item_read_imp            uvm_analysis_port                    -     @1305            
          rsp_port                 uvm_analysis_port                    -     @1295            
          seq_item_port            uvm_seq_item_pull_port               -     @1285            
          m_num_sent               integral                             32    'h0              
        wsqr                       axi_sequencer                        -     @1315            
          rsp_export               uvm_analysis_export                  -     @1324            
          seq_item_export          uvm_seq_item_pull_imp                -     @1442            
          arbitration_queue        array                                0     -                
          lock_queue               array                                0     -                
          num_last_reqs            integral                             32    'd1              
          num_last_rsps            integral                             32    'd1              
      monitor                      uvm_monitor                          -     @775             
        item_ar2r_port             uvm_analysis_port                    -     @844             
        item_ar_port               uvm_analysis_port                    -     @814             
        item_aw2b_port             uvm_analysis_port                    -     @834             
        item_aw_port               uvm_analysis_port                    -     @784             
        item_b_port                uvm_analysis_port                    -     @804             
        item_r_port                uvm_analysis_port                    -     @824             
        item_w_port                uvm_analysis_port                    -     @794             
        checks_enable              integral                             1     'h1              
        coverage_enable            integral                             1     'h1              
      state                        axi_state                            -     @854             
        ar2r_imp                   uvm_analysis_imp_ar2r                -     @923             
        ar_imp                     uvm_analysis_imp_ar                  -     @893             
        aw2b_imp                   uvm_analysis_imp_aw2b                -     @913             
        aw_imp                     uvm_analysis_imp_aw                  -     @863             
        b_imp                      uvm_analysis_imp_b                   -     @883             
        item_rtr_port              uvm_analysis_port                    -     @943             
        item_wtr_port              uvm_analysis_port                    -     @933             
        r_imp                      uvm_analysis_imp_r                   -     @903             
        w_imp                      uvm_analysis_imp_w                   -     @873             
        avg_rate                   integral                             32    'h0              
        exp_rate                   integral                             32    'h0              
        win_size                   integral                             32    'h0              
        bqnum_for_slaseq           integral                             32    'h0              
        rq_from_model_num          integral                             32    'h0              
      vsqr                         axi_virtual_sequencer                -     @962             
        rsp_export                 uvm_analysis_export                  -     @971             
        seq_item_export            uvm_seq_item_pull_imp                -     @1089            
        arbitration_queue          array                                0     -                
        lock_queue                 array                                0     -                
        num_last_reqs              integral                             32    'd1              
        num_last_rsps              integral                             32    'd1              
      cfg                          axi_cfg                              -     @402             
        has_checker                integral                             1     'h1              
        has_coverage               integral                             1     'h1              
        id_num                     integral                             32    'h1              
        reset_level                reset_level_enum                     32    RESET_LEVEL_LOW  
        drv_type                   drv_type_enum                        32    MASTER           
        write_latency_mode         latency_mode_enum                    32    CHANNEL_FIRST    
        read_latency_mode          latency_mode_enum                    32    CHANNEL_FIRST    
        clatency                   axi_latency                          -     @499             
          wr_latency               integral                             32    'h0              
          rd_latency               integral                             32    'h0              
    axi_lite_control_r             uvm_env                              -     @470             
      item_rtr_port                uvm_analysis_port                    -     @489             
      item_wtr_port                uvm_analysis_port                    -     @479             
      master                       uvm_agent                            -     @2231            
        ardrv                      uvm_driver #(REQ,RSP)                -     @2906            
          item_read_imp            uvm_analysis_port                    -     @2935            
          rsp_port                 uvm_analysis_port                    -     @2925            
          seq_item_port            uvm_seq_item_pull_port               -     @2915            
          m_num_sent               integral                             32    'h0              
        arsqr                      axi_sequencer                        -     @2945            
          rsp_export               uvm_analysis_export                  -     @2954            
          seq_item_export          uvm_seq_item_pull_imp                -     @3072            
          arbitration_queue        array                                0     -                
          lock_queue               array                                0     -                
          num_last_reqs            integral                             32    'd1              
          num_last_rsps            integral                             32    'd1              
        awdrv                      uvm_driver #(REQ,RSP)                -     @2378            
          item_read_imp            uvm_analysis_port                    -     @2407            
          rsp_port                 uvm_analysis_port                    -     @2397            
          seq_item_port            uvm_seq_item_pull_port               -     @2387            
          m_num_sent               integral                             32    'h0              
        awsqr                      axi_sequencer                        -     @2417            
          rsp_export               uvm_analysis_export                  -     @2426            
          seq_item_export          uvm_seq_item_pull_imp                -     @2544            
          arbitration_queue        array                                0     -                
          lock_queue               array                                0     -                
          num_last_reqs            integral                             32    'd1              
          num_last_rsps            integral                             32    'd1              
        bdrv                       uvm_driver #(REQ,RSP)                -     @2730            
          item_read_imp            uvm_analysis_port                    -     @2759            
          rsp_port                 uvm_analysis_port                    -     @2749            
          seq_item_port            uvm_seq_item_pull_port               -     @2739            
          m_num_sent               integral                             32    'h0              
        bsqr                       axi_sequencer                        -     @2769            
          rsp_export               uvm_analysis_export                  -     @2778            
          seq_item_export          uvm_seq_item_pull_imp                -     @2896            
          arbitration_queue        array                                0     -                
          lock_queue               array                                0     -                
          num_last_reqs            integral                             32    'd1              
          num_last_rsps            integral                             32    'd1              
        rdrv                       uvm_driver #(REQ,RSP)                -     @3082            
          item_read_imp            uvm_analysis_port                    -     @3111            
          rsp_port                 uvm_analysis_port                    -     @3101            
          seq_item_port            uvm_seq_item_pull_port               -     @3091            
          m_num_sent               integral                             32    'h0              
        rsqr                       axi_sequencer                        -     @3121            
          rsp_export               uvm_analysis_export                  -     @3130            
          seq_item_export          uvm_seq_item_pull_imp                -     @3248            
          arbitration_queue        array                                0     -                
          lock_queue               array                                0     -                
          num_last_reqs            integral                             32    'd1              
          num_last_rsps            integral                             32    'd1              
        wdrv                       uvm_driver #(REQ,RSP)                -     @2554            
          item_read_imp            uvm_analysis_port                    -     @2583            
          rsp_port                 uvm_analysis_port                    -     @2573            
          seq_item_port            uvm_seq_item_pull_port               -     @2563            
          m_num_sent               integral                             32    'h0              
        wsqr                       axi_sequencer                        -     @2593            
          rsp_export               uvm_analysis_export                  -     @2602            
          seq_item_export          uvm_seq_item_pull_imp                -     @2720            
          arbitration_queue        array                                0     -                
          lock_queue               array                                0     -                
          num_last_reqs            integral                             32    'd1              
          num_last_rsps            integral                             32    'd1              
      monitor                      uvm_monitor                          -     @2053            
        item_ar2r_port             uvm_analysis_port                    -     @2122            
        item_ar_port               uvm_analysis_port                    -     @2092            
        item_aw2b_port             uvm_analysis_port                    -     @2112            
        item_aw_port               uvm_analysis_port                    -     @2062            
        item_b_port                uvm_analysis_port                    -     @2082            
        item_r_port                uvm_analysis_port                    -     @2102            
        item_w_port                uvm_analysis_port                    -     @2072            
        checks_enable              integral                             1     'h1              
        coverage_enable            integral                             1     'h1              
      state                        axi_state                            -     @2132            
        ar2r_imp                   uvm_analysis_imp_ar2r                -     @2201            
        ar_imp                     uvm_analysis_imp_ar                  -     @2171            
        aw2b_imp                   uvm_analysis_imp_aw2b                -     @2191            
        aw_imp                     uvm_analysis_imp_aw                  -     @2141            
        b_imp                      uvm_analysis_imp_b                   -     @2161            
        item_rtr_port              uvm_analysis_port                    -     @2221            
        item_wtr_port              uvm_analysis_port                    -     @2211            
        r_imp                      uvm_analysis_imp_r                   -     @2181            
        w_imp                      uvm_analysis_imp_w                   -     @2151            
        avg_rate                   integral                             32    'h0              
        exp_rate                   integral                             32    'h0              
        win_size                   integral                             32    'h0              
        bqnum_for_slaseq           integral                             32    'h0              
        rq_from_model_num          integral                             32    'h0              
      vsqr                         axi_virtual_sequencer                -     @2240            
        rsp_export                 uvm_analysis_export                  -     @2249            
        seq_item_export            uvm_seq_item_pull_imp                -     @2367            
        arbitration_queue          array                                0     -                
        lock_queue                 array                                0     -                
        num_last_reqs              integral                             32    'd1              
        num_last_rsps              integral                             32    'd1              
      cfg                          axi_cfg                              -     @402             
        has_checker                integral                             1     'h1              
        has_coverage               integral                             1     'h1              
        id_num                     integral                             32    'h1              
        reset_level                reset_level_enum                     32    RESET_LEVEL_LOW  
        drv_type                   drv_type_enum                        32    MASTER           
        write_latency_mode         latency_mode_enum                    32    CHANNEL_FIRST    
        read_latency_mode          latency_mode_enum                    32    CHANNEL_FIRST    
        clatency                   axi_latency                          -     @499             
          wr_latency               integral                             32    'h0              
          rd_latency               integral                             32    'h0              
    axi_master_gmem_in             uvm_env                              -     @408             
      item_rtr_port                uvm_analysis_port                    -     @427             
      item_wtr_port                uvm_analysis_port                    -     @417             
      monitor                      uvm_monitor                          -     @3331            
        item_ar2r_port             uvm_analysis_port                    -     @3400            
        item_ar_port               uvm_analysis_port                    -     @3370            
        item_aw2b_port             uvm_analysis_port                    -     @3390            
        item_aw_port               uvm_analysis_port                    -     @3340            
        item_b_port                uvm_analysis_port                    -     @3360            
        item_r_port                uvm_analysis_port                    -     @3380            
        item_w_port                uvm_analysis_port                    -     @3350            
        checks_enable              integral                             1     'h1              
        coverage_enable            integral                             1     'h1              
      slave                        uvm_agent                            -     @3509            
        ardrv                      uvm_driver #(REQ,RSP)                -     @4186            
          item_read_imp            uvm_analysis_port                    -     @4215            
          rsp_port                 uvm_analysis_port                    -     @4205            
          seq_item_port            uvm_seq_item_pull_port               -     @4195            
          m_num_sent               integral                             32    'h0              
        arsqr                      axi_sequencer                        -     @4225            
          rsp_export               uvm_analysis_export                  -     @4234            
          seq_item_export          uvm_seq_item_pull_imp                -     @4352            
          arbitration_queue        array                                0     -                
          lock_queue               array                                0     -                
          num_last_reqs            integral                             32    'd1              
          num_last_rsps            integral                             32    'd1              
        awdrv                      uvm_driver #(REQ,RSP)                -     @3658            
          item_read_imp            uvm_analysis_port                    -     @3687            
          rsp_port                 uvm_analysis_port                    -     @3677            
          seq_item_port            uvm_seq_item_pull_port               -     @3667            
          m_num_sent               integral                             32    'h0              
        awsqr                      axi_sequencer                        -     @3697            
          rsp_export               uvm_analysis_export                  -     @3706            
          seq_item_export          uvm_seq_item_pull_imp                -     @3824            
          arbitration_queue        array                                0     -                
          lock_queue               array                                0     -                
          num_last_reqs            integral                             32    'd1              
          num_last_rsps            integral                             32    'd1              
        bdrv                       uvm_driver #(REQ,RSP)                -     @4010            
          item_read_imp            uvm_analysis_port                    -     @4039            
          rsp_port                 uvm_analysis_port                    -     @4029            
          seq_item_port            uvm_seq_item_pull_port               -     @4019            
          m_num_sent               integral                             32    'h0              
        bsqr                       axi_sequencer                        -     @4049            
          rsp_export               uvm_analysis_export                  -     @4058            
          seq_item_export          uvm_seq_item_pull_imp                -     @4176            
          arbitration_queue        array                                0     -                
          lock_queue               array                                0     -                
          num_last_reqs            integral                             32    'd1              
          num_last_rsps            integral                             32    'd1              
        rdrv                       uvm_driver #(REQ,RSP)                -     @4362            
          item_read_imp            uvm_analysis_port                    -     @4391            
          rsp_port                 uvm_analysis_port                    -     @4381            
          seq_item_port            uvm_seq_item_pull_port               -     @4371            
          m_num_sent               integral                             32    'h0              
        rsqr                       axi_sequencer                        -     @4401            
          rsp_export               uvm_analysis_export                  -     @4410            
          seq_item_export          uvm_seq_item_pull_imp                -     @4528            
          arbitration_queue        array                                0     -                
          lock_queue               array                                0     -                
          num_last_reqs            integral                             32    'd1              
          num_last_rsps            integral                             32    'd1              
        wdrv                       uvm_driver #(REQ,RSP)                -     @3834            
          item_read_imp            uvm_analysis_port                    -     @3863            
          rsp_port                 uvm_analysis_port                    -     @3853            
          seq_item_port            uvm_seq_item_pull_port               -     @3843            
          m_num_sent               integral                             32    'h0              
        wsqr                       axi_sequencer                        -     @3873            
          rsp_export               uvm_analysis_export                  -     @3882            
          seq_item_export          uvm_seq_item_pull_imp                -     @4000            
          arbitration_queue        array                                0     -                
          lock_queue               array                                0     -                
          num_last_reqs            integral                             32    'd1              
          num_last_rsps            integral                             32    'd1              
      state                        axi_state                            -     @3410            
        ar2r_imp                   uvm_analysis_imp_ar2r                -     @3479            
        ar_imp                     uvm_analysis_imp_ar                  -     @3449            
        aw2b_imp                   uvm_analysis_imp_aw2b                -     @3469            
        aw_imp                     uvm_analysis_imp_aw                  -     @3419            
        b_imp                      uvm_analysis_imp_b                   -     @3439            
        item_rtr_port              uvm_analysis_port                    -     @3499            
        item_wtr_port              uvm_analysis_port                    -     @3489            
        r_imp                      uvm_analysis_imp_r                   -     @3459            
        w_imp                      uvm_analysis_imp_w                   -     @3429            
        avg_rate                   integral                             32    'h0              
        exp_rate                   integral                             32    'h0              
        win_size                   integral                             32    'h0              
        bqnum_for_slaseq           integral                             32    'h0              
        rq_from_model_num          integral                             32    'h0              
      vsqr                         axi_virtual_sequencer                -     @3518            
        rsp_export                 uvm_analysis_export                  -     @3527            
        seq_item_export            uvm_seq_item_pull_imp                -     @3645            
        arbitration_queue          array                                0     -                
        lock_queue                 array                                0     -                
        num_last_reqs              integral                             32    'd1              
        num_last_rsps              integral                             32    'd1              
      cfg                          axi_cfg                              -     @399             
        has_checker                integral                             1     'h1              
        has_coverage               integral                             1     'h1              
        id_num                     integral                             32    'h1              
        reset_level                reset_level_enum                     32    RESET_LEVEL_LOW  
        drv_type                   drv_type_enum                        32    SLAVE            
        write_latency_mode         latency_mode_enum                    32    TRANSACTION_FIRST
        read_latency_mode          latency_mode_enum                    32    TRANSACTION_FIRST
        clatency                   axi_latency                          -     @403             
          wr_latency               integral                             32    'h0              
          rd_latency               integral                             32    'h0              
    axi_master_gmem_out            uvm_env                              -     @439             
      item_rtr_port                uvm_analysis_port                    -     @458             
      item_wtr_port                uvm_analysis_port                    -     @448             
      monitor                      uvm_monitor                          -     @4609            
        item_ar2r_port             uvm_analysis_port                    -     @4678            
        item_ar_port               uvm_analysis_port                    -     @4648            
        item_aw2b_port             uvm_analysis_port                    -     @4668            
        item_aw_port               uvm_analysis_port                    -     @4618            
        item_b_port                uvm_analysis_port                    -     @4638            
        item_r_port                uvm_analysis_port                    -     @4658            
        item_w_port                uvm_analysis_port                    -     @4628            
        checks_enable              integral                             1     'h1              
        coverage_enable            integral                             1     'h1              
      slave                        uvm_agent                            -     @4787            
        ardrv                      uvm_driver #(REQ,RSP)                -     @5464            
          item_read_imp            uvm_analysis_port                    -     @5493            
          rsp_port                 uvm_analysis_port                    -     @5483            
          seq_item_port            uvm_seq_item_pull_port               -     @5473            
          m_num_sent               integral                             32    'h0              
        arsqr                      axi_sequencer                        -     @5503            
          rsp_export               uvm_analysis_export                  -     @5512            
          seq_item_export          uvm_seq_item_pull_imp                -     @5630            
          arbitration_queue        array                                0     -                
          lock_queue               array                                0     -                
          num_last_reqs            integral                             32    'd1              
          num_last_rsps            integral                             32    'd1              
        awdrv                      uvm_driver #(REQ,RSP)                -     @4936            
          item_read_imp            uvm_analysis_port                    -     @4965            
          rsp_port                 uvm_analysis_port                    -     @4955            
          seq_item_port            uvm_seq_item_pull_port               -     @4945            
          m_num_sent               integral                             32    'h0              
        awsqr                      axi_sequencer                        -     @4975            
          rsp_export               uvm_analysis_export                  -     @4984            
          seq_item_export          uvm_seq_item_pull_imp                -     @5102            
          arbitration_queue        array                                0     -                
          lock_queue               array                                0     -                
          num_last_reqs            integral                             32    'd1              
          num_last_rsps            integral                             32    'd1              
        bdrv                       uvm_driver #(REQ,RSP)                -     @5288            
          item_read_imp            uvm_analysis_port                    -     @5317            
          rsp_port                 uvm_analysis_port                    -     @5307            
          seq_item_port            uvm_seq_item_pull_port               -     @5297            
          m_num_sent               integral                             32    'h0              
        bsqr                       axi_sequencer                        -     @5327            
          rsp_export               uvm_analysis_export                  -     @5336            
          seq_item_export          uvm_seq_item_pull_imp                -     @5454            
          arbitration_queue        array                                0     -                
          lock_queue               array                                0     -                
          num_last_reqs            integral                             32    'd1              
          num_last_rsps            integral                             32    'd1              
        rdrv                       uvm_driver #(REQ,RSP)                -     @5640            
          item_read_imp            uvm_analysis_port                    -     @5669            
          rsp_port                 uvm_analysis_port                    -     @5659            
          seq_item_port            uvm_seq_item_pull_port               -     @5649            
          m_num_sent               integral                             32    'h0              
        rsqr                       axi_sequencer                        -     @5679            
          rsp_export               uvm_analysis_export                  -     @5688            
          seq_item_export          uvm_seq_item_pull_imp                -     @5806            
          arbitration_queue        array                                0     -                
          lock_queue               array                                0     -                
          num_last_reqs            integral                             32    'd1              
          num_last_rsps            integral                             32    'd1              
        wdrv                       uvm_driver #(REQ,RSP)                -     @5112            
          item_read_imp            uvm_analysis_port                    -     @5141            
          rsp_port                 uvm_analysis_port                    -     @5131            
          seq_item_port            uvm_seq_item_pull_port               -     @5121            
          m_num_sent               integral                             32    'h0              
        wsqr                       axi_sequencer                        -     @5151            
          rsp_export               uvm_analysis_export                  -     @5160            
          seq_item_export          uvm_seq_item_pull_imp                -     @5278            
          arbitration_queue        array                                0     -                
          lock_queue               array                                0     -                
          num_last_reqs            integral                             32    'd1              
          num_last_rsps            integral                             32    'd1              
      state                        axi_state                            -     @4688            
        ar2r_imp                   uvm_analysis_imp_ar2r                -     @4757            
        ar_imp                     uvm_analysis_imp_ar                  -     @4727            
        aw2b_imp                   uvm_analysis_imp_aw2b                -     @4747            
        aw_imp                     uvm_analysis_imp_aw                  -     @4697            
        b_imp                      uvm_analysis_imp_b                   -     @4717            
        item_rtr_port              uvm_analysis_port                    -     @4777            
        item_wtr_port              uvm_analysis_port                    -     @4767            
        r_imp                      uvm_analysis_imp_r                   -     @4737            
        w_imp                      uvm_analysis_imp_w                   -     @4707            
        avg_rate                   integral                             32    'h0              
        exp_rate                   integral                             32    'h0              
        win_size                   integral                             32    'h0              
        bqnum_for_slaseq           integral                             32    'h0              
        rq_from_model_num          integral                             32    'h0              
      vsqr                         axi_virtual_sequencer                -     @4796            
        rsp_export                 uvm_analysis_export                  -     @4805            
        seq_item_export            uvm_seq_item_pull_imp                -     @4923            
        arbitration_queue          array                                0     -                
        lock_queue                 array                                0     -                
        num_last_reqs              integral                             32    'd1              
        num_last_rsps              integral                             32    'd1              
      cfg                          axi_cfg                              -     @400             
        has_checker                integral                             1     'h1              
        has_coverage               integral                             1     'h1              
        id_num                     integral                             32    'h1              
        reset_level                reset_level_enum                     32    RESET_LEVEL_LOW  
        drv_type                   drv_type_enum                        32    SLAVE            
        write_latency_mode         latency_mode_enum                    32    TRANSACTION_FIRST
        read_latency_mode          latency_mode_enum                    32    TRANSACTION_FIRST
        clatency                   axi_latency                          -     @437             
          wr_latency               integral                             32    'h0              
          rd_latency               integral                             32    'h0              
    refm                           vitis_convolution_reference_model    -     @530             
      trans_num_idx                integral                             32    'h0              
    subsys_mon                     vitis_convolution_subsystem_monitor  -     @543             
      control_r_rtr_imp            uvm_analysis_imp_axi_rtr_control_r   -     @602             
      control_r_wtr_imp            uvm_analysis_imp_axi_wtr_control_r   -     @592             
      control_rtr_imp              uvm_analysis_imp_axi_rtr_control     -     @622             
      control_wtr_imp              uvm_analysis_imp_axi_wtr_control     -     @612             
      gmem_in_rtr_imp              uvm_analysis_imp_axi_rtr_gmem_in     -     @562             
      gmem_in_wtr_imp              uvm_analysis_imp_axi_wtr_gmem_in     -     @552             
      gmem_out_rtr_imp             uvm_analysis_imp_axi_rtr_gmem_out    -     @582             
      gmem_out_wtr_imp             uvm_analysis_imp_axi_wtr_gmem_out    -     @572             
      scbd                         vitis_convolution_scoreboard         -     @5888            
        refm                       vitis_convolution_reference_model    -     @530             
          trans_num_idx            integral                             32    'h0              
    vitis_convolution_virtual_sqr  vitis_convolution_virtual_sequencer  -     @632             
      rsp_export                   uvm_analysis_export                  -     @641             
      seq_item_export              uvm_seq_item_pull_imp                -     @759             
      arbitration_queue            array                                0     -                
      lock_queue                   array                                0     -                
      num_last_reqs                integral                             32    'd1              
      num_last_rsps                integral                             32    'd1              
    refm                           vitis_convolution_reference_model    -     @530             
    vitis_convolution_virtual_sqr  vitis_convolution_virtual_sequencer  -     @632             
    vitis_convolution_cfg          vitis_convolution_config             -     @398             
      gmem_in_cfg                  axi_cfg                              -     @399             
        has_checker                integral                             1     'h1              
        has_coverage               integral                             1     'h1              
        id_num                     integral                             32    'h1              
        reset_level                reset_level_enum                     32    RESET_LEVEL_LOW  
        drv_type                   drv_type_enum                        32    SLAVE            
        write_latency_mode         latency_mode_enum                    32    TRANSACTION_FIRST
        read_latency_mode          latency_mode_enum                    32    TRANSACTION_FIRST
        clatency                   axi_latency                          -     @403             
          wr_latency               integral                             32    'h0              
          rd_latency               integral                             32    'h0              
      gmem_out_cfg                 axi_cfg                              -     @400             
        has_checker                integral                             1     'h1              
        has_coverage               integral                             1     'h1              
        id_num                     integral                             32    'h1              
        reset_level                reset_level_enum                     32    RESET_LEVEL_LOW  
        drv_type                   drv_type_enum                        32    SLAVE            
        write_latency_mode         latency_mode_enum                    32    TRANSACTION_FIRST
        read_latency_mode          latency_mode_enum                    32    TRANSACTION_FIRST
        clatency                   axi_latency                          -     @437             
          wr_latency               integral                             32    'h0              
          rd_latency               integral                             32    'h0              
      control_r_cfg                axi_cfg                              -     @401             
        has_checker                integral                             1     'h1              
        has_coverage               integral                             1     'h1              
        id_num                     integral                             32    'h1              
        reset_level                reset_level_enum                     32    RESET_LEVEL_LOW  
        drv_type                   drv_type_enum                        32    MASTER           
        write_latency_mode         latency_mode_enum                    32    CHANNEL_FIRST    
        read_latency_mode          latency_mode_enum                    32    CHANNEL_FIRST    
        clatency                   axi_latency                          -     @468             
          wr_latency               integral                             32    'h0              
          rd_latency               integral                             32    'h0              
      control_cfg                  axi_cfg                              -     @402             
        has_checker                integral                             1     'h1              
        has_coverage               integral                             1     'h1              
        id_num                     integral                             32    'h1              
        reset_level                reset_level_enum                     32    RESET_LEVEL_LOW  
        drv_type                   drv_type_enum                        32    MASTER           
        write_latency_mode         latency_mode_enum                    32    CHANNEL_FIRST    
        read_latency_mode          latency_mode_enum                    32    CHANNEL_FIRST    
        clatency                   axi_latency                          -     @499             
          wr_latency               integral                             32    'h0              
          rd_latency               integral                             32    'h0              
      check_ena                    integral                             32    'h0              
      cover_ena                    integral                             32    'h0              
-----------------------------------------------------------------------------------------------

UVM_INFO C:/AMDDesignTools/2025.2/Vivado/data/system_verilog/uvm_1.2/xlnx_uvm_package.sv(20867) @ 0: reporter [UVM/COMP/NAMECHECK] This implementation of the component name checks requires DPI to be enabled
////////////////////////////////////////////////////////////////////////////////////
// Inter-Transaction Progress: Completed Transaction / Total Transaction
// Intra-Transaction Progress: Measured Latency / Latency Estimation * 100%
//
// RTL Simulation : "Inter-Transaction Progress" ["Intra-Transaction Progress"] @ "Simulation Time"
////////////////////////////////////////////////////////////////////////////////////
// RTL Simulation : 0 / 1 [0.00%] @ "125000"
// RTL Simulation : 1 / 1 [100.00%] @ "862775000"
////////////////////////////////////////////////////////////////////////////////////
$finish called at time : 862845 ns : File "C:/AMDDesignTools/2025.2/Vivado/data/system_verilog/uvm_1.2/xlnx_uvm_package.sv" Line 18699
run: Time (s): cpu = 00:00:00 ; elapsed = 00:00:19 . Memory (MB): peak = 223.742 ; gain = 0.000
## quit
INFO: xsimkernel Simulation Memory Usage: 1192172 KB (Peak: 1192172 KB), Simulation CPU Usage: 18327 ms
INFO: [Common 17-206] Exiting xsim at Wed May 20 13:55:13 2026...
--- Start C-Simulatie voor 2D Convolutie ---
C-Simulatie succesvol afgerond!
INFO: [COSIM-1000] *** C/RTL co-simulation finished: PASS ***
INFO: [COSIM-211] II is measurable only when transaction number is greater than 1 in RTL simulation. Otherwise, they will be marked as all NA. If user wants to calculate them, please make sure there are at least 2 transactions in RTL simulation.
