

================================================================
== Vitis HLS Report for 'vitis_convolution'
================================================================
* Date:           Wed May 20 02:51:46 2026

* Version:        2025.2 (Build 6295257 on Nov 14 2025)
* Project:        2D_Convolutie
* Solution:       hls (Vivado IP Flow Target)
* Product family: zynq
* Target device:  xc7z020-clg400-1


================================================================
== Performance Estimates
================================================================
+ Timing: 
    * Summary: 
    +--------+----------+----------+------------+
    |  Clock |  Target  | Estimated| Uncertainty|
    +--------+----------+----------+------------+
    |ap_clk  |  10.00 ns|  7.300 ns|     2.70 ns|
    +--------+----------+----------+------------+

+ Latency: 
    * Summary: 
    +---------+---------+----------+----------+-------+-------+---------+
    |  Latency (cycles) |  Latency (absolute) |    Interval   | Pipeline|
    |   min   |   max   |    min   |    max   |  min  |  max  |   Type  |
    +---------+---------+----------+----------+-------+-------+---------+
    |    48701|    48701|  0.487 ms|  0.487 ms|  48702|  48702|       no|
    +---------+---------+----------+----------+-------+-------+---------+

    + Detail: 
        * Instance: 
        +-------------------------------------------------------------+--------------------------------------------------+---------+---------+----------+----------+-----+-----+-------------------+
        |                                                             |                                                  |  Latency (cycles) |  Latency (absolute) |  Interval |      Pipeline     |
        |                           Instance                          |                      Module                      |   min   |   max   |    min   |    max   | min | max |        Type       |
        +-------------------------------------------------------------+--------------------------------------------------+---------+---------+----------+----------+-----+-----+-------------------+
        |grp_vitis_convolution_Pipeline_Read_Rows_Read_Cols_fu_204    |vitis_convolution_Pipeline_Read_Rows_Read_Cols    |    16399|    16399|  0.164 ms|  0.164 ms|    0|    0|  loop pipeline stp|
        |grp_vitis_convolution_Pipeline_Conv_Rows_Conv_Cols_fu_230    |vitis_convolution_Pipeline_Conv_Rows_Conv_Cols    |    15896|    15896|  0.159 ms|  0.159 ms|    0|    0|  loop pipeline stp|
        |grp_vitis_convolution_Pipeline_Write_Rows_Write_Cols_fu_264  |vitis_convolution_Pipeline_Write_Rows_Write_Cols  |    16394|    16394|  0.164 ms|  0.164 ms|    0|    0|  loop pipeline stp|
        +-------------------------------------------------------------+--------------------------------------------------+---------+---------+----------+----------+-----+-----+-------------------+

        * Loop: 
        N/A



================================================================
== Utilization Estimates
================================================================
* Summary: 
+-----------------+---------+-----+--------+-------+-----+
|       Name      | BRAM_18K| DSP |   FF   |  LUT  | URAM|
+-----------------+---------+-----+--------+-------+-----+
|DSP              |        -|    -|       -|      -|    -|
|Expression       |        -|    -|       -|      -|    -|
|FIFO             |        -|    -|       -|      -|    -|
|Instance         |        2|    6|    3433|   4911|    -|
|Memory           |       17|    -|       0|      0|    0|
|Multiplexer      |        -|    -|       0|    533|    -|
|Register         |        -|    -|     216|      -|    -|
+-----------------+---------+-----+--------+-------+-----+
|Total            |       19|    6|    3649|   5444|    0|
+-----------------+---------+-----+--------+-------+-----+
|Available        |      280|  220|  106400|  53200|    0|
+-----------------+---------+-----+--------+-------+-----+
|Utilization (%)  |        6|    2|       3|     10|    0|
+-----------------+---------+-----+--------+-------+-----+

+ Detail: 
    * Instance: 
    +-------------------------------------------------------------+--------------------------------------------------+---------+----+-----+------+-----+
    |                           Instance                          |                      Module                      | BRAM_18K| DSP|  FF |  LUT | URAM|
    +-------------------------------------------------------------+--------------------------------------------------+---------+----+-----+------+-----+
    |control_r_s_axi_U                                            |control_r_s_axi                                   |        0|   0|  170|   296|    0|
    |control_s_axi_U                                              |control_s_axi                                     |        0|   0|  132|   112|    0|
    |gmem_in_m_axi_U                                              |gmem_in_m_axi                                     |        2|   0|  707|   777|    0|
    |gmem_out_m_axi_U                                             |gmem_out_m_axi                                    |        0|   0|  647|   768|    0|
    |grp_vitis_convolution_Pipeline_Conv_Rows_Conv_Cols_fu_230    |vitis_convolution_Pipeline_Conv_Rows_Conv_Cols    |        0|   5|  937|  1874|    0|
    |grp_vitis_convolution_Pipeline_Read_Rows_Read_Cols_fu_204    |vitis_convolution_Pipeline_Read_Rows_Read_Cols    |        0|   1|  703|   749|    0|
    |grp_vitis_convolution_Pipeline_Write_Rows_Write_Cols_fu_264  |vitis_convolution_Pipeline_Write_Rows_Write_Cols  |        0|   0|  137|   335|    0|
    +-------------------------------------------------------------+--------------------------------------------------+---------+----+-----+------+-----+
    |Total                                                        |                                                  |        2|   6| 3433|  4911|    0|
    +-------------------------------------------------------------+--------------------------------------------------+---------+----+-----+------+-----+

    * DSP: 
    N/A

    * Memory: 
    +--------------------------------------------------------+--------------------------------------------------------------------+---------+---+----+-----+-------+-----+------+-------------+
    |                         Memory                         |                               Module                               | BRAM_18K| FF| LUT| URAM| Words | Bits| Banks| W*Bits*Banks|
    +--------------------------------------------------------+--------------------------------------------------------------------+---------+---+----+-----+-------+-----+------+-------------+
    |local_output_U                                          |local_output_RAM_AUTO_1R1W                                          |        8|  0|   0|    0|  16384|    8|     1|       131072|
    |p_ZZ17vitis_convolutionPVhPVcPA3_cE11local_input_0_0_U  |p_ZZ17vitis_convolutionPVhPVcPA3_cE11local_input_0_0_RAM_AUTO_1R1W  |        1|  0|   0|    0|   1849|    8|     1|        14792|
    |p_ZZ17vitis_convolutionPVhPVcPA3_cE11local_input_0_1_U  |p_ZZ17vitis_convolutionPVhPVcPA3_cE11local_input_0_0_RAM_AUTO_1R1W  |        1|  0|   0|    0|   1849|    8|     1|        14792|
    |p_ZZ17vitis_convolutionPVhPVcPA3_cE11local_input_0_2_U  |p_ZZ17vitis_convolutionPVhPVcPA3_cE11local_input_0_0_RAM_AUTO_1R1W  |        1|  0|   0|    0|   1849|    8|     1|        14792|
    |p_ZZ17vitis_convolutionPVhPVcPA3_cE11local_input_1_0_U  |p_ZZ17vitis_convolutionPVhPVcPA3_cE11local_input_0_0_RAM_AUTO_1R1W  |        1|  0|   0|    0|   1849|    8|     1|        14792|
    |p_ZZ17vitis_convolutionPVhPVcPA3_cE11local_input_1_1_U  |p_ZZ17vitis_convolutionPVhPVcPA3_cE11local_input_0_0_RAM_AUTO_1R1W  |        1|  0|   0|    0|   1849|    8|     1|        14792|
    |p_ZZ17vitis_convolutionPVhPVcPA3_cE11local_input_1_2_U  |p_ZZ17vitis_convolutionPVhPVcPA3_cE11local_input_0_0_RAM_AUTO_1R1W  |        1|  0|   0|    0|   1849|    8|     1|        14792|
    |p_ZZ17vitis_convolutionPVhPVcPA3_cE11local_input_2_0_U  |p_ZZ17vitis_convolutionPVhPVcPA3_cE11local_input_0_0_RAM_AUTO_1R1W  |        1|  0|   0|    0|   1849|    8|     1|        14792|
    |p_ZZ17vitis_convolutionPVhPVcPA3_cE11local_input_2_1_U  |p_ZZ17vitis_convolutionPVhPVcPA3_cE11local_input_0_0_RAM_AUTO_1R1W  |        1|  0|   0|    0|   1849|    8|     1|        14792|
    |p_ZZ17vitis_convolutionPVhPVcPA3_cE11local_input_2_2_U  |p_ZZ17vitis_convolutionPVhPVcPA3_cE11local_input_0_0_RAM_AUTO_1R1W  |        1|  0|   0|    0|   1849|    8|     1|        14792|
    +--------------------------------------------------------+--------------------------------------------------------------------+---------+---+----+-----+-------+-----+------+-------------+
    |Total                                                   |                                                                    |       17|  0|   0|    0|  33025|   80|    10|       264200|
    +--------------------------------------------------------+--------------------------------------------------------------------+---------+---+----+-----+-------+-----+------+-------------+

    * FIFO: 
    N/A

    * Expression: 
    N/A

    * Multiplexer: 
    +---------------------------------------------------------------+----+-----------+-----+-----------+
    |                              Name                             | LUT| Input Size| Bits| Total Bits|
    +---------------------------------------------------------------+----+-----------+-----+-----------+
    |ap_NS_fsm                                                      |  65|         14|    1|         14|
    |gmem_in_0_ARVALID                                              |   9|          2|    1|          2|
    |gmem_in_0_RREADY                                               |   9|          2|    1|          2|
    |gmem_out_0_AWVALID                                             |   9|          2|    1|          2|
    |gmem_out_0_BREADY                                              |   9|          2|    1|          2|
    |gmem_out_0_WVALID                                              |   9|          2|    1|          2|
    |kernel_address0_local                                          |  53|         10|    4|         40|
    |local_output_address0                                          |  14|          3|   14|         42|
    |local_output_ce0                                               |  14|          3|    1|          3|
    |local_output_we0                                               |   9|          2|    1|          2|
    |p_ZZ17vitis_convolutionPVhPVcPA3_cE11local_input_0_0_address0  |  14|          3|   11|         33|
    |p_ZZ17vitis_convolutionPVhPVcPA3_cE11local_input_0_0_ce0       |  14|          3|    1|          3|
    |p_ZZ17vitis_convolutionPVhPVcPA3_cE11local_input_0_0_we0       |   9|          2|    1|          2|
    |p_ZZ17vitis_convolutionPVhPVcPA3_cE11local_input_0_1_address0  |  14|          3|   11|         33|
    |p_ZZ17vitis_convolutionPVhPVcPA3_cE11local_input_0_1_ce0       |  14|          3|    1|          3|
    |p_ZZ17vitis_convolutionPVhPVcPA3_cE11local_input_0_1_we0       |   9|          2|    1|          2|
    |p_ZZ17vitis_convolutionPVhPVcPA3_cE11local_input_0_2_address0  |  14|          3|   11|         33|
    |p_ZZ17vitis_convolutionPVhPVcPA3_cE11local_input_0_2_ce0       |  14|          3|    1|          3|
    |p_ZZ17vitis_convolutionPVhPVcPA3_cE11local_input_0_2_we0       |   9|          2|    1|          2|
    |p_ZZ17vitis_convolutionPVhPVcPA3_cE11local_input_1_0_address0  |  14|          3|   11|         33|
    |p_ZZ17vitis_convolutionPVhPVcPA3_cE11local_input_1_0_ce0       |  14|          3|    1|          3|
    |p_ZZ17vitis_convolutionPVhPVcPA3_cE11local_input_1_0_we0       |   9|          2|    1|          2|
    |p_ZZ17vitis_convolutionPVhPVcPA3_cE11local_input_1_1_address0  |  14|          3|   11|         33|
    |p_ZZ17vitis_convolutionPVhPVcPA3_cE11local_input_1_1_ce0       |  14|          3|    1|          3|
    |p_ZZ17vitis_convolutionPVhPVcPA3_cE11local_input_1_1_we0       |   9|          2|    1|          2|
    |p_ZZ17vitis_convolutionPVhPVcPA3_cE11local_input_1_2_address0  |  14|          3|   11|         33|
    |p_ZZ17vitis_convolutionPVhPVcPA3_cE11local_input_1_2_ce0       |  14|          3|    1|          3|
    |p_ZZ17vitis_convolutionPVhPVcPA3_cE11local_input_1_2_we0       |   9|          2|    1|          2|
    |p_ZZ17vitis_convolutionPVhPVcPA3_cE11local_input_2_0_address0  |  14|          3|   11|         33|
    |p_ZZ17vitis_convolutionPVhPVcPA3_cE11local_input_2_0_ce0       |  14|          3|    1|          3|
    |p_ZZ17vitis_convolutionPVhPVcPA3_cE11local_input_2_0_we0       |   9|          2|    1|          2|
    |p_ZZ17vitis_convolutionPVhPVcPA3_cE11local_input_2_1_address0  |  14|          3|   11|         33|
    |p_ZZ17vitis_convolutionPVhPVcPA3_cE11local_input_2_1_ce0       |  14|          3|    1|          3|
    |p_ZZ17vitis_convolutionPVhPVcPA3_cE11local_input_2_1_we0       |   9|          2|    1|          2|
    |p_ZZ17vitis_convolutionPVhPVcPA3_cE11local_input_2_2_address0  |  14|          3|   11|         33|
    |p_ZZ17vitis_convolutionPVhPVcPA3_cE11local_input_2_2_ce0       |  14|          3|    1|          3|
    |p_ZZ17vitis_convolutionPVhPVcPA3_cE11local_input_2_2_we0       |   9|          2|    1|          2|
    +---------------------------------------------------------------+----+-----------+-----+-----------+
    |Total                                                          | 533|        114|  143|        453|
    +---------------------------------------------------------------+----+-----------+-----+-----------+

    * Register: 
    +--------------------------------------------------------------------------+----+----+-----+-----------+
    |                                   Name                                   | FF | LUT| Bits| Const Bits|
    +--------------------------------------------------------------------------+----+----+-----+-----------+
    |ap_CS_fsm                                                                 |  13|   0|   13|          0|
    |grp_vitis_convolution_Pipeline_Conv_Rows_Conv_Cols_fu_230_ap_start_reg    |   1|   0|    1|          0|
    |grp_vitis_convolution_Pipeline_Read_Rows_Read_Cols_fu_204_ap_start_reg    |   1|   0|    1|          0|
    |grp_vitis_convolution_Pipeline_Write_Rows_Write_Cols_fu_264_ap_start_reg  |   1|   0|    1|          0|
    |input_img_read_reg_343                                                    |  64|   0|   64|          0|
    |kernel_load_1_reg_293                                                     |   8|   0|    8|          0|
    |kernel_load_2_reg_303                                                     |   8|   0|    8|          0|
    |kernel_load_3_reg_313                                                     |   8|   0|    8|          0|
    |kernel_load_4_reg_323                                                     |   8|   0|    8|          0|
    |kernel_load_5_reg_333                                                     |   8|   0|    8|          0|
    |kernel_load_6_reg_353                                                     |   8|   0|    8|          0|
    |kernel_load_7_reg_363                                                     |   8|   0|    8|          0|
    |kernel_load_8_reg_368                                                     |   8|   0|    8|          0|
    |kernel_load_reg_283                                                       |   8|   0|    8|          0|
    |output_img_read_reg_338                                                   |  64|   0|   64|          0|
    +--------------------------------------------------------------------------+----+----+-----+-----------+
    |Total                                                                     | 216|   0|  216|          0|
    +--------------------------------------------------------------------------+----+----+-----+-----------+



================================================================
== Interface
================================================================
* Summary: 
+-------------------------+-----+-----+------------+-------------------+--------------+
|        RTL Ports        | Dir | Bits|  Protocol  |   Source Object   |    C Type    |
+-------------------------+-----+-----+------------+-------------------+--------------+
|s_axi_control_AWVALID    |   in|    1|       s_axi|            control|         array|
|s_axi_control_AWREADY    |  out|    1|       s_axi|            control|         array|
|s_axi_control_AWADDR     |   in|    5|       s_axi|            control|         array|
|s_axi_control_WVALID     |   in|    1|       s_axi|            control|         array|
|s_axi_control_WREADY     |  out|    1|       s_axi|            control|         array|
|s_axi_control_WDATA      |   in|   32|       s_axi|            control|         array|
|s_axi_control_WSTRB      |   in|    4|       s_axi|            control|         array|
|s_axi_control_ARVALID    |   in|    1|       s_axi|            control|         array|
|s_axi_control_ARREADY    |  out|    1|       s_axi|            control|         array|
|s_axi_control_ARADDR     |   in|    5|       s_axi|            control|         array|
|s_axi_control_RVALID     |  out|    1|       s_axi|            control|         array|
|s_axi_control_RREADY     |   in|    1|       s_axi|            control|         array|
|s_axi_control_RDATA      |  out|   32|       s_axi|            control|         array|
|s_axi_control_RRESP      |  out|    2|       s_axi|            control|         array|
|s_axi_control_BVALID     |  out|    1|       s_axi|            control|         array|
|s_axi_control_BREADY     |   in|    1|       s_axi|            control|         array|
|s_axi_control_BRESP      |  out|    2|       s_axi|            control|         array|
|s_axi_control_r_AWVALID  |   in|    1|       s_axi|          control_r|        scalar|
|s_axi_control_r_AWREADY  |  out|    1|       s_axi|          control_r|        scalar|
|s_axi_control_r_AWADDR   |   in|    6|       s_axi|          control_r|        scalar|
|s_axi_control_r_WVALID   |   in|    1|       s_axi|          control_r|        scalar|
|s_axi_control_r_WREADY   |  out|    1|       s_axi|          control_r|        scalar|
|s_axi_control_r_WDATA    |   in|   32|       s_axi|          control_r|        scalar|
|s_axi_control_r_WSTRB    |   in|    4|       s_axi|          control_r|        scalar|
|s_axi_control_r_ARVALID  |   in|    1|       s_axi|          control_r|        scalar|
|s_axi_control_r_ARREADY  |  out|    1|       s_axi|          control_r|        scalar|
|s_axi_control_r_ARADDR   |   in|    6|       s_axi|          control_r|        scalar|
|s_axi_control_r_RVALID   |  out|    1|       s_axi|          control_r|        scalar|
|s_axi_control_r_RREADY   |   in|    1|       s_axi|          control_r|        scalar|
|s_axi_control_r_RDATA    |  out|   32|       s_axi|          control_r|        scalar|
|s_axi_control_r_RRESP    |  out|    2|       s_axi|          control_r|        scalar|
|s_axi_control_r_BVALID   |  out|    1|       s_axi|          control_r|        scalar|
|s_axi_control_r_BREADY   |   in|    1|       s_axi|          control_r|        scalar|
|s_axi_control_r_BRESP    |  out|    2|       s_axi|          control_r|        scalar|
|ap_clk                   |   in|    1|  ap_ctrl_hs|  vitis_convolution|  return value|
|ap_rst_n                 |   in|    1|  ap_ctrl_hs|  vitis_convolution|  return value|
|interrupt                |  out|    1|  ap_ctrl_hs|  vitis_convolution|  return value|
|m_axi_gmem_in_AWVALID    |  out|    1|       m_axi|            gmem_in|       pointer|
|m_axi_gmem_in_AWREADY    |   in|    1|       m_axi|            gmem_in|       pointer|
|m_axi_gmem_in_AWADDR     |  out|   64|       m_axi|            gmem_in|       pointer|
|m_axi_gmem_in_AWID       |  out|    1|       m_axi|            gmem_in|       pointer|
|m_axi_gmem_in_AWLEN      |  out|    8|       m_axi|            gmem_in|       pointer|
|m_axi_gmem_in_AWSIZE     |  out|    3|       m_axi|            gmem_in|       pointer|
|m_axi_gmem_in_AWBURST    |  out|    2|       m_axi|            gmem_in|       pointer|
|m_axi_gmem_in_AWLOCK     |  out|    2|       m_axi|            gmem_in|       pointer|
|m_axi_gmem_in_AWCACHE    |  out|    4|       m_axi|            gmem_in|       pointer|
|m_axi_gmem_in_AWPROT     |  out|    3|       m_axi|            gmem_in|       pointer|
|m_axi_gmem_in_AWQOS      |  out|    4|       m_axi|            gmem_in|       pointer|
|m_axi_gmem_in_AWREGION   |  out|    4|       m_axi|            gmem_in|       pointer|
|m_axi_gmem_in_AWUSER     |  out|    1|       m_axi|            gmem_in|       pointer|
|m_axi_gmem_in_WVALID     |  out|    1|       m_axi|            gmem_in|       pointer|
|m_axi_gmem_in_WREADY     |   in|    1|       m_axi|            gmem_in|       pointer|
|m_axi_gmem_in_WDATA      |  out|   32|       m_axi|            gmem_in|       pointer|
|m_axi_gmem_in_WSTRB      |  out|    4|       m_axi|            gmem_in|       pointer|
|m_axi_gmem_in_WLAST      |  out|    1|       m_axi|            gmem_in|       pointer|
|m_axi_gmem_in_WID        |  out|    1|       m_axi|            gmem_in|       pointer|
|m_axi_gmem_in_WUSER      |  out|    1|       m_axi|            gmem_in|       pointer|
|m_axi_gmem_in_ARVALID    |  out|    1|       m_axi|            gmem_in|       pointer|
|m_axi_gmem_in_ARREADY    |   in|    1|       m_axi|            gmem_in|       pointer|
|m_axi_gmem_in_ARADDR     |  out|   64|       m_axi|            gmem_in|       pointer|
|m_axi_gmem_in_ARID       |  out|    1|       m_axi|            gmem_in|       pointer|
|m_axi_gmem_in_ARLEN      |  out|    8|       m_axi|            gmem_in|       pointer|
|m_axi_gmem_in_ARSIZE     |  out|    3|       m_axi|            gmem_in|       pointer|
|m_axi_gmem_in_ARBURST    |  out|    2|       m_axi|            gmem_in|       pointer|
|m_axi_gmem_in_ARLOCK     |  out|    2|       m_axi|            gmem_in|       pointer|
|m_axi_gmem_in_ARCACHE    |  out|    4|       m_axi|            gmem_in|       pointer|
|m_axi_gmem_in_ARPROT     |  out|    3|       m_axi|            gmem_in|       pointer|
|m_axi_gmem_in_ARQOS      |  out|    4|       m_axi|            gmem_in|       pointer|
|m_axi_gmem_in_ARREGION   |  out|    4|       m_axi|            gmem_in|       pointer|
|m_axi_gmem_in_ARUSER     |  out|    1|       m_axi|            gmem_in|       pointer|
|m_axi_gmem_in_RVALID     |   in|    1|       m_axi|            gmem_in|       pointer|
|m_axi_gmem_in_RREADY     |  out|    1|       m_axi|            gmem_in|       pointer|
|m_axi_gmem_in_RDATA      |   in|   32|       m_axi|            gmem_in|       pointer|
|m_axi_gmem_in_RLAST      |   in|    1|       m_axi|            gmem_in|       pointer|
|m_axi_gmem_in_RID        |   in|    1|       m_axi|            gmem_in|       pointer|
|m_axi_gmem_in_RUSER      |   in|    1|       m_axi|            gmem_in|       pointer|
|m_axi_gmem_in_RRESP      |   in|    2|       m_axi|            gmem_in|       pointer|
|m_axi_gmem_in_BVALID     |   in|    1|       m_axi|            gmem_in|       pointer|
|m_axi_gmem_in_BREADY     |  out|    1|       m_axi|            gmem_in|       pointer|
|m_axi_gmem_in_BRESP      |   in|    2|       m_axi|            gmem_in|       pointer|
|m_axi_gmem_in_BID        |   in|    1|       m_axi|            gmem_in|       pointer|
|m_axi_gmem_in_BUSER      |   in|    1|       m_axi|            gmem_in|       pointer|
|m_axi_gmem_out_AWVALID   |  out|    1|       m_axi|           gmem_out|       pointer|
|m_axi_gmem_out_AWREADY   |   in|    1|       m_axi|           gmem_out|       pointer|
|m_axi_gmem_out_AWADDR    |  out|   64|       m_axi|           gmem_out|       pointer|
|m_axi_gmem_out_AWID      |  out|    1|       m_axi|           gmem_out|       pointer|
|m_axi_gmem_out_AWLEN     |  out|    8|       m_axi|           gmem_out|       pointer|
|m_axi_gmem_out_AWSIZE    |  out|    3|       m_axi|           gmem_out|       pointer|
|m_axi_gmem_out_AWBURST   |  out|    2|       m_axi|           gmem_out|       pointer|
|m_axi_gmem_out_AWLOCK    |  out|    2|       m_axi|           gmem_out|       pointer|
|m_axi_gmem_out_AWCACHE   |  out|    4|       m_axi|           gmem_out|       pointer|
|m_axi_gmem_out_AWPROT    |  out|    3|       m_axi|           gmem_out|       pointer|
|m_axi_gmem_out_AWQOS     |  out|    4|       m_axi|           gmem_out|       pointer|
|m_axi_gmem_out_AWREGION  |  out|    4|       m_axi|           gmem_out|       pointer|
|m_axi_gmem_out_AWUSER    |  out|    1|       m_axi|           gmem_out|       pointer|
|m_axi_gmem_out_WVALID    |  out|    1|       m_axi|           gmem_out|       pointer|
|m_axi_gmem_out_WREADY    |   in|    1|       m_axi|           gmem_out|       pointer|
|m_axi_gmem_out_WDATA     |  out|   32|       m_axi|           gmem_out|       pointer|
|m_axi_gmem_out_WSTRB     |  out|    4|       m_axi|           gmem_out|       pointer|
|m_axi_gmem_out_WLAST     |  out|    1|       m_axi|           gmem_out|       pointer|
|m_axi_gmem_out_WID       |  out|    1|       m_axi|           gmem_out|       pointer|
|m_axi_gmem_out_WUSER     |  out|    1|       m_axi|           gmem_out|       pointer|
|m_axi_gmem_out_ARVALID   |  out|    1|       m_axi|           gmem_out|       pointer|
|m_axi_gmem_out_ARREADY   |   in|    1|       m_axi|           gmem_out|       pointer|
|m_axi_gmem_out_ARADDR    |  out|   64|       m_axi|           gmem_out|       pointer|
|m_axi_gmem_out_ARID      |  out|    1|       m_axi|           gmem_out|       pointer|
|m_axi_gmem_out_ARLEN     |  out|    8|       m_axi|           gmem_out|       pointer|
|m_axi_gmem_out_ARSIZE    |  out|    3|       m_axi|           gmem_out|       pointer|
|m_axi_gmem_out_ARBURST   |  out|    2|       m_axi|           gmem_out|       pointer|
|m_axi_gmem_out_ARLOCK    |  out|    2|       m_axi|           gmem_out|       pointer|
|m_axi_gmem_out_ARCACHE   |  out|    4|       m_axi|           gmem_out|       pointer|
|m_axi_gmem_out_ARPROT    |  out|    3|       m_axi|           gmem_out|       pointer|
|m_axi_gmem_out_ARQOS     |  out|    4|       m_axi|           gmem_out|       pointer|
|m_axi_gmem_out_ARREGION  |  out|    4|       m_axi|           gmem_out|       pointer|
|m_axi_gmem_out_ARUSER    |  out|    1|       m_axi|           gmem_out|       pointer|
|m_axi_gmem_out_RVALID    |   in|    1|       m_axi|           gmem_out|       pointer|
|m_axi_gmem_out_RREADY    |  out|    1|       m_axi|           gmem_out|       pointer|
|m_axi_gmem_out_RDATA     |   in|   32|       m_axi|           gmem_out|       pointer|
|m_axi_gmem_out_RLAST     |   in|    1|       m_axi|           gmem_out|       pointer|
|m_axi_gmem_out_RID       |   in|    1|       m_axi|           gmem_out|       pointer|
|m_axi_gmem_out_RUSER     |   in|    1|       m_axi|           gmem_out|       pointer|
|m_axi_gmem_out_RRESP     |   in|    2|       m_axi|           gmem_out|       pointer|
|m_axi_gmem_out_BVALID    |   in|    1|       m_axi|           gmem_out|       pointer|
|m_axi_gmem_out_BREADY    |  out|    1|       m_axi|           gmem_out|       pointer|
|m_axi_gmem_out_BRESP     |   in|    2|       m_axi|           gmem_out|       pointer|
|m_axi_gmem_out_BID       |   in|    1|       m_axi|           gmem_out|       pointer|
|m_axi_gmem_out_BUSER     |   in|    1|       m_axi|           gmem_out|       pointer|
+-------------------------+-----+-----+------------+-------------------+--------------+

